2025-11-14 23:23:58-0500: Running with following config:
logDir = analysis_logs
maxVisits = 500
nnCacheSizePowerOfTwo = 23
nnMaxBatchSize = 64
nnMutexPoolSizePowerOfTwo = 17
nnRandomize = true
numAnalysisThreads = 2
numSearchThreads = 16
reportAnalysisWinratesAs = BLACK

2025-11-14 23:23:58-0500: Analysis Engine starting...
2025-11-14 23:23:58-0500: KataGo v1.16.4
2025-11-14 23:23:58-0500: nnRandSeed0 = 10127845695039622721
2025-11-14 23:23:58-0500: After dedups: nnModelFile0 = ../../katago_repo/run/kata1-b28c512nbt-s11653980416-d5514111622.bin.gz useFP16 auto useNHWC auto
2025-11-14 23:23:58-0500: Initializing neural net buffer to be size 19 * 19 allowing smaller boards
2025-11-14 23:24:01-0500: Found OpenCL Platform 0: NVIDIA CUDA (NVIDIA Corporation) (OpenCL 3.0 CUDA 12.8.98)
2025-11-14 23:24:01-0500: Found 1 device(s) on platform 0 with type CPU or GPU or Accelerator
2025-11-14 23:24:01-0500: Found OpenCL Device 0: NVIDIA RTX 6000 Ada Generation (NVIDIA Corporation) (score 11000300)
2025-11-14 23:24:01-0500: Creating context for OpenCL Platform: NVIDIA CUDA (NVIDIA Corporation) (OpenCL 3.0 CUDA 12.8.98)
2025-11-14 23:24:02-0500: Using OpenCL Device 0: NVIDIA RTX 6000 Ada Generation (NVIDIA Corporation) OpenCL 3.0 CUDA (Extensions: cl_khr_global_int32_base_atomics cl_khr_global_int32_extended_atomics cl_khr_local_int32_base_atomics cl_khr_local_int32_extended_atomics cl_khr_fp64 cl_khr_3d_image_writes cl_khr_byte_addressable_store cl_khr_icd cl_khr_gl_sharing cl_nv_compiler_options cl_nv_device_attribute_query cl_nv_pragma_unroll cl_nv_copy_opts cl_khr_gl_event cl_nv_create_buffer cl_khr_int64_base_atomics cl_khr_int64_extended_atomics cl_nv_kernel_attribute cl_khr_device_uuid cl_khr_pci_bus_info cl_khr_external_semaphore cl_khr_external_memory cl_khr_external_semaphore_opaque_fd cl_khr_external_memory_opaque_fd cl_khr_semaphore)
2025-11-14 23:24:02-0500: Loaded tuning parameters from: /thayerfs/home/f004h1v/.katago/opencltuning/tune11_gpuNVIDIARTX6000AdaGeneration_x19_y19_c512_mv15.txt
2025-11-14 23:24:02-0500: OpenCL backend thread 0: Model version 15
2025-11-14 23:24:02-0500: OpenCL backend thread 0: Model name: kata1-b28c512nbt-s11653980416-d5514111622
2025-11-14 23:24:05-0500: OpenCL backend thread 0: FP16Storage true FP16Compute false FP16TensorCores true FP16TensorCoresFor1x1 false
2025-11-14 23:24:05-0500: Loaded config ../../katago_repo/run/analysis.cfg
2025-11-14 23:24:05-0500: Loaded model ../../katago_repo/run/kata1-b28c512nbt-s11653980416-d5514111622.bin.gz
2025-11-14 23:24:05-0500: Analyzing up to 2 positions at a time in parallel
2025-11-14 23:24:05-0500: Started, ready to begin handling requests
2025-11-14 23:28:43-0500: Error: {"error":"Illegal move 145: J9","field":"moves","id":"query_30"}
2025-11-14 23:28:43-0500: Error: {"error":"Illegal move 145: J9","field":"moves","id":"query_31"}
2025-11-14 23:28:43-0500: Error: {"error":"Illegal move 145: J9","field":"moves","id":"query_32"}
2025-11-14 23:28:43-0500: Error: {"error":"Illegal move 145: J9","field":"moves","id":"query_33"}
2025-11-14 23:28:43-0500: Error: {"error":"Illegal move 145: J9","field":"moves","id":"query_34"}
2025-11-14 23:28:43-0500: Error: {"error":"Illegal move 145: J9","field":"moves","id":"query_35"}
2025-11-14 23:28:43-0500: Error: {"error":"Illegal move 145: J9","field":"moves","id":"query_36"}
2025-11-14 23:28:43-0500: Error: {"error":"Illegal move 145: J9","field":"moves","id":"query_37"}
2025-11-14 23:28:43-0500: Error: {"error":"Illegal move 145: J9","field":"moves","id":"query_38"}
2025-11-14 23:28:43-0500: Error: {"error":"Illegal move 145: J9","field":"moves","id":"query_39"}
2025-11-14 23:28:43-0500: Error: {"error":"Illegal move 145: J9","field":"moves","id":"query_40"}
2025-11-14 23:28:43-0500: Error: {"error":"Illegal move 145: J9","field":"moves","id":"query_41"}
2025-11-14 23:28:43-0500: Error: {"error":"Illegal move 145: J9","field":"moves","id":"query_42"}
2025-11-14 23:28:43-0500: Error: {"error":"Illegal move 145: J9","field":"moves","id":"query_43"}
2025-11-14 23:28:43-0500: Error: {"error":"Illegal move 145: J9","field":"moves","id":"query_44"}
2025-11-14 23:28:43-0500: Error: {"error":"Illegal move 145: J9","field":"moves","id":"query_45"}
2025-11-14 23:28:43-0500: Error: {"error":"Illegal move 145: J9","field":"moves","id":"query_46"}
2025-11-14 23:28:43-0500: Error: {"error":"Illegal move 145: J9","field":"moves","id":"query_47"}
2025-11-14 23:28:43-0500: Error: {"error":"Illegal move 145: J9","field":"moves","id":"query_48"}
2025-11-14 23:28:43-0500: Error: {"error":"Illegal move 145: J9","field":"moves","id":"query_49"}
2025-11-14 23:28:43-0500: Error: {"error":"Illegal move 145: J9","field":"moves","id":"query_50"}
2025-11-14 23:28:43-0500: Error: {"error":"Illegal move 145: J9","field":"moves","id":"query_51"}
2025-11-14 23:28:43-0500: Error: {"error":"Illegal move 145: J9","field":"moves","id":"query_52"}
2025-11-14 23:28:43-0500: Error: {"error":"Illegal move 145: J9","field":"moves","id":"query_53"}
2025-11-14 23:28:43-0500: Error: {"error":"Illegal move 145: J9","field":"moves","id":"query_54"}
2025-11-14 23:28:43-0500: Error: {"error":"Illegal move 145: J9","field":"moves","id":"query_55"}
2025-11-14 23:28:43-0500: Error: {"error":"Illegal move 145: J9","field":"moves","id":"query_56"}
2025-11-14 23:28:43-0500: Error: {"error":"Illegal move 145: J9","field":"moves","id":"query_57"}
2025-11-14 23:28:43-0500: Error: {"error":"Illegal move 145: J9","field":"moves","id":"query_58"}
2025-11-14 23:28:43-0500: Error: {"error":"Illegal move 145: J9","field":"moves","id":"query_59"}
2025-11-14 23:28:43-0500: Error: {"error":"Illegal move 145: J9","field":"moves","id":"query_60"}
2025-11-14 23:28:43-0500: Error: {"error":"Illegal move 145: J9","field":"moves","id":"query_61"}
2025-11-14 23:28:43-0500: Error: {"error":"Illegal move 145: J9","field":"moves","id":"query_62"}
2025-11-14 23:28:43-0500: Error: {"error":"Illegal move 145: J9","field":"moves","id":"query_63"}
2025-11-14 23:28:43-0500: Error: {"error":"Illegal move 145: J9","field":"moves","id":"query_64"}
2025-11-14 23:39:55-0500: Error: {"error":"Could not parse board location: A17","field":"moves","id":"query_156"}
2025-11-14 23:39:55-0500: Error: {"error":"Could not parse board location: A17","field":"moves","id":"query_157"}
2025-11-14 23:39:55-0500: Error: {"error":"Could not parse board location: A17","field":"moves","id":"query_158"}
2025-11-14 23:39:55-0500: Error: {"error":"Could not parse board location: A17","field":"moves","id":"query_159"}
2025-11-14 23:39:55-0500: Error: {"error":"Could not parse board location: A17","field":"moves","id":"query_160"}
2025-11-14 23:39:55-0500: Error: {"error":"Could not parse board location: A17","field":"moves","id":"query_161"}
2025-11-14 23:39:55-0500: Error: {"error":"Could not parse board location: A17","field":"moves","id":"query_162"}
2025-11-14 23:39:55-0500: Error: {"error":"Could not parse board location: A17","field":"moves","id":"query_163"}
2025-11-14 23:39:55-0500: Error: {"error":"Could not parse board location: A17","field":"moves","id":"query_164"}
2025-11-14 23:39:55-0500: Error: {"error":"Could not parse board location: A17","field":"moves","id":"query_165"}
2025-11-14 23:39:55-0500: Error: {"error":"Could not parse board location: A17","field":"moves","id":"query_166"}
2025-11-14 23:39:55-0500: Error: {"error":"Could not parse board location: A17","field":"moves","id":"query_167"}
2025-11-14 23:39:55-0500: Error: {"error":"Could not parse board location: A17","field":"moves","id":"query_168"}
2025-11-14 23:39:55-0500: Error: {"error":"Could not parse board location: A17","field":"moves","id":"query_169"}
2025-11-14 23:39:55-0500: Error: {"error":"Could not parse board location: A17","field":"moves","id":"query_170"}
2025-11-14 23:39:55-0500: Error: {"error":"Could not parse board location: A17","field":"moves","id":"query_171"}
2025-11-14 23:39:55-0500: Error: {"error":"Could not parse board location: A17","field":"moves","id":"query_172"}
2025-11-14 23:39:55-0500: Error: {"error":"Could not parse board location: A17","field":"moves","id":"query_173"}
2025-11-14 23:39:55-0500: Error: {"error":"Could not parse board location: A17","field":"moves","id":"query_174"}
2025-11-14 23:39:55-0500: Error: {"error":"Could not parse board location: A17","field":"moves","id":"query_175"}
2025-11-14 23:39:55-0500: Error: {"error":"Could not parse board location: A17","field":"moves","id":"query_176"}
2025-11-14 23:39:55-0500: Error: {"error":"Could not parse board location: A17","field":"moves","id":"query_177"}
2025-11-14 23:39:55-0500: Error: {"error":"Could not parse board location: A17","field":"moves","id":"query_178"}
2025-11-14 23:39:55-0500: Error: {"error":"Could not parse board location: A17","field":"moves","id":"query_179"}
2025-11-14 23:39:55-0500: Error: {"error":"Could not parse board location: A17","field":"moves","id":"query_180"}
2025-11-14 23:39:55-0500: Error: {"error":"Could not parse board location: A17","field":"moves","id":"query_181"}
2025-11-14 23:39:55-0500: Error: {"error":"Could not parse board location: A17","field":"moves","id":"query_182"}
2025-11-14 23:39:55-0500: Error: {"error":"Could not parse board location: A17","field":"moves","id":"query_183"}
2025-11-14 23:39:55-0500: Error: {"error":"Could not parse board location: A17","field":"moves","id":"query_184"}
2025-11-14 23:39:55-0500: Error: {"error":"Could not parse board location: A17","field":"moves","id":"query_185"}
2025-11-14 23:39:55-0500: Error: {"error":"Could not parse board location: A17","field":"moves","id":"query_186"}
2025-11-14 23:39:55-0500: Error: {"error":"Could not parse board location: A17","field":"moves","id":"query_187"}
2025-11-14 23:39:55-0500: Error: {"error":"Could not parse board location: A17","field":"moves","id":"query_188"}
2025-11-14 23:39:55-0500: Error: {"error":"Could not parse board location: A17","field":"moves","id":"query_189"}
2025-11-14 23:39:55-0500: Error: {"error":"Could not parse board location: A17","field":"moves","id":"query_190"}
2025-11-14 23:39:55-0500: Error: {"error":"Could not parse board location: A17","field":"moves","id":"query_191"}
2025-11-14 23:39:55-0500: Error: {"error":"Could not parse board location: A17","field":"moves","id":"query_192"}
2025-11-14 23:39:55-0500: Error: {"error":"Could not parse board location: A17","field":"moves","id":"query_193"}
2025-11-14 23:39:55-0500: Error: {"error":"Could not parse board location: A17","field":"moves","id":"query_194"}
2025-11-14 23:39:55-0500: Error: {"error":"Could not parse board location: A17","field":"moves","id":"query_195"}
2025-11-14 23:39:55-0500: Error: {"error":"Could not parse board location: A17","field":"moves","id":"query_196"}
2025-11-14 23:39:55-0500: Error: {"error":"Could not parse board location: A17","field":"moves","id":"query_197"}
2025-11-14 23:39:55-0500: Error: {"error":"Could not parse board location: A17","field":"moves","id":"query_198"}
2025-11-14 23:39:55-0500: Error: {"error":"Could not parse board location: A17","field":"moves","id":"query_199"}
2025-11-14 23:39:55-0500: Error: {"error":"Could not parse board location: A17","field":"moves","id":"query_200"}
2025-11-14 23:39:55-0500: Error: {"error":"Could not parse board location: A17","field":"moves","id":"query_201"}
2025-11-14 23:39:55-0500: Error: {"error":"Could not parse board location: A17","field":"moves","id":"query_202"}
2025-11-14 23:39:55-0500: Error: {"error":"Could not parse board location: A17","field":"moves","id":"query_203"}
2025-11-14 23:39:55-0500: Error: {"error":"Could not parse board location: A17","field":"moves","id":"query_204"}
2025-11-14 23:39:55-0500: Error: {"error":"Could not parse board location: A17","field":"moves","id":"query_205"}
2025-11-14 23:39:55-0500: Error: {"error":"Could not parse board location: A17","field":"moves","id":"query_206"}
2025-11-14 23:39:55-0500: Error: {"error":"Could not parse board location: A17","field":"moves","id":"query_207"}
2025-11-14 23:39:55-0500: Error: {"error":"Could not parse board location: A17","field":"moves","id":"query_208"}
2025-11-14 23:39:55-0500: Error: {"error":"Could not parse board location: A17","field":"moves","id":"query_209"}
2025-11-14 23:39:55-0500: Error: {"error":"Could not parse board location: A17","field":"moves","id":"query_210"}
2025-11-14 23:39:55-0500: Error: {"error":"Could not parse board location: A17","field":"moves","id":"query_211"}
2025-11-14 23:39:55-0500: Error: {"error":"Could not parse board location: A17","field":"moves","id":"query_212"}
2025-11-14 23:39:55-0500: Error: {"error":"Could not parse board location: A17","field":"moves","id":"query_213"}
2025-11-14 23:39:55-0500: Error: {"error":"Could not parse board location: A17","field":"moves","id":"query_214"}
2025-11-14 23:39:55-0500: Error: {"error":"Could not parse board location: A17","field":"moves","id":"query_215"}
2025-11-14 23:39:55-0500: Error: {"error":"Could not parse board location: A17","field":"moves","id":"query_216"}
2025-11-14 23:39:55-0500: Error: {"error":"Could not parse board location: A17","field":"moves","id":"query_217"}
2025-11-14 23:39:55-0500: Error: {"error":"Could not parse board location: A17","field":"moves","id":"query_218"}
2025-11-14 23:39:55-0500: Error: {"error":"Could not parse board location: A17","field":"moves","id":"query_219"}
2025-11-14 23:39:55-0500: Error: {"error":"Could not parse board location: A17","field":"moves","id":"query_220"}
2025-11-14 23:39:55-0500: Error: {"error":"Could not parse board location: A17","field":"moves","id":"query_221"}
2025-11-14 23:39:55-0500: Error: {"error":"Could not parse board location: A17","field":"moves","id":"query_222"}
2025-11-14 23:39:55-0500: Error: {"error":"Could not parse board location: A17","field":"moves","id":"query_223"}
2025-11-14 23:39:55-0500: Error: {"error":"Could not parse board location: A17","field":"moves","id":"query_224"}
2025-11-14 23:39:55-0500: Error: {"error":"Could not parse board location: A17","field":"moves","id":"query_225"}
2025-11-14 23:39:55-0500: Error: {"error":"Could not parse board location: A17","field":"moves","id":"query_226"}
2025-11-14 23:39:55-0500: Error: {"error":"Could not parse board location: A17","field":"moves","id":"query_227"}
2025-11-14 23:39:55-0500: Error: {"error":"Could not parse board location: A17","field":"moves","id":"query_228"}
2025-11-14 23:39:55-0500: Error: {"error":"Could not parse board location: A17","field":"moves","id":"query_229"}
2025-11-14 23:39:55-0500: Error: {"error":"Could not parse board location: A17","field":"moves","id":"query_230"}
2025-11-14 23:39:55-0500: Error: {"error":"Could not parse board location: A17","field":"moves","id":"query_231"}
2025-11-14 23:39:55-0500: Error: {"error":"Could not parse board location: A17","field":"moves","id":"query_232"}
2025-11-14 23:39:55-0500: Error: {"error":"Could not parse board location: A17","field":"moves","id":"query_233"}
2025-11-14 23:39:55-0500: Error: {"error":"Could not parse board location: A17","field":"moves","id":"query_234"}
2025-11-14 23:39:55-0500: Error: {"error":"Could not parse board location: A17","field":"moves","id":"query_235"}
2025-11-14 23:39:55-0500: Error: {"error":"Could not parse board location: A17","field":"moves","id":"query_236"}
2025-11-14 23:39:55-0500: Error: {"error":"Could not parse board location: A17","field":"moves","id":"query_237"}
2025-11-14 23:39:55-0500: Error: {"error":"Could not parse board location: A17","field":"moves","id":"query_238"}
2025-11-14 23:39:55-0500: Error: {"error":"Could not parse board location: A17","field":"moves","id":"query_239"}
2025-11-14 23:39:55-0500: Error: {"error":"Could not parse board location: A17","field":"moves","id":"query_240"}
2025-11-14 23:39:55-0500: Error: {"error":"Could not parse board location: A17","field":"moves","id":"query_241"}
2025-11-14 23:39:55-0500: Error: {"error":"Could not parse board location: A17","field":"moves","id":"query_242"}
2025-11-14 23:39:55-0500: Error: {"error":"Could not parse board location: A17","field":"moves","id":"query_243"}
2025-11-14 23:39:55-0500: Error: {"error":"Could not parse board location: A17","field":"moves","id":"query_244"}
2025-11-14 23:39:55-0500: Error: {"error":"Could not parse board location: A17","field":"moves","id":"query_245"}
2025-11-14 23:39:55-0500: Error: {"error":"Could not parse board location: A17","field":"moves","id":"query_246"}
2025-11-14 23:39:55-0500: Error: {"error":"Could not parse board location: A17","field":"moves","id":"query_247"}
2025-11-14 23:58:37-0500: Error: {"error":"Illegal move 174: D3","field":"moves","id":"query_368"}
2025-11-14 23:58:37-0500: Error: {"error":"Illegal move 174: D3","field":"moves","id":"query_369"}
2025-11-14 23:58:37-0500: Error: {"error":"Illegal move 174: D3","field":"moves","id":"query_370"}
2025-11-14 23:58:37-0500: Error: {"error":"Illegal move 174: D3","field":"moves","id":"query_371"}
2025-11-14 23:58:37-0500: Error: {"error":"Illegal move 174: D3","field":"moves","id":"query_372"}
2025-11-14 23:58:37-0500: Error: {"error":"Illegal move 174: D3","field":"moves","id":"query_373"}
2025-11-14 23:58:37-0500: Error: {"error":"Illegal move 174: D3","field":"moves","id":"query_374"}
2025-11-14 23:58:37-0500: Error: {"error":"Illegal move 174: D3","field":"moves","id":"query_375"}
2025-11-14 23:58:37-0500: Error: {"error":"Illegal move 174: D3","field":"moves","id":"query_376"}
2025-11-14 23:58:37-0500: Error: {"error":"Illegal move 174: D3","field":"moves","id":"query_377"}
2025-11-14 23:58:37-0500: Error: {"error":"Illegal move 174: D3","field":"moves","id":"query_378"}
2025-11-14 23:58:37-0500: Error: {"error":"Illegal move 174: D3","field":"moves","id":"query_379"}
2025-11-14 23:58:37-0500: Error: {"error":"Illegal move 174: D3","field":"moves","id":"query_380"}
2025-11-14 23:58:37-0500: Error: {"error":"Illegal move 174: D3","field":"moves","id":"query_381"}
2025-11-14 23:58:37-0500: Error: {"error":"Illegal move 174: D3","field":"moves","id":"query_382"}
2025-11-14 23:58:37-0500: Error: {"error":"Illegal move 174: D3","field":"moves","id":"query_383"}
2025-11-14 23:58:37-0500: Error: {"error":"Illegal move 174: D3","field":"moves","id":"query_384"}
2025-11-14 23:58:37-0500: Error: {"error":"Illegal move 174: D3","field":"moves","id":"query_385"}
2025-11-14 23:58:37-0500: Error: {"error":"Illegal move 174: D3","field":"moves","id":"query_386"}
2025-11-14 23:58:37-0500: Error: {"error":"Illegal move 174: D3","field":"moves","id":"query_387"}
2025-11-14 23:58:37-0500: Error: {"error":"Illegal move 174: D3","field":"moves","id":"query_388"}
2025-11-14 23:58:37-0500: Error: {"error":"Illegal move 174: D3","field":"moves","id":"query_389"}
2025-11-14 23:58:37-0500: Error: {"error":"Illegal move 174: D3","field":"moves","id":"query_390"}
2025-11-14 23:58:37-0500: Error: {"error":"Illegal move 174: D3","field":"moves","id":"query_391"}
2025-11-14 23:58:37-0500: Error: {"error":"Illegal move 174: D3","field":"moves","id":"query_392"}
2025-11-14 23:58:37-0500: Error: {"error":"Illegal move 174: D3","field":"moves","id":"query_393"}
2025-11-14 23:58:37-0500: Error: {"error":"Illegal move 174: D3","field":"moves","id":"query_394"}
2025-11-14 23:58:37-0500: Error: {"error":"Illegal move 174: D3","field":"moves","id":"query_395"}
2025-11-14 23:58:37-0500: Error: {"error":"Illegal move 174: D3","field":"moves","id":"query_396"}
2025-11-14 23:58:37-0500: Error: {"error":"Illegal move 174: D3","field":"moves","id":"query_397"}
2025-11-14 23:58:37-0500: Error: {"error":"Illegal move 174: D3","field":"moves","id":"query_398"}
2025-11-14 23:58:37-0500: Error: {"error":"Illegal move 174: D3","field":"moves","id":"query_399"}
2025-11-15 00:05:59-0500: Error: {"error":"Illegal move 248: K12","field":"moves","id":"query_452"}
2025-11-15 00:05:59-0500: Error: {"error":"Illegal move 248: K12","field":"moves","id":"query_453"}
2025-11-15 00:05:59-0500: Error: {"error":"Illegal move 248: K12","field":"moves","id":"query_454"}
2025-11-15 00:05:59-0500: Error: {"error":"Illegal move 248: K12","field":"moves","id":"query_455"}
2025-11-15 00:05:59-0500: Error: {"error":"Illegal move 248: K12","field":"moves","id":"query_456"}
2025-11-15 00:05:59-0500: Error: {"error":"Illegal move 248: K12","field":"moves","id":"query_457"}
2025-11-15 00:05:59-0500: Error: {"error":"Illegal move 248: K12","field":"moves","id":"query_458"}
2025-11-15 00:05:59-0500: Error: {"error":"Illegal move 248: K12","field":"moves","id":"query_459"}
2025-11-15 00:05:59-0500: Error: {"error":"Illegal move 248: K12","field":"moves","id":"query_460"}
2025-11-15 00:05:59-0500: Error: {"error":"Illegal move 248: K12","field":"moves","id":"query_461"}
2025-11-15 00:05:59-0500: Error: {"error":"Illegal move 248: K12","field":"moves","id":"query_462"}
2025-11-15 00:05:59-0500: Error: {"error":"Illegal move 248: K12","field":"moves","id":"query_463"}
2025-11-15 00:05:59-0500: Error: {"error":"Illegal move 248: K12","field":"moves","id":"query_464"}
2025-11-15 00:05:59-0500: Error: {"error":"Illegal move 248: K12","field":"moves","id":"query_465"}
2025-11-15 00:05:59-0500: Error: {"error":"Illegal move 248: K12","field":"moves","id":"query_466"}
2025-11-15 00:05:59-0500: Error: {"error":"Illegal move 248: K12","field":"moves","id":"query_467"}
2025-11-15 00:05:59-0500: Error: {"error":"Illegal move 248: K12","field":"moves","id":"query_468"}
2025-11-15 00:05:59-0500: Error: {"error":"Illegal move 248: K12","field":"moves","id":"query_469"}
2025-11-15 00:05:59-0500: Error: {"error":"Illegal move 248: K12","field":"moves","id":"query_470"}
2025-11-15 00:05:59-0500: Error: {"error":"Illegal move 248: K12","field":"moves","id":"query_471"}
2025-11-15 00:05:59-0500: Error: {"error":"Illegal move 248: K12","field":"moves","id":"query_472"}
2025-11-15 00:05:59-0500: Error: {"error":"Illegal move 248: K12","field":"moves","id":"query_473"}
2025-11-15 00:05:59-0500: Error: {"error":"Illegal move 248: K12","field":"moves","id":"query_474"}
2025-11-15 00:05:59-0500: Error: {"error":"Illegal move 248: K12","field":"moves","id":"query_475"}
2025-11-15 00:05:59-0500: Error: {"error":"Illegal move 248: K12","field":"moves","id":"query_476"}
2025-11-15 00:05:59-0500: Error: {"error":"Illegal move 248: K12","field":"moves","id":"query_477"}
2025-11-15 00:05:59-0500: Error: {"error":"Illegal move 248: K12","field":"moves","id":"query_478"}
2025-11-15 00:05:59-0500: Error: {"error":"Illegal move 248: K12","field":"moves","id":"query_479"}
2025-11-15 00:05:59-0500: Error: {"error":"Illegal move 248: K12","field":"moves","id":"query_480"}
2025-11-15 00:05:59-0500: Error: {"error":"Illegal move 248: K12","field":"moves","id":"query_481"}
2025-11-15 00:05:59-0500: Error: {"error":"Illegal move 248: K12","field":"moves","id":"query_482"}
2025-11-15 00:05:59-0500: Error: {"error":"Illegal move 248: K12","field":"moves","id":"query_483"}
2025-11-15 00:05:59-0500: Error: {"error":"Illegal move 248: K12","field":"moves","id":"query_484"}
2025-11-15 00:05:59-0500: Error: {"error":"Illegal move 248: K12","field":"moves","id":"query_485"}
2025-11-15 00:05:59-0500: Error: {"error":"Illegal move 248: K12","field":"moves","id":"query_486"}
2025-11-15 00:05:59-0500: Error: {"error":"Illegal move 248: K12","field":"moves","id":"query_487"}
2025-11-15 00:05:59-0500: Error: {"error":"Illegal move 248: K12","field":"moves","id":"query_488"}
2025-11-15 00:05:59-0500: Error: {"error":"Illegal move 248: K12","field":"moves","id":"query_489"}
2025-11-15 00:05:59-0500: Error: {"error":"Illegal move 248: K12","field":"moves","id":"query_490"}
2025-11-15 00:05:59-0500: Error: {"error":"Illegal move 248: K12","field":"moves","id":"query_491"}
2025-11-15 00:05:59-0500: Error: {"error":"Illegal move 248: K12","field":"moves","id":"query_492"}
2025-11-15 00:05:59-0500: Error: {"error":"Illegal move 248: K12","field":"moves","id":"query_493"}
2025-11-15 00:05:59-0500: Error: {"error":"Illegal move 248: K12","field":"moves","id":"query_494"}
2025-11-15 00:05:59-0500: Error: {"error":"Illegal move 248: K12","field":"moves","id":"query_495"}
2025-11-15 00:05:59-0500: Error: {"error":"Illegal move 248: K12","field":"moves","id":"query_496"}
2025-11-15 00:16:58-0500: Error: {"error":"Illegal move 139: E7","field":"moves","id":"query_567"}
2025-11-15 00:16:58-0500: Error: {"error":"Illegal move 139: E7","field":"moves","id":"query_568"}
2025-11-15 00:16:58-0500: Error: {"error":"Illegal move 139: E7","field":"moves","id":"query_569"}
2025-11-15 00:16:58-0500: Error: {"error":"Illegal move 139: E7","field":"moves","id":"query_570"}
2025-11-15 00:16:58-0500: Error: {"error":"Illegal move 139: E7","field":"moves","id":"query_571"}
2025-11-15 00:16:58-0500: Error: {"error":"Illegal move 139: E7","field":"moves","id":"query_572"}
2025-11-15 00:16:58-0500: Error: {"error":"Illegal move 139: E7","field":"moves","id":"query_573"}
2025-11-15 00:16:58-0500: Error: {"error":"Illegal move 139: E7","field":"moves","id":"query_574"}
2025-11-15 00:16:58-0500: Error: {"error":"Illegal move 139: E7","field":"moves","id":"query_575"}
2025-11-15 00:16:58-0500: Error: {"error":"Illegal move 139: E7","field":"moves","id":"query_576"}
2025-11-15 00:16:58-0500: Error: {"error":"Illegal move 139: E7","field":"moves","id":"query_577"}
2025-11-15 00:16:58-0500: Error: {"error":"Illegal move 139: E7","field":"moves","id":"query_578"}
2025-11-15 00:16:58-0500: Error: {"error":"Illegal move 139: E7","field":"moves","id":"query_579"}
2025-11-15 00:16:58-0500: Error: {"error":"Illegal move 139: E7","field":"moves","id":"query_580"}
2025-11-15 00:16:58-0500: Error: {"error":"Illegal move 139: E7","field":"moves","id":"query_581"}
2025-11-15 00:16:58-0500: Error: {"error":"Illegal move 139: E7","field":"moves","id":"query_582"}
2025-11-15 00:16:58-0500: Error: {"error":"Illegal move 139: E7","field":"moves","id":"query_583"}
2025-11-15 00:16:58-0500: Error: {"error":"Illegal move 139: E7","field":"moves","id":"query_584"}
2025-11-15 00:16:58-0500: Error: {"error":"Illegal move 139: E7","field":"moves","id":"query_585"}
2025-11-15 00:16:58-0500: Error: {"error":"Illegal move 139: E7","field":"moves","id":"query_586"}
2025-11-15 00:16:58-0500: Error: {"error":"Illegal move 139: E7","field":"moves","id":"query_587"}
2025-11-15 00:16:58-0500: Error: {"error":"Illegal move 139: E7","field":"moves","id":"query_588"}
2025-11-15 00:16:58-0500: Error: {"error":"Illegal move 139: E7","field":"moves","id":"query_589"}
2025-11-15 00:16:58-0500: Error: {"error":"Illegal move 139: E7","field":"moves","id":"query_590"}
2025-11-15 00:16:58-0500: Error: {"error":"Illegal move 139: E7","field":"moves","id":"query_591"}
2025-11-15 00:16:58-0500: Error: {"error":"Illegal move 139: E7","field":"moves","id":"query_592"}
2025-11-15 00:16:58-0500: Error: {"error":"Illegal move 139: E7","field":"moves","id":"query_593"}
2025-11-15 00:16:58-0500: Error: {"error":"Illegal move 139: E7","field":"moves","id":"query_594"}
2025-11-15 00:16:58-0500: Error: {"error":"Illegal move 139: E7","field":"moves","id":"query_595"}
2025-11-15 00:16:58-0500: Error: {"error":"Illegal move 139: E7","field":"moves","id":"query_596"}
2025-11-15 00:16:58-0500: Error: {"error":"Illegal move 139: E7","field":"moves","id":"query_597"}
2025-11-15 00:22:53-0500: Error: {"error":"Illegal move 156: E8","field":"moves","id":"query_632"}
2025-11-15 00:22:53-0500: Error: {"error":"Illegal move 156: E8","field":"moves","id":"query_633"}
2025-11-15 00:22:53-0500: Error: {"error":"Illegal move 156: E8","field":"moves","id":"query_634"}
2025-11-15 00:22:53-0500: Error: {"error":"Illegal move 156: E8","field":"moves","id":"query_635"}
2025-11-15 00:22:53-0500: Error: {"error":"Illegal move 156: E8","field":"moves","id":"query_636"}
2025-11-15 00:22:53-0500: Error: {"error":"Illegal move 156: E8","field":"moves","id":"query_637"}
2025-11-15 00:22:53-0500: Error: {"error":"Illegal move 156: E8","field":"moves","id":"query_638"}
2025-11-15 00:22:53-0500: Error: {"error":"Illegal move 156: E8","field":"moves","id":"query_639"}
2025-11-15 00:24:39-0500: Error: {"error":"Illegal move 48: G4","field":"moves","id":"query_650"}
2025-11-15 00:24:39-0500: Error: {"error":"Illegal move 48: G4","field":"moves","id":"query_651"}
2025-11-15 00:24:39-0500: Error: {"error":"Illegal move 48: G4","field":"moves","id":"query_652"}
2025-11-15 00:24:39-0500: Error: {"error":"Illegal move 48: G4","field":"moves","id":"query_653"}
2025-11-15 00:24:39-0500: Error: {"error":"Illegal move 48: G4","field":"moves","id":"query_654"}
2025-11-15 00:24:39-0500: Error: {"error":"Illegal move 48: G4","field":"moves","id":"query_655"}
2025-11-15 00:24:39-0500: Error: {"error":"Illegal move 48: G4","field":"moves","id":"query_656"}
2025-11-15 00:24:39-0500: Error: {"error":"Illegal move 48: G4","field":"moves","id":"query_657"}
2025-11-15 00:24:39-0500: Error: {"error":"Illegal move 48: G4","field":"moves","id":"query_658"}
2025-11-15 00:24:39-0500: Error: {"error":"Illegal move 48: G4","field":"moves","id":"query_659"}
2025-11-15 00:24:39-0500: Error: {"error":"Could not parse board location: C15","field":"moves","id":"query_660"}
2025-11-15 00:24:39-0500: Error: {"error":"Could not parse board location: C15","field":"moves","id":"query_661"}
2025-11-15 00:24:39-0500: Error: {"error":"Could not parse board location: C15","field":"moves","id":"query_662"}
2025-11-15 00:24:39-0500: Error: {"error":"Could not parse board location: C15","field":"moves","id":"query_663"}
2025-11-15 00:24:39-0500: Error: {"error":"Could not parse board location: C15","field":"moves","id":"query_664"}
2025-11-15 00:24:39-0500: Error: {"error":"Could not parse board location: C15","field":"moves","id":"query_665"}
2025-11-15 00:24:39-0500: Error: {"error":"Could not parse board location: C15","field":"moves","id":"query_666"}
2025-11-15 00:24:39-0500: Error: {"error":"Could not parse board location: C15","field":"moves","id":"query_667"}
2025-11-15 00:24:39-0500: Error: {"error":"Could not parse board location: C15","field":"moves","id":"query_668"}
2025-11-15 00:24:39-0500: Error: {"error":"Could not parse board location: C15","field":"moves","id":"query_669"}
2025-11-15 00:24:39-0500: Error: {"error":"Could not parse board location: C15","field":"moves","id":"query_670"}
2025-11-15 00:24:39-0500: Error: {"error":"Could not parse board location: C15","field":"moves","id":"query_671"}
2025-11-15 00:24:39-0500: Error: {"error":"Could not parse board location: C15","field":"moves","id":"query_672"}
2025-11-15 00:24:39-0500: Error: {"error":"Could not parse board location: C15","field":"moves","id":"query_673"}
2025-11-15 00:24:39-0500: Error: {"error":"Could not parse board location: C15","field":"moves","id":"query_674"}
2025-11-15 00:24:39-0500: Error: {"error":"Could not parse board location: C15","field":"moves","id":"query_675"}
2025-11-15 00:24:39-0500: Error: {"error":"Could not parse board location: C15","field":"moves","id":"query_676"}
2025-11-15 00:24:39-0500: Error: {"error":"Could not parse board location: C15","field":"moves","id":"query_677"}
2025-11-15 00:24:39-0500: Error: {"error":"Could not parse board location: C15","field":"moves","id":"query_678"}
2025-11-15 00:24:39-0500: Error: {"error":"Could not parse board location: C15","field":"moves","id":"query_679"}
2025-11-15 00:24:39-0500: Error: {"error":"Could not parse board location: C15","field":"moves","id":"query_680"}
2025-11-15 00:24:39-0500: Error: {"error":"Could not parse board location: C15","field":"moves","id":"query_681"}
2025-11-15 00:24:39-0500: Error: {"error":"Could not parse board location: C15","field":"moves","id":"query_682"}
2025-11-15 00:24:39-0500: Error: {"error":"Could not parse board location: C15","field":"moves","id":"query_683"}
2025-11-15 00:24:39-0500: Error: {"error":"Could not parse board location: C15","field":"moves","id":"query_684"}
2025-11-15 00:24:39-0500: Error: {"error":"Could not parse board location: C15","field":"moves","id":"query_685"}
2025-11-15 00:24:39-0500: Error: {"error":"Could not parse board location: C15","field":"moves","id":"query_686"}
2025-11-15 00:24:39-0500: Error: {"error":"Could not parse board location: C15","field":"moves","id":"query_687"}
2025-11-15 00:24:39-0500: Error: {"error":"Could not parse board location: C15","field":"moves","id":"query_688"}
2025-11-15 00:24:39-0500: Error: {"error":"Could not parse board location: C15","field":"moves","id":"query_689"}
2025-11-15 00:24:39-0500: Error: {"error":"Could not parse board location: C15","field":"moves","id":"query_690"}
2025-11-15 00:24:39-0500: Error: {"error":"Could not parse board location: C15","field":"moves","id":"query_691"}
2025-11-15 00:24:39-0500: Error: {"error":"Could not parse board location: C15","field":"moves","id":"query_692"}
2025-11-15 00:24:39-0500: Error: {"error":"Could not parse board location: C15","field":"moves","id":"query_693"}
2025-11-15 00:24:39-0500: Error: {"error":"Could not parse board location: C15","field":"moves","id":"query_694"}
2025-11-15 00:24:39-0500: Error: {"error":"Could not parse board location: C15","field":"moves","id":"query_695"}
2025-11-15 00:24:39-0500: Error: {"error":"Could not parse board location: C15","field":"moves","id":"query_696"}
2025-11-15 00:24:39-0500: Error: {"error":"Could not parse board location: C15","field":"moves","id":"query_697"}
2025-11-15 00:24:39-0500: Error: {"error":"Could not parse board location: C15","field":"moves","id":"query_698"}
2025-11-15 00:24:39-0500: Error: {"error":"Could not parse board location: C15","field":"moves","id":"query_699"}
2025-11-15 00:24:39-0500: Error: {"error":"Could not parse board location: C15","field":"moves","id":"query_700"}
2025-11-15 00:24:39-0500: Error: {"error":"Could not parse board location: C15","field":"moves","id":"query_701"}
2025-11-15 00:24:39-0500: Error: {"error":"Could not parse board location: C15","field":"moves","id":"query_702"}
2025-11-15 00:24:39-0500: Error: {"error":"Could not parse board location: C15","field":"moves","id":"query_703"}
2025-11-15 00:24:39-0500: Error: {"error":"Could not parse board location: C15","field":"moves","id":"query_704"}
2025-11-15 00:24:39-0500: Error: {"error":"Could not parse board location: C15","field":"moves","id":"query_705"}
2025-11-15 00:24:39-0500: Error: {"error":"Could not parse board location: C15","field":"moves","id":"query_706"}
2025-11-15 00:24:39-0500: Error: {"error":"Could not parse board location: C15","field":"moves","id":"query_707"}
2025-11-15 00:24:39-0500: Error: {"error":"Could not parse board location: C15","field":"moves","id":"query_708"}
2025-11-15 00:24:39-0500: Error: {"error":"Could not parse board location: C15","field":"moves","id":"query_709"}
2025-11-15 00:24:39-0500: Error: {"error":"Could not parse board location: C15","field":"moves","id":"query_710"}
2025-11-15 00:24:39-0500: Error: {"error":"Could not parse board location: C15","field":"moves","id":"query_711"}
2025-11-15 00:24:39-0500: Error: {"error":"Could not parse board location: C15","field":"moves","id":"query_712"}
2025-11-15 00:24:39-0500: Error: {"error":"Could not parse board location: C15","field":"moves","id":"query_713"}
2025-11-15 00:24:39-0500: Error: {"error":"Could not parse board location: C15","field":"moves","id":"query_714"}
2025-11-15 00:24:39-0500: Error: {"error":"Could not parse board location: C15","field":"moves","id":"query_715"}
2025-11-15 00:24:39-0500: Error: {"error":"Could not parse board location: C15","field":"moves","id":"query_716"}
2025-11-15 00:24:39-0500: Error: {"error":"Could not parse board location: C15","field":"moves","id":"query_717"}
2025-11-15 00:24:39-0500: Error: {"error":"Could not parse board location: C15","field":"moves","id":"query_718"}
2025-11-15 00:24:39-0500: Error: {"error":"Could not parse board location: C15","field":"moves","id":"query_719"}
2025-11-15 00:24:39-0500: Error: {"error":"Could not parse board location: C15","field":"moves","id":"query_720"}
2025-11-15 00:24:39-0500: Error: {"error":"Could not parse board location: C15","field":"moves","id":"query_721"}
2025-11-15 00:24:39-0500: Error: {"error":"Could not parse board location: C15","field":"moves","id":"query_722"}
2025-11-15 00:24:39-0500: Error: {"error":"Could not parse board location: C15","field":"moves","id":"query_723"}
2025-11-15 00:24:39-0500: Error: {"error":"Could not parse board location: C15","field":"moves","id":"query_724"}
2025-11-15 00:24:39-0500: Error: {"error":"Could not parse board location: C15","field":"moves","id":"query_725"}
2025-11-15 00:24:39-0500: Error: {"error":"Could not parse board location: C15","field":"moves","id":"query_726"}
2025-11-15 00:24:39-0500: Error: {"error":"Could not parse board location: C15","field":"moves","id":"query_727"}
2025-11-15 00:24:39-0500: Error: {"error":"Could not parse board location: C15","field":"moves","id":"query_728"}
2025-11-15 00:24:39-0500: Error: {"error":"Could not parse board location: C15","field":"moves","id":"query_729"}
2025-11-15 00:24:39-0500: Error: {"error":"Could not parse board location: C15","field":"moves","id":"query_730"}
2025-11-15 00:24:39-0500: Error: {"error":"Could not parse board location: C15","field":"moves","id":"query_731"}
2025-11-15 00:24:39-0500: Error: {"error":"Could not parse board location: C15","field":"moves","id":"query_732"}
2025-11-15 00:24:39-0500: Error: {"error":"Could not parse board location: C15","field":"moves","id":"query_733"}
2025-11-15 00:24:39-0500: Error: {"error":"Could not parse board location: C15","field":"moves","id":"query_734"}
2025-11-15 00:24:39-0500: Error: {"error":"Could not parse board location: C15","field":"moves","id":"query_735"}
2025-11-15 00:24:39-0500: Error: {"error":"Could not parse board location: C15","field":"moves","id":"query_736"}
2025-11-15 00:26:35-0500: Error: {"error":"Illegal move 41: A6","field":"moves","id":"query_749"}
2025-11-15 00:26:35-0500: Error: {"error":"Illegal move 41: A6","field":"moves","id":"query_750"}
2025-11-15 00:26:35-0500: Error: {"error":"Illegal move 41: A6","field":"moves","id":"query_751"}
2025-11-15 00:26:35-0500: Error: {"error":"Illegal move 41: A6","field":"moves","id":"query_752"}
2025-11-15 00:26:35-0500: Error: {"error":"Illegal move 41: A6","field":"moves","id":"query_753"}
2025-11-15 00:26:35-0500: Error: {"error":"Illegal move 41: A6","field":"moves","id":"query_754"}
2025-11-15 00:26:35-0500: Error: {"error":"Illegal move 41: A6","field":"moves","id":"query_755"}
2025-11-15 00:26:35-0500: Error: {"error":"Illegal move 41: A6","field":"moves","id":"query_756"}
2025-11-15 00:26:35-0500: Error: {"error":"Illegal move 41: A6","field":"moves","id":"query_757"}
2025-11-15 00:26:35-0500: Error: {"error":"Illegal move 41: A6","field":"moves","id":"query_758"}
2025-11-15 00:26:35-0500: Error: {"error":"Illegal move 41: A6","field":"moves","id":"query_759"}
2025-11-15 00:26:35-0500: Error: {"error":"Illegal move 41: A6","field":"moves","id":"query_760"}
2025-11-15 00:26:35-0500: Error: {"error":"Illegal move 41: A6","field":"moves","id":"query_761"}
2025-11-15 00:26:35-0500: Error: {"error":"Illegal move 41: A6","field":"moves","id":"query_762"}
2025-11-15 00:26:35-0500: Error: {"error":"Illegal move 41: A6","field":"moves","id":"query_763"}
2025-11-15 00:26:35-0500: Error: {"error":"Illegal move 41: A6","field":"moves","id":"query_764"}
2025-11-15 00:26:35-0500: Error: {"error":"Illegal move 41: A6","field":"moves","id":"query_765"}
2025-11-15 00:26:35-0500: Error: {"error":"Illegal move 41: A6","field":"moves","id":"query_766"}
2025-11-15 00:26:35-0500: Error: {"error":"Illegal move 41: A6","field":"moves","id":"query_767"}
2025-11-15 00:26:35-0500: Error: {"error":"Illegal move 41: A6","field":"moves","id":"query_768"}
2025-11-15 00:26:35-0500: Error: {"error":"Illegal move 41: A6","field":"moves","id":"query_769"}
2025-11-15 00:26:35-0500: Error: {"error":"Illegal move 41: A6","field":"moves","id":"query_770"}
2025-11-15 00:26:35-0500: Error: {"error":"Illegal move 41: A6","field":"moves","id":"query_771"}
2025-11-15 00:26:35-0500: Error: {"error":"Illegal move 41: A6","field":"moves","id":"query_772"}
2025-11-15 00:26:35-0500: Error: {"error":"Illegal move 41: A6","field":"moves","id":"query_773"}
2025-11-15 00:26:35-0500: Error: {"error":"Illegal move 41: A6","field":"moves","id":"query_774"}
2025-11-15 00:26:35-0500: Error: {"error":"Illegal move 41: A6","field":"moves","id":"query_775"}
2025-11-15 00:26:35-0500: Error: {"error":"Illegal move 41: A6","field":"moves","id":"query_776"}
2025-11-15 00:26:35-0500: Error: {"error":"Illegal move 41: A6","field":"moves","id":"query_777"}
2025-11-15 00:26:35-0500: Error: {"error":"Illegal move 41: A6","field":"moves","id":"query_778"}
2025-11-15 00:26:35-0500: Error: {"error":"Illegal move 41: A6","field":"moves","id":"query_779"}
2025-11-15 00:26:35-0500: Error: {"error":"Illegal move 41: A6","field":"moves","id":"query_780"}
2025-11-15 00:26:35-0500: Error: {"error":"Illegal move 41: A6","field":"moves","id":"query_781"}
2025-11-15 00:26:35-0500: Error: {"error":"Illegal move 41: A6","field":"moves","id":"query_782"}
2025-11-15 00:26:35-0500: Error: {"error":"Illegal move 41: A6","field":"moves","id":"query_783"}
2025-11-15 00:26:35-0500: Error: {"error":"Illegal move 41: A6","field":"moves","id":"query_784"}
2025-11-15 00:26:35-0500: Error: {"error":"Illegal move 41: A6","field":"moves","id":"query_785"}
2025-11-15 00:26:35-0500: Error: {"error":"Illegal move 41: A6","field":"moves","id":"query_786"}
2025-11-15 00:26:35-0500: Error: {"error":"Illegal move 41: A6","field":"moves","id":"query_787"}
2025-11-15 00:26:35-0500: Error: {"error":"Illegal move 41: A6","field":"moves","id":"query_788"}
2025-11-15 00:26:35-0500: Error: {"error":"Illegal move 41: A6","field":"moves","id":"query_789"}
2025-11-15 00:26:35-0500: Error: {"error":"Illegal move 41: A6","field":"moves","id":"query_790"}
2025-11-15 00:26:35-0500: Error: {"error":"Illegal move 41: A6","field":"moves","id":"query_791"}
2025-11-15 00:26:35-0500: Error: {"error":"Illegal move 41: A6","field":"moves","id":"query_792"}
2025-11-15 00:26:35-0500: Error: {"error":"Illegal move 41: A6","field":"moves","id":"query_793"}
2025-11-15 00:26:35-0500: Error: {"error":"Illegal move 41: A6","field":"moves","id":"query_794"}
2025-11-15 00:26:35-0500: Error: {"error":"Illegal move 41: A6","field":"moves","id":"query_795"}
2025-11-15 00:26:35-0500: Error: {"error":"Illegal move 41: A6","field":"moves","id":"query_796"}
2025-11-15 00:26:35-0500: Error: {"error":"Illegal move 41: A6","field":"moves","id":"query_797"}
2025-11-15 00:26:35-0500: Error: {"error":"Illegal move 41: A6","field":"moves","id":"query_798"}
2025-11-15 00:26:35-0500: Error: {"error":"Illegal move 41: A6","field":"moves","id":"query_799"}
2025-11-15 00:26:35-0500: Error: {"error":"Illegal move 41: A6","field":"moves","id":"query_800"}
2025-11-15 00:26:35-0500: Error: {"error":"Illegal move 41: A6","field":"moves","id":"query_801"}
2025-11-15 00:26:35-0500: Error: {"error":"Illegal move 41: A6","field":"moves","id":"query_802"}
2025-11-15 00:26:35-0500: Error: {"error":"Illegal move 41: A6","field":"moves","id":"query_803"}
2025-11-15 00:26:35-0500: Error: {"error":"Illegal move 41: A6","field":"moves","id":"query_804"}
2025-11-15 00:26:35-0500: Error: {"error":"Illegal move 41: A6","field":"moves","id":"query_805"}
2025-11-15 00:26:35-0500: Error: {"error":"Illegal move 41: A6","field":"moves","id":"query_806"}
2025-11-15 00:26:35-0500: Error: {"error":"Illegal move 41: A6","field":"moves","id":"query_807"}
2025-11-15 00:26:35-0500: Error: {"error":"Illegal move 41: A6","field":"moves","id":"query_808"}
2025-11-15 00:26:35-0500: Error: {"error":"Illegal move 41: A6","field":"moves","id":"query_809"}
2025-11-15 00:26:35-0500: Error: {"error":"Illegal move 41: A6","field":"moves","id":"query_810"}
2025-11-15 00:26:35-0500: Error: {"error":"Illegal move 41: A6","field":"moves","id":"query_811"}
2025-11-15 00:26:35-0500: Error: {"error":"Illegal move 41: A6","field":"moves","id":"query_812"}
2025-11-15 00:26:35-0500: Error: {"error":"Illegal move 41: A6","field":"moves","id":"query_813"}
2025-11-15 00:26:35-0500: Error: {"error":"Illegal move 41: A6","field":"moves","id":"query_814"}
2025-11-15 00:26:35-0500: Error: {"error":"Illegal move 41: A6","field":"moves","id":"query_815"}
2025-11-15 00:26:35-0500: Error: {"error":"Illegal move 41: A6","field":"moves","id":"query_816"}
2025-11-15 00:26:35-0500: Error: {"error":"Illegal move 41: A6","field":"moves","id":"query_817"}
2025-11-15 00:26:35-0500: Error: {"error":"Illegal move 41: A6","field":"moves","id":"query_818"}
2025-11-15 00:26:35-0500: Error: {"error":"Illegal move 41: A6","field":"moves","id":"query_819"}
2025-11-15 00:26:35-0500: Error: {"error":"Illegal move 41: A6","field":"moves","id":"query_820"}
2025-11-15 00:26:35-0500: Error: {"error":"Illegal move 41: A6","field":"moves","id":"query_821"}
2025-11-15 00:26:35-0500: Error: {"error":"Illegal move 41: A6","field":"moves","id":"query_822"}
2025-11-15 00:26:35-0500: Error: {"error":"Illegal move 41: A6","field":"moves","id":"query_823"}
2025-11-15 00:26:35-0500: Error: {"error":"Illegal move 41: A6","field":"moves","id":"query_824"}
2025-11-15 00:26:35-0500: Error: {"error":"Illegal move 41: A6","field":"moves","id":"query_825"}
2025-11-15 00:26:35-0500: Error: {"error":"Illegal move 41: A6","field":"moves","id":"query_826"}
2025-11-15 00:26:35-0500: Error: {"error":"Illegal move 41: A6","field":"moves","id":"query_827"}
2025-11-15 00:26:35-0500: Error: {"error":"Illegal move 41: A6","field":"moves","id":"query_828"}
2025-11-15 00:40:41-0500: Error: {"error":"Illegal move 186: A1","field":"moves","id":"query_926"}
2025-11-15 00:40:41-0500: Error: {"error":"Illegal move 186: A1","field":"moves","id":"query_927"}
2025-11-15 00:40:41-0500: Error: {"error":"Illegal move 186: A1","field":"moves","id":"query_928"}
2025-11-15 00:40:41-0500: Error: {"error":"Illegal move 186: A1","field":"moves","id":"query_929"}
2025-11-15 00:40:41-0500: Error: {"error":"Illegal move 186: A1","field":"moves","id":"query_930"}
2025-11-15 00:40:41-0500: Error: {"error":"Illegal move 186: A1","field":"moves","id":"query_931"}
2025-11-15 00:40:41-0500: Error: {"error":"Illegal move 186: A1","field":"moves","id":"query_932"}
2025-11-15 00:40:41-0500: Error: {"error":"Illegal move 186: A1","field":"moves","id":"query_933"}
2025-11-15 00:40:41-0500: Error: {"error":"Illegal move 186: A1","field":"moves","id":"query_934"}
2025-11-15 00:48:31-0500: Error: {"error":"Illegal move 219: H16","field":"moves","id":"query_980"}
2025-11-15 00:48:31-0500: Error: {"error":"Illegal move 219: H16","field":"moves","id":"query_981"}
2025-11-15 00:48:31-0500: Error: {"error":"Illegal move 219: H16","field":"moves","id":"query_982"}
2025-11-15 00:48:31-0500: Error: {"error":"Illegal move 219: H16","field":"moves","id":"query_983"}
2025-11-15 00:48:31-0500: Error: {"error":"Illegal move 219: H16","field":"moves","id":"query_984"}
2025-11-15 00:48:31-0500: Error: {"error":"Illegal move 219: H16","field":"moves","id":"query_985"}
2025-11-15 00:48:31-0500: Error: {"error":"Illegal move 219: H16","field":"moves","id":"query_986"}
2025-11-15 00:48:31-0500: Error: {"error":"Illegal move 219: H16","field":"moves","id":"query_987"}
2025-11-15 00:48:31-0500: Error: {"error":"Illegal move 219: H16","field":"moves","id":"query_988"}
2025-11-15 00:48:31-0500: Error: {"error":"Illegal move 219: H16","field":"moves","id":"query_989"}
2025-11-15 00:48:31-0500: Error: {"error":"Illegal move 219: H16","field":"moves","id":"query_990"}
2025-11-15 00:48:31-0500: Error: {"error":"Illegal move 219: H16","field":"moves","id":"query_991"}
2025-11-15 00:48:31-0500: Error: {"error":"Illegal move 219: H16","field":"moves","id":"query_992"}
2025-11-15 00:48:31-0500: Error: {"error":"Illegal move 219: H16","field":"moves","id":"query_993"}
2025-11-15 00:48:31-0500: Error: {"error":"Illegal move 219: H16","field":"moves","id":"query_994"}
2025-11-15 00:48:31-0500: Error: {"error":"Illegal move 219: H16","field":"moves","id":"query_995"}
2025-11-15 00:48:31-0500: Error: {"error":"Illegal move 219: H16","field":"moves","id":"query_996"}
2025-11-15 00:48:31-0500: Error: {"error":"Illegal move 219: H16","field":"moves","id":"query_997"}
2025-11-15 00:48:31-0500: Error: {"error":"Illegal move 219: H16","field":"moves","id":"query_998"}
2025-11-15 00:48:31-0500: Error: {"error":"Illegal move 219: H16","field":"moves","id":"query_999"}
2025-11-15 00:48:31-0500: Error: {"error":"Illegal move 219: H16","field":"moves","id":"query_1000"}
2025-11-15 00:48:31-0500: Error: {"error":"Illegal move 219: H16","field":"moves","id":"query_1001"}
2025-11-15 00:48:31-0500: Error: {"error":"Illegal move 219: H16","field":"moves","id":"query_1002"}
2025-11-15 00:48:31-0500: Error: {"error":"Illegal move 219: H16","field":"moves","id":"query_1003"}
2025-11-15 00:48:31-0500: Error: {"error":"Illegal move 219: H16","field":"moves","id":"query_1004"}
2025-11-15 00:48:31-0500: Error: {"error":"Illegal move 219: H16","field":"moves","id":"query_1005"}
2025-11-15 00:48:31-0500: Error: {"error":"Illegal move 219: H16","field":"moves","id":"query_1006"}
2025-11-15 00:48:31-0500: Error: {"error":"Illegal move 219: H16","field":"moves","id":"query_1007"}
2025-11-15 00:48:31-0500: Error: {"error":"Illegal move 219: H16","field":"moves","id":"query_1008"}
2025-11-15 00:48:31-0500: Error: {"error":"Illegal move 219: H16","field":"moves","id":"query_1009"}
2025-11-15 00:48:31-0500: Error: {"error":"Illegal move 219: H16","field":"moves","id":"query_1010"}
2025-11-15 00:48:31-0500: Error: {"error":"Illegal move 219: H16","field":"moves","id":"query_1011"}
2025-11-15 00:48:31-0500: Error: {"error":"Illegal move 219: H16","field":"moves","id":"query_1012"}
2025-11-15 00:48:31-0500: Error: {"error":"Illegal move 219: H16","field":"moves","id":"query_1013"}
2025-11-15 00:48:31-0500: Error: {"error":"Illegal move 219: H16","field":"moves","id":"query_1014"}
2025-11-15 00:48:31-0500: Error: {"error":"Illegal move 219: H16","field":"moves","id":"query_1015"}
2025-11-15 00:48:31-0500: Error: {"error":"Illegal move 219: H16","field":"moves","id":"query_1016"}
2025-11-15 00:48:31-0500: Error: {"error":"Illegal move 219: H16","field":"moves","id":"query_1017"}
2025-11-15 00:48:31-0500: Error: {"error":"Illegal move 219: H16","field":"moves","id":"query_1018"}
2025-11-15 00:48:31-0500: Error: {"error":"Illegal move 219: H16","field":"moves","id":"query_1019"}
2025-11-15 00:48:31-0500: Error: {"error":"Illegal move 219: H16","field":"moves","id":"query_1020"}
2025-11-15 00:48:31-0500: Error: {"error":"Illegal move 219: H16","field":"moves","id":"query_1021"}
2025-11-15 00:48:31-0500: Error: {"error":"Illegal move 219: H16","field":"moves","id":"query_1022"}
2025-11-15 00:48:31-0500: Error: {"error":"Illegal move 219: H16","field":"moves","id":"query_1023"}
2025-11-15 00:48:31-0500: Error: {"error":"Illegal move 219: H16","field":"moves","id":"query_1024"}
2025-11-15 00:52:41-0500: Error: {"error":"Illegal move 118: L10","field":"moves","id":"query_1049"}
2025-11-15 00:52:41-0500: Error: {"error":"Illegal move 118: L10","field":"moves","id":"query_1050"}
2025-11-15 00:52:41-0500: Error: {"error":"Illegal move 118: L10","field":"moves","id":"query_1051"}
2025-11-15 00:52:41-0500: Error: {"error":"Illegal move 118: L10","field":"moves","id":"query_1052"}
2025-11-15 00:52:41-0500: Error: {"error":"Illegal move 118: L10","field":"moves","id":"query_1053"}
2025-11-15 00:52:41-0500: Error: {"error":"Illegal move 118: L10","field":"moves","id":"query_1054"}
2025-11-15 00:52:41-0500: Error: {"error":"Illegal move 118: L10","field":"moves","id":"query_1055"}
2025-11-15 00:52:41-0500: Error: {"error":"Illegal move 118: L10","field":"moves","id":"query_1056"}
2025-11-15 00:52:41-0500: Error: {"error":"Illegal move 118: L10","field":"moves","id":"query_1057"}
2025-11-15 00:52:41-0500: Error: {"error":"Illegal move 118: L10","field":"moves","id":"query_1058"}
2025-11-15 00:52:41-0500: Error: {"error":"Illegal move 118: L10","field":"moves","id":"query_1059"}
2025-11-15 00:52:41-0500: Error: {"error":"Illegal move 118: L10","field":"moves","id":"query_1060"}
2025-11-15 00:52:41-0500: Error: {"error":"Illegal move 118: L10","field":"moves","id":"query_1061"}
2025-11-15 00:52:41-0500: Error: {"error":"Illegal move 118: L10","field":"moves","id":"query_1062"}
2025-11-15 00:52:41-0500: Error: {"error":"Illegal move 118: L10","field":"moves","id":"query_1063"}
2025-11-15 00:52:41-0500: Error: {"error":"Illegal move 118: L10","field":"moves","id":"query_1064"}
2025-11-15 00:52:41-0500: Error: {"error":"Illegal move 118: L10","field":"moves","id":"query_1065"}
2025-11-15 00:52:41-0500: Error: {"error":"Illegal move 118: L10","field":"moves","id":"query_1066"}
2025-11-15 00:52:41-0500: Error: {"error":"Illegal move 118: L10","field":"moves","id":"query_1067"}
2025-11-15 00:52:41-0500: Error: {"error":"Illegal move 118: L10","field":"moves","id":"query_1068"}
2025-11-15 00:52:41-0500: Error: {"error":"Illegal move 118: L10","field":"moves","id":"query_1069"}
2025-11-15 00:52:41-0500: Error: {"error":"Illegal move 118: L10","field":"moves","id":"query_1070"}
2025-11-15 00:52:41-0500: Error: {"error":"Illegal move 118: L10","field":"moves","id":"query_1071"}
2025-11-15 00:52:41-0500: Error: {"error":"Illegal move 118: L10","field":"moves","id":"query_1072"}
2025-11-15 00:52:41-0500: Error: {"error":"Illegal move 118: L10","field":"moves","id":"query_1073"}
2025-11-15 00:52:41-0500: Error: {"error":"Illegal move 118: L10","field":"moves","id":"query_1074"}
2025-11-15 00:52:41-0500: Error: {"error":"Illegal move 118: L10","field":"moves","id":"query_1075"}
2025-11-15 00:52:41-0500: Error: {"error":"Illegal move 118: L10","field":"moves","id":"query_1076"}
2025-11-15 00:52:52-0500: Error: {"error":"Could not parse board location: F19","field":"moves","id":"query_1078"}
2025-11-15 00:52:52-0500: Error: {"error":"Could not parse board location: F19","field":"moves","id":"query_1079"}
2025-11-15 00:52:52-0500: Error: {"error":"Could not parse board location: F19","field":"moves","id":"query_1080"}
2025-11-15 00:52:52-0500: Error: {"error":"Could not parse board location: F19","field":"moves","id":"query_1081"}
2025-11-15 00:52:52-0500: Error: {"error":"Could not parse board location: F19","field":"moves","id":"query_1082"}
2025-11-15 00:52:52-0500: Error: {"error":"Could not parse board location: F19","field":"moves","id":"query_1083"}
2025-11-15 00:52:52-0500: Error: {"error":"Could not parse board location: F19","field":"moves","id":"query_1084"}
2025-11-15 00:52:52-0500: Error: {"error":"Could not parse board location: F19","field":"moves","id":"query_1085"}
2025-11-15 00:52:52-0500: Error: {"error":"Could not parse board location: F19","field":"moves","id":"query_1086"}
2025-11-15 00:52:52-0500: Error: {"error":"Could not parse board location: F19","field":"moves","id":"query_1087"}
2025-11-15 00:52:52-0500: Error: {"error":"Could not parse board location: F19","field":"moves","id":"query_1088"}
2025-11-15 00:52:52-0500: Error: {"error":"Could not parse board location: F19","field":"moves","id":"query_1089"}
2025-11-15 00:52:52-0500: Error: {"error":"Could not parse board location: F19","field":"moves","id":"query_1090"}
2025-11-15 00:52:52-0500: Error: {"error":"Could not parse board location: F19","field":"moves","id":"query_1091"}
2025-11-15 00:52:52-0500: Error: {"error":"Could not parse board location: F19","field":"moves","id":"query_1092"}
2025-11-15 00:52:52-0500: Error: {"error":"Could not parse board location: F19","field":"moves","id":"query_1093"}
2025-11-15 00:52:52-0500: Error: {"error":"Could not parse board location: F19","field":"moves","id":"query_1094"}
2025-11-15 00:52:52-0500: Error: {"error":"Could not parse board location: F19","field":"moves","id":"query_1095"}
2025-11-15 00:52:52-0500: Error: {"error":"Could not parse board location: F19","field":"moves","id":"query_1096"}
2025-11-15 00:52:52-0500: Error: {"error":"Could not parse board location: F19","field":"moves","id":"query_1097"}
2025-11-15 00:52:52-0500: Error: {"error":"Could not parse board location: F19","field":"moves","id":"query_1098"}
2025-11-15 00:52:52-0500: Error: {"error":"Could not parse board location: F19","field":"moves","id":"query_1099"}
2025-11-15 00:52:52-0500: Error: {"error":"Could not parse board location: F19","field":"moves","id":"query_1100"}
2025-11-15 00:52:52-0500: Error: {"error":"Could not parse board location: F19","field":"moves","id":"query_1101"}
2025-11-15 00:52:52-0500: Error: {"error":"Could not parse board location: F19","field":"moves","id":"query_1102"}
2025-11-15 00:52:52-0500: Error: {"error":"Could not parse board location: F19","field":"moves","id":"query_1103"}
2025-11-15 00:52:52-0500: Error: {"error":"Could not parse board location: F19","field":"moves","id":"query_1104"}
2025-11-15 00:52:52-0500: Error: {"error":"Could not parse board location: F19","field":"moves","id":"query_1105"}
2025-11-15 00:52:52-0500: Error: {"error":"Could not parse board location: F19","field":"moves","id":"query_1106"}
2025-11-15 00:52:52-0500: Error: {"error":"Could not parse board location: F19","field":"moves","id":"query_1107"}
2025-11-15 00:52:52-0500: Error: {"error":"Could not parse board location: F19","field":"moves","id":"query_1108"}
2025-11-15 01:04:27-0500: Error: {"error":"Illegal move 160: G7","field":"moves","id":"query_1182"}
2025-11-15 01:04:27-0500: Error: {"error":"Illegal move 160: G7","field":"moves","id":"query_1183"}
2025-11-15 01:04:27-0500: Error: {"error":"Illegal move 160: G7","field":"moves","id":"query_1184"}
2025-11-15 01:04:27-0500: Error: {"error":"Illegal move 160: G7","field":"moves","id":"query_1185"}
2025-11-15 01:04:27-0500: Error: {"error":"Illegal move 160: G7","field":"moves","id":"query_1186"}
2025-11-15 01:04:27-0500: Error: {"error":"Illegal move 160: G7","field":"moves","id":"query_1187"}
2025-11-15 01:04:27-0500: Error: {"error":"Illegal move 160: G7","field":"moves","id":"query_1188"}
2025-11-15 01:04:27-0500: Error: {"error":"Illegal move 160: G7","field":"moves","id":"query_1189"}
2025-11-15 01:04:27-0500: Error: {"error":"Illegal move 160: G7","field":"moves","id":"query_1190"}
2025-11-15 01:04:27-0500: Error: {"error":"Illegal move 160: G7","field":"moves","id":"query_1191"}
2025-11-15 01:04:27-0500: Error: {"error":"Illegal move 160: G7","field":"moves","id":"query_1192"}
2025-11-15 01:04:27-0500: Error: {"error":"Illegal move 160: G7","field":"moves","id":"query_1193"}
2025-11-15 01:04:27-0500: Error: {"error":"Illegal move 160: G7","field":"moves","id":"query_1194"}
2025-11-15 01:04:27-0500: Error: {"error":"Illegal move 160: G7","field":"moves","id":"query_1195"}
2025-11-15 01:04:27-0500: Error: {"error":"Illegal move 160: G7","field":"moves","id":"query_1196"}
2025-11-15 01:04:27-0500: Error: {"error":"Illegal move 160: G7","field":"moves","id":"query_1197"}
2025-11-15 01:04:27-0500: Error: {"error":"Illegal move 160: G7","field":"moves","id":"query_1198"}
2025-11-15 01:04:27-0500: Error: {"error":"Illegal move 160: G7","field":"moves","id":"query_1199"}
2025-11-15 01:04:27-0500: Error: {"error":"Illegal move 160: G7","field":"moves","id":"query_1200"}
2025-11-15 01:04:27-0500: Error: {"error":"Illegal move 160: G7","field":"moves","id":"query_1201"}
2025-11-15 01:04:27-0500: Error: {"error":"Illegal move 160: G7","field":"moves","id":"query_1202"}
2025-11-15 01:04:27-0500: Error: {"error":"Illegal move 160: G7","field":"moves","id":"query_1203"}
2025-11-15 01:04:27-0500: Error: {"error":"Illegal move 160: G7","field":"moves","id":"query_1204"}
2025-11-15 01:04:27-0500: Error: {"error":"Illegal move 160: G7","field":"moves","id":"query_1205"}
2025-11-15 01:04:27-0500: Error: {"error":"Illegal move 160: G7","field":"moves","id":"query_1206"}
2025-11-15 01:04:27-0500: Error: {"error":"Illegal move 160: G7","field":"moves","id":"query_1207"}
2025-11-15 01:04:27-0500: Error: {"error":"Illegal move 160: G7","field":"moves","id":"query_1208"}
2025-11-15 01:04:27-0500: Error: {"error":"Illegal move 160: G7","field":"moves","id":"query_1209"}
2025-11-15 01:04:27-0500: Error: {"error":"Illegal move 160: G7","field":"moves","id":"query_1210"}
2025-11-15 01:04:27-0500: Error: {"error":"Could not parse board location: G17","field":"moves","id":"query_1211"}
2025-11-15 01:04:27-0500: Error: {"error":"Could not parse board location: G17","field":"moves","id":"query_1212"}
2025-11-15 01:04:27-0500: Error: {"error":"Could not parse board location: G17","field":"moves","id":"query_1213"}
2025-11-15 01:04:27-0500: Error: {"error":"Could not parse board location: G17","field":"moves","id":"query_1214"}
2025-11-15 01:04:27-0500: Error: {"error":"Could not parse board location: G17","field":"moves","id":"query_1215"}
2025-11-15 01:04:27-0500: Error: {"error":"Could not parse board location: G17","field":"moves","id":"query_1216"}
2025-11-15 01:04:27-0500: Error: {"error":"Could not parse board location: G17","field":"moves","id":"query_1217"}
2025-11-15 01:04:27-0500: Error: {"error":"Could not parse board location: G17","field":"moves","id":"query_1218"}
2025-11-15 01:04:27-0500: Error: {"error":"Could not parse board location: G17","field":"moves","id":"query_1219"}
2025-11-15 01:04:27-0500: Error: {"error":"Could not parse board location: G17","field":"moves","id":"query_1220"}
2025-11-15 01:04:27-0500: Error: {"error":"Could not parse board location: G17","field":"moves","id":"query_1221"}
2025-11-15 01:04:27-0500: Error: {"error":"Could not parse board location: G17","field":"moves","id":"query_1222"}
2025-11-15 01:04:27-0500: Error: {"error":"Could not parse board location: G17","field":"moves","id":"query_1223"}
2025-11-15 01:04:27-0500: Error: {"error":"Could not parse board location: G17","field":"moves","id":"query_1224"}
2025-11-15 01:04:27-0500: Error: {"error":"Could not parse board location: G17","field":"moves","id":"query_1225"}
2025-11-15 01:04:27-0500: Error: {"error":"Could not parse board location: G17","field":"moves","id":"query_1226"}
2025-11-15 01:04:27-0500: Error: {"error":"Could not parse board location: G17","field":"moves","id":"query_1227"}
2025-11-15 01:04:27-0500: Error: {"error":"Could not parse board location: G17","field":"moves","id":"query_1228"}
2025-11-15 01:04:27-0500: Error: {"error":"Could not parse board location: G17","field":"moves","id":"query_1229"}
2025-11-15 01:04:27-0500: Error: {"error":"Could not parse board location: G17","field":"moves","id":"query_1230"}
2025-11-15 01:04:27-0500: Error: {"error":"Could not parse board location: G17","field":"moves","id":"query_1231"}
2025-11-15 01:04:27-0500: Error: {"error":"Could not parse board location: G17","field":"moves","id":"query_1232"}
2025-11-15 01:04:27-0500: Error: {"error":"Could not parse board location: G17","field":"moves","id":"query_1233"}
2025-11-15 01:04:27-0500: Error: {"error":"Could not parse board location: G17","field":"moves","id":"query_1234"}
2025-11-15 01:04:27-0500: Error: {"error":"Could not parse board location: G17","field":"moves","id":"query_1235"}
2025-11-15 01:04:27-0500: Error: {"error":"Could not parse board location: G17","field":"moves","id":"query_1236"}
2025-11-15 01:04:27-0500: Error: {"error":"Could not parse board location: G17","field":"moves","id":"query_1237"}
2025-11-15 01:04:27-0500: Error: {"error":"Could not parse board location: G17","field":"moves","id":"query_1238"}
2025-11-15 01:04:27-0500: Error: {"error":"Could not parse board location: G17","field":"moves","id":"query_1239"}
2025-11-15 01:04:27-0500: Error: {"error":"Could not parse board location: G17","field":"moves","id":"query_1240"}
2025-11-15 01:04:27-0500: Error: {"error":"Could not parse board location: G17","field":"moves","id":"query_1241"}
2025-11-15 01:04:27-0500: Error: {"error":"Could not parse board location: G17","field":"moves","id":"query_1242"}
2025-11-15 01:04:27-0500: Error: {"error":"Could not parse board location: G17","field":"moves","id":"query_1243"}
2025-11-15 01:04:27-0500: Error: {"error":"Could not parse board location: G17","field":"moves","id":"query_1244"}
2025-11-15 01:04:27-0500: Error: {"error":"Could not parse board location: G17","field":"moves","id":"query_1245"}
2025-11-15 01:04:27-0500: Error: {"error":"Could not parse board location: G17","field":"moves","id":"query_1246"}
2025-11-15 01:04:27-0500: Error: {"error":"Could not parse board location: G17","field":"moves","id":"query_1247"}
2025-11-15 01:04:27-0500: Error: {"error":"Could not parse board location: G17","field":"moves","id":"query_1248"}
2025-11-15 01:04:27-0500: Error: {"error":"Could not parse board location: G17","field":"moves","id":"query_1249"}
2025-11-15 01:04:27-0500: Error: {"error":"Could not parse board location: G17","field":"moves","id":"query_1250"}
2025-11-15 01:04:27-0500: Error: {"error":"Could not parse board location: G17","field":"moves","id":"query_1251"}
