2025-11-16 18:38:42,921 - INFO - ======================================================================
2025-11-16 18:38:42,921 - INFO - DataGo Bot vs KataGo Match (Recursive Deep Search + RAG)
2025-11-16 18:38:42,921 - INFO - ======================================================================
2025-11-16 18:38:42,921 - INFO - Games: 10, Max moves per game: 100
2025-11-16 18:38:42,921 - INFO - Deep search threshold: 0.2
2025-11-16 18:38:42,921 - INFO - Max recursion depth: 3
2025-11-16 18:38:42,921 - INFO - Deep MCTS visits: 2000
2025-11-16 18:38:42,921 - INFO - 
2025-11-16 18:38:42,921 - INFO - Starting KataGo GTP on GPU 7...
2025-11-16 18:38:42,921 - INFO - Starting GTP engine: /scratch2/f003x5w/RAGFlow-Datago/datago/../katago_repo/KataGo/cpp/build-eigen/katago gtp -model /scratch2/f003x5w/RAGFlow-Datago/datago/../katago_repo/run/default_model.bin.gz -config /scratch2/f003x5w/RAGFlow-Datago/datago/../katago_repo/run/default_gtp.cfg
2025-11-16 18:38:42,921 - INFO - Initializing RAG database with multi-context support...
2025-11-16 18:38:42,921 - INFO - Recursion depth: 3
2025-11-16 18:38:42,921 - INFO - Deep search threshold: 0.150
2025-11-16 18:38:42,922 - INFO - Deep search visits: 2000, Standard visits: 800
2025-11-16 18:38:42,922 - INFO - 
======================================================================
2025-11-16 18:38:42,922 - INFO - Game 1/10
2025-11-16 18:38:42,922 - INFO - ======================================================================

2025-11-16 18:38:48,362 - INFO - Move 1: DataGo (Black) thinking...
2025-11-16 18:39:13,311 - INFO -   → Complex position detected (unc=0.200)
2025-11-16 18:39:13,312 - INFO -   → No match found: fe8837bac731, running deep search
2025-11-16 18:39:13,314 - INFO -   → Deep search (depth=0, unc=0.200)
2025-11-16 18:40:12,673 - INFO -     → Recursive search for child
2025-11-16 18:40:12,674 - INFO -     → Deep search (depth=1, unc=0.557)
2025-11-16 18:41:14,182 - INFO -       → Recursive search for child
2025-11-16 18:41:14,184 - INFO -       → Deep search (depth=2, unc=0.489)
2025-11-16 18:42:19,376 - INFO -         → Recursive search for child
2025-11-16 18:42:19,377 - INFO -         → Max recursion depth reached
2025-11-16 18:42:36,460 - INFO -         → Recursive search for child
2025-11-16 18:42:36,460 - INFO -         → Max recursion depth reached
2025-11-16 18:42:49,189 - INFO -         → Recursive search for child
2025-11-16 18:42:49,189 - INFO -         → Max recursion depth reached
2025-11-16 18:43:01,411 - INFO -         → Recursive search for child
2025-11-16 18:43:01,411 - INFO -         → Max recursion depth reached
2025-11-16 18:43:13,324 - INFO -         → Recursive search for child
2025-11-16 18:43:13,324 - INFO -         → Max recursion depth reached
2025-11-16 18:43:25,279 - INFO -       → Recursive search for child
2025-11-16 18:43:25,282 - INFO -       → Deep search (depth=2, unc=0.489)
2025-11-16 18:43:53,737 - INFO -         → Recursive search for child
2025-11-16 18:43:53,737 - INFO -         → Max recursion depth reached
2025-11-16 18:44:06,054 - INFO -         → Recursive search for child
2025-11-16 18:44:06,055 - INFO -         → Max recursion depth reached
2025-11-16 18:44:18,764 - INFO -         → Recursive search for child
2025-11-16 18:44:18,764 - INFO -         → Max recursion depth reached
2025-11-16 18:44:31,342 - INFO -         → Recursive search for child
2025-11-16 18:44:31,343 - INFO -         → Max recursion depth reached
2025-11-16 18:44:44,186 - INFO -         → Recursive search for child
2025-11-16 18:44:44,186 - INFO -         → Max recursion depth reached
2025-11-16 18:44:56,956 - INFO -       → Recursive search for child
2025-11-16 18:44:56,959 - INFO -       → Deep search (depth=2, unc=0.489)
2025-11-16 18:45:25,934 - INFO -         → Recursive search for child
2025-11-16 18:45:25,935 - INFO -         → Max recursion depth reached
2025-11-16 18:45:38,824 - INFO -         → Recursive search for child
2025-11-16 18:45:38,824 - INFO -         → Max recursion depth reached
2025-11-16 18:45:51,579 - INFO -         → Recursive search for child
2025-11-16 18:45:51,579 - INFO -         → Max recursion depth reached
2025-11-16 18:46:04,296 - INFO -         → Recursive search for child
2025-11-16 18:46:04,296 - INFO -         → Max recursion depth reached
2025-11-16 18:46:17,044 - INFO -         → Recursive search for child
2025-11-16 18:46:17,044 - INFO -         → Max recursion depth reached
2025-11-16 18:46:30,282 - INFO -       → Recursive search for child
2025-11-16 18:46:30,284 - INFO -       → Deep search (depth=2, unc=0.489)
2025-11-16 18:47:01,633 - INFO -         → Recursive search for child
2025-11-16 18:47:01,633 - INFO -         → Max recursion depth reached
2025-11-16 18:47:15,332 - INFO -         → Recursive search for child
2025-11-16 18:47:15,332 - INFO -         → Max recursion depth reached
2025-11-16 18:47:28,908 - INFO -         → Recursive search for child
2025-11-16 18:47:28,908 - INFO -         → Max recursion depth reached
2025-11-16 18:47:42,095 - INFO -         → Recursive search for child
2025-11-16 18:47:42,096 - INFO -         → Max recursion depth reached
2025-11-16 18:47:55,285 - INFO -         → Recursive search for child
2025-11-16 18:47:55,285 - INFO -         → Max recursion depth reached
2025-11-16 18:48:09,043 - INFO -       → Recursive search for child
2025-11-16 18:48:09,046 - INFO -       → Deep search (depth=2, unc=0.489)
2025-11-16 18:48:38,912 - INFO -         → Recursive search for child
2025-11-16 18:48:38,913 - INFO -         → Max recursion depth reached
2025-11-16 18:48:52,336 - INFO -         → Recursive search for child
2025-11-16 18:48:52,336 - INFO -         → Max recursion depth reached
2025-11-16 18:49:05,576 - INFO -         → Recursive search for child
2025-11-16 18:49:05,576 - INFO -         → Max recursion depth reached
2025-11-16 18:49:19,103 - INFO -         → Recursive search for child
2025-11-16 18:49:19,103 - INFO -         → Max recursion depth reached
2025-11-16 18:49:32,806 - INFO -         → Recursive search for child
2025-11-16 18:49:32,806 - INFO -         → Max recursion depth reached
2025-11-16 18:49:46,558 - INFO -     → Recursive search for child
2025-11-16 18:49:46,562 - INFO -     → Deep search (depth=1, unc=0.557)
2025-11-16 18:50:18,399 - INFO -       → Recursive search for child
2025-11-16 18:50:18,401 - INFO -       → Deep search (depth=2, unc=0.717)
2025-11-16 18:50:49,401 - INFO -         → Recursive search for child
2025-11-16 18:50:49,401 - INFO -         → Max recursion depth reached
2025-11-16 18:51:02,995 - INFO -         → Recursive search for child
2025-11-16 18:51:02,995 - INFO -         → Max recursion depth reached
2025-11-16 18:51:16,788 - INFO -         → Recursive search for child
2025-11-16 18:51:16,789 - INFO -         → Max recursion depth reached
2025-11-16 18:51:30,691 - INFO -         → Recursive search for child
2025-11-16 18:51:30,691 - INFO -         → Max recursion depth reached
2025-11-16 18:51:44,012 - INFO -         → Recursive search for child
2025-11-16 18:51:44,012 - INFO -         → Max recursion depth reached
2025-11-16 18:51:57,289 - INFO -       → Recursive search for child
2025-11-16 18:51:57,290 - INFO -       → Deep search (depth=2, unc=0.717)
2025-11-16 18:52:27,605 - INFO -         → Recursive search for child
2025-11-16 18:52:27,606 - INFO -         → Max recursion depth reached
2025-11-16 18:52:40,959 - INFO -         → Recursive search for child
2025-11-16 18:52:40,959 - INFO -         → Max recursion depth reached
2025-11-16 18:52:54,350 - INFO -         → Recursive search for child
2025-11-16 18:52:54,351 - INFO -         → Max recursion depth reached
2025-11-16 18:53:07,917 - INFO -         → Recursive search for child
2025-11-16 18:53:07,917 - INFO -         → Max recursion depth reached
2025-11-16 18:53:21,545 - INFO -         → Recursive search for child
2025-11-16 18:53:21,545 - INFO -         → Max recursion depth reached
2025-11-16 18:53:35,066 - INFO -       → Recursive search for child
2025-11-16 18:53:35,068 - INFO -       → Deep search (depth=2, unc=0.717)
2025-11-16 18:54:07,182 - INFO -         → Recursive search for child
2025-11-16 18:54:07,182 - INFO -         → Max recursion depth reached
2025-11-16 18:54:19,815 - INFO -         → Recursive search for child
2025-11-16 18:54:19,815 - INFO -         → Max recursion depth reached
2025-11-16 18:54:32,325 - INFO -         → Recursive search for child
2025-11-16 18:54:32,325 - INFO -         → Max recursion depth reached
2025-11-16 18:54:44,784 - INFO -         → Recursive search for child
2025-11-16 18:54:44,785 - INFO -         → Max recursion depth reached
2025-11-16 18:54:56,591 - INFO -         → Recursive search for child
2025-11-16 18:54:56,591 - INFO -         → Max recursion depth reached
2025-11-16 18:55:08,840 - INFO -       → Recursive search for child
2025-11-16 18:55:08,842 - INFO -       → Deep search (depth=2, unc=0.717)
2025-11-16 18:55:38,029 - INFO -         → Recursive search for child
2025-11-16 18:55:38,029 - INFO -         → Max recursion depth reached
2025-11-16 18:55:50,668 - INFO -         → Recursive search for child
2025-11-16 18:55:50,668 - INFO -         → Max recursion depth reached
2025-11-16 18:56:03,970 - INFO -         → Recursive search for child
2025-11-16 18:56:03,970 - INFO -         → Max recursion depth reached
2025-11-16 18:56:17,373 - INFO -         → Recursive search for child
2025-11-16 18:56:17,373 - INFO -         → Max recursion depth reached
2025-11-16 18:56:20,477 - INFO -         → Recursive search for child
2025-11-16 18:56:20,477 - INFO -         → Max recursion depth reached
2025-11-16 18:56:33,893 - INFO -       → Recursive search for child
2025-11-16 18:56:33,895 - INFO -       → Deep search (depth=2, unc=0.717)
2025-11-16 18:57:04,976 - INFO -         → Recursive search for child
2025-11-16 18:57:04,976 - INFO -         → Max recursion depth reached
2025-11-16 18:57:18,269 - INFO -         → Recursive search for child
2025-11-16 18:57:18,269 - INFO -         → Max recursion depth reached
2025-11-16 18:57:31,829 - INFO -         → Recursive search for child
2025-11-16 18:57:31,829 - INFO -         → Max recursion depth reached
2025-11-16 18:57:41,710 - INFO -         → Recursive search for child
2025-11-16 18:57:41,711 - INFO -         → Max recursion depth reached
2025-11-16 18:57:43,034 - INFO -         → Recursive search for child
2025-11-16 18:57:43,034 - INFO -         → Max recursion depth reached
2025-11-16 18:57:44,362 - INFO -     → Child cache hit: 60c3202aea42
2025-11-16 18:57:44,365 - INFO -     → Child cache hit: 9cbe904cde37
2025-11-16 18:57:44,367 - INFO -     → Recursive search for child
2025-11-16 18:57:44,369 - INFO -     → Deep search (depth=1, unc=0.557)
2025-11-16 18:58:00,474 - INFO -       → Recursive search for child
2025-11-16 18:58:00,475 - INFO -       → Deep search (depth=2, unc=0.556)
2025-11-16 18:58:27,442 - INFO -         → Recursive search for child
2025-11-16 18:58:27,442 - INFO -         → Max recursion depth reached
2025-11-16 18:58:28,047 - INFO -         → Recursive search for child
2025-11-16 18:58:28,047 - INFO -         → Max recursion depth reached
2025-11-16 18:58:28,695 - INFO -         → Recursive search for child
2025-11-16 18:58:28,695 - INFO -         → Max recursion depth reached
2025-11-16 18:58:29,416 - INFO -         → Recursive search for child
2025-11-16 18:58:29,416 - INFO -         → Max recursion depth reached
2025-11-16 18:58:30,520 - INFO -       → Recursive search for child
2025-11-16 18:58:30,523 - INFO -       → Deep search (depth=2, unc=0.556)
2025-11-16 18:58:37,932 - INFO -         → Recursive search for child
2025-11-16 18:58:37,932 - INFO -         → Max recursion depth reached
2025-11-16 18:58:39,211 - INFO -         → Recursive search for child
2025-11-16 18:58:39,211 - INFO -         → Max recursion depth reached
2025-11-16 18:58:49,364 - INFO -         → Recursive search for child
2025-11-16 18:58:49,365 - INFO -         → Max recursion depth reached
2025-11-16 18:58:50,863 - INFO -         → Recursive search for child
2025-11-16 18:58:50,863 - INFO -         → Max recursion depth reached
2025-11-16 18:58:51,462 - INFO -       → Recursive search for child
2025-11-16 18:58:51,463 - INFO -       → Deep search (depth=2, unc=0.556)
2025-11-16 18:59:07,359 - INFO -         → Recursive search for child
2025-11-16 18:59:07,359 - INFO -         → Max recursion depth reached
2025-11-16 18:59:07,373 - INFO -         → Recursive search for child
2025-11-16 18:59:07,373 - INFO -         → Max recursion depth reached
2025-11-16 18:59:07,969 - INFO -         → Recursive search for child
2025-11-16 18:59:07,969 - INFO -         → Max recursion depth reached
2025-11-16 18:59:07,983 - INFO -         → Recursive search for child
2025-11-16 18:59:07,983 - INFO -         → Max recursion depth reached
2025-11-16 18:59:07,997 - INFO -       → Recursive search for child
2025-11-16 18:59:08,000 - INFO -       → Deep search (depth=2, unc=0.556)
2025-11-16 18:59:16,638 - INFO -         → Recursive search for child
2025-11-16 18:59:16,638 - INFO -         → Max recursion depth reached
2025-11-16 18:59:17,242 - INFO -         → Recursive search for child
2025-11-16 18:59:17,242 - INFO -         → Max recursion depth reached
2025-11-16 18:59:17,257 - INFO -         → Recursive search for child
2025-11-16 18:59:17,257 - INFO -         → Max recursion depth reached
2025-11-16 18:59:17,855 - INFO -         → Recursive search for child
2025-11-16 18:59:17,855 - INFO -         → Max recursion depth reached
2025-11-16 18:59:18,490 - INFO - Move 1: DataGo (Black) plays D16 [unc=0.200, DEEP, 1230112ms]
2025-11-16 18:59:18,540 - INFO - Move 2: KataGo (White) thinking...
2025-11-16 18:59:26,899 - INFO - Move 2: KataGo (White) plays B14
2025-11-16 18:59:26,950 - INFO - Move 3: DataGo (Black) thinking...
2025-11-16 18:59:39,303 - INFO - Move 3: DataGo (Black) plays C14 [unc=0.120, 12353ms]
2025-11-16 18:59:39,354 - INFO - Move 4: KataGo (White) thinking...
2025-11-16 19:00:07,193 - INFO - Move 4: KataGo (White) plays C14
2025-11-16 19:00:07,243 - INFO - Move 5: DataGo (Black) thinking...
2025-11-16 19:00:20,152 - INFO - Move 5: DataGo (Black) plays D14 [unc=0.126, 12908ms]
2025-11-16 19:00:20,202 - INFO - Move 6: KataGo (White) thinking...
2025-11-16 19:00:47,938 - INFO - Move 6: KataGo (White) plays PASS
2025-11-16 19:00:47,988 - INFO - Move 7: DataGo (Black) thinking...
2025-11-16 19:00:54,827 - INFO - Move 7: DataGo (Black) plays A14 [unc=0.107, 6839ms]
2025-11-16 19:00:54,877 - INFO - Move 8: KataGo (White) thinking...
2025-11-16 19:01:22,732 - INFO - Move 8: KataGo (White) plays PASS
2025-11-16 19:01:22,782 - INFO - Move 9: DataGo (Black) thinking...
2025-11-16 19:01:27,412 - INFO - Move 9: DataGo (Black) plays B15 [unc=0.091, 4630ms]
2025-11-16 19:01:27,462 - INFO - Move 10: KataGo (White) thinking...
2025-11-16 19:01:57,532 - INFO - Move 10: KataGo (White) plays S14
2025-11-16 19:01:57,582 - INFO - Move 11: DataGo (Black) thinking...
2025-11-16 19:02:09,943 - INFO -   → Complex position detected (unc=0.153)
2025-11-16 19:02:09,946 - INFO -   → No match found: 2e1253e22c58, running deep search
2025-11-16 19:02:09,949 - INFO -   → Deep search (depth=0, unc=0.153)
2025-11-16 19:02:38,683 - INFO -     → Recursive search for child
2025-11-16 19:02:38,686 - INFO -     → Deep search (depth=1, unc=0.486)
2025-11-16 19:03:08,321 - INFO -       → Recursive search for child
2025-11-16 19:03:08,324 - INFO -       → Deep search (depth=2, unc=0.461)
2025-11-16 19:03:37,416 - INFO -         → Recursive search for child
2025-11-16 19:03:37,416 - INFO -         → Max recursion depth reached
2025-11-16 19:03:50,363 - INFO -         → Recursive search for child
2025-11-16 19:03:50,363 - INFO -         → Max recursion depth reached
2025-11-16 19:04:03,552 - INFO -         → Recursive search for child
2025-11-16 19:04:03,552 - INFO -         → Max recursion depth reached
2025-11-16 19:04:14,871 - INFO -         → Recursive search for child
2025-11-16 19:04:14,871 - INFO -         → Max recursion depth reached
2025-11-16 19:04:28,294 - INFO -         → Recursive search for child
2025-11-16 19:04:28,294 - INFO -         → Max recursion depth reached
2025-11-16 19:04:39,385 - INFO -       → Recursive search for child
2025-11-16 19:04:39,387 - INFO -       → Deep search (depth=2, unc=0.461)
2025-11-16 19:04:56,854 - INFO -         → Recursive search for child
2025-11-16 19:04:56,854 - INFO -         → Max recursion depth reached
2025-11-16 19:04:57,473 - INFO -         → Recursive search for child
2025-11-16 19:04:57,473 - INFO -         → Max recursion depth reached
2025-11-16 19:04:58,131 - INFO -         → Recursive search for child
2025-11-16 19:04:58,131 - INFO -         → Max recursion depth reached
2025-11-16 19:04:58,827 - INFO -         → Recursive search for child
2025-11-16 19:04:58,827 - INFO -         → Max recursion depth reached
2025-11-16 19:05:00,111 - INFO -       → Recursive search for child
2025-11-16 19:05:00,114 - INFO -       → Deep search (depth=2, unc=0.461)
2025-11-16 19:05:23,580 - INFO -         → Recursive search for child
2025-11-16 19:05:23,580 - INFO -         → Max recursion depth reached
2025-11-16 19:05:24,958 - INFO -         → Recursive search for child
2025-11-16 19:05:24,958 - INFO -         → Max recursion depth reached
2025-11-16 19:05:26,289 - INFO -         → Recursive search for child
2025-11-16 19:05:26,290 - INFO -         → Max recursion depth reached
2025-11-16 19:05:26,978 - INFO -         → Recursive search for child
2025-11-16 19:05:26,978 - INFO -         → Max recursion depth reached
2025-11-16 19:05:28,214 - INFO -       → Recursive search for child
2025-11-16 19:05:28,217 - INFO -       → Deep search (depth=2, unc=0.461)
2025-11-16 19:05:51,870 - INFO -         → Recursive search for child
2025-11-16 19:05:51,870 - INFO -         → Max recursion depth reached
2025-11-16 19:05:52,472 - INFO -         → Recursive search for child
2025-11-16 19:05:52,472 - INFO -         → Max recursion depth reached
2025-11-16 19:05:53,584 - INFO -         → Recursive search for child
2025-11-16 19:05:53,585 - INFO -         → Max recursion depth reached
2025-11-16 19:05:54,806 - INFO -         → Recursive search for child
2025-11-16 19:05:54,806 - INFO -         → Max recursion depth reached
2025-11-16 19:05:55,461 - INFO -       → Recursive search for child
2025-11-16 19:05:55,464 - INFO -       → Deep search (depth=2, unc=0.461)
2025-11-16 19:06:01,204 - INFO -         → Recursive search for child
2025-11-16 19:06:01,204 - INFO -         → Max recursion depth reached
2025-11-16 19:06:01,216 - INFO -         → Recursive search for child
2025-11-16 19:06:01,217 - INFO -         → Max recursion depth reached
2025-11-16 19:06:11,154 - INFO -         → Recursive search for child
2025-11-16 19:06:11,154 - INFO -         → Max recursion depth reached
2025-11-16 19:06:12,793 - INFO -         → Recursive search for child
2025-11-16 19:06:12,793 - INFO -         → Max recursion depth reached
2025-11-16 19:06:13,508 - INFO -     → Recursive search for child
2025-11-16 19:06:13,510 - INFO -     → Deep search (depth=1, unc=0.486)
2025-11-16 19:06:30,680 - INFO -       → Recursive search for child
2025-11-16 19:06:30,683 - INFO -       → Deep search (depth=2, unc=0.379)
2025-11-16 19:06:42,258 - INFO -         → Recursive search for child
2025-11-16 19:06:42,258 - INFO -         → Max recursion depth reached
2025-11-16 19:06:42,938 - INFO -         → Recursive search for child
2025-11-16 19:06:42,938 - INFO -         → Max recursion depth reached
2025-11-16 19:06:43,542 - INFO -         → Recursive search for child
2025-11-16 19:06:43,542 - INFO -         → Max recursion depth reached
2025-11-16 19:06:43,551 - INFO -         → Recursive search for child
2025-11-16 19:06:43,551 - INFO -         → Max recursion depth reached
2025-11-16 19:06:44,257 - INFO -       → Recursive search for child
2025-11-16 19:06:44,259 - INFO -       → Deep search (depth=2, unc=0.379)
2025-11-16 19:06:50,207 - INFO -         → Child cache hit: 01b33a932cb5
2025-11-16 19:06:50,210 - INFO -         → Recursive search for child
2025-11-16 19:06:50,210 - INFO -         → Max recursion depth reached
2025-11-16 19:06:59,200 - INFO -         → Recursive search for child
2025-11-16 19:06:59,200 - INFO -         → Max recursion depth reached
2025-11-16 19:07:00,943 - INFO -         → Recursive search for child
2025-11-16 19:07:00,943 - INFO -         → Max recursion depth reached
2025-11-16 19:07:01,822 - INFO -       → Recursive search for child
2025-11-16 19:07:01,824 - INFO -       → Deep search (depth=2, unc=0.379)
2025-11-16 19:07:18,508 - INFO -         → Recursive search for child
2025-11-16 19:07:18,508 - INFO -         → Max recursion depth reached
2025-11-16 19:07:19,691 - INFO -         → Recursive search for child
2025-11-16 19:07:19,691 - INFO -         → Max recursion depth reached
2025-11-16 19:07:20,810 - INFO -         → Recursive search for child
2025-11-16 19:07:20,810 - INFO -         → Max recursion depth reached
2025-11-16 19:07:29,612 - INFO -         → Child cache hit: 6e4033e50e49
2025-11-16 19:07:29,615 - INFO -       → Recursive search for child
2025-11-16 19:07:29,617 - INFO -       → Deep search (depth=2, unc=0.379)
2025-11-16 19:07:45,706 - INFO -         → Recursive search for child
2025-11-16 19:07:45,706 - INFO -         → Max recursion depth reached
2025-11-16 19:07:46,329 - INFO -         → Recursive search for child
2025-11-16 19:07:46,329 - INFO -         → Max recursion depth reached
2025-11-16 19:07:46,949 - INFO -         → Recursive search for child
2025-11-16 19:07:46,949 - INFO -         → Max recursion depth reached
2025-11-16 19:07:46,962 - INFO -         → Recursive search for child
2025-11-16 19:07:46,962 - INFO -         → Max recursion depth reached
2025-11-16 19:07:47,563 - INFO -     → Recursive search for child
2025-11-16 19:07:47,566 - INFO -     → Deep search (depth=1, unc=0.486)
2025-11-16 19:07:56,705 - INFO -       → Recursive search for child
2025-11-16 19:07:56,708 - INFO -       → Deep search (depth=2, unc=0.343)
2025-11-16 19:08:03,640 - INFO -         → Recursive search for child
2025-11-16 19:08:03,640 - INFO -         → Max recursion depth reached
2025-11-16 19:08:03,649 - INFO -         → Recursive search for child
2025-11-16 19:08:03,649 - INFO -         → Max recursion depth reached
2025-11-16 19:08:04,251 - INFO -         → Recursive search for child
2025-11-16 19:08:04,252 - INFO -         → Max recursion depth reached
2025-11-16 19:08:04,264 - INFO -         → Recursive search for child
2025-11-16 19:08:04,264 - INFO -         → Max recursion depth reached
2025-11-16 19:08:04,275 - INFO -       → Recursive search for child
2025-11-16 19:08:04,276 - INFO -       → Deep search (depth=2, unc=0.343)
2025-11-16 19:08:08,936 - INFO -         → Child cache hit: dd9547cd71b8
2025-11-16 19:08:08,939 - INFO -         → Recursive search for child
2025-11-16 19:08:08,939 - INFO -         → Max recursion depth reached
2025-11-16 19:08:08,951 - INFO -         → Recursive search for child
2025-11-16 19:08:08,951 - INFO -         → Max recursion depth reached
2025-11-16 19:08:09,544 - INFO -         → Recursive search for child
2025-11-16 19:08:09,544 - INFO -         → Max recursion depth reached
2025-11-16 19:08:10,457 - INFO -       → Recursive search for child
2025-11-16 19:08:10,459 - INFO -       → Deep search (depth=2, unc=0.343)
2025-11-16 19:08:12,602 - INFO -         → Child cache hit: 247b74a7c0b1
2025-11-16 19:08:12,603 - INFO -         → Child cache hit: e2bb2d4c7317
2025-11-16 19:08:12,604 - INFO -         → Recursive search for child
2025-11-16 19:08:12,604 - INFO -         → Max recursion depth reached
2025-11-16 19:08:13,202 - INFO -         → Recursive search for child
2025-11-16 19:08:13,202 - INFO -         → Max recursion depth reached
2025-11-16 19:08:13,215 - INFO -       → Recursive search for child
2025-11-16 19:08:13,218 - INFO -       → Deep search (depth=2, unc=0.343)
2025-11-16 19:08:15,173 - INFO -         → Recursive search for child
2025-11-16 19:08:15,173 - INFO -         → Max recursion depth reached
2025-11-16 19:08:15,185 - INFO -         → Child cache hit: 569bc54e3747
2025-11-16 19:08:15,188 - INFO -         → Child cache hit: ffddf2bcce74
2025-11-16 19:08:15,190 - INFO -         → Recursive search for child
2025-11-16 19:08:15,190 - INFO -         → Max recursion depth reached
2025-11-16 19:08:15,203 - INFO -     → Recursive search for child
2025-11-16 19:08:15,205 - INFO -     → Deep search (depth=1, unc=0.486)
2025-11-16 19:08:17,490 - INFO -       → Recursive search for child
2025-11-16 19:08:17,493 - INFO -       → Deep search (depth=2, unc=0.369)
2025-11-16 19:08:18,769 - INFO -         → Recursive search for child
2025-11-16 19:08:18,769 - INFO -         → Max recursion depth reached
2025-11-16 19:08:19,982 - INFO -         → Recursive search for child
2025-11-16 19:08:19,982 - INFO -         → Max recursion depth reached
2025-11-16 19:08:19,994 - INFO -         → Recursive search for child
2025-11-16 19:08:19,995 - INFO -         → Max recursion depth reached
2025-11-16 19:08:20,666 - INFO -         → Recursive search for child
2025-11-16 19:08:20,666 - INFO -         → Max recursion depth reached
2025-11-16 19:08:21,959 - INFO -       → Recursive search for child
2025-11-16 19:08:21,961 - INFO -       → Deep search (depth=2, unc=0.369)
2025-11-16 19:08:22,646 - INFO -         → Recursive search for child
2025-11-16 19:08:22,647 - INFO -         → Max recursion depth reached
2025-11-16 19:08:22,656 - INFO -         → Child cache hit: 6b18c7d5333c
2025-11-16 19:08:22,658 - INFO -         → Recursive search for child
2025-11-16 19:08:22,658 - INFO -         → Max recursion depth reached
2025-11-16 19:08:22,668 - INFO -         → Recursive search for child
2025-11-16 19:08:22,668 - INFO -         → Max recursion depth reached
2025-11-16 19:08:22,682 - INFO -       → Recursive search for child
2025-11-16 19:08:22,684 - INFO -       → Deep search (depth=2, unc=0.369)
2025-11-16 19:08:24,055 - INFO -         → Child cache hit: a4b410005b0c
2025-11-16 19:08:24,057 - INFO -         → Child cache hit: 2dc55376cfe6
2025-11-16 19:08:24,060 - INFO -         → Recursive search for child
2025-11-16 19:08:24,060 - INFO -         → Max recursion depth reached
2025-11-16 19:08:24,072 - INFO -         → Recursive search for child
2025-11-16 19:08:24,072 - INFO -         → Max recursion depth reached
2025-11-16 19:08:25,347 - INFO -       → Recursive search for child
2025-11-16 19:08:25,350 - INFO -       → Deep search (depth=2, unc=0.369)
2025-11-16 19:08:26,011 - INFO -         → Child cache hit: 198d0b3bf8bf
2025-11-16 19:08:26,013 - INFO -         → Child cache hit: 7bdfe7acae59
2025-11-16 19:08:26,015 - INFO -         → Child cache hit: deb26009d5ef
2025-11-16 19:08:26,018 - INFO -         → Recursive search for child
2025-11-16 19:08:26,018 - INFO -         → Max recursion depth reached
2025-11-16 19:08:26,030 - INFO -     → Recursive search for child
2025-11-16 19:08:26,032 - INFO -     → Deep search (depth=1, unc=0.486)
2025-11-16 19:08:26,638 - INFO -       → Recursive search for child
2025-11-16 19:08:26,640 - INFO -       → Deep search (depth=2, unc=0.340)
2025-11-16 19:08:28,966 - INFO -         → Recursive search for child
2025-11-16 19:08:28,966 - INFO -         → Max recursion depth reached
2025-11-16 19:08:28,978 - INFO -         → Recursive search for child
2025-11-16 19:08:28,978 - INFO -         → Max recursion depth reached
2025-11-16 19:08:28,991 - INFO -         → Recursive search for child
2025-11-16 19:08:28,991 - INFO -         → Max recursion depth reached
2025-11-16 19:08:29,001 - INFO -         → Recursive search for child
2025-11-16 19:08:29,001 - INFO -         → Max recursion depth reached
2025-11-16 19:08:29,588 - INFO -       → Recursive search for child
2025-11-16 19:08:29,590 - INFO -       → Deep search (depth=2, unc=0.340)
2025-11-16 19:08:30,235 - INFO -         → Child cache hit: 473dd2d455d2
2025-11-16 19:08:30,238 - INFO -         → Recursive search for child
2025-11-16 19:08:30,238 - INFO -         → Max recursion depth reached
2025-11-16 19:08:30,920 - INFO -         → Recursive search for child
2025-11-16 19:08:30,920 - INFO -         → Max recursion depth reached
2025-11-16 19:08:30,932 - INFO -         → Recursive search for child
2025-11-16 19:08:30,932 - INFO -         → Max recursion depth reached
2025-11-16 19:08:31,623 - INFO -       → Recursive search for child
2025-11-16 19:08:31,625 - INFO -       → Deep search (depth=2, unc=0.340)
2025-11-16 19:08:32,278 - INFO -         → Child cache hit: 0847aaecf152
2025-11-16 19:08:32,280 - INFO -         → Child cache hit: 4e234deb25d8
2025-11-16 19:08:32,281 - INFO -         → Recursive search for child
2025-11-16 19:08:32,281 - INFO -         → Max recursion depth reached
2025-11-16 19:08:32,889 - INFO -         → Recursive search for child
2025-11-16 19:08:32,890 - INFO -         → Max recursion depth reached
2025-11-16 19:08:33,499 - INFO -       → Recursive search for child
2025-11-16 19:08:33,501 - INFO -       → Deep search (depth=2, unc=0.340)
2025-11-16 19:08:34,144 - INFO -         → Recursive search for child
2025-11-16 19:08:34,144 - INFO -         → Max recursion depth reached
2025-11-16 19:08:34,760 - INFO -         → Child cache hit: 7640eb723120
2025-11-16 19:08:34,762 - INFO -         → Child cache hit: 8feda11c0a34
2025-11-16 19:08:34,765 - INFO -         → Recursive search for child
2025-11-16 19:08:34,765 - INFO -         → Max recursion depth reached
2025-11-16 19:08:35,410 - INFO - Move 11: DataGo (Black) plays T14 [unc=0.153, DEEP, 397817ms]
2025-11-16 19:08:35,461 - INFO - Move 12: KataGo (White) thinking...
2025-11-16 19:08:40,195 - INFO - Move 12: KataGo (White) plays S2
2025-11-16 19:08:40,245 - INFO - Move 13: DataGo (Black) thinking...
2025-11-16 19:08:50,813 - INFO - Move 13: DataGo (Black) plays R2 [unc=0.100, 10568ms]
2025-11-16 19:08:50,863 - INFO - Move 14: KataGo (White) thinking...
2025-11-16 19:09:14,516 - INFO - Move 14: KataGo (White) plays K2
2025-11-16 19:09:14,567 - INFO - Move 15: DataGo (Black) thinking...
2025-11-16 19:09:26,337 - INFO - Move 15: DataGo (Black) plays L2 [unc=0.132, 11770ms]
2025-11-16 19:09:26,388 - INFO - Move 16: KataGo (White) thinking...
2025-11-16 19:09:52,697 - INFO - Move 16: KataGo (White) plays PASS
2025-11-16 19:09:52,747 - INFO - Move 17: DataGo (Black) thinking...
2025-11-16 19:09:58,587 - INFO - Move 17: DataGo (Black) plays L2 [unc=0.108, 5840ms]
2025-11-16 19:09:58,637 - INFO - Move 18: KataGo (White) thinking...
2025-11-16 19:10:26,011 - INFO - Move 18: KataGo (White) plays L18
2025-11-16 19:10:26,061 - INFO - Move 19: DataGo (Black) thinking...
2025-11-16 19:10:38,846 - INFO - Move 19: DataGo (Black) plays S1 [unc=0.147, 12785ms]
2025-11-16 19:10:38,896 - INFO - Move 20: KataGo (White) thinking...
2025-11-16 19:11:07,824 - INFO - Move 20: KataGo (White) plays PASS
2025-11-16 19:11:07,875 - INFO - Move 21: DataGo (Black) thinking...
2025-11-16 19:11:13,332 - INFO - Move 21: DataGo (Black) plays K18 [unc=0.125, 5457ms]
2025-11-16 19:11:13,383 - INFO - Move 22: KataGo (White) thinking...
2025-11-16 19:11:40,873 - INFO - Move 22: KataGo (White) plays B9
2025-11-16 19:11:40,923 - INFO - Move 23: DataGo (Black) thinking...
2025-11-16 19:11:52,041 - INFO -   → Complex position detected (unc=0.155)
2025-11-16 19:11:52,043 - INFO -   → No match found: ed77adbc47ae, running deep search
2025-11-16 19:11:52,044 - INFO -   → Deep search (depth=0, unc=0.155)
2025-11-16 19:12:18,903 - INFO -     → Recursive search for child
2025-11-16 19:12:18,906 - INFO -     → Deep search (depth=1, unc=0.526)
2025-11-16 19:12:48,096 - INFO -       → Recursive search for child
2025-11-16 19:12:48,098 - INFO -       → Deep search (depth=2, unc=0.523)
2025-11-16 19:13:16,953 - INFO -         → Recursive search for child
2025-11-16 19:13:16,953 - INFO -         → Max recursion depth reached
2025-11-16 19:13:29,418 - INFO -         → Recursive search for child
2025-11-16 19:13:29,419 - INFO -         → Max recursion depth reached
2025-11-16 19:13:42,190 - INFO -         → Recursive search for child
2025-11-16 19:13:42,190 - INFO -         → Max recursion depth reached
2025-11-16 19:13:54,849 - INFO -         → Recursive search for child
2025-11-16 19:13:54,849 - INFO -         → Max recursion depth reached
2025-11-16 19:14:07,151 - INFO -         → Recursive search for child
2025-11-16 19:14:07,151 - INFO -         → Max recursion depth reached
2025-11-16 19:14:20,032 - INFO -       → Recursive search for child
2025-11-16 19:14:20,033 - INFO -       → Deep search (depth=2, unc=0.523)
2025-11-16 19:14:47,741 - INFO -         → Recursive search for child
2025-11-16 19:14:47,741 - INFO -         → Max recursion depth reached
2025-11-16 19:14:59,593 - INFO -         → Recursive search for child
2025-11-16 19:14:59,594 - INFO -         → Max recursion depth reached
2025-11-16 19:15:11,196 - INFO -         → Recursive search for child
2025-11-16 19:15:11,196 - INFO -         → Max recursion depth reached
2025-11-16 19:15:24,487 - INFO -         → Recursive search for child
2025-11-16 19:15:24,487 - INFO -         → Max recursion depth reached
2025-11-16 19:15:28,146 - INFO -         → Recursive search for child
2025-11-16 19:15:28,146 - INFO -         → Max recursion depth reached
2025-11-16 19:15:39,960 - INFO -       → Recursive search for child
2025-11-16 19:15:39,961 - INFO -       → Deep search (depth=2, unc=0.523)
2025-11-16 19:16:08,276 - INFO -         → Recursive search for child
2025-11-16 19:16:08,276 - INFO -         → Max recursion depth reached
2025-11-16 19:16:09,369 - INFO -         → Recursive search for child
2025-11-16 19:16:09,369 - INFO -         → Max recursion depth reached
2025-11-16 19:16:10,036 - INFO -         → Recursive search for child
2025-11-16 19:16:10,037 - INFO -         → Max recursion depth reached
2025-11-16 19:16:10,710 - INFO -         → Recursive search for child
2025-11-16 19:16:10,710 - INFO -         → Max recursion depth reached
2025-11-16 19:16:11,356 - INFO -       → Recursive search for child
2025-11-16 19:16:11,359 - INFO -       → Deep search (depth=2, unc=0.523)
2025-11-16 19:16:19,794 - INFO -         → Recursive search for child
2025-11-16 19:16:19,795 - INFO -         → Max recursion depth reached
2025-11-16 19:16:20,419 - INFO -         → Recursive search for child
2025-11-16 19:16:20,419 - INFO -         → Max recursion depth reached
2025-11-16 19:16:21,009 - INFO -         → Recursive search for child
2025-11-16 19:16:21,009 - INFO -         → Max recursion depth reached
2025-11-16 19:16:21,628 - INFO -         → Recursive search for child
2025-11-16 19:16:21,628 - INFO -         → Max recursion depth reached
2025-11-16 19:16:21,637 - INFO -       → Recursive search for child
2025-11-16 19:16:21,639 - INFO -       → Deep search (depth=2, unc=0.523)
2025-11-16 19:16:25,838 - INFO -         → Recursive search for child
2025-11-16 19:16:25,838 - INFO -         → Max recursion depth reached
2025-11-16 19:16:26,477 - INFO -         → Recursive search for child
2025-11-16 19:16:26,477 - INFO -         → Max recursion depth reached
2025-11-16 19:16:26,487 - INFO -         → Recursive search for child
2025-11-16 19:16:26,487 - INFO -         → Max recursion depth reached
2025-11-16 19:16:32,978 - INFO -         → Recursive search for child
2025-11-16 19:16:32,978 - INFO -         → Max recursion depth reached
2025-11-16 19:16:33,655 - INFO -     → Recursive search for child
2025-11-16 19:16:33,657 - INFO -     → Deep search (depth=1, unc=0.526)
2025-11-16 19:16:47,084 - INFO -       → Recursive search for child
2025-11-16 19:16:47,086 - INFO -       → Deep search (depth=2, unc=0.383)
2025-11-16 19:16:53,505 - INFO -         → Recursive search for child
2025-11-16 19:16:53,505 - INFO -         → Max recursion depth reached
2025-11-16 19:16:54,111 - INFO -         → Recursive search for child
2025-11-16 19:16:54,111 - INFO -         → Max recursion depth reached
2025-11-16 19:16:54,742 - INFO -         → Recursive search for child
2025-11-16 19:16:54,742 - INFO -         → Max recursion depth reached
2025-11-16 19:16:55,422 - INFO -         → Recursive search for child
2025-11-16 19:16:55,422 - INFO -         → Max recursion depth reached
2025-11-16 19:16:56,013 - INFO -       → Recursive search for child
2025-11-16 19:16:56,016 - INFO -       → Deep search (depth=2, unc=0.383)
2025-11-16 19:16:59,491 - INFO -         → Recursive search for child
2025-11-16 19:16:59,491 - INFO -         → Max recursion depth reached
2025-11-16 19:17:00,103 - INFO -         → Recursive search for child
2025-11-16 19:17:00,103 - INFO -         → Max recursion depth reached
2025-11-16 19:17:00,739 - INFO -         → Child cache hit: 3fdb36905636
2025-11-16 19:17:00,742 - INFO -         → Recursive search for child
2025-11-16 19:17:00,742 - INFO -         → Max recursion depth reached
2025-11-16 19:17:01,429 - INFO -       → Recursive search for child
2025-11-16 19:17:01,431 - INFO -       → Deep search (depth=2, unc=0.383)
2025-11-16 19:17:03,683 - INFO -         → Child cache hit: 0ed8078dc41e
2025-11-16 19:17:03,686 - INFO -         → Recursive search for child
2025-11-16 19:17:03,686 - INFO -         → Max recursion depth reached
2025-11-16 19:17:03,696 - INFO -         → Child cache hit: f47c9f6ee623
2025-11-16 19:17:03,699 - INFO -         → Recursive search for child
2025-11-16 19:17:03,699 - INFO -         → Max recursion depth reached
2025-11-16 19:17:03,709 - INFO -       → Recursive search for child
2025-11-16 19:17:03,712 - INFO -       → Deep search (depth=2, unc=0.383)
2025-11-16 19:17:04,939 - INFO -         → Child cache hit: 512e37ee2cd2
2025-11-16 19:17:04,941 - INFO -         → Child cache hit: c4cac9201113
2025-11-16 19:17:04,942 - INFO -         → Child cache hit: 1ca757d66ed8
2025-11-16 19:17:04,944 - INFO -         → Recursive search for child
2025-11-16 19:17:04,944 - INFO -         → Max recursion depth reached
2025-11-16 19:17:04,953 - INFO -     → Recursive search for child
2025-11-16 19:17:04,954 - INFO -     → Deep search (depth=1, unc=0.526)
2025-11-16 19:17:06,700 - INFO -       → Recursive search for child
2025-11-16 19:17:06,703 - INFO -       → Deep search (depth=2, unc=0.451)
2025-11-16 19:17:07,441 - INFO -         → Recursive search for child
2025-11-16 19:17:07,441 - INFO -         → Max recursion depth reached
2025-11-16 19:17:08,094 - INFO -         → Recursive search for child
2025-11-16 19:17:08,094 - INFO -         → Max recursion depth reached
2025-11-16 19:17:08,690 - INFO -         → Recursive search for child
2025-11-16 19:17:08,690 - INFO -         → Max recursion depth reached
2025-11-16 19:17:08,702 - INFO -         → Recursive search for child
2025-11-16 19:17:08,702 - INFO -         → Max recursion depth reached
2025-11-16 19:17:08,714 - INFO -       → Recursive search for child
2025-11-16 19:17:08,717 - INFO -       → Deep search (depth=2, unc=0.451)
2025-11-16 19:17:09,426 - INFO -         → Recursive search for child
2025-11-16 19:17:09,426 - INFO -         → Max recursion depth reached
2025-11-16 19:17:09,436 - INFO -         → Child cache hit: f63060e19a18
2025-11-16 19:17:09,439 - INFO -         → Recursive search for child
2025-11-16 19:17:09,439 - INFO -         → Max recursion depth reached
2025-11-16 19:17:10,061 - INFO -         → Recursive search for child
2025-11-16 19:17:10,062 - INFO -         → Max recursion depth reached
2025-11-16 19:17:10,073 - INFO -       → Recursive search for child
2025-11-16 19:17:10,075 - INFO -       → Deep search (depth=2, unc=0.451)
2025-11-16 19:17:10,822 - INFO -         → Child cache hit: 27048e3444c1
2025-11-16 19:17:10,825 - INFO -         → Child cache hit: 5d7b773fc9ac
2025-11-16 19:17:10,827 - INFO -         → Recursive search for child
2025-11-16 19:17:10,827 - INFO -         → Max recursion depth reached
2025-11-16 19:17:11,436 - INFO -         → Recursive search for child
2025-11-16 19:17:11,436 - INFO -         → Max recursion depth reached
2025-11-16 19:17:11,446 - INFO -       → Recursive search for child
2025-11-16 19:17:11,449 - INFO -       → Deep search (depth=2, unc=0.451)
2025-11-16 19:17:12,130 - INFO -         → Child cache hit: 173482ca7fa5
2025-11-16 19:17:12,133 - INFO -         → Child cache hit: dc5a2117e13f
2025-11-16 19:17:12,135 - INFO -         → Child cache hit: 3951cf7de14a
2025-11-16 19:17:12,137 - INFO -         → Recursive search for child
2025-11-16 19:17:12,137 - INFO -         → Max recursion depth reached
2025-11-16 19:17:12,148 - INFO -     → Recursive search for child
2025-11-16 19:17:12,151 - INFO -     → Deep search (depth=1, unc=0.526)
2025-11-16 19:17:12,812 - INFO -       → Recursive search for child
2025-11-16 19:17:12,815 - INFO -       → Deep search (depth=2, unc=0.436)
2025-11-16 19:17:14,066 - INFO -         → Recursive search for child
2025-11-16 19:17:14,066 - INFO -         → Max recursion depth reached
2025-11-16 19:17:14,739 - INFO -         → Recursive search for child
2025-11-16 19:17:14,739 - INFO -         → Max recursion depth reached
2025-11-16 19:17:14,751 - INFO -         → Recursive search for child
2025-11-16 19:17:14,751 - INFO -         → Max recursion depth reached
2025-11-16 19:17:14,759 - INFO -         → Recursive search for child
2025-11-16 19:17:14,759 - INFO -         → Max recursion depth reached
2025-11-16 19:17:14,768 - INFO -       → Recursive search for child
2025-11-16 19:17:14,771 - INFO -       → Deep search (depth=2, unc=0.436)
2025-11-16 19:17:15,401 - INFO -         → Child cache hit: f8361c5a164b
2025-11-16 19:17:15,404 - INFO -         → Recursive search for child
2025-11-16 19:17:15,404 - INFO -         → Max recursion depth reached
2025-11-16 19:17:15,415 - INFO -         → Recursive search for child
2025-11-16 19:17:15,415 - INFO -         → Max recursion depth reached
2025-11-16 19:17:15,426 - INFO -         → Recursive search for child
2025-11-16 19:17:15,426 - INFO -         → Max recursion depth reached
2025-11-16 19:17:15,436 - INFO -       → Recursive search for child
2025-11-16 19:17:15,439 - INFO -       → Deep search (depth=2, unc=0.436)
2025-11-16 19:17:15,454 - INFO -         → Child cache hit: f4f3c87d3e6b
2025-11-16 19:17:15,457 - INFO -         → Recursive search for child
2025-11-16 19:17:15,457 - INFO -         → Max recursion depth reached
2025-11-16 19:17:15,467 - INFO -         → Child cache hit: 0d66ccd57f94
2025-11-16 19:17:15,470 - INFO -         → Recursive search for child
2025-11-16 19:17:15,470 - INFO -         → Max recursion depth reached
2025-11-16 19:17:15,481 - INFO -       → Recursive search for child
2025-11-16 19:17:15,484 - INFO -       → Deep search (depth=2, unc=0.436)
2025-11-16 19:17:16,124 - INFO -         → Child cache hit: de517b7f90e3
2025-11-16 19:17:16,127 - INFO -         → Child cache hit: 771f217515c9
2025-11-16 19:17:16,129 - INFO -         → Child cache hit: 171bb41afdc4
2025-11-16 19:17:16,132 - INFO -         → Recursive search for child
2025-11-16 19:17:16,132 - INFO -         → Max recursion depth reached
2025-11-16 19:17:16,143 - INFO -     → Recursive search for child
2025-11-16 19:17:16,145 - INFO -     → Deep search (depth=1, unc=0.526)
2025-11-16 19:17:16,764 - INFO -       → Recursive search for child
2025-11-16 19:17:16,767 - INFO -       → Deep search (depth=2, unc=0.413)
2025-11-16 19:17:17,461 - INFO -         → Recursive search for child
2025-11-16 19:17:17,461 - INFO -         → Max recursion depth reached
2025-11-16 19:17:17,472 - INFO -         → Recursive search for child
2025-11-16 19:17:17,472 - INFO -         → Max recursion depth reached
2025-11-16 19:17:17,483 - INFO -         → Recursive search for child
2025-11-16 19:17:17,483 - INFO -         → Max recursion depth reached
2025-11-16 19:17:17,494 - INFO -         → Recursive search for child
2025-11-16 19:17:17,494 - INFO -         → Max recursion depth reached
2025-11-16 19:17:17,504 - INFO -       → Recursive search for child
2025-11-16 19:17:17,507 - INFO -       → Deep search (depth=2, unc=0.413)
2025-11-16 19:17:18,167 - INFO -         → Child cache hit: 8c2d981f336c
2025-11-16 19:17:18,169 - INFO -         → Recursive search for child
2025-11-16 19:17:18,169 - INFO -         → Max recursion depth reached
2025-11-16 19:17:18,181 - INFO -         → Recursive search for child
2025-11-16 19:17:18,181 - INFO -         → Max recursion depth reached
2025-11-16 19:17:18,191 - INFO -         → Recursive search for child
2025-11-16 19:17:18,191 - INFO -         → Max recursion depth reached
2025-11-16 19:17:18,203 - INFO -       → Recursive search for child
2025-11-16 19:17:18,205 - INFO -       → Deep search (depth=2, unc=0.413)
2025-11-16 19:17:18,892 - INFO -         → Child cache hit: 63aaa46b4a0a
2025-11-16 19:17:18,894 - INFO -         → Recursive search for child
2025-11-16 19:17:18,894 - INFO -         → Max recursion depth reached
2025-11-16 19:17:18,905 - INFO -         → Child cache hit: cd725776ad48
2025-11-16 19:17:18,907 - INFO -         → Recursive search for child
2025-11-16 19:17:18,907 - INFO -         → Max recursion depth reached
2025-11-16 19:17:19,528 - INFO -       → Recursive search for child
2025-11-16 19:17:19,530 - INFO -       → Deep search (depth=2, unc=0.413)
2025-11-16 19:17:19,543 - INFO -         → Child cache hit: 4222261dabbf
2025-11-16 19:17:19,545 - INFO -         → Child cache hit: 81d837787967
2025-11-16 19:17:19,547 - INFO -         → Child cache hit: 794eb817de3f
2025-11-16 19:17:19,550 - INFO -         → Recursive search for child
2025-11-16 19:17:19,550 - INFO -         → Max recursion depth reached
2025-11-16 19:17:19,570 - INFO - Move 23: DataGo (Black) plays M18 [unc=0.155, DEEP, 338636ms]
2025-11-16 19:17:19,620 - INFO - Move 24: KataGo (White) thinking...
2025-11-16 19:17:24,767 - INFO - Move 24: KataGo (White) plays B6
2025-11-16 19:17:24,818 - INFO - Move 25: DataGo (Black) thinking...
2025-11-16 19:17:35,469 - INFO - Move 25: DataGo (Black) plays C6 [unc=0.138, 10651ms]
2025-11-16 19:17:35,519 - INFO - Move 26: KataGo (White) thinking...
2025-11-16 19:18:03,601 - INFO - Move 26: KataGo (White) plays P18
2025-11-16 19:18:03,651 - INFO - Move 27: DataGo (Black) thinking...
2025-11-16 19:18:13,728 - INFO - Move 27: DataGo (Black) plays O18 [unc=0.145, 10076ms]
2025-11-16 19:18:13,778 - INFO - Move 28: KataGo (White) thinking...
2025-11-16 19:18:41,146 - INFO - Move 28: KataGo (White) plays T12
2025-11-16 19:18:41,196 - INFO - Move 29: DataGo (Black) thinking...
2025-11-16 19:18:53,257 - INFO -   → Complex position detected (unc=0.170)
2025-11-16 19:18:53,260 - INFO -   → No match found: 5ee49bd65fd2, running deep search
2025-11-16 19:18:53,262 - INFO -   → Deep search (depth=0, unc=0.170)
2025-11-16 19:19:22,655 - INFO -     → Recursive search for child
2025-11-16 19:19:22,658 - INFO -     → Deep search (depth=1, unc=0.540)
2025-11-16 19:19:51,952 - INFO -       → Recursive search for child
2025-11-16 19:19:51,955 - INFO -       → Deep search (depth=2, unc=0.534)
2025-11-16 19:20:20,385 - INFO -         → Recursive search for child
2025-11-16 19:20:20,385 - INFO -         → Max recursion depth reached
2025-11-16 19:20:33,011 - INFO -         → Recursive search for child
2025-11-16 19:20:33,011 - INFO -         → Max recursion depth reached
2025-11-16 19:20:45,642 - INFO -         → Recursive search for child
2025-11-16 19:20:45,642 - INFO -         → Max recursion depth reached
2025-11-16 19:20:58,175 - INFO -         → Recursive search for child
2025-11-16 19:20:58,175 - INFO -         → Max recursion depth reached
2025-11-16 19:21:10,787 - INFO -         → Recursive search for child
2025-11-16 19:21:10,788 - INFO -         → Max recursion depth reached
2025-11-16 19:21:22,919 - INFO -       → Child cache hit: 83ec3d22ec22
2025-11-16 19:21:22,921 - INFO -       → Recursive search for child
2025-11-16 19:21:22,922 - INFO -       → Deep search (depth=2, unc=0.534)
2025-11-16 19:21:53,517 - INFO -         → Recursive search for child
2025-11-16 19:21:53,517 - INFO -         → Max recursion depth reached
2025-11-16 19:22:06,000 - INFO -         → Recursive search for child
2025-11-16 19:22:06,001 - INFO -         → Max recursion depth reached
2025-11-16 19:22:18,341 - INFO -         → Recursive search for child
2025-11-16 19:22:18,341 - INFO -         → Max recursion depth reached
2025-11-16 19:22:31,660 - INFO -         → Recursive search for child
2025-11-16 19:22:31,660 - INFO -         → Max recursion depth reached
2025-11-16 19:22:42,333 - INFO -         → Recursive search for child
2025-11-16 19:22:42,333 - INFO -         → Max recursion depth reached
2025-11-16 19:22:45,063 - INFO -       → Child cache hit: 771c62d7db01
2025-11-16 19:22:45,066 - INFO -       → Child cache hit: f4c76cd43a9c
2025-11-16 19:22:45,068 - INFO -     → Recursive search for child
2025-11-16 19:22:45,070 - INFO -     → Deep search (depth=1, unc=0.540)
2025-11-16 19:23:03,051 - INFO -       → Recursive search for child
2025-11-16 19:23:03,053 - INFO -       → Deep search (depth=2, unc=0.491)
2025-11-16 19:23:09,178 - INFO -         → Recursive search for child
2025-11-16 19:23:09,178 - INFO -         → Max recursion depth reached
2025-11-16 19:23:09,185 - INFO -         → Recursive search for child
2025-11-16 19:23:09,185 - INFO -         → Max recursion depth reached
2025-11-16 19:23:09,191 - INFO -         → Recursive search for child
2025-11-16 19:23:09,191 - INFO -         → Max recursion depth reached
2025-11-16 19:23:09,198 - INFO -         → Recursive search for child
2025-11-16 19:23:09,199 - INFO -         → Max recursion depth reached
2025-11-16 19:23:09,206 - INFO -       → Recursive search for child
2025-11-16 19:23:09,208 - INFO -       → Deep search (depth=2, unc=0.491)
2025-11-16 19:23:12,774 - INFO -         → Recursive search for child
2025-11-16 19:23:12,774 - INFO -         → Max recursion depth reached
2025-11-16 19:23:12,784 - INFO -         → Child cache hit: 050c304ced85
2025-11-16 19:23:12,786 - INFO -         → Recursive search for child
2025-11-16 19:23:12,786 - INFO -         → Max recursion depth reached
2025-11-16 19:23:12,796 - INFO -         → Recursive search for child
2025-11-16 19:23:12,796 - INFO -         → Max recursion depth reached
2025-11-16 19:23:12,805 - INFO -       → Recursive search for child
2025-11-16 19:23:12,808 - INFO -       → Deep search (depth=2, unc=0.491)
2025-11-16 19:23:14,529 - INFO -         → Child cache hit: d701f82e58a7
2025-11-16 19:23:14,532 - INFO -         → Recursive search for child
2025-11-16 19:23:14,532 - INFO -         → Max recursion depth reached
2025-11-16 19:23:14,542 - INFO -         → Child cache hit: c7be5ccbd946
2025-11-16 19:23:14,545 - INFO -         → Recursive search for child
2025-11-16 19:23:14,545 - INFO -         → Max recursion depth reached
2025-11-16 19:23:14,555 - INFO -       → Recursive search for child
2025-11-16 19:23:14,558 - INFO -       → Deep search (depth=2, unc=0.491)
2025-11-16 19:23:16,492 - INFO -         → Child cache hit: f22dca5ae6e5
2025-11-16 19:23:16,494 - INFO -         → Child cache hit: f638a39a1bb6
2025-11-16 19:23:16,495 - INFO -         → Child cache hit: 3e3b9504b76b
2025-11-16 19:23:16,497 - INFO -         → Recursive search for child
2025-11-16 19:23:16,497 - INFO -         → Max recursion depth reached
2025-11-16 19:23:16,506 - INFO -     → Recursive search for child
2025-11-16 19:23:16,507 - INFO -     → Deep search (depth=1, unc=0.540)
2025-11-16 19:23:17,665 - INFO -       → Recursive search for child
2025-11-16 19:23:17,668 - INFO -       → Deep search (depth=2, unc=0.551)
2025-11-16 19:23:18,921 - INFO -         → Recursive search for child
2025-11-16 19:23:18,921 - INFO -         → Max recursion depth reached
2025-11-16 19:23:18,931 - INFO -         → Recursive search for child
2025-11-16 19:23:18,931 - INFO -         → Max recursion depth reached
2025-11-16 19:23:18,940 - INFO -         → Recursive search for child
2025-11-16 19:23:18,940 - INFO -         → Max recursion depth reached
2025-11-16 19:23:18,950 - INFO -         → Recursive search for child
2025-11-16 19:23:18,951 - INFO -         → Max recursion depth reached
2025-11-16 19:23:18,961 - INFO -       → Recursive search for child
2025-11-16 19:23:18,964 - INFO -       → Deep search (depth=2, unc=0.551)
2025-11-16 19:23:20,147 - INFO -         → Child cache hit: 2c184ccac4ca
2025-11-16 19:23:20,148 - INFO -         → Recursive search for child
2025-11-16 19:23:20,148 - INFO -         → Max recursion depth reached
2025-11-16 19:23:20,763 - INFO -         → Recursive search for child
2025-11-16 19:23:20,763 - INFO -         → Max recursion depth reached
2025-11-16 19:23:20,773 - INFO -         → Recursive search for child
2025-11-16 19:23:20,773 - INFO -         → Max recursion depth reached
2025-11-16 19:23:20,783 - INFO -       → Recursive search for child
2025-11-16 19:23:20,786 - INFO -       → Deep search (depth=2, unc=0.551)
2025-11-16 19:23:21,505 - INFO -         → Child cache hit: 672e9242c807
2025-11-16 19:23:21,508 - INFO -         → Child cache hit: 563497cf617e
2025-11-16 19:23:21,510 - INFO -         → Recursive search for child
2025-11-16 19:23:21,510 - INFO -         → Max recursion depth reached
2025-11-16 19:23:21,520 - INFO -         → Recursive search for child
2025-11-16 19:23:21,520 - INFO -         → Max recursion depth reached
2025-11-16 19:23:21,529 - INFO -       → Recursive search for child
2025-11-16 19:23:21,531 - INFO -       → Deep search (depth=2, unc=0.551)
2025-11-16 19:23:22,701 - INFO -         → Child cache hit: 56dbd9ae82ac
2025-11-16 19:23:22,704 - INFO -         → Child cache hit: 4edaf8e03eac
2025-11-16 19:23:22,706 - INFO -         → Child cache hit: 29f8f88bb025
2025-11-16 19:23:22,709 - INFO -         → Recursive search for child
2025-11-16 19:23:22,709 - INFO -         → Max recursion depth reached
2025-11-16 19:23:22,720 - INFO -     → Recursive search for child
2025-11-16 19:23:22,722 - INFO -     → Deep search (depth=1, unc=0.540)
2025-11-16 19:23:23,398 - INFO -       → Recursive search for child
2025-11-16 19:23:23,400 - INFO -       → Deep search (depth=2, unc=0.546)
2025-11-16 19:23:24,522 - INFO -         → Recursive search for child
2025-11-16 19:23:24,522 - INFO -         → Max recursion depth reached
2025-11-16 19:23:24,531 - INFO -         → Recursive search for child
2025-11-16 19:23:24,531 - INFO -         → Max recursion depth reached
2025-11-16 19:23:24,539 - INFO -         → Recursive search for child
2025-11-16 19:23:24,539 - INFO -         → Max recursion depth reached
2025-11-16 19:23:32,654 - INFO -         → Recursive search for child
2025-11-16 19:23:32,654 - INFO -         → Max recursion depth reached
2025-11-16 19:23:34,007 - INFO -       → Recursive search for child
2025-11-16 19:23:34,010 - INFO -       → Deep search (depth=2, unc=0.546)
2025-11-16 19:23:51,129 - INFO -         → Recursive search for child
2025-11-16 19:23:51,129 - INFO -         → Max recursion depth reached
