2025-11-16 16:39:20-0500: Running with following config:
conservativePass = true
lagBuffer = 1.0
logAllGTPCommunication = true
logDir = gtp_logs
logSearchInfo = true
logToStderr = false
maxVisits = 800
nnCacheSizePowerOfTwo = 20
nnMutexPoolSizePowerOfTwo = 16
numSearchThreads = 6
openclGpuToUse = 7
ponderingEnabled = false
preventCleanupPhase = true
rootSymmetryPruning = true
rules = tromp-taylor
searchFactorAfterOnePass = 0.50
searchFactorAfterTwoPass = 0.25
searchFactorWhenWinning = 0.40
searchFactorWhenWinningThreshold = 0.95

2025-11-16 16:39:20-0500: GTP Engine starting...
2025-11-16 16:39:20-0500: KataGo v1.16.4
2025-11-16 16:39:20-0500: Using TrompTaylor rules initially, unless GTP/GUI overrides this
2025-11-16 16:39:20-0500: Using 6 CPU thread(s) for search
2025-11-16 16:39:20-0500: nnRandSeed0 = 3749424932400226707
2025-11-16 16:39:20-0500: After dedups: nnModelFile0 = /scratch2/f004ndc/AlphaGo Project/KataGo/models/g170e-b10c128-s1141046784-d204142634.bin.gz useFP16 auto useNHWC auto
2025-11-16 16:39:20-0500: Initializing neural net buffer to be size 19 * 19 exactly
2025-11-16 16:39:22-0500: Found OpenCL Platform 0: NVIDIA CUDA (NVIDIA Corporation) (OpenCL 3.0 CUDA 12.8.98)
2025-11-16 16:39:22-0500: Found 8 device(s) on platform 0 with type CPU or GPU or Accelerator
2025-11-16 16:39:22-0500: Found OpenCL Device 0: NVIDIA RTX 6000 Ada Generation (NVIDIA Corporation) (score 11000300)
2025-11-16 16:39:22-0500: Found OpenCL Device 1: NVIDIA RTX 6000 Ada Generation (NVIDIA Corporation) (score 11000300)
2025-11-16 16:39:22-0500: Found OpenCL Device 2: NVIDIA RTX 6000 Ada Generation (NVIDIA Corporation) (score 11000300)
2025-11-16 16:39:22-0500: Found OpenCL Device 3: NVIDIA RTX 6000 Ada Generation (NVIDIA Corporation) (score 11000300)
2025-11-16 16:39:22-0500: Found OpenCL Device 4: NVIDIA RTX 6000 Ada Generation (NVIDIA Corporation) (score 11000300)
2025-11-16 16:39:22-0500: Found OpenCL Device 5: NVIDIA RTX 6000 Ada Generation (NVIDIA Corporation) (score 11000300)
2025-11-16 16:39:22-0500: Found OpenCL Device 6: NVIDIA RTX 6000 Ada Generation (NVIDIA Corporation) (score 11000300)
2025-11-16 16:39:22-0500: Found OpenCL Device 7: NVIDIA RTX 6000 Ada Generation (NVIDIA Corporation) (score 11000300)
2025-11-16 16:39:22-0500: Creating context for OpenCL Platform: NVIDIA CUDA (NVIDIA Corporation) (OpenCL 3.0 CUDA 12.8.98)
2025-11-16 16:39:23-0500: Using OpenCL Device 7: NVIDIA RTX 6000 Ada Generation (NVIDIA Corporation) OpenCL 3.0 CUDA (Extensions: cl_khr_global_int32_base_atomics cl_khr_global_int32_extended_atomics cl_khr_local_int32_base_atomics cl_khr_local_int32_extended_atomics cl_khr_fp64 cl_khr_3d_image_writes cl_khr_byte_addressable_store cl_khr_icd cl_khr_gl_sharing cl_nv_compiler_options cl_nv_device_attribute_query cl_nv_pragma_unroll cl_nv_copy_opts cl_khr_gl_event cl_nv_create_buffer cl_khr_int64_base_atomics cl_khr_int64_extended_atomics cl_nv_kernel_attribute cl_khr_device_uuid cl_khr_pci_bus_info cl_khr_external_semaphore cl_khr_external_memory cl_khr_external_semaphore_opaque_fd cl_khr_external_memory_opaque_fd cl_khr_semaphore)
2025-11-16 16:39:23-0500: Loaded tuning parameters from: /thayerfs/home/f004ndc/.katago/opencltuning/tune11_gpuNVIDIARTX6000AdaGeneration_x19_y19_c128_mv8.txt
2025-11-16 16:39:23-0500: OpenCL backend thread 0: Device 7 Model version 8
2025-11-16 16:39:23-0500: OpenCL backend thread 0: Device 7 Model name: g170-b10c128-s1141046784-d204142634
2025-11-16 16:39:24-0500: OpenCL backend thread 0: Device 7 FP16Storage true FP16Compute false FP16TensorCores true FP16TensorCoresFor1x1 false
2025-11-16 16:39:24-0500: Loaded neural net with nnXLen 19 nnYLen 19
2025-11-16 16:39:24-0500: Initializing board with boardXSize 19 boardYSize 19
2025-11-16 16:39:24-0500: Loaded config /scratch2/f004ndc/AlphaGo Project/KataGo/configs/gtp_800visits.cfg
2025-11-16 16:39:24-0500: Loaded model /scratch2/f004ndc/AlphaGo Project/KataGo/models/g170e-b10c128-s1141046784-d204142634.bin.gz
2025-11-16 16:39:24-0500: Model name: g170-b10c128-s1141046784-d204142634
2025-11-16 16:39:24-0500: GTP ready, beginning main protocol loop
2025-11-16 16:39:24-0500: Controller: boardsize 19
2025-11-16 16:39:24-0500: = 
2025-11-16 16:39:24-0500: Controller: clear_board
2025-11-16 16:39:24-0500: = 
2025-11-16 16:39:24-0500: Controller: play b D4
2025-11-16 16:39:24-0500: = 
2025-11-16 16:39:24-0500: Controller: genmove w
2025-11-16 16:39:26-0500: MoveNum: 1 HASH: 20D027FF3D8F63642B79C3F658C233F1
   A B C D E F G H J K L M N O P Q R S T
19 . . . . . . . . . . . . . . . . . . .
18 . . . . . . . . . . . . . . . . . . .
17 . . . . . . . . . . . . . . . @ . . .
16 . . . . . . . . . . . . . . . . . . .
15 . . . . . . . . . . . . . . . . . . .
14 . . . . . . . . . . . . . . . . . . .
13 . . . . . . . . . . . . . . . . . . .
12 . . . . . . . . . . . . . . . . . . .
11 . . . . . . . . . . . . . . . . . . .
10 . . . . . . . . . . . . . . . . . . .
 9 . . . . . . . . . . . . . . . . . . .
 8 . . . . . . . . . . . . . . . . . . .
 7 . . . . . . . . . . . . . . . . . . .
 6 . . . . . . . . . . . . . . . . . . .
 5 . . . . . . . . . . . . . . . . . . .
 4 . . . X1. . . . . . . . . . . . . . .
 3 . . . . . . . . . . . . . . . . . . .
 2 . . . . . . . . . . . . . . . . . . .
 1 . . . . . . . . . . . . . . . . . . .

koPOSITIONALscoreAREAtaxNONEsui1komi7.5
Time taken: 1.50313
Root visits: 805
New playouts: 805
NN rows: 678
NN batches: 227
NN avg batch size: 2.98678
PV: Q17 Q4 C16 Q15 R15 R14 R16 Q14 O17 E17 D14
Tree:
: T   8.78c W   7.61c S   0.92c ( +1.1 L  +0.8) N     805  --  Q17 Q4 C16 Q15 R15 R14 R16
---White(^)---
Q17 : T   9.13c W   7.83c S   0.94c ( +1.1 L  +0.8) LCB    8.14c P  3.98% WF 148.3 PSV     301 N     148  --  Q17 Q4 C16 Q15 R15 R14 R16 Q14
Q16 : T   8.68c W   7.72c S   0.93c ( +1.1 L  +0.8) LCB    7.90c P 23.52% WF 196.5 PSV     197 N     197  --  Q16 C16 Q4 F17 C3 C4 D3 F3
D16 : T   8.59c W   7.58c S   0.91c ( +1.1 L  +0.8) LCB    7.73c P 21.75% WF 164.7 PSV     165 N     165  --  D16 Q4 Q16 C17 D17 C16 C14 C15
C16 : T   9.08c W   7.60c S   0.91c ( +1.0 L  +0.8) LCB    8.03c P  3.67% WF 150.1 PSV      49 N     150  --  C16 Q16 R4 P3 Q6 E16 E17 F17
D17 : T   8.96c W   7.65c S   0.92c ( +1.1 L  +0.8) LCB    7.95c P  3.82% WF 133.1 PSV      43 N     133  --  D17 Q4 Q16 D15 C15 C14 C16 D14
C17 : T   5.67c W   5.24c S   0.66c ( +0.7 L  +0.6) LCB   -4.66c P  0.66% WF   8.9 PSV       1 N       9  --  C17 Q4 R16 P17
C3  : T  -6.01c W  -4.29c S  -0.39c ( -0.6 L  -0.2) LCB -155.04c P  0.89% WF   1.9 PSV       0 N       2  --  C3 C4

2025-11-16 16:39:26-0500: = Q17
2025-11-16 16:39:26-0500: Controller: kata-genmove_analyze w
2025-11-16 16:39:26-0500: =
2025-11-16 16:39:26-0500: MoveNum: 0 HASH: 4E1BCFB085D4DD59B74E0B06A4D2E954
   A B C D E F G H J K L M N O P Q R S T
19 . . . . . . . . . . . . . . . . . . .
18 . . . . . . . . . . . . . . . . . . .
17 . . . . . . . . . . . . . . . O . . .
16 . . . . . . . . . . . . . . . . . . .
15 . . . . . . . . . . . . . . . . . . .
14 . . . . . . . . . . . . . . . . . . .
13 . . . . . . . . . . . . . . . . . . .
12 . . . . . . . . . . . . . . . . . . .
11 . . . . . . . . . . . . . . . . . . .
10 . . . . . . . . . . . . . . . . . . .
 9 . . . . . . . . . . . . . . . . . . .
 8 . . . . . . . . . . . . . . . . . . .
 7 . . . . . . . . . . . . . . . . . . .
 6 . . . . . . . . . . . . . . . . . . .
 5 . . . . . . . . . . . . . . . . . . .
 4 . . . X . . . . . . . . . . . . @ . .
 3 . . . . . . . . . . . . . . . . . . .
 2 . . . . . . . . . . . . . . . . . . .
 1 . . . . . . . . . . . . . . . . . . .

koPOSITIONALscoreAREAtaxNONEsui1komi7.5
Time taken: 0.588643
Root visits: 805
New playouts: 805
NN rows: 718
NN batches: 241
NN avg batch size: 2.97925
PV: R14 Q4 D16 C17 C16 D17 E17 E18
Tree:
: T  94.72c W  89.82c S   4.83c (+17.6 L +14.5) N     805  --  R14 Q4 D16 C17 C16 D17 E17
---White(^)---
R14 : T  94.99c W  89.95c S   4.94c (+17.7 L +14.6) LCB   94.56c P  6.28% WF  95.2 PSV     229 N      95  --  R14 Q4 D16 C17 C16 D17 E17 E18
Q4  : T  95.00c W  90.01c S   4.91c (+17.7 L +14.5) LCB   94.52c P 11.67% WF 120.2 PSV     120 N     120  --  Q4 D16 R14 R3 R4 Q3 P3 P2
Q3  : T  94.81c W  89.90c S   4.82c (+17.6 L +14.5) LCB   94.25c P 11.00% WF 117.1 PSV      94 N     117  --  Q3 D16 R6 R15 O16 M17 C17
D16 : T  94.89c W  89.95c S   4.87c (+17.6 L +14.5) LCB   94.35c P 10.25% WF 112.1 PSV      94 N     112  --  D16 Q3 R14 C17 D17
R4  : T  94.65c W  89.78c S   4.82c (+17.6 L +14.5) LCB   94.06c P 10.21% WF  98.9 PSV      76 N      99  --  R4 D16 O3 R15 O16 M17 C3 C4
D17 : T  94.49c W  89.68c S   4.80c (+17.5 L +14.5) LCB   93.85c P  9.90% WF  82.9 PSV      66 N      83  --  D17 Q4 R14 C15 F16 R6 C3
C16 : T  94.34c W  89.60c S   4.80c (+17.5 L +14.5) LCB   93.75c P 10.96% WF  81.8 PSV      66 N      82  --  C16 Q4 R14 E17 D14 C12 R3
Q14 : T  95.01c W  90.04c S   4.75c (+17.4 L +14.4) LCB   93.25c P  1.65% WF  22.0 PSV      17 N      22  --  Q14 Q4 D16 C17
C17 : T  94.21c W  89.57c S   4.39c (+17.0 L +14.2) LCB   91.39c P  2.46% WF  17.0 PSV      13 N      17  --  C17 R4 R14 O3
Q15 : T  94.91c W  89.60c S   4.91c (+17.7 L +14.5) LCB   91.58c P  1.39% WF  13.0 PSV      13 N      13  --  Q15 Q4 C16 E17 D14

2025-11-16 16:39:26-0500: play R4
2025-11-16 16:39:26-0500: Controller: quit
2025-11-16 16:39:26-0500: Quit requested by controller
2025-11-16 16:39:26-0500: = 
2025-11-16 16:39:28-0500: GPU 7 finishing, processed 1396 rows 468 batches
2025-11-16 16:39:28-0500: All cleaned up, quitting
