2025-11-16 14:12:50-0500: Running with following config:
conservativePass = true
lagBuffer = 1.0
logAllGTPCommunication = true
logDir = gtp_logs
logSearchInfo = true
logToStderr = false
maxVisits = 800
nnCacheSizePowerOfTwo = 20
nnMutexPoolSizePowerOfTwo = 16
numSearchThreads = 4
openclGpuToUse = 7
ponderingEnabled = false
preventCleanupPhase = true
rootSymmetryPruning = true
rules = tromp-taylor
searchFactorAfterOnePass = 0.50
searchFactorAfterTwoPass = 0.25
searchFactorWhenWinning = 0.40
searchFactorWhenWinningThreshold = 0.95

2025-11-16 14:12:50-0500: GTP Engine starting...
2025-11-16 14:12:50-0500: KataGo v1.16.4
2025-11-16 14:12:50-0500: Using TrompTaylor rules initially, unless GTP/GUI overrides this
2025-11-16 14:12:50-0500: Using 4 CPU thread(s) for search
2025-11-16 14:12:50-0500: nnRandSeed0 = 9340390593331536846
2025-11-16 14:12:50-0500: After dedups: nnModelFile0 = ../KataGo/models/g170e-b10c128-s1141046784-d204142634.bin.gz useFP16 auto useNHWC auto
2025-11-16 14:12:50-0500: Initializing neural net buffer to be size 19 * 19 exactly
2025-11-16 14:12:51-0500: Found OpenCL Platform 0: NVIDIA CUDA (NVIDIA Corporation) (OpenCL 3.0 CUDA 12.8.98)
2025-11-16 14:12:51-0500: Found 8 device(s) on platform 0 with type CPU or GPU or Accelerator
2025-11-16 14:12:51-0500: Found OpenCL Device 0: NVIDIA RTX 6000 Ada Generation (NVIDIA Corporation) (score 11000300)
2025-11-16 14:12:51-0500: Found OpenCL Device 1: NVIDIA RTX 6000 Ada Generation (NVIDIA Corporation) (score 11000300)
2025-11-16 14:12:51-0500: Found OpenCL Device 2: NVIDIA RTX 6000 Ada Generation (NVIDIA Corporation) (score 11000300)
2025-11-16 14:12:51-0500: Found OpenCL Device 3: NVIDIA RTX 6000 Ada Generation (NVIDIA Corporation) (score 11000300)
2025-11-16 14:12:51-0500: Found OpenCL Device 4: NVIDIA RTX 6000 Ada Generation (NVIDIA Corporation) (score 11000300)
2025-11-16 14:12:51-0500: Found OpenCL Device 5: NVIDIA RTX 6000 Ada Generation (NVIDIA Corporation) (score 11000300)
2025-11-16 14:12:51-0500: Found OpenCL Device 6: NVIDIA RTX 6000 Ada Generation (NVIDIA Corporation) (score 11000300)
2025-11-16 14:12:51-0500: Found OpenCL Device 7: NVIDIA RTX 6000 Ada Generation (NVIDIA Corporation) (score 11000300)
2025-11-16 14:12:51-0500: Creating context for OpenCL Platform: NVIDIA CUDA (NVIDIA Corporation) (OpenCL 3.0 CUDA 12.8.98)
2025-11-16 14:12:51-0500: Using OpenCL Device 7: NVIDIA RTX 6000 Ada Generation (NVIDIA Corporation) OpenCL 3.0 CUDA (Extensions: cl_khr_global_int32_base_atomics cl_khr_global_int32_extended_atomics cl_khr_local_int32_base_atomics cl_khr_local_int32_extended_atomics cl_khr_fp64 cl_khr_3d_image_writes cl_khr_byte_addressable_store cl_khr_icd cl_khr_gl_sharing cl_nv_compiler_options cl_nv_device_attribute_query cl_nv_pragma_unroll cl_nv_copy_opts cl_khr_gl_event cl_nv_create_buffer cl_khr_int64_base_atomics cl_khr_int64_extended_atomics cl_nv_kernel_attribute cl_khr_device_uuid cl_khr_pci_bus_info cl_khr_external_semaphore cl_khr_external_memory cl_khr_external_semaphore_opaque_fd cl_khr_external_memory_opaque_fd cl_khr_semaphore)
2025-11-16 14:12:51-0500: Loaded tuning parameters from: /thayerfs/home/f004ndc/.katago/opencltuning/tune11_gpuNVIDIARTX6000AdaGeneration_x19_y19_c128_mv8.txt
2025-11-16 14:12:51-0500: OpenCL backend thread 0: Device 7 Model version 8
2025-11-16 14:12:51-0500: OpenCL backend thread 0: Device 7 Model name: g170-b10c128-s1141046784-d204142634
2025-11-16 14:12:52-0500: OpenCL backend thread 0: Device 7 FP16Storage true FP16Compute false FP16TensorCores true FP16TensorCoresFor1x1 false
2025-11-16 14:12:52-0500: Loaded neural net with nnXLen 19 nnYLen 19
2025-11-16 14:12:52-0500: Initializing board with boardXSize 19 boardYSize 19
2025-11-16 14:12:52-0500: Loaded config ../KataGo/configs/gtp_800visits.cfg and/or command-line and query overrides
2025-11-16 14:12:52-0500: Loaded model ../KataGo/models/g170e-b10c128-s1141046784-d204142634.bin.gz
2025-11-16 14:12:52-0500: Config override: numSearchThreads = 4
2025-11-16 14:12:52-0500: Model name: g170-b10c128-s1141046784-d204142634
2025-11-16 14:12:52-0500: GTP ready, beginning main protocol loop
2025-11-16 14:12:52-0500: Controller: boardsize 19
2025-11-16 14:12:52-0500: = 
2025-11-16 14:12:52-0500: Controller: clear_board
2025-11-16 14:12:52-0500: = 
2025-11-16 14:12:52-0500: Controller: komi 7.5
2025-11-16 14:12:52-0500: = 
2025-11-16 14:12:52-0500: Controller: play B D4
2025-11-16 14:12:52-0500: = 
2025-11-16 14:12:52-0500: Controller: genmove w
2025-11-16 14:12:53-0500: MoveNum: 1 HASH: 20D027FF3D8F63642B79C3F658C233F1
   A B C D E F G H J K L M N O P Q R S T
19 . . . . . . . . . . . . . . . . . . .
18 . . . . . . . . . . . . . . . . . . .
17 . . . . . . . . . . . . . . . @ . . .
16 . . . . . . . . . . . . . . . . . . .
15 . . . . . . . . . . . . . . . . . . .
14 . . . . . . . . . . . . . . . . . . .
13 . . . . . . . . . . . . . . . . . . .
12 . . . . . . . . . . . . . . . . . . .
11 . . . . . . . . . . . . . . . . . . .
10 . . . . . . . . . . . . . . . . . . .
 9 . . . . . . . . . . . . . . . . . . .
 8 . . . . . . . . . . . . . . . . . . .
 7 . . . . . . . . . . . . . . . . . . .
 6 . . . . . . . . . . . . . . . . . . .
 5 . . . . . . . . . . . . . . . . . . .
 4 . . . X1. . . . . . . . . . . . . . .
 3 . . . . . . . . . . . . . . . . . . .
 2 . . . . . . . . . . . . . . . . . . .
 1 . . . . . . . . . . . . . . . . . . .

koPOSITIONALscoreAREAtaxNONEsui1komi7.5
Time taken: 0.706589
Root visits: 803
New playouts: 803
NN rows: 708
NN batches: 355
NN avg batch size: 1.99437
PV: Q17 Q4 C16 R15 O16 E17 D14
Tree:
: T   8.94c W   7.77c S   0.94c ( +1.1 L  +0.8) N     803  --  Q17 Q4 C16 R15 O16 E17 D14
---White(^)---
Q17 : T   9.18c W   7.83c S   0.95c ( +1.1 L  +0.8) LCB    8.20c P  4.92% WF 146.3 PSV     307 N     146  --  Q17 Q4 C16 R15 O16 E17 D14
D16 : T   8.85c W   7.72c S   0.92c ( +1.1 L  +0.8) LCB    8.07c P 21.92% WF 241.8 PSV     242 N     242  --  D16 Q16 Q4 C17 D17 C16 C14 C15
Q16 : T   8.99c W   7.91c S   0.96c ( +1.1 L  +0.8) LCB    8.09c P 23.52% WF 204.1 PSV     204 N     204  --  Q16 R4 D16 O3 C3 D3 C4 C6
C16 : T   8.96c W   7.76c S   0.94c ( +1.1 L  +0.8) LCB    7.75c P  4.23% WF 136.0 PSV      54 N     136  --  C16 Q16 R4 E17 D14 P4 P3
D17 : T   8.71c W   7.51c S   0.91c ( +1.1 L  +0.8) LCB    7.16c P  3.87% WF  73.9 PSV      36 N      74  --  D17 Q16 Q4 C15 F16 R3 Q3

2025-11-16 14:12:53-0500: = Q17
2025-11-16 14:12:53-0500: Controller: play B Q16
2025-11-16 14:12:53-0500: = 
2025-11-16 14:12:53-0500: Controller: genmove w
2025-11-16 14:12:53-0500: MoveNum: 3 HASH: 5457F493F382CCBE7C5FF0A763CFFB04
   A B C D E F G H J K L M N O P Q R S T
19 . . . . . . . . . . . . . . . . . . .
18 . . . . . . . . . . . . . . . . . . .
17 . . . . . . . . . . . . . . . O2. . .
16 . . . . . . . . . . . . . . . X3@ . .
15 . . . . . . . . . . . . . . . . . . .
14 . . . . . . . . . . . . . . . . . . .
13 . . . . . . . . . . . . . . . . . . .
12 . . . . . . . . . . . . . . . . . . .
11 . . . . . . . . . . . . . . . . . . .
10 . . . . . . . . . . . . . . . . . . .
 9 . . . . . . . . . . . . . . . . . . .
 8 . . . . . . . . . . . . . . . . . . .
 7 . . . . . . . . . . . . . . . . . . .
 6 . . . . . . . . . . . . . . . . . . .
 5 . . . . . . . . . . . . . . . . . . .
 4 . . . X1. . . . . . . . . . . . . . .
 3 . . . . . . . . . . . . . . . . . . .
 2 . . . . . . . . . . . . . . . . . . .
 1 . . . . . . . . . . . . . . . . . . .

koPOSITIONALscoreAREAtaxNONEsui1komi7.5
Time taken: 0.159453
Root visits: 803
New playouts: 803
NN rows: 692
NN batches: 348
NN avg batch size: 1.98851
PV: R16 R4 D16 R15 P16 Q15 R17 P15 O16 O15 N16 N15
Tree:
: T  12.65c W  11.02c S   0.97c ( +1.6 L  +1.2) N     803  --  R16 R4 D16 R15 P16 Q15 R17
---White(^)---
R16 : T  13.31c W  11.54c S   1.04c ( +1.6 L  +1.3) LCB   12.53c P 54.60% WF 694.1 PSV     691 N     691  --  R16 R4 D16 R15 P16 Q15 R17 P15
R17 : T   9.51c W   8.60c S   0.68c ( +1.2 L  +1.0) LCB    7.82c P 35.95% WF  92.6 PSV      80 N      95  --  R17 D16 Q4 P16 S15 P17 Q14
P17 : T   4.02c W   3.38c S   0.10c ( +0.5 L  +0.4) LCB   -2.33c P  3.38% WF  11.5 PSV       3 N      12  --  P17 R16 R17 D16 Q4 R3
P16 : T  -2.16c W   0.13c S  -0.23c ( +0.0 L  +0.1) LCB  -45.36c P  1.82% WF   3.8 PSV       1 N       4  --  P16 R17 R18 R16

2025-11-16 14:12:53-0500: = R16
2025-11-16 14:12:53-0500: Controller: play B D16
2025-11-16 14:12:53-0500: = 
2025-11-16 14:12:53-0500: Controller: genmove w
2025-11-16 14:12:53-0500: MoveNum: 5 HASH: 8979369921B4666B48F735DF7E96C656
   A B C D E F G H J K L M N O P Q R S T
19 . . . . . . . . . . . . . . . . . . .
18 . . . . . . . . . . . . . . . . . . .
17 . . . . . . . . . . . . . . . O . . .
16 . . . X3. . . . . . . . . . . X1O2. .
15 . . . . . . . . . . . . . . . . . . .
14 . . . . . . . . . . . . . . . . . . .
13 . . . . . . . . . . . . . . . . . . .
12 . . . . . . . . . . . . . . . . . . .
11 . . . . . . . . . . . . . . . . . . .
10 . . . . . . . . . . . . . . . . . . .
 9 . . . . . . . . . . . . . . . . . . .
 8 . . . . . . . . . . . . . . . . . . .
 7 . . . . . . . . . . . . . . . . . . .
 6 . . . . . . . . . . . . . . . . . . .
 5 . . . . . . . . . . . . . . . . . . .
 4 . . . X . . . . . . . . . . . @ . . .
 3 . . . . . . . . . . . . . . . . . . .
 2 . . . . . . . . . . . . . . . . . . .
 1 . . . . . . . . . . . . . . . . . . .

koPOSITIONALscoreAREAtaxNONEsui1komi7.5
Time taken: 0.149853
Root visits: 803
New playouts: 711
NN rows: 651
NN batches: 328
NN avg batch size: 1.98476
PV: Q4 P17 Q15 P16 R17 R3 R4 Q3 O3 P3 P4 O2 L17 M16 L16 L15 M15 M17 N15
Tree:
: T  14.00c W  13.04c S   0.57c ( +1.8 L  +1.4) N     803  --  Q4 P17 Q15 P16 R17 R3 R4
---White(^)---
Q4  : T  15.17c W  14.03c S   0.68c ( +1.9 L  +1.5) LCB   13.97c P 34.76% WF 489.2 PSV     485 N     484  --  Q4 P17 Q15 P16 R17 R3 R4 Q3
Q3  : T  12.73c W  11.83c S   0.43c ( +1.6 L  +1.3) LCB   10.84c P 13.56% WF 108.7 PSV      45 N     110  --  Q3 R15 R17 Q5 R5 R6 R4 Q6
R4  : T  13.09c W  12.38c S   0.50c ( +1.7 L  +1.4) LCB   11.54c P 10.73% WF 137.6 PSV      40 N     139  --  R4 R15 P16 Q15 R17 P4 P3 O3
O16 : T   9.71c W   9.13c S   0.10c ( +1.2 L  +1.0) LCB    6.14c P 21.92% WF  45.6 PSV      38 N      47  --  O16 R17 P17 R4 R15 O3 C17
Q14 : T   9.76c W   9.71c S   0.15c ( +1.3 L  +1.0) LCB    3.66c P  7.27% WF  16.6 PSV      12 N      17  --  Q14 R4 P16 O3 C17 C16
P16 : T   7.25c W   8.71c S   0.12c ( +1.2 L  +1.0) LCB  -66.81c P  1.86% WF   2.9 PSV       2 N       3  --  P16 Q15 R15
N16 : T  -1.28c W  -0.36c S  -0.92c ( -0.1 L  +0.1) LCB -351.28c P  1.14% WF   1.0 PSV       0 N       1  --  N16

2025-11-16 14:12:53-0500: = Q4
2025-11-16 14:12:53-0500: Controller: play B pass
2025-11-16 14:12:53-0500: = 
2025-11-16 14:12:53-0500: Controller: genmove w
2025-11-16 14:12:54-0500: MoveNum: 7 HASH: 77D58004745ABB9A55680C14D61CD223
   A B C D E F G H J K L M N O P Q R S T
19 . . . . . . . . . . . . . . . . . . .
18 . . . . . . . . . . . . . . . . . . .
17 . . . . . . . . . . . . . . . O . . .
16 . . . X1. . . . . . . . . . . X O . .
15 . . . . . . . . . . . . . . . . . . .
14 . . . . . . . . . . . . . . . @ . . .
13 . . . . . . . . . . . . . . . . . . .
12 . . . . . . . . . . . . . . . . . . .
11 . . . . . . . . . . . . . . . . . . .
10 . . . . . . . . . . . . . . . . . . .
 9 . . . . . . . . . . . . . . . . . . .
 8 . . . . . . . . . . . . . . . . . . .
 7 . . . . . . . . . . . . . . . . . . .
 6 . . . . . . . . . . . . . . . . . . .
 5 . . . . . . . . . . . . . . . . . . .
 4 . . . X . . . . . . . . . . . O2. . .
 3 . . . . . . . . . . . . . . . . . . .
 2 . . . . . . . . . . . . . . . . . . .
 1 . . . . . . . . . . . . . . . . . . .

koPOSITIONALscoreAREAtaxNONEsui1komi7.5
Time taken: 0.0926943
Root visits: 403
New playouts: 403
NN rows: 403
NN batches: 203
NN avg batch size: 1.98522
PV: Q14 R17 R15 R3 R4 Q3 O3 P3
Tree:
: T  95.72c W  91.05c S   4.98c (+18.9 L +15.6) N     403  --  Q14 R17 R15 R3 R4 Q3 O3
---White(^)---
Q14 : T  96.25c W  91.20c S   5.07c (+19.0 L +15.8) LCB   95.30c P 24.97% WF 111.4 PSV     164 N     111  --  Q14 R17 R15 R3 R4 Q3 O3 P3
O16 : T  95.69c W  91.06c S   4.98c (+18.9 L +15.6) LCB   94.57c P 23.55% WF 103.0 PSV      77 N     103  --  O16 R17 P17 R3 Q3 R4 R5
R15 : T  95.15c W  90.72c S   4.85c (+18.7 L +15.5) LCB   93.86c P  8.07% WF  47.8 PSV      21 N      48  --  R15 P17 P16 R3 R4 Q3 P4
C3  : T  95.46c W  91.06c S   4.78c (+18.6 L +15.4) LCB   93.34c P  4.97% WF  27.0 PSV      14 N      27  --  C3 R15 P16 Q15 R17 D3
C17 : T  95.17c W  90.82c S   4.71c (+18.5 L +15.3) LCB   92.91c P  5.19% WF  29.9 PSV      13 N      30  --  C17 R15 P16 Q15 R17 C16
P17 : T  96.50c W  91.48c S   5.14c (+19.1 L +15.9) LCB   94.78c P  1.71% WF  26.1 PSV       9 N      26  --  P17 R3 R4 Q3 O3 P3 P4
P16 : T  95.09c W  90.98c S   5.13c (+19.1 L +15.9) LCB   91.88c P  3.39% WF  19.9 PSV       8 N      20  --  P16 Q15 R15 Q14 R14 Q13 O17
Q15 : T  95.32c W  91.06c S   4.94c (+18.8 L +15.7) LCB   92.64c P  2.87% WF  19.0 PSV       8 N      19  --  Q15 P16 R15 R3 Q3
R14 : T  95.55c W  90.96c S   5.04c (+18.9 L +15.6) LCB   92.72c P  2.03% WF  18.0 PSV       6 N      18  --  R14 R3 R4 Q3 O3
pss : T   8.23c W  15.97c S  -7.75c ( +2.6 L  +1.9) LCB -1400.00c P  0.00% WF   0.0 PSV       0 N       1  --  pass

2025-11-16 14:12:54-0500: = Q14
2025-11-16 14:12:54-0500: Controller: play B pass
2025-11-16 14:12:54-0500: = 
2025-11-16 14:12:54-0500: Controller: genmove w
2025-11-16 14:12:54-0500: MoveNum: 9 HASH: 3C5DA8A0207243B7FEDB56C01F7155C4
   A B C D E F G H J K L M N O P Q R S T
19 . . . . . . . . . . . . . . . . . . .
18 . . . . . . . . . . . . . . . . . . .
17 . . . . . . . . . . . . . . . O . . .
16 . . . X . . . . . . . . . . @ X O . .
15 . . . . . . . . . . . . . . . . . . .
14 . . . . . . . . . . . . . . . O2. . .
13 . . . . . . . . . . . . . . . . . . .
12 . . . . . . . . . . . . . . . . . . .
11 . . . . . . . . . . . . . . . . . . .
10 . . . . . . . . . . . . . . . . . . .
 9 . . . . . . . . . . . . . . . . . . .
 8 . . . . . . . . . . . . . . . . . . .
 7 . . . . . . . . . . . . . . . . . . .
 6 . . . . . . . . . . . . . . . . . . .
 5 . . . . . . . . . . . . . . . . . . .
 4 . . . X . . . . . . . . . . . O . . .
 3 . . . . . . . . . . . . . . . . . . .
 2 . . . . . . . . . . . . . . . . . . .
 1 . . . . . . . . . . . . . . . . . . .

koPOSITIONALscoreAREAtaxNONEsui1komi7.5
Time taken: 0.0478878
Root visits: 203
New playouts: 203
NN rows: 202
NN batches: 102
NN avg batch size: 1.98039
PV: P16 R6 C17 D17
Tree:
: T 107.36c W  98.84c S   8.79c (+32.3 L +28.5) N     203  --  P16 R6 C17 D17
---White(^)---
P16 : T 107.67c W  98.86c S   9.05c (+32.6 L +28.9) LCB  107.19c P 29.91% WF  53.1 PSV     159 N      53  --  P16 R6 C17 D17
C3  : T 107.17c W  98.90c S   8.52c (+31.9 L +28.3) LCB  106.49c P 11.44% WF  55.4 PSV      56 N      56  --  C3 C4 D3 F3 E3 E4 F2 R3
C17 : T 106.86c W  98.78c S   8.32c (+31.6 L +28.0) LCB  106.13c P 10.50% WF  44.9 PSV      40 N      45  --  C17 D17 C16 C14 C15 D15 B14 R3
F3  : T 108.22c W  98.86c S   9.60c (+33.6 L +29.2) LCB  105.91c P  1.80% WF  18.1 PSV      18 N      18  --  F3 R17 R15 R3
F17 : T 107.25c W  98.77c S   8.88c (+32.6 L +28.4) LCB  105.96c P  1.89% WF  26.0 PSV      10 N      26  --  F17 H17 P16 R3 R4
C16 : T 108.52c W  98.92c S  10.05c (+34.3 L +29.9) LCB   65.57c P  1.74% WF   4.0 PSV       4 N       4  --  C16 C17 C15
pss : T  88.79c W  91.71c S  -2.92c (+17.0 L +14.3) LCB -1400.00c P  0.00% WF   0.0 PSV       0 N       1  --  pass

2025-11-16 14:12:54-0500: = P16
2025-11-16 14:12:54-0500: Controller: play B pass
2025-11-16 14:12:54-0500: = 
2025-11-16 14:12:54-0500: Controller: genmove w
2025-11-16 14:12:54-0500: MoveNum: 11 HASH: 35491731EB89F965852D166BEE543FFA
   A B C D E F G H J K L M N O P Q R S T
19 . . . . . . . . . . . . . . . . . . .
18 . . . . . . . . . . . . . . . . . . .
17 . . @ . . . . . . . . . . . . O . . .
16 . . . X . . . . . . . . . . O2X O . .
15 . . . . . . . . . . . . . . . . . . .
14 . . . . . . . . . . . . . . . O . . .
13 . . . . . . . . . . . . . . . . . . .
12 . . . . . . . . . . . . . . . . . . .
11 . . . . . . . . . . . . . . . . . . .
10 . . . . . . . . . . . . . . . . . . .
 9 . . . . . . . . . . . . . . . . . . .
 8 . . . . . . . . . . . . . . . . . . .
 7 . . . . . . . . . . . . . . . . . . .
 6 . . . . . . . . . . . . . . . . . . .
 5 . . . . . . . . . . . . . . . . . . .
 4 . . . X . . . . . . . . . . . O . . .
 3 . . . . . . . . . . . . . . . . . . .
 2 . . . . . . . . . . . . . . . . . . .
 1 . . . . . . . . . . . . . . . . . . .

koPOSITIONALscoreAREAtaxNONEsui1komi7.5
Time taken: 0.0669872
Root visits: 203
New playouts: 203
NN rows: 199
NN batches: 101
NN avg batch size: 1.9703
PV: F3 R6 C6 D6 D7
Tree:
: T 111.83c W  99.72c S  12.36c (+46.8 L +41.5) N     203  --  F3 R6 C6 D6 D7
---White(^)---
F3  : T 112.32c W  99.77c S  12.83c (+47.5 L +41.8) LCB  110.71c P  3.83% WF  22.1 PSV      54 N      22  --  F3 R6 C6 D6 D7
C17 : T 111.30c W  99.73c S  11.80c (+45.6 L +40.7) LCB  110.33c P 11.41% WF  31.9 PSV      32 N      32  --  C17 D17 C16 C14 C15 D15 B14 C18
C3  : T 111.37c W  99.73c S  11.75c (+45.6 L +40.7) LCB  110.18c P 10.07% WF  26.9 PSV      27 N      27  --  C3 C4 D3 F3 E3 E4 F2
F17 : T 111.63c W  99.72c S  12.17c (+46.6 L +41.1) LCB  109.99c P  6.89% WF  23.0 PSV      23 N      23  --  F17 H17 F15 D14 K17 H15 K15
R6  : T 111.76c W  99.73c S  12.40c (+46.8 L +40.9) LCB  109.59c P  5.17% WF  19.0 PSV      19 N      19  --  R6 H17 C14 B15 C3
C6  : T 112.62c W  99.72c S  13.07c (+48.0 L +42.7) LCB  110.03c P  2.37% WF  16.1 PSV      16 N      16  --  C6 F3 C4 C3
R7  : T 111.94c W  99.63c S  12.56c (+47.3 L +42.1) LCB  108.76c P  3.76% WF  15.0 PSV      15 N      15  --  R7 O3 C6 R3
C14 : T 112.17c W  99.70c S  12.72c (+47.4 L +42.3) LCB  108.97c P  3.39% WF  15.0 PSV      15 N      15  --  C14 G17 F3 C6
C4  : T 112.08c W  99.68c S  12.70c (+47.3 L +42.3) LCB  108.47c P  3.24% WF  14.0 PSV      14 N      14  --  C4 C3 C5 D3 C8
D17 : T 112.07c W  99.72c S  12.73c (+47.3 L +42.2) LCB  106.45c P  2.61% WF  11.0 PSV      11 N      11  --  D17 E17 C17 E16

2025-11-16 14:12:54-0500: = C17
2025-11-16 14:12:54-0500: Controller: play B pass
2025-11-16 14:12:54-0500: = 
2025-11-16 14:12:54-0500: Controller: genmove w
2025-11-16 14:12:54-0500: MoveNum: 13 HASH: FAA89563A9DBC00B230836456287FC1A
   A B C D E F G H J K L M N O P Q R S T
19 . . . . . . . . . . . . . . . . . . .
18 . . . . . . . . . . . . . . . . . . .
17 . . O2. . . . . . . . . . . . O . . .
16 . . @ X . . . . . . . . . . O X O . .
15 . . . . . . . . . . . . . . . . . . .
14 . . . . . . . . . . . . . . . O . . .
13 . . . . . . . . . . . . . . . . . . .
12 . . . . . . . . . . . . . . . . . . .
11 . . . . . . . . . . . . . . . . . . .
10 . . . . . . . . . . . . . . . . . . .
 9 . . . . . . . . . . . . . . . . . . .
 8 . . . . . . . . . . . . . . . . . . .
 7 . . . . . . . . . . . . . . . . . . .
 6 . . . . . . . . . . . . . . . . . . .
 5 . . . . . . . . . . . . . . . . . . .
 4 . . . X . . . . . . . . . . . O . . .
 3 . . . . . . . . . . . . . . . . . . .
 2 . . . . . . . . . . . . . . . . . . .
 1 . . . . . . . . . . . . . . . . . . .

koPOSITIONALscoreAREAtaxNONEsui1komi7.5
Time taken: 0.0468413
Root visits: 203
New playouts: 203
NN rows: 202
NN batches: 102
NN avg batch size: 1.98039
PV: C16 D14 D15 E15 C15 F14 C13 O3
Tree:
: T 113.35c W  99.92c S  13.58c (+61.5 L +53.3) N     203  --  C16 D14 D15 E15 C15 F14 C13
---White(^)---
C16 : T 113.78c W  99.92c S  13.94c (+62.2 L +54.0) LCB  113.35c P 27.47% WF  53.1 PSV     134 N      53  --  C16 D14 D15 E15 C15 F14 C13 O3
D17 : T 113.55c W  99.92c S  13.74c (+61.7 L +53.5) LCB  113.02c P 26.52% WF  65.1 PSV      65 N      65  --  D17 F16 E16 E15 E17 F14 G15 F15
C3  : T 113.23c W  99.91c S  13.50c (+61.4 L +53.0) LCB  112.56c P  2.50% WF  46.9 PSV       5 N      48  --  C3 C4 D3 F3 D17
C15 : T 112.65c W  99.91c S  13.02c (+60.5 L +52.3) LCB  111.40c P  1.87% WF  26.9 PSV       3 N      28  --  C15 C16 B16 D17 C18 D15
B15 : T 111.96c W  99.91c S  12.30c (+59.6 L +52.2) LCB  101.01c P  1.69% WF   8.0 PSV       2 N       8  --  B15 D17 C18 H17 K17
pss : T 101.70c W  99.94c S   1.76c (+43.8 L +38.2) LCB -1400.00c P  0.04% WF   0.0 PSV       0 N       1  --  pass

2025-11-16 14:12:54-0500: = C16
2025-11-16 14:12:54-0500: Controller: play B pass
2025-11-16 14:12:54-0500: = 
2025-11-16 14:12:54-0500: Controller: genmove w
2025-11-16 14:12:54-0500: MoveNum: 15 HASH: 6D9123A4141694C17C87BCF5C17D8812
   A B C D E F G H J K L M N O P Q R S T
19 . . . . . . . . . . . . . . . . . . .
18 . . . . . . . . . . . . . . . . . . .
17 . . O . . . . . . . . . . . . O . . .
16 . . O2X . . . . @ . . . . . O X O . .
15 . . . . . . . . . . . . . . . . . . .
14 . . . . . . . . . . . . . . . O . . .
13 . . . . . . . . . . . . . . . . . . .
12 . . . . . . . . . . . . . . . . . . .
11 . . . . . . . . . . . . . . . . . . .
10 . . . . . . . . . . . . . . . . . . .
 9 . . . . . . . . . . . . . . . . . . .
 8 . . . . . . . . . . . . . . . . . . .
 7 . . . . . . . . . . . . . . . . . . .
 6 . . . . . . . . . . . . . . . . . . .
 5 . . . . . . . . . . . . . . . . . . .
 4 . . . X . . . . . . . . . . . O . . .
 3 . . . . . . . . . . . . . . . . . . .
 2 . . . . . . . . . . . . . . . . . . .
 1 . . . . . . . . . . . . . . . . . . .

koPOSITIONALscoreAREAtaxNONEsui1komi7.5
Time taken: 0.0389377
Root visits: 111
New playouts: 111
NN rows: 112
NN batches: 57
NN avg batch size: 1.96491
PV: J16 D14 D15 E15 C15 F14 E13 E14
Tree:
: T 113.37c W  99.97c S  13.61c (+76.5 L +65.6) N     111  --  J16 D14 D15 E15 C15 F14 E13
---White(^)---
J16 : T 113.82c W  99.96c S  13.89c (+76.9 L +65.6) LCB  112.15c P 13.22% WF  26.1 PSV      31 N      26  --  J16 D14 D15 E15 C15 F14 E13 E14
J17 : T 112.51c W  99.97c S  13.01c (+75.3 L +64.7) LCB  108.99c P  9.68% WF  14.9 PSV      12 N      15  --  J17 D14 D15 E15 C15 F14
C3  : T 113.92c W  99.96c S  14.24c (+77.6 L +66.0) LCB  110.05c P  5.16% WF  14.0 PSV      11 N      14  --  C3 C4 D3 F3 E3
H16 : T 112.62c W  99.97c S  12.88c (+75.2 L +65.0) LCB  105.39c P  7.35% WF  10.0 PSV       9 N      10  --  H16 D14 D15 E15 C15 F14
D15 : T 114.07c W  99.96c S  14.08c (+77.3 L +65.5) LCB  107.88c P  3.86% WF  11.0 PSV       8 N      11  --  D15 J17 L17 R6
K16 : T 113.15c W  99.97c S  13.42c (+76.2 L +65.5) LCB  104.34c P  5.46% WF   9.0 PSV       8 N       9  --  K16 D14 D15 E15 C15
H17 : T 112.55c W  99.97c S  12.92c (+75.4 L +65.6) LCB   84.85c P  4.09% WF   5.0 PSV       5 N       5  --  H17 D14 C15 C14
C4  : T 113.45c W  99.97c S  13.93c (+77.5 L +67.2) LCB   85.67c P  2.54% WF   5.0 PSV       4 N       5  --  C4 C3 C5
C6  : T 113.38c W  99.97c S  13.73c (+77.0 L +66.6) LCB   70.42c P  2.21% WF   4.0 PSV       3 N       4  --  C6 D14 F3
R6  : T 112.94c W  99.97c S  12.95c (+75.7 L +66.3) LCB   39.13c P  2.41% WF   3.0 PSV       3 N       3  --  R6 D14 D15

2025-11-16 14:12:54-0500: = J16
2025-11-16 14:12:54-0500: Controller: play B pass
2025-11-16 14:12:54-0500: = 
2025-11-16 14:12:54-0500: Controller: genmove w
2025-11-16 14:12:54-0500: MoveNum: 17 HASH: 1B4545074DE2890C0FE8075BB5ED5C1B
   A B C D E F G H J K L M N O P Q R S T
19 . . . . . . . . . . . . . . . . . . .
18 . . . . . . . . . . . . . . . . . . .
17 . . O . . . . . . . . . . . . O . . .
16 . . O X . . . . O2. . . . . O X O . .
15 . . . . . . . . . . . . . . . . . . .
14 . . . @ . . . . . . . . . . . O . . .
13 . . . . . . . . . . . . . . . . . . .
12 . . . . . . . . . . . . . . . . . . .
11 . . . . . . . . . . . . . . . . . . .
10 . . . . . . . . . . . . . . . . . . .
 9 . . . . . . . . . . . . . . . . . . .
 8 . . . . . . . . . . . . . . . . . . .
 7 . . . . . . . . . . . . . . . . . . .
 6 . . . . . . . . . . . . . . . . . . .
 5 . . . . . . . . . . . . . . . . . . .
 4 . . . X . . . . . . . . . . . O . . .
 3 . . . . . . . . . . . . . . . . . . .
 2 . . . . . . . . . . . . . . . . . . .
 1 . . . . . . . . . . . . . . . . . . .

koPOSITIONALscoreAREAtaxNONEsui1komi7.5
Time taken: 0.0493806
Root visits: 90
New playouts: 90
NN rows: 91
NN batches: 47
NN avg batch size: 1.93617
PV: D15 E15 D14 E14 E13 F13
Tree:
: T 112.23c W  99.98c S  12.41c (+89.8 L +75.9) N      90  --  D15 E15 D14 E14 E13 F13
---White(^)---
D15 : T 113.93c W  99.98c S  13.63c (+91.8 L +76.4) LCB  110.35c P  4.54% WF  20.1 PSV      24 N      20  --  D15 E15 D14 E14 E13 F13
D14 : T 113.27c W  99.98c S  13.16c (+91.0 L +76.1) LCB  109.34c P  6.50% WF  18.1 PSV      17 N      18  --  D14 D15 C15 E14 E13 D13
C3  : T 113.37c W  99.97c S  13.19c (+91.3 L +76.8) LCB  105.52c P  3.40% WF  10.0 PSV       9 N      10  --  C3 C4 D3 F3 E3
C6  : T 111.52c W  99.99c S  12.00c (+89.2 L +76.3) LCB   95.48c P  5.22% WF   7.0 PSV       6 N       7  --  C6 D14 E16
C4  : T 111.33c W  99.98c S  12.24c (+89.7 L +77.1) LCB   83.36c P  3.27% WF   5.0 PSV       4 N       5  --  C4 C5 C3
Q9  : T 109.90c W  99.99c S  10.71c (+86.5 L +74.4) LCB   66.96c P  4.90% WF   4.0 PSV       4 N       4  --  Q9 D14 D15
F3  : T 111.38c W  99.98c S  11.94c (+89.3 L +76.2) LCB   67.55c P  3.44% WF   4.0 PSV       4 N       4  --  F3 D14 D6
Q10 : T 110.57c W  99.98c S  11.11c (+87.2 L +74.6) LCB   82.16c P  3.22% WF   5.0 PSV       3 N       5  --  Q10 D14 D15
R9  : T 110.10c W  99.99c S  10.82c (+86.9 L +75.1) LCB   67.10c P  3.38% WF   4.0 PSV       3 N       4  --  R9 D14 D15
R8  : T 110.42c W  99.99c S  11.44c (+87.9 L +74.5) LCB   36.46c P  3.19% WF   3.0 PSV       3 N       3  --  R8 D14 D15

2025-11-16 14:12:54-0500: = D14
2025-11-16 14:12:54-0500: Controller: play B pass
2025-11-16 14:12:54-0500: = 
2025-11-16 14:12:54-0500: Controller: genmove w
2025-11-16 14:12:54-0500: MoveNum: 19 HASH: 53C41069DCD529B171EDE9770F6BB9FC
   A B C D E F G H J K L M N O P Q R S T
19 . . . . . . . . . . . . . . . . . . .
18 . . . . . . . . . . . . . . . . . . .
17 . . O . . . . . . . . . . . . O . . .
16 . . O X . . . . O . . . . . O X O . .
15 . . . . . . . . . . . . . . . . . . .
14 . . . O2. . . . . . . . . . . O . . .
13 . . . . . . . . . . . . . . . . . . .
12 . . . . . . . . . . . . . . . . . . .
11 . . . . . . . . . . . . . . . . . . .
10 . . . . . . . . . . . . . . . . . . .
 9 . . . . . . . . . . . . . . . @ . . .
 8 . . . . . . . . . . . . . . . . . . .
 7 . . . . . . . . . . . . . . . . . . .
 6 . . . . . . . . . . . . . . . . . . .
 5 . . . . . . . . . . . . . . . . . . .
 4 . . . X . . . . . . . . . . . O . . .
 3 . . . . . . . . . . . . . . . . . . .
 2 . . . . . . . . . . . . . . . . . . .
 1 . . . . . . . . . . . . . . . . . . .

koPOSITIONALscoreAREAtaxNONEsui1komi7.5
Time taken: 0.043406
Root visits: 86
New playouts: 86
NN rows: 87
NN batches: 45
NN avg batch size: 1.93333
PV: Q9 D15 C15 E14 D13 E13
Tree:
: T 111.53c W  99.99c S  11.32c (+101.8 L +84.8) N      86  --  Q9 D15 C15 E14 D13 E13
---White(^)---
Q9  : T 113.09c W  99.99c S  12.73c (+104.3 L +85.5) LCB  109.64c P  4.95% WF  20.1 PSV      21 N      20  --  Q9 D15 C15 E14 D13 E13
C6  : T 111.34c W  99.99c S  11.42c (+102.1 L +84.6) LCB  106.79c P  6.80% WF  17.9 PSV      10 N      18  --  C6 D15 C15 E14 E13 D13
Q8  : T 112.92c W  99.99c S  12.41c (+104.0 L +85.6) LCB   97.48c P  2.69% WF   7.0 PSV       7 N       7  --  Q8 D15 C15 E14
C4  : T 111.35c W  99.98c S  11.27c (+101.7 L +85.6) LCB  105.36c P  4.07% WF  13.0 PSV       6 N      13  --  C4 C5 D5 C3 B4 B3
R8  : T 112.83c W  99.98c S  12.46c (+104.2 L +85.5) LCB   84.07c P  2.76% WF   5.0 PSV       5 N       5  --  R8 D15 C15
Q10 : T 110.99c W  99.99c S  10.99c (+101.0 L +84.3) LCB  102.52c P  3.11% WF  10.0 PSV       4 N      10  --  Q10 D15 C15 E14 E13
R9  : T 113.16c W  99.98c S  11.16c (+101.9 L +84.5) LCB  -35.97c P  2.98% WF   2.0 PSV       2 N       2  --  R9 D15
D6  : T 105.87c W  99.92c S   5.95c (+91.4 L +80.7) LCB -244.13c P  3.30% WF   1.0 PSV       1 N       1  --  D6
F3  : T 105.41c W  99.97c S   5.44c (+90.4 L +79.8) LCB -244.59c P  2.57% WF   1.0 PSV       1 N       1  --  F3
R7  : T 106.92c W  99.98c S   6.94c (+93.4 L +81.4) LCB -243.08c P  2.47% WF   1.0 PSV       1 N       1  --  R7

2025-11-16 14:12:54-0500: = Q9
2025-11-16 14:12:55-0500: Controller: quit
2025-11-16 14:12:55-0500: Quit requested by controller
2025-11-16 14:12:55-0500: = 
2025-11-16 14:12:55-0500: GPU 7 finishing, processed 3347 rows 1688 batches
2025-11-16 14:12:55-0500: All cleaned up, quitting
