2025-11-16 15:38:12-0500: Running with following config:
conservativePass = true
lagBuffer = 1.0
logAllGTPCommunication = true
logDir = gtp_logs
logSearchInfo = true
logToStderr = false
maxVisits = 800
nnCacheSizePowerOfTwo = 20
nnMutexPoolSizePowerOfTwo = 16
numSearchThreads = 6
openclGpuToUse = 7
ponderingEnabled = false
preventCleanupPhase = true
rootSymmetryPruning = true
rules = tromp-taylor
searchFactorAfterOnePass = 0.50
searchFactorAfterTwoPass = 0.25
searchFactorWhenWinning = 0.40
searchFactorWhenWinningThreshold = 0.95

2025-11-16 15:38:12-0500: GTP Engine starting...
2025-11-16 15:38:12-0500: KataGo v1.16.4
2025-11-16 15:38:12-0500: Using TrompTaylor rules initially, unless GTP/GUI overrides this
2025-11-16 15:38:12-0500: Using 6 CPU thread(s) for search
2025-11-16 15:38:12-0500: nnRandSeed0 = 5204656298157380933
2025-11-16 15:38:12-0500: After dedups: nnModelFile0 = /scratch2/f004ndc/AlphaGo Project/KataGo/models/g170e-b10c128-s1141046784-d204142634.bin.gz useFP16 auto useNHWC auto
2025-11-16 15:38:12-0500: Initializing neural net buffer to be size 19 * 19 exactly
2025-11-16 15:38:12-0500: Found OpenCL Platform 0: NVIDIA CUDA (NVIDIA Corporation) (OpenCL 3.0 CUDA 12.8.98)
2025-11-16 15:38:12-0500: Found 8 device(s) on platform 0 with type CPU or GPU or Accelerator
2025-11-16 15:38:12-0500: Found OpenCL Device 0: NVIDIA RTX 6000 Ada Generation (NVIDIA Corporation) (score 11000300)
2025-11-16 15:38:12-0500: Found OpenCL Device 1: NVIDIA RTX 6000 Ada Generation (NVIDIA Corporation) (score 11000300)
2025-11-16 15:38:12-0500: Found OpenCL Device 2: NVIDIA RTX 6000 Ada Generation (NVIDIA Corporation) (score 11000300)
2025-11-16 15:38:12-0500: Found OpenCL Device 3: NVIDIA RTX 6000 Ada Generation (NVIDIA Corporation) (score 11000300)
2025-11-16 15:38:12-0500: Found OpenCL Device 4: NVIDIA RTX 6000 Ada Generation (NVIDIA Corporation) (score 11000300)
2025-11-16 15:38:12-0500: Found OpenCL Device 5: NVIDIA RTX 6000 Ada Generation (NVIDIA Corporation) (score 11000300)
2025-11-16 15:38:12-0500: Found OpenCL Device 6: NVIDIA RTX 6000 Ada Generation (NVIDIA Corporation) (score 11000300)
2025-11-16 15:38:12-0500: Found OpenCL Device 7: NVIDIA RTX 6000 Ada Generation (NVIDIA Corporation) (score 11000300)
2025-11-16 15:38:12-0500: Creating context for OpenCL Platform: NVIDIA CUDA (NVIDIA Corporation) (OpenCL 3.0 CUDA 12.8.98)
2025-11-16 15:38:14-0500: Using OpenCL Device 7: NVIDIA RTX 6000 Ada Generation (NVIDIA Corporation) OpenCL 3.0 CUDA (Extensions: cl_khr_global_int32_base_atomics cl_khr_global_int32_extended_atomics cl_khr_local_int32_base_atomics cl_khr_local_int32_extended_atomics cl_khr_fp64 cl_khr_3d_image_writes cl_khr_byte_addressable_store cl_khr_icd cl_khr_gl_sharing cl_nv_compiler_options cl_nv_device_attribute_query cl_nv_pragma_unroll cl_nv_copy_opts cl_khr_gl_event cl_nv_create_buffer cl_khr_int64_base_atomics cl_khr_int64_extended_atomics cl_nv_kernel_attribute cl_khr_device_uuid cl_khr_pci_bus_info cl_khr_external_semaphore cl_khr_external_memory cl_khr_external_semaphore_opaque_fd cl_khr_external_memory_opaque_fd cl_khr_semaphore)
2025-11-16 15:38:14-0500: Loaded tuning parameters from: /thayerfs/home/f004ndc/.katago/opencltuning/tune11_gpuNVIDIARTX6000AdaGeneration_x19_y19_c128_mv8.txt
2025-11-16 15:38:15-0500: OpenCL backend thread 0: Device 7 Model version 8
2025-11-16 15:38:15-0500: OpenCL backend thread 0: Device 7 Model name: g170-b10c128-s1141046784-d204142634
2025-11-16 15:38:15-0500: OpenCL backend thread 0: Device 7 FP16Storage true FP16Compute false FP16TensorCores true FP16TensorCoresFor1x1 false
2025-11-16 15:38:15-0500: Loaded neural net with nnXLen 19 nnYLen 19
2025-11-16 15:38:15-0500: Initializing board with boardXSize 19 boardYSize 19
2025-11-16 15:38:15-0500: Loaded config /scratch2/f004ndc/AlphaGo Project/KataGo/configs/gtp_800visits.cfg
2025-11-16 15:38:15-0500: Loaded model /scratch2/f004ndc/AlphaGo Project/KataGo/models/g170e-b10c128-s1141046784-d204142634.bin.gz
2025-11-16 15:38:15-0500: Model name: g170-b10c128-s1141046784-d204142634
2025-11-16 15:38:15-0500: GTP ready, beginning main protocol loop
2025-11-16 15:38:15-0500: Controller: boardsize 19
2025-11-16 15:38:15-0500: = 
2025-11-16 15:38:15-0500: Controller: clear_board
2025-11-16 15:38:15-0500: = 
2025-11-16 15:38:15-0500: Controller: komi 7.5
2025-11-16 15:38:15-0500: = 
2025-11-16 15:38:15-0500: Controller: genmove b
2025-11-16 15:38:15-0500: MoveNum: 0 HASH: CDCBC1F514D7E680FACD226074256633
   A B C D E F G H J K L M N O P Q R S T
19 . . . . . . . . . . . . . . . . . . .
18 . . . . . . . . . . . . . . . . . . .
17 . . . . . . . . . . . . . . . . . . .
16 . . . . . . . . . . . . . . . . @ . .
15 . . . . . . . . . . . . . . . . . . .
14 . . . . . . . . . . . . . . . . . . .
13 . . . . . . . . . . . . . . . . . . .
12 . . . . . . . . . . . . . . . . . . .
11 . . . . . . . . . . . . . . . . . . .
10 . . . . . . . . . . . . . . . . . . .
 9 . . . . . . . . . . . . . . . . . . .
 8 . . . . . . . . . . . . . . . . . . .
 7 . . . . . . . . . . . . . . . . . . .
 6 . . . . . . . . . . . . . . . . . . .
 5 . . . . . . . . . . . . . . . . . . .
 4 . . . . . . . . . . . . . . . . . . .
 3 . . . . . . . . . . . . . . . . . . .
 2 . . . . . . . . . . . . . . . . . . .
 1 . . . . . . . . . . . . . . . . . . .

koPOSITIONALscoreAREAtaxNONEsui1komi7.5
Time taken: 0.113078
Root visits: 804
New playouts: 804
NN rows: 634
NN batches: 213
NN avg batch size: 2.97653
PV: R16 Q4 D17 D3 C14 C6 O17 R6
Tree:
: T  -7.77c W  -7.55c S  -0.11c ( -1.1 L  -0.8) N     804  --  R16 Q4 D17 D3 C14 C6 O17
---Black(^)---
R16 : T  -6.76c W  -6.70c S  -0.00c ( -0.9 L  -0.7) LCB   -7.58c P  4.26% WF 273.2 PSV     296 N     271  --  R16 Q4 D17 D3 C14 C6 O17 R6
Q16 : T  -7.93c W  -7.61c S  -0.10c ( -1.1 L  -0.8) LCB   -8.80c P 12.01% WF 232.4 PSV      84 N     233  --  Q16 D4 D17 Q3 C14 R6
Q15 : T  -7.96c W  -7.78c S  -0.14c ( -1.1 L  -0.9) LCB   -9.19c P  0.37% WF 143.1 PSV       2 N     146  --  Q15 D16 Q17 Q4 D4 C3 D3
R15 : T  -8.57c W  -8.22c S  -0.20c ( -1.2 L  -0.9) LCB   -9.94c P  0.48% WF 102.7 PSV       2 N     109  --  R15 D16 Q17 C4 Q4 F3 C17
R17 : T  -9.66c W  -9.40c S  -0.37c ( -1.4 L  -1.0) LCB  -12.44c P  0.51% WF  34.2 PSV       1 N      35  --  R17 D4 Q3 D16 R6
Q14 : T -12.76c W -11.70c S  -0.92c ( -2.1 L  -1.6) LCB  -87.35c P  0.03% WF   2.9 PSV       0 N       3  --  Q14 Q16 O17
R14 : T -14.27c W -13.10c S  -1.16c ( -2.4 L  -1.8) LCB -163.36c P  0.08% WF   2.0 PSV       0 N       2  --  R14 D4
R10 : T -14.91c W -13.50c S  -1.42c ( -2.7 L  -2.0) LCB -364.91c P  0.03% WF   1.0 PSV       0 N       1  --  R10
P15 : T -19.70c W -17.71c S  -1.99c ( -3.5 L  -2.5) LCB -369.70c P  0.02% WF   1.0 PSV       0 N       1  --  P15
Q10 : T -14.56c W -13.21c S  -1.35c ( -2.7 L  -1.9) LCB -364.56c P  0.02% WF   1.0 PSV       0 N       1  --  Q10

2025-11-16 15:38:15-0500: = R16
2025-11-16 15:38:15-0500: Controller: genmove w
2025-11-16 15:38:15-0500: MoveNum: 1 HASH: 48315B528346F7FF166D01D0584718A4
   A B C D E F G H J K L M N O P Q R S T
19 . . . . . . . . . . . . . . . . . . .
18 . . . . . . . . . . . . . . . . . . .
17 . . . @ . . . . . . . . . . . . . . .
16 . . . . . . . . . . . . . . . . X1. .
15 . . . . . . . . . . . . . . . . . . .
14 . . . . . . . . . . . . . . . . . . .
13 . . . . . . . . . . . . . . . . . . .
12 . . . . . . . . . . . . . . . . . . .
11 . . . . . . . . . . . . . . . . . . .
10 . . . . . . . . . . . . . . . . . . .
 9 . . . . . . . . . . . . . . . . . . .
 8 . . . . . . . . . . . . . . . . . . .
 7 . . . . . . . . . . . . . . . . . . .
 6 . . . . . . . . . . . . . . . . . . .
 5 . . . . . . . . . . . . . . . . . . .
 4 . . . . . . . . . . . . . . . . . . .
 3 . . . . . . . . . . . . . . . . . . .
 2 . . . . . . . . . . . . . . . . . . .
 1 . . . . . . . . . . . . . . . . . . .

koPOSITIONALscoreAREAtaxNONEsui1komi7.5
Time taken: 0.0703918
Root visits: 805
New playouts: 534
NN rows: 321
NN batches: 108
NN avg batch size: 2.97222
PV: D17 C4 Q4 O17 E4 E3
Tree:
: T   7.47c W   6.99c S   0.28c ( +1.0 L  +0.8) N     805  --  D17 C4 Q4 O17 E4 E3
---White(^)---
D17 : T   8.16c W   7.51c S   0.35c ( +1.1 L  +0.8) LCB    6.77c P  4.84% WF 119.6 PSV     291 N     119  --  D17 C4 Q4 O17 E4 E3
Q4  : T   7.43c W   6.93c S   0.26c ( +1.0 L  +0.7) LCB    6.34c P 21.84% WF 156.9 PSV     157 N     157  --  Q4 D17 D3 C14 C6 O17 R6
D4  : T   7.09c W   6.69c S   0.25c ( +0.9 L  +0.7) LCB    5.96c P 21.09% WF 134.6 PSV     120 N     135  --  D4 D17 Q3 C14 R6 O17 C6
D16 : T   6.92c W   6.51c S   0.22c ( +0.9 L  +0.7) LCB    5.78c P 22.45% WF 132.4 PSV     115 N     133  --  D16 Q3 D4 O17 Q5 R5 R6 R4
C16 : T   8.31c W   7.59c S   0.36c ( +1.1 L  +0.8) LCB    6.77c P  4.23% WF  76.4 PSV      76 N      76  --  C16 D4 Q4 E16 E17 F17 D17
Q3  : T   7.63c W   7.26c S   0.32c ( +1.0 L  +0.8) LCB    5.98c P  4.62% WF  53.0 PSV      39 N      53  --  Q3 D16 D4 R5 O4 C3
C4  : T   7.57c W   7.26c S   0.32c ( +1.0 L  +0.8) LCB    5.87c P  3.98% WF  72.0 PSV      32 N      72  --  C4 D17 R4 C14 O3 O17 F3
R4  : T   7.14c W   6.88c S   0.27c ( +1.0 L  +0.7) LCB    4.91c P  3.32% WF  30.9 PSV      19 N      31  --  R4 D16 D4 O17 C17 D17
D3  : T   7.09c W   6.34c S   0.21c ( +0.9 L  +0.7) LCB    4.23c P  3.25% WF  27.9 PSV      18 N      28  --  D3 Q3 D17 D5 C5 C6 C4

2025-11-16 15:38:15-0500: = D17
2025-11-16 15:38:15-0500: Controller: genmove b
2025-11-16 15:38:15-0500: MoveNum: 2 HASH: 68D3F0F998062C7AB9B55D318478613B
   A B C D E F G H J K L M N O P Q R S T
19 . . . . . . . . . . . . . . . . . . .
18 . . . . . . . . . . . . . . . . . . .
17 . . . O2. . . . . . . . . . . . . . .
16 . . . . . . . . . . . . . . . . X1. .
15 . . . . . . . . . . . . . . . . . . .
14 . . . . . . . . . . . . . . . . . . .
13 . . . . . . . . . . . . . . . . . . .
12 . . . . . . . . . . . . . . . . . . .
11 . . . . . . . . . . . . . . . . . . .
10 . . . . . . . . . . . . . . . . . . .
 9 . . . . . . . . . . . . . . . . . . .
 8 . . . . . . . . . . . . . . . . . . .
 7 . . . . . . . . . . . . . . . . . . .
 6 . . . . . . . . . . . . . . . . . . .
 5 . . . . . . . . . . . . . . . . . . .
 4 . . . . . . . . . . . . . . . . . . .
 3 . . . . . . . . . . . . . . . @ . . .
 2 . . . . . . . . . . . . . . . . . . .
 1 . . . . . . . . . . . . . . . . . . .

koPOSITIONALscoreAREAtaxNONEsui1komi7.5
Time taken: 0.147623
Root visits: 805
New playouts: 686
NN rows: 610
NN batches: 204
NN avg batch size: 2.9902
PV: C15 D4 Q4 F16 O17 R3 R4 Q3
Tree:
: T  -7.73c W  -7.36c S  -0.24c ( -1.0 L  -0.8) N     805  --  C15 D4 Q4 F16 O17 R3 R4
---Black(^)---
C15 : T  -7.01c W  -6.61c S  -0.17c ( -0.9 L  -0.7) LCB   -8.30c P  2.16% WF 106.5 PSV     264 N     106  --  C15 D4 Q4 F16 O17 R3 R4 Q3
D4  : T  -7.79c W  -7.28c S  -0.21c ( -1.0 L  -0.8) LCB   -8.92c P 17.33% WF 134.9 PSV     135 N     135  --  D4 Q4 C15 F16 O17 C3 D3 C4
D3  : T  -7.42c W  -7.22c S  -0.22c ( -1.0 L  -0.8) LCB   -8.82c P  9.61% WF 105.2 PSV     105 N     105  --  D3 Q3 D15 C15 C14 C16 D14 F17
C4  : T  -7.60c W  -7.37c S  -0.24c ( -1.0 L  -0.8) LCB   -8.97c P  9.85% WF 108.1 PSV      92 N     108  --  C4 Q4 F3 P16 P17 O17 Q17
R4  : T  -7.53c W  -7.27c S  -0.23c ( -1.0 L  -0.8) LCB   -9.05c P  7.39% WF  87.1 PSV      75 N      87  --  R4 D4 O3 P16 P17 O17 Q17 O16
Q3  : T  -7.67c W  -7.41c S  -0.25c ( -1.0 L  -0.8) LCB   -9.15c P  8.54% WF 100.0 PSV      74 N     100  --  Q3 D3 C5 F4 O17 R5 O4
Q4  : T  -8.51c W  -8.19c S  -0.35c ( -1.1 L  -0.9) LCB   -9.95c P 14.34% WF  76.6 PSV      69 N      77  --  Q4 D3 C15 E16 D5 C5
O17 : T  -8.12c W  -8.00c S  -0.31c ( -1.1 L  -0.8) LCB  -10.01c P  4.95% WF  34.9 PSV      30 N      35  --  O17 C4 Q4 F3 C15 F16
D15 : T  -8.68c W  -8.24c S  -0.40c ( -1.2 L  -1.0) LCB  -12.79c P  4.05% WF  19.9 PSV      17 N      20  --  D15 C15 C14 C16 D14 F16 Q4
D16 : T  -8.30c W  -6.59c S  -0.25c ( -1.0 L  -0.8) LCB  -13.20c P  2.59% WF  15.0 PSV      14 N      15  --  D16 C16 E17 D15 E16 C17 E15 D14

2025-11-16 15:38:15-0500: = Q3
2025-11-16 15:38:15-0500: Controller: genmove w
2025-11-16 15:38:15-0500: MoveNum: 3 HASH: 2269162A71B42BC1CAB007883ADFB88B
   A B C D E F G H J K L M N O P Q R S T
19 . . . . . . . . . . . . . . . . . . .
18 . . . . . . . . . . . . . . . . . . .
17 . . . O2. . . . . . . . . . . . . . .
16 . . . . . . . . . . . . . . . . X1. .
15 . . . . . . . . . . . . . . . . . . .
14 . . . . . . . . . . . . . . . . . . .
13 . . . . . . . . . . . . . . . . . . .
12 . . . . . . . . . . . . . . . . . . .
11 . . . . . . . . . . . . . . . . . . .
10 . . . . . . . . . . . . . . . . . . .
 9 . . . . . . . . . . . . . . . . . . .
 8 . . . . . . . . . . . . . . . . . . .
 7 . . . . . . . . . . . . . . . . . . .
 6 . . . . . . . . . . . . . . . . . . .
 5 . . . . . . . . . . . . . . . . . . .
 4 . . @ . . . . . . . . . . . . . . . .
 3 . . . . . . . . . . . . . . . X3. . .
 2 . . . . . . . . . . . . . . . . . . .
 1 . . . . . . . . . . . . . . . . . . .

koPOSITIONALscoreAREAtaxNONEsui1komi7.5
Time taken: 0.100277
Root visits: 805
New playouts: 705
NN rows: 631
NN batches: 211
NN avg batch size: 2.99052
PV: D4 C15 P16 P17 O17 Q17 O16 E16 E17 F16 G17 Q14 G16
Tree:
: T   7.90c W   7.37c S   0.25c ( +1.0 L  +0.8) N     805  --  D4 C15 P16 P17 O17 Q17 O16
---White(^)---
D4  : T   8.04c W   7.48c S   0.27c ( +1.0 L  +0.7) LCB    7.13c P 33.94% WF 262.3 PSV     462 N     262  --  D4 C15 P16 P17 O17 Q17 O16 E16
D3  : T   7.70c W   7.22c S   0.23c ( +1.0 L  +0.8) LCB    6.76c P 27.16% WF 276.4 PSV     277 N     277  --  D3 C5 F4 C15 F16 O17 Q5 R5
C4  : T   8.03c W   7.48c S   0.26c ( +1.0 L  +0.8) LCB    6.94c P 27.59% WF 264.3 PSV     264 N     264  --  C4 E3 D6 O17 Q5 R5 R6 R4
C14 : T  -0.23c W   0.27c S  -0.50c ( +0.0 L  +0.1) LCB -350.23c P  1.59% WF   1.0 PSV       1 N       1  --  C14

2025-11-16 15:38:15-0500: = C4
2025-11-16 15:38:15-0500: Controller: genmove b
2025-11-16 15:38:15-0500: MoveNum: 4 HASH: 16D0EF9446470C66DA10C30B9C25BCC5
   A B C D E F G H J K L M N O P Q R S T
19 . . . . . . . . . . . . . . . . . . .
18 . . . . . . . . . . . . . . . . . . .
17 . . . O1. . . . . . . . . . . . . . .
16 . . . . . . . . . . . . . . . . X . .
15 . . @ . . . . . . . . . . . . . . . .
14 . . . . . . . . . . . . . . . . . . .
13 . . . . . . . . . . . . . . . . . . .
12 . . . . . . . . . . . . . . . . . . .
11 . . . . . . . . . . . . . . . . . . .
10 . . . . . . . . . . . . . . . . . . .
 9 . . . . . . . . . . . . . . . . . . .
 8 . . . . . . . . . . . . . . . . . . .
 7 . . . . . . . . . . . . . . . . . . .
 6 . . . . . . . . . . . . . . . . . . .
 5 . . . . . . . . . . . . . . . . . . .
 4 . . O3. . . . . . . . . . . . . . . .
 3 . . . . . . . . . . . . . . . X2. . .
 2 . . . . . . . . . . . . . . . . . . .
 1 . . . . . . . . . . . . . . . . . . .

koPOSITIONALscoreAREAtaxNONEsui1komi7.5
Time taken: 0.0851332
Root visits: 805
New playouts: 541
NN rows: 470
NN batches: 158
NN avg batch size: 2.97468
PV: C15 F3 O17 C16 D15 F17 D11 R5 R7
Tree:
: T  -8.42c W  -7.90c S  -0.30c ( -1.0 L  -0.8) N     805  --  C15 F3 O17 C16 D15 F17 D11
---Black(^)---
C15 : T  -7.50c W  -7.18c S  -0.22c ( -0.9 L  -0.7) LCB   -8.79c P  7.42% WF 200.4 PSV     251 N     199  --  C15 F3 O17 C16 D15 F17 D11 R5
E4  : T  -7.48c W  -7.13c S  -0.21c ( -0.9 L  -0.8) LCB   -9.04c P 15.62% WF 149.0 PSV     148 N     148  --  E4 E3 F3 D3 F4 C6 C15 F16
O17 : T  -9.22c W  -8.67c S  -0.38c ( -1.2 L  -0.9) LCB  -11.00c P 16.69% WF 102.3 PSV      78 N     103  --  O17 F3 C15 C16 D15 F17 D11 R5
E3  : T  -8.69c W  -7.81c S  -0.31c ( -1.1 L  -0.8) LCB  -10.34c P 12.12% WF 119.7 PSV      76 N     120  --  E3 P16 P17 O17 Q17 O16 Q14 K16
D15 : T  -8.84c W  -8.27c S  -0.32c ( -1.1 L  -0.9) LCB  -11.15c P 11.21% WF  88.7 PSV      64 N      89  --  D15 C15 C14 C16 D14 F16 D10 P16
R6  : T  -9.52c W  -8.90c S  -0.42c ( -1.2 L  -0.9) LCB  -11.98c P 10.95% WF  57.6 PSV      45 N      58  --  R6 P16 P17 O17 Q17 O16 Q14 K16
P16 : T  -9.08c W  -8.69c S  -0.41c ( -1.2 L  -0.9) LCB  -10.75c P  5.36% WF  36.8 PSV      27 N      37  --  P16 F3 C15 F16 R6 C12 H17
O16 : T  -9.64c W  -8.98c S  -0.43c ( -1.2 L  -0.9) LCB  -12.17c P  5.89% WF  28.8 PSV      23 N      29  --  O16 F3 C15 F16 R6 C12 H17
Q5  : T -10.51c W  -9.62c S  -0.50c ( -1.3 L  -0.9) LCB  -17.87c P  3.38% WF  10.9 PSV       9 N      11  --  Q5 F3 O17 C14 Q10 K4
Q6  : T -10.45c W  -9.66c S  -0.51c ( -1.3 L  -1.0) LCB  -18.01c P  2.66% WF   9.9 PSV       7 N      10  --  Q6 F3 C15 F16 O17

2025-11-16 15:38:15-0500: = C15
2025-11-16 15:38:16-0500: Controller: genmove w
2025-11-16 15:38:16-0500: MoveNum: 5 HASH: BC2C8CC0F813C8BC1B61933B5CDA2370
   A B C D E F G H J K L M N O P Q R S T
19 . . . . . . . . . . . . . . . . . . .
18 . . . . . . . . . . . . . . . . . . .
17 . . . O . . . . . . . . . . . . . . .
16 . . . . . . . . . . . . . . . . X . .
15 . . X3. . . . . . . . . . . . . . . .
14 . . . . . . . . . . . . . . . . . . .
13 . . . . . . . . . . . . . . . . . . .
12 . . . . . . . . . . . . . . . . . . .
11 . . . . . . . . . . . . . . . . . . .
10 . . . . . . . . . . . . . . . . . . .
 9 . . . . . . . . . . . . . . . . . . .
 8 . . . . . . . . . . . . . . . . . . .
 7 . . . . . . . . . . . . . . . . . . .
 6 . . . . . . . . . . . . . . . . . . .
 5 . . . . . . . . . . . . . . . . . . .
 4 . . O2. . . . . . . . . . . . . . . .
 3 . . . . . @ . . . . . . . . . X1. . .
 2 . . . . . . . . . . . . . . . . . . .
 1 . . . . . . . . . . . . . . . . . . .

koPOSITIONALscoreAREAtaxNONEsui1komi7.5
Time taken: 0.126898
Root visits: 805
New playouts: 606
NN rows: 517
NN batches: 173
NN avg batch size: 2.98844
PV: F3 O17 R5 O4 F16 R8 C12 C17 C18
Tree:
: T   7.54c W   7.27c S   0.26c ( +1.0 L  +0.8) N     805  --  F3 O17 R5 O4 F16 R8 C12
---White(^)---
F3  : T   8.89c W   8.48c S   0.39c ( +1.1 L  +0.8) LCB    7.72c P  8.12% WF 286.1 PSV     504 N     283  --  F3 O17 R5 O4 F16 R8 C12 C17
F16 : T   5.93c W   5.95c S   0.11c ( +0.8 L  +0.6) LCB    4.42c P 33.92% WF 129.2 PSV     103 N     131  --  F16 E4 E3 F3 D3 F4 C6 O17
E16 : T   6.13c W   5.85c S   0.09c ( +0.7 L  +0.6) LCB    4.31c P 13.71% WF  63.3 PSV      44 N      64  --  E16 E3 D6 O17 C12 R6 H3 C3
P17 : T   8.33c W   7.85c S   0.34c ( +1.1 L  +0.8) LCB    6.18c P  3.60% WF  59.2 PSV      42 N      59  --  P17 E16 E17 F16 G17 E4 Q15 R15
P16 : T   6.93c W   6.75c S   0.23c ( +0.9 L  +0.7) LCB    4.34c P  8.71% WF  67.6 PSV      38 N      68  --  P16 P17 O17 Q17 O16 Q14 K16 E16
C16 : T   6.41c W   6.04c S   0.12c ( +0.8 L  +0.7) LCB    3.06c P  7.93% WF  36.7 PSV      28 N      37  --  C16 D15 F17 E4 E3 F3 D3 F4
R5  : T   8.07c W   7.58c S   0.30c ( +1.0 L  +0.8) LCB    6.35c P  2.40% WF 110.3 PSV      21 N     110  --  R5 E16 E17 F16 G17 E3 D6 O4
Q5  : T   4.79c W   5.11c S   0.05c ( +0.7 L  +0.5) LCB   -0.16c P  5.27% WF  13.8 PSV      11 N      14  --  Q5 R5 R6 R4 Q6 O4 Q10 E4
E4  : T   6.86c W   6.66c S   0.20c ( +0.9 L  +0.7) LCB    2.86c P  2.25% WF  14.9 PSV       9 N      15  --  E4 E16 E17 F16 G17 R6 P16
F4  : T   6.52c W   6.34c S   0.18c ( +0.9 L  +0.7) LCB    1.17c P  2.30% WF  12.9 PSV       8 N      13  --  F4 E16 E17 F16 G17 R6 P16 P17

2025-11-16 15:38:16-0500: = F3
2025-11-16 15:38:16-0500: Controller: genmove b
2025-11-16 15:38:16-0500: MoveNum: 6 HASH: 25BF7F5E131DA58B0634F74FFCACFC1C
   A B C D E F G H J K L M N O P Q R S T
19 . . . . . . . . . . . . . . . . . . .
18 . . . . . . . . . . . . . . . . . . .
17 . . . O . . . . . . . . . @ . . . . .
16 . . . . . . . . . . . . . . . . X . .
15 . . X2. . . . . . . . . . . . . . . .
14 . . . . . . . . . . . . . . . . . . .
13 . . . . . . . . . . . . . . . . . . .
12 . . . . . . . . . . . . . . . . . . .
11 . . . . . . . . . . . . . . . . . . .
10 . . . . . . . . . . . . . . . . . . .
 9 . . . . . . . . . . . . . . . . . . .
 8 . . . . . . . . . . . . . . . . . . .
 7 . . . . . . . . . . . . . . . . . . .
 6 . . . . . . . . . . . . . . . . . . .
 5 . . . . . . . . . . . . . . . . . . .
 4 . . O1. . . . . . . . . . . . . . . .
 3 . . . . . O3. . . . . . . . . X . . .
 2 . . . . . . . . . . . . . . . . . . .
 1 . . . . . . . . . . . . . . . . . . .

koPOSITIONALscoreAREAtaxNONEsui1komi7.5
Time taken: 0.114747
Root visits: 805
New playouts: 522
NN rows: 484
NN batches: 162
NN avg batch size: 2.98765
PV: O17 E16 C12 R5 O4 R8 H17 C16 D15
Tree:
: T  -9.56c W  -8.87c S  -0.34c ( -1.2 L  -0.9) N     805  --  O17 E16 C12 R5 O4 R8 H17
---Black(^)---
O17 : T  -8.92c W  -8.38c S  -0.28c ( -1.1 L  -0.8) LCB  -10.37c P 14.59% WF 222.1 PSV     379 N     221  --  O17 E16 C12 R5 O4 R8 H17 C16
E16 : T -10.81c W -10.01c S  -0.46c ( -1.3 L  -1.0) LCB  -13.09c P 31.25% WF 119.8 PSV     121 N     121  --  E16 E17 F16 G17 P16 R5 R8 P4
R6  : T  -9.59c W  -8.85c S  -0.33c ( -1.2 L  -0.9) LCB  -11.55c P  9.46% WF 110.9 PSV      72 N     111  --  R6 E16 C12 P16 P17 O17 Q17 O16
Q5  : T  -8.83c W  -8.39c S  -0.29c ( -1.1 L  -0.8) LCB  -11.18c P  3.90% WF  70.3 PSV      69 N      70  --  Q5 P16 P17 O17 Q17 O16 Q14 K16
O16 : T  -9.42c W  -8.71c S  -0.32c ( -1.1 L  -0.9) LCB  -11.07c P  7.41% WF 100.1 PSV      65 N     100  --  O16 E16 D12 Q5 R5 R6
P16 : T  -9.22c W  -8.61c S  -0.31c ( -1.1 L  -0.8) LCB  -11.30c P  4.04% WF  85.2 PSV      42 N      85  --  P16 Q5 E16 E17 F16 G17 R5 R6
Q6  : T  -9.58c W  -9.08c S  -0.36c ( -1.2 L  -0.9) LCB  -12.18c P  3.97% WF  46.0 PSV      30 N      46  --  Q6 P16 P17 O17 Q17 O16 E16 E17
D4  : T  -9.03c W  -7.55c S  -0.18c ( -1.0 L  -0.9) LCB  -15.19c P  1.69% WF  24.1 PSV      22 N      24  --  D4 D5 C3 D3 E4 E3 C5 B4
F16 : T -13.25c W -12.14c S  -0.86c ( -1.8 L  -1.4) LCB  -22.29c P  8.35% WF  13.8 PSV      14 N      14  --  F16 D15 D16 E16 C16 E17
E4  : T -11.27c W  -9.16c S  -0.42c ( -1.3 L  -1.0) LCB  -54.86c P  1.16% WF   4.0 PSV       3 N       4  --  E4 E3 E16 E17

2025-11-16 15:38:16-0500: = O17
2025-11-16 15:38:16-0500: Controller: genmove w
2025-11-16 15:38:16-0500: MoveNum: 7 HASH: D62D5422B18C9000B3CE8FA286E440F6
   A B C D E F G H J K L M N O P Q R S T
19 . . . . . . . . . . . . . . . . . . .
18 . . . . . . . . . . . . . . . . . . .
17 . . . O . . . . . . . . . X3. . . . .
16 . . . . . . . . . . . . . . . . X . .
15 . . X1. . . . . . . . . . . . . . . .
14 . . . . . . . . . . . . . . . . . . .
13 . . . . . . . . . . . . . . . . . . .
12 . . . . . . . . . . . . . . . . . . .
11 . . . . . . . . . . . . . . . . . . .
10 . . . . . . . . . . . . . . . . . . .
 9 . . . . . . . . . . . . . . . . . . .
 8 . . . . . . . . . . . . . . . . . . .
 7 . . . . . . . . . . . . . . . . . . .
 6 . . . . . . . . . . . . . . . . . . .
 5 . . . . . . . . . . . . . . . . @ . .
 4 . . O . . . . . . . . . . . . . . . .
 3 . . . . . O2. . . . . . . . . X . . .
 2 . . . . . . . . . . . . . . . . . . .
 1 . . . . . . . . . . . . . . . . . . .

koPOSITIONALscoreAREAtaxNONEsui1komi7.5
Time taken: 0.0932647
Root visits: 805
New playouts: 584
NN rows: 524
NN batches: 176
NN avg batch size: 2.97727
PV: C16 D15 F17 C11 R5 O4 R8 R10 R3 R2
Tree:
: T  10.07c W   9.10c S   0.37c ( +1.2 L  +0.9) N     805  --  C16 D15 F17 C11 R5 O4 R8
---White(^)---
C16 : T  11.71c W  10.08c S   0.44c ( +1.3 L  +1.0) LCB    9.88c P  7.47% WF 181.2 PSV     326 N     179  --  C16 D15 F17 C11 R5 O4 R8 R10
R5  : T  11.01c W   9.98c S   0.47c ( +1.3 L  +1.0) LCB    9.50c P 19.23% WF 230.7 PSV     229 N     229  --  R5 O4 C16 D15 F17 R8 C11 G15
Q5  : T   9.52c W   8.70c S   0.34c ( +1.2 L  +0.8) LCB    8.10c P 15.15% WF 141.3 PSV      66 N     142  --  Q5 R5 R6 R4 Q6 O3 R10 E16
F16 : T   7.35c W   6.93c S   0.15c ( +0.9 L  +0.7) LCB    4.99c P 28.08% WF  88.2 PSV      64 N      90  --  F16 Q5 C12 C17 C18 D16 E17 B17
E16 : T   9.27c W   8.58c S   0.31c ( +1.1 L  +0.8) LCB    7.67c P 13.96% WF 147.9 PSV      55 N     149  --  E16 C12 R5 O4 R8 H17 C16 D15
C13 : T   4.30c W   5.54c S  -0.01c ( +0.7 L  +0.6) LCB   -6.64c P  4.13% WF   8.8 PSV       5 N       9  --  C13 E16 D16 D15 E15 E17
C12 : T   6.01c W   6.01c S   0.07c ( +0.8 L  +0.7) LCB  -37.38c P  1.40% WF   3.9 PSV       2 N       4  --  C12 E16 E17 F16
G16 : T   5.85c W   7.09c S   0.18c ( +1.0 L  +0.7) LCB -143.19c P  1.32% WF   2.0 PSV       2 N       2  --  G16 R6

2025-11-16 15:38:16-0500: = R5
2025-11-16 15:38:16-0500: Controller: genmove b
2025-11-16 15:38:16-0500: MoveNum: 8 HASH: 9DD68CB60B638DA56AC984B11CE9C278
   A B C D E F G H J K L M N O P Q R S T
19 . . . . . . . . . . . . . . . . . . .
18 . . . . . . . . . . . . . . . . . . .
17 . . . O . . . . . . . . . X2. . . . .
16 . . . . . . . . . . . . . . . . X . .
15 . . X . . . . . . . . . . . . . . . .
14 . . . . . . . . . . . . . . . . . . .
13 . . . . . . . . . . . . . . . . . . .
12 . . . . . . . . . . . . . . . . . . .
11 . . . . . . . . . . . . . . . . . . .
10 . . . . . . . . . . . . . . . . . . .
 9 . . . . . . . . . . . . . . . . . . .
 8 . . . . . . . . . . . . . . . . @ . .
 7 . . . . . . . . . . . . . . . . . . .
 6 . . . . . . . . . . . . . . . . . . .
 5 . . . . . . . . . . . . . . . . O3. .
 4 . . O . . . . . . . . . . . . . . . .
 3 . . . . . O1. . . . . . . . . X . . .
 2 . . . . . . . . . . . . . . . . . . .
 1 . . . . . . . . . . . . . . . . . . .

koPOSITIONALscoreAREAtaxNONEsui1komi7.5
Time taken: 0.0889966
Root visits: 805
New playouts: 576
NN rows: 479
NN batches: 161
NN avg batch size: 2.97516
PV: R8 P4 P3 O4 N3 F16 P8 C12 C17 C18 B18 C16
Tree:
: T -10.28c W  -9.80c S  -0.34c ( -1.3 L  -1.0) N     805  --  R8 P4 P3 O4 N3 F16 P8
---Black(^)---
R8  : T  -9.07c W  -8.85c S  -0.24c ( -1.2 L  -0.9) LCB  -11.05c P  6.35% WF 128.3 PSV     333 N     128  --  R8 P4 P3 O4 N3 F16 P8 C12
O4  : T  -9.82c W  -9.42c S  -0.27c ( -1.2 L  -0.9) LCB  -11.29c P 24.07% WF 263.9 PSV     263 N     263  --  O4 C16 E16 E17 B16 F16 R8 R3
R7  : T -10.00c W  -9.18c S  -0.29c ( -1.2 L  -0.9) LCB  -12.33c P  8.65% WF 136.2 PSV      79 N     137  --  R7 R9 E16 E17 F16 G17 Q5 Q4
E16 : T -11.48c W -10.90c S  -0.44c ( -1.4 L  -1.1) LCB  -13.92c P 17.68% WF  87.8 PSV      71 N      89  --  E16 E17 F16 G17 R7 P4 Q4 Q5
P4  : T -11.61c W -11.16c S  -0.49c ( -1.5 L  -1.1) LCB  -14.45c P 12.44% WF  60.4 PSV      48 N      61  --  P4 R8 E16 E17 F16 G17 R10 S3
F16 : T -10.52c W -10.65c S  -0.48c ( -1.5 L  -1.1) LCB  -14.94c P  6.48% WF  53.9 PSV      41 N      54  --  F16 P4 P3 O4 O3 N4 M3 E16
R4  : T -11.40c W -10.85c S  -0.46c ( -1.5 L  -1.0) LCB  -15.28c P  7.34% WF  40.7 PSV      30 N      41  --  R4 Q5 O3 R9 F16 E16 E15 F17
G17 : T -11.30c W -10.87c S  -0.50c ( -1.5 L  -1.1) LCB  -16.97c P  2.21% WF  11.9 PSV       9 N      12  --  G17 F16 G16 F14 G15 D14
R9  : T -13.57c W -11.92c S  -0.58c ( -1.6 L  -1.2) LCB  -33.33c P  2.52% WF   5.9 PSV       5 N       6  --  R9 P4 P3 O4 N3 F16
F17 : T -15.35c W -12.35c S  -0.72c ( -1.8 L  -1.3) LCB  -58.85c P  2.36% WF   3.9 PSV       3 N       4  --  F17 E16 F16 D14

2025-11-16 15:38:16-0500: = R8
2025-11-16 15:38:16-0500: Controller: genmove w
2025-11-16 15:38:16-0500: MoveNum: 9 HASH: C265AE3C649071E680A0F5AC8C3595FC
   A B C D E F G H J K L M N O P Q R S T
19 . . . . . . . . . . . . . . . . . . .
18 . . . . . . . . . . . . . . . . . . .
17 . . . O . . . . . . . . . X1. . . . .
16 . . @ . . . . . . . . . . . . . X . .
15 . . X . . . . . . . . . . . . . . . .
14 . . . . . . . . . . . . . . . . . . .
13 . . . . . . . . . . . . . . . . . . .
12 . . . . . . . . . . . . . . . . . . .
11 . . . . . . . . . . . . . . . . . . .
10 . . . . . . . . . . . . . . . . . . .
 9 . . . . . . . . . . . . . . . . . . .
 8 . . . . . . . . . . . . . . . . X3. .
 7 . . . . . . . . . . . . . . . . . . .
 6 . . . . . . . . . . . . . . . . . . .
 5 . . . . . . . . . . . . . . . . O2. .
 4 . . O . . . . . . . . . . . . . . . .
 3 . . . . . O . . . . . . . . . X . . .
 2 . . . . . . . . . . . . . . . . . . .
 1 . . . . . . . . . . . . . . . . . . .

koPOSITIONALscoreAREAtaxNONEsui1komi7.5
Time taken: 0.126817
Root visits: 805
New playouts: 677
NN rows: 603
NN batches: 203
NN avg batch size: 2.97044
PV: C16 D15 F17 P4 C11 Q6 E11 G14 F15 F14
Tree:
: T   9.56c W   9.39c S   0.37c ( +1.3 L  +1.0) N     805  --  C16 D15 F17 P4 C11 Q6 E11
---White(^)---
C16 : T  11.46c W  10.85c S   0.49c ( +1.4 L  +1.1) LCB    9.78c P  4.16% WF 259.2 PSV     972 N     256  --  C16 D15 F17 P4 C11 Q6 E11 G14
P4  : T   9.83c W   9.65c S   0.42c ( +1.3 L  +1.0) LCB    7.66c P 33.29% WF 356.1 PSV     356 N     358  --  P4 P3 O4 N3 C16 D15 F17 D11
F16 : T   6.89c W   6.99c S   0.10c ( +0.9 L  +0.7) LCB    4.00c P 19.27% WF  72.5 PSV      58 N      74  --  F16 P4 P5 O5 P6 R4 S4 S3
E16 : T   6.73c W   7.37c S   0.14c ( +1.0 L  +0.7) LCB    3.85c P 13.61% WF  55.8 PSV      39 N      57  --  E16 P4 C12 Q6 D14 C17 C18 B18
O4  : T   4.44c W   4.09c S  -0.19c ( +0.5 L  +0.5) LCB   -3.17c P  7.03% WF  13.6 PSV      13 N      14  --  O4 Q5 Q6 P5 R4 R3 Q8 Q9
C13 : T   5.66c W   6.51c S   0.05c ( +0.9 L  +0.7) LCB    1.57c P  2.24% WF  12.7 PSV       5 N      13  --  C13 P4 D15 D16
P16 : T   8.19c W   8.92c S   0.37c ( +1.3 L  +0.9) LCB    1.89c P  1.06% WF  11.9 PSV       4 N      12  --  P16 P17 Q16 Q17 R15 S16
C12 : T   6.00c W   7.54c S   0.18c ( +1.0 L  +0.7) LCB   -1.62c P  2.02% WF   6.9 PSV       4 N       7  --  C12 P4 F16 Q6 R3 R2 S2
Q4  : T   5.65c W   6.24c S   0.10c ( +0.9 L  +0.7) LCB  -37.79c P  1.48% WF   3.9 PSV       3 N       4  --  Q4 R3 O4
P5  : T   0.81c W   2.14c S  -0.41c ( +0.3 L  +0.3) LCB -148.16c P  1.86% WF   1.9 PSV       2 N       2  --  P5 O4

2025-11-16 15:38:16-0500: = C16
2025-11-16 15:38:16-0500: Controller: genmove b
2025-11-16 15:38:16-0500: MoveNum: 10 HASH: 555C18FBD95D252CDF2F7F1C2FCFE1F4
   A B C D E F G H J K L M N O P Q R S T
19 . . . . . . . . . . . . . . . . . . .
18 . . . . . . . . . . . . . . . . . . .
17 . . . O . . . . . . . . . X . . . . .
16 . . O3. . . . . . . . . . . . . X . .
15 . . X @ . . . . . . . . . . . . . . .
14 . . . . . . . . . . . . . . . . . . .
13 . . . . . . . . . . . . . . . . . . .
12 . . . . . . . . . . . . . . . . . . .
11 . . . . . . . . . . . . . . . . . . .
10 . . . . . . . . . . . . . . . . . . .
 9 . . . . . . . . . . . . . . . . . . .
 8 . . . . . . . . . . . . . . . . X2. .
 7 . . . . . . . . . . . . . . . . . . .
 6 . . . . . . . . . . . . . . . . . . .
 5 . . . . . . . . . . . . . . . . O1. .
 4 . . O . . . . . . . . . . . . . . . .
 3 . . . . . O . . . . . . . . . X . . .
 2 . . . . . . . . . . . . . . . . . . .
 1 . . . . . . . . . . . . . . . . . . .

koPOSITIONALscoreAREAtaxNONEsui1komi7.5
Time taken: 0.0834114
Root visits: 805
New playouts: 549
NN rows: 508
NN batches: 170
NN avg batch size: 2.98824
PV: D15 F17 D11 P4 P3 O4 N2 S3 Q11 C9 M4
Tree:
: T -12.29c W -11.41c S  -0.43c ( -1.5 L  -1.2) N     805  --  D15 F17 D11 P4 P3 O4 N2
---Black(^)---
D15 : T -12.05c W -11.33c S  -0.42c ( -1.5 L  -1.1) LCB  -13.24c P 67.57% WF 657.0 PSV     656 N     655  --  D15 F17 D11 P4 P3 O4 N2 S3
E16 : T -13.41c W -11.91c S  -0.50c ( -1.6 L  -1.2) LCB  -17.07c P 13.73% WF  94.0 PSV      62 N      95  --  E16 E17 B16 F16 O4 C11 C13 B17
D4  : T -10.28c W  -9.06c S  -0.15c ( -1.1 L  -1.0) LCB  -13.12c P  0.98% WF  33.3 PSV      33 N      33  --  D4 D5 C3 D3 E4 E3 D15 F17
P4  : T -20.32c W -18.47c S  -1.16c ( -2.4 L  -1.7) LCB  -34.29c P  6.72% WF   7.7 PSV       8 N       8  --  P4 D15 Q6 R3 R2 S2
D16 : T -14.35c W -11.64c S  -0.51c ( -1.6 L  -1.2) LCB  -25.99c P  2.36% WF   8.9 PSV       7 N       9  --  D16 E16 D15 C17 O4 C11
O4  : T -26.48c W -20.88c S  -1.45c ( -2.8 L  -2.2) LCB -101.58c P  2.68% WF   2.9 PSV       2 N       3  --  O4 D15 C14

2025-11-16 15:38:16-0500: = D15
2025-11-16 15:38:16-0500: Controller: genmove w
2025-11-16 15:38:16-0500: MoveNum: 11 HASH: 50DE1FB36A850A9D7133EA46A4A1F3FF
   A B C D E F G H J K L M N O P Q R S T
19 . . . . . . . . . . . . . . . . . . .
18 . . . . . . . . . . . . . . . . . . .
17 . . . O . @ . . . . . . . X . . . . .
16 . . O2. . . . . . . . . . . . . X . .
15 . . X X3. . . . . . . . . . . . . . .
14 . . . . . . . . . . . . . . . . . . .
13 . . . . . . . . . . . . . . . . . . .
12 . . . . . . . . . . . . . . . . . . .
11 . . . . . . . . . . . . . . . . . . .
10 . . . . . . . . . . . . . . . . . . .
 9 . . . . . . . . . . . . . . . . . . .
 8 . . . . . . . . . . . . . . . . X1. .
 7 . . . . . . . . . . . . . . . . . . .
 6 . . . . . . . . . . . . . . . . . . .
 5 . . . . . . . . . . . . . . . . O . .
 4 . . O . . . . . . . . . . . . . . . .
 3 . . . . . O . . . . . . . . . X . . .
 2 . . . . . . . . . . . . . . . . . . .
 1 . . . . . . . . . . . . . . . . . . .

koPOSITIONALscoreAREAtaxNONEsui1komi7.5
Time taken: 0.0247177
Root visits: 805
New playouts: 150
NN rows: 132
NN batches: 45
NN avg batch size: 2.93333
PV: F17 D11 P4 P3 O4 N2 R10 P8 R13 Q12 R12 Q11
Tree:
: T  11.36c W  10.94c S   0.35c ( +1.4 L  +1.1) N     805  --  F17 D11 P4 P3 O4 N2 R10
---White(^)---
F17 : T  12.16c W  11.63c S   0.43c ( +1.5 L  +1.2) LCB   10.93c P 39.95% WF 669.0 PSV     665 N     665  --  F17 D11 P4 P3 O4 N2 R10 P8
F16 : T   7.87c W   7.64c S  -0.02c ( +1.0 L  +0.8) LCB    4.64c P 30.39% WF  85.6 PSV      73 N      88  --  F16 H17 G18 D11 P4 P3 O4 N3
P4  : T   6.68c W   7.41c S  -0.04c ( +0.9 L  +0.8) LCB    2.13c P 22.23% WF  49.4 PSV      43 N      51  --  P4 Q4 Q5 P5 O4 P6 S3 S2

2025-11-16 15:38:16-0500: = F17
2025-11-16 15:38:17-0500: Controller: genmove b
2025-11-16 15:38:17-0500: MoveNum: 12 HASH: 880404380E9C29E8FC8F6FBEE4EB8062
   A B C D E F G H J K L M N O P Q R S T
19 . . . . . . . . . . . . . . . . . . .
18 . . . . . . . . . . . . . . . . . . .
17 . . . O . O3. . . . . . . X . . . . .
16 . . O1. . . . . . . . . . . . . X . .
15 . . X X2. . . . . . . . . . . . . . .
14 . . . . . . . . . . . . . . . . . . .
13 . . . . . . . . . . . . . . . . . . .
12 . . . . . . . . . . . . . . . . . . .
11 . . . @ . . . . . . . . . . . . . . .
10 . . . . . . . . . . . . . . . . . . .
 9 . . . . . . . . . . . . . . . . . . .
 8 . . . . . . . . . . . . . . . . X . .
 7 . . . . . . . . . . . . . . . . . . .
 6 . . . . . . . . . . . . . . . . . . .
 5 . . . . . . . . . . . . . . . . O . .
 4 . . O . . . . . . . . . . . . . . . .
 3 . . . . . O . . . . . . . . . X . . .
 2 . . . . . . . . . . . . . . . . . . .
 1 . . . . . . . . . . . . . . . . . . .

koPOSITIONALscoreAREAtaxNONEsui1komi7.5
Time taken: 0.0390784
Root visits: 805
New playouts: 140
NN rows: 136
NN batches: 46
NN avg batch size: 2.95652
PV: D11 P4 P3 O4 N2 S3 Q11 C9 M4
Tree:
: T -12.24c W -11.73c S  -0.41c ( -1.5 L  -1.2) N     805  --  D11 P4 P3 O4 N2 S3 Q11
---Black(^)---
D11 : T -10.57c W -10.63c S  -0.29c ( -1.4 L  -1.1) LCB  -12.68c P 12.86% WF 265.6 PSV     434 N     262  --  D11 P4 P3 O4 N2 S3 Q11 C9
P4  : T -13.04c W -12.05c S  -0.46c ( -1.6 L  -1.2) LCB  -15.39c P 35.91% WF 218.3 PSV     142 N     220  --  P4 C11 G14 P5 O5 P6 R4 S4
O4  : T -13.86c W -13.24c S  -0.57c ( -1.7 L  -1.3) LCB  -18.05c P 22.74% WF  72.1 PSV      71 N      73  --  O4 C11 G14 E11 G16 G17 H16 J17
C11 : T -12.57c W -12.12c S  -0.46c ( -1.6 L  -1.2) LCB  -15.37c P  6.04% WF  92.7 PSV      28 N      93  --  C11 P4 P3 O4 N3 R10 P8 P10
E16 : T -12.97c W -12.16c S  -0.44c ( -1.6 L  -1.2) LCB  -16.53c P  6.57% WF  64.6 PSV      26 N      65  --  E16 E17 D11 P4 P3 O4 N3 R10
D10 : T -12.39c W -12.09c S  -0.46c ( -1.6 L  -1.3) LCB  -16.14c P  2.90% WF  57.7 PSV      14 N      58  --  D10 P4 P3 O4 N3 R10 P8 R13
R4  : T -14.68c W -12.52c S  -0.52c ( -1.7 L  -1.3) LCB  -28.43c P  2.47% WF   8.9 PSV       6 N       9  --  R4 P4 Q5 Q4 R6
C10 : T -14.26c W -13.40c S  -0.59c ( -1.8 L  -1.4) LCB  -20.84c P  1.18% WF  13.9 PSV       3 N      14  --  C10 P4 P3 O4 N3 R10 P8 R13
Q5  : T -13.81c W -11.71c S  -0.46c ( -1.6 L  -1.2) LCB  -29.92c P  1.21% WF   9.9 PSV       3 N      10  --  Q5 Q6 P5 R3 R6 R4

2025-11-16 15:38:17-0500: = D11
2025-11-16 15:38:17-0500: Controller: genmove w
2025-11-16 15:38:17-0500: MoveNum: 13 HASH: 0256E6A881E7B593359AE94B0ADB17C2
   A B C D E F G H J K L M N O P Q R S T
19 . . . . . . . . . . . . . . . . . . .
18 . . . . . . . . . . . . . . . . . . .
17 . . . O . O2. . . . . . . X . . . . .
16 . . O . . . . . . . . . . . . . X . .
15 . . X X1. . . . . . . . . . . . . . .
14 . . . . . . . . . . . . . . . . . . .
13 . . . . . . . . . . . . . . . . . . .
12 . . . . . . . . . . . . . . . . . . .
11 . . . X3. . . . . . . . . . . . . . .
10 . . . . . . . . . . . . . . . . . . .
 9 . . . . . . . . . . . . . . . . . . .
 8 . . . . . . . . . . . . . . . . X . .
 7 . . . . . . . . . . . . . . . . . . .
 6 . . . . . . . . . . . . . . . . . . .
 5 . . . . . . . . . . . . . . . . O . .
 4 . . O . . . . . . . . . . . @ . . . .
 3 . . . . . O . . . . . . . . . X . . .
 2 . . . . . . . . . . . . . . . . . . .
 1 . . . . . . . . . . . . . . . . . . .

koPOSITIONALscoreAREAtaxNONEsui1komi7.5
Time taken: 0.122091
Root visits: 805
New playouts: 543
NN rows: 534
NN batches: 179
NN avg batch size: 2.98324
PV: P4 P3 O4 N3 R11 Q10 R15 Q16 Q11 P10 S16
Tree:
: T  11.19c W  11.22c S   0.44c ( +1.5 L  +1.2) N     805  --  P4 P3 O4 N3 R11 Q10 R15
---White(^)---
P4  : T  12.47c W  12.29c S   0.56c ( +1.6 L  +1.3) LCB   10.68c P 28.64% WF 605.4 PSV     600 N     600  --  P4 P3 O4 N3 R11 Q10 R15 Q16
C9  : T   7.97c W   7.96c S   0.08c ( +1.0 L  +0.8) LCB    5.45c P 27.32% WF  97.2 PSV      71 N     100  --  C9 P4 E10 Q6 R3 R2 S2 S3
R10 : T   7.95c W   8.78c S   0.16c ( +1.1 L  +0.9) LCB    4.01c P  8.70% WF  44.9 PSV      22 N      46  --  R10 P8 P4 Q4 Q5 P5 Q7 Q8
O4  : T   5.70c W   6.31c S  -0.11c ( +0.8 L  +0.7) LCB   -0.48c P  8.94% WF  18.4 PSV      16 N      19  --  O4 Q5 Q6 P5 R4 R3 Q8 Q9
P16 : T   6.87c W   9.19c S   0.24c ( +1.2 L  +1.0) LCB   -1.49c P  3.76% WF  10.7 PSV       8 N      11  --  P16 P17 Q16 Q17 R15 S16 Q11 P4
Q4  : T   5.61c W   7.41c S   0.00c ( +0.9 L  +0.8) LCB   -3.08c P  1.74% WF  12.6 PSV       3 N      13  --  Q4 R3 O4 O2 C9 P8
P5  : T   4.34c W   5.86c S  -0.15c ( +0.7 L  +0.7) LCB  -69.87c P  1.87% WF   2.9 PSV       2 N       3  --  P5 O4 R10
N4  : T   2.95c W   3.47c S  -0.41c ( +0.4 L  +0.4) LCB -145.99c P  1.96% WF   1.9 PSV       2 N       2  --  N4 P4
Q11 : T   5.34c W   6.16c S  -0.11c ( +0.8 L  +0.7) LCB -143.62c P  1.39% WF   2.0 PSV       2 N       2  --  Q11 P4
R3  : T   5.70c W   9.39c S   0.20c ( +1.2 L  +1.0) LCB  -25.68c P  1.02% WF   4.9 PSV       1 N       5  --  R3 R2 Q4 S3 P3

2025-11-16 15:38:17-0500: = P4
2025-11-16 15:38:17-0500: Controller: genmove b
2025-11-16 15:38:17-0500: MoveNum: 14 HASH: EDBE4F0BE3614D8ADCB1B500458F8174
   A B C D E F G H J K L M N O P Q R S T
19 . . . . . . . . . . . . . . . . . . .
18 . . . . . . . . . . . . . . . . . . .
17 . . . O . O1. . . . . . . X . . . . .
16 . . O . . . . . . . . . . . . . X . .
15 . . X X . . . . . . . . . . . . . . .
14 . . . . . . . . . . . . . . . . . . .
13 . . . . . . . . . . . . . . . . . . .
12 . . . . . . . . . . . . . . . . . . .
11 . . . X2. . . . . . . . . . . . . . .
10 . . . . . . . . . . . . . . . . . . .
 9 . . . . . . . . . . . . . . . . . . .
 8 . . . . . . . . . . . . . . . . X . .
 7 . . . . . . . . . . . . . . . . . . .
 6 . . . . . . . . . . . . . . . . . . .
 5 . . . . . . . . . . . . . . . . O . .
 4 . . O . . . . . . . . . . . O3. . . .
 3 . . . . . O . . . . . . . . @ X . . .
 2 . . . . . . . . . . . . . . . . . . .
 1 . . . . . . . . . . . . . . . . . . .

koPOSITIONALscoreAREAtaxNONEsui1komi7.5
Time taken: 0.0337923
Root visits: 805
New playouts: 205
NN rows: 196
NN batches: 66
NN avg batch size: 2.9697
PV: P3 O4 N3 R11 Q10 R15 Q16 Q11 P11 R10 Q9
Tree:
: T -12.71c W -12.31c S  -0.42c ( -1.6 L  -1.3) N     805  --  P3 O4 N3 R11 Q10 R15 Q16
---Black(^)---
P3  : T -12.06c W -11.65c S  -0.33c ( -1.5 L  -1.2) LCB  -13.20c P 55.21% WF 573.4 PSV     570 N     570  --  P3 O4 N3 R11 Q10 R15 Q16 Q11
Q4  : T -14.20c W -13.87c S  -0.66c ( -1.9 L  -1.6) LCB  -18.17c P 39.92% WF 227.7 PSV     154 N     231  --  Q4 Q5 P5 O4 P6 S4 O2 Q7
O2  : T -23.71c W -19.36c S  -1.25c ( -2.7 L  -2.0) LCB -173.13c P  1.69% WF   1.9 PSV       1 N       2  --  O2 N3
R4  : T -23.75c W -22.25c S  -1.49c ( -3.0 L  -2.3) LCB -373.75c P  0.50% WF   1.0 PSV       0 N       1  --  R4

2025-11-16 15:38:17-0500: = P3
2025-11-16 15:38:17-0500: Controller: genmove w
2025-11-16 15:38:17-0500: MoveNum: 15 HASH: 61B99239213518C5CB56D5B9194E6D1C
   A B C D E F G H J K L M N O P Q R S T
19 . . . . . . . . . . . . . . . . . . .
18 . . . . . . . . . . . . . . . . . . .
17 . . . O . O . . . . . . . X . . . . .
16 . . O . . . . . . . . . . . . . X . .
15 . . X X . . . . . . . . . . . . . . .
14 . . . . . . . . . . . . . . . . . . .
13 . . . . . . . . . . . . . . . . . . .
12 . . . . . . . . . . . . . . . . . . .
11 . . . X1. . . . . . . . . . . . . . .
10 . . . . . . . . . . . . . . . . . . .
 9 . . . . . . . . . . . . . . . . . . .
 8 . . . . . . . . . . . . . . . . X . .
 7 . . . . . . . . . . . . . . . . . . .
 6 . . . . . . . . . . . . . . . . . . .
 5 . . . . . . . . . . . . . . . . O . .
 4 . . O . . . . . . . . . . @ O2. . . .
 3 . . . . . O . . . . . . . . X3X . . .
 2 . . . . . . . . . . . . . . . . . . .
 1 . . . . . . . . . . . . . . . . . . .

koPOSITIONALscoreAREAtaxNONEsui1komi7.5
Time taken: 0.0608053
Root visits: 805
New playouts: 235
NN rows: 222
NN batches: 74
NN avg batch size: 3
PV: O4 N3 R11 Q10 R10 Q9 R14 P12 S16 S15 R15 S14 Q16 R17 S17 R13
Tree:
: T  12.98c W  12.22c S   0.46c ( +1.6 L  +1.2) N     805  --  O4 N3 R11 Q10 R10 Q9 R14
---White(^)---
O4  : T  13.07c W  12.28c S   0.47c ( +1.6 L  +1.2) LCB   12.04c P 94.21% WF 799.3 PSV     799 N     798  --  O4 N3 R11 Q10 R10 Q9 R14 P12
N4  : T  -0.90c W   3.71c S  -0.46c ( +0.4 L  +0.5) LCB  -30.65c P  1.17% WF   4.7 PSV       0 N       5  --  N4 Q4 Q5 O4 O5

2025-11-16 15:38:17-0500: = O4
2025-11-16 15:38:17-0500: Controller: genmove b
2025-11-16 15:38:17-0500: MoveNum: 16 HASH: 63BDD70C7BDA533C0E7FB668DB73B944
   A B C D E F G H J K L M N O P Q R S T
19 . . . . . . . . . . . . . . . . . . .
18 . . . . . . . . . . . . . . . . . . .
17 . . . O . O . . . . . . . X . . . . .
16 . . O . . . . . . . . . . . . . X . .
15 . . X X . . . . . . . . . . . . . . .
14 . . . . . . . . . . . . . . . . . . .
13 . . . . . . . . . . . . . . . . . . .
12 . . . . . . . . . . . . . . . . . . .
11 . . . X . . . . . . . . . . . . . . .
10 . . . . . . . . . . . . . . . . . . .
 9 . . . . . . . . . . . . . . . . . . .
 8 . . . . . . . . . . . . . . . . X . .
 7 . . . . . . . . . . . . . . . . . . .
 6 . . . . . . . . . . . . . . . . . . .
 5 . . . . . . . . . . . . . . . . O . .
 4 . . O . . . . . . . . . . O3O1. . . .
 3 . . . . . O . . . . . . @ . X2X . . .
 2 . . . . . . . . . . . . . . . . . . .
 1 . . . . . . . . . . . . . . . . . . .

koPOSITIONALscoreAREAtaxNONEsui1komi7.5
Time taken: 0.00321871
Root visits: 800
New playouts: 2
NN rows: 2
NN batches: 2
NN avg batch size: 1
PV: N3 R11 Q10 R10 Q9 R14 P12 S16 S15 R15 S14 Q16 R17 S17 R13
Tree:
: T -12.99c W -12.28c S  -0.42c ( -1.6 L  -1.2) N     800  --  N3 R11 Q10 R10 Q9 R14 P12
---Black(^)---
N3  : T -12.50c W -11.91c S  -0.39c ( -1.5 L  -1.2) LCB  -14.04c P 53.79% WF 418.6 PSV     417 N     417  --  N3 R11 Q10 R10 Q9 R14 P12 S16
N2  : T -12.72c W -11.92c S  -0.37c ( -1.5 L  -1.2) LCB  -14.31c P 14.53% WF 233.3 PSV      97 N     233  --  N2 S3 L3 C9 Q11 E10 C10 B9
O3  : T -14.35c W -13.52c S  -0.54c ( -1.7 L  -1.3) LCB  -16.44c P 25.01% WF 140.3 PSV      85 N     142  --  O3 N4 M3 R11 P8 R14 P6 Q4
Q4  : T -21.25c W -16.64c S  -0.94c ( -2.3 L  -1.8) LCB -170.86c P  1.98% WF   2.0 PSV       2 N       2  --  Q4 Q5
R4  : T -24.82c W -23.08c S  -1.68c ( -3.2 L  -2.4) LCB  -54.22c P  1.39% WF   4.8 PSV       1 N       5  --  R4 S4 O3

2025-11-16 15:38:17-0500: = N3
2025-11-16 15:38:17-0500: Controller: genmove w
2025-11-16 15:38:17-0500: MoveNum: 17 HASH: 61A6591536D393D84DA232B24BECBB83
   A B C D E F G H J K L M N O P Q R S T
19 . . . . . . . . . . . . . . . . . . .
18 . . . . . . . . . . . . . . . . . . .
17 . . . O . O . . . . . . . X . . . . .
16 . . O . . . . . . . . . . . . . X . .
15 . . X X . . . . . . . . . . . . . . .
14 . . . . . . . . . . . . . . . . . . .
13 . . . . . . . . . . . . . . . . . . .
12 . . . . . . . . . . . . . . . . . . .
11 . . . X . . . . . . . . . . . . @ . .
10 . . . . . . . . . . . . . . . . . . .
 9 . . . . . . . . . . . . . . . . . . .
 8 . . . . . . . . . . . . . . . . X . .
 7 . . . . . . . . . . . . . . . . . . .
 6 . . . . . . . . . . . . . . . . . . .
 5 . . . . . . . . . . . . . . . . O . .
 4 . . O . . . . . . . . . . O2O . . . .
 3 . . . . . O . . . . . . X3. X1X . . .
 2 . . . . . . . . . . . . . . . . . . .
 1 . . . . . . . . . . . . . . . . . . .

koPOSITIONALscoreAREAtaxNONEsui1komi7.5
Time taken: 0.125172
Root visits: 805
New playouts: 388
NN rows: 379
NN batches: 127
NN avg batch size: 2.98425
PV: R11 P7 R14 R3 N7 Q10 R10 R9 Q11 P10 P6
Tree:
: T  13.26c W  12.48c S   0.48c ( +1.6 L  +1.3) N     805  --  R11 P7 R14 R3 N7 Q10 R10
---White(^)---
R11 : T  15.20c W  13.94c S   0.64c ( +1.8 L  +1.4) LCB   13.64c P  3.34% WF 564.4 PSV     556 N     557  --  R11 P7 R14 R3 N7 Q10 R10 R9
R10 : T   9.02c W   9.08c S   0.10c ( +1.2 L  +0.9) LCB    6.10c P 33.31% WF  90.5 PSV      68 N      94  --  R10 P8 P10 P6 Q7 Q8 Q4 R3
C9  : T   9.29c W   9.01c S   0.10c ( +1.2 L  +0.9) LCB    6.12c P 19.58% WF  61.0 PSV      41 N      63  --  C9 P8 E10 N4 S3 C10 B9 E11
O3  : T   7.51c W   9.42c S   0.14c ( +1.2 L  +1.0) LCB   -1.12c P  8.72% WF  23.1 PSV      14 N      24  --  O3 O2 N4 M3 N2 M2 P2 N1
N4  : T   8.47c W   8.99c S   0.08c ( +1.1 L  +0.9) LCB    3.76c P  5.77% WF  13.6 PSV      10 N      14  --  N4 M3 O3 O2 N2 M2 P2 N1
S3  : T   5.85c W   6.09c S  -0.25c ( +0.7 L  +0.6) LCB   -0.81c P  6.37% WF  10.6 PSV       8 N      11  --  S3 N4 O6 Q11
Q11 : T   7.78c W   8.55c S   0.04c ( +1.1 L  +0.9) LCB   -2.33c P  4.25% WF  10.7 PSV       7 N      11  --  Q11 P8 R14 P6 Q7 Q8
P16 : T  11.60c W  11.94c S   0.39c ( +1.5 L  +1.1) LCB    6.85c P  1.54% WF  15.8 PSV       5 N      16  --  P16 P17 Q16 Q17 R15 S16 R10 P8
P8  : T   5.40c W   5.75c S  -0.24c ( +0.7 L  +0.6) LCB  -37.49c P  2.93% WF   3.9 PSV       3 N       4  --  P8 Q10 C9 O9
R3  : T  -2.11c W   4.66c S  -0.35c ( +0.6 L  +0.7) LCB -153.13c P  1.45% WF   1.9 PSV       1 N       2  --  R3 Q4

2025-11-16 15:38:17-0500: = R11
2025-11-16 15:38:17-0500: Controller: genmove b
2025-11-16 15:38:17-0500: MoveNum: 18 HASH: BA7107BEEEB9DA442F3AF84B743E6ED7
   A B C D E F G H J K L M N O P Q R S T
19 . . . . . . . . . . . . . . . . . . .
18 . . . . . . . . . . . . . . . . . . .
17 . . . O . O . . . . . . . X . . . . .
16 . . O . . . . . . . . . . . . . X . .
15 . . X X . . . . . . . . . . . . . . .
14 . . . . . . . . . . . . . . . . . . .
13 . . . . . . . . . . . . . . . . . . .
12 . . . . . . . . . . . . . . . . . . .
11 . . . X . . . . . . . . . . . . O3. .
10 . . . . . . . . . . . . . . . @ . . .
 9 . . . . . . . . . . . . . . . . . . .
 8 . . . . . . . . . . . . . . . . X . .
 7 . . . . . . . . . . . . . . . . . . .
 6 . . . . . . . . . . . . . . . . . . .
 5 . . . . . . . . . . . . . . . . O . .
 4 . . O . . . . . . . . . . O1O . . . .
 3 . . . . . O . . . . . . X2. X X . . .
 2 . . . . . . . . . . . . . . . . . . .
 1 . . . . . . . . . . . . . . . . . . .

koPOSITIONALscoreAREAtaxNONEsui1komi7.5
Time taken: 0.0857882
Root visits: 804
New playouts: 247
NN rows: 244
NN batches: 82
NN avg batch size: 2.97561
PV: Q10 R10 R9 Q11 P10 P8 R14 R13 Q14
Tree:
: T -14.66c W -13.76c S  -0.46c ( -1.8 L  -1.4) N     804  --  Q10 R10 R9 Q11 P10 P8 R14
---Black(^)---
Q10 : T -14.39c W -13.73c S  -0.46c ( -1.8 L  -1.4) LCB  -16.61c P 30.21% WF 264.3 PSV     264 N     264  --  Q10 R10 R9 Q11 P10 P8 R14 R13
P8  : T -14.07c W -13.19c S  -0.40c ( -1.7 L  -1.3) LCB  -16.91c P 30.09% WF 212.8 PSV     212 N     212  --  P8 R14 P6 Q7 Q8 O6 O7 N6
D4  : T -13.49c W -13.13c S  -0.34c ( -1.7 L  -1.3) LCB  -21.04c P  2.57% WF  36.2 PSV      36 N      36  --  D4 D3 C5 E4 D5 B4 E5 B5
R13 : T -18.60c W -16.54c S  -0.80c ( -2.2 L  -1.7) LCB  -25.27c P  9.58% WF  24.5 PSV      21 N      25  --  R13 Q9 Q8 P8 P7 O7 P9 O8
P6  : T -16.88c W -15.31c S  -0.64c ( -2.0 L  -1.5) LCB  -23.25c P  6.02% WF  27.6 PSV      19 N      28  --  P6 Q7 Q9 P7 R13 Q13 Q14
E16 : T -14.57c W -13.73c S  -0.42c ( -1.8 L  -1.3) LCB  -17.42c P  2.03% WF  50.0 PSV      15 N      50  --  E16 G18 P8 R14 R3 M5 P6
P7  : T -14.22c W -13.35c S  -0.44c ( -1.8 L  -1.3) LCB  -17.17c P  1.16% WF 160.3 PSV      11 N     160  --  P7 R14 R3 N7 Q10 R10 R9 Q11
P9  : T -19.85c W -17.25c S  -0.85c ( -2.3 L  -1.7) LCB  -28.18c P  4.78% WF  10.7 PSV       8 N      11  --  P9 R14 N4 N5
N4  : T -21.34c W -17.46c S  -0.86c ( -2.3 L  -1.7) LCB  -66.19c P  2.60% WF   3.9 PSV       3 N       4  --  N4 N5 M5 N6
R4  : T -25.42c W -21.81c S  -1.38c ( -3.0 L  -2.2) LCB  -69.27c P  1.74% WF   3.9 PSV       1 N       4  --  R4 S4 S3 Q4

2025-11-16 15:38:17-0500: = Q10
2025-11-16 15:38:17-0500: Controller: genmove w
2025-11-16 15:38:18-0500: MoveNum: 19 HASH: 9291758A86B3088F5A20B312636D29C3
   A B C D E F G H J K L M N O P Q R S T
19 . . . . . . . . . . . . . . . . . . .
18 . . . . . . . . . . . . . . . . . . .
17 . . . O . O . . . . . . . X . . . . .
16 . . O . . . . . . . . . . . . . X . .
15 . . X X . . . . . . . . . . . . . . .
14 . . . . . . . . . . . . . . . . . . .
13 . . . . . . . . . . . . . . . . . . .
12 . . . . . . . . . . . . . . . . . . .
11 . . . X . . . . . . . . . . . . O2. .
10 . . . . . . . . . . . . . . . X3@ . .
 9 . . . . . . . . . . . . . . . . . . .
 8 . . . . . . . . . . . . . . . . X . .
 7 . . . . . . . . . . . . . . . . . . .
 6 . . . . . . . . . . . . . . . . . . .
 5 . . . . . . . . . . . . . . . . O . .
 4 . . O . . . . . . . . . . O O . . . .
 3 . . . . . O . . . . . . X1. X X . . .
 2 . . . . . . . . . . . . . . . . . . .
 1 . . . . . . . . . . . . . . . . . . .

koPOSITIONALscoreAREAtaxNONEsui1komi7.5
Time taken: 0.148366
Root visits: 805
New playouts: 541
NN rows: 505
NN batches: 169
NN avg batch size: 2.98817
PV: R10 P8 Q9 Q8 R14 R3 N4 M3 M4 L4
Tree:
: T  13.54c W  13.02c S   0.40c ( +1.7 L  +1.3) N     805  --  R10 P8 Q9 Q8 R14 R3 N4
---White(^)---
R10 : T  14.21c W  13.73c S   0.49c ( +1.8 L  +1.4) LCB   11.94c P 22.36% WF 395.7 PSV     394 N     393  --  R10 P8 Q9 Q8 R14 R3 N4 M3
Q11 : T  13.61c W  12.56c S   0.34c ( +1.6 L  +1.3) LCB   10.55c P 33.30% WF 177.3 PSV     178 N     178  --  Q11 P10 R15 Q16 S16 S17 S15 Q15
R15 : T  13.45c W  12.98c S   0.36c ( +1.7 L  +1.3) LCB   11.10c P 16.62% WF 174.6 PSV     147 N     175  --  R15 Q16 R10 Q9 S16 R13 Q15 S17
P16 : T  11.43c W  11.95c S   0.26c ( +1.5 L  +1.1) LCB    7.31c P  5.17% WF  30.6 PSV      19 N      31  --  P16 P17 Q16 Q17 R15 S16 R10 Q9
R14 : T   2.98c W   3.29c S  -0.65c ( +0.4 L  +0.4) LCB   -2.36c P 10.00% WF  11.4 PSV      11 N      12  --  R14 Q11 R10 R12 S12
O3  : T   8.64c W  10.89c S   0.17c ( +1.4 L  +1.1) LCB   -1.19c P  2.84% WF   9.8 PSV       6 N      10  --  O3 O2 P2 Q2 N2 P1
N4  : T   7.95c W   8.32c S  -0.14c ( +1.0 L  +0.8) LCB  -34.95c P  1.95% WF   3.9 PSV       3 N       4  --  N4 M3 Q11 P10

2025-11-16 15:38:18-0500: = R10
2025-11-16 15:38:18-0500: Controller: genmove b
2025-11-16 15:38:18-0500: MoveNum: 20 HASH: 9E79D5E785393E088C1A7F853D91CAEE
   A B C D E F G H J K L M N O P Q R S T
19 . . . . . . . . . . . . . . . . . . .
18 . . . . . . . . . . . . . . . . . . .
17 . . . O . O . . . . . . . X . . . . .
16 . . O . . . . . . . . . . . . . X . .
15 . . X X . . . . . . . . . . . . . . .
14 . . . . . . . . . . . . . . . . . . .
13 . . . . . . . . . . . . . . . . . . .
12 . . . . . . . . . . . . . . . . . . .
11 . . . X . . . . . . . . . . . . O1. .
10 . . . . . . . . . . . . . . . X2O3. .
 9 . . . . . . . . . . . . . . . . . . .
 8 . . . . . . . . . . . . . . @ . X . .
 7 . . . . . . . . . . . . . . . . . . .
 6 . . . . . . . . . . . . . . . . . . .
 5 . . . . . . . . . . . . . . . . O . .
 4 . . O . . . . . . . . . . O O . . . .
 3 . . . . . O . . . . . . X . X X . . .
 2 . . . . . . . . . . . . . . . . . . .
 1 . . . . . . . . . . . . . . . . . . .

koPOSITIONALscoreAREAtaxNONEsui1komi7.5
Time taken: 0.0658155
Root visits: 805
New playouts: 412
NN rows: 396
NN batches: 132
NN avg batch size: 3
PV: P8 Q9 P9 Q8 Q7 R9 P6 S8 Q4 O7 P7 R7
Tree:
: T -12.91c W -12.87c S  -0.38c ( -1.7 L  -1.3) N     805  --  P8 Q9 P9 Q8 Q7 R9 P6
---Black(^)---
P8  : T -11.39c W -11.91c S  -0.26c ( -1.5 L  -1.2) LCB  -13.97c P 10.23% WF 316.5 PSV     706 N     313  --  P8 Q9 P9 Q8 Q7 R9 P6 S8
Q9  : T -12.82c W -12.59c S  -0.35c ( -1.7 L  -1.3) LCB  -15.04c P 51.34% WF 385.2 PSV     386 N     386  --  Q9 R14 P12 Q16 Q17 Q15 R17 O16
P6  : T -16.64c W -15.75c S  -0.71c ( -2.1 L  -1.6) LCB  -25.74c P  5.08% WF  26.4 PSV      12 N      27  --  P6 Q7 Q9 R7 S8 R14 P12
R9  : T -17.24c W -16.55c S  -0.82c ( -2.3 L  -1.7) LCB  -22.98c P  4.52% WF  30.2 PSV      10 N      31  --  R9 R14 Q11 Q12 P12 Q13 P6 Q7
Q7  : T -15.34c W -16.95c S  -0.90c ( -2.4 L  -1.8) LCB  -28.49c P  2.38% WF   8.9 PSV       7 N       9  --  Q7 Q9 P6 Q4 R3
R13 : T -24.86c W -23.55c S  -1.56c ( -3.2 L  -2.4) LCB  -41.73c P  7.34% WF   7.6 PSV       7 N       8  --  R13 Q9 Q8 P9 P8
Q11 : T -19.68c W -17.02c S  -0.83c ( -2.3 L  -1.7) LCB  -35.39c P  4.49% WF   7.8 PSV       7 N       8  --  Q11 Q12 Q9 R13
D4  : T -16.57c W -15.19c S  -0.63c ( -2.0 L  -1.6) LCB  -26.41c P  2.61% WF   9.8 PSV       6 N      10  --  D4 D5 C3 D3 E4 E3
P7  : T -21.37c W -18.81c S  -1.07c ( -2.6 L  -2.0) LCB  -38.18c P  3.39% WF   6.8 PSV       4 N       7  --  P7 Q9 P9 Q8
E16 : T -17.95c W -14.97c S  -0.62c ( -2.0 L  -1.5) LCB  -62.93c P  1.81% WF   3.9 PSV       3 N       4  --  E16 Q9 E17

2025-11-16 15:38:18-0500: = P8
2025-11-16 15:38:18-0500: Controller: genmove w
2025-11-16 15:38:18-0500: MoveNum: 21 HASH: D6264942EBC6EC63A76838D6EA557730
   A B C D E F G H J K L M N O P Q R S T
19 . . . . . . . . . . . . . . . . . . .
18 . . . . . . . . . . . . . . . . . . .
17 . . . O . O . . . . . . . X . . . . .
16 . . O . . . . . . . . . . . . . X . .
15 . . X X . . . . . . . . . . . . . . .
14 . . . . . . . . . . . . . . . . . . .
13 . . . . . . . . . . . . . . . . . . .
12 . . . . . . . . . . . . . . . . . . .
11 . . . X . . . . . . . . . . . . O . .
10 . . . . . . . . . . . . . . . X1O2. .
 9 . . . . . . . . . . . . . . . @ . . .
 8 . . . . . . . . . . . . . . X3. X . .
 7 . . . . . . . . . . . . . . . . . . .
 6 . . . . . . . . . . . . . . . . . . .
 5 . . . . . . . . . . . . . . . . O . .
 4 . . O . . . . . . . . . . O O . . . .
 3 . . . . . O . . . . . . X . X X . . .
 2 . . . . . . . . . . . . . . . . . . .
 1 . . . . . . . . . . . . . . . . . . .

koPOSITIONALscoreAREAtaxNONEsui1komi7.5
Time taken: 0.108695
Root visits: 805
New playouts: 492
NN rows: 470
NN batches: 158
NN avg batch size: 2.97468
PV: Q9 P9 Q8 Q7 R9 P6 R7 R6 S8 S6 Q5 Q6 N4 M3 M4 L3 L4 K3 O7 O6 M7
Tree:
: T  12.40c W  12.59c S   0.49c ( +1.6 L  +1.3) N     805  --  Q9 P9 Q8 Q7 R9 P6 R7
---White(^)---
Q9  : T  13.88c W  13.88c S   0.62c ( +1.8 L  +1.4) LCB   11.24c P 17.77% WF 524.0 PSV     518 N     517  --  Q9 P9 Q8 Q7 R9 P6 R7 R6
R14 : T  10.28c W  10.61c S   0.28c ( +1.4 L  +1.1) LCB    6.68c P 39.72% WF 162.5 PSV     152 N     166  --  R14 P6 Q7 Q8 S3 N4 Q4 R3
N4  : T  10.45c W  10.78c S   0.29c ( +1.4 L  +1.1) LCB    5.98c P  9.58% WF  53.1 PSV      38 N      54  --  N4 M3 R14 L5 N7 N9 Q11 P10
R15 : T   9.00c W   9.53c S   0.16c ( +1.2 L  +1.0) LCB    3.75c P  7.21% WF  25.4 PSV      21 N      26  --  R15 S15 Q16 R14 Q15 R17 Q14 R13
O3  : T   7.88c W  11.67c S   0.46c ( +1.6 L  +1.3) LCB   -1.92c P  4.54% WF  15.6 PSV      11 N      16  --  O3 O2 P2 Q2 N2 P1 M2
Q11 : T   7.95c W   7.08c S  -0.13c ( +0.9 L  +0.7) LCB   -6.25c P  3.20% WF  10.8 PSV       7 N      11  --  Q11 R13 P10 N4 N5
R9  : T   2.71c W   5.34c S  -0.30c ( +0.6 L  +0.6) LCB  -40.97c P  3.01% WF   3.9 PSV       4 N       4  --  R9 S7 Q9 Q8
S8  : T  -3.27c W  -0.76c S  -0.98c ( -0.2 L  +0.1) LCB -152.32c P  2.32% WF   1.9 PSV       2 N       2  --  S8 S7
S15 : T   7.48c W   7.74c S  -0.06c ( +0.9 L  +0.8) LCB -141.46c P  0.98% WF   2.0 PSV       2 N       2  --  S15 R15
S3  : T   3.45c W   5.04c S  -0.34c ( +0.6 L  +0.6) LCB -145.57c P  1.34% WF   1.9 PSV       1 N       2  --  S3 R13

2025-11-16 15:38:18-0500: = Q9
2025-11-16 15:38:18-0500: Controller: genmove b
2025-11-16 15:38:18-0500: MoveNum: 22 HASH: 9EE63752504E1224F6354F193C552615
   A B C D E F G H J K L M N O P Q R S T
19 . . . . . . . . . . . . . . . . . . .
18 . . . . . . . . . . . . . . . . . . .
17 . . . O . O . . . . . . . X . . . . .
16 . . O . . . . . . . . . . . . . X . .
15 . . X X . . . . . . . . . . . . . . .
14 . . . . . . . . . . . . . . . . . . .
13 . . . . . . . . . . . . . . . . . . .
12 . . . . . . . . . . . . . . . . . . .
11 . . . X . . . . . . . . . . . . O . .
10 . . . . . . . . . . . . . . . X O1. .
 9 . . . . . . . . . . . . . . . O3. . .
 8 . . . . . . . . . . . . . . X2. X . .
 7 . . . . . . . . . . . . . . . . . . .
 6 . . . . . . . . . . . . . . @ . . . .
 5 . . . . . . . . . . . . . . . . O . .
 4 . . O . . . . . . . . . . O O . . . .
 3 . . . . . O . . . . . . X . X X . . .
 2 . . . . . . . . . . . . . . . . . . .
 1 . . . . . . . . . . . . . . . . . . .

koPOSITIONALscoreAREAtaxNONEsui1komi7.5
Time taken: 0.0639359
Root visits: 805
New playouts: 288
NN rows: 228
NN batches: 76
NN avg batch size: 3
PV: P6 N4 M3 M4 Q4 Q5 P5 O3 O2 N2 M2 P2 N1 Q2
Tree:
: T -11.14c W -11.77c S  -0.27c ( -1.5 L  -1.2) N     805  --  P6 N4 M3 M4 Q4 Q5 P5
---Black(^)---
P6  : T  -4.78c W  -7.15c S   0.20c ( -0.9 L  -0.8) LCB   -8.08c P  3.38% WF 274.7 PSV    1992 N     260  --  P6 N4 M3 M4 Q4 Q5 P5 O3
P9  : T -12.51c W -12.84c S  -0.35c ( -1.6 L  -1.3) LCB  -15.58c P 27.36% WF 367.4 PSV     372 N     372  --  P9 Q8 Q7 R9 P6 R7 R6 S8
Q8  : T -18.39c W -15.83c S  -0.72c ( -2.1 L  -1.6) LCB  -22.68c P 36.82% WF 120.7 PSV      87 N     128  --  Q8 R14 R3 M5 O6 P6 O7 N4
R9  : T -19.82c W -21.13c S  -1.39c ( -3.0 L  -2.3) LCB  -28.53c P 28.01% WF  39.8 PSV      42 N      42  --  R9 P10 P6 O3 O2 Q4 R3 N4
D4  : T -31.14c W -29.11c S  -2.02c ( -3.7 L  -2.8) LCB -381.14c P  1.09% WF   1.0 PSV       0 N       1  --  D4

2025-11-16 15:38:18-0500: = P6
2025-11-16 15:38:18-0500: Controller: genmove w
2025-11-16 15:38:18-0500: MoveNum: 23 HASH: B09DE4A2CBCF5F525D990BF1BF75648E
   A B C D E F G H J K L M N O P Q R S T
19 . . . . . . . . . . . . . . . . . . .
18 . . . . . . . . . . . . . . . . . . .
17 . . . O . O . . . . . . . X . . . . .
16 . . O . . . . . . . . . . . . . X . .
15 . . X X . . . . . . . . . . . . . . .
14 . . . . . . . . . . . . . . . . . . .
13 . . . . . . . . . . . . . . . . . . .
12 . . . . . . . . . . . . . . . . . . .
11 . . . X . . . . . . . . . . . . O . .
10 . . . . . . . . . . . . . . . X O . .
 9 . . . . . . . . . . . . . . . O2. . .
 8 . . . . . . . . . . . . . . X1. X . .
 7 . . . . . . . . . . . . . . . . . . .
 6 . . . . . . . . . . . . . . X3. . . .
 5 . . . . . . . . . . . . . . . . O . .
 4 . . O . . . . . . . . . @ O O . . . .
 3 . . . . . O . . . . . . X . X X . . .
 2 . . . . . . . . . . . . . . . . . . .
 1 . . . . . . . . . . . . . . . . . . .

koPOSITIONALscoreAREAtaxNONEsui1komi7.5
Time taken: 0.113767
Root visits: 805
New playouts: 545
NN rows: 489
NN batches: 164
NN avg batch size: 2.98171
PV: N4 M3 M4 P9 L3 L2 O3 O2 P2 N2 Q2 R3 R2 S2
Tree:
: T  12.18c W  11.39c S   0.75c ( +1.6 L  +1.3) N     805  --  N4 M3 M4 P9 L3 L2 O3
---White(^)---
N4  : T  15.41c W  13.59c S   1.00c ( +1.9 L  +1.5) LCB   12.15c P 13.54% WF 574.1 PSV     561 N     561  --  N4 M3 M4 P9 L3 L2 O3 O2
Q4  : T  -1.45c W   1.55c S  -0.35c ( +0.2 L  +0.3) LCB   -8.59c P 30.51% WF  34.5 PSV      33 N      38  --  Q4 R3 N4 M3 P9 Q8 O9 O8
P9  : T   5.06c W   6.47c S   0.20c ( +0.9 L  +0.8) LCB   -3.52c P 13.33% WF  49.1 PSV      23 N      52  --  P9 Q8 O3 O2 P2 Q2 N2 P1
O3  : T   6.01c W   7.82c S   0.31c ( +1.0 L  +0.9) LCB    1.92c P  9.98% WF  63.6 PSV      19 N      67  --  O3 O2 N4 M3 N2 P2 Q4 P9
Q8  : T  -1.82c W   3.38c S  -0.15c ( +0.4 L  +0.5) LCB  -13.66c P 12.77% WF  13.9 PSV      13 N      15  --  Q8 Q7 P9 O8 O9 N8 N9
R15 : T   8.32c W   8.48c S   0.41c ( +1.1 L  +0.9) LCB    2.19c P  2.41% WF  36.8 PSV       6 N      38  --  R15 Q16 S16 Q4 S17 P14 Q13 R14
O7  : T   5.16c W   6.04c S   0.14c ( +0.8 L  +0.7) LCB   -5.67c P  1.72% WF  14.4 PSV       3 N      15  --  O7 Q8 Q4 R3 R14 O6 N4
S6  : T   0.63c W   1.43c S  -0.41c ( +0.1 L  +0.3) LCB  -43.30c P  2.09% WF   3.8 PSV       2 N       4  --  S6 Q4 Q5
R3  : T  -4.57c W  -1.89c S  -0.70c ( -0.3 L  +0.1) LCB  -78.79c P  3.01% WF   2.8 PSV       2 N       3  --  R3 Q4 Q5
R14 : T  -1.30c W   1.65c S  -0.29c ( +0.3 L  +0.3) LCB -150.59c P  2.10% WF   1.9 PSV       2 N       2  --  R14 Q4

2025-11-16 15:38:18-0500: = N4
2025-11-16 15:38:18-0500: Controller: genmove b
2025-11-16 15:38:18-0500: MoveNum: 24 HASH: 2A5F5DA3ED2F190045BFD2CA241218E9
   A B C D E F G H J K L M N O P Q R S T
19 . . . . . . . . . . . . . . . . . . .
18 . . . . . . . . . . . . . . . . . . .
17 . . . O . O . . . . . . . X . . . . .
16 . . O . . . . . . . . . . . . . X . .
15 . . X X . . . . . . . . . . . . . . .
14 . . . . . . . . . . . . . . . . . . .
13 . . . . . . . . . . . . . . . . . . .
12 . . . . . . . . . . . . . . . . . . .
11 . . . X . . . . . . . . . . . . O . .
10 . . . . . . . . . . . . . . . X O . .
 9 . . . . . . . . . . . . . . . O1. . .
 8 . . . . . . . . . . . . . . X . X . .
 7 . . . . . . . . . . . . . . . . . . .
 6 . . . . . . . . . . . . . . X2. . . .
 5 . . . . . . . . . . . . . . . . O . .
 4 . . O . . . . . . . . . O3O O . . . .
 3 . . . . . O . . . . . @ X . X X . . .
 2 . . . . . . . . . . . . . . . . . . .
 1 . . . . . . . . . . . . . . . . . . .

koPOSITIONALscoreAREAtaxNONEsui1komi7.5
Time taken: 0.0370317
Root visits: 805
New playouts: 244
NN rows: 214
NN batches: 73
NN avg batch size: 2.93151
PV: M3 M4 P9 L3 L2 K2 R3 R14 L4 K3 L5
Tree:
: T -15.28c W -13.97c S  -0.55c ( -2.0 L  -1.5) N     805  --  M3 M4 P9 L3 L2 K2 R3
---Black(^)---
M3  : T -14.57c W -13.30c S  -0.47c ( -1.9 L  -1.5) LCB  -17.55c P 65.19% WF 731.9 PSV     729 N     728  --  M3 M4 P9 L3 L2 K2 R3 R14
Q4  : T -20.70c W -19.65c S  -1.20c ( -2.8 L  -2.2) LCB  -30.43c P 22.71% WF  60.5 PSV      58 N      63  --  Q4 Q5 M3 M4 P5 O3 O2 N2
O3  : T -32.96c W -30.31c S  -2.22c ( -4.1 L  -3.1) LCB  -51.33c P  8.58% WF   7.4 PSV       8 N       8  --  O3 Q4 R3 P9
M2  : T -34.54c W -24.43c S  -1.57c ( -3.2 L  -2.4) LCB  -83.09c P  1.50% WF   3.7 PSV       1 N       4  --  M2 M3 O3 Q4

2025-11-16 15:38:18-0500: = M3
2025-11-16 15:38:18-0500: Controller: genmove w
2025-11-16 15:38:18-0500: MoveNum: 25 HASH: 1848929B4E792F547E5A5F9AEF70DC63
   A B C D E F G H J K L M N O P Q R S T
19 . . . . . . . . . . . . . . . . . . .
18 . . . . . . . . . . . . . . . . . . .
17 . . . O . O . . . . . . . X . . . . .
16 . . O . . . . . . . . . . . . . X . .
15 . . X X . . . . . . . . . . . . . . .
14 . . . . . . . . . . . . . . . . . . .
13 . . . . . . . . . . . . . . . . . . .
12 . . . . . . . . . . . . . . . . . . .
11 . . . X . . . . . . . . . . . . O . .
10 . . . . . . . . . . . . . . . X O . .
 9 . . . . . . . . . . . . . . . O . . .
 8 . . . . . . . . . . . . . . X . X . .
 7 . . . . . . . . . . . . . . . . . . .
 6 . . . . . . . . . . . . . . X1. . . .
 5 . . . . . . . . . . . . . . . . O . .
 4 . . O . . . . . . . . @ O2O O . . . .
 3 . . . . . O . . . . . X3X . X X . . .
 2 . . . . . . . . . . . . . . . . . . .
 1 . . . . . . . . . . . . . . . . . . .

koPOSITIONALscoreAREAtaxNONEsui1komi7.5
Time taken: 0.0097698
Root visits: 805
New playouts: 77
NN rows: 46
NN batches: 16
NN avg batch size: 2.875
PV: M4 P9 L3 L2 K2 R3 R14 L4 K3 L5 M6 L6
Tree:
: T  13.95c W  13.06c S   0.46c ( +1.8 L  +1.4) N     805  --  M4 P9 L3 L2 K2 R3 R14
---White(^)---
M4  : T  16.05c W  14.52c S   0.64c ( +2.1 L  +1.6) LCB   12.89c P 17.89% WF 636.6 PSV     627 N     627  --  M4 P9 L3 L2 K2 R3 R14 L4
O3  : T   9.99c W  10.77c S   0.17c ( +1.5 L  +1.2) LCB    3.16c P 23.71% WF  70.5 PSV      70 N      73  --  O3 O2 N2 P2 Q4 P9 R14 L3
Q4  : T   1.58c W   3.74c S  -0.64c ( +0.4 L  +0.4) LCB   -3.79c P 30.80% WF  39.4 PSV      40 N      43  --  Q4 R3 O3 O2 P9 Q8 M4 O9
P9  : T   6.36c W   7.46c S  -0.20c ( +1.0 L  +0.8) LCB   -0.77c P 12.84% WF  42.6 PSV      24 N      45  --  P9 Q8 O3 O2 N2 P2 Q4 O9
Q8  : T  -2.31c W   3.49c S  -0.65c ( +0.4 L  +0.4) LCB  -16.55c P  9.92% WF  10.1 PSV      10 N      11  --  Q8 Q7 P9 O8 R7 R6
O7  : T   1.76c W   2.46c S  -0.69c ( +0.4 L  +0.4) LCB -348.24c P  1.21% WF   1.0 PSV       1 N       1  --  O7
S6  : T -13.19c W -10.98c S  -2.21c ( -1.5 L  -0.7) LCB -363.19c P  0.64% WF   0.9 PSV       0 N       1  --  S6
S7  : T  -6.43c W  -4.90c S  -1.53c ( -0.7 L  -0.1) LCB -356.43c P  0.35% WF   0.9 PSV       0 N       1  --  S7
R3  : T  -0.05c W   0.85c S  -0.90c ( +0.1 L  +0.3) LCB -350.05c P  0.26% WF   1.0 PSV       0 N       1  --  R3
R9  : T   2.83c W   3.41c S  -0.58c ( +0.5 L  +0.5) LCB -347.17c P  0.26% WF   1.0 PSV       0 N       1  --  R9

2025-11-16 15:38:18-0500: = M4
2025-11-16 15:38:18-0500: Controller: genmove b
2025-11-16 15:38:18-0500: MoveNum: 26 HASH: 1DD77471C96DA72E76003DB069E4B4E9
   A B C D E F G H J K L M N O P Q R S T
19 . . . . . . . . . . . . . . . . . . .
18 . . . . . . . . . . . . . . . . . . .
17 . . . O . O . . . . . . . X . . . . .
16 . . O . . . . . . . . . . . . . X . .
15 . . X X . . . . . . . . . . . . . . .
14 . . . . . . . . . . . . . . . . . . .
13 . . . . . . . . . . . . . . . . . . .
12 . . . . . . . . . . . . . . . . . . .
11 . . . X . . . . . . . . . . . . O . .
10 . . . . . . . . . . . . . . . X O . .
 9 . . . . . . . . . . . . . . @ O . . .
 8 . . . . . . . . . . . . . . X . X . .
 7 . . . . . . . . . . . . . . . . . . .
 6 . . . . . . . . . . . . . . X . . . .
 5 . . . . . . . . . . . . . . . . O . .
 4 . . O . . . . . . . . O3O1O O . . . .
 3 . . . . . O . . . . . X2X . X X . . .
 2 . . . . . . . . . . . . . . . . . . .
 1 . . . . . . . . . . . . . . . . . . .

koPOSITIONALscoreAREAtaxNONEsui1komi7.5
Time taken: 0.0414359
Root visits: 805
New playouts: 178
NN rows: 170
NN batches: 58
NN avg batch size: 2.93103
PV: P9 L3 L2 K2 R3 M2 N2 L1 R13 P10 Q11 Q12 P11
Tree:
: T -15.72c W -13.97c S  -0.48c ( -2.0 L  -1.5) N     805  --  P9 L3 L2 K2 R3 M2 N2
---Black(^)---
P9  : T -12.96c W -12.04c S  -0.27c ( -1.7 L  -1.3) LCB  -16.36c P 17.43% WF 524.7 PSV     513 N     512  --  P9 L3 L2 K2 R3 M2 N2 L1
L3  : T -18.82c W -15.82c S  -0.61c ( -2.1 L  -1.6) LCB  -24.75c P 23.74% WF 105.9 PSV      73 N     109  --  L3 L4 K3 P9 Q8 Q4 R3 O9
Q4  : T -23.25c W -17.77c S  -1.06c ( -2.7 L  -2.1) LCB  -34.96c P 25.57% WF  91.0 PSV      47 N      97  --  Q4 Q5 P5 O3 O2 N2 P1 L3
L4  : T -22.17c W -20.54c S  -1.19c ( -2.9 L  -2.2) LCB  -32.40c P 12.51% WF  29.4 PSV      25 N      31  --  L4 L5 Q4 Q5 P5 O3 O2 N2
R3  : T -19.05c W -18.15c S  -0.83c ( -2.4 L  -1.7) LCB  -25.73c P  6.91% WF  30.2 PSV      20 N      31  --  R3 L3 L2 K2 L4 K3 L5 O7
R9  : T -23.31c W -22.15c S  -1.43c ( -3.2 L  -2.5) LCB  -42.69c P  4.60% WF   9.6 PSV       8 N      10  --  R9 O3 O2 P2 N2 Q2
Q8  : T -21.43c W -20.95c S  -1.22c ( -2.9 L  -2.2) LCB  -99.50c P  1.28% WF   2.9 PSV       2 N       3  --  Q8 Q4
E16 : T -21.44c W -19.59c S  -1.01c ( -2.7 L  -2.0) LCB -170.40c P  0.94% WF   2.0 PSV       2 N       2  --  E16 E17
D4  : T -19.98c W -17.20c S  -0.74c ( -2.3 L  -1.8) LCB -169.13c P  0.87% WF   2.0 PSV       2 N       2  --  D4 D5
P10 : T -30.35c W -25.55c S  -1.73c ( -3.5 L  -2.6) LCB -179.77c P  1.75% WF   1.9 PSV       1 N       2  --  P10 R9

2025-11-16 15:38:18-0500: = P9
2025-11-16 15:38:18-0500: Controller: genmove w
2025-11-16 15:38:18-0500: MoveNum: 27 HASH: 5F5802080BE90191CEEBE35E45DF8BA3
   A B C D E F G H J K L M N O P Q R S T
19 . . . . . . . . . . . . . . . . . . .
18 . . . . . . . . . . . . . . . . . . .
17 . . . O . O . . . . . . . X . . . . .
16 . . O . . . . . . . . . . . . . X . .
15 . . X X . . . . . . . . . . . . . . .
14 . . . . . . . . . . . . . . . . . . .
13 . . . . . . . . . . . . . . . . . . .
12 . . . . . . . . . . . . . . . . . . .
11 . . . X . . . . . . . . . . . . O . .
10 . . . . . . . . . . . . . . . X O . .
 9 . . . . . . . . . . . . . . X3O . . .
 8 . . . . . . . . . . . . . . X . X . .
 7 . . . . . . . . . . . . . . . . . . .
 6 . . . . . . . . . . . . . . X . . . .
 5 . . . . . . . . . . . . . . . . O . .
 4 . . O . . . . . . . . O2O O O . . . .
 3 . . . . . O . . . . @ X1X . X X . . .
 2 . . . . . . . . . . . . . . . . . . .
 1 . . . . . . . . . . . . . . . . . . .

koPOSITIONALscoreAREAtaxNONEsui1komi7.5
Time taken: 0.052073
Root visits: 805
New playouts: 293
NN rows: 216
NN batches: 73
NN avg batch size: 2.9589
PV: L3 L2 K2 R3 R14 L4 K3 L5 M6 L6 M7 L7 M8 L8
Tree:
: T  10.65c W  10.47c S   0.27c ( +1.5 L  +1.2) N     805  --  L3 L2 K2 R3 R14 L4 K3
---White(^)---
L3  : T  12.65c W  11.97c S   0.45c ( +1.7 L  +1.3) LCB    9.27c P  6.96% WF 518.5 PSV     511 N     511  --  L3 L2 K2 R3 R14 L4 K3 L5
O3  : T   8.60c W  10.37c S   0.23c ( +1.4 L  +1.1) LCB    2.94c P 24.28% WF 119.3 PSV     105 N     122  --  O3 O2 P2 Q2 N2 P1 L3 M2
R14 : T  10.52c W   9.44c S   0.13c ( +1.3 L  +1.0) LCB    6.03c P 18.84% WF 104.2 PSV     105 N     105  --  R14 L3 L4 Q4 Q5 P5 O3 O2
Q4  : T  -2.68c W  -0.07c S  -0.95c ( -0.1 L  +0.1) LCB  -11.14c P 20.53% WF  23.0 PSV      24 N      25  --  Q4 R3 R14 L4 L5 K4 K5
Q11 : T  -1.33c W  -3.19c S  -1.24c ( -0.4 L  -0.2) LCB  -13.78c P  7.58% WF   9.4 PSV      10 N      10  --  Q11 P10 R14 Q4
R15 : T   3.52c W   4.21c S  -0.45c ( +0.6 L  +0.5) LCB   -9.24c P  4.01% WF   9.6 PSV       8 N      10  --  R15 S15 Q16 R14 Q15 R17
P10 : T  -4.18c W   0.04c S  -0.89c ( +0.0 L  +0.1) LCB  -28.41c P  3.83% WF   5.6 PSV       4 N       6  --  P10 Q11 Q12 P11
Q8  : T  -7.64c W  -1.74c S  -1.08c ( -0.2 L  +0.0) LCB  -52.31c P  3.68% WF   3.7 PSV       3 N       4  --  Q8 Q7 R9 S7
S6  : T  -2.38c W  -2.67c S  -1.23c ( -0.4 L  -0.1) LCB  -47.85c P  2.46% WF   3.8 PSV       3 N       4  --  S6 R9 O3
R9  : T  -2.91c W   0.24c S  -0.89c ( +0.0 L  +0.2) LCB -152.10c P  1.82% WF   1.9 PSV       2 N       2  --  R9 S7

2025-11-16 15:38:18-0500: = L3
2025-11-16 15:38:18-0500: Controller: genmove b
2025-11-16 15:38:18-0500: MoveNum: 28 HASH: F9B7066275552E0B10BDC5E152698C30
   A B C D E F G H J K L M N O P Q R S T
19 . . . . . . . . . . . . . . . . . . .
18 . . . . . . . . . . . . . . . . . . .
17 . . . O . O . . . . . . . X . . . . .
16 . . O . . . . . . . . . . . . . X . .
15 . . X X . . . . . . . . . . . . . . .
14 . . . . . . . . . . . . . . . . . . .
13 . . . . . . . . . . . . . . . . . . .
12 . . . . . . . . . . . . . . . . . . .
11 . . . X . . . . . . . . . . . . O . .
10 . . . . . . . . . . . . . . . X O . .
 9 . . . . . . . . . . . . . . X2O . . .
 8 . . . . . . . . . . . . . . X . X . .
 7 . . . . . . . . . . . . . . . . . . .
 6 . . . . . . . . . . . . . . X . . . .
 5 . . . . . . . . . . . . . . . . O . .
 4 . . O . . . . . . . . O1O O O . . . .
 3 . . . . . O . . . . O3X X . X X . . .
 2 . . . . . . . . . . @ . . . . . . . .
 1 . . . . . . . . . . . . . . . . . . .

koPOSITIONALscoreAREAtaxNONEsui1komi7.5
Time taken: 0.0415715
Root visits: 805
New playouts: 294
NN rows: 219
NN batches: 74
NN avg batch size: 2.95946
PV: L2 R14 R3 K2 L4 K3 L5 O7 M6 N7 P7
Tree:
: T -10.74c W -10.63c S  -0.28c ( -1.5 L  -1.2) N     805  --  L2 R14 R3 K2 L4 K3 L5
---Black(^)---
L2  : T  -8.69c W  -9.04c S  -0.08c ( -1.2 L  -1.0) LCB  -11.04c P 51.38% WF 675.3 PSV     665 N     665  --  L2 R14 R3 K2 L4 K3 L5 O7
Q4  : T -22.03c W -18.48c S  -1.41c ( -2.9 L  -2.4) LCB  -34.44c P 21.59% WF  71.9 PSV      26 N      79  --  Q4 Q5 P5 O3 O2 N2 M2 P2
R13 : T -19.66c W -19.55c S  -1.18c ( -2.6 L  -2.0) LCB  -28.07c P  6.38% WF  19.9 PSV       9 N      21  --  R13 O3 O2 P2 Q2 N2 P1 P10
R3  : T -25.96c W -24.13c S  -1.64c ( -3.2 L  -2.4) LCB  -43.24c P  8.19% WF   7.4 PSV       8 N       8  --  R3 L2 O3 K6
O3  : T -19.28c W -17.48c S  -0.94c ( -2.3 L  -1.7) LCB  -26.19c P  2.42% WF  23.7 PSV       3 N      25  --  O3 K4 R13 P10 Q11
L4  : T -26.61c W -23.14c S  -1.64c ( -3.2 L  -2.5) LCB -175.72c P  2.21% WF   1.9 PSV       2 N       2  --  L4 O3
E16 : T -23.86c W -20.74c S  -1.32c ( -2.8 L  -2.1) LCB -172.95c P  1.06% WF   1.9 PSV       1 N       2  --  E16 O3
R14 : T -34.57c W -32.08c S  -2.49c ( -4.3 L  -3.3) LCB -384.57c P  1.51% WF   0.9 PSV       1 N       1  --  R14
D4  : T -21.11c W -19.99c S  -1.12c ( -2.6 L  -1.9) LCB -371.11c P  1.08% WF   1.0 PSV       1 N       1  --  D4

2025-11-16 15:38:18-0500: = L2
2025-11-16 15:38:19-0500: Controller: genmove w
2025-11-16 15:38:19-0500: MoveNum: 29 HASH: 85CC6BE7F86BD27EECEFE09DA353E361
   A B C D E F G H J K L M N O P Q R S T
19 . . . . . . . . . . . . . . . . . . .
18 . . . . . . . . . . . . . . . . . . .
17 . . . O . O . . . . . . . X . . . . .
16 . . O . . . . . . . . . . . . . X . .
15 . . X X . . . . . . . . . . . . . . .
14 . . . . . . . . . . . . . . . . . . .
13 . . . . . . . . . . . . . . . . . . .
12 . . . . . . . . . . . . . . . . . . .
11 . . . X . . . . . . . . . . . . O . .
10 . . . . . . . . . . . . . . . X O . .
 9 . . . . . . . . . . . . . . X1O . . .
 8 . . . . . . . . . . . . . . X . X . .
 7 . . . . . . . . . . . . . . . . . . .
 6 . . . . . . . . . . . . . . X . . . .
 5 . . . . . . . . . . . . . . . . O . .
 4 . . O . . . . . . . . O O O O . . . .
 3 . . . . . O . . . . O2X X . X X . . .
 2 . . . . . . . . . @ X3. . . . . . . .
 1 . . . . . . . . . . . . . . . . . . .

koPOSITIONALscoreAREAtaxNONEsui1komi7.5
Time taken: 0.0281002
Root visits: 805
New playouts: 140
NN rows: 114
NN batches: 38
NN avg batch size: 3
PV: K2 R3 R14 L4 K3 L5 O7 M7 O6 P7 N8 J5 Q4 Q11
Tree:
: T   9.52c W   9.33c S   0.35c ( +1.3 L  +1.0) N     805  --  K2 R3 R14 L4 K3 L5 O7
---White(^)---
K2  : T  10.84c W  10.50c S   0.47c ( +1.4 L  +1.1) LCB    7.87c P 43.94% WF 392.9 PSV     390 N     390  --  K2 R3 R14 L4 K3 L5 O7 M7
O3  : T   3.67c W   7.67c S   0.19c ( +1.1 L  +0.9) LCB   -7.00c P 23.52% WF  56.5 PSV      44 N      59  --  O3 O2 P2 N2 R3 Q4 Q2 Q5
R14 : T  10.43c W   9.38c S   0.36c ( +1.3 L  +1.0) LCB    7.03c P  4.45% WF 313.2 PSV      32 N     312  --  R14 R3 K2 L4 K3 L5 O7 M7
Q4  : T -10.09c W  -5.11c S  -1.20c ( -0.7 L  -0.4) LCB  -29.82c P 10.27% WF   7.3 PSV       7 N       8  --  Q4 R3 K2 R13 P10 Q11 Q12 P11
R15 : T   5.28c W   4.52c S  -0.14c ( +0.6 L  +0.5) LCB   -7.54c P  2.37% WF  11.7 PSV       5 N      12  --  R15 S15 R14 S14
P10 : T  -8.22c W  -4.03c S  -1.11c ( -0.6 L  -0.3) LCB  -83.07c P  3.34% WF   2.8 PSV       2 N       3  --  P10 Q11 Q12
O7  : T   2.43c W   2.15c S  -0.44c ( +0.3 L  +0.2) LCB  -72.61c P  1.71% WF   2.9 PSV       2 N       3  --  O7 Q4
Q11 : T   0.62c W   2.76c S  -0.39c ( +0.3 L  +0.3) LCB  -47.66c P  0.83% WF   3.9 PSV       1 N       4  --  Q11 P10 K2
M2  : T  -3.00c W  -2.03c S  -0.97c ( -0.4 L  +0.1) LCB -353.00c P  1.12% WF   1.0 PSV       1 N       1  --  M2
R9  : T   0.70c W   1.20c S  -0.50c ( +0.2 L  +0.3) LCB -349.30c P  1.03% WF   1.0 PSV       1 N       1  --  R9

2025-11-16 15:38:19-0500: = K2
2025-11-16 15:38:19-0500: Controller: genmove b
2025-11-16 15:38:19-0500: MoveNum: 30 HASH: 2329731B18F22A761E7FFA59AE7CD96E
   A B C D E F G H J K L M N O P Q R S T
19 . . . . . . . . . . . . . . . . . . .
18 . . . . . . . . . . . . . . . . . . .
17 . . . O . O . . . . . . . X . . . . .
16 . . O . . . . . . . . . . . . . X . .
15 . . X X . . . . . . . . . . . . . . .
14 . . . . . . . . . . . . . . . . . . .
13 . . . . . . . . . . . . . . . . . . .
12 . . . . . . . . . . . . . . . . . . .
11 . . . X . . . . . . . . . . . . O . .
10 . . . . . . . . . . . . . . . X O . .
 9 . . . . . . . . . . . . . . X O . . .
 8 . . . . . . . . . . . . . . X . X . .
 7 . . . . . . . . . . . . . . . . . . .
 6 . . . . . . . . . . . . . . X . . . .
 5 . . . . . . . . . . . . . . . . O . .
 4 . . O . . . . . . . . O O O O . . . .
 3 . . . . . O . . . . O1X X . X X @ . .
 2 . . . . . . . . . O3X2. . . . . . . .
 1 . . . . . . . . . . . . . . . . . . .

koPOSITIONALscoreAREAtaxNONEsui1komi7.5
Time taken: 0.0820421
Root visits: 805
New playouts: 415
NN rows: 384
NN batches: 129
NN avg batch size: 2.97674
PV: R3 O7 P7 R14 L4 K3 K4 L6 J4 H3 H4 G3 K7 K6 J6
Tree:
: T -10.66c W -10.47c S  -0.36c ( -1.4 L  -1.1) N     805  --  R3 O7 P7 R14 L4 K3 K4
---Black(^)---
R3  : T  -8.78c W  -9.12c S  -0.21c ( -1.2 L  -0.9) LCB  -10.92c P  7.81% WF 603.3 PSV     595 N     595  --  R3 O7 P7 R14 L4 K3 K4 L6
Q4  : T -16.05c W -13.86c S  -0.77c ( -1.9 L  -1.5) LCB  -22.98c P 43.23% WF  80.2 PSV      84 N      84  --  Q4 Q5 S4 S5 R13 S3 S2 R4
R13 : T -14.94c W -14.52c S  -0.82c ( -2.0 L  -1.6) LCB  -24.66c P 18.09% WF  52.2 PSV      45 N      54  --  R13 S3 S2 O3 O2 P2 N2 Q2
L4  : T -25.47c W -20.29c S  -1.61c ( -3.0 L  -2.4) LCB  -39.95c P 17.40% WF  17.7 PSV      16 N      20  --  L4 K3 Q4 Q5 P5 O3 O2 P2
E16 : T -10.45c W  -9.86c S  -0.26c ( -1.3 L  -1.0) LCB  -16.02c P  0.97% WF  23.9 PSV       8 N      24  --  E16 E17 R13 O3 O2
D4  : T -12.12c W -11.55c S  -0.36c ( -1.4 L  -1.1) LCB  -24.79c P  1.05% WF   7.9 PSV       4 N       8  --  D4 D5 C3 D3 E4
R14 : T -26.22c W -23.87c S  -1.85c ( -3.3 L  -2.6) LCB  -59.00c P  3.55% WF   6.5 PSV       3 N       7  --  R14 O3 O2 P2 Q2 N2
M2  : T -19.22c W -18.09c S  -1.15c ( -2.4 L  -1.7) LCB  -33.57c P  0.92% WF   6.7 PSV       1 N       7  --  M2 K3 Q4 Q5 P5 S3 S2 R2
N2  : T -21.07c W -17.13c S  -1.04c ( -2.3 L  -1.7) LCB -170.44c P  0.95% WF   1.9 PSV       1 N       2  --  N2 K4
K3  : T -21.34c W -13.57c S  -0.68c ( -1.8 L  -1.4) LCB -170.83c P  0.48% WF   1.9 PSV       0 N       2  --  K3 L4

2025-11-16 15:38:19-0500: = R3
2025-11-16 15:38:19-0500: Controller: genmove w
2025-11-16 15:38:19-0500: MoveNum: 31 HASH: 1BEEA3BC7B83D527FD6160E5A65355AA
   A B C D E F G H J K L M N O P Q R S T
19 . . . . . . . . . . . . . . . . . . .
18 . . . . . . . . . . . . . . . . . . .
17 . . . O . O . . . . . . . X . . . . .
16 . . O . . . . . . . . . . . . . X . .
15 . . X X . . . . . . . . . . . . . . .
14 . . . . . . . . . . . . . . . . . . .
13 . . . . . . . . . . . . . . . . . . .
12 . . . . . . . . . . . . . . . . . . .
11 . . . X . . . . . . . . . . . . O . .
10 . . . . . . . . . . . . . . . X O . .
 9 . . . . . . . . . . . . . . X O . . .
 8 . . . . . . . . . . . . . . X . X . .
 7 . . . . . . . . . . . . . @ . . . . .
 6 . . . . . . . . . . . . . . X . . . .
 5 . . . . . . . . . . . . . . . . O . .
 4 . . O . . . . . . . . O O O O . . . .
 3 . . . . . O . . . . O X X . X X X3. .
 2 . . . . . . . . . O2X1. . . . . . . .
 1 . . . . . . . . . . . . . . . . . . .

koPOSITIONALscoreAREAtaxNONEsui1komi7.5
Time taken: 0.0409352
Root visits: 805
New playouts: 210
NN rows: 204
NN batches: 68
NN avg batch size: 3
PV: O7 P7 R14 L4 K3 K4 L6 J4 H3 H4 G3 K7 L7 K8 L8 K9
Tree:
: T   8.56c W   8.80c S   0.28c ( +1.2 L  +0.9) N     805  --  O7 P7 R14 L4 K3 K4 L6
---White(^)---
O7  : T  11.97c W  11.67c S   0.58c ( +1.5 L  +1.1) LCB    8.76c P  4.73% WF 277.1 PSV     987 N     269  --  O7 P7 R14 L4 K3 K4 L6 J4
R14 : T   8.34c W   8.29c S   0.24c ( +1.1 L  +0.9) LCB    5.39c P 18.86% WF 323.3 PSV     325 N     325  --  R14 L4 K3 K4 O7 J4 H3 H4
M2  : T   4.25c W   5.05c S  -0.13c ( +0.6 L  +0.6) LCB   -1.55c P 21.79% WF  54.3 PSV      56 N      56  --  M2 N2 L1 R13 Q13 Q14 P10 O10
L4  : T   3.57c W   4.66c S  -0.18c ( +0.6 L  +0.5) LCB   -2.20c P 14.29% WF  32.0 PSV      33 N      33  --  L4 R13 P10 Q11 Q12 P11 R12 R14
Q8  : T   6.42c W   7.87c S   0.24c ( +1.1 L  +1.0) LCB  -10.21c P  4.32% WF  18.5 PSV      19 N      19  --  Q8 Q7 R9 S7 O7 P7 R14 L4
R15 : T   7.28c W   8.83c S   0.30c ( +1.2 L  +0.9) LCB   -3.90c P  2.23% WF  18.8 PSV      17 N      19  --  R15 S15 Q16 R14 Q15 R17 Q14 R13
K4  : T   2.70c W   4.43c S  -0.20c ( +0.6 L  +0.4) LCB   -5.97c P  6.29% WF  11.7 PSV      12 N      12  --  K4 R13 Q13 Q14
O3  : T   1.69c W   5.36c S  -0.08c ( +0.7 L  +0.6) LCB   -8.03c P  5.40% WF  17.3 PSV      11 N      18  --  O3 O2 M2 N2 L1 R13 P10
P10 : T   5.14c W   6.09c S  -0.01c ( +0.8 L  +0.6) LCB   -4.30c P  2.99% WF   9.8 PSV      10 N      10  --  P10 Q11 Q12 P11
Q11 : T   5.15c W   6.74c S   0.08c ( +0.9 L  +0.7) LCB   -3.10c P  2.49% WF  17.6 PSV       9 N      18  --  Q11 P10 R14 L4 K3 L5 M6 L6

2025-11-16 15:38:19-0500: = O7
2025-11-16 15:38:19-0500: Controller: genmove b
2025-11-16 15:38:19-0500: MoveNum: 32 HASH: 460208F947D7666B1624A4D2D72376FD
   A B C D E F G H J K L M N O P Q R S T
19 . . . . . . . . . . . . . . . . . . .
18 . . . . . . . . . . . . . . . . . . .
17 . . . O . O . . . . . . . X . . . . .
16 . . O . . . . . . . . . . . . . X . .
15 . . X X . . . . . . . . . . . . . . .
14 . . . . . . . . . . . . . . . . . . .
13 . . . . . . . . . . . . . . . . . . .
12 . . . . . . . . . . . . . . . . . . .
11 . . . X . . . . . . . . . . . . O . .
10 . . . . . . . . . . . . . . . X O . .
 9 . . . . . . . . . . . . . . X O . . .
 8 . . . . . . . . . . . . . . X . X . .
 7 . . . . . . . . . . . . . O3@ . . . .
 6 . . . . . . . . . . . . . . X . . . .
 5 . . . . . . . . . . . . . . . . O . .
 4 . . O . . . . . . . . O O O O . . . .
 3 . . . . . O . . . . O X X . X X X2. .
 2 . . . . . . . . . O1X . . . . . . . .
 1 . . . . . . . . . . . . . . . . . . .

koPOSITIONALscoreAREAtaxNONEsui1komi7.5
Time taken: 0.115762
Root visits: 805
New playouts: 536
NN rows: 522
NN batches: 175
NN avg batch size: 2.98286
PV: P7 R15 S15 R14 S14 Q16 R13 Q13 Q12 R12
Tree:
: T  -7.67c W  -8.03c S  -0.03c ( -1.1 L  -0.8) N     805  --  P7 R15 S15 R14 S14 Q16 R13
---Black(^)---
P7  : T  -4.96c W  -5.85c S   0.19c ( -0.8 L  -0.6) LCB   -7.12c P  2.76% WF 653.1 PSV     642 N     641  --  P7 R15 S15 R14 S14 Q16 R13 Q13
R13 : T -28.84c W -24.95c S  -1.81c ( -3.3 L  -2.6) LCB  -44.26c P 28.56% WF  19.2 PSV      19 N      22  --  R13 Q8 Q7 R9 P7 R7 R6 S8
O6  : T -16.05c W -15.29c S  -0.77c ( -2.0 L  -1.4) LCB  -20.91c P 10.34% WF  36.6 PSV      15 N      39  --  O6 M7 R13 Q13 Q14 P10
R9  : T -19.29c W -18.03c S  -1.00c ( -2.3 L  -1.7) LCB  -26.63c P  7.96% WF  22.2 PSV       9 N      24  --  R9 R14 Q11 Q12 P12 Q13 E4 E3
R14 : T -23.31c W -20.43c S  -1.37c ( -2.8 L  -2.1) LCB  -39.53c P 10.63% WF   9.2 PSV       9 N      10  --  R14 Q8 Q7 R9 P7 R7
L4  : T -16.29c W -14.62c S  -0.72c ( -2.0 L  -1.4) LCB  -32.18c P  5.85% WF  11.0 PSV       8 N      12  --  L4 K3 L5 Q8 P7 Q7
Q11 : T -27.90c W -21.35c S  -1.42c ( -2.8 L  -2.0) LCB  -44.30c P 11.63% WF   9.9 PSV       8 N      11  --  Q11 Q12 R12 R13 S12 S13
E16 : T -12.47c W -12.40c S  -0.45c ( -1.6 L  -1.2) LCB  -19.77c P  2.38% WF  13.5 PSV       5 N      14  --  E16 G18 R13 P10 Q11
E4  : T -17.19c W -15.50c S  -0.79c ( -2.0 L  -1.6) LCB  -42.53c P  4.36% WF   5.7 PSV       5 N       6  --  E4 Q8 Q7 R9
D4  : T -17.75c W -15.66c S  -0.78c ( -2.0 L  -1.5) LCB  -46.18c P  1.83% WF   4.8 PSV       2 N       5  --  D4 D5 C3 D3

2025-11-16 15:38:19-0500: = P7
2025-11-16 15:38:19-0500: Controller: genmove w
2025-11-16 15:38:19-0500: MoveNum: 33 HASH: B0A814D74332A90D4C379B14E56CE194
   A B C D E F G H J K L M N O P Q R S T
19 . . . . . . . . . . . . . . . . . . .
18 . . . . . . . . . . . . . . . . . . .
17 . . . O . O . . . . . . . X . . . . .
16 . . O . . . . . . . . . . . . . X . .
15 . . X X . . . . . . . . . . . . @ . .
14 . . . . . . . . . . . . . . . . . . .
13 . . . . . . . . . . . . . . . . . . .
12 . . . . . . . . . . . . . . . . . . .
11 . . . X . . . . . . . . . . . . O . .
10 . . . . . . . . . . . . . . . X O . .
 9 . . . . . . . . . . . . . . X O . . .
 8 . . . . . . . . . . . . . . X . X . .
 7 . . . . . . . . . . . . . O2X3. . . .
 6 . . . . . . . . . . . . . . X . . . .
 5 . . . . . . . . . . . . . . . . O . .
 4 . . O . . . . . . . . O O O O . . . .
 3 . . . . . O . . . . O X X . X X X1. .
 2 . . . . . . . . . O X . . . . . . . .
 1 . . . . . . . . . . . . . . . . . . .

koPOSITIONALscoreAREAtaxNONEsui1komi7.5
Time taken: 0.029178
Root visits: 805
New playouts: 164
NN rows: 161
NN batches: 54
NN avg batch size: 2.98148
PV: R15 L4 K3 L5 M7 J5 K7 J7 J8
Tree:
: T   6.35c W   6.71c S   0.30c ( +0.9 L  +0.7) N     805  --  R15 L4 K3 L5 M7 J5 K7
---White(^)---
R15 : T  12.27c W  11.59c S   0.83c ( +1.6 L  +1.1) LCB    7.70c P  6.40% WF 146.0 PSV    1060 N     140  --  R15 L4 K3 L5 M7 J5 K7 J7
R14 : T   4.90c W   5.85c S   0.22c ( +0.8 L  +0.6) LCB    1.65c P 31.00% WF 240.6 PSV     244 N     244  --  R14 L4 K3 L5 M6 J4 N9 K7
M2  : T   6.99c W   6.83c S   0.29c ( +0.9 L  +0.7) LCB    2.27c P 15.23% WF 194.1 PSV     193 N     193  --  M2 N2 L1 R13 P10 Q11 Q12 P11
O3  : T   2.51c W   4.81c S   0.12c ( +0.7 L  +0.5) LCB   -7.72c P 11.18% WF  29.4 PSV      30 N      30  --  O3 O2 L4 R13 P10 Q11 Q12
S15 : T   8.99c W   8.26c S   0.45c ( +1.1 L  +0.8) LCB    2.53c P  0.98% WF  28.4 PSV      28 N      28  --  S15 L4 K3 L5 M6 J5 K7 H6
L4  : T   2.86c W   3.85c S  -0.02c ( +0.5 L  +0.4) LCB   -2.30c P  6.30% WF  71.2 PSV      24 N      73  --  L4 R13 Q13 R14 P10 O10 P11 O11
K4  : T   1.92c W   2.78c S  -0.14c ( +0.3 L  +0.3) LCB   -2.38c P  6.10% WF  43.8 PSV      19 N      45  --  K4 R13 P10 Q11 Q12 P11 R12 S13
R9  : T   5.14c W   5.86c S   0.20c ( +0.8 L  +0.6) LCB   -5.50c P  3.44% WF  15.9 PSV      16 N      16  --  R9 S7 R14 L4 K3 L5 M6 J5
Q4  : T  -5.14c W  -3.15c S  -0.74c ( -0.4 L  -0.2) LCB  -19.88c P  8.88% WF   9.5 PSV      10 N      10  --  Q4 R13 Q13 Q14 P13
P10 : T   4.30c W   5.24c S   0.15c ( +0.7 L  +0.6) LCB   -6.24c P  2.27% WF   9.9 PSV      10 N      10  --  P10 Q11 Q12 P11 R9

2025-11-16 15:38:19-0500: = R15
2025-11-16 15:38:19-0500: Controller: genmove b
2025-11-16 15:38:19-0500: MoveNum: 34 HASH: E8015A1B27E574EFC5FC8E8981958237
   A B C D E F G H J K L M N O P Q R S T
19 . . . . . . . . . . . . . . . . . . .
18 . . . . . . . . . . . . . . . . . . .
17 . . . O . O . . . . . . . X . . . . .
16 . . O . . . . . . . . . . . . . X . .
15 . . X X . . . . . . . . . . . . O3@ .
14 . . . . . . . . . . . . . . . . . . .
13 . . . . . . . . . . . . . . . . . . .
12 . . . . . . . . . . . . . . . . . . .
11 . . . X . . . . . . . . . . . . O . .
10 . . . . . . . . . . . . . . . X O . .
 9 . . . . . . . . . . . . . . X O . . .
 8 . . . . . . . . . . . . . . X . X . .
 7 . . . . . . . . . . . . . O1X2. . . .
 6 . . . . . . . . . . . . . . X . . . .
 5 . . . . . . . . . . . . . . . . O . .
 4 . . O . . . . . . . . O O O O . . . .
 3 . . . . . O . . . . O X X . X X X . .
 2 . . . . . . . . . O X . . . . . . . .
 1 . . . . . . . . . . . . . . . . . . .

koPOSITIONALscoreAREAtaxNONEsui1komi7.5
Time taken: 0.101605
Root visits: 805
New playouts: 665
NN rows: 582
NN batches: 201
NN avg batch size: 2.89552
PV: S15 R14 S14 Q16 R13 R17 S16 Q13 R12 Q11 Q12 P10 P12 N10 Q5 R7 S7 S6 S9 Q4
Tree:
: T  -6.30c W  -6.76c S   0.06c ( -1.0 L  -0.7) N     805  --  S15 R14 S14 Q16 R13 R17 S16
---Black(^)---
S15 : T  -4.58c W  -5.36c S   0.20c ( -0.8 L  -0.6) LCB   -7.32c P 32.16% WF 670.6 PSV     663 N     664  --  S15 R14 S14 Q16 R13 R17 S16 Q13
Q16 : T -14.92c W -14.88c S  -0.72c ( -2.0 L  -1.4) LCB  -20.89c P 20.52% WF  37.6 PSV      33 N      40  --  Q16 S16 S17 L4 R13 P10 Q11
L4  : T -11.66c W -10.48c S  -0.35c ( -1.5 L  -1.1) LCB  -18.24c P 10.20% WF  45.1 PSV      23 N      47  --  L4 K3 L5 M6 L6 M7 L7 M8
Q15 : T -14.20c W -13.52c S  -0.58c ( -1.8 L  -1.3) LCB  -20.64c P 12.59% WF  32.2 PSV      22 N      34  --  Q15 R14 S16 Q14 P15 P14 L4 K3
R13 : T -33.40c W -27.42c S  -2.20c ( -3.8 L  -2.8) LCB  -47.76c P 13.35% WF   7.0 PSV       8 N       8  --  R13 Q16 Q15 Q14
R14 : T -17.74c W -14.11c S  -0.64c ( -1.9 L  -1.3) LCB  -35.25c P  4.76% WF   7.6 PSV       6 N       8  --  R14 S15 Q15 S14 Q14 R13 Q13
K3  : T -27.27c W -23.34c S  -1.75c ( -3.3 L  -2.5) LCB -176.44c P  1.78% WF   1.9 PSV       1 N       2  --  K3 L4
S16 : T -21.72c W -20.42c S  -1.30c ( -2.7 L  -1.8) LCB -371.72c P  1.03% WF   1.0 PSV       1 N       1  --  S16

2025-11-16 15:38:19-0500: = S15
2025-11-16 15:38:19-0500: Controller: genmove w
2025-11-16 15:38:19-0500: MoveNum: 35 HASH: 7183A33B49496B6AA79FD69A07BCDF03
   A B C D E F G H J K L M N O P Q R S T
19 . . . . . . . . . . . . . . . . . . .
18 . . . . . . . . . . . . . . . . . . .
17 . . . O . O . . . . . . . X . . . . .
16 . . O . . . . . . . . . . . . . X . .
15 . . X X . . . . . . . . . . . . O2X3.
14 . . . . . . . . . . . . . . . . @ . .
13 . . . . . . . . . . . . . . . . . . .
12 . . . . . . . . . . . . . . . . . . .
11 . . . X . . . . . . . . . . . . O . .
10 . . . . . . . . . . . . . . . X O . .
 9 . . . . . . . . . . . . . . X O . . .
 8 . . . . . . . . . . . . . . X . X . .
 7 . . . . . . . . . . . . . O X1. . . .
 6 . . . . . . . . . . . . . . X . . . .
 5 . . . . . . . . . . . . . . . . O . .
 4 . . O . . . . . . . . O O O O . . . .
 3 . . . . . O . . . . O X X . X X X . .
 2 . . . . . . . . . O X . . . . . . . .
 1 . . . . . . . . . . . . . . . . . . .

koPOSITIONALscoreAREAtaxNONEsui1komi7.5
Time taken: 0.024219
Root visits: 805
New playouts: 141
NN rows: 130
NN batches: 45
NN avg batch size: 2.88889
PV: R14 S14 Q16 R13 R17 S16 O16 Q15 P17 L4 K3 L5 M6 L6 M7
Tree:
: T   5.44c W   5.57c S   0.23c ( +0.8 L  +0.6) N     805  --  R14 S14 Q16 R13 R17 S16 O16
---White(^)---
R14 : T   6.86c W   6.74c S   0.36c ( +1.0 L  +0.7) LCB    3.98c P 23.74% WF 589.3 PSV     583 N     583  --  R14 S14 Q16 R13 R17 S16 O16 Q15
Q16 : T  -0.57c W   1.30c S  -0.23c ( +0.2 L  +0.2) LCB   -7.58c P 27.97% WF  65.9 PSV      61 N      69  --  Q16 R14 Q15 R17 P10 Q14 O10 Q4
S14 : T  -3.07c W  -2.29c S  -0.62c ( -0.3 L  -0.2) LCB  -11.92c P 27.01% WF  45.2 PSV      45 N      49  --  S14 R14 Q15 S13 Q14 R13 S16 T14
Q15 : T  11.20c W   9.60c S   0.64c ( +1.3 L  +0.9) LCB    4.78c P  5.21% WF  44.1 PSV      43 N      43  --  Q15 L4 K3 S14 P17 Q17
O3  : T   3.62c W   4.98c S   0.14c ( +0.7 L  +0.5) LCB   -3.60c P  2.52% WF  26.6 PSV      11 N      27  --  O3 O2 R14 S14 Q16 R17 R13 L4
M2  : T  -4.39c W  -2.05c S  -0.60c ( -0.2 L  -0.1) LCB  -22.31c P  4.11% WF   7.6 PSV       6 N       8  --  M2 N2 S14 R14 Q15
Q14 : T   2.79c W   2.87c S  -0.11c ( +0.4 L  +0.3) LCB  -16.55c P  1.13% WF   6.9 PSV       4 N       7  --  Q14 S14 Q16 R17 P10
S16 : T  -7.20c W  -4.82c S  -0.87c ( -0.6 L  -0.3) LCB  -25.22c P  2.32% WF   6.6 PSV       2 N       7  --  S16 S14 P10 O10
P10 : T   1.03c W   2.60c S  -0.11c ( +0.4 L  +0.3) LCB  -21.79c P  0.97% WF   5.9 PSV       2 N       6  --  P10 Q11 R9 Q12
R9  : T  -4.82c W  -3.86c S  -0.80c ( -0.5 L  -0.2) LCB -153.75c P  1.28% WF   1.9 PSV       1 N       2  --  R9 S7

2025-11-16 15:38:19-0500: = R14
2025-11-16 15:38:19-0500: Controller: genmove b
2025-11-16 15:38:19-0500: MoveNum: 36 HASH: 247A699A9C28EE1253664D2B6FDC53C4
   A B C D E F G H J K L M N O P Q R S T
19 . . . . . . . . . . . . . . . . . . .
18 . . . . . . . . . . . . . . . . . . .
17 . . . O . O . . . . . . . X . . . . .
16 . . O . . . . . . . . . . . . . X . .
15 . . X X . . . . . . . . . . . . O1X2.
14 . . . . . . . . . . . . . . . . O3@ .
13 . . . . . . . . . . . . . . . . . . .
12 . . . . . . . . . . . . . . . . . . .
11 . . . X . . . . . . . . . . . . O . .
10 . . . . . . . . . . . . . . . X O . .
 9 . . . . . . . . . . . . . . X O . . .
 8 . . . . . . . . . . . . . . X . X . .
 7 . . . . . . . . . . . . . O X . . . .
 6 . . . . . . . . . . . . . . X . . . .
 5 . . . . . . . . . . . . . . . . O . .
 4 . . O . . . . . . . . O O O O . . . .
 3 . . . . . O . . . . O X X . X X X . .
 2 . . . . . . . . . O X . . . . . . . .
 1 . . . . . . . . . . . . . . . . . . .

koPOSITIONALscoreAREAtaxNONEsui1komi7.5
Time taken: 0.0462093
Root visits: 805
New playouts: 222
NN rows: 194
NN batches: 66
NN avg batch size: 2.93939
PV: S14 Q16 R13 R17 S16 O16 L4 K3 Q15 P17 L5 M6 L6 L7 K7
Tree:
: T  -7.14c W  -6.85c S  -0.27c ( -1.0 L  -0.7) N     805  --  S14 Q16 R13 R17 S16 O16 L4
---Black(^)---
S14 : T  -6.68c W  -6.28c S  -0.22c ( -0.9 L  -0.6) LCB   -9.29c P 71.60% WF 688.8 PSV     687 N     686  --  S14 Q16 R13 R17 S16 O16 L4 K3
Q16 : T  -9.01c W  -9.64c S  -0.47c ( -1.3 L  -1.0) LCB  -14.12c P 14.72% WF  82.7 PSV      62 N      84  --  Q16 S14 L4 K3 L5 M6 J4 H3
L4  : T -10.61c W -10.42c S  -0.60c ( -1.4 L  -1.0) LCB  -17.89c P  7.55% WF  28.4 PSV      23 N      29  --  L4 K3 Q16 S14 L5 M6 J4 H3
K3  : T -28.30c W -24.51c S  -2.10c ( -3.3 L  -2.4) LCB -177.38c P  1.98% WF   1.9 PSV       1 N       2  --  K3 L4
E16 : T -16.80c W -15.67c S  -1.13c ( -2.1 L  -1.4) LCB -366.80c P  1.19% WF   1.0 PSV       1 N       1  --  E16
D4  : T -20.53c W -19.11c S  -1.42c ( -2.5 L  -1.7) LCB -370.53c P  0.68% WF   1.0 PSV       0 N       1  --  D4

2025-11-16 15:38:19-0500: = S14
2025-11-16 15:38:19-0500: Controller: genmove w
2025-11-16 15:38:19-0500: MoveNum: 37 HASH: 644890B2B373B472B36BE6341FA7455E
   A B C D E F G H J K L M N O P Q R S T
19 . . . . . . . . . . . . . . . . . . .
18 . . . . . . . . . . . . . . . . . . .
17 . . . O . O . . . . . . . X . . . . .
16 . . O . . . . . . . . . . . . @ X . .
15 . . X X . . . . . . . . . . . . O X1.
14 . . . . . . . . . . . . . . . . O2X3.
13 . . . . . . . . . . . . . . . . . . .
12 . . . . . . . . . . . . . . . . . . .
11 . . . X . . . . . . . . . . . . O . .
10 . . . . . . . . . . . . . . . X O . .
 9 . . . . . . . . . . . . . . X O . . .
 8 . . . . . . . . . . . . . . X . X . .
 7 . . . . . . . . . . . . . O X . . . .
 6 . . . . . . . . . . . . . . X . . . .
 5 . . . . . . . . . . . . . . . . O . .
 4 . . O . . . . . . . . O O O O . . . .
 3 . . . . . O . . . . O X X . X X X . .
 2 . . . . . . . . . O X . . . . . . . .
 1 . . . . . . . . . . . . . . . . . . .

koPOSITIONALscoreAREAtaxNONEsui1komi7.5
Time taken: 0.028309
Root visits: 805
New playouts: 119
NN rows: 111
NN batches: 38
NN avg batch size: 2.92105
PV: Q16 R13 R17 S16 O16 L4 K3 L5 M6 Q13 K7 N16
Tree:
: T   6.00c W   5.76c S   0.19c ( +0.9 L  +0.6) N     805  --  Q16 R13 R17 S16 O16 L4 K3
---White(^)---
Q16 : T   6.74c W   6.50c S   0.27c ( +1.0 L  +0.7) LCB    4.15c P 55.32% WF 661.3 PSV     659 N     659  --  Q16 R13 R17 S16 O16 L4 K3 L5
P10 : T   6.93c W   5.24c S   0.10c ( +0.8 L  +0.6) LCB    0.85c P  5.39% WF  87.2 PSV      73 N      87  --  P10 L4 K3 K4 M7 H4 Q16 R17
S13 : T  -7.18c W  -4.15c S  -0.94c ( -0.6 L  -0.3) LCB  -18.65c P 15.60% WF  17.7 PSV      18 N      19  --  S13 Q16 P10 O10 Q11 O11
O3  : T   3.83c W   4.66c S   0.02c ( +0.6 L  +0.5) LCB   -8.04c P  1.77% WF  11.8 PSV       7 N      12  --  O3 O2 Q16 R17 R13 L4 K3 L5
R13 : T -21.55c W -15.96c S  -2.13c ( -2.1 L  -1.3) LCB  -45.56c P 10.11% WF   5.3 PSV       6 N       6  --  R13 Q16 P10 O10 P11
Q11 : T   2.41c W   2.06c S  -0.25c ( +0.3 L  +0.2) LCB  -14.58c P  1.62% WF   9.8 PSV       5 N      10  --  Q11 P10 Q16 R17 S13
M2  : T  -4.88c W  -3.12c S  -0.79c ( -0.4 L  -0.2) LCB  -23.06c P  4.25% WF   6.7 PSV       5 N       7  --  M2 N2 L1 R13 Q13
R9  : T -15.07c W  -9.47c S  -1.46c ( -1.2 L  -0.8) LCB -164.88c P  2.02% WF   1.9 PSV       1 N       2  --  R9 S7
R7  : T -11.26c W  -9.78c S  -1.47c ( -1.3 L  -0.6) LCB -361.26c P  1.64% WF   1.0 PSV       1 N       1  --  R7
L4  : T  -3.08c W  -2.45c S  -0.62c ( -0.1 L  -0.1) LCB -353.08c P  0.33% WF   1.0 PSV       0 N       1  --  L4

2025-11-16 15:38:19-0500: = Q16
2025-11-16 15:38:20-0500: Controller: genmove b
2025-11-16 15:38:20-0500: MoveNum: 38 HASH: AFC3FF3BC1C02F6981314F8717E93C64
   A B C D E F G H J K L M N O P Q R S T
19 . . . . . . . . . . . . . . . . . . .
18 . . . . . . . . . . . . . . . . . . .
17 . . . O . O . . . . . . . X . . . . .
16 . . O . . . . . . . . . . . . O3X . .
15 . . X X . . . . . . . . . . . . O X .
14 . . . . . . . . . . . . . . . . O1X2.
13 . . . . . . . . . . . . . . . . @ . .
12 . . . . . . . . . . . . . . . . . . .
11 . . . X . . . . . . . . . . . . O . .
10 . . . . . . . . . . . . . . . X O . .
 9 . . . . . . . . . . . . . . X O . . .
 8 . . . . . . . . . . . . . . X . X . .
 7 . . . . . . . . . . . . . O X . . . .
 6 . . . . . . . . . . . . . . X . . . .
 5 . . . . . . . . . . . . . . . . O . .
 4 . . O . . . . . . . . O O O O . . . .
 3 . . . . . O . . . . O X X . X X X . .
 2 . . . . . . . . . O X . . . . . . . .
 1 . . . . . . . . . . . . . . . . . . .

koPOSITIONALscoreAREAtaxNONEsui1komi7.5
Time taken: 0.0423149
Root visits: 805
New playouts: 146
NN rows: 126
NN batches: 42
NN avg batch size: 3
PV: R13 R17 S16 O16 Q15 P17 L4 K3 L5 M6 L6 M7 L7 M8 L8 M9 P15 N17
Tree:
: T  -6.66c W  -6.55c S  -0.25c ( -1.0 L  -0.7) N     805  --  R13 R17 S16 O16 Q15 P17 L4
---Black(^)---
R13 : T  -4.95c W  -4.98c S  -0.13c ( -0.8 L  -0.5) LCB   -8.01c P 16.67% WF 548.7 PSV     751 N     541  --  R13 R17 S16 O16 Q15 P17 L4 K3
R17 : T  -8.96c W  -8.65c S  -0.40c ( -1.1 L  -0.8) LCB  -12.07c P 56.39% WF 229.6 PSV     225 N     236  --  R17 R13 P15 P14 O14 Q15 P18 O13
Q17 : T -24.93c W -23.78c S  -1.92c ( -3.0 L  -2.2) LCB  -36.24c P 22.26% WF  18.0 PSV      19 N      20  --  Q17 S16 R17 S13 S17 M2 N2 L1
L4  : T -14.12c W -14.32c S  -1.04c ( -2.0 L  -1.4) LCB  -28.68c P  1.66% WF   4.9 PSV       3 N       5  --  L4 K3 R17 L6 R13 Q13 Q14
Q15 : T -25.95c W -21.76c S  -1.92c ( -3.1 L  -2.1) LCB -175.15c P  2.29% WF   1.9 PSV       1 N       2  --  Q15 R13

2025-11-16 15:38:20-0500: = R13
2025-11-16 15:38:20-0500: Controller: genmove w
2025-11-16 15:38:20-0500: MoveNum: 39 HASH: 4D51676910F40E29B2DEBE917ED01192
   A B C D E F G H J K L M N O P Q R S T
19 . . . . . . . . . . . . . . . . . . .
18 . . . . . . . . . . . . . . . . . . .
17 . . . O . O . . . . . . . X . . @ . .
16 . . O . . . . . . . . . . . . O2X . .
15 . . X X . . . . . . . . . . . . O X .
14 . . . . . . . . . . . . . . . . O X1.
13 . . . . . . . . . . . . . . . . X3. .
12 . . . . . . . . . . . . . . . . . . .
11 . . . X . . . . . . . . . . . . O . .
10 . . . . . . . . . . . . . . . X O . .
 9 . . . . . . . . . . . . . . X O . . .
 8 . . . . . . . . . . . . . . X . X . .
 7 . . . . . . . . . . . . . O X . . . .
 6 . . . . . . . . . . . . . . X . . . .
 5 . . . . . . . . . . . . . . . . O . .
 4 . . O . . . . . . . . O O O O . . . .
 3 . . . . . O . . . . O X X . X X X . .
 2 . . . . . . . . . O X . . . . . . . .
 1 . . . . . . . . . . . . . . . . . . .

koPOSITIONALscoreAREAtaxNONEsui1komi7.5
Time taken: 0.0717812
Root visits: 805
New playouts: 264
NN rows: 220
NN batches: 74
NN avg batch size: 2.97297
PV: R17 S16 O16 Q15 P17 L4 K3 L5 M6 L6 M7 L7 M9 L8 N10 O10 N11 O11
Tree:
: T   4.28c W   4.53c S   0.16c ( +0.7 L  +0.5) N     805  --  R17 S16 O16 Q15 P17 L4 K3
---White(^)---
R17 : T   5.52c W   5.46c S   0.25c ( +0.9 L  +0.5) LCB    2.84c P 40.02% WF 591.4 PSV     585 N     586  --  R17 S16 O16 Q15 P17 L4 K3 L5
Q13 : T   1.38c W   2.24c S  -0.07c ( +0.5 L  +0.3) LCB   -4.61c P 47.52% WF 195.4 PSV     166 N     201  --  Q13 R12 R17 S16 Q11 Q12 P10 P12
O3  : T  -0.14c W   4.55c S   0.13c ( +0.7 L  +0.5) LCB  -22.03c P  2.73% WF   7.8 PSV       7 N       8  --  O3 O2 R17 S16 P17 O16
M2  : T -14.79c W  -8.34c S  -1.21c ( -1.0 L  -0.7) LCB  -60.86c P  4.60% WF   3.7 PSV       4 N       4  --  M2 N2 R17 S16
R7  : T -12.76c W -11.22c S  -1.54c ( -1.5 L  -0.8) LCB -362.76c P  1.43% WF   1.0 PSV       1 N       1  --  R7
P10 : T  -6.53c W  -4.43c S  -0.80c ( -0.5 L  -0.3) LCB  -80.53c P  0.60% WF   2.9 PSV       0 N       3  --  P10 Q13 R17
S13 : T -10.23c W  -8.94c S  -1.29c ( -1.1 L  -0.6) LCB -360.23c P  0.11% WF   1.0 PSV       0 N       1  --  S13

2025-11-16 15:38:20-0500: = R17
2025-11-16 15:38:20-0500: Controller: quit
2025-11-16 15:38:20-0500: Quit requested by controller
2025-11-16 15:38:20-0500: = 
2025-11-16 15:38:20-0500: GPU 7 finishing, processed 13327 rows 4483 batches
2025-11-16 15:38:20-0500: All cleaned up, quitting
