2025-11-16 14:03:10-0500: Running with following config:
conservativePass = true
lagBuffer = 1.0
logAllGTPCommunication = true
logDir = gtp_logs
logSearchInfo = true
logToStderr = false
maxVisits = 800
nnCacheSizePowerOfTwo = 20
nnMutexPoolSizePowerOfTwo = 16
numSearchThreads = 6
openclGpuToUse = 7
ponderingEnabled = false
preventCleanupPhase = true
rootSymmetryPruning = true
rules = tromp-taylor
searchFactorAfterOnePass = 0.50
searchFactorAfterTwoPass = 0.25
searchFactorWhenWinning = 0.40
searchFactorWhenWinningThreshold = 0.95

2025-11-16 14:03:10-0500: GTP Engine starting...
2025-11-16 14:03:10-0500: KataGo v1.16.4
2025-11-16 14:03:10-0500: Using TrompTaylor rules initially, unless GTP/GUI overrides this
2025-11-16 14:03:10-0500: Using 6 CPU thread(s) for search
2025-11-16 14:03:10-0500: nnRandSeed0 = 10962694543211776273
2025-11-16 14:03:10-0500: After dedups: nnModelFile0 = /scratch2/f004ndc/AlphaGo Project/KataGo/models/g170e-b10c128-s1141046784-d204142634.bin.gz useFP16 auto useNHWC auto
2025-11-16 14:03:10-0500: Initializing neural net buffer to be size 19 * 19 exactly
2025-11-16 14:03:10-0500: Found OpenCL Platform 0: NVIDIA CUDA (NVIDIA Corporation) (OpenCL 3.0 CUDA 12.8.98)
2025-11-16 14:03:10-0500: Found 8 device(s) on platform 0 with type CPU or GPU or Accelerator
2025-11-16 14:03:10-0500: Found OpenCL Device 0: NVIDIA RTX 6000 Ada Generation (NVIDIA Corporation) (score 11000300)
2025-11-16 14:03:10-0500: Found OpenCL Device 1: NVIDIA RTX 6000 Ada Generation (NVIDIA Corporation) (score 11000300)
2025-11-16 14:03:10-0500: Found OpenCL Device 2: NVIDIA RTX 6000 Ada Generation (NVIDIA Corporation) (score 11000300)
2025-11-16 14:03:10-0500: Found OpenCL Device 3: NVIDIA RTX 6000 Ada Generation (NVIDIA Corporation) (score 11000300)
2025-11-16 14:03:10-0500: Found OpenCL Device 4: NVIDIA RTX 6000 Ada Generation (NVIDIA Corporation) (score 11000300)
2025-11-16 14:03:10-0500: Found OpenCL Device 5: NVIDIA RTX 6000 Ada Generation (NVIDIA Corporation) (score 11000300)
2025-11-16 14:03:10-0500: Found OpenCL Device 6: NVIDIA RTX 6000 Ada Generation (NVIDIA Corporation) (score 11000300)
2025-11-16 14:03:10-0500: Found OpenCL Device 7: NVIDIA RTX 6000 Ada Generation (NVIDIA Corporation) (score 11000300)
2025-11-16 14:03:10-0500: Creating context for OpenCL Platform: NVIDIA CUDA (NVIDIA Corporation) (OpenCL 3.0 CUDA 12.8.98)
2025-11-16 14:03:11-0500: Using OpenCL Device 7: NVIDIA RTX 6000 Ada Generation (NVIDIA Corporation) OpenCL 3.0 CUDA (Extensions: cl_khr_global_int32_base_atomics cl_khr_global_int32_extended_atomics cl_khr_local_int32_base_atomics cl_khr_local_int32_extended_atomics cl_khr_fp64 cl_khr_3d_image_writes cl_khr_byte_addressable_store cl_khr_icd cl_khr_gl_sharing cl_nv_compiler_options cl_nv_device_attribute_query cl_nv_pragma_unroll cl_nv_copy_opts cl_khr_gl_event cl_nv_create_buffer cl_khr_int64_base_atomics cl_khr_int64_extended_atomics cl_nv_kernel_attribute cl_khr_device_uuid cl_khr_pci_bus_info cl_khr_external_semaphore cl_khr_external_memory cl_khr_external_semaphore_opaque_fd cl_khr_external_memory_opaque_fd cl_khr_semaphore)
2025-11-16 14:03:11-0500: Loaded tuning parameters from: /thayerfs/home/f004ndc/.katago/opencltuning/tune11_gpuNVIDIARTX6000AdaGeneration_x19_y19_c128_mv8.txt
2025-11-16 14:03:11-0500: OpenCL backend thread 0: Device 7 Model version 8
2025-11-16 14:03:11-0500: OpenCL backend thread 0: Device 7 Model name: g170-b10c128-s1141046784-d204142634
2025-11-16 14:03:11-0500: OpenCL backend thread 0: Device 7 FP16Storage true FP16Compute false FP16TensorCores true FP16TensorCoresFor1x1 false
2025-11-16 14:03:11-0500: Loaded neural net with nnXLen 19 nnYLen 19
2025-11-16 14:03:11-0500: Initializing board with boardXSize 19 boardYSize 19
2025-11-16 14:03:11-0500: Loaded config /scratch2/f004ndc/AlphaGo Project/KataGo/configs/gtp_800visits.cfg
2025-11-16 14:03:11-0500: Loaded model /scratch2/f004ndc/AlphaGo Project/KataGo/models/g170e-b10c128-s1141046784-d204142634.bin.gz
2025-11-16 14:03:11-0500: Model name: g170-b10c128-s1141046784-d204142634
2025-11-16 14:03:11-0500: GTP ready, beginning main protocol loop
2025-11-16 14:03:13-0500: Controller: boardsize 19
2025-11-16 14:03:13-0500: = 
2025-11-16 14:03:13-0500: Controller: clear_board
2025-11-16 14:03:13-0500: = 
2025-11-16 14:03:13-0500: Controller: komi 7.5
2025-11-16 14:03:13-0500: = 
2025-11-16 14:03:13-0500: Controller: play black R16
2025-11-16 14:03:13-0500: = 
2025-11-16 14:03:13-0500: Controller: genmove white
2025-11-16 14:03:13-0500: MoveNum: 1 HASH: 48315B528346F7FF166D01D0584718A4
   A B C D E F G H J K L M N O P Q R S T
19 . . . . . . . . . . . . . . . . . . .
18 . . . . . . . . . . . . . . . . . . .
17 . . . @ . . . . . . . . . . . . . . .
16 . . . . . . . . . . . . . . . . X1. .
15 . . . . . . . . . . . . . . . . . . .
14 . . . . . . . . . . . . . . . . . . .
13 . . . . . . . . . . . . . . . . . . .
12 . . . . . . . . . . . . . . . . . . .
11 . . . . . . . . . . . . . . . . . . .
10 . . . . . . . . . . . . . . . . . . .
 9 . . . . . . . . . . . . . . . . . . .
 8 . . . . . . . . . . . . . . . . . . .
 7 . . . . . . . . . . . . . . . . . . .
 6 . . . . . . . . . . . . . . . . . . .
 5 . . . . . . . . . . . . . . . . . . .
 4 . . . . . . . . . . . . . . . . . . .
 3 . . . . . . . . . . . . . . . . . . .
 2 . . . . . . . . . . . . . . . . . . .
 1 . . . . . . . . . . . . . . . . . . .

koPOSITIONALscoreAREAtaxNONEsui1komi7.5
Time taken: 0.122874
Root visits: 805
New playouts: 805
NN rows: 534
NN batches: 179
NN avg batch size: 2.98324
PV: D17 Q3 D4 O17 R5 O4 C14 R8
Tree:
: T   7.88c W   7.02c S   0.56c ( +1.0 L  +0.8) N     805  --  D17 Q3 D4 O17 R5 O4 C14
---White(^)---
D17 : T   8.87c W   7.93c S   0.67c ( +1.1 L  +0.9) LCB    7.33c P  4.68% WF  74.5 PSV     311 N      74  --  D17 Q3 D4 O17 R5 O4 C14 R8
D16 : T   7.73c W   6.86c S   0.53c ( +1.0 L  +0.7) LCB    6.55c P 20.54% WF 139.8 PSV     140 N     140  --  D16 Q3 C4 O17 F3 R6 F17
Q4  : T   7.37c W   6.52c S   0.49c ( +0.9 L  +0.7) LCB    6.17c P 20.70% WF 127.5 PSV     111 N     128  --  Q4 D17 D4 C14 P16 P17 O17
D4  : T   7.24c W   6.45c S   0.48c ( +0.9 L  +0.7) LCB    6.04c P 21.36% WF 122.4 PSV     106 N     123  --  D4 Q3 D17 O17 R5 O4 C14 R8
Q3  : T   8.26c W   7.25c S   0.59c ( +1.0 L  +0.8) LCB    6.81c P  5.86% WF  82.2 PSV      66 N      82  --  Q3 D16 C4 Q5 R5 R6 R4
C16 : T   8.47c W   7.46c S   0.62c ( +1.1 L  +0.8) LCB    6.97c P  3.96% WF  88.4 PSV      61 N      88  --  C16 Q4 D4 O17 F17 C3
C4  : T   8.25c W   7.45c S   0.61c ( +1.1 L  +0.8) LCB    6.81c P  5.18% WF  94.2 PSV      58 N      94  --  C4 D17 R4 C14 O3 E3 D6
R4  : T   7.84c W   6.97c S   0.56c ( +1.0 L  +0.8) LCB    5.99c P  4.17% WF  47.0 PSV      31 N      47  --  R4 D16 D4 O17 C17 D17
D3  : T   7.32c W   6.97c S   0.56c ( +1.0 L  +0.8) LCB    4.75c P  4.60% WF  27.9 PSV      24 N      28  --  D3 Q4 D16 O17 R3 R4

2025-11-16 14:03:13-0500: = D17
2025-11-16 14:03:13-0500: Controller: play black D3
2025-11-16 14:03:13-0500: = 
2025-11-16 14:03:13-0500: Controller: genmove white
2025-11-16 14:03:14-0500: MoveNum: 3 HASH: 9C8949E62DEFB1CC264D726DB8466593
   A B C D E F G H J K L M N O P Q R S T
19 . . . . . . . . . . . . . . . . . . .
18 . . . . . . . . . . . . . . . . . . .
17 . . . O2. . . . . . . . . . . . . . .
16 . . . . . . . . . . . . . . . . X1. .
15 . . . . . . . . . . . . . . . . . . .
14 . . . . . . . . . . . . . . . . . . .
13 . . . . . . . . . . . . . . . . . . .
12 . . . . . . . . . . . . . . . . . . .
11 . . . . . . . . . . . . . . . . . . .
10 . . . . . . . . . . . . . . . . . . .
 9 . . . . . . . . . . . . . . . . . . .
 8 . . . . . . . . . . . . . . . . . . .
 7 . . . . . . . . . . . . . . . . . . .
 6 . . . . . . . . . . . . . . . . . . .
 5 . . . . . . . . . . . . . . . . . . .
 4 . . . . . . . . . . . . . . . . . . .
 3 . . . X3. . . . . . . . . . . @ . . .
 2 . . . . . . . . . . . . . . . . . . .
 1 . . . . . . . . . . . . . . . . . . .

koPOSITIONALscoreAREAtaxNONEsui1komi7.5
Time taken: 0.157482
Root visits: 805
New playouts: 795
NN rows: 768
NN batches: 257
NN avg batch size: 2.98833
PV: Q4 C15 F16 O17 D5 C5 C6 C4 D6 F3 C11 R3
Tree:
: T   7.19c W   6.79c S   0.12c ( +0.9 L  +0.7) N     805  --  Q4 C15 F16 O17 D5 C5 C6
---White(^)---
Q4  : T   7.70c W   7.19c S   0.18c ( +1.0 L  +0.7) LCB    6.81c P 40.56% WF 367.3 PSV     366 N     366  --  Q4 C15 F16 O17 D5 C5 C6 C4
Q3  : T   7.05c W   6.75c S   0.11c ( +0.9 L  +0.7) LCB    6.01c P 27.23% WF 247.2 PSV     152 N     248  --  Q3 R5 O4 D15 C15 C14 C16 D14
R4  : T   7.03c W   6.59c S   0.09c ( +0.9 L  +0.7) LCB    5.88c P 22.66% WF 154.7 PSV     125 N     155  --  R4 D15 C15 C14 C16 D14 F17 C6
R3  : T   5.19c W   5.00c S  -0.07c ( +0.7 L  +0.5) LCB    1.54c P  1.05% WF  22.1 PSV       2 N      23  --  R3 D15 C15 C14 C16 D14 F17 C6
C14 : T   1.43c W   2.07c S  -0.38c ( +0.3 L  +0.3) LCB  -18.54c P  0.95% WF   5.9 PSV       1 N       6  --  C14 Q4 D5 C5
P16 : T  -0.64c W   0.91c S  -0.51c ( +0.1 L  +0.1) LCB  -23.18c P  0.69% WF   5.8 PSV       0 N       6  --  P16 Q4 R15 S15

2025-11-16 14:03:14-0500: = Q3
2025-11-16 14:03:14-0500: Controller: play black Q5
2025-11-16 14:03:14-0500: = 
2025-11-16 14:03:14-0500: Controller: genmove white
2025-11-16 14:03:14-0500: MoveNum: 5 HASH: 9B00657E00C0E08BE24942EE60AC10DA
   A B C D E F G H J K L M N O P Q R S T
19 . . . . . . . . . . . . . . . . . . .
18 . . . . . . . . . . . . . . . . . . .
17 . . . O . . . . . . . . . . . . . . .
16 . . . . . . . . . . . . . . . . X . .
15 . . . . . . . . . . . . . . . . . . .
14 . . . . . . . . . . . . . . . . . . .
13 . . . . . . . . . . . . . . . . . . .
12 . . . . . . . . . . . . . . . . . . .
11 . . . . . . . . . . . . . . . . . . .
10 . . . . . . . . . . . . . . . . . . .
 9 . . . . . . . . . . . . . . . . . . .
 8 . . . . . . . . . . . . . . . . . . .
 7 . . . . . . . . . . . . . . . . . . .
 6 . . . . . . . . . . . . . . . . . . .
 5 . . . . . . . . . . . . . . . X3@ . .
 4 . . . . . . . . . . . . . . . . . . .
 3 . . . X1. . . . . . . . . . . O2. . .
 2 . . . . . . . . . . . . . . . . . . .
 1 . . . . . . . . . . . . . . . . . . .

koPOSITIONALscoreAREAtaxNONEsui1komi7.5
Time taken: 0.12724
Root visits: 805
New playouts: 761
NN rows: 735
NN batches: 246
NN avg batch size: 2.9878
PV: R5 R6 R4 Q6 O3 D15 C15 C14 C16 D14 F17 C6 P16 P17 O17 Q17 O16 R14 D10 G14 F15 F14 C8
Tree:
: T   7.22c W   6.94c S   0.23c ( +0.9 L  +0.7) N     805  --  R5 R6 R4 Q6 O3 D15 C15
---White(^)---
R5  : T   7.46c W   7.09c S   0.21c ( +0.9 L  +0.7) LCB    6.51c P 58.39% WF 403.5 PSV     403 N     403  --  R5 R6 R4 Q6 O3 D15 C15 C14
C5  : T   7.96c W   7.62c S   0.34c ( +1.0 L  +0.8) LCB    6.41c P  5.08% WF 152.6 PSV      53 N     152  --  C5 R3 E4 E3 F4 G3 P17 Q14
D5  : T   6.06c W   5.75c S   0.14c ( +0.8 L  +0.6) LCB    2.67c P  9.13% WF  78.3 PSV      32 N      79  --  D5 P3 E3 Q4 D4 C3 E2 B5
P17 : T   7.44c W   7.22c S   0.31c ( +1.0 L  +0.8) LCB    5.20c P  2.99% WF 102.1 PSV      20 N     102  --  P17 R3 D5 C5 C6 C4 D6 F4
P16 : T   4.65c W   4.79c S   0.03c ( +0.7 L  +0.5) LCB   -0.04c P  7.08% WF  28.6 PSV      16 N      29  --  P16 P3 R15 S15 Q15 S14 R17 S17
C14 : T   6.31c W   6.75c S   0.24c ( +0.9 L  +0.7) LCB    3.41c P  2.88% WF  31.8 PSV      11 N      32  --  C14 R3 D5 C5 C6 C4 D6 F4
R4  : T   2.91c W   3.08c S  -0.21c ( +0.3 L  +0.4) LCB  -11.67c P  2.36% WF   6.9 PSV       3 N       7  --  R4 D15 C15 C14

2025-11-16 14:03:14-0500: = R5
2025-11-16 14:03:14-0500: Controller: play black R6
2025-11-16 14:03:14-0500: = 
2025-11-16 14:03:14-0500: Controller: genmove white
2025-11-16 14:03:14-0500: MoveNum: 7 HASH: 14E12C2B8332E28AF0748E679A6D0661
   A B C D E F G H J K L M N O P Q R S T
19 . . . . . . . . . . . . . . . . . . .
18 . . . . . . . . . . . . . . . . . . .
17 . . . O . . . . . . . . . . . . . . .
16 . . . . . . . . . . . . . . . . X . .
15 . . . . . . . . . . . . . . . . . . .
14 . . . . . . . . . . . . . . . . . . .
13 . . . . . . . . . . . . . . . . . . .
12 . . . . . . . . . . . . . . . . . . .
11 . . . . . . . . . . . . . . . . . . .
10 . . . . . . . . . . . . . . . . . . .
 9 . . . . . . . . . . . . . . . . . . .
 8 . . . . . . . . . . . . . . . . . . .
 7 . . . . . . . . . . . . . . . . . . .
 6 . . . . . . . . . . . . . . . . X3. .
 5 . . . . . . . . . . . . . . . X1O2. .
 4 . . . . . . . . . . . . . . . . @ . .
 3 . . . X . . . . . . . . . . . O . . .
 2 . . . . . . . . . . . . . . . . . . .
 1 . . . . . . . . . . . . . . . . . . .

koPOSITIONALscoreAREAtaxNONEsui1komi7.5
Time taken: 0.0749401
Root visits: 805
New playouts: 430
NN rows: 409
NN batches: 138
NN avg batch size: 2.96377
PV: R4 Q6 O3 D15 C15 C14 C16 D14 F17 C6 P17 Q14 M16 Q10 D10 G14 C8 G16 C4
Tree:
: T   7.78c W   7.34c S   0.27c ( +0.9 L  +0.7) N     805  --  R4 Q6 O3 D15 C15 C14 C16
---White(^)---
R4  : T   7.81c W   7.37c S   0.27c ( +0.9 L  +0.8) LCB    7.07c P 96.21% WF 802.1 PSV     802 N     802  --  R4 Q6 O3 D15 C15 C14 C16 D14
S5  : T  -4.57c W  -2.15c S  -0.74c ( -0.4 L  -0.1) LCB -153.65c P  2.61% WF   1.9 PSV       1 N       2  --  S5 S6

2025-11-16 14:03:14-0500: = R4
2025-11-16 14:03:14-0500: Controller: play black Q6
2025-11-16 14:03:14-0500: = 
2025-11-16 14:03:14-0500: Controller: genmove white
2025-11-16 14:03:14-0500: MoveNum: 9 HASH: F739A9155A793E43040A27440D92439D
   A B C D E F G H J K L M N O P Q R S T
19 . . . . . . . . . . . . . . . . . . .
18 . . . . . . . . . . . . . . . . . . .
17 . . . O . . . . . . . . . . . . . . .
16 . . . . . . . . . . . . . . . . X . .
15 . . . . . . . . . . . . . . . . . . .
14 . . . . . . . . . . . . . . . . . . .
13 . . . . . . . . . . . . . . . . . . .
12 . . . . . . . . . . . . . . . . . . .
11 . . . . . . . . . . . . . . . . . . .
10 . . . . . . . . . . . . . . . . . . .
 9 . . . . . . . . . . . . . . . . . . .
 8 . . . . . . . . . . . . . . . . . . .
 7 . . . . . . . . . . . . . . . . . . .
 6 . . . . . . . . . . . . . . . X3X1. .
 5 . . . . . . . . . . . . . . . X O . .
 4 . . . . . . . . . . . . . . . . O2. .
 3 . . . X . . . . . . . . . @ . O . . .
 2 . . . . . . . . . . . . . . . . . . .
 1 . . . . . . . . . . . . . . . . . . .

koPOSITIONALscoreAREAtaxNONEsui1komi7.5
Time taken: 0.0113649
Root visits: 803
New playouts: 41
NN rows: 42
NN batches: 22
NN avg batch size: 1.90909
PV: O3 D15 C15 C14 C16 D14 F17 C6 P17 Q14 M16 Q10 D10 G14 C8 G16 C4
Tree:
: T   7.51c W   7.18c S   0.23c ( +0.9 L  +0.7) N     803  --  O3 D15 C15 C14 C16 D14 F17
---White(^)---
O3  : T   8.03c W   7.61c S   0.27c ( +0.9 L  +0.8) LCB    7.22c P 49.45% WF 665.4 PSV     663 N     663  --  O3 D15 C15 C14 C16 D14 F17 C6
O4  : T   5.71c W   5.47c S   0.06c ( +0.7 L  +0.6) LCB    3.86c P 27.10% WF 119.1 PSV      90 N     121  --  O4 M3 N3 M4 O6 Q10 P16 P17
C14 : T   1.23c W   2.91c S  -0.18c ( +0.4 L  +0.4) LCB  -41.99c P  3.19% WF   3.9 PSV       4 N       4  --  C14 P3 P2 O2
C5  : T   2.70c W   4.92c S   0.05c ( +0.7 L  +0.6) LCB  -41.29c P  2.24% WF   3.9 PSV       3 N       4  --  C5 P3 P2 O2
Q16 : T  -1.20c W   2.86c S  -0.22c ( +0.3 L  +0.4) LCB -150.88c P  2.11% WF   1.9 PSV       2 N       2  --  Q16 Q17
P16 : T  -3.34c W   1.05c S  -0.33c ( +0.2 L  +0.3) LCB -153.12c P  2.25% WF   1.9 PSV       1 N       2  --  P16 P3
D5  : T  -3.29c W  -0.13c S  -0.55c ( -0.1 L  +0.1) LCB -152.57c P  1.85% WF   1.9 PSV       1 N       2  --  D5 P3
D4  : T  -0.19c W   3.44c S  -0.14c ( +0.4 L  +0.4) LCB -149.74c P  1.63% WF   2.0 PSV       1 N       2  --  D4 C4
N3  : T   1.07c W   3.54c S  -0.15c ( +0.4 L  +0.4) LCB -148.14c P  1.41% WF   2.0 PSV       1 N       2  --  N3 D15

2025-11-16 14:03:14-0500: = O3
2025-11-16 14:03:14-0500: Controller: play black D15
2025-11-16 14:03:14-0500: = 
2025-11-16 14:03:14-0500: Controller: genmove white
2025-11-16 14:03:14-0500: MoveNum: 11 HASH: 01118AA2589503B29FE684D909220366
   A B C D E F G H J K L M N O P Q R S T
19 . . . . . . . . . . . . . . . . . . .
18 . . . . . . . . . . . . . . . . . . .
17 . . . O . . . . . . . . . . . . . . .
16 . . . . . . . . . . . . . . . . X . .
15 . . @ X3. . . . . . . . . . . . . . .
14 . . . . . . . . . . . . . . . . . . .
13 . . . . . . . . . . . . . . . . . . .
12 . . . . . . . . . . . . . . . . . . .
11 . . . . . . . . . . . . . . . . . . .
10 . . . . . . . . . . . . . . . . . . .
 9 . . . . . . . . . . . . . . . . . . .
 8 . . . . . . . . . . . . . . . . . . .
 7 . . . . . . . . . . . . . . . . . . .
 6 . . . . . . . . . . . . . . . X1X . .
 5 . . . . . . . . . . . . . . . X O . .
 4 . . . . . . . . . . . . . . . . O . .
 3 . . . X . . . . . . . . . O2. O . . .
 2 . . . . . . . . . . . . . . . . . . .
 1 . . . . . . . . . . . . . . . . . . .

koPOSITIONALscoreAREAtaxNONEsui1komi7.5
Time taken: 0.0882277
Root visits: 805
New playouts: 542
NN rows: 511
NN batches: 171
NN avg batch size: 2.9883
PV: C15 C14 C16 D14 F17 C6 P17 Q14 M16 Q17 P16 Q12 Q11 P11 R12
Tree:
: T   7.18c W   7.03c S   0.25c ( +0.9 L  +0.7) N     805  --  C15 C14 C16 D14 F17 C6 P17
---White(^)---
C15 : T   7.57c W   7.37c S   0.26c ( +0.9 L  +0.8) LCB    6.48c P 48.47% WF 460.3 PSV     459 N     458  --  C15 C14 C16 D14 F17 C6 P17 Q14
P16 : T   7.42c W   6.24c S   0.20c ( +0.8 L  +0.7) LCB    4.20c P  7.94% WF  59.0 PSV      59 N      59  --  P16 E17 R15 S15 Q15 R14 S14 S13
Q10 : T   6.61c W   6.69c S   0.25c ( +0.9 L  +0.7) LCB    4.25c P  8.13% WF  69.7 PSV      40 N      70  --  Q10 E17 Q16 Q17 R15 R17 E18
C5  : T   6.84c W   6.64c S   0.25c ( +0.9 L  +0.7) LCB    4.78c P  5.93% WF  78.7 PSV      33 N      79  --  C5 C17 E4 E3 F4 G3 Q10 R13
Q16 : T   7.10c W   7.48c S   0.34c ( +1.0 L  +0.8) LCB    4.88c P  3.74% WF  74.8 PSV      24 N      75  --  Q16 Q17 R15 R17 R10 C17 Q15 O16
D5  : T   5.13c W   5.20c S   0.09c ( +0.7 L  +0.6) LCB    0.73c P  5.83% WF  21.8 PSV      17 N      22  --  D5 E17 E3 E2 E4 F2 C3
P17 : T   6.11c W   6.35c S   0.19c ( +0.8 L  +0.7) LCB    2.43c P  3.13% WF  23.8 PSV      12 N      24  --  P17 Q14 C15 C14 C16 D14 F17 D6
R10 : T   6.14c W   6.73c S   0.27c ( +0.9 L  +0.7) LCB   -6.24c P  1.25% WF   8.0 PSV       5 N       8  --  R10 E17 E18 E16 F18 C17
D4  : T   2.13c W   3.74c S  -0.08c ( +0.4 L  +0.5) LCB  -41.18c P  2.45% WF   3.9 PSV       3 N       4  --  D4 C4 E3 D5
Q9  : T   1.88c W   3.77c S  -0.09c ( +0.4 L  +0.4) LCB -147.22c P  1.30% WF   2.0 PSV       1 N       2  --  Q9 E17

2025-11-16 14:03:14-0500: = C15
2025-11-16 14:03:14-0500: Controller: play black C14
2025-11-16 14:03:14-0500: = 
2025-11-16 14:03:14-0500: Controller: genmove white
2025-11-16 14:03:14-0500: MoveNum: 13 HASH: E798AA3161D035C141FF887E2FD808F9
   A B C D E F G H J K L M N O P Q R S T
19 . . . . . . . . . . . . . . . . . . .
18 . . . . . . . . . . . . . . . . . . .
17 . . . O . . . . . . . . . . . . . . .
16 . . @ . . . . . . . . . . . . . X . .
15 . . O2X1. . . . . . . . . . . . . . .
14 . . X3. . . . . . . . . . . . . . . .
13 . . . . . . . . . . . . . . . . . . .
12 . . . . . . . . . . . . . . . . . . .
11 . . . . . . . . . . . . . . . . . . .
10 . . . . . . . . . . . . . . . . . . .
 9 . . . . . . . . . . . . . . . . . . .
 8 . . . . . . . . . . . . . . . . . . .
 7 . . . . . . . . . . . . . . . . . . .
 6 . . . . . . . . . . . . . . . X X . .
 5 . . . . . . . . . . . . . . . X O . .
 4 . . . . . . . . . . . . . . . . O . .
 3 . . . X . . . . . . . . . O . O . . .
 2 . . . . . . . . . . . . . . . . . . .
 1 . . . . . . . . . . . . . . . . . . .

koPOSITIONALscoreAREAtaxNONEsui1komi7.5
Time taken: 0.0627438
Root visits: 805
New playouts: 394
NN rows: 363
NN batches: 122
NN avg batch size: 2.97541
PV: C16 D14 F17 C6 P17 Q15 N16 Q10 D10 G15 C8 L17 R18 N18
Tree:
: T   7.04c W   6.95c S   0.20c ( +0.8 L  +0.7) N     805  --  C16 D14 F17 C6 P17 Q15 N16
---White(^)---
C16 : T   7.08c W   6.98c S   0.20c ( +0.8 L  +0.7) LCB    6.24c P 96.74% WF 799.3 PSV     799 N     800  --  C16 D14 F17 C6 P17 Q15 N16 Q10
B15 : T  -0.29c W   3.05c S  -0.20c ( +0.3 L  +0.4) LCB  -43.98c P  2.33% WF   3.9 PSV       2 N       4  --  B15 B14 D14 E15

2025-11-16 14:03:14-0500: = C16
2025-11-16 14:03:14-0500: Controller: play black D14
2025-11-16 14:03:14-0500: = 
2025-11-16 14:03:14-0500: Controller: genmove white
2025-11-16 14:03:14-0500: MoveNum: 15 HASH: 0B6EA0C5796C44BD00474424A8262FC6
   A B C D E F G H J K L M N O P Q R S T
19 . . . . . . . . . . . . . . . . . . .
18 . . . . . . . . . . . . . . . . . . .
17 . . . O . @ . . . . . . . . . . . . .
16 . . O2. . . . . . . . . . . . . X . .
15 . . O X . . . . . . . . . . . . . . .
14 . . X1X3. . . . . . . . . . . . . . .
13 . . . . . . . . . . . . . . . . . . .
12 . . . . . . . . . . . . . . . . . . .
11 . . . . . . . . . . . . . . . . . . .
10 . . . . . . . . . . . . . . . . . . .
 9 . . . . . . . . . . . . . . . . . . .
 8 . . . . . . . . . . . . . . . . . . .
 7 . . . . . . . . . . . . . . . . . . .
 6 . . . . . . . . . . . . . . . X X . .
 5 . . . . . . . . . . . . . . . X O . .
 4 . . . . . . . . . . . . . . . . O . .
 3 . . . X . . . . . . . . . O . O . . .
 2 . . . . . . . . . . . . . . . . . . .
 1 . . . . . . . . . . . . . . . . . . .

koPOSITIONALscoreAREAtaxNONEsui1komi7.5
Time taken: 0.0127319
Root visits: 805
New playouts: 56
NN rows: 53
NN batches: 18
NN avg batch size: 2.94444
PV: F17 C6 P17 Q15 M16 Q10 D10 G14 C8 O15 N17 G16
Tree:
: T   6.81c W   6.78c S   0.21c ( +0.8 L  +0.7) N     805  --  F17 C6 P17 Q15 M16 Q10 D10
---White(^)---
F17 : T   7.19c W   7.17c S   0.24c ( +0.8 L  +0.7) LCB    6.14c P 52.74% WF 596.5 PSV     595 N     595  --  F17 C6 P17 Q15 M16 Q10 D10 G14
F16 : T   6.34c W   6.18c S   0.15c ( +0.7 L  +0.7) LCB    4.63c P 23.87% WF 136.3 PSV     137 N     137  --  F16 H17 G17 H16 F14 C10 P16 M17
D5  : T   5.72c W   5.36c S   0.09c ( +0.6 L  +0.6) LCB    2.35c P  3.27% WF  25.8 PSV      14 N      26  --  D5 E17 E18 F18 E16 F17 D16 G15
C5  : T   4.54c W   4.55c S   0.01c ( +0.5 L  +0.6) LCB   -2.28c P  3.38% WF  16.0 PSV      10 N      17  --  C5 E17 E18 F18 E16 F17 D16 G15
Q16 : T   4.86c W   5.10c S   0.04c ( +0.6 L  +0.6) LCB   -1.38c P  2.40% WF  10.9 PSV       7 N      11  --  Q16 Q17 R15 P16 Q15 R17 R11 E17
P17 : T   6.20c W   6.13c S   0.15c ( +0.7 L  +0.7) LCB   -3.76c P  1.22% WF   8.0 PSV       6 N       8  --  P17 Q14 F17 C6 M16 D10 Q10 Q12
G17 : T   2.58c W   3.60c S  -0.12c ( +0.4 L  +0.4) LCB  -41.64c P  1.46% WF   3.9 PSV       2 N       4  --  G17 C6 P16 P17
P16 : T  -2.81c W   0.70c S  -0.37c ( +0.1 L  +0.2) LCB -152.24c P  1.94% WF   1.9 PSV       1 N       2  --  P16 E17
Q10 : T  -5.17c W  -1.26c S  -0.58c ( -0.2 L  +0.0) LCB -154.67c P  1.85% WF   1.9 PSV       1 N       2  --  Q10 E17
D4  : T  -0.11c W   2.34c S  -0.27c ( +0.2 L  +0.4) LCB -149.29c P  1.17% WF   2.0 PSV       1 N       2  --  D4 C4

2025-11-16 14:03:14-0500: = F17
2025-11-16 14:03:14-0500: Controller: play black C6
2025-11-16 14:03:14-0500: = 
2025-11-16 14:03:14-0500: Controller: genmove white
2025-11-16 14:03:15-0500: MoveNum: 17 HASH: A18A5DF670FFC6DD08684A06E666C04F
   A B C D E F G H J K L M N O P Q R S T
19 . . . . . . . . . . . . . . . . . . .
18 . . . . . . . . . . . . . . . . . . .
17 . . . O . O2. . . . . . . . @ . . . .
16 . . O . . . . . . . . . . . . . X . .
15 . . O X . . . . . . . . . . . . . . .
14 . . X X1. . . . . . . . . . . . . . .
13 . . . . . . . . . . . . . . . . . . .
12 . . . . . . . . . . . . . . . . . . .
11 . . . . . . . . . . . . . . . . . . .
10 . . . . . . . . . . . . . . . . . . .
 9 . . . . . . . . . . . . . . . . . . .
 8 . . . . . . . . . . . . . . . . . . .
 7 . . . . . . . . . . . . . . . . . . .
 6 . . X3. . . . . . . . . . . . X X . .
 5 . . . . . . . . . . . . . . . X O . .
 4 . . . . . . . . . . . . . . . . O . .
 3 . . . X . . . . . . . . . O . O . . .
 2 . . . . . . . . . . . . . . . . . . .
 1 . . . . . . . . . . . . . . . . . . .

koPOSITIONALscoreAREAtaxNONEsui1komi7.5
Time taken: 0.117634
Root visits: 805
New playouts: 378
NN rows: 371
NN batches: 124
NN avg batch size: 2.99194
PV: P17 Q15 N16 Q10 D10 G14 C8 G16 G17 J16 R18 O14
Tree:
: T   6.96c W   6.98c S   0.24c ( +0.8 L  +0.7) N     805  --  P17 Q15 N16 Q10 D10 G14 C8
---White(^)---
P17 : T   7.59c W   7.46c S   0.29c ( +0.9 L  +0.7) LCB    6.45c P 11.57% WF 340.7 PSV     506 N     339  --  P17 Q15 N16 Q10 D10 G14 C8 G16
P16 : T   6.26c W   6.75c S   0.22c ( +0.8 L  +0.7) LCB    3.51c P 36.92% WF 172.8 PSV     174 N     174  --  P16 P17 O17 Q17 O16 Q14 Q12 O14
Q10 : T   6.02c W   6.20c S   0.16c ( +0.7 L  +0.6) LCB    4.00c P 18.35% WF 120.0 PSV     103 N     121  --  Q10 R13 Q16 R17 Q15 R15 D10 M16
Q16 : T   9.01c W   8.43c S   0.38c ( +1.0 L  +0.8) LCB    6.16c P  4.73% WF  95.2 PSV      94 N      94  --  Q16 Q17 R15 R17 R10 R13 P10 N6
D10 : T   5.79c W   5.50c S   0.09c ( +0.6 L  +0.5) LCB    4.13c P  7.56% WF  48.6 PSV      38 N      49  --  D10 O17 Q10 Q12 O10 N6 C8
R10 : T   4.12c W   4.05c S  -0.07c ( +0.4 L  +0.4) LCB   -7.42c P  2.43% WF   7.9 PSV       6 N       8  --  R10 R13 Q16 Q17 R15
Q11 : T   2.23c W   1.93c S  -0.28c ( +0.2 L  +0.3) LCB  -25.56c P  2.72% WF   4.9 PSV       5 N       5  --  Q11 R13 Q8 N6
R9  : T   2.19c W   4.69c S  -0.00c ( +0.5 L  +0.5) LCB  -41.24c P  1.25% WF   3.9 PSV       2 N       4  --  R9 R12 P9 N6
R11 : T   3.72c W   4.31c S  -0.03c ( +0.5 L  +0.4) LCB  -39.46c P  0.96% WF   4.0 PSV       2 N       4  --  R11 R13 Q8 N6
D12 : T  -0.07c W   2.53c S  -0.20c ( +0.3 L  +0.3) LCB -149.29c P  1.44% WF   2.0 PSV       1 N       2  --  D12 G14

2025-11-16 14:03:15-0500: = P17
2025-11-16 14:03:15-0500: Controller: play black Q14
2025-11-16 14:03:15-0500: = 
2025-11-16 14:03:15-0500: Controller: genmove white
2025-11-16 14:03:15-0500: MoveNum: 19 HASH: 22EBBEAEB1DE49497DB95DFE1C98F39E
   A B C D E F G H J K L M N O P Q R S T
19 . . . . . . . . . . . . . . . . . . .
18 . . . . . . . . . . . . . . . . . . .
17 . . . O . O . . . . . . . . O2. . . .
16 . . O . . . . . . . . . . . . . X . .
15 . . O X . . . . . . . . . . . . . . .
14 . . X X . . . . . . . . . . . X3. . .
13 . . . . . . . . . . . . . . . . . . .
12 . . . . . . . . . . . . . . . . . . .
11 . . . . . . . . . . . . . . . . . . .
10 . . . @ . . . . . . . . . . . . . . .
 9 . . . . . . . . . . . . . . . . . . .
 8 . . . . . . . . . . . . . . . . . . .
 7 . . . . . . . . . . . . . . . . . . .
 6 . . X1. . . . . . . . . . . . X X . .
 5 . . . . . . . . . . . . . . . X O . .
 4 . . . . . . . . . . . . . . . . O . .
 3 . . . X . . . . . . . . . O . O . . .
 2 . . . . . . . . . . . . . . . . . . .
 1 . . . . . . . . . . . . . . . . . . .

koPOSITIONALscoreAREAtaxNONEsui1komi7.5
Time taken: 0.158721
Root visits: 805
New playouts: 680
NN rows: 627
NN batches: 210
NN avg batch size: 2.98571
PV: D10 N17 Q10 Q12 O10 N6 R17 S17 Q16 R18 R15
Tree:
: T   7.86c W   7.87c S   0.28c ( +1.0 L  +0.8) N     805  --  D10 N17 Q10 Q12 O10 N6 R17
---White(^)---
D10 : T   8.76c W   8.77c S   0.39c ( +1.1 L  +0.9) LCB    7.52c P 15.78% WF 285.8 PSV     430 N     284  --  D10 N17 Q10 Q12 O10 N6 R17 S17
Q10 : T   6.99c W   7.04c S   0.20c ( +0.9 L  +0.7) LCB    4.72c P 29.72% WF 142.8 PSV     134 N     144  --  Q10 Q12 O10 N6 O5 O6 D10 F10
M16 : T   8.37c W   8.16c S   0.28c ( +1.0 L  +0.8) LCB    6.90c P 12.05% WF 246.7 PSV     130 N     246  --  M16 Q10 D10 D8 F10 G14 F15 F14
S8  : T   6.90c W   6.99c S   0.18c ( +0.8 L  +0.7) LCB    2.18c P  3.80% WF  40.7 PSV      16 N      41  --  S8 Q4 R3 Q9 Q8 P8 R9 Q7
Q8  : T   6.23c W   5.53c S   0.05c ( +0.7 L  +0.6) LCB    1.63c P  3.79% WF  20.8 PSV      12 N      21  --  Q8 N6 S8 N4 N3 L4 R12
R9  : T   9.90c W   8.31c S   0.34c ( +1.0 L  +0.8) LCB    2.40c P  2.57% WF  12.1 PSV      12 N      12  --  R9 R11 Q11 R12 P9
R17 : T   2.48c W   5.10c S  -0.06c ( +0.5 L  +0.6) LCB  -10.30c P  3.56% WF  10.7 PSV       5 N      11  --  R17 S17 Q16 R18 R15 Q17
C12 : T   5.55c W   5.71c S   0.06c ( +0.7 L  +0.6) LCB  -10.11c P  1.43% WF   6.9 PSV       4 N       7  --  C12 G14 C9 G16
Q9  : T   3.73c W   5.10c S   0.01c ( +0.6 L  +0.6) LCB  -16.02c P  2.21% WF   5.9 PSV       4 N       6  --  Q9 Q11 O9 N6 O5 O6
Q11 : T   5.59c W   6.24c S   0.09c ( +0.7 L  +0.6) LCB  -14.14c P  1.70% WF   5.9 PSV       4 N       6  --  Q11 Q9 O11 Q17 D10 G14

2025-11-16 14:03:15-0500: = D10
2025-11-16 14:03:15-0500: Controller: play black N17
2025-11-16 14:03:15-0500: = 
2025-11-16 14:03:15-0500: Controller: genmove white
2025-11-16 14:03:15-0500: MoveNum: 21 HASH: 27439B9FA02B5AC3519728F9221CA9C2
   A B C D E F G H J K L M N O P Q R S T
19 . . . . . . . . . . . . . . . . . . .
18 . . . . . . . . . . . . . . . . . . .
17 . . . O . O . . . . . . X3. O . . . .
16 . . O . . . . . . . . . . . . . X . .
15 . . O X . . . . . . . . . . . . . . .
14 . . X X . . . . . . . . . . . X1. . .
13 . . . . . . . . . . . . . . . . . . .
12 . . . . . . . . . . . . . . . . . . .
11 . . . . . . . . . . . . . . . . . . .
10 . . . O2. . . . . . . . . . . @ . . .
 9 . . . . . . . . . . . . . . . . . . .
 8 . . . . . . . . . . . . . . . . . . .
 7 . . . . . . . . . . . . . . . . . . .
 6 . . X . . . . . . . . . . . . X X . .
 5 . . . . . . . . . . . . . . . X O . .
 4 . . . . . . . . . . . . . . . . O . .
 3 . . . X . . . . . . . . . O . O . . .
 2 . . . . . . . . . . . . . . . . . . .
 1 . . . . . . . . . . . . . . . . . . .

koPOSITIONALscoreAREAtaxNONEsui1komi7.5
Time taken: 0.151374
Root visits: 805
New playouts: 705
NN rows: 678
NN batches: 226
NN avg batch size: 3
PV: Q10 O10 O9 N9 O8 P10 Q9 P9 P8 Q8 R8 Q7
Tree:
: T   7.39c W   7.47c S   0.18c ( +0.9 L  +0.8) N     805  --  Q10 O10 O9 N9 O8 P10 Q9
---White(^)---
Q10 : T   8.08c W   8.19c S   0.25c ( +1.0 L  +0.8) LCB    6.50c P 20.19% WF 287.2 PSV     286 N     286  --  Q10 O10 O9 N9 O8 P10 Q9 P9
C8  : T   8.60c W   8.54c S   0.28c ( +1.1 L  +0.9) LCB    6.42c P 16.61% WF 182.4 PSV     181 N     181  --  C8 G14 Q10 Q12 O10 N6 R17 S17
F11 : T   4.84c W   5.38c S  -0.05c ( +0.7 L  +0.6) LCB    1.84c P 11.55% WF  41.3 PSV      32 N      42  --  F11 G14 Q10 G16 G17 J16 R12 D8
R17 : T   4.12c W   4.75c S  -0.13c ( +0.6 L  +0.5) LCB   -0.91c P 11.69% WF  32.3 PSV      27 N      33  --  R17 S17 Q16 R15 C8 N15 L17 G14
R10 : T   7.79c W   7.54c S   0.20c ( +1.0 L  +0.8) LCB    4.73c P  1.66% WF  93.1 PSV      17 N      93  --  R10 R12 R17 S17 S16 S15 Q16 T16
S8  : T   7.58c W   6.98c S   0.14c ( +0.9 L  +0.7) LCB    3.84c P  1.39% WF  43.0 PSV      12 N      43  --  S8 R8 R9 Q8 R12 Q9 R10 R13
C12 : T   2.11c W   2.98c S  -0.28c ( +0.4 L  +0.4) LCB   -4.01c P  6.28% WF  11.7 PSV      10 N      12  --  C12 D12 D11 E12 F11 G13 C8
R9  : T   6.93c W   7.08c S   0.15c ( +0.9 L  +0.7) LCB    1.11c P  1.21% WF  39.2 PSV       7 N      40  --  R9 R11 P9 N6 O5 O6 N8 M4
R8  : T   7.01c W   6.89c S   0.10c ( +0.9 L  +0.7) LCB    2.79c P  1.25% WF  31.6 PSV       7 N      32  --  R8 Q11 P10 N6 Q10 R11
Q8  : T   5.62c W   6.17c S   0.05c ( +0.8 L  +0.6) LCB   -0.63c P  2.25% WF  12.9 PSV       7 N      13  --  Q8 Q10 S8 S7 O8 N6 R9

2025-11-16 14:03:15-0500: = Q10
2025-11-16 14:03:15-0500: Controller: play black Q12
2025-11-16 14:03:15-0500: = 
2025-11-16 14:03:15-0500: Controller: genmove white
2025-11-16 14:03:15-0500: MoveNum: 23 HASH: 3F8DB5826A403E6115C31D2531BDF0A9
   A B C D E F G H J K L M N O P Q R S T
19 . . . . . . . . . . . . . . . . . . .
18 . . . . . . . . . . . . . . . . . . .
17 . . . O . O . . . . . . X1. O . . . .
16 . . O . . . . . . . . . . . . . X . .
15 . . O X . . . . . . . . . . . . . . .
14 . . X X . . . . . . . . . . . X . . .
13 . . . . . . . . . . . . . . . . . . .
12 . . . . . . . . . . . . . . . X3. . .
11 . . . . . . . . . . . . . . . . . . .
10 . . . O . . . . . . . . . . . O2. . .
 9 . . . . . . . . . . . . . . . . . . .
 8 . . @ . . . . . . . . . . . . . . . .
 7 . . . . . . . . . . . . . . . . . . .
 6 . . X . . . . . . . . . . . . X X . .
 5 . . . . . . . . . . . . . . . X O . .
 4 . . . . . . . . . . . . . . . . O . .
 3 . . . X . . . . . . . . . O . O . . .
 2 . . . . . . . . . . . . . . . . . . .
 1 . . . . . . . . . . . . . . . . . . .

koPOSITIONALscoreAREAtaxNONEsui1komi7.5
Time taken: 0.107076
Root visits: 805
New playouts: 700
NN rows: 561
NN batches: 188
NN avg batch size: 2.98404
PV: C8 N6 O10 N4 N3 L4 R17 S17 Q16 R15 S18
Tree:
: T   6.44c W   7.01c S   0.17c ( +0.9 L  +0.7) N     805  --  C8 N6 O10 N4 N3 L4 R17
---White(^)---
C8  : T   7.74c W   7.82c S   0.27c ( +1.0 L  +0.8) LCB    5.51c P  3.24% WF 153.3 PSV     325 N     152  --  C8 N6 O10 N4 N3 L4 R17 S17
O10 : T   7.03c W   7.52c S   0.22c ( +1.0 L  +0.8) LCB    5.37c P 31.87% WF 287.9 PSV     287 N     287  --  O10 N6 C8 N4 N3 L4 R17 S17
R17 : T   5.46c W   6.75c S   0.14c ( +0.9 L  +0.7) LCB    1.94c P 16.73% WF 130.5 PSV      68 N     132  --  R17 S17 O10 N6 Q16 R18 Q18 Q17
R8  : T   4.71c W   5.48c S   0.02c ( +0.7 L  +0.6) LCB    1.48c P  8.68% WF  44.5 PSV      28 N      45  --  R8 N6 R17 S17 Q16 R18 Q18
F11 : T   7.33c W   7.48c S   0.23c ( +1.0 L  +0.7) LCB    4.16c P  2.23% WF 105.5 PSV      26 N     105  --  F11 G14 R17 S17 S16 S15 Q16 T16
O9  : T   4.15c W   4.83c S  -0.06c ( +0.6 L  +0.5) LCB   -1.29c P  5.65% WF  25.7 PSV      15 N      26  --  O9 N6 O5 O6 P7 Q8 R12
P13 : T   4.82c W   6.12c S   0.07c ( +0.8 L  +0.6) LCB   -1.97c P  2.19% WF  15.9 PSV       7 N      16  --  P13 P12 O10 N6 R17 S17
Q8  : T   0.13c W   1.91c S  -0.36c ( +0.2 L  +0.3) LCB  -11.18c P  5.22% WF   7.8 PSV       7 N       8  --  Q8 N6 N9 N4 N3
R12 : T   2.60c W   4.76c S  -0.06c ( +0.6 L  +0.5) LCB  -10.91c P  2.70% WF   7.9 PSV       5 N       8  --  R12 R13 R17 S17 Q16 R18 Q18
N9  : T   1.36c W   3.28c S  -0.22c ( +0.4 L  +0.4) LCB  -19.99c P  2.53% WF   4.9 PSV       4 N       5  --  N9 N6 O11 N4

2025-11-16 14:03:15-0500: = C8
2025-11-16 14:03:15-0500: Controller: play black O10
2025-11-16 14:03:15-0500: = 
2025-11-16 14:03:15-0500: Controller: genmove white
2025-11-16 14:03:16-0500: MoveNum: 25 HASH: 11E3E3E3B5B444A4C45034340554ED42
   A B C D E F G H J K L M N O P Q R S T
19 . . . . . . . . . . . . . . . . . . .
18 . . . . . . . . . . . . . . . . . . .
17 . . . O . O . . . . . . X . O . @ . .
16 . . O . . . . . . . . . . . . . X . .
15 . . O X . . . . . . . . . . . . . . .
14 . . X X . . . . . . . . . . . X . . .
13 . . . . . . . . . . . . . . . . . . .
12 . . . . . . . . . . . . . . . X1. . .
11 . . . . . . . . . . . . . . . . . . .
10 . . . O . . . . . . . . . X3. O . . .
 9 . . . . . . . . . . . . . . . . . . .
 8 . . O2. . . . . . . . . . . . . . . .
 7 . . . . . . . . . . . . . . . . . . .
 6 . . X . . . . . . . . . . . . X X . .
 5 . . . . . . . . . . . . . . . X O . .
 4 . . . . . . . . . . . . . . . . O . .
 3 . . . X . . . . . . . . . O . O . . .
 2 . . . . . . . . . . . . . . . . . . .
 1 . . . . . . . . . . . . . . . . . . .

koPOSITIONALscoreAREAtaxNONEsui1komi7.5
Time taken: 0.124752
Root visits: 805
New playouts: 765
NN rows: 718
NN batches: 241
NN avg batch size: 2.97925
PV: R17 S17 P8 R8 S16 S15 Q16 T16
Tree:
: T   4.24c W   4.66c S  -0.13c ( +0.6 L  +0.5) N     805  --  R17 S17 P8 R8 S16 S15 Q16
---White(^)---
R17 : T   5.61c W   6.04c S   0.01c ( +0.8 L  +0.6) LCB    3.28c P 16.39% WF 330.5 PSV     327 N     327  --  R17 S17 P8 R8 S16 S15 Q16 T16
P11 : T   3.94c W   3.86c S  -0.21c ( +0.5 L  +0.4) LCB    0.27c P 19.61% WF 165.2 PSV     110 N     166  --  P11 N12 P13 P12 O11 N11 O12 O13
P8  : T   3.72c W   4.28c S  -0.17c ( +0.6 L  +0.5) LCB    0.71c P  7.02% WF  74.6 PSV      36 N      75  --  P8 N4 O4 O5 N5 O6 M5 O8
R12 : T   0.77c W   2.00c S  -0.41c ( +0.3 L  +0.3) LCB   -5.79c P 12.42% WF  37.2 PSV      29 N      38  --  R12 R13 R17 S17 S16 Q17 R18 Q16
L17 : T   4.28c W   4.02c S  -0.20c ( +0.5 L  +0.5) LCB    0.14c P  3.32% WF  33.9 PSV      21 N      34  --  L17 G14 R17 S17 Q16 R18 R15
Q8  : T   2.21c W   2.99c S  -0.30c ( +0.4 L  +0.4) LCB   -2.58c P  5.89% WF  26.7 PSV      19 N      27  --  Q8 O8 P7 O4 P4 O6 O7
O9  : T   1.85c W   2.50c S  -0.36c ( +0.3 L  +0.3) LCB   -5.52c P  6.32% WF  27.6 PSV      18 N      28  --  O9 P9 P10 O11 P8 Q9 Q8 R9
P13 : T   9.64c W   7.58c S   0.17c ( +1.0 L  +0.7) LCB   -0.81c P  0.95% WF  15.3 PSV      15 N      15  --  P13 P12 R17 S17 Q16 R15 S18 R18
G15 : T   3.87c W   5.10c S  -0.10c ( +0.7 L  +0.5) LCB    0.15c P  2.18% WF  34.9 PSV      11 N      35  --  G15 D11 C11 C12 E11 D12 C10 E10
C12 : T   1.45c W   2.63c S  -0.35c ( +0.4 L  +0.4) LCB   -4.90c P  3.71% WF  12.8 PSV      10 N      13  --  C12 D12 D11 E12 F11 G13 R17 S17

2025-11-16 14:03:16-0500: = R17
2025-11-16 14:03:16-0500: Controller: play black S17
2025-11-16 14:03:16-0500: = 
2025-11-16 14:03:16-0500: Controller: genmove white
2025-11-16 14:03:16-0500: MoveNum: 27 HASH: 7CC5334F4874D06C5BA1E699A9808E13
   A B C D E F G H J K L M N O P Q R S T
19 . . . . . . . . . . . . . . . . . . .
18 . . . . . . . . . . . . . . . . . . .
17 . . . O . O . . . . . . X . O . O2X3.
16 . . O . . . . . . . . . . . . . X . .
15 . . O X . . . . . . . . . . . . . . .
14 . . X X . . . . . . . . . . . X . . .
13 . . . . . . . . . . . . . . . . . . .
12 . . . . . . . . . . . . . . . X . . .
11 . . . . . . . . . . . . . . @ . . . .
10 . . . O . . . . . . . . . X1. O . . .
 9 . . . . . . . . . . . . . . . . . . .
 8 . . O . . . . . . . . . . . . . . . .
 7 . . . . . . . . . . . . . . . . . . .
 6 . . X . . . . . . . . . . . . X X . .
 5 . . . . . . . . . . . . . . . X O . .
 4 . . . . . . . . . . . . . . . . O . .
 3 . . . X . . . . . . . . . O . O . . .
 2 . . . . . . . . . . . . . . . . . . .
 1 . . . . . . . . . . . . . . . . . . .

koPOSITIONALscoreAREAtaxNONEsui1komi7.5
Time taken: 0.0862575
Root visits: 805
New playouts: 485
NN rows: 428
NN batches: 144
NN avg batch size: 2.97222
PV: P11 O13 O11 M10 M11 L11 N11
Tree:
: T   5.25c W   5.86c S   0.21c ( +0.8 L  +0.6) N     805  --  P11 O13 O11 M10 M11 L11 N11
---White(^)---
P11 : T   6.45c W   6.56c S   0.28c ( +0.9 L  +0.7) LCB    3.29c P  0.52% WF  90.6 PSV     332 N      90  --  P11 O13 O11 M10 M11 L11 N11
Q16 : T   5.16c W   5.89c S   0.22c ( +0.8 L  +0.6) LCB    2.68c P 23.55% WF 235.4 PSV     236 N     236  --  Q16 R18 Q18 Q17 M16 Q15 R17 P4
S16 : T   6.66c W   6.69c S   0.29c ( +0.9 L  +0.8) LCB    0.75c P 31.69% WF 176.7 PSV     175 N     175  --  S16 Q16 S15 Q17 R18 Q18 S18 S13
G15 : T   6.58c W   6.85c S   0.31c ( +0.9 L  +0.7) LCB    1.52c P  1.21% WF  96.7 PSV      96 N      96  --  G15 C12 Q16 R18 Q18 Q17 C11 E11
P8  : T   5.00c W   6.06c S   0.23c ( +0.8 L  +0.6) LCB    1.03c P  1.73% WF  73.6 PSV      15 N      75  --  P8 R8 Q16 R18 Q18 Q17 D4 C4
S18 : T  -5.99c W  -2.85c S  -0.73c ( -0.4 L  -0.0) LCB  -16.10c P 13.00% WF  14.2 PSV      15 N      15  --  S18 Q17 R18 Q16 Q18 O8 P16 O18
L17 : T   3.71c W   4.80c S   0.10c ( +0.7 L  +0.5) LCB   -2.01c P  2.59% WF  30.7 PSV      13 N      31  --  L17 N15 Q16 R18 Q18 Q17 G14
Q8  : T   1.39c W   3.21c S  -0.04c ( +0.5 L  +0.4) LCB   -7.84c P  3.68% WF  10.8 PSV      10 N      11  --  Q8 P4 N2 O8 P7 O4
S8  : T   4.54c W   4.46c S   0.08c ( +0.6 L  +0.5) LCB   -3.75c P  1.24% WF  18.9 PSV       8 N      19  --  S8 S7 Q8 P4 N2 O8
P13 : T   1.93c W   4.96c S   0.11c ( +0.7 L  +0.5) LCB   -8.42c P  2.81% WF  14.7 PSV       8 N      15  --  P13 P12 Q16 R15 S18 R18 Q18 Q17

2025-11-16 14:03:16-0500: = P11
2025-11-16 14:03:16-0500: Controller: play black N12
2025-11-16 14:03:16-0500: = 
2025-11-16 14:03:16-0500: Controller: genmove white
2025-11-16 14:03:16-0500: MoveNum: 29 HASH: EE3EA65CAF648D74B2E1E0E378C1952C
   A B C D E F G H J K L M N O P Q R S T
19 . . . . . . . . . . . . . . . . . . .
18 . . . . . . . . . . . . . . . . . . .
17 . . . O . O . . . . . . X . O . O X1.
16 . . O . . . . . . . . . . . . . X . .
15 . . O X . . . . . . . . . . . . . . .
14 . . X X . . . . . . . . . . . X . . .
13 . . . . . . . . . . . . . . . . . . .
12 . . . . . . . . . . . . X3. . X . . .
11 . . . . . . . . . . . . . . O2. . . .
10 . . . O . . . . . . . . . X . O . . .
 9 . . . . . . . . . . . . . . . . . . .
 8 . . O . . . . . . . . . . . @ . . . .
 7 . . . . . . . . . . . . . . . . . . .
 6 . . X . . . . . . . . . . . . X X . .
 5 . . . . . . . . . . . . . . . X O . .
 4 . . . . . . . . . . . . . . . . O . .
 3 . . . X . . . . . . . . . O . O . . .
 2 . . . . . . . . . . . . . . . . . . .
 1 . . . . . . . . . . . . . . . . . . .

koPOSITIONALscoreAREAtaxNONEsui1komi7.5
Time taken: 0.120311
Root visits: 804
New playouts: 776
NN rows: 661
NN batches: 223
NN avg batch size: 2.96413
PV: P8 N6 N8 N4 N3 R8 O11
Tree:
: T   1.77c W   2.77c S  -0.23c ( +0.4 L  +0.3) N     804  --  P8 N6 N8 N4 N3 R8 O11
---White(^)---
P8  : T   4.17c W   4.28c S  -0.07c ( +0.6 L  +0.5) LCB    0.69c P  3.64% WF  85.2 PSV     484 N      84  --  P8 N6 N8 N4 N3 R8 O11
P13 : T   2.36c W   3.82c S  -0.12c ( +0.5 L  +0.4) LCB   -0.65c P 27.52% WF 275.2 PSV     274 N     275  --  P13 P12 O11 N11 O12 O13 Q8 N9
R8  : T   2.82c W   2.82c S  -0.23c ( +0.4 L  +0.3) LCB   -0.53c P  6.19% WF  86.5 PSV      86 N      86  --  R8 P4 P3 O8 P13 P12 O11 O12
Q8  : T   1.43c W   1.90c S  -0.34c ( +0.3 L  +0.3) LCB   -1.42c P 10.40% WF 116.6 PSV      62 N     117  --  Q8 Q4 R3 N4 O4 O5 N5 O6
O11 : T   1.26c W   2.82c S  -0.20c ( +0.4 L  +0.3) LCB   -2.84c P  8.52% WF 104.3 PSV      47 N     105  --  O11 N11 P13 P12 O12 O13 Q8 N9
Q16 : T  -0.83c W   1.91c S  -0.32c ( +0.3 L  +0.3) LCB   -8.65c P  8.33% WF  26.4 PSV      25 N      27  --  Q16 R15 P13 P12 O11 N11 O12 O13
P12 : T   0.85c W   1.83c S  -0.34c ( +0.3 L  +0.3) LCB   -6.35c P  4.37% WF  40.7 PSV      20 N      41  --  P12 O14 N11 O11 O12 N13 P8 R8
S8  : T   0.96c W   0.67c S  -0.46c ( +0.1 L  +0.2) LCB   -4.09c P  3.97% WF  45.7 PSV      19 N      46  --  S8 S7 R8 P4 N2 P8 P13 Q13
S16 : T  -7.47c W  -4.53c S  -1.02c ( -0.6 L  -0.3) LCB  -24.82c P  8.07% WF  11.5 PSV       9 N      12  --  S16 Q17 R18 Q16 S18 S15 T17
O13 : T -12.27c W  -6.98c S  -1.21c ( -0.9 L  -0.6) LCB  -34.74c P  6.02% WF   5.7 PSV       5 N       6  --  O13 O12 P12 P13 Q8 P4

2025-11-16 14:03:16-0500: = P8
2025-11-16 14:03:16-0500: Controller: play black Q4
2025-11-16 14:03:16-0500: = 
2025-11-16 14:03:16-0500: Controller: genmove white
2025-11-16 14:03:16-0500: MoveNum: 31 HASH: 2E09FD15318890AE34DDCADA28E255B8
   A B C D E F G H J K L M N O P Q R S T
19 . . . . . . . . . . . . . . . . . . .
18 . . . . . . . . . . . . . . . . . . .
17 . . . O . O . . . . . . X . O . O X .
16 . . O . . . . . . . . . . . . . X . .
15 . . O X . . . . . . . . . . . . . . .
14 . . X X . . . . . . . . . . . X . . .
13 . . . . . . . . . . . . . . . . . . .
12 . . . . . . . . . . . . X1. . X . . .
11 . . . . . . . . . . . . . . O . . . .
10 . . . O . . . . . . . . . X . O . . .
 9 . . . . . . . . . . . . . . . . . . .
 8 . . O . . . . . . . . . . . O2. . . .
 7 . . . . . . . . . . . . . . . . . . .
 6 . . X . . . . . . . . . . . . X X . .
 5 . . . . . . . . . . . . . . . X O . .
 4 . . . . . . . . . . . . . . . X3O . .
 3 . . . X . . . . . . . . . O . O @ . .
 2 . . . . . . . . . . . . . . . . . . .
 1 . . . . . . . . . . . . . . . . . . .

koPOSITIONALscoreAREAtaxNONEsui1komi7.5
Time taken: 0.154036
Root visits: 805
New playouts: 805
NN rows: 789
NN batches: 265
NN avg batch size: 2.97736
PV: R3 R8 Q16 R18 O11 N11 N10 O9 P13 M10 Q13
Tree:
: T  -0.01c W   0.42c S   0.53c ( +0.1 L  +0.1) N     805  --  R3 R8 Q16 R18 O11 N11 N10
---White(^)---
R3  : T   0.97c W   1.43c S   0.64c ( +0.2 L  +0.2) LCB   -1.10c P 50.15% WF 534.7 PSV     531 N     530  --  R3 R8 Q16 R18 O11 N11 N10 O9
R2  : T  -0.63c W  -0.18c S   0.45c ( -0.0 L  +0.1) LCB   -4.03c P 28.91% WF 207.2 PSV     143 N     209  --  R2 O4 N4 N3 O5 P4 P3 N5
P3  : T  -3.49c W  -3.79c S   0.04c ( -0.6 L  -0.3) LCB  -11.14c P 12.01% WF  46.8 PSV      30 N      48  --  P3 R3 S3 R2 S2 S6 S4 O7
P4  : T -19.19c W -18.11c S  -1.38c ( -2.4 L  -1.5) LCB -168.13c P  3.44% WF   1.9 PSV       2 N       2  --  P4 R3
Q16 : T  -9.88c W  -9.04c S  -0.48c ( -1.2 L  -0.7) LCB  -27.25c P  0.93% WF   7.7 PSV       1 N       8  --  Q16 R3 S3
S16 : T -13.21c W -12.30c S  -0.77c ( -1.6 L  -0.9) LCB -162.15c P  1.02% WF   1.9 PSV       0 N       2  --  S16 S15
S3  : T -24.79c W -17.89c S  -1.41c ( -2.4 L  -1.6) LCB -175.24c P  0.39% WF   1.9 PSV       0 N       2  --  S3 O4
R8  : T -15.82c W -14.74c S  -1.08c ( -2.0 L  -1.4) LCB -365.82c P  1.16% WF   1.0 PSV       0 N       1  --  R8
D4  : T -31.19c W -28.40c S  -2.79c ( -4.3 L  -3.0) LCB -381.19c P  0.19% WF   0.9 PSV       0 N       1  --  D4

2025-11-16 14:03:16-0500: = R3
2025-11-16 14:03:16-0500: Controller: play black R8
2025-11-16 14:03:16-0500: = 
2025-11-16 14:03:16-0500: Controller: genmove white
2025-11-16 14:03:16-0500: MoveNum: 33 HASH: A93C2255E53FD88246626F806B546C4E
   A B C D E F G H J K L M N O P Q R S T
19 . . . . . . . . . . . . . . . . . . .
18 . . . . . . . . . . . . . . . . . . .
17 . . . O . O . . . . . . X . O . O X .
16 . . O . . . . . . . . . . . . . X . .
15 . . O X . . . . . . . . . . . . . . .
14 . . X X . . . . . . . . . . . X . . .
13 . . . . . . . . . . . . . . . . . . .
12 . . . . . . . . . . . . X . . X . . .
11 . . . . . . . . . . . . . @ O . . . .
10 . . . O . . . . . . . . . X . O . . .
 9 . . . . . . . . . . . . . . . . . . .
 8 . . O . . . . . . . . . . . O . X3. .
 7 . . . . . . . . . . . . . . . . . . .
 6 . . X . . . . . . . . . . . . X X . .
 5 . . . . . . . . . . . . . . . X O . .
 4 . . . . . . . . . . . . . . . X1O . .
 3 . . . X . . . . . . . . . O . O O2. .
 2 . . . . . . . . . . . . . . . . . . .
 1 . . . . . . . . . . . . . . . . . . .

koPOSITIONALscoreAREAtaxNONEsui1komi7.5
Time taken: 0.0813404
Root visits: 805
New playouts: 535
NN rows: 398
NN batches: 135
NN avg batch size: 2.94815
PV: O11 N11 N10 O9 P13 M10 P14 Q15 P15 Q17 Q13 R13 R12 R11 S12 S11
Tree:
: T   2.91c W   3.49c S   0.25c ( +0.5 L  +0.4) N     805  --  O11 N11 N10 O9 P13 M10 P14
---White(^)---
O11 : T   4.83c W   4.95c S   0.41c ( +0.7 L  +0.5) LCB    2.46c P 32.47% WF 581.5 PSV     574 N     581  --  O11 N11 N10 O9 P13 M10 P14 Q15
P13 : T -10.51c W  -6.78c S  -0.85c ( -0.9 L  -0.7) LCB  -20.14c P 30.63% WF  30.2 PSV      30 N      33  --  P13 P12 O11 O12 N11 M11 N10 R10
Q16 : T   1.22c W   2.52c S   0.14c ( +0.4 L  +0.3) LCB   -2.99c P  3.44% WF 105.3 PSV      12 N     116  --  Q16 R18 O11 N11 N10 O9 P13 O13
R9  : T  -9.28c W  -6.49c S  -0.80c ( -0.8 L  -0.5) LCB  -21.67c P  8.18% WF   9.4 PSV       8 N      10  --  R9 Q8 O11 N11 P13 P12 O12
P12 : T  -2.04c W  -1.03c S  -0.22c ( -0.1 L  -0.1) LCB  -11.38c P  2.82% WF  27.1 PSV       5 N      28  --  P12 P13 N11 O11 O12 O13 R9 Q8
S16 : T  -6.20c W  -3.04c S  -0.45c ( -0.4 L  -0.2) LCB  -21.67c P  4.29% WF  11.4 PSV       5 N      12  --  S16 Q17 R18 Q16 S18 S15 T17
O13 : T  -9.54c W  -5.55c S  -0.67c ( -0.7 L  -0.5) LCB  -38.93c P  4.13% WF   4.7 PSV       4 N       5  --  O13 O12 P12 P13 R9
O5  : T  -1.81c W  -0.78c S  -0.18c ( -0.0 L  -0.0) LCB  -13.83c P  1.17% WF   7.8 PSV       2 N       8  --  O5 O6 P13 P12
S18 : T  -9.85c W  -5.78c S  -0.77c ( -0.8 L  -0.3) LCB  -84.38c P  1.54% WF   2.9 PSV       1 N       3  --  S18 Q17 R18
N8  : T  -7.45c W  -3.83c S  -0.49c ( -0.4 L  -0.3) LCB -156.88c P  1.45% WF   1.9 PSV       1 N       2  --  N8 Q9

2025-11-16 14:03:16-0500: = O11
2025-11-16 14:03:17-0500: Controller: play black N11
2025-11-16 14:03:17-0500: = 
2025-11-16 14:03:17-0500: Controller: genmove white
2025-11-16 14:03:17-0500: MoveNum: 35 HASH: ADDF94499A0B77ABA8FCBF15F11173D5
   A B C D E F G H J K L M N O P Q R S T
19 . . . . . . . . . . . . . . . . . . .
18 . . . . . . . . . . . . . . . . . . .
17 . . . O . O . . . . . . X . O . O X .
16 . . O . . . . . . . . . . . . . X . .
15 . . O X . . . . . . . . . . . . . . .
14 . . X X . . . . . . . . . . . X . . .
13 . . . . . . . . . . . . . . . . . . .
12 . . . . . . . . . . . . X . . X . . .
11 . . . . . . . . . . . . X3O2O . . . .
10 . . . O . . . . . . . . @ X . O . . .
 9 . . . . . . . . . . . . . . . . . . .
 8 . . O . . . . . . . . . . . O . X1. .
 7 . . . . . . . . . . . . . . . . . . .
 6 . . X . . . . . . . . . . . . X X . .
 5 . . . . . . . . . . . . . . . X O . .
 4 . . . . . . . . . . . . . . . X O . .
 3 . . . X . . . . . . . . . O . O O . .
 2 . . . . . . . . . . . . . . . . . . .
 1 . . . . . . . . . . . . . . . . . . .

koPOSITIONALscoreAREAtaxNONEsui1komi7.5
Time taken: 0.0414771
Root visits: 805
New playouts: 247
NN rows: 236
NN batches: 81
NN avg batch size: 2.91358
PV: N10 O9 P13 M10 Q13 R13 P14 Q15 P15 Q17 P16 R18 M16 N16 N15 M15
Tree:
: T   5.36c W   5.12c S   0.22c ( +0.7 L  +0.6) N     805  --  N10 O9 P13 M10 Q13 R13 P14
---White(^)---
N10 : T   7.22c W   6.23c S   0.34c ( +0.9 L  +0.7) LCB    4.49c P 41.74% WF 584.1 PSV     575 N     574  --  N10 O9 P13 M10 Q13 R13 P14 Q15
P13 : T  -1.52c W   1.39c S  -0.15c ( +0.2 L  +0.2) LCB   -6.63c P 45.66% WF 112.9 PSV      79 N     120  --  P13 P12 O12 O13 N13 O14 N10 O9
Q16 : T   3.10c W   3.48c S   0.05c ( +0.5 L  +0.4) LCB   -1.87c P  2.19% WF  85.5 PSV       7 N      97  --  Q16 R18 N10 O9 P13 O13 P14 P12
R9  : T  -3.82c W  -0.69c S  -0.41c ( -0.1 L  +0.1) LCB  -29.85c P  3.32% WF   5.8 PSV       4 N       6  --  R9 Q8 P13 P12 O12
S16 : T  -5.06c W  -4.52c S  -0.76c ( -0.5 L  -0.3) LCB  -79.58c P  1.24% WF   2.9 PSV       1 N       3  --  S16 Q17
O13 : T  -8.11c W  -4.56c S  -0.77c ( -0.6 L  -0.3) LCB -157.44c P  1.07% WF   1.9 PSV       1 N       2  --  O13 O12
O7  : T  -7.94c W  -6.95c S  -0.99c ( -0.8 L  -0.4) LCB -357.94c P  1.30% WF   1.0 PSV       1 N       1  --  O7

2025-11-16 14:03:17-0500: = N10
2025-11-16 14:03:17-0500: Controller: play black O9
2025-11-16 14:03:17-0500: = 
2025-11-16 14:03:17-0500: Controller: genmove white
2025-11-16 14:03:17-0500: MoveNum: 37 HASH: 4ECF12C1774E1302736FB338CFF7A8EB
   A B C D E F G H J K L M N O P Q R S T
19 . . . . . . . . . . . . . . . . . . .
18 . . . . . . . . . . . . . . . . . . .
17 . . . O . O . . . . . . X . O . O X .
16 . . O . . . . . . . . . . . . . X . .
15 . . O X . . . . . . . . . . . . . . .
14 . . X X . . . . . . . . . . . X . . .
13 . . . . . . . . . . . . . . @ . . . .
12 . . . . . . . . . . . . X . . X . . .
11 . . . . . . . . . . . . X1O O . . . .
10 . . . O . . . . . . . . O2X . O . . .
 9 . . . . . . . . . . . . . X3. . . . .
 8 . . O . . . . . . . . . . . O . X . .
 7 . . . . . . . . . . . . . . . . . . .
 6 . . X . . . . . . . . . . . . X X . .
 5 . . . . . . . . . . . . . . . X O . .
 4 . . . . . . . . . . . . . . . X O . .
 3 . . . X . . . . . . . . . O . O O . .
 2 . . . . . . . . . . . . . . . . . . .
 1 . . . . . . . . . . . . . . . . . . .

koPOSITIONALscoreAREAtaxNONEsui1komi7.5
Time taken: 0.0492504
Root visits: 805
New playouts: 288
NN rows: 273
NN batches: 94
NN avg batch size: 2.90426
PV: P13 M10 Q13 R13 P14 Q15 P15 Q17 P16 R18 M14 G14 O5 O7 R12
Tree:
: T   5.95c W   5.57c S   0.20c ( +0.8 L  +0.6) N     805  --  P13 M10 Q13 R13 P14 Q15 P15
---White(^)---
P13 : T   7.18c W   6.70c S   0.31c ( +0.9 L  +0.7) LCB    4.59c P 42.72% WF 680.9 PSV     675 N     675  --  P13 M10 Q13 R13 P14 Q15 P15 Q17
M10 : T   1.13c W   0.84c S  -0.22c ( +0.2 L  +0.1) LCB   -4.19c P 23.23% WF  76.8 PSV      57 N      80  --  M10 O8 P13 O13 P14 P12 Q13 Q11
Q16 : T   2.11c W   2.37c S  -0.10c ( +0.4 L  +0.3) LCB   -4.79c P  3.63% WF  20.5 PSV      10 N      21  --  Q16 R15 P13 O13 O7
O7  : T -13.91c W -10.23c S  -1.41c ( -1.3 L  -0.8) LCB  -24.57c P 11.82% WF   8.2 PSV       9 N       9  --  O7 M10 O5 R10 P13
R9  : T  -7.71c W  -6.64c S  -1.04c ( -0.8 L  -0.5) LCB  -20.02c P  7.75% WF  10.3 PSV       8 N      11  --  R9 Q8 P13 O13 P14 P12
O13 : T  -4.43c W  -4.27c S  -0.79c ( -0.5 L  -0.3) LCB  -78.39c P  2.24% WF   2.9 PSV       3 N       3  --  O13 O12
O8  : T -13.45c W -11.79c S  -1.66c ( -1.7 L  -1.2) LCB -363.45c P  2.26% WF   0.9 PSV       1 N       1  --  O8
S16 : T -11.34c W  -9.92c S  -1.42c ( -1.4 L  -0.7) LCB -361.34c P  1.51% WF   1.0 PSV       1 N       1  --  S16
N7  : T  -5.91c W  -5.11c S  -0.81c ( -0.5 L  -0.2) LCB -355.91c P  1.12% WF   1.0 PSV       1 N       1  --  N7
Q8  : T -15.90c W -14.05c S  -1.85c ( -1.9 L  -1.1) LCB -365.90c P  0.66% WF   0.9 PSV       0 N       1  --  Q8

2025-11-16 14:03:17-0500: = P13
2025-11-16 14:03:17-0500: Controller: play black P12
2025-11-16 14:03:17-0500: = 
2025-11-16 14:03:17-0500: Controller: genmove white
2025-11-16 14:03:17-0500: MoveNum: 39 HASH: A75D3579762264817BA3DBB3424A8D27
   A B C D E F G H J K L M N O P Q R S T
19 . . . . . . . . . . . . . . . . . . .
18 . . . . . . . . . . . . . . . . . . .
17 . . . O . O . . . . . . X . O . O X .
16 . . O . . . . . . . . . . . . . X . .
15 . . O X . . . . . . . . . . . . . . .
14 . . X X . . . . . . . . . . . X . . .
13 . . . . . . . . . . . . . . O2. . . .
12 . . . . . . . . . . . . X @ X3X . . .
11 . . . . . . . . . . . . X O O . . . .
10 . . . O . . . . . . . . O X . O . . .
 9 . . . . . . . . . . . . . X1. . . . .
 8 . . O . . . . . . . . . . . O . X . .
 7 . . . . . . . . . . . . . . . . . . .
 6 . . X . . . . . . . . . . . . X X . .
 5 . . . . . . . . . . . . . . . X O . .
 4 . . . . . . . . . . . . . . . X O . .
 3 . . . X . . . . . . . . . O . O O . .
 2 . . . . . . . . . . . . . . . . . . .
 1 . . . . . . . . . . . . . . . . . . .

koPOSITIONALscoreAREAtaxNONEsui1komi7.5
Time taken: 0.10759
Root visits: 805
New playouts: 805
NN rows: 559
NN batches: 192
NN avg batch size: 2.91146
PV: O12 O13 P14 O14 P15 Q13 O15 N13 M16 M10 R15 Q15 Q16
Tree:
: T  -0.86c W   1.38c S  -0.76c ( +0.3 L  +0.2) N     805  --  O12 O13 P14 O14 P15 Q13 O15
---White(^)---
O12 : T  -0.41c W   1.50c S  -0.73c ( +0.3 L  +0.2) LCB   -4.25c P 75.23% WF 462.0 PSV     461 N     460  --  O12 O13 P14 O14 P15 Q13 O15 N13
Q16 : T  -0.52c W   1.50c S  -0.76c ( +0.3 L  +0.2) LCB   -4.97c P  7.72% WF 207.1 PSV      45 N     208  --  Q16 R15 O12 O13 N13 O14 R12 Q13
S16 : T  -1.82c W   1.81c S  -0.74c ( +0.3 L  +0.2) LCB   -7.99c P  2.83% WF 106.2 PSV      11 N     113  --  S16 S15 O12 O13 N13 O14 M10 L11
O8  : T  -7.41c W  -2.38c S  -1.18c ( -0.3 L  -0.2) LCB  -17.79c P  4.18% WF  10.7 PSV       7 N      11  --  O8 N9 O12 O13 N13 O14 M10 M13
R9  : T -10.73c W  -8.00c S  -1.77c ( -1.0 L  -0.6) LCB  -54.31c P  3.01% WF   3.9 PSV       4 N       4  --  R9 O12 Q8
O7  : T -20.83c W  -9.56c S  -1.91c ( -1.2 L  -0.7) LCB  -95.82c P  2.31% WF   2.8 PSV       1 N       3  --  O7 O12 N9
D4  : T  -7.62c W  -4.61c S  -1.36c ( -0.5 L  -0.4) LCB -156.69c P  0.71% WF   2.0 PSV       1 N       2  --  D4 O12
R15 : T  -8.87c W  -7.15c S  -1.71c ( -1.0 L  -0.5) LCB -358.87c P  0.68% WF   1.0 PSV       1 N       1  --  R15
Q8  : T  -8.85c W  -7.13c S  -1.72c ( -1.0 L  -0.4) LCB -358.85c P  0.57% WF   1.0 PSV       0 N       1  --  Q8

2025-11-16 14:03:17-0500: = O12
2025-11-16 14:03:17-0500: Controller: play black O13
2025-11-16 14:03:17-0500: = 
2025-11-16 14:03:17-0500: Controller: genmove white
2025-11-16 14:03:17-0500: MoveNum: 41 HASH: C27DF35FF56C0B4ED2AA4B743514853E
   A B C D E F G H J K L M N O P Q R S T
19 . . . . . . . . . . . . . . . . . . .
18 . . . . . . . . . . . . . . . . . . .
17 . . . O . O . . . . . . X . O . O X .
16 . . O . . . . . . . . . . . . . X . .
15 . . O X . . . . . . . . . . . . . . .
14 . . X X . . . . . . . . . . @ X . . .
13 . . . . . . . . . . . . . X3O . . . .
12 . . . . . . . . . . . . X O2X1X . . .
11 . . . . . . . . . . . . X O O . . . .
10 . . . O . . . . . . . . O X . O . . .
 9 . . . . . . . . . . . . . X . . . . .
 8 . . O . . . . . . . . . . . O . X . .
 7 . . . . . . . . . . . . . . . . . . .
 6 . . X . . . . . . . . . . . . X X . .
 5 . . . . . . . . . . . . . . . X O . .
 4 . . . . . . . . . . . . . . . X O . .
 3 . . . X . . . . . . . . . O . O O . .
 2 . . . . . . . . . . . . . . . . . . .
 1 . . . . . . . . . . . . . . . . . . .

koPOSITIONALscoreAREAtaxNONEsui1komi7.5
Time taken: 0.0555166
Root visits: 805
New playouts: 348
NN rows: 319
NN batches: 107
NN avg batch size: 2.98131
PV: P14 O14 P15 Q13 O15 M10 M16 M14 L14 M13 M15 Q17
Tree:
: T  -1.80c W  -0.19c S  -0.08c ( +0.1 L  -0.0) N     805  --  P14 O14 P15 Q13 O15 M10 M16
---White(^)---
P14 : T   0.05c W   1.22c S   0.08c ( +0.3 L  +0.1) LCB   -4.87c P  5.31% WF 313.4 PSV     473 N     309  --  P14 O14 P15 Q13 O15 M10 M16 M14
N13 : T  -3.78c W  -2.18c S  -0.31c ( -0.2 L  -0.2) LCB   -8.54c P 55.28% WF 197.0 PSV     201 N     201  --  N13 O14 M10 M13 P9 S10 O8 N9
Q16 : T   0.16c W   1.60c S   0.10c ( +0.3 L  +0.1) LCB   -5.19c P  3.53% WF 174.4 PSV     173 N     173  --  Q16 R15 N13 O14 O8 N9 M10 M13
Q13 : T  -3.64c W  -1.78c S  -0.28c ( -0.2 L  -0.3) LCB  -12.45c P  8.25% WF  47.2 PSV      39 N      48  --  Q13 P14 R13 R12 N13 O14 M10 L11
S16 : T  -2.18c W   1.04c S   0.02c ( +0.2 L  +0.0) LCB  -11.57c P  1.77% WF  21.9 PSV      13 N      22  --  S16 S15 N13 O14 M10 L11 O8 N9
O8  : T  -9.02c W  -4.52c S  -0.55c ( -0.5 L  -0.4) LCB  -18.54c P  6.53% WF  12.5 PSV      13 N      13  --  O8 N9 N13 O14 M10 M13 R12 Q13
R9  : T  -8.49c W  -4.28c S  -0.55c ( -0.5 L  -0.4) LCB  -21.97c P  4.81% WF  10.7 PSV      10 N      11  --  R9 Q8 P9 M10 O7 O4
M10 : T -17.70c W -13.83c S  -1.50c ( -1.8 L  -1.5) LCB  -38.92c P  6.15% WF   7.5 PSV       6 N       8  --  M10 N13 N8 O8 O7 P7
O7  : T  -9.30c W  -5.75c S  -0.67c ( -0.7 L  -0.5) LCB  -39.14c P  2.05% WF   4.9 PSV       4 N       5  --  O7 M10 Q9 O4
Q8  : T -19.11c W  -7.93c S  -0.94c ( -1.0 L  -0.6) LCB  -95.41c P  2.36% WF   2.8 PSV       2 N       3  --  Q8 R9 P10

2025-11-16 14:03:17-0500: = P14
2025-11-16 14:03:17-0500: Controller: play black O14
2025-11-16 14:03:17-0500: = 
2025-11-16 14:03:17-0500: Controller: genmove white
2025-11-16 14:03:17-0500: MoveNum: 43 HASH: 6AC62863E19F6F71C137588B060D8DFF
   A B C D E F G H J K L M N O P Q R S T
19 . . . . . . . . . . . . . . . . . . .
18 . . . . . . . . . . . . . . . . . . .
17 . . . O . O . . . . . . X . O . O X .
16 . . O . . . . . . . . . . . . . X . .
15 . . O X . . . . . . . . . . @ . . . .
14 . . X X . . . . . . . . . X3O2X . . .
13 . . . . . . . . . . . . . X1O . . . .
12 . . . . . . . . . . . . X O X X . . .
11 . . . . . . . . . . . . X O O . . . .
10 . . . O . . . . . . . . O X . O . . .
 9 . . . . . . . . . . . . . X . . . . .
 8 . . O . . . . . . . . . . . O . X . .
 7 . . . . . . . . . . . . . . . . . . .
 6 . . X . . . . . . . . . . . . X X . .
 5 . . . . . . . . . . . . . . . X O . .
 4 . . . . . . . . . . . . . . . X O . .
 3 . . . X . . . . . . . . . O . O O . .
 2 . . . . . . . . . . . . . . . . . . .
 1 . . . . . . . . . . . . . . . . . . .

koPOSITIONALscoreAREAtaxNONEsui1komi7.5
Time taken: 0.128715
Root visits: 805
New playouts: 534
NN rows: 514
NN batches: 172
NN avg batch size: 2.98837
PV: Q13 P15 R13 R12 S13 S12 O15 N15 Q16 R15 O16 Q15 N16 N13
Tree:
: T  -4.35c W  -2.78c S  -0.25c ( -0.3 L  -0.3) N     805  --  Q13 P15 R13 R12 S13 S12 O15
---White(^)---
Q13 : T  -2.31c W  -1.85c S  -0.16c ( -0.2 L  -0.3) LCB   -8.90c P 13.19% WF 415.2 PSV     512 N     425  --  Q13 P15 R13 R12 S13 S12 O15 N15
P15 : T  -5.65c W  -2.98c S  -0.25c ( -0.3 L  -0.3) LCB  -10.09c P 65.70% WF 348.5 PSV     354 N     354  --  P15 Q13 Q16 R15 N16 M10 N13 N14
M10 : T -22.09c W -15.48c S  -1.68c ( -2.1 L  -1.6) LCB  -38.47c P  5.85% WF   8.3 PSV       7 N       9  --  M10 P15 N13 L11 N14 Q13
N13 : T -16.33c W -12.76c S  -1.39c ( -1.8 L  -1.4) LCB  -31.73c P  4.35% WF   6.7 PSV       7 N       7  --  N13 P15 M10 L11 N14 Q13
Q16 : T -30.80c W -24.00c S  -2.57c ( -3.2 L  -2.4) LCB -106.01c P  3.07% WF   2.7 PSV       2 N       3  --  Q16 P15 S16
O8  : T -10.34c W  -8.75c S  -0.89c ( -1.1 L  -0.9) LCB -159.78c P  0.86% WF   2.0 PSV       2 N       2  --  O8 N9
R9  : T -28.61c W -25.87c S  -2.74c ( -3.6 L  -2.5) LCB -378.61c P  2.03% WF   0.9 PSV       1 N       1  --  R9
R15 : T -24.64c W -22.25c S  -2.38c ( -3.1 L  -2.0) LCB -374.64c P  1.32% WF   0.9 PSV       1 N       1  --  R15
S16 : T -28.54c W -25.83c S  -2.71c ( -3.5 L  -2.4) LCB -378.54c P  0.92% WF   0.9 PSV       0 N       1  --  S16
O15 : T -24.97c W -22.61c S  -2.36c ( -3.0 L  -2.4) LCB -374.97c P  0.59% WF   0.9 PSV       0 N       1  --  O15

2025-11-16 14:03:17-0500: = P15
2025-11-16 14:03:17-0500: Controller: play black Q13
2025-11-16 14:03:17-0500: = 
2025-11-16 14:03:17-0500: Controller: genmove white
2025-11-16 14:03:17-0500: MoveNum: 45 HASH: AC7A0A1A75B4B1124EF3CD87F2C638D1
   A B C D E F G H J K L M N O P Q R S T
19 . . . . . . . . . . . . . . . . . . .
18 . . . . . . . . . . . . . . . . . . .
17 . . . O . O . . . . . . X . O . O X .
16 . . O . . . . . . . . . . . . @ X . .
15 . . O X . . . . . . . . . . O2. . . .
14 . . X X . . . . . . . . . X1O X . . .
13 . . . . . . . . . . . . . X O X3. . .
12 . . . . . . . . . . . . X O X X . . .
11 . . . . . . . . . . . . X O O . . . .
10 . . . O . . . . . . . . O X . O . . .
 9 . . . . . . . . . . . . . X . . . . .
 8 . . O . . . . . . . . . . . O . X . .
 7 . . . . . . . . . . . . . . . . . . .
 6 . . X . . . . . . . . . . . . X X . .
 5 . . . . . . . . . . . . . . . X O . .
 4 . . . . . . . . . . . . . . . X O . .
 3 . . . X . . . . . . . . . O . O O . .
 2 . . . . . . . . . . . . . . . . . . .
 1 . . . . . . . . . . . . . . . . . . .

koPOSITIONALscoreAREAtaxNONEsui1komi7.5
Time taken: 0.0746231
Root visits: 805
New playouts: 476
NN rows: 438
NN batches: 147
NN avg batch size: 2.97959
PV: Q16 R15 N16 M10 N7 O8 O7 P7 N13 N14 M13 M14 M11
Tree:
: T -10.73c W  -7.27c S  -0.44c ( -0.9 L  -0.8) N     805  --  Q16 R15 N16 M10 N7 O8 O7
---White(^)---
Q16 : T  -8.57c W  -5.92c S  -0.28c ( -0.7 L  -0.6) LCB  -12.83c P 13.87% WF 259.9 PSV     256 N     256  --  Q16 R15 N16 M10 N7 O8 O7 P7
N16 : T -10.44c W  -7.18c S  -0.39c ( -0.8 L  -0.7) LCB  -17.35c P 16.73% WF 110.1 PSV     111 N     111  --  N16 M10 Q16 R18 R15 Q17
O15 : T  -9.88c W  -5.98c S  -0.29c ( -0.7 L  -0.6) LCB  -15.72c P 12.73% WF 187.6 PSV     106 N     187  --  O15 M10 M16 M14 L14 M13 M15 Q17
M10 : T -10.18c W  -7.89c S  -0.50c ( -1.0 L  -1.0) LCB  -21.32c P  8.82% WF  82.0 PSV      65 N      82  --  M10 O15 O8 N9 Q9 O4 N4 N5
S16 : T -10.55c W  -7.89c S  -0.52c ( -1.0 L  -0.8) LCB  -18.37c P  6.25% WF  66.8 PSV      40 N      67  --  S16 Q16 N13 O15 P16 Q17 N16
N13 : T -16.25c W  -6.84c S  -0.45c ( -0.9 L  -0.9) LCB  -33.32c P 10.31% WF  33.8 PSV      23 N      35  --  N13 M13 N14 O15 M14 M10 O16 N15
Q11 : T -25.94c W -21.50c S  -2.12c ( -3.1 L  -2.6) LCB  -48.77c P  8.99% WF  10.2 PSV       9 N      11  --  Q11 O15 M10 O8 O7
R9  : T -15.70c W  -9.66c S  -0.76c ( -1.3 L  -1.3) LCB  -39.93c P  3.81% WF   9.8 PSV       9 N      10  --  R9 Q8 N13 M13 N14
R15 : T -24.17c W -18.64c S  -1.87c ( -2.8 L  -2.4) LCB  -51.50c P  6.98% WF  14.0 PSV       8 N      15  --  R15 Q15 Q16 S16 O15 N15 N16 O16
Q9  : T -13.94c W -11.61c S  -0.90c ( -1.5 L  -1.2) LCB  -32.31c P  1.85% WF   7.6 PSV       5 N       8  --  Q9 Q11 P10 M10

2025-11-16 14:03:17-0500: = Q16
2025-11-16 14:03:17-0500: Controller: play black R15
2025-11-16 14:03:17-0500: = 
2025-11-16 14:03:17-0500: Controller: genmove white
2025-11-16 14:03:18-0500: MoveNum: 47 HASH: CFFA8274384F1CC684CE2A7DCD2688DF
   A B C D E F G H J K L M N O P Q R S T
19 . . . . . . . . . . . . . . . . . . .
18 . . . . . . . . . . . . . . . . . . .
17 . . . O . O . . . . . . X . O . O X .
16 . . O . . . . . . . . . @ . . O2X . .
15 . . O X . . . . . . . . . . O . X3. .
14 . . X X . . . . . . . . . X O X . . .
13 . . . . . . . . . . . . . X O X1. . .
12 . . . . . . . . . . . . X O X X . . .
11 . . . . . . . . . . . . X O O . . . .
10 . . . O . . . . . . . . O X . O . . .
 9 . . . . . . . . . . . . . X . . . . .
 8 . . O . . . . . . . . . . . O . X . .
 7 . . . . . . . . . . . . . . . . . . .
 6 . . X . . . . . . . . . . . . X X . .
 5 . . . . . . . . . . . . . . . X O . .
 4 . . . . . . . . . . . . . . . X O . .
 3 . . . X . . . . . . . . . O . O O . .
 2 . . . . . . . . . . . . . . . . . . .
 1 . . . . . . . . . . . . . . . . . . .

koPOSITIONALscoreAREAtaxNONEsui1komi7.5
Time taken: 0.094437
Root visits: 805
New playouts: 599
NN rows: 566
NN batches: 190
NN avg batch size: 2.97895
PV: N16 M10 D4 E4 C3 C4 D5 C5 E3 D2
Tree:
: T -14.34c W -11.57c S  -0.69c ( -1.4 L  -1.1) N     805  --  N16 M10 D4 E4 C3 C4 D5
---White(^)---
N16 : T -12.94c W -11.10c S  -0.58c ( -1.3 L  -1.0) LCB  -16.62c P 27.57% WF 302.1 PSV     310 N     300  --  N16 M10 D4 E4 C3 C4 D5 C5
N13 : T -16.71c W -11.26c S  -0.80c ( -1.6 L  -1.4) LCB  -25.37c P 31.24% WF 148.9 PSV     111 N     153  --  N13 N15 M10 M13 O8 N9 M12 N14
O15 : T -12.35c W -10.82c S  -0.59c ( -1.3 L  -0.9) LCB  -16.69c P  6.73% WF 235.9 PSV     108 N     234  --  O15 M10 M16 M14 L14 M13 M15 G15
M10 : T -16.62c W -14.16c S  -0.94c ( -1.7 L  -1.5) LCB  -29.11c P 12.00% WF  61.9 PSV      43 N      63  --  M10 Q9 R10 M13 O15 N15 N16
S18 : T -18.92c W -11.10c S  -0.69c ( -1.4 L  -1.0) LCB  -30.07c P  7.63% WF  23.4 PSV      19 N      24  --  S18 R18 Q18 Q17 M10 M13 R17 O8
Q9  : T -18.61c W -16.44c S  -1.35c ( -2.3 L  -1.7) LCB  -50.08c P  1.90% WF   8.8 PSV       5 N       9  --  Q9 M10 O7 O4 N4
Q8  : T -24.48c W -18.45c S  -1.61c ( -2.6 L  -2.1) LCB  -69.03c P  2.94% WF   3.9 PSV       4 N       4  --  Q8 R9 P10 M10
O7  : T -35.70c W -29.46c S  -2.76c ( -4.0 L  -3.4) LCB -105.48c P  2.53% WF   3.7 PSV       2 N       4  --  O7 Q9 P9
R9  : T -22.94c W -19.42c S  -1.56c ( -2.6 L  -2.0) LCB  -97.01c P  1.34% WF   2.9 PSV       2 N       3  --  R9 Q8 P9
O8  : T -30.55c W -18.67c S  -1.46c ( -2.4 L  -2.0) LCB  -74.50c P  1.68% WF   6.5 PSV       1 N       7  --  O8 N9 M10 Q9 N13

2025-11-16 14:03:18-0500: = N16
2025-11-16 14:03:18-0500: Controller: play black M10
2025-11-16 14:03:18-0500: = 
2025-11-16 14:03:18-0500: Controller: genmove white
2025-11-16 14:03:18-0500: MoveNum: 49 HASH: FFDFE0799AE5F4DF4545BC56620F15E2
   A B C D E F G H J K L M N O P Q R S T
19 . . . . . . . . . . . . . . . . . . .
18 . . . . . . . . . . . . . . . . . . .
17 . . . O . O . . . . . . X . O . O X .
16 . . O . . . . . . . . . O2. . O X . .
15 . . O X . . . . . . . . . . O . X1. .
14 . . X X . . . . . . . . . X O X . . .
13 . . . . . . . . . . . . . X O X . . .
12 . . . . . . . . . . . . X O X X . . .
11 . . . . . . . . . . . . X O O . . . .
10 . . . O . . . . . . . X3O X . O . . .
 9 . . . . . . . . . . . . . X . . . . .
 8 . . O . . . . . . . . . . . O . X . .
 7 . . . . . . . . . . . . . . . . . . .
 6 . . X . . . . . . . . . . . . X X . .
 5 . . . . . . . . . . . . . . . X O . .
 4 . . . @ . . . . . . . . . . . X O . .
 3 . . . X . . . . . . . . . O . O O . .
 2 . . . . . . . . . . . . . . . . . . .
 1 . . . . . . . . . . . . . . . . . . .

koPOSITIONALscoreAREAtaxNONEsui1komi7.5
Time taken: 0.0906376
Root visits: 805
New playouts: 578
NN rows: 537
NN batches: 181
NN avg batch size: 2.96685
PV: D4 E4 C3 C4 D5 C5 E5 E3 F5 G3 G4 H3 N9 O8 N13 N14 M13
Tree:
: T -14.47c W -12.69c S  -0.40c ( -1.5 L  -1.2) N     805  --  D4 E4 C3 C4 D5 C5 E5
---White(^)---
D4  : T -11.92c W -10.53c S  -0.16c ( -1.2 L  -1.0) LCB  -15.55c P  4.09% WF 392.0 PSV     384 N     384  --  D4 E4 C3 C4 D5 C5 E5 E3
C4  : T -10.89c W -10.95c S  -0.23c ( -1.3 L  -1.0) LCB  -15.71c P  1.73% WF  86.0 PSV      85 N      85  --  C4 C3 D4 E4 E5 F5 E6 F6
N13 : T -23.54c W -20.73c S  -1.31c ( -2.7 L  -2.1) LCB  -34.91c P 46.16% WF  79.8 PSV      72 N      86  --  N13 N14 M13 M14 L14 M15 M17 L15
N7  : T -14.47c W -12.54c S  -0.32c ( -1.4 L  -1.1) LCB  -20.45c P  3.99% WF  84.7 PSV      26 N      85  --  N7 N8 O6 M7 M6 O7 N6 P7
G14 : T -16.42c W -15.11c S  -0.63c ( -1.8 L  -1.3) LCB  -26.99c P  4.19% WF  34.5 PSV      16 N      35  --  G14 M14 M17 E16 F16 E17 E18 F18
M16 : T -18.41c W -15.45c S  -0.67c ( -1.8 L  -1.3) LCB  -30.44c P  4.06% WF  16.6 PSV      11 N      17  --  M16 M14 O7 O4 N4 N5
S18 : T -24.66c W -17.29c S  -0.91c ( -2.1 L  -1.6) LCB  -39.63c P  6.75% WF  11.4 PSV       9 N      12  --  S18 R18 Q17 T18 N13 N14
O5  : T -18.95c W -14.95c S  -0.65c ( -1.8 L  -1.4) LCB  -37.46c P  2.79% WF   9.8 PSV       7 N      10  --  O5 O7 N13 N14 M13
M14 : T -17.82c W -13.92c S  -0.52c ( -1.6 L  -1.2) LCB  -33.92c P  2.01% WF  14.7 PSV       6 N      15  --  M14 M13 G15 C12 C4
M17 : T -15.11c W -12.39c S  -0.38c ( -1.5 L  -1.1) LCB  -26.25c P  1.02% WF  19.8 PSV       5 N      20  --  M17 M14 O7 N4 O4 O5

2025-11-16 14:03:18-0500: = D4
2025-11-16 14:03:18-0500: Controller: quit
2025-11-16 14:03:18-0500: Quit requested by controller
2025-11-16 14:03:18-0500: = 
2025-11-16 14:03:18-0500: GPU 7 finishing, processed 12088 rows 4073 batches
2025-11-16 14:03:18-0500: All cleaned up, quitting
