2025-11-16 23:46:46-0500: Running with following config:
conservativePass = true
lagBuffer = 1.0
logAllGTPCommunication = true
logDir = gtp_logs
logSearchInfo = true
logToStderr = false
maxVisits = 800
nnCacheSizePowerOfTwo = 20
nnMutexPoolSizePowerOfTwo = 16
numSearchThreads = 6
openclGpuToUse = 7
ponderingEnabled = false
preventCleanupPhase = true
rootSymmetryPruning = true
rules = tromp-taylor
searchFactorAfterOnePass = 0.50
searchFactorAfterTwoPass = 0.25
searchFactorWhenWinning = 0.40
searchFactorWhenWinningThreshold = 0.95

2025-11-16 23:46:46-0500: GTP Engine starting...
2025-11-16 23:46:46-0500: KataGo v1.16.4
2025-11-16 23:46:46-0500: Using TrompTaylor rules initially, unless GTP/GUI overrides this
2025-11-16 23:46:46-0500: Using 6 CPU thread(s) for search
2025-11-16 23:46:46-0500: nnRandSeed0 = 13788206709560126135
2025-11-16 23:46:46-0500: After dedups: nnModelFile0 = ../katago_repo/run/default_model.bin.gz useFP16 auto useNHWC auto
2025-11-16 23:46:46-0500: Initializing neural net buffer to be size 19 * 19 exactly
2025-11-16 23:46:49-0500: Found OpenCL Platform 0: NVIDIA CUDA (NVIDIA Corporation) (OpenCL 3.0 CUDA 12.8.98)
2025-11-16 23:46:49-0500: Found 8 device(s) on platform 0 with type CPU or GPU or Accelerator
2025-11-16 23:46:49-0500: Found OpenCL Device 0: NVIDIA RTX 6000 Ada Generation (NVIDIA Corporation) (score 11000300)
2025-11-16 23:46:49-0500: Found OpenCL Device 1: NVIDIA RTX 6000 Ada Generation (NVIDIA Corporation) (score 11000300)
2025-11-16 23:46:49-0500: Found OpenCL Device 2: NVIDIA RTX 6000 Ada Generation (NVIDIA Corporation) (score 11000300)
2025-11-16 23:46:49-0500: Found OpenCL Device 3: NVIDIA RTX 6000 Ada Generation (NVIDIA Corporation) (score 11000300)
2025-11-16 23:46:49-0500: Found OpenCL Device 4: NVIDIA RTX 6000 Ada Generation (NVIDIA Corporation) (score 11000300)
2025-11-16 23:46:49-0500: Found OpenCL Device 5: NVIDIA RTX 6000 Ada Generation (NVIDIA Corporation) (score 11000300)
2025-11-16 23:46:49-0500: Found OpenCL Device 6: NVIDIA RTX 6000 Ada Generation (NVIDIA Corporation) (score 11000300)
2025-11-16 23:46:49-0500: Found OpenCL Device 7: NVIDIA RTX 6000 Ada Generation (NVIDIA Corporation) (score 11000300)
2025-11-16 23:46:49-0500: Creating context for OpenCL Platform: NVIDIA CUDA (NVIDIA Corporation) (OpenCL 3.0 CUDA 12.8.98)
2025-11-16 23:46:49-0500: Using OpenCL Device 7: NVIDIA RTX 6000 Ada Generation (NVIDIA Corporation) OpenCL 3.0 CUDA (Extensions: cl_khr_global_int32_base_atomics cl_khr_global_int32_extended_atomics cl_khr_local_int32_base_atomics cl_khr_local_int32_extended_atomics cl_khr_fp64 cl_khr_3d_image_writes cl_khr_byte_addressable_store cl_khr_icd cl_khr_gl_sharing cl_nv_compiler_options cl_nv_device_attribute_query cl_nv_pragma_unroll cl_nv_copy_opts cl_khr_gl_event cl_nv_create_buffer cl_khr_int64_base_atomics cl_khr_int64_extended_atomics cl_nv_kernel_attribute cl_khr_device_uuid cl_khr_pci_bus_info cl_khr_external_semaphore cl_khr_external_memory cl_khr_external_semaphore_opaque_fd cl_khr_external_memory_opaque_fd cl_khr_semaphore)
2025-11-16 23:46:49-0500: Loaded tuning parameters from: /thayerfs/home/f003x5w/.katago/opencltuning/tune11_gpuNVIDIARTX6000AdaGeneration_x19_y19_c512_mv15.txt
2025-11-16 23:46:50-0500: OpenCL backend thread 0: Device 7 Model version 15
2025-11-16 23:46:50-0500: OpenCL backend thread 0: Device 7 Model name: kata1-b28c512nbt-s11653980416-d5514111622
2025-11-16 23:46:52-0500: OpenCL backend thread 0: Device 7 FP16Storage true FP16Compute false FP16TensorCores true FP16TensorCoresFor1x1 false
2025-11-16 23:46:52-0500: Loaded neural net with nnXLen 19 nnYLen 19
2025-11-16 23:46:52-0500: Initializing board with boardXSize 19 boardYSize 19
2025-11-16 23:46:52-0500: Loaded config ../katago_repo/run/gtp_800visits.cfg
2025-11-16 23:46:52-0500: Loaded model ../katago_repo/run/default_model.bin.gz
2025-11-16 23:46:52-0500: Model name: kata1-b28c512nbt-s11653980416-d5514111622
2025-11-16 23:46:52-0500: GTP ready, beginning main protocol loop
2025-11-16 23:46:52-0500: Controller: boardsize 19
2025-11-16 23:46:52-0500: = 
2025-11-16 23:46:52-0500: Controller: clear_board
2025-11-16 23:46:52-0500: = 
2025-11-16 23:46:52-0500: Controller: komi 7.5
2025-11-16 23:46:52-0500: = 
2025-11-16 23:46:52-0500: Controller: kata-set-param maxVisits 800
2025-11-16 23:46:52-0500: = 
2025-11-16 23:46:52-0500: Controller: kata-genmove_analyze b
2025-11-16 23:46:52-0500: =
2025-11-16 23:46:54-0500: MoveNum: 0 HASH: CDCBC1F514D7E680FACD226074256633
   A B C D E F G H J K L M N O P Q R S T
19 . . . . . . . . . . . . . . . . . . .
18 . . . . . . . . . . . . . . . . . . .
17 . . . . . . . . . . . . . . . . . . .
16 . . . . . . . . . . . . . . . . @ . .
15 . . . . . . . . . . . . . . . . . . .
14 . . . . . . . . . . . . . . . . . . .
13 . . . . . . . . . . . . . . . . . . .
12 . . . . . . . . . . . . . . . . . . .
11 . . . . . . . . . . . . . . . . . . .
10 . . . . . . . . . . . . . . . . . . .
 9 . . . . . . . . . . . . . . . . . . .
 8 . . . . . . . . . . . . . . . . . . .
 7 . . . . . . . . . . . . . . . . . . .
 6 . . . . . . . . . . . . . . . . . . .
 5 . . . . . . . . . . . . . . . . . . .
 4 . . . . . . . . . . . . . . . . . . .
 3 . . . . . . . . . . . . . . . . . . .
 2 . . . . . . . . . . . . . . . . . . .
 1 . . . . . . . . . . . . . . . . . . .

koPOSITIONALscoreAREAtaxNONEsui1komi7.5
Time taken: 1.50747
Root visits: 805
New playouts: 805
NN rows: 763
NN batches: 255
NN avg batch size: 2.99216
PV: R16 D16 C4 Q4 O17 E3 D6 J4 R6
Tree:
: T -31.91c W -31.37c S  -0.72c ( -1.6 L  -0.9) N     805  --  R16 D16 C4 Q4 O17 E3 D6
---Black(^)---
R16 : T -31.44c W -31.01c S  -0.67c ( -1.5 L  -0.8) LCB  -31.87c P  8.66% WF 1525.3 PSV    1519 N     501  --  R16 D16 C4 Q4 O17 E3 D6 J4
Q16 : T -31.99c W -31.34c S  -0.75c ( -1.6 L  -0.9) LCB  -32.66c P  2.84% WF 789.0 PSV      80 N     260  --  Q16 D16 Q3 D4 O17 R5 O4 R14
Q15 : T -34.64c W -33.74c S  -0.98c ( -1.8 L  -1.0) LCB  -37.38c P  1.32% WF  77.1 PSV       7 N      25  --  Q15 Q4 Q17 D16 C4 E3
R17 : T -37.13c W -35.84c S  -1.15c ( -2.0 L  -1.0) LCB  -47.06c P  0.51% WF  27.4 PSV       1 N       9  --  R17 D4 C16 R4
R15 : T -38.49c W -36.63c S  -1.16c ( -2.0 L  -1.1) LCB  -66.26c P  0.49% WF  14.8 PSV       1 N       5  --  R15 D16 Q3
R14 : T -48.95c W -46.62c S  -2.32c ( -3.1 L  -1.8) LCB -398.95c P  0.02% WF   2.7 PSV       0 N       1  --  R14
Q11 : T -48.35c W -46.13c S  -2.21c ( -2.9 L  -1.8) LCB -398.35c P  0.02% WF   2.8 PSV       0 N       1  --  Q11
Q10 : T -47.79c W -45.70c S  -2.09c ( -2.8 L  -1.7) LCB -397.79c P  0.02% WF   2.9 PSV       0 N       1  --  Q10
R12 : T -48.67c W -46.39c S  -2.28c ( -3.0 L  -1.8) LCB -398.67c P  0.02% WF   2.7 PSV       0 N       1  --  R12

2025-11-16 23:46:54-0500: play R16
2025-11-16 23:46:54-0500: Controller: kata-set-param maxVisits 2000
2025-11-16 23:46:54-0500: = 
2025-11-16 23:46:54-0500: Controller: kata-genmove_analyze b
2025-11-16 23:46:54-0500: =
2025-11-16 23:46:57-0500: MoveNum: 0 HASH: 48315B528346F7FF166D01D0584718A4
   A B C D E F G H J K L M N O P Q R S T
19 . . . . . . . . . . . . . . . . . . .
18 . . . . . . . . . . . . . . . . . . .
17 . . . . . . . . . . . . . . . . . . .
16 . . . @ . . . . . . . . . . . . X . .
15 . . . . . . . . . . . . . . . . . . .
14 . . . . . . . . . . . . . . . . . . .
13 . . . . . . . . . . . . . . . . . . .
12 . . . . . . . . . . . . . . . . . . .
11 . . . . . . . . . . . . . . . . . . .
10 . . . . . . . . . . . . . . . . . . .
 9 . . . . . . . . . . . . . . . . . . .
 8 . . . . . . . . . . . . . . . . . . .
 7 . . . . . . . . . . . . . . . . . . .
 6 . . . . . . . . . . . . . . . . . . .
 5 . . . . . . . . . . . . . . . . . . .
 4 . . . . . . . . . . . . . . . . . . .
 3 . . . . . . . . . . . . . . . . . . .
 2 . . . . . . . . . . . . . . . . . . .
 1 . . . . . . . . . . . . . . . . . . .

koPOSITIONALscoreAREAtaxNONEsui1komi7.5
Time taken: 3.36769
Root visits: 2005
New playouts: 2005
NN rows: 1742
NN batches: 582
NN avg batch size: 2.99313
PV: D16 R4 D4 P4 O17 C17 D17 C16 C14 C15 D15
Tree:
: T 105.29c W  98.64c S   6.59c (+15.9 L +13.3) N    2005  --  D16 R4 D4 P4 O17 C17 D17
---Black(^)---
D16 : T 105.56c W  98.67c S   6.84c (+16.2 L +13.5) LCB  105.46c P 15.20% WF 3912.3 PSV    3898 N     760  --  D16 R4 D4 P4 O17 C17 D17 C16
C16 : T 105.36c W  98.68c S   6.58c (+15.9 L +13.3) LCB  105.22c P  5.90% WF 1150.0 PSV     680 N     224  --  C16 D4 Q4 E17 P16 D15 C15 D14
Q3  : T 105.29c W  98.69c S   6.57c (+15.9 L +13.3) LCB  105.09c P  4.63% WF 752.0 PSV     448 N     145  --  Q3 D16 D4 P16 P17 O17 Q17 O16
C17 : T 105.26c W  98.74c S   6.44c (+15.8 L +13.3) LCB  105.07c P  4.59% WF 717.8 PSV     422 N     137  --  C17 R4 D4 P17 N16 P15 Q14 O3
D4  : T 105.29c W  98.62c S   6.62c (+16.0 L +13.3) LCB  105.12c P  4.30% WF 749.8 PSV     417 N     147  --  D4 D16 R4 P16 P17 O17 Q17 O16
D17 : T 105.25c W  98.68c S   6.53c (+15.9 L +13.3) LCB  105.02c P  4.15% WF 634.9 PSV     375 N     122  --  D17 D3 Q4 D15 C15 C14 C16 D14
Q4  : T 105.17c W  98.59c S   6.54c (+15.9 L +13.2) LCB  104.95c P  4.83% WF 559.2 PSV     368 N     110  --  Q4 D16 D4 P16 P17 O17 Q17 O16
R4  : T 105.23c W  98.67c S   6.52c (+15.9 L +13.3) LCB  104.98c P  3.17% WF 442.6 PSV     272 N      85  --  R4 D16 D4 P16 P17 O17 Q17 O16
C4  : T 105.12c W  98.66c S   6.37c (+15.7 L +13.1) LCB  104.85c P  3.12% WF 316.6 PSV     219 N      61  --  C4 D16 Q4 P16 P17 O17 Q17 O16
D3  : T 104.98c W  98.60c S   6.31c (+15.7 L +13.0) LCB  104.56c P  3.37% WF 262.1 PSV     192 N      51  --  D3 D16 Q4 P16 P17 O17

2025-11-16 23:46:57-0500: play D16
2025-11-16 23:46:57-0500: Controller: kata-set-param maxVisits 2000
2025-11-16 23:46:57-0500: = 
2025-11-16 23:46:57-0500: Controller: kata-genmove_analyze b
2025-11-16 23:46:57-0500: =
2025-11-16 23:47:01-0500: MoveNum: 0 HASH: 369DBF46B1B0C4734771D7254EA5B353
   A B C D E F G H J K L M N O P Q R S T
19 . . . . . . . . . . . . . . . . . . .
18 . . . . . . . . . . . . . . . . . . .
17 . . . . . . . . . . . . . . . . . . .
16 . . . X . . . . . . . . . . . . X . .
15 . . . . . . . . . . . . . . . . . . .
14 . . . . . . . . . . . . . . . . . . .
13 . . . . . . . . . . . . . . . . . . .
12 . . . . . . . . . . . . . . . . . . .
11 . . . . . . . . . . . . . . . . . . .
10 . . . . . . . . . . . . . . . . . . .
 9 . . . . . . . . . . . . . . . . . . .
 8 . . . . . . . . . . . . . . . . . . .
 7 . . . . . . . . . . . . . . . . . . .
 6 . . . . . . . . . . . . . . . . . . .
 5 . . . . . . . . . . . . . . . . . . .
 4 . . . . . . . . . . . . . . . @ . . .
 3 . . . . . . . . . . . . . . . . . . .
 2 . . . . . . . . . . . . . . . . . . .
 1 . . . . . . . . . . . . . . . . . . .

koPOSITIONALscoreAREAtaxNONEsui1komi7.5
Time taken: 3.4201
Root visits: 2005
New playouts: 2005
NN rows: 1766
NN batches: 590
NN avg batch size: 2.99322
PlayoutDoublingAdvantage: -0.5
PV: D4 Q4 P16 F3 O3 R6 H3 C14 O5
Tree:
: T 108.78c W  99.80c S   8.96c (+27.6 L +25.2) N    2005  --  D4 Q4 P16 F3 O3 R6 H3
---Black(^)---
D4  : T 108.96c W  99.79c S   9.13c (+27.8 L +25.4) LCB  108.84c P 16.35% WF 3677.5 PSV   14092 N     667  --  D4 Q4 P16 F3 O3 R6 H3 C14
Q4  : T 108.78c W  99.79c S   8.97c (+27.6 L +25.2) LCB  108.66c P 29.17% WF 3886.6 PSV    3889 N     711  --  Q4 D4 P16 O3 C6 R6 Q6 Q7
P16 : T 108.76c W  99.81c S   8.94c (+27.5 L +25.2) LCB  108.62c P  9.67% WF 1872.0 PSV    1219 N     339  --  P16 Q3 D4 Q5 Q6 P6 R5 P5
Q3  : T 108.70c W  99.82c S   8.88c (+27.5 L +25.1) LCB  108.34c P  2.56% WF 388.3 PSV     277 N      70  --  Q3 D4 P16 Q5 R8 O4 P5
R4  : T 108.60c W  99.81c S   8.79c (+27.3 L +25.0) LCB  107.77c P  1.54% WF 179.7 PSV     134 N      32  --  R4 D4 P4 P16 P17 O17
D3  : T 108.51c W  99.80c S   8.67c (+27.2 L +24.9) LCB  107.84c P  1.80% WF 172.3 PSV     133 N      31  --  D3 Q4 P16 C5 D7 E4 D4
C4  : T 108.45c W  99.81c S   8.67c (+27.2 L +24.9) LCB  105.23c P  1.03% WF  83.8 PSV      69 N      15  --  C4 Q4 E4 P16
O16 : T 108.72c W  99.81c S   8.86c (+27.4 L +25.0) LCB  107.14c P  0.59% WF 100.8 PSV      65 N      18  --  O16 Q4 D4 F3 O3 R7 H3
O17 : T 108.68c W  99.83c S   8.71c (+27.3 L +24.9) LCB  106.94c P  0.63% WF 101.8 PSV      64 N      18  --  O17 Q4 D3 D5
R3  : T 108.65c W  99.83c S   8.87c (+27.4 L +24.8) LCB  102.93c P  0.39% WF  57.6 PSV      38 N      10  --  R3 D4 P16 C14 C12

2025-11-16 23:47:01-0500: play Q4
2025-11-16 23:47:01-0500: Controller: kata-set-param maxVisits 2000
2025-11-16 23:47:01-0500: = 
2025-11-16 23:47:01-0500: Controller: kata-genmove_analyze b
2025-11-16 23:47:01-0500: =
2025-11-16 23:47:04-0500: MoveNum: 0 HASH: 762E3FD4D5A21C39BF66254619A625CB
   A B C D E F G H J K L M N O P Q R S T
19 . . . . . . . . . . . . . . . . . . .
18 . . . . . . . . . . . . . . . . . . .
17 . . . . . . . . . . . . . . . . . . .
16 . . . X . . . . . . . . . . . . X . .
15 . . . . . . . . . . . . . . . . . . .
14 . . . . . . . . . . . . . . . . . . .
13 . . . . . . . . . . . . . . . . . . .
12 . . . . . . . . . . . . . . . . . . .
11 . . . . . . . . . . . . . . . . . . .
10 . . . . . . . . . . . . . . . . . . .
 9 . . . . . . . . . . . . . . . . . . .
 8 . . . . . . . . . . . . . . . . . . .
 7 . . . . . . . . . . . . . . . . . . .
 6 . . . . . . . . . . . . . . . . . . .
 5 . . . . . . . . . . . . . . . . . . .
 4 . . . @ . . . . . . . . . . . X . . .
 3 . . . . . . . . . . . . . . . . . . .
 2 . . . . . . . . . . . . . . . . . . .
 1 . . . . . . . . . . . . . . . . . . .

koPOSITIONALscoreAREAtaxNONEsui1komi7.5
Time taken: 3.51762
Root visits: 2005
New playouts: 2005
NN rows: 1833
NN batches: 613
NN avg batch size: 2.99021
PlayoutDoublingAdvantage: -1.125
PV: D4 P16 N17 R17 R12 Q16 R15 Q18 K16 R6 R5
Tree:
: T 111.81c W  99.92c S  11.92c (+40.9 L +38.1) N    2005  --  D4 P16 N17 R17 R12 Q16 R15
---Black(^)---
D4  : T 111.94c W  99.92c S  12.05c (+41.1 L +38.3) LCB  111.84c P 39.09% WF 6243.6 PSV    6236 N    1209  --  D4 P16 N17 R17 R12 Q16 R15 Q18
D3  : T 111.90c W  99.93c S  12.00c (+40.9 L +38.2) LCB  111.72c P  8.34% WF 1709.0 PSV    1163 N     325  --  D3 P16 P17 O17 Q17 O16 Q14 K16
C4  : T 111.86c W  99.93c S  11.97c (+40.9 L +38.1) LCB  111.67c P  7.50% WF 1501.2 PSV     932 N     286  --  C4 E4 E3 F3 D3 F4 D6 K4
C3  : T 111.74c W  99.92c S  11.86c (+40.8 L +38.0) LCB  111.19c P  1.69% WF 225.9 PSV     156 N      43  --  C3 P16 P17 O17 Q17 O16 R14 F17
E4  : T 111.26c W  99.92c S  11.41c (+40.3 L +37.4) LCB  108.67c P  0.77% WF  89.6 PSV      35 N      17  --  E4 C3 C5 D4 D5 E3 F4 F3
P16 : T 110.56c W  99.95c S  10.63c (+39.4 L +36.3) LCB   96.16c P  1.09% WF  39.4 PSV      29 N       7  --  P16 D4 C3
E3  : T 111.31c W  99.93c S  11.34c (+40.1 L +37.3) LCB   91.65c P  0.54% WF  31.6 PSV      26 N       6  --  E3 C4 D5
C5  : T 111.29c W  99.94c S  11.36c (+40.1 L +37.2) LCB   91.66c P  0.53% WF  32.4 PSV      25 N       6  --  C5 D3 E4
D5  : T 110.51c W  99.90c S  10.71c (+39.4 L +36.6) LCB   82.25c P  0.70% WF  25.8 PSV      18 N       5  --  D5 C3 E3 D4
O16 : T 110.49c W  99.94c S  10.63c (+39.3 L +36.2) LCB   35.98c P  0.55% WF  16.8 PSV      14 N       3  --  O16 D4 F3

2025-11-16 23:47:04-0500: play D4
2025-11-16 23:47:04-0500: Controller: kata-set-param maxVisits 800
2025-11-16 23:47:04-0500: = 
2025-11-16 23:47:04-0500: Controller: kata-genmove_analyze b
2025-11-16 23:47:04-0500: =
2025-11-16 23:47:05-0500: MoveNum: 0 HASH: 9B35D9DEFCFA99DD6ED2C4D035417009
   A B C D E F G H J K L M N O P Q R S T
19 . . . . . . . . . . . . . . . . . . .
18 . . . . . . . . . . . . . . . . . . .
17 . . . . . . . . . . . . . . . . . . .
16 . . . X . . . . . . . . . . @ . X . .
15 . . . . . . . . . . . . . . . . . . .
14 . . . . . . . . . . . . . . . . . . .
13 . . . . . . . . . . . . . . . . . . .
12 . . . . . . . . . . . . . . . . . . .
11 . . . . . . . . . . . . . . . . . . .
10 . . . . . . . . . . . . . . . . . . .
 9 . . . . . . . . . . . . . . . . . . .
 8 . . . . . . . . . . . . . . . . . . .
 7 . . . . . . . . . . . . . . . . . . .
 6 . . . . . . . . . . . . . . . . . . .
 5 . . . . . . . . . . . . . . . . . . .
 4 . . . X . . . . . . . . . . . X . . .
 3 . . . . . . . . . . . . . . . . . . .
 2 . . . . . . . . . . . . . . . . . . .
 1 . . . . . . . . . . . . . . . . . . .

koPOSITIONALscoreAREAtaxNONEsui1komi7.5
Time taken: 0.820565
Root visits: 456
New playouts: 456
NN rows: 435
NN batches: 146
NN avg batch size: 2.97945
PlayoutDoublingAdvantage: -1.875
PV: P16 O3 Q10 F3 J3 C14
Tree:
: T 112.64c W  99.97c S  12.68c (+52.2 L +48.8) N     456  --  P16 O3 Q10 F3 J3 C14
---Black(^)---
P16 : T 112.79c W  99.98c S  12.78c (+52.3 L +48.9) LCB  112.62c P 44.89% WF 1082.5 PSV    1081 N     206  --  P16 O3 Q10 F3 J3 C14
O16 : T 112.57c W  99.97c S  12.59c (+52.1 L +48.8) LCB  112.34c P  9.31% WF 408.7 PSV     173 N      80  --  O16 O3 Q10 F3 J3
O17 : T 112.61c W  99.97c S  12.68c (+52.2 L +48.9) LCB  112.30c P  3.54% WF 303.7 PSV      68 N      60  --  O17 O3 M3 C14
L16 : T 112.53c W  99.98c S  12.71c (+52.2 L +48.7) LCB  110.88c P  0.84% WF 114.7 PSV      14 N      22  --  L16 O3 P16 R6
M16 : T 112.69c W  99.98c S  12.79c (+52.3 L +48.6) LCB  111.14c P  0.65% WF 120.2 PSV      13 N      22  --  M16 F3 H4
L17 : T 112.54c W  99.98c S  12.69c (+52.2 L +48.6) LCB  110.86c P  0.76% WF 111.8 PSV      13 N      21  --  L17 O3 P16 F3
N16 : T 112.85c W  99.97c S  12.89c (+52.5 L +49.3) LCB   93.10c P  0.52% WF  29.4 PSV      13 N       6  --  N16 P16
P17 : T 112.48c W  99.97c S  12.60c (+52.0 L +48.5) LCB  103.70c P  0.74% WF  48.0 PSV      12 N       9  --  P17 C14 C11
M17 : T 112.40c W  99.97c S  12.53c (+52.1 L +48.7) LCB  103.53c P  0.75% WF  45.5 PSV      11 N       9  --  M17 F3 J3
N17 : T 112.54c W  99.97c S  12.56c (+52.1 L +48.8) LCB   97.91c P  0.51% WF  34.8 PSV       9 N       7  --  N17 O3 L3

2025-11-16 23:47:05-0500: play P16
2025-11-16 23:47:05-0500: Controller: kata-set-param maxVisits 800
2025-11-16 23:47:05-0500: = 
2025-11-16 23:47:05-0500: Controller: kata-genmove_analyze b
2025-11-16 23:47:05-0500: =
2025-11-16 23:47:06-0500: MoveNum: 0 HASH: 347F5700F902E957C08F3A5F220BB4BB
   A B C D E F G H J K L M N O P Q R S T
19 . . . . . . . . . . . . . . . . . . .
18 . . . . . . . . . . . . . . . . . . .
17 . . . . . . . . . . . . . . . . . . .
16 . . . X . . . . . . . . . . X . X . .
15 . . . . . . . . . . . . . . . . . . .
14 . . . . . . . . . . . . . . . . . . .
13 . . . . . . . . . . . . . . . . . . .
12 . . . . . . . . . . . . . . . . . . .
11 . . . . . . . . . . . . . . . . . . .
10 . . . . . . . . . . . . . . . @ . . .
 9 . . . . . . . . . . . . . . . . . . .
 8 . . . . . . . . . . . . . . . . . . .
 7 . . . . . . . . . . . . . . . . . . .
 6 . . . . . . . . . . . . . . . . . . .
 5 . . . . . . . . . . . . . . . . . . .
 4 . . . X . . . . . . . . . . . X . . .
 3 . . . . . . . . . . . . . . . . . . .
 2 . . . . . . . . . . . . . . . . . . .
 1 . . . . . . . . . . . . . . . . . . .

koPOSITIONALscoreAREAtaxNONEsui1komi7.5
Time taken: 0.666924
Root visits: 345
New playouts: 345
NN rows: 344
NN batches: 116
NN avg batch size: 2.96552
PlayoutDoublingAdvantage: -2.5
PV: Q10 C14 C12 C6 C9
Tree:
: T 115.24c W  99.99c S  15.26c (+63.7 L +59.7) N     345  --  Q10 C14 C12 C6 C9
---Black(^)---
Q10 : T 115.47c W  99.99c S  15.46c (+64.1 L +60.1) LCB  115.22c P 34.10% WF 563.6 PSV     562 N     104  --  Q10 C14 C12 C6 C9
K17 : T 115.10c W  99.99c S  15.17c (+63.7 L +59.6) LCB  113.62c P  3.98% WF 128.1 PSV      47 N      23  --  K17 O3 L3 F3
L17 : T 115.26c W  99.99c S  15.30c (+63.7 L +59.6) LCB  113.36c P  2.45% WF 112.1 PSV      32 N      20  --  L17 O3 Q10 C6
K4  : T 115.36c W  99.99c S  15.36c (+63.8 L +59.6) LCB  113.02c P  1.56% WF 102.9 PSV      22 N      18  --  K4 C14 C11 C6
Q11 : T 115.25c W  99.99c S  15.27c (+63.7 L +59.6) LCB  112.02c P  1.68% WF  84.9 PSV      22 N      15  --  Q11 C14 C12
O3  : T 114.97c W  99.99c S  15.13c (+63.5 L +59.7) LCB  107.79c P  1.88% WF  55.4 PSV      20 N      10  --  O3 R10 R7
C14 : T 115.16c W  99.99c S  15.15c (+63.5 L +59.6) LCB  107.97c P  1.43% WF  55.4 PSV      17 N      10  --  C14 O3 L3
R7  : T 115.39c W  99.99c S  15.32c (+63.7 L +59.5) LCB  111.12c P  1.11% WF  75.6 PSV      16 N      13  --  R7 C14 C12
L16 : T 115.15c W  99.99c S  15.23c (+63.8 L +59.7) LCB  106.28c P  1.33% WF  48.8 PSV      16 N       9  --  L16 F3 Q10
D10 : T 114.95c W  99.99c S  15.05c (+63.5 L +59.4) LCB   94.98c P  1.41% WF  33.0 PSV      15 N       6  --  D10 O3 Q10

2025-11-16 23:47:06-0500: play Q10
2025-11-16 23:47:06-0500: Controller: kata-set-param maxVisits 800
2025-11-16 23:47:06-0500: = 
2025-11-16 23:47:06-0500: Controller: kata-genmove_analyze b
2025-11-16 23:47:06-0500: =
2025-11-16 23:47:06-0500: MoveNum: 0 HASH: 1C9F253491083B9CB59571063558F3AF
   A B C D E F G H J K L M N O P Q R S T
19 . . . . . . . . . . . . . . . . . . .
18 . . . . . . . . . . . . . . . . . . .
17 . . . . . . . . . . . . . . . . . . .
16 . . . X . . . . . . . @ . . X . X . .
15 . . . . . . . . . . . . . . . . . . .
14 . . . . . . . . . . . . . . . . . . .
13 . . . . . . . . . . . . . . . . . . .
12 . . . . . . . . . . . . . . . . . . .
11 . . . . . . . . . . . . . . . . . . .
10 . . . . . . . . . . . . . . . X . . .
 9 . . . . . . . . . . . . . . . . . . .
 8 . . . . . . . . . . . . . . . . . . .
 7 . . . . . . . . . . . . . . . . . . .
 6 . . . . . . . . . . . . . . . . . . .
 5 . . . . . . . . . . . . . . . . . . .
 4 . . . X . . . . . . . . . . . X . . .
 3 . . . . . . . . . . . . . . . . . . .
 2 . . . . . . . . . . . . . . . . . . .
 1 . . . . . . . . . . . . . . . . . . .

koPOSITIONALscoreAREAtaxNONEsui1komi7.5
Time taken: 0.655156
Root visits: 333
New playouts: 333
NN rows: 333
NN batches: 113
NN avg batch size: 2.9469
PlayoutDoublingAdvantage: -2.75
PV: L16 F3 K4 O3 E3
Tree:
: T 117.16c W  99.99c S  17.20c (+77.0 L +72.2) N     333  --  L16 F3 K4 O3 E3
---Black(^)---
L16 : T 117.16c W  99.99c S  17.19c (+77.1 L +72.4) LCB  116.70c P 19.14% WF 310.8 PSV     311 N      56  --  L16 F3 K4 O3 E3
D10 : T 117.09c W  99.99c S  17.21c (+77.1 L +72.2) LCB  115.67c P  4.75% WF 139.0 PSV      72 N      24  --  D10 F3 K4 C6
M16 : T 117.20c W  99.99c S  17.20c (+76.9 L +72.1) LCB  115.96c P  3.97% WF 145.3 PSV      67 N      25  --  M16 C14 D14 D13
L17 : T 117.35c W 100.00c S  17.33c (+77.2 L +72.4) LCB  116.06c P  2.79% WF 145.6 PSV      56 N      25  --  L17 F3 J3 O3
K16 : T 117.20c W 100.00c S  17.25c (+77.1 L +72.2) LCB  115.45c P  3.29% WF 125.2 PSV      55 N      21  --  K16 C6 C8
K4  : T 117.15c W 100.00c S  17.24c (+77.2 L +72.1) LCB  114.83c P  3.45% WF 107.3 PSV      55 N      18  --  K4 C14 C11 C6
K17 : T 117.11c W 100.00c S  17.33c (+77.2 L +72.4) LCB  114.58c P  3.19% WF 100.2 PSV      49 N      17  --  K17 F3 J3
N3  : T 117.31c W 100.00c S  17.46c (+77.3 L +72.5) LCB  113.00c P  1.57% WF  75.1 PSV      30 N      13  --  N3 C14 C11
O3  : T 117.17c W  99.99c S  17.22c (+77.2 L +72.5) LCB  109.94c P  1.63% WF  55.1 PSV      26 N      10  --  O3 C14 C12
O4  : T 117.08c W  99.99c S  17.10c (+76.9 L +72.3) LCB  102.29c P  1.43% WF  38.8 PSV      21 N       7  --  O4 C6 C9

2025-11-16 23:47:06-0500: play M16
2025-11-16 23:47:06-0500: Controller: kata-set-param maxVisits 800
2025-11-16 23:47:06-0500: = 
2025-11-16 23:47:06-0500: Controller: kata-genmove_analyze b
2025-11-16 23:47:06-0500: =
2025-11-16 23:47:07-0500: MoveNum: 0 HASH: FE1919D1CF7796491B1234266D95787B
   A B C D E F G H J K L M N O P Q R S T
19 . . . . . . . . . . . . . . . . . . .
18 . . . . . . . . . . . . . . . . . . .
17 . . . . . . . . . . . . . . . . . . .
16 . . . X . . . . . . . X . . X . X . .
15 . . . . . . . . . . . . . . . . . . .
14 . . . . . . . . . . . . . . . . . . .
13 . . . . . . . . . . . . . . . . . . .
12 . . . . . . . . . . . . . . . . . . .
11 . . . . . . . . . . . . . . . . . . .
10 . . . @ . . . . . . . . . . . X . . .
 9 . . . . . . . . . . . . . . . . . . .
 8 . . . . . . . . . . . . . . . . . . .
 7 . . . . . . . . . . . . . . . . . . .
 6 . . . . . . . . . . . . . . . . . . .
 5 . . . . . . . . . . . . . . . . . . .
 4 . . . X . . . . . . . . . . . X . . .
 3 . . . . . . . . . . . . . . . . . . .
 2 . . . . . . . . . . . . . . . . . . .
 1 . . . . . . . . . . . . . . . . . . .

koPOSITIONALscoreAREAtaxNONEsui1komi7.5
Time taken: 0.637555
Root visits: 328
New playouts: 328
NN rows: 326
NN batches: 110
NN avg batch size: 2.96364
PlayoutDoublingAdvantage: -2.75
PV: D10 F3 K4 C6
Tree:
: T 118.54c W 100.00c S  18.56c (+91.2 L +85.7) N     328  --  D10 F3 K4 C6
---Black(^)---
D10 : T 118.64c W 100.00c S  18.63c (+91.5 L +85.9) LCB  117.88c P  7.37% WF 212.6 PSV     335 N      38  --  D10 F3 K4 C6
K4  : T 118.46c W 100.00c S  18.61c (+91.4 L +85.8) LCB  117.66c P 11.30% WF 229.5 PSV     230 N      41  --  K4 C6 D10 F3
O3  : T 118.74c W 100.00c S  18.75c (+91.3 L +86.0) LCB  117.02c P  3.35% WF 125.7 PSV     108 N      21  --  O3 C6 C8
O4  : T 118.45c W 100.00c S  18.60c (+91.0 L +85.8) LCB  115.16c P  3.85% WF  88.2 PSV      77 N      15  --  O4 C6 C9
N3  : T 118.76c W 100.00c S  19.01c (+91.6 L +86.2) LCB  115.00c P  2.24% WF  83.0 PSV      75 N      14  --  N3 C14 C11
C10 : T 118.78c W 100.00c S  18.94c (+91.5 L +85.8) LCB  114.41c P  1.93% WF  78.0 PSV      67 N      13  --  C10 F17 H17
F17 : T 118.73c W 100.00c S  18.64c (+91.2 L +85.9) LCB  114.33c P  2.10% WF  75.9 PSV      65 N      13  --  F17 C6 C10
J16 : T 118.75c W 100.00c S  18.78c (+91.3 L +85.9) LCB  114.42c P  1.98% WF  77.6 PSV      65 N      13  --  J16 C6 C9
K3  : T 118.74c W 100.00c S  18.82c (+91.4 L +85.7) LCB  115.23c P  1.83% WF  87.9 PSV      59 N      15  --  K3 C14 D14
G17 : T 119.00c W 100.00c S  18.93c (+91.6 L +86.1) LCB  111.66c P  1.38% WF  57.1 PSV      57 N      10  --  G17 C6 C9

2025-11-16 23:47:07-0500: play D10
2025-11-16 23:47:07-0500: Controller: kata-set-param maxVisits 800
2025-11-16 23:47:07-0500: = 
2025-11-16 23:47:07-0500: Controller: kata-genmove_analyze b
2025-11-16 23:47:07-0500: =
2025-11-16 23:47:08-0500: MoveNum: 0 HASH: 5D53C63B6B0E3B8D4C8C4A04ADE1EF2D
   A B C D E F G H J K L M N O P Q R S T
19 . . . . . . . . . . . . . . . . . . .
18 . . . . . . . . . . . . . . . . . . .
17 . . . . . . . . . . . . . . . . . . .
16 . . . X . . . . . . . X . . X . X . .
15 . . . . . . . . . . . . . . . . . . .
14 . . . . . . . . . . . . . . . . . . .
13 . . . . . . . . . . . . . . . . . . .
12 . . . . . . . . . . . . . . . . . . .
11 . . . . . . . . . . . . . . . . . . .
10 . . . X . . . . . . . . . . . X . . .
 9 . . . . . . . . . . . . . . . . . . .
 8 . . . . . . . . . . . . . . . . . . .
 7 . . . . . . . . . . . . . . . . . . .
 6 . . . . . . . . . . . . . . . . . . .
 5 . . . . . . . . . . . . . . . . . . .
 4 . . . X . . . . . @ . . . . . X . . .
 3 . . . . . . . . . . . . . . . . . . .
 2 . . . . . . . . . . . . . . . . . . .
 1 . . . . . . . . . . . . . . . . . . .

koPOSITIONALscoreAREAtaxNONEsui1komi7.5
Time taken: 0.631382
Root visits: 327
New playouts: 327
NN rows: 325
NN batches: 109
NN avg batch size: 2.98165
PlayoutDoublingAdvantage: -2.75
PV: K4 F17 H17 C14 D14
Tree:
: T 119.84c W 100.00c S  19.73c (+106.1 L +99.6) N     327  --  K4 F17 H17 C14 D14
---Black(^)---
K4  : T 120.11c W 100.00c S  19.86c (+106.4 L +99.9) LCB  119.13c P 16.32% WF 298.4 PSV     298 N      54  --  K4 F17 H17 C14 D14
F17 : T 120.01c W 100.00c S  19.90c (+106.2 L +100.2) LCB  118.78c P  3.68% WF 164.6 PSV      59 N      29  --  F17 L15 L16 K15
G16 : T 120.09c W 100.00c S  19.86c (+106.2 L +99.9) LCB  118.71c P  2.67% WF 151.7 PSV      47 N      27  --  G16 O3 K4 R6
F16 : T 119.96c W 100.00c S  19.76c (+106.0 L +99.7) LCB  118.25c P  2.99% WF 130.4 PSV      46 N      23  --  F16 O3 K4 R6
G17 : T 120.10c W 100.00c S  20.26c (+106.6 L +100.3) LCB  118.58c P  2.51% WF 142.5 PSV      45 N      24  --  G17 O3 O4 N4
J16 : T 120.03c W 100.00c S  19.89c (+106.1 L +99.7) LCB  117.86c P  2.73% WF 115.0 PSV      45 N      20  --  J16 O3 K4 R6
K3  : T 120.07c W 100.00c S  19.90c (+106.4 L +99.6) LCB  116.85c P  1.99% WF  89.9 PSV      34 N      16  --  K3 F17 H17 R6
L4  : T 119.99c W 100.00c S  20.17c (+106.6 L +99.9) LCB  112.58c P  1.44% WF  57.7 PSV      23 N      10  --  L4 F3 H3 F17
J4  : T 120.20c W 100.00c S  20.34c (+106.7 L +99.8) LCB   91.07c P  1.14% WF  28.7 PSV      23 N       5  --  J4 F17 H17
N4  : T 120.16c W 100.00c S  20.32c (+106.6 L +100.0) LCB  111.17c P  1.15% WF  54.5 PSV      22 N       9  --  N4 F3 H4

2025-11-16 23:47:08-0500: play K4
2025-11-16 23:47:08-0500: Controller: kata-set-param maxVisits 2000
2025-11-16 23:47:08-0500: = 
2025-11-16 23:47:08-0500: Controller: kata-genmove_analyze b
2025-11-16 23:47:08-0500: =
2025-11-16 23:47:09-0500: MoveNum: 0 HASH: 19A68B49321D8EDDE4FA92F0C35122E5
   A B C D E F G H J K L M N O P Q R S T
19 . . . . . . . . . . . . . . . . . . .
18 . . . . . . . . . . . . . . . . . . .
17 . . . . . . . . . . . . . . . . . . .
16 . . . X . . . . . . . X . . X . X . .
15 . . . . . . . . . . . . . . . . . . .
14 . . . . . . . . . . . . . . . . . . .
13 . . . . . . . . . . . . . . . . . . .
12 . . . . . . . . . . . . . . . . . . .
11 . . . . . . . . . @ . . . . . . . . .
10 . . . X . . . . . . . . . . . X . . .
 9 . . . . . . . . . . . . . . . . . . .
 8 . . . . . . . . . . . . . . . . . . .
 7 . . . . . . . . . . . . . . . . . . .
 6 . . . . . . . . . . . . . . . . . . .
 5 . . . . . . . . . . . . . . . . . . .
 4 . . . X . . . . . X . . . . . X . . .
 3 . . . . . . . . . . . . . . . . . . .
 2 . . . . . . . . . . . . . . . . . . .
 1 . . . . . . . . . . . . . . . . . . .

koPOSITIONALscoreAREAtaxNONEsui1komi7.5
Time taken: 1.56219
Root visits: 807
New playouts: 807
NN rows: 806
NN batches: 270
NN avg batch size: 2.98519
PlayoutDoublingAdvantage: -2.75
PV: K11 F17 J16 R6 E17
Tree:
: T 120.95c W 100.00c S  20.88c (+120.8 L +113.6) N     807  --  K11 F17 J16 R6 E17
---Black(^)---
K11 : T 121.24c W 100.00c S  21.18c (+121.4 L +113.9) LCB  120.47c P  3.33% WF 335.5 PSV     491 N      61  --  K11 F17 J16 R6 E17
J16 : T 121.14c W 100.00c S  20.92c (+120.9 L +113.7) LCB  120.37c P  6.82% WF 406.0 PSV     406 N      75  --  J16 C14 C15 D14 F16 G11 F11
F16 : T 121.24c W 100.00c S  21.01c (+121.0 L +114.1) LCB  120.44c P  4.19% WF 348.1 PSV     322 N      64  --  F16 L15 L16 J15 K16 J12
F17 : T 121.14c W 100.00c S  21.03c (+121.1 L +114.3) LCB  120.37c P  4.57% WF 354.1 PSV     271 N      65  --  F17 L15 L16 J15 K16 J13
G16 : T 121.10c W 100.00c S  20.93c (+120.9 L +113.9) LCB  120.12c P  4.71% WF 328.8 PSV     257 N      61  --  G16 L15 L16 J15 K16
Q6  : T 121.16c W 100.00c S  21.06c (+121.0 L +114.0) LCB  120.39c P  3.90% WF 328.3 PSV     246 N      60  --  Q6 F17 J16 C14 C17
L10 : T 121.10c W 100.00c S  20.92c (+121.0 L +113.8) LCB  120.25c P  3.69% WF 259.4 PSV     203 N      48  --  L10 F17 J16 R6 R8
G17 : T 121.33c W 100.00c S  21.31c (+121.3 L +114.2) LCB  120.19c P  2.58% WF 189.8 PSV     190 N      34  --  G17 F15 D14 J14 J12
K10 : T 120.89c W 100.00c S  20.98c (+121.1 L +113.4) LCB  119.77c P  3.26% WF 196.9 PSV     125 N      36  --  K10 F17 J16 H15
N10 : T 120.55c W 100.00c S  20.88c (+120.8 L +113.6) LCB  118.83c P  4.86% WF 145.4 PSV     125 N      27  --  N10 F17 J16 H15

2025-11-16 23:47:09-0500: play K11
2025-11-16 23:47:09-0500: Controller: kata-set-param maxVisits 800
2025-11-16 23:47:09-0500: = 
2025-11-16 23:47:09-0500: Controller: kata-genmove_analyze b
2025-11-16 23:47:09-0500: =
2025-11-16 23:47:10-0500: MoveNum: 0 HASH: D24C1AFB7C9E490E0C83E930B38D2820
   A B C D E F G H J K L M N O P Q R S T
19 . . . . . . . . . . . . . . . . . . .
18 . . . . . . . . . . . . . . . . . . .
17 . . . . . . . . . . . . . . . . . . .
16 . . . X . . @ . . . . X . . X . X . .
15 . . . . . . . . . . . . . . . . . . .
14 . . . . . . . . . . . . . . . . . . .
13 . . . . . . . . . . . . . . . . . . .
12 . . . . . . . . . . . . . . . . . . .
11 . . . . . . . . . X . . . . . . . . .
10 . . . X . . . . . . . . . . . X . . .
 9 . . . . . . . . . . . . . . . . . . .
 8 . . . . . . . . . . . . . . . . . . .
 7 . . . . . . . . . . . . . . . . . . .
 6 . . . . . . . . . . . . . . . . . . .
 5 . . . . . . . . . . . . . . . . . . .
 4 . . . X . . . . . X . . . . . X . . .
 3 . . . . . . . . . . . . . . . . . . .
 2 . . . . . . . . . . . . . . . . . . .
 1 . . . . . . . . . . . . . . . . . . .

koPOSITIONALscoreAREAtaxNONEsui1komi7.5
Time taken: 0.620705
Root visits: 326
New playouts: 326
NN rows: 326
NN batches: 110
NN avg batch size: 2.96364
PlayoutDoublingAdvantage: -2.75
PV: G16 N10 N8 L10 J9
Tree:
: T 121.60c W 100.00c S  21.47c (+135.7 L +128.2) N     326  --  G16 N10 N8 L10 J9
---Black(^)---
G16 : T 121.92c W 100.00c S  21.72c (+136.0 L +128.5) LCB  121.03c P 14.16% WF 340.8 PSV     538 N      64  --  G16 N10 N8 L10 J9
J16 : T 121.57c W 100.00c S  21.47c (+135.7 L +128.1) LCB  120.75c P 14.64% WF 344.1 PSV     344 N      65  --  J16 M15 L15 L14 K14 M14
F17 : T 121.87c W 100.00c S  21.73c (+136.0 L +128.8) LCB  120.94c P  5.45% WF 271.5 PSV     238 N      51  --  F17 G16 J16 G14 D13
F16 : T 121.72c W 100.00c S  21.45c (+135.8 L +128.4) LCB  120.54c P  6.19% WF 208.1 PSV     187 N      40  --  F16 N10 N8 L10 M12
G17 : T 121.69c W 100.00c S  21.66c (+136.0 L +128.4) LCB  120.62c P  4.94% WF 207.3 PSV     142 N      39  --  G17 L15 L16 J15 K16
H16 : T 121.74c W 100.00c S  21.69c (+135.9 L +128.0) LCB  120.46c P  2.92% WF 151.7 PSV      93 N      28  --  H16 N10 N8 L10 J9
H17 : T 120.68c W 100.00c S  20.61c (+134.8 L +127.1) LCB   77.16c P  1.87% WF  19.8 PSV      18 N       4  --  H17 L15
O10 : T 120.25c W 100.00c S  20.17c (+134.0 L +126.5) LCB   45.16c P  1.80% WF  14.9 PSV      14 N       3  --  O10 O3
Q6  : T 120.53c W 100.00c S  20.45c (+134.5 L +126.8) LCB   76.86c P  1.43% WF  19.7 PSV      13 N       4  --  Q6 N11
N10 : T 120.24c W 100.00c S  20.15c (+133.9 L +126.4) LCB   44.73c P  1.70% WF  14.8 PSV      13 N       3  --  N10 R6

2025-11-16 23:47:10-0500: play G16
2025-11-16 23:47:10-0500: Controller: kata-set-param maxVisits 800
2025-11-16 23:47:10-0500: = 
2025-11-16 23:47:10-0500: Controller: kata-genmove_analyze b
2025-11-16 23:47:10-0500: =
2025-11-16 23:47:10-0500: MoveNum: 0 HASH: 02EC1C2B75D4DCD460F7D89D3E7347BD
   A B C D E F G H J K L M N O P Q R S T
19 . . . . . . . . . . . . . . . . . . .
18 . . . . . . . . . . . . . . . . . . .
17 . . . . . . . . . . . . . . . . . . .
16 . . . X . . X . . . . X . . X . X . .
15 . . . . . . . . . . . . . . . . . . .
14 . . . . . . . . . . . . . . . . . . .
13 . . . . . . . . . . . . . . . . . . .
12 . . . . . . . . . . . . . . . . . . .
11 . . . . . . . . . X . . . . . . . . .
10 . . . X . . . . . . . . . . . X . . .
 9 . . . . . . . . . . . . . . . . . . .
 8 . . . . . . . . . . . . . . . . . . .
 7 . . . . . . . . . @ . . . . . . . . .
 6 . . . . . . . . . . . . . . . . . . .
 5 . . . . . . . . . . . . . . . . . . .
 4 . . . X . . . . . X . . . . . X . . .
 3 . . . . . . . . . . . . . . . . . . .
 2 . . . . . . . . . . . . . . . . . . .
 1 . . . . . . . . . . . . . . . . . . .

koPOSITIONALscoreAREAtaxNONEsui1komi7.5
Time taken: 0.632685
Root visits: 326
New playouts: 326
NN rows: 326
NN batches: 110
NN avg batch size: 2.96364
PlayoutDoublingAdvantage: -2.75
PV: K7 L15 L16 J15 K16
Tree:
: T 121.39c W 100.00c S  21.24c (+149.3 L +142.0) N     326  --  K7 L15 L16 J15 K16
---Black(^)---
K7  : T 122.14c W 100.00c S  21.79c (+150.1 L +142.6) LCB  121.12c P  2.61% WF 260.6 PSV     617 N      50  --  K7 L15 L16 J15 K16
O10 : T 121.40c W 100.00c S  21.21c (+149.3 L +142.1) LCB  120.49c P 10.62% WF 278.5 PSV     279 N      56  --  O10 G10 G8 J10 H12
N10 : T 121.63c W 100.00c S  21.49c (+149.8 L +142.8) LCB  120.68c P  9.30% WF 260.0 PSV     260 N      52  --  N10 L16 M17 L14 J13
D6  : T 121.75c W 100.00c S  21.72c (+149.8 L +142.2) LCB  120.59c P  3.92% WF 185.7 PSV     186 N      36  --  D6 N10 L8 L15 N12
R6  : T 121.40c W 100.00c S  21.33c (+149.4 L +141.9) LCB  120.17c P  4.14% WF 187.1 PSV     108 N      37  --  R6 N10 L8 L15
Q6  : T 121.99c W 100.00c S  21.79c (+149.8 L +142.3) LCB  119.75c P  3.49% WF  97.7 PSV      98 N      19  --  Q6 L15 L16 N11
K8  : T 120.25c W 100.00c S  20.22c (+148.6 L +141.4) LCB  100.82c P  2.94% WF  27.8 PSV      25 N       6  --  K8 L15
K9  : T 120.37c W 100.00c S  20.32c (+148.7 L +141.5) LCB   92.54c P  2.38% WF  23.5 PSV      22 N       5  --  K9 L15
F4  : T 120.22c W 100.00c S  20.16c (+148.2 L +140.6) LCB   92.30c P  2.56% WF  23.1 PSV      21 N       5  --  F4 L15
O4  : T 120.07c W 100.00c S  20.00c (+148.0 L +140.2) LCB   92.09c P  2.33% WF  23.0 PSV      18 N       5  --  O4 L15

2025-11-16 23:47:10-0500: play K7
2025-11-16 23:47:10-0500: Controller: kata-set-param maxVisits 800
2025-11-16 23:47:10-0500: = 
2025-11-16 23:47:10-0500: Controller: kata-genmove_analyze b
2025-11-16 23:47:10-0500: =
2025-11-16 23:47:11-0500: MoveNum: 0 HASH: 26C4F42D4192A9E0FCEEC6A8D7AD3973
   A B C D E F G H J K L M N O P Q R S T
19 . . . . . . . . . . . . . . . . . . .
18 . . . . . . . . . . . . . . . . . . .
17 . . . . . . . . . . . . . . . . . . .
16 . . . X . . X . . . . X . . X . X . .
15 . . . . . . . . . . . . . . . . . . .
14 . . . . . . . . . . . . . . . . . . .
13 . . . . . . . . . . . . . . . . . . .
12 . . . . . . . . . . . . . . . . . . .
11 . . . . . . . . . X . . . . . . . . .
10 . . . X . . . . . . . . . . . X . . .
 9 . . . . . . . . . . . . . . . . . . .
 8 . . . . . . . . . . . . . . . . . . .
 7 . . . . . . . . . X . . . . . . . . .
 6 . . . . . . . . . . . . . . . . @ . .
 5 . . . . . . . . . . . . . . . . . . .
 4 . . . X . . . . . X . . . . . X . . .
 3 . . . . . . . . . . . . . . . . . . .
 2 . . . . . . . . . . . . . . . . . . .
 1 . . . . . . . . . . . . . . . . . . .

koPOSITIONALscoreAREAtaxNONEsui1komi7.5
Time taken: 0.63123
Root visits: 326
New playouts: 326
NN rows: 326
NN batches: 110
NN avg batch size: 2.96364
PlayoutDoublingAdvantage: -2.75
PV: R6 N11 N9 P11 Q11
Tree:
: T 120.43c W 100.00c S  20.29c (+162.9 L +155.9) N     326  --  R6 N11 N9 P11 Q11
---Black(^)---
R6  : T 120.65c W 100.00c S  20.58c (+163.5 L +156.6) LCB  119.94c P  8.90% WF 296.9 PSV     359 N      63  --  R6 N11 N9 P11 Q11
D6  : T 120.84c W 100.00c S  20.64c (+163.4 L +156.3) LCB  119.88c P  3.71% WF 193.7 PSV     194 N      41  --  D6 L15 L16 M15
O10 : T 120.37c W 100.00c S  20.23c (+162.9 L +156.0) LCB  119.31c P  8.73% WF 180.2 PSV     177 N      39  --  O10 L16 L15 M17 K16
Q6  : T 120.57c W 100.00c S  20.55c (+163.2 L +156.4) LCB  119.67c P  6.17% WF 181.0 PSV     174 N      39  --  Q6 N11 P11 K9
C6  : T 120.56c W 100.00c S  20.54c (+163.4 L +156.2) LCB  119.61c P  5.42% WF 170.5 PSV     151 N      36  --  C6 L15 L16 M15
F3  : T 121.15c W 100.00c S  20.79c (+163.4 L +156.0) LCB  119.78c P  2.95% WF 126.1 PSV     126 N      26  --  F3 L15 L16 J15
O3  : T 121.37c W 100.00c S  20.94c (+163.3 L +155.9) LCB  117.43c P  3.05% WF  68.5 PSV      69 N      14  --  O3 L15 L13
K13 : T 119.96c W 100.00c S  19.59c (+162.2 L +155.2) LCB  108.84c P  3.15% WF  35.8 PSV      36 N       8  --  K13 L9 M8
Q8  : T 118.81c W 100.00c S  18.76c (+161.4 L +154.6) LCB   99.42c P  3.81% WF  24.9 PSV      24 N       6  --  Q8 Q11
F4  : T 119.34c W 100.00c S  19.29c (+162.1 L +154.5) LCB   76.53c P  2.20% WF  17.4 PSV      18 N       4  --  F4 L15

2025-11-16 23:47:11-0500: play R6
2025-11-16 23:47:11-0500: Controller: kata-set-param maxVisits 800
2025-11-16 23:47:11-0500: = 
2025-11-16 23:47:11-0500: Controller: kata-genmove_analyze b
2025-11-16 23:47:11-0500: =
2025-11-16 23:47:12-0500: MoveNum: 0 HASH: E2DE65EC788FB64437D40132B761AD46
   A B C D E F G H J K L M N O P Q R S T
19 . . . . . . . . . . . . . . . . . . .
18 . . . . . . . . . . . . . . . . . . .
17 . . . . . . . . . . . . . . . . . . .
16 . . . X . . X . . . . X . . X . X . .
15 . . . . . . . . . . . . . . . . . . .
14 . . . . . . . . . . . . . . . . . . .
13 . . . . . . . . . . . . . . . . . . .
12 . . . . . . . . . . . . . . . . . . .
11 . . . . . . . . . X . . @ . . . . . .
10 . . . X . . . . . . . . . . . X . . .
 9 . . . . . . . . . . . . . . . . . . .
 8 . . . . . . . . . . . . . . . . . . .
 7 . . . . . . . . . X . . . . . . . . .
 6 . . . . . . . . . . . . . . . . X . .
 5 . . . . . . . . . . . . . . . . . . .
 4 . . . X . . . . . X . . . . . X . . .
 3 . . . . . . . . . . . . . . . . . . .
 2 . . . . . . . . . . . . . . . . . . .
 1 . . . . . . . . . . . . . . . . . . .

koPOSITIONALscoreAREAtaxNONEsui1komi7.5
Time taken: 0.640735
Root visits: 326
New playouts: 326
NN rows: 326
NN batches: 110
NN avg batch size: 2.96364
PlayoutDoublingAdvantage: -2.75
PV: N11 L16 M17 H15 H13
Tree:
: T 119.30c W 100.00c S  19.17c (+176.8 L +170.4) N     326  --  N11 L16 M17 H15 H13
---Black(^)---
N11 : T 119.88c W 100.00c S  19.74c (+177.7 L +171.4) LCB  119.33c P  3.86% WF 266.9 PSV     442 N      61  --  N11 L16 M17 H15 H13
C6  : T 119.74c W 100.00c S  19.58c (+177.2 L +170.5) LCB  119.15c P  4.48% WF 203.6 PSV     180 N      46  --  C6 N10 M11 L16
K13 : T 119.21c W 100.00c S  19.06c (+176.5 L +170.4) LCB  118.43c P  9.23% WF 164.2 PSV     144 N      39  --  K13 L9 M8 M9
O10 : T 119.04c W 100.00c S  18.93c (+176.5 L +170.3) LCB  118.20c P  9.54% WF 141.7 PSV     124 N      34  --  O10 N10 N11 M11
M11 : T 119.13c W 100.00c S  19.00c (+176.7 L +170.4) LCB  117.96c P  8.42% WF 138.7 PSV     120 N      33  --  M11 N11 N10 M12
D6  : T 119.50c W 100.00c S  19.41c (+177.0 L +170.3) LCB  118.69c P  4.57% WF 152.4 PSV     108 N      35  --  D6 N11 N9 P11
O11 : T 119.12c W 100.00c S  18.95c (+176.3 L +170.0) LCB  116.25c P  3.80% WF  67.2 PSV      53 N      16  --  O11 L16 M17 H15
M12 : T 119.49c W 100.00c S  19.36c (+177.1 L +170.8) LCB  115.63c P  2.06% WF  59.4 PSV      47 N      14  --  M12 N12 N11
L13 : T 119.05c W 100.00c S  18.90c (+176.3 L +170.2) LCB  111.82c P  2.35% WF  41.3 PSV      31 N      10  --  L13 L16 M17
P3  : T 118.51c W 100.00c S  18.29c (+175.3 L +168.9) LCB  109.70c P  3.41% WF  35.6 PSV      29 N       9  --  P3 R7 Q7

2025-11-16 23:47:12-0500: play N11
2025-11-16 23:47:12-0500: Controller: kata-set-param maxVisits 800
2025-11-16 23:47:12-0500: = 
2025-11-16 23:47:12-0500: Controller: kata-genmove_analyze b
2025-11-16 23:47:12-0500: =
2025-11-16 23:47:12-0500: MoveNum: 0 HASH: BC76DC91E0AD60A6D273C37E4F2B0FAE
   A B C D E F G H J K L M N O P Q R S T
19 . . . . . . . . . . . . . . . . . . .
18 . . . . . . . . . . . . . . . . . . .
17 . . . . . . . . . . . . . . . . . . .
16 . . . X . . X . . . . X . . X . X . .
15 . . . . . . . . . . . . . . . . . . .
14 . . . . . . . . . . . . . . . . . . .
13 . . . . . . . . . . . . . . . . . . .
12 . . . . . . . . . . . . . . . . . . .
11 . . . . . . . . . X . . X . . . . . .
10 . . . X . . . . . . . . . . . X . . .
 9 . . . . . . . . . . . . . . . . . . .
 8 . . . . . . . . . . . . . . . . . . .
 7 . . . . . . . . . X . . . . . . . . .
 6 . . . @ . . . . . . . . . . . . X . .
 5 . . . . . . . . . . . . . . . . . . .
 4 . . . X . . . . . X . . . . . X . . .
 3 . . . . . . . . . . . . . . . . . . .
 2 . . . . . . . . . . . . . . . . . . .
 1 . . . . . . . . . . . . . . . . . . .

koPOSITIONALscoreAREAtaxNONEsui1komi7.5
Time taken: 0.629201
Root visits: 325
New playouts: 325
NN rows: 323
NN batches: 109
NN avg batch size: 2.9633
PlayoutDoublingAdvantage: -2.75
PV: D6 L16 M17 H15
Tree:
: T 118.17c W 100.00c S  18.00c (+192.0 L +186.0) N     325  --  D6 L16 M17 H15
---Black(^)---
D6  : T 118.76c W 100.00c S  18.59c (+193.2 L +186.6) LCB  117.83c P  3.88% WF 221.5 PSV     535 N      54  --  D6 L16 M17 H15
F10 : T 118.56c W 100.00c S  18.38c (+192.6 L +186.7) LCB  117.49c P 19.83% WF 262.6 PSV     262 N      66  --  F10 K12 J12 L11
P3  : T 117.81c W 100.00c S  17.55c (+191.4 L +185.8) LCB  117.00c P 25.20% WF 206.4 PSV     190 N      55  --  P3 R5 Q5 L16 M17
D7  : T 118.16c W 100.00c S  18.10c (+192.0 L +186.0) LCB  116.69c P  2.30% WF 149.0 PSV      21 N      38  --  D7 L16 M17 L17
F9  : T 118.43c W 100.00c S  18.23c (+192.7 L +186.3) LCB  113.42c P  1.73% WF  52.6 PSV      20 N      13  --  F9 L16 M17
D8  : T 118.24c W 100.00c S  18.23c (+192.6 L +186.0) LCB  114.24c P  1.85% WF  64.5 PSV      18 N      16  --  D8 L16 L15 M17
F3  : T 118.54c W 100.00c S  18.15c (+192.4 L +185.5) LCB  112.24c P  1.43% WF  45.3 PSV      18 N      11  --  F3 L16 M17 L17
C6  : T 118.13c W 100.00c S  17.88c (+191.8 L +185.5) LCB  117.04c P  1.73% WF 130.2 PSV      16 N      33  --  C6 G11 G13 M17
F4  : T 117.62c W 100.00c S  17.58c (+190.9 L +185.2) LCB  115.73c P  2.03% WF  86.5 PSV      13 N      23  --  F4 L16 M17 H15
L3  : T 117.09c W 100.00c S  16.81c (+190.4 L +184.2) LCB   88.00c P  2.09% WF  18.3 PSV      11 N       5  --  L3 L16 M17

2025-11-16 23:47:12-0500: play D6
2025-11-16 23:47:12-0500: Controller: kata-set-param maxVisits 2000
2025-11-16 23:47:12-0500: = 
2025-11-16 23:47:12-0500: Controller: kata-genmove_analyze b
2025-11-16 23:47:12-0500: =
2025-11-16 23:47:14-0500: MoveNum: 0 HASH: B9EE190BC0E9007A437A02C7E106527E
   A B C D E F G H J K L M N O P Q R S T
19 . . . . . . . . . . . . . . . . . . .
18 . . . . . . . . . . . . . . . . . . .
17 . . . . . . . . . . . . . . . . . . .
16 . . . X . . X . . . . X . . X . X . .
15 . . . . . . . . . . . . . . . . . . .
14 . . . . . . . . . . . . . . . . . . .
13 . . . . . . . . . . . . . . . . . . .
12 . . . @ . . . . . . . . . . . . . . .
11 . . . . . . . . . X . . X . . . . . .
10 . . . X . . . . . . . . . . . X . . .
 9 . . . . . . . . . . . . . . . . . . .
 8 . . . . . . . . . . . . . . . . . . .
 7 . . . . . . . . . X . . . . . . . . .
 6 . . . X . . . . . . . . . . . . X . .
 5 . . . . . . . . . . . . . . . . . . .
 4 . . . X . . . . . X . . . . . X . . .
 3 . . . . . . . . . . . . . . . . . . .
 2 . . . . . . . . . . . . . . . . . . .
 1 . . . . . . . . . . . . . . . . . . .

koPOSITIONALscoreAREAtaxNONEsui1komi7.5
Time taken: 1.50721
Root visits: 806
New playouts: 806
NN rows: 800
NN batches: 268
NN avg batch size: 2.98507
PlayoutDoublingAdvantage: -2.75
PV: D12 J11 J12 K10 L11 H12
Tree:
: T 117.89c W 100.00c S  17.66c (+208.9 L +203.2) N     806  --  D12 J11 J12 K10 L11 H12
---Black(^)---
D12 : T 118.74c W 100.00c S  18.40c (+210.1 L +204.3) LCB  117.95c P 14.15% WF 1311.2 PSV    1301 N     332  --  D12 J11 J12 K10 L11 H12
P3  : T 117.39c W 100.00c S  17.17c (+208.1 L +202.6) LCB  116.36c P 23.07% WF 588.5 PSV     343 N     160  --  P3 L16 M17 R5 Q6 R10
D13 : T 118.67c W 100.00c S  18.41c (+210.0 L +204.0) LCB  117.40c P  3.15% WF 415.7 PSV     233 N     105  --  D13 J11 J12 K10 L11
L3  : T 117.45c W 100.00c S  17.20c (+208.3 L +202.4) LCB  116.14c P 12.21% WF 322.5 PSV     189 N      89  --  L3 K8 J8 J9 K9 L8
C14 : T 117.12c W 100.00c S  16.70c (+207.3 L +201.8) LCB  113.58c P  2.90% WF  74.9 PSV      37 N      21  --  C14 E10 D9 E9
C15 : T 115.81c W 100.00c S  16.23c (+206.7 L +201.3) LCB  110.86c P  3.70% WF  61.1 PSV      27 N      18  --  C15 E10 E11 D9
K3  : T 116.15c W 100.00c S  15.85c (+206.1 L +200.4) LCB  111.68c P  3.24% WF  52.8 PSV      27 N      16  --  K3 K8 J8 L16
J3  : T 116.17c W 100.00c S  16.10c (+206.4 L +201.2) LCB  112.35c P  3.07% WF  72.4 PSV      25 N      22  --  J3 K8 L8 L16
O3  : T 117.19c W 100.00c S  17.08c (+208.1 L +202.3) LCB  108.77c P  1.39% WF  36.5 PSV      18 N      10  --  O3 L16 L15
C12 : T 115.93c W 100.00c S  16.30c (+206.9 L +201.5) LCB   98.55c P  1.75% WF  24.3 PSV      13 N       7  --  C12 E10 D9

2025-11-16 23:47:14-0500: play D12
2025-11-16 23:47:14-0500: Controller: kata-set-param maxVisits 800
2025-11-16 23:47:14-0500: = 
2025-11-16 23:47:14-0500: Controller: kata-genmove_analyze b
2025-11-16 23:47:14-0500: =
2025-11-16 23:47:15-0500: MoveNum: 0 HASH: 06363D3BC267DAD5C7CE83DAA44672F6
   A B C D E F G H J K L M N O P Q R S T
19 . . . . . . . . . . . . . . . . . . .
18 . . . . . . . . . . . . . . . . . . .
17 . . . . . . . . . . . . . . . . . . .
16 . . . X . . X . . . . X . . X . X . .
15 . . . . . . . . . . . . . . . . . . .
14 . . . . . . . . . . . . . . . . . . .
13 . . . . . . . . . . . . . . . . . . .
12 . . . X . . . . . . . . . . . . . . .
11 . . . . . . . . . X . . X . . . . . .
10 . . . X . . . . . . . . . . . X . . .
 9 . . . . . . . . . . . . . . . . . . .
 8 . . . . . . . . . . . . . . . . . . .
 7 . . . . . . . . . X . . . . . . . . .
 6 . . . X . . . . . . . . . . . . X . .
 5 . . . . . . . . . . . . . . . . . . .
 4 . . . X . . . . . X . . . . . X . . .
 3 . . . . . . . . . . @ . . . . . . . .
 2 . . . . . . . . . . . . . . . . . . .
 1 . . . . . . . . . . . . . . . . . . .

koPOSITIONALscoreAREAtaxNONEsui1komi7.5
Time taken: 0.629869
Root visits: 326
New playouts: 326
NN rows: 326
NN batches: 110
NN avg batch size: 2.96364
PlayoutDoublingAdvantage: -2.75
PV: L3 K8 J8 J9
Tree:
: T 117.70c W 100.00c S  17.46c (+226.2 L +221.0) N     326  --  L3 K8 J8 J9
---Black(^)---
L3  : T 118.33c W 100.00c S  18.05c (+227.1 L +221.8) LCB  116.29c P 29.93% WF 416.4 PSV     414 N     110  --  L3 K8 J8 J9
P3  : T 117.53c W 100.00c S  17.15c (+225.8 L +220.5) LCB  115.30c P 25.83% WF 293.6 PSV     203 N      79  --  P3 J11 J12 K10
J3  : T 118.61c W 100.00c S  18.23c (+227.4 L +222.1) LCB  116.08c P  3.41% WF 249.1 PSV      64 N      65  --  J3 K8 L8 L7
K3  : T 117.42c W 100.00c S  17.14c (+225.7 L +220.6) LCB  114.17c P  7.01% WF 177.7 PSV      52 N      50  --  K3 K8 L8 L16
K2  : T 114.81c W 100.00c S  15.65c (+223.4 L +218.6) LCB  105.11c P  3.76% WF  41.1 PSV      12 N      12  --  K2 K5 L5
C17 : T 103.77c W 100.00c S   3.77c (+209.0 L +208.2) LCB -246.23c P  2.86% WF   2.4 PSV       2 N       1  --  C17
M3  : T 106.49c W 100.00c S   6.49c (+211.9 L +211.0) LCB -243.51c P  1.81% WF   2.3 PSV       2 N       1  --  M3
O3  : T 106.54c W 100.00c S   6.54c (+211.9 L +210.7) LCB -243.46c P  1.51% WF   2.3 PSV       1 N       1  --  O3
D17 : T 102.61c W 100.00c S   2.61c (+207.9 L +207.1) LCB -247.39c P  1.24% WF   2.6 PSV       1 N       1  --  D17
E3  : T 105.11c W 100.00c S   5.11c (+210.4 L +209.2) LCB -244.89c P  0.92% WF   2.2 PSV       0 N       1  --  E3

2025-11-16 23:47:15-0500: play L3
2025-11-16 23:47:15-0500: Controller: kata-set-param maxVisits 800
2025-11-16 23:47:15-0500: = 
2025-11-16 23:47:15-0500: Controller: kata-genmove_analyze b
2025-11-16 23:47:15-0500: =
2025-11-16 23:47:15-0500: MoveNum: 0 HASH: 98D305757EE2A562DE64F51251C9B4B1
   A B C D E F G H J K L M N O P Q R S T
19 . . . . . . . . . . . . . . . . . . .
18 . . . . . . . . . . . . . . . . . . .
17 . . . . . . . . . . . . . . . . . . .
16 . . . X . . X . . . . X . . X . X . .
15 . . . . . . . . . . . . . . . . . . .
14 . . . . . . . . . . . . . . . . . . .
13 . . . . . . . . . . . . . . . . . . .
12 . . . X . . . . . . . . . . . . . . .
11 . . . . . . . . . X . . X . . . . . .
10 . . . X . . . . . . . . . . . X . . .
 9 . . . . . . . . . . . . . . . . . . .
 8 . . . . . . . . . . . . . . . . . . .
 7 . . . . . . . . . X . . . . . . . . .
 6 . . . X . . . . . . . . . . . . X . .
 5 . . . . . . . . . . . . . . . . . . .
 4 . . . X . . . . . X . . . . . X . . .
 3 . . . @ . . . . . . X . . . . . . . .
 2 . . . . . . . . . . . . . . . . . . .
 1 . . . . . . . . . . . . . . . . . . .

koPOSITIONALscoreAREAtaxNONEsui1komi7.5
Time taken: 0.625111
Root visits: 326
New playouts: 326
NN rows: 324
NN batches: 109
NN avg batch size: 2.97248
PlayoutDoublingAdvantage: -2.75
PV: D3 K8 L7 J7 H8 J3
Tree:
: T 114.28c W 100.00c S  13.92c (+241.5 L +237.2) N     326  --  D3 K8 L7 J7 H8 J3
---Black(^)---
D3  : T 115.35c W 100.00c S  14.79c (+242.7 L +238.2) LCB  113.31c P 40.37% WF 946.4 PSV     940 N     247  --  D3 K8 L7 J7 H8 J3
C17 : T 112.15c W 100.00c S  12.08c (+238.9 L +234.7) LCB  106.50c P 22.17% WF 144.5 PSV      96 N      42  --  C17 H16 H15 J15
D17 : T 112.45c W 100.00c S  12.46c (+239.4 L +235.0) LCB  105.52c P  5.78% WF  71.3 PSV      27 N      21  --  D17 H16 H15 K8
C16 : T  98.43c W 100.00c S  -1.57c (+223.7 L +224.2) LCB -251.57c P  2.82% WF   2.7 PSV       2 N       1  --  C16
C3  : T  99.08c W 100.00c S  -0.92c (+224.3 L +225.3) LCB -250.92c P  2.18% WF   2.7 PSV       2 N       1  --  C3
E3  : T  99.75c W 100.00c S  -0.25c (+225.2 L +225.7) LCB -250.25c P  2.04% WF   2.5 PSV       2 N       1  --  E3
E17 : T  98.67c W 100.00c S  -1.33c (+224.0 L +224.8) LCB -251.33c P  1.44% WF   2.8 PSV       1 N       1  --  E17
L17 : T  98.37c W 100.00c S  -1.63c (+223.8 L +224.5) LCB -251.63c P  1.07% WF   2.9 PSV       1 N       1  --  L17
E2  : T  99.01c W 100.00c S  -0.99c (+224.4 L +225.3) LCB -250.99c P  1.00% WF   2.9 PSV       0 N       1  --  E2
F17 : T  98.71c W 100.00c S  -1.29c (+224.0 L +225.1) LCB -251.29c P  0.85% WF   2.7 PSV       0 N       1  --  F17

2025-11-16 23:47:15-0500: play D3
2025-11-16 23:47:15-0500: Controller: kata-set-param maxVisits 800
2025-11-16 23:47:15-0500: = 
2025-11-16 23:47:15-0500: Controller: kata-genmove_analyze b
2025-11-16 23:47:15-0500: =
2025-11-16 23:47:16-0500: MoveNum: 0 HASH: 6C89BC6ACB0B38D4419CDA4E6DF7B019
   A B C D E F G H J K L M N O P Q R S T
19 . . . . . . . . . . . . . . . . . . .
18 . . . . . . . . . . . . . . . . . . .
17 . . @ . . . . . . . . . . . . . . . .
16 . . . X . . X . . . . X . . X . X . .
15 . . . . . . . . . . . . . . . . . . .
14 . . . . . . . . . . . . . . . . . . .
13 . . . . . . . . . . . . . . . . . . .
12 . . . X . . . . . . . . . . . . . . .
11 . . . . . . . . . X . . X . . . . . .
10 . . . X . . . . . . . . . . . X . . .
 9 . . . . . . . . . . . . . . . . . . .
 8 . . . . . . . . . . . . . . . . . . .
 7 . . . . . . . . . X . . . . . . . . .
 6 . . . X . . . . . . . . . . . . X . .
 5 . . . . . . . . . . . . . . . . . . .
 4 . . . X . . . . . X . . . . . X . . .
 3 . . . X . . . . . . X . . . . . . . .
 2 . . . . . . . . . . . . . . . . . . .
 1 . . . . . . . . . . . . . . . . . . .

koPOSITIONALscoreAREAtaxNONEsui1komi7.5
Time taken: 0.633368
Root visits: 326
New playouts: 326
NN rows: 326
NN batches: 110
NN avg batch size: 2.96364
PlayoutDoublingAdvantage: -2.75
PV: C17 K8 L8 D7 C6 H16
Tree:
: T 113.75c W 100.00c S  13.41c (+256.1 L +252.3) N     326  --  C17 K8 L8 D7 C6 H16
---Black(^)---
C17 : T 114.58c W 100.00c S  14.02c (+257.0 L +252.9) LCB  111.57c P 46.31% WF 615.6 PSV     612 N     159  --  C17 K8 L8 D7 C6 H16
C16 : T 113.87c W 100.00c S  13.72c (+256.5 L +252.6) LCB  109.50c P 18.92% WF 326.0 PSV     165 N      87  --  C16 K8 L8 D7 C6
D17 : T 114.50c W 100.00c S  13.83c (+256.7 L +252.7) LCB  109.83c P  8.39% WF 245.7 PSV     104 N      64  --  D17 K8 J8 J9
F17 : T  96.29c W 100.00c S  -3.71c (+236.4 L +239.4) LCB -253.71c P  1.85% WF   2.9 PSV       1 N       1  --  F17
L17 : T  96.97c W 100.00c S  -3.03c (+237.4 L +240.1) LCB -253.03c P  1.59% WF   3.0 PSV       1 N       1  --  L17
E17 : T  95.57c W 100.00c S  -4.43c (+235.6 L +238.0) LCB -254.43c P  1.58% WF   3.1 PSV       1 N       1  --  E17
Q3  : T  96.60c W 100.00c S  -3.40c (+236.9 L +238.2) LCB -253.40c P  0.95% WF   3.0 PSV       0 N       1  --  Q3
G18 : T  97.05c W 100.00c S  -2.95c (+237.6 L +240.2) LCB -252.95c P  0.94% WF   3.0 PSV       0 N       1  --  G18
R3  : T  96.34c W 100.00c S  -3.66c (+236.6 L +238.6) LCB -253.66c P  0.92% WF   3.1 PSV       0 N       1  --  R3
H17 : T  98.47c W 100.00c S  -1.53c (+239.2 L +241.8) LCB -251.53c P  0.89% WF   2.7 PSV       0 N       1  --  H17

2025-11-16 23:47:16-0500: play C17
2025-11-16 23:47:16-0500: Controller: kata-set-param maxVisits 800
2025-11-16 23:47:16-0500: = 
2025-11-16 23:47:16-0500: Controller: kata-genmove_analyze b
2025-11-16 23:47:16-0500: =
2025-11-16 23:47:16-0500: MoveNum: 0 HASH: 42AB0E42DC0FA0554BBD91ECD9427620
   A B C D E F G H J K L M N O P Q R S T
19 . . . . . . . . . . . . . . . . . . .
18 . . . . . . . . . . . . . . . . . . .
17 . . X . . . . . . . @ . . . . . . . .
16 . . . X . . X . . . . X . . X . X . .
15 . . . . . . . . . . . . . . . . . . .
14 . . . . . . . . . . . . . . . . . . .
13 . . . . . . . . . . . . . . . . . . .
12 . . . X . . . . . . . . . . . . . . .
11 . . . . . . . . . X . . X . . . . . .
10 . . . X . . . . . . . . . . . X . . .
 9 . . . . . . . . . . . . . . . . . . .
 8 . . . . . . . . . . . . . . . . . . .
 7 . . . . . . . . . X . . . . . . . . .
 6 . . . X . . . . . . . . . . . . X . .
 5 . . . . . . . . . . . . . . . . . . .
 4 . . . X . . . . . X . . . . . X . . .
 3 . . . X . . . . . . X . . . . . . . .
 2 . . . . . . . . . . . . . . . . . . .
 1 . . . . . . . . . . . . . . . . . . .

koPOSITIONALscoreAREAtaxNONEsui1komi7.5
Time taken: 0.607146
Root visits: 326
New playouts: 326
NN rows: 321
NN batches: 108
NN avg batch size: 2.97222
PlayoutDoublingAdvantage: -2.75
PV: L17 G15 H16 H15 J14 J3
Tree:
: T 109.16c W 100.00c S   8.33c (+271.1 L +268.6) N     326  --  L17 G15 H16 H15 J14 J3
---Black(^)---
L17 : T 111.10c W 100.00c S   9.91c (+273.3 L +270.5) LCB  107.75c P 41.78% WF 977.7 PSV     964 N     238  --  L17 G15 H16 H15 J14 J3
Q3  : T 106.99c W 100.00c S   6.71c (+268.8 L +265.8) LCB   99.60c P 21.54% WF 225.1 PSV      96 N      60  --  Q3 K8 J8 J3
R3  : T 100.78c W 100.00c S   2.16c (+262.2 L +260.9) LCB   80.85c P 12.36% WF  40.5 PSV      24 N      11  --  R3 J3 H5
K17 : T  91.88c W 100.00c S  -8.12c (+251.0 L +255.3) LCB -258.12c P  1.43% WF   3.6 PSV       1 N       1  --  K17
P3  : T  89.76c W 100.00c S -10.24c (+246.9 L +248.1) LCB -260.24c P  0.98% WF   3.9 PSV       0 N       1  --  P3
M17 : T  91.47c W 100.00c S  -8.53c (+250.3 L +254.0) LCB -258.53c P  0.87% WF   3.8 PSV       0 N       1  --  M17
K16 : T  92.36c W 100.00c S  -7.64c (+251.8 L +255.9) LCB -257.64c P  0.85% WF   3.4 PSV       0 N       1  --  K16
R11 : T  90.64c W 100.00c S  -9.36c (+248.8 L +250.0) LCB -259.36c P  0.82% WF   3.9 PSV       0 N       1  --  R11
R4  : T  89.28c W 100.00c S -10.72c (+245.4 L +247.9) LCB -260.72c P  0.72% WF   4.1 PSV       0 N       1  --  R4
J17 : T  91.89c W 100.00c S  -8.11c (+251.1 L +254.8) LCB -258.11c P  0.56% WF   3.6 PSV       0 N       1  --  J17

2025-11-16 23:47:16-0500: play L17
2025-11-16 23:47:16-0500: Controller: kata-set-param maxVisits 800
2025-11-16 23:47:16-0500: = 
2025-11-16 23:47:16-0500: Controller: kata-genmove_analyze b
2025-11-16 23:47:16-0500: =
2025-11-16 23:47:17-0500: MoveNum: 0 HASH: BA8D090E3734689F4D4182C6ACFE0B95
   A B C D E F G H J K L M N O P Q R S T
19 . . . . . . . . . . . . . . . . . . .
18 . . . . . . . . . . . . . . . . . . .
17 . . X . . . . . . . X . . . . . . . .
16 . . . X . . X . . . . X . . X . X . .
15 . . . . . . . . . . . . . . . . . . .
14 . . . . . . . . . . . . . . . . . . .
13 . . . . . . . . . . . . . . . . . . .
12 . . . X . . . . . . . . . . . . . . .
11 . . . . . . . . . X . . X . . . . . .
10 . . . X . . . . . . . . . . . X . . .
 9 . . . . . . . . . . . . . . . . . . .
 8 . . . . . . . . . . . . . . . . . . .
 7 . . . . . . . . . X . . . . . . . . .
 6 . . . X . . . . . . . . . . . . X . .
 5 . . . . . . . . . . . . . . . . . . .
 4 . . . X . . . . . X . . . . . X . . .
 3 . . . X . . . . . . X . . . . @ . . .
 2 . . . . . . . . . . . . . . . . . . .
 1 . . . . . . . . . . . . . . . . . . .

koPOSITIONALscoreAREAtaxNONEsui1komi7.5
Time taken: 0.614616
Root visits: 326
New playouts: 326
NN rows: 325
NN batches: 109
NN avg batch size: 2.98165
PlayoutDoublingAdvantage: -2.75
PV: Q3 K8 J7 H16
Tree:
: T 110.97c W 100.00c S   9.09c (+293.4 L +290.0) N     326  --  Q3 K8 J7 H16
---Black(^)---
Q3  : T 112.52c W 100.00c S  10.64c (+295.5 L +291.6) LCB  109.15c P 40.94% WF 819.1 PSV     810 N     190  --  Q3 K8 J7 H16
R3  : T 110.68c W 100.00c S   8.70c (+292.9 L +289.6) LCB  106.62c P 39.93% WF 474.0 PSV     295 N     119  --  R3 K8 J7 J3
R9  : T  92.24c W 100.00c S  -7.76c (+269.9 L +272.5) LCB -257.76c P  1.49% WF   3.6 PSV       1 N       1  --  R9
R11 : T  91.91c W 100.00c S  -8.09c (+269.0 L +271.3) LCB -258.09c P  1.41% WF   3.5 PSV       1 N       1  --  R11
R4  : T  89.94c W 100.00c S -10.06c (+266.8 L +269.3) LCB -260.06c P  1.38% WF   3.7 PSV       1 N       1  --  R4
P3  : T  90.15c W 100.00c S  -9.85c (+267.2 L +269.6) LCB -259.85c P  1.34% WF   3.6 PSV       1 N       1  --  P3
R10 : T  92.09c W 100.00c S  -7.91c (+269.1 L +271.9) LCB -257.91c P  0.50% WF   3.5 PSV       0 N       1  --  R10
Q2  : T  89.84c W 100.00c S -10.16c (+266.5 L +268.5) LCB -260.16c P  0.39% WF   3.7 PSV       0 N       1  --  Q2
P2  : T  89.23c W 100.00c S -10.77c (+265.2 L +267.0) LCB -260.77c P  0.37% WF   3.7 PSV       0 N       1  --  P2
R2  : T  88.44c W 100.00c S -11.56c (+263.4 L +265.0) LCB -261.56c P  0.35% WF   4.0 PSV       0 N       1  --  R2

2025-11-16 23:47:17-0500: play Q3
2025-11-16 23:47:17-0500: Controller: kata-set-param maxVisits 2000
2025-11-16 23:47:17-0500: = 
2025-11-16 23:47:17-0500: Controller: kata-genmove_analyze b
2025-11-16 23:47:17-0500: =
2025-11-16 23:47:19-0500: MoveNum: 0 HASH: F037EFDDDE866F243E44D87F1259D225
   A B C D E F G H J K L M N O P Q R S T
19 . . . . . . . . . . . . . . . . . . .
18 . . . . . . . . . . . . . . . . . . .
17 . . X . . . . . . . X . . . . . . . .
16 . . . X . . X . . . . X . . X . X . .
15 . . . . . . . . . . . . . . . . . . .
14 . . . . . . . . . . . . . . . . . . .
13 . . . . . . . . . . . . . . . . . . .
12 . . . X . . . . . . . . . . . . . . .
11 . . . . . . . . . X . . X . . . @ . .
10 . . . X . . . . . . . . . . . X . . .
 9 . . . . . . . . . . . . . . . . . . .
 8 . . . . . . . . . . . . . . . . . . .
 7 . . . . . . . . . X . . . . . . . . .
 6 . . . X . . . . . . . . . . . . X . .
 5 . . . . . . . . . . . . . . . . . . .
 4 . . . X . . . . . X . . . . . X . . .
 3 . . . X . . . . . . X . . . . X . . .
 2 . . . . . . . . . . . . . . . . . . .
 1 . . . . . . . . . . . . . . . . . . .

koPOSITIONALscoreAREAtaxNONEsui1komi7.5
Time taken: 1.54678
Root visits: 806
New playouts: 806
NN rows: 802
NN batches: 269
NN avg batch size: 2.98141
PlayoutDoublingAdvantage: -2.75
PV: R11 Q17 R17 R7 Q6 R9
Tree:
: T 118.34c W 100.00c S  16.54c (+315.6 L +310.7) N     806  --  R11 Q17 R17 R7 Q6 R9
---Black(^)---
R11 : T 119.22c W 100.00c S  17.52c (+316.7 L +311.8) LCB  117.63c P 38.51% WF 2992.9 PSV    2973 N     632  --  R11 Q17 R17 R7 Q6 R9
S15 : T 116.48c W 100.00c S  14.51c (+312.9 L +308.0) LCB  111.87c P 21.25% WF 315.4 PSV     259 N      74  --  S15 J11 J10 K10
R14 : T 117.31c W 100.00c S  15.28c (+313.8 L +308.8) LCB  112.46c P  8.82% WF 232.3 PSV     144 N      55  --  R14 K16 H17 M15
R12 : T 121.42c W 100.00c S  21.05c (+320.6 L +314.6) LCB  112.74c P  2.48% WF  75.7 PSV      75 N      14  --  R12 R13
R10 : T  94.86c W 100.00c S  -5.14c (+287.5 L +284.1) LCB -255.14c P  2.24% WF   2.5 PSV       3 N       1  --  R10
R13 : T  94.40c W 100.00c S  -5.60c (+286.7 L +283.1) LCB -255.60c P  1.26% WF   2.7 PSV       1 N       1  --  R13
C9  : T  93.51c W 100.00c S  -6.49c (+284.2 L +280.8) LCB -256.49c P  1.04% WF   2.8 PSV       1 N       1  --  C9
R15 : T  92.44c W 100.00c S  -7.56c (+283.4 L +280.4) LCB -257.56c P  0.87% WF   2.9 PSV       1 N       1  --  R15
R9  : T  94.85c W 100.00c S  -5.15c (+287.6 L +283.3) LCB -255.15c P  0.86% WF   2.6 PSV       1 N       1  --  R9
S14 : T  93.92c W 100.00c S  -6.08c (+285.7 L +282.3) LCB -256.08c P  0.75% WF   2.7 PSV       1 N       1  --  S14

2025-11-16 23:47:19-0500: play R11
2025-11-16 23:47:19-0500: Controller: kata-set-param maxVisits 800
2025-11-16 23:47:19-0500: = 
2025-11-16 23:47:19-0500: Controller: kata-genmove_analyze b
2025-11-16 23:47:19-0500: =
2025-11-16 23:47:19-0500: MoveNum: 0 HASH: E6C1D6F8D161FD16DBA83EFBC0FE038C
   A B C D E F G H J K L M N O P Q R S T
19 . . . . . . . . . . . . . . . . . . .
18 . . . . . . . . . . . . . . . . . . .
17 . . X . . . . . . . X . . . . . . . .
16 . . . X . . X . . . . X . . X . X . .
15 . . . . . . . . . . . . . . . . . . .
14 . . . . . . . . . . . . . . . . . . .
13 . . . . . . . . . . . . . . . . . . .
12 . . . X . . . . . . . . . . . . . . .
11 . . @ . . . . . . X . . X . . . X . .
10 . . . X . . . . . . . . . . . X . . .
 9 . . . . . . . . . . . . . . . . . . .
 8 . . . . . . . . . . . . . . . . . . .
 7 . . . . . . . . . X . . . . . . . . .
 6 . . . X . . . . . . . . . . . . X . .
 5 . . . . . . . . . . . . . . . . . . .
 4 . . . X . . . . . X . . . . . X . . .
 3 . . . X . . . . . . X . . . . X . . .
 2 . . . . . . . . . . . . . . . . . . .
 1 . . . . . . . . . . . . . . . . . . .

koPOSITIONALscoreAREAtaxNONEsui1komi7.5
Time taken: 0.628471
Root visits: 326
New playouts: 326
NN rows: 325
NN batches: 109
NN avg batch size: 2.98165
PlayoutDoublingAdvantage: -2.75
PV: C9 K12 L11 R5
Tree:
: T 110.80c W 100.00c S   8.02c (+327.1 L +322.2) N     326  --  C9 K12 L11 R5
---Black(^)---
C9  : T 113.55c W 100.00c S  10.59c (+330.6 L +325.4) LCB  108.68c P 15.96% WF 737.2 PSV     726 N     136  --  C9 K12 L11 R5
B10 : T 113.58c W 100.00c S  10.97c (+331.0 L +325.9) LCB  107.01c P  9.91% WF 381.0 PSV     377 N      70  --  B10 J11 J12 S6
C11 : T 113.19c W 100.00c S  10.72c (+330.7 L +325.5) LCB  107.59c P 10.89% WF 409.1 PSV     374 N      77  --  C11 J11 J12 K12
C8  : T  87.44c W 100.00c S -12.56c (+295.3 L +292.8) LCB -262.64c P  3.83% WF   4.2 PSV       4 N       1  --  C8
C10 : T  87.84c W 100.00c S -12.16c (+297.1 L +294.9) LCB -262.22c P  3.72% WF   4.2 PSV       4 N       1  --  C10
C7  : T  87.39c W 100.00c S -12.61c (+295.1 L +292.6) LCB -262.68c P  3.72% WF   4.3 PSV       4 N       1  --  C7
D8  : T  87.21c W 100.00c S -12.79c (+294.4 L +291.0) LCB -262.86c P  3.02% WF   4.2 PSV       3 N       1  --  D8
D11 : T  88.00c W 100.00c S -12.00c (+297.1 L +294.0) LCB -262.00c P  2.56% WF   4.2 PSV       2 N       1  --  D11
B6  : T  87.60c W 100.00c S -12.40c (+296.2 L +292.3) LCB -262.48c P  1.73% WF   4.2 PSV       1 N       1  --  B6
E11 : T  87.43c W 100.00c S -12.57c (+295.3 L +291.5) LCB -262.66c P  1.53% WF   4.2 PSV       1 N       1  --  E11

2025-11-16 23:47:19-0500: play C11
2025-11-16 23:47:19-0500: Controller: kata-set-param maxVisits 800
2025-11-16 23:47:19-0500: = 
2025-11-16 23:47:19-0500: Controller: kata-genmove_analyze b
2025-11-16 23:47:19-0500: =
2025-11-16 23:47:20-0500: MoveNum: 0 HASH: 02DA6C68CFC7F0DBC2DB9E98591046A1
   A B C D E F G H J K L M N O P Q R S T
19 . . . . . . . . . . . . . . . . . . .
18 . . . . . . . . . . . . . . . . . . .
17 . . X . . . . . . . X . . . . . . . .
16 . . . X . . X . . . . X . . X @ X . .
15 . . . . . . . . . . . . . . . . . . .
14 . . . . . . . . . . . . . . . . . . .
13 . . . . . . . . . . . . . . . . . . .
12 . . . X . . . . . . . . . . . . . . .
11 . . X . . . . . . X . . X . . . X . .
10 . . . X . . . . . . . . . . . X . . .
 9 . . . . . . . . . . . . . . . . . . .
 8 . . . . . . . . . . . . . . . . . . .
 7 . . . . . . . . . X . . . . . . . . .
 6 . . . X . . . . . . . . . . . . X . .
 5 . . . . . . . . . . . . . . . . . . .
 4 . . . X . . . . . X . . . . . X . . .
 3 . . . X . . . . . . X . . . . X . . .
 2 . . . . . . . . . . . . . . . . . . .
 1 . . . . . . . . . . . . . . . . . . .

koPOSITIONALscoreAREAtaxNONEsui1komi7.5
Time taken: 0.633854
Root visits: 326
New playouts: 326
NN rows: 326
NN batches: 110
NN avg batch size: 2.96364
PlayoutDoublingAdvantage: -2.75
PV: Q16 J11 K10 K12
Tree:
: T 103.59c W 100.00c S   0.88c (+327.9 L +323.4) N     326  --  Q16 J11 K10 K12
---Black(^)---
Q16 : T 113.93c W 100.00c S  11.02c (+344.1 L +338.6) LCB  109.74c P 17.41% WF 760.3 PSV     712 N     142  --  Q16 J11 K10 K12
D5  : T 112.52c W 100.00c S  10.53c (+343.4 L +338.2) LCB  105.80c P  8.38% WF 288.9 PSV     126 N      49  --  D5 K12 J11 L11
Q17 : T 113.52c W 100.00c S  11.12c (+344.2 L +338.5) LCB   97.00c P  5.85% WF  61.0 PSV      60 N      10  --  Q17 J7
R17 : T  85.36c W 100.00c S -14.64c (+297.9 L +295.8) LCB -264.69c P  0.92% WF   4.9 PSV       1 N       1  --  R17
S17 : T  85.44c W 100.00c S -14.56c (+298.7 L +296.8) LCB -264.61c P  0.72% WF   4.9 PSV       0 N       1  --  S17
R18 : T  85.55c W 100.00c S -14.45c (+299.4 L +297.7) LCB -264.50c P  0.57% WF   5.0 PSV       0 N       1  --  R18
J10 : T  85.32c W 100.00c S -14.68c (+297.7 L +294.6) LCB -264.75c P  0.53% WF   4.8 PSV       0 N       1  --  J10
K9  : T  85.16c W 100.00c S -14.84c (+296.5 L +293.3) LCB -264.91c P  0.50% WF   4.9 PSV       0 N       1  --  K9
J11 : T  85.72c W 100.00c S -14.28c (+300.3 L +295.6) LCB -264.35c P  0.49% WF   4.8 PSV       0 N       1  --  J11
L11 : T  85.54c W 100.00c S -14.46c (+299.3 L +295.5) LCB -264.53c P  0.47% WF   4.8 PSV       0 N       1  --  L11

2025-11-16 23:47:20-0500: play Q16
2025-11-16 23:47:20-0500: Controller: kata-set-param maxVisits 800
2025-11-16 23:47:20-0500: = 
2025-11-16 23:47:20-0500: Controller: kata-genmove_analyze b
2025-11-16 23:47:20-0500: =
2025-11-16 23:47:20-0500: MoveNum: 0 HASH: 1896574BB991E13C09CA65399E0D54F1
   A B C D E F G H J K L M N O P Q R S T
19 . . . . . . . . . . . . . . . . . . .
18 . . . . . . . . . . . . . . . . . . .
17 . . X . . . . . . . X . . . . . . . .
16 . . . X . . X . . . . X . . X X X . .
15 . . . . . . . . . . . . . . . . . . .
14 . . . . . . . . . . . . . . . . . . .
13 . . . . . . . . . . . . . . . . . . .
12 . . . X . . . . . . . . . . . . . . .
11 . . X . . . . . . X . . X . . . X . .
10 . . . X . . . . . . . . . . . X . . .
 9 . . . . . . . . . . . . . . . . . . .
 8 . . . . . . . . . . . . . . . . . . .
 7 . . . . . . . . . X . . . . . . . . .
 6 . . . X . . . . . . . . . . . . X . .
 5 . . . @ . . . . . . . . . . . . . . .
 4 . . . X . . . . . X . . . . . X . . .
 3 . . . X . . . . . . X . . . . X . . .
 2 . . . . . . . . . . . . . . . . . . .
 1 . . . . . . . . . . . . . . . . . . .

koPOSITIONALscoreAREAtaxNONEsui1komi7.5
Time taken: 0.632967
Root visits: 326
New playouts: 326
NN rows: 326
NN batches: 110
NN avg batch size: 2.96364
PlayoutDoublingAdvantage: -2.75
PV: D5 E17 D18 K12
Tree:
: T 113.36c W 100.00c S   8.10c (+343.2 L +338.1) N     326  --  D5 E17 D18 K12
---Black(^)---
D5  : T 118.34c W 100.00c S  14.10c (+351.8 L +346.1) LCB  115.09c P 43.57% WF 1716.5 PSV    1667 N     261  --  D5 E17 D18 K12
C5  : T  84.47c W 100.00c S -15.53c (+294.1 L +291.8) LCB -265.58c P  1.18% WF   4.7 PSV       1 N       1  --  C5
L4  : T  84.68c W 100.00c S -15.32c (+295.9 L +293.3) LCB -265.32c P  1.04% WF   4.7 PSV       1 N       1  --  L4
D2  : T  84.56c W 100.00c S -15.44c (+294.9 L +292.6) LCB -265.49c P  0.64% WF   4.7 PSV       0 N       1  --  D2
K6  : T  84.44c W 100.00c S -15.56c (+293.4 L +291.0) LCB -265.61c P  0.53% WF   4.7 PSV       0 N       1  --  K6
E2  : T  84.48c W 100.00c S -15.52c (+294.1 L +291.7) LCB -265.57c P  0.51% WF   4.6 PSV       0 N       1  --  E2
J8  : T  84.25c W 100.00c S -15.75c (+291.4 L +290.2) LCB -265.80c P  0.51% WF   4.7 PSV       0 N       1  --  J8
E5  : T  84.41c W 100.00c S -15.59c (+293.5 L +291.7) LCB -265.64c P  0.46% WF   4.7 PSV       0 N       1  --  E5
K9  : T  84.25c W 100.00c S -15.75c (+291.6 L +290.6) LCB -265.80c P  0.45% WF   4.7 PSV       0 N       1  --  K9
K3  : T  84.54c W 100.00c S -15.46c (+294.6 L +292.2) LCB -265.46c P  0.42% WF   4.8 PSV       0 N       1  --  K3

2025-11-16 23:47:20-0500: play D5
2025-11-16 23:47:20-0500: Controller: kata-set-param maxVisits 800
2025-11-16 23:47:20-0500: = 
2025-11-16 23:47:20-0500: Controller: kata-genmove_analyze b
2025-11-16 23:47:20-0500: =
2025-11-16 23:47:21-0500: MoveNum: 0 HASH: B82C06D5A30D845DE2EF6C4158E2FD3B
   A B C D E F G H J K L M N O P Q R S T
19 . . . . . . . . . . . . . . . . . . .
18 . . . . . . . . . . . . . . . . . . .
17 . . X @ . . . . . . X . . . . . . . .
16 . . . X . . X . . . . X . . X X X . .
15 . . . . . . . . . . . . . . . . . . .
14 . . . . . . . . . . . . . . . . . . .
13 . . . . . . . . . . . . . . . . . . .
12 . . . X . . . . . . . . . . . . . . .
11 . . X . . . . . . X . . X . . . X . .
10 . . . X . . . . . . . . . . . X . . .
 9 . . . . . . . . . . . . . . . . . . .
 8 . . . . . . . . . . . . . . . . . . .
 7 . . . . . . . . . X . . . . . . . . .
 6 . . . X . . . . . . . . . . . . X . .
 5 . . . X . . . . . . . . . . . . . . .
 4 . . . X . . . . . X . . . . . X . . .
 3 . . . X . . . . . . X . . . . X . . .
 2 . . . . . . . . . . . . . . . . . . .
 1 . . . . . . . . . . . . . . . . . . .

koPOSITIONALscoreAREAtaxNONEsui1komi7.5
Time taken: 0.636586
Root visits: 326
New playouts: 326
NN rows: 326
NN batches: 110
NN avg batch size: 2.96364
PlayoutDoublingAdvantage: -2.75
PV: D17 J7
Tree:
: T 102.71c W 100.00c S  -0.58c (+322.6 L +318.8) N     326  --  D17 J7
---Black(^)---
D17 : T 125.11c W 100.00c S  24.57c (+359.6 L +353.6) LCB  123.38c P  4.20% WF 827.2 PSV     735 N     106  --  D17 J7
L16 : T  84.84c W 100.00c S -15.16c (+294.0 L +291.3) LCB -265.16c P  2.04% WF   4.7 PSV       2 N       1  --  L16
L4  : T  84.68c W 100.00c S -15.32c (+292.6 L +290.1) LCB -265.32c P  1.74% WF   4.7 PSV       1 N       1  --  L4
G17 : T  84.58c W 100.00c S -15.42c (+292.0 L +290.0) LCB -265.47c P  1.18% WF   4.7 PSV       1 N       1  --  G17
C16 : T  84.83c W 100.00c S -15.17c (+294.4 L +292.4) LCB -265.17c P  1.15% WF   4.8 PSV       1 N       1  --  C16
F16 : T  84.53c W 100.00c S -15.47c (+291.5 L +290.1) LCB -265.52c P  1.11% WF   4.8 PSV       1 N       1  --  F16
J11 : T  84.61c W 100.00c S -15.39c (+291.6 L +290.0) LCB -265.45c P  1.07% WF   4.7 PSV       1 N       1  --  J11
K3  : T  84.69c W 100.00c S -15.31c (+292.9 L +290.6) LCB -265.31c P  0.95% WF   4.7 PSV       0 N       1  --  K3
H16 : T  84.58c W 100.00c S -15.42c (+291.8 L +290.3) LCB -265.48c P  0.88% WF   4.8 PSV       0 N       1  --  H16
M17 : T  84.87c W 100.00c S -15.13c (+294.5 L +291.6) LCB -265.13c P  0.87% WF   4.6 PSV       0 N       1  --  M17

2025-11-16 23:47:21-0500: play D17
2025-11-16 23:47:21-0500: Controller: kata-set-param maxVisits 800
2025-11-16 23:47:21-0500: = 
2025-11-16 23:47:21-0500: Controller: kata-genmove_analyze b
2025-11-16 23:47:21-0500: =
2025-11-16 23:47:22-0500: MoveNum: 0 HASH: 7DB5170DBD2954927502A07EB6326EFE
   A B C D E F G H J K L M N O P Q R S T
19 . . . . . . . . . . . . . . . . . . .
18 . . . . . . . . . . . . . . . . . . .
17 . . X X . . . . . . X . . . . . . . .
16 . . . X . . X . . . . X . . X X X . .
15 . . . . . . . . . . . . . . . . . . .
14 . . . . . . . . . . . . . . . . . . .
13 . . . . . . . . . . . . . . . . . . .
12 . . . X . . . . . . . . . . . . . . .
11 . . X . . . . . . X . . X . . . X . .
10 . . . X . . . . . . . . . . . X . . .
 9 . . . . . . . . . . . . . . . . . . .
 8 . . . . . . . . . . . . . . . . . . .
 7 . . . . . . . . . X . . . . . . . . .
 6 . . . X . . . . . . . . . . . . X . .
 5 . . . X . . . . . . . . . . . . . . .
 4 . . . X . . . . . X @ . . . . X . . .
 3 . . . X . . . . . . X . . . . X . . .
 2 . . . . . . . . . . . . . . . . . . .
 1 . . . . . . . . . . . . . . . . . . .

koPOSITIONALscoreAREAtaxNONEsui1komi7.5
Time taken: 0.612588
Root visits: 326
New playouts: 326
NN rows: 312
NN batches: 107
NN avg batch size: 2.91589
PlayoutDoublingAdvantage: -2.75
PV: L4 pass pass
Tree:
: T 108.07c W 100.00c S   3.72c (+330.3 L +326.5) N     326  --  L4 pass pass
---Black(^)---
L4  : T 121.48c W 100.00c S  16.82c (+352.3 L +347.4) LCB  116.47c P  9.99% WF 1216.4 PSV    1122 N     165  --  L4 pass pass
K3  : T  84.73c W 100.00c S -15.27c (+291.6 L +289.7) LCB -265.27c P  2.32% WF   4.4 PSV       2 N       1  --  K3
Q11 : T  84.84c W 100.00c S -15.16c (+292.3 L +290.2) LCB -265.16c P  1.54% WF   4.4 PSV       1 N       1  --  Q11
R5  : T  84.70c W 100.00c S -15.30c (+291.4 L +289.2) LCB -265.35c P  1.04% WF   4.4 PSV       1 N       1  --  R5
D11 : T  85.11c W 100.00c S -14.88c (+294.5 L +291.5) LCB -264.89c P  1.01% WF   4.2 PSV       1 N       1  --  D11
L16 : T  84.96c W 100.00c S -15.04c (+293.5 L +290.7) LCB -265.04c P  1.00% WF   4.3 PSV       1 N       1  --  L16
Q5  : T  84.64c W 100.00c S -15.36c (+290.8 L +288.6) LCB -265.42c P  0.94% WF   4.4 PSV       1 N       1  --  Q5
K6  : T  84.72c W 100.00c S -15.28c (+290.8 L +289.1) LCB -265.34c P  0.86% WF   4.4 PSV       1 N       1  --  K6
R10 : T  84.85c W 100.00c S -15.15c (+292.4 L +290.4) LCB -265.15c P  0.85% WF   4.4 PSV       1 N       1  --  R10
K5  : T  84.65c W 100.00c S -15.35c (+290.4 L +289.0) LCB -265.41c P  0.76% WF   4.4 PSV       0 N       1  --  K5

2025-11-16 23:47:22-0500: play L4
2025-11-16 23:47:22-0500: Controller: kata-set-param maxVisits 2000
2025-11-16 23:47:22-0500: = 
2025-11-16 23:47:22-0500: Controller: kata-genmove_analyze b
2025-11-16 23:47:22-0500: =
2025-11-16 23:47:23-0500: MoveNum: 0 HASH: DBAD909D3C9F189E99B1D6ECC427164B
   A B C D E F G H J K L M N O P Q R S T
19 . . . . . . . . . . . . . . . . . . .
18 . . . . . . . . . . . . . . . . . . .
17 . . X X . . . . . . X . . . . . . . .
16 . . . X . . X . . . @ X . . X X X . .
15 . . . . . . . . . . . . . . . . . . .
14 . . . . . . . . . . . . . . . . . . .
13 . . . . . . . . . . . . . . . . . . .
12 . . . X . . . . . . . . . . . . . . .
11 . . X . . . . . . X . . X . . . X . .
10 . . . X . . . . . . . . . . . X . . .
 9 . . . . . . . . . . . . . . . . . . .
 8 . . . . . . . . . . . . . . . . . . .
 7 . . . . . . . . . X . . . . . . . . .
 6 . . . X . . . . . . . . . . . . X . .
 5 . . . X . . . . . . . . . . . . . . .
 4 . . . X . . . . . X X . . . . X . . .
 3 . . . X . . . . . . X . . . . X . . .
 2 . . . . . . . . . . . . . . . . . . .
 1 . . . . . . . . . . . . . . . . . . .

koPOSITIONALscoreAREAtaxNONEsui1komi7.5
Time taken: 1.4007
Root visits: 806
New playouts: 806
NN rows: 700
NN batches: 248
NN avg batch size: 2.82258
PlayoutDoublingAdvantage: -2.75
PV: L16 pass pass
Tree:
: T 111.75c W 100.00c S   6.59c (+335.1 L +331.6) N     806  --  L16 pass pass
---Black(^)---
L16 : T 119.78c W 100.00c S  14.67c (+348.4 L +344.0) LCB  116.30c P  4.24% WF 2738.2 PSV    2593 N     406  --  L16 pass pass
Q11 : T 120.32c W 100.00c S  15.45c (+349.2 L +345.1) LCB  114.99c P  3.13% WF 880.0 PSV     846 N     140  --  Q11 pass pass
R10 : T  85.16c W 100.00c S -14.84c (+292.0 L +290.8) LCB -264.84c P  2.47% WF   4.3 PSV       5 N       1  --  R10
M17 : T  85.31c W 100.00c S -14.69c (+293.7 L +291.9) LCB -264.69c P  1.58% WF   4.2 PSV       3 N       1  --  M17
D11 : T  85.34c W 100.00c S -14.66c (+293.8 L +291.6) LCB -264.66c P  1.45% WF   4.2 PSV       3 N       1  --  D11
J11 : T  84.85c W 100.00c S -15.15c (+289.9 L +289.0) LCB -265.21c P  0.80% WF   4.3 PSV       1 N       1  --  J11
R5  : T  85.05c W 100.00c S -14.95c (+290.9 L +290.0) LCB -265.01c P  0.76% WF   4.4 PSV       1 N       1  --  R5
L11 : T  84.82c W 100.00c S -15.18c (+289.9 L +288.9) LCB -265.24c P  0.75% WF   4.3 PSV       1 N       1  --  L11
Q5  : T  85.04c W 100.00c S -14.96c (+291.5 L +290.4) LCB -265.02c P  0.72% WF   4.3 PSV       1 N       1  --  Q5
C10 : T  85.31c W 100.00c S -14.69c (+293.6 L +291.7) LCB -264.69c P  0.69% WF   4.2 PSV       1 N       1  --  C10

2025-11-16 23:47:23-0500: play L16
2025-11-16 23:47:23-0500: Controller: kata-set-param maxVisits 2000
2025-11-16 23:47:23-0500: = 
2025-11-16 23:47:23-0500: Controller: kata-genmove_analyze b
2025-11-16 23:47:23-0500: =
2025-11-16 23:47:25-0500: MoveNum: 0 HASH: 28C4602207BD09FB8F261A5A8A93932C
   A B C D E F G H J K L M N O P Q R S T
19 . . . . . . . . . . . . . . . . . . .
18 . . . . . . . . . . . . . . . . . . .
17 . . X X . . . . . . X . . . . . . . .
16 . . . X . . X . . . X X . . X X X . .
15 . . . . . . . . . . . . . . . . . . .
14 . . . . . . . . . . . . . . . . . . .
13 . . . . . . . . . . . . . . . . . . .
12 . . . X . . . . . . . . . . . . . . .
11 . . X @ . . . . . X . . X . . . X . .
10 . . . X . . . . . . . . . . . X . . .
 9 . . . . . . . . . . . . . . . . . . .
 8 . . . . . . . . . . . . . . . . . . .
 7 . . . . . . . . . X . . . . . . . . .
 6 . . . X . . . . . . . . . . . . X . .
 5 . . . X . . . . . . . . . . . . . . .
 4 . . . X . . . . . X X . . . . X . . .
 3 . . . X . . . . . . X . . . . X . . .
 2 . . . . . . . . . . . . . . . . . . .
 1 . . . . . . . . . . . . . . . . . . .

koPOSITIONALscoreAREAtaxNONEsui1komi7.5
Time taken: 1.49531
Root visits: 806
New playouts: 806
NN rows: 780
NN batches: 262
NN avg batch size: 2.9771
PlayoutDoublingAdvantage: -2.75
PV: D11 G2 E2 B18
Tree:
: T 111.24c W 100.00c S   6.35c (+333.4 L +329.4) N     806  --  D11 G2 E2 B18
---Black(^)---
D11 : T 120.82c W 100.00c S  16.09c (+349.0 L +343.9) LCB  117.20c P  2.07% WF 2092.4 PSV    1967 N     316  --  D11 G2 E2 B18
Q11 : T 118.72c W 100.00c S  13.75c (+345.8 L +341.0) LCB  113.93c P  2.66% WF 1359.2 PSV      93 N     215  --  Q11 G2 G1
R10 : T  85.06c W 100.00c S -14.94c (+289.8 L +289.9) LCB -264.94c P  1.66% WF   4.5 PSV       3 N       1  --  R10
C10 : T  85.21c W 100.00c S -14.79c (+291.2 L +290.8) LCB -264.79c P  1.28% WF   4.4 PSV       2 N       1  --  C10
C12 : T  85.42c W 100.00c S -14.58c (+292.8 L +291.6) LCB -264.58c P  0.79% WF   4.2 PSV       1 N       1  --  C12
Q5  : T  84.94c W 100.00c S -15.06c (+288.9 L +289.2) LCB -265.13c P  0.77% WF   4.5 PSV       1 N       1  --  Q5
R5  : T  85.05c W 100.00c S -14.95c (+289.4 L +289.7) LCB -265.01c P  0.70% WF   4.4 PSV       1 N       1  --  R5
A19 : T  85.41c W 100.00c S -14.59c (+293.8 L +292.1) LCB -264.67c P  0.68% WF   4.1 PSV       1 N       1  --  A19
T1  : T  85.45c W 100.00c S -14.55c (+294.3 L +292.6) LCB -264.62c P  0.68% WF   4.2 PSV       1 N       1  --  T1
T19 : T  85.52c W 100.00c S -14.48c (+294.7 L +292.9) LCB -264.55c P  0.68% WF   4.1 PSV       1 N       1  --  T19

2025-11-16 23:47:25-0500: play D11
2025-11-16 23:47:25-0500: Controller: kata-set-param maxVisits 800
2025-11-16 23:47:25-0500: = 
2025-11-16 23:47:25-0500: Controller: kata-genmove_analyze b
2025-11-16 23:47:25-0500: =
2025-11-16 23:47:25-0500: MoveNum: 0 HASH: A29682B288C6958046339CAF64A3048C
   A B C D E F G H J K L M N O P Q R S T
19 . . . . . . . . . . . . . . . . . . .
18 . . . . . . . . . . . . . . . . . . .
17 . . X X . . . . . . X . . . . . . . .
16 . . . X . . X . . . X X . . X X X . .
15 . . . . . . . . . . . . . . . . . . .
14 . . . . . . . . . . . . . . . . . . .
13 . . . . . . . . . . . . . . . . . . .
12 . . . X . . . . . . . . . . . . . . .
11 . . X X . . . . . X . . X . . @ X . .
10 . . . X . . . . . . . . . . . X . . .
 9 . . . . . . . . . . . . . . . . . . .
 8 . . . . . . . . . . . . . . . . . . .
 7 . . . . . . . . . X . . . . . . . . .
 6 . . . X . . . . . . . . . . . . X . .
 5 . . . X . . . . . . . . . . . . . . .
 4 . . . X . . . . . X X . . . . X . . .
 3 . . . X . . . . . . X . . . . X . . .
 2 . . . . . . . . . . . . . . . . . . .
 1 . . . . . . . . . . . . . . . . . . .

koPOSITIONALscoreAREAtaxNONEsui1komi7.5
Time taken: 0.634001
Root visits: 326
New playouts: 326
NN rows: 326
NN batches: 110
NN avg batch size: 2.96364
PlayoutDoublingAdvantage: -2.75
PV: Q11 pass
Tree:
: T  95.87c W 100.00c S  -5.80c (+307.5 L +305.3) N     326  --  Q11 pass
---Black(^)---
Q11 : T 124.37c W 100.00c S  23.49c (+353.5 L +348.2) LCB  121.46c P  1.90% WF 441.4 PSV     386 N      60  --  Q11 pass
R10 : T  85.30c W 100.00c S -14.70c (+289.7 L +289.1) LCB -264.70c P  1.19% WF   4.6 PSV       1 N       1  --  R10
R5  : T  85.22c W 100.00c S -14.78c (+289.1 L +288.8) LCB -264.85c P  0.96% WF   4.6 PSV       0 N       1  --  R5
A19 : T  85.34c W 100.00c S -14.66c (+292.1 L +290.6) LCB -264.73c P  0.75% WF   4.5 PSV       0 N       1  --  A19
T1  : T  85.61c W 100.00c S -14.39c (+293.8 L +291.4) LCB -264.46c P  0.73% WF   4.4 PSV       0 N       1  --  T1
A1  : T  85.48c W 100.00c S -14.52c (+293.0 L +291.3) LCB -264.59c P  0.72% WF   4.5 PSV       0 N       1  --  A1
Q5  : T  85.24c W 100.00c S -14.76c (+289.6 L +288.9) LCB -264.83c P  0.72% WF   4.5 PSV       0 N       1  --  Q5
R4  : T  85.27c W 100.00c S -14.73c (+289.3 L +288.9) LCB -264.80c P  0.65% WF   4.6 PSV       0 N       1  --  R4
T19 : T  85.46c W 100.00c S -14.54c (+292.9 L +291.2) LCB -264.60c P  0.65% WF   4.5 PSV       0 N       1  --  T19
P11 : T  84.92c W 100.00c S -15.08c (+288.2 L +288.8) LCB -265.15c P  0.51% WF   4.7 PSV       0 N       1  --  P11

2025-11-16 23:47:25-0500: play Q11
2025-11-16 23:47:25-0500: Controller: kata-set-param maxVisits 800
2025-11-16 23:47:25-0500: = 
2025-11-16 23:47:25-0500: Controller: kata-genmove_analyze b
2025-11-16 23:47:25-0500: =
