2025-11-16 23:41:57-0500: Running with following config:
conservativePass = true
lagBuffer = 1.0
logAllGTPCommunication = true
logDir = gtp_logs
logSearchInfo = true
logToStderr = false
maxVisits = 800
nnCacheSizePowerOfTwo = 20
nnMutexPoolSizePowerOfTwo = 16
numSearchThreads = 6
openclGpuToUse = 7
ponderingEnabled = false
preventCleanupPhase = true
rootSymmetryPruning = true
rules = tromp-taylor
searchFactorAfterOnePass = 0.50
searchFactorAfterTwoPass = 0.25
searchFactorWhenWinning = 0.40
searchFactorWhenWinningThreshold = 0.95

2025-11-16 23:41:57-0500: GTP Engine starting...
2025-11-16 23:41:57-0500: KataGo v1.16.4
2025-11-16 23:41:57-0500: Using TrompTaylor rules initially, unless GTP/GUI overrides this
2025-11-16 23:41:57-0500: Using 6 CPU thread(s) for search
2025-11-16 23:41:57-0500: nnRandSeed0 = 10689619050888207168
2025-11-16 23:41:57-0500: After dedups: nnModelFile0 = /scratch2/f003x5w/old_RAG/RAGFlow-Datago/katago_repo/run/default_model.bin.gz useFP16 auto useNHWC auto
2025-11-16 23:41:57-0500: Initializing neural net buffer to be size 19 * 19 exactly
2025-11-16 23:42:01-0500: Found OpenCL Platform 0: NVIDIA CUDA (NVIDIA Corporation) (OpenCL 3.0 CUDA 12.8.98)
2025-11-16 23:42:01-0500: Found 1 device(s) on platform 0 with type CPU or GPU or Accelerator
2025-11-16 23:42:01-0500: Found OpenCL Device 0: NVIDIA RTX 6000 Ada Generation (NVIDIA Corporation) (score 11000300)
