2025-11-16 16:43:00-0500: Running with following config:
conservativePass = true
lagBuffer = 1.0
logAllGTPCommunication = true
logDir = gtp_logs
logSearchInfo = true
logToStderr = false
maxVisits = 800
nnCacheSizePowerOfTwo = 20
nnMutexPoolSizePowerOfTwo = 16
numSearchThreads = 6
openclGpuToUse = 7
ponderingEnabled = false
preventCleanupPhase = true
rootSymmetryPruning = true
rules = tromp-taylor
searchFactorAfterOnePass = 0.50
searchFactorAfterTwoPass = 0.25
searchFactorWhenWinning = 0.40
searchFactorWhenWinningThreshold = 0.95

2025-11-16 16:43:00-0500: GTP Engine starting...
2025-11-16 16:43:00-0500: KataGo v1.16.4
2025-11-16 16:43:00-0500: Using TrompTaylor rules initially, unless GTP/GUI overrides this
2025-11-16 16:43:00-0500: Using 6 CPU thread(s) for search
2025-11-16 16:43:00-0500: nnRandSeed0 = 8040950872454461564
2025-11-16 16:43:00-0500: After dedups: nnModelFile0 = /scratch2/f004ndc/AlphaGo Project/KataGo/models/g170e-b10c128-s1141046784-d204142634.bin.gz useFP16 auto useNHWC auto
2025-11-16 16:43:00-0500: Initializing neural net buffer to be size 19 * 19 exactly
2025-11-16 16:43:01-0500: Found OpenCL Platform 0: NVIDIA CUDA (NVIDIA Corporation) (OpenCL 3.0 CUDA 12.8.98)
2025-11-16 16:43:01-0500: Found 8 device(s) on platform 0 with type CPU or GPU or Accelerator
2025-11-16 16:43:01-0500: Found OpenCL Device 0: NVIDIA RTX 6000 Ada Generation (NVIDIA Corporation) (score 11000300)
2025-11-16 16:43:01-0500: Found OpenCL Device 1: NVIDIA RTX 6000 Ada Generation (NVIDIA Corporation) (score 11000300)
2025-11-16 16:43:01-0500: Found OpenCL Device 2: NVIDIA RTX 6000 Ada Generation (NVIDIA Corporation) (score 11000300)
2025-11-16 16:43:01-0500: Found OpenCL Device 3: NVIDIA RTX 6000 Ada Generation (NVIDIA Corporation) (score 11000300)
2025-11-16 16:43:01-0500: Found OpenCL Device 4: NVIDIA RTX 6000 Ada Generation (NVIDIA Corporation) (score 11000300)
2025-11-16 16:43:01-0500: Found OpenCL Device 5: NVIDIA RTX 6000 Ada Generation (NVIDIA Corporation) (score 11000300)
2025-11-16 16:43:01-0500: Found OpenCL Device 6: NVIDIA RTX 6000 Ada Generation (NVIDIA Corporation) (score 11000300)
2025-11-16 16:43:01-0500: Found OpenCL Device 7: NVIDIA RTX 6000 Ada Generation (NVIDIA Corporation) (score 11000300)
2025-11-16 16:43:01-0500: Creating context for OpenCL Platform: NVIDIA CUDA (NVIDIA Corporation) (OpenCL 3.0 CUDA 12.8.98)
2025-11-16 16:43:01-0500: Using OpenCL Device 7: NVIDIA RTX 6000 Ada Generation (NVIDIA Corporation) OpenCL 3.0 CUDA (Extensions: cl_khr_global_int32_base_atomics cl_khr_global_int32_extended_atomics cl_khr_local_int32_base_atomics cl_khr_local_int32_extended_atomics cl_khr_fp64 cl_khr_3d_image_writes cl_khr_byte_addressable_store cl_khr_icd cl_khr_gl_sharing cl_nv_compiler_options cl_nv_device_attribute_query cl_nv_pragma_unroll cl_nv_copy_opts cl_khr_gl_event cl_nv_create_buffer cl_khr_int64_base_atomics cl_khr_int64_extended_atomics cl_nv_kernel_attribute cl_khr_device_uuid cl_khr_pci_bus_info cl_khr_external_semaphore cl_khr_external_memory cl_khr_external_semaphore_opaque_fd cl_khr_external_memory_opaque_fd cl_khr_semaphore)
2025-11-16 16:43:01-0500: Loaded tuning parameters from: /thayerfs/home/f004ndc/.katago/opencltuning/tune11_gpuNVIDIARTX6000AdaGeneration_x19_y19_c128_mv8.txt
2025-11-16 16:43:02-0500: OpenCL backend thread 0: Device 7 Model version 8
2025-11-16 16:43:02-0500: OpenCL backend thread 0: Device 7 Model name: g170-b10c128-s1141046784-d204142634
2025-11-16 16:43:02-0500: OpenCL backend thread 0: Device 7 FP16Storage true FP16Compute false FP16TensorCores true FP16TensorCoresFor1x1 false
2025-11-16 16:43:02-0500: Loaded neural net with nnXLen 19 nnYLen 19
2025-11-16 16:43:02-0500: Initializing board with boardXSize 19 boardYSize 19
2025-11-16 16:43:02-0500: Loaded config /scratch2/f004ndc/AlphaGo Project/KataGo/configs/gtp_800visits.cfg
2025-11-16 16:43:02-0500: Loaded model /scratch2/f004ndc/AlphaGo Project/KataGo/models/g170e-b10c128-s1141046784-d204142634.bin.gz
2025-11-16 16:43:02-0500: Model name: g170-b10c128-s1141046784-d204142634
2025-11-16 16:43:02-0500: GTP ready, beginning main protocol loop
2025-11-16 16:43:02-0500: Controller: boardsize 19
2025-11-16 16:43:02-0500: = 
2025-11-16 16:43:02-0500: Controller: clear_board
2025-11-16 16:43:02-0500: = 
2025-11-16 16:43:02-0500: Controller: kata-set-param maxVisits 800
2025-11-16 16:43:02-0500: = 
2025-11-16 16:43:02-0500: Controller: genmove b
2025-11-16 16:43:04-0500: MoveNum: 0 HASH: CDCBC1F514D7E680FACD226074256633
   A B C D E F G H J K L M N O P Q R S T
19 . . . . . . . . . . . . . . . . . . .
18 . . . . . . . . . . . . . . . . . . .
17 . . . . . . . . . . . . . . . . . . .
16 . . . . . . . . . . . . . . . . @ . .
15 . . . . . . . . . . . . . . . . . . .
14 . . . . . . . . . . . . . . . . . . .
13 . . . . . . . . . . . . . . . . . . .
12 . . . . . . . . . . . . . . . . . . .
11 . . . . . . . . . . . . . . . . . . .
10 . . . . . . . . . . . . . . . . . . .
 9 . . . . . . . . . . . . . . . . . . .
 8 . . . . . . . . . . . . . . . . . . .
 7 . . . . . . . . . . . . . . . . . . .
 6 . . . . . . . . . . . . . . . . . . .
 5 . . . . . . . . . . . . . . . . . . .
 4 . . . . . . . . . . . . . . . . . . .
 3 . . . . . . . . . . . . . . . . . . .
 2 . . . . . . . . . . . . . . . . . . .
 1 . . . . . . . . . . . . . . . . . . .

koPOSITIONALscoreAREAtaxNONEsui1komi7.5
Time taken: 2.37382
Root visits: 805
New playouts: 805
NN rows: 637
NN batches: 214
NN avg batch size: 2.97664
PV: R16 Q4 C16 C4 F17 P16 P17
Tree:
: T  -7.71c W  -7.54c S  -0.11c ( -1.1 L  -0.8) N     805  --  R16 Q4 C16 C4 F17 P16 P17
---Black(^)---
R16 : T  -6.93c W  -6.73c S  -0.01c ( -1.0 L  -0.7) LCB   -7.86c P  4.19% WF 240.5 PSV     273 N     238  --  R16 Q4 C16 C4 F17 P16 P17
Q16 : T  -8.00c W  -7.58c S  -0.10c ( -1.1 L  -0.8) LCB   -8.88c P 12.01% WF 230.3 PSV      89 N     231  --  Q16 Q4 D17 D4 C14 R17 Q17 R16
Q15 : T  -7.42c W  -7.51c S  -0.11c ( -1.1 L  -0.9) LCB   -8.46c P  0.40% WF 169.3 PSV       5 N     169  --  Q15 Q4 Q17 D17 D4 C14 R3
R15 : T  -8.21c W  -8.25c S  -0.20c ( -1.2 L  -0.9) LCB   -9.63c P  0.31% WF 124.0 PSV       1 N     129  --  R15 D16 Q17 D4 Q4 R3 R4 Q3
R17 : T  -9.79c W  -9.70c S  -0.41c ( -1.5 L  -1.1) LCB  -12.92c P  0.51% WF  29.6 PSV       1 N      30  --  R17 D16 Q4 D3 C17
Q14 : T -15.99c W -14.60c S  -1.39c ( -2.7 L  -2.1) LCB -165.49c P  0.04% WF   2.0 PSV       0 N       2  --  Q14 Q16
R14 : T -14.24c W -12.94c S  -1.30c ( -2.6 L  -1.9) LCB -364.24c P  0.08% WF   1.0 PSV       0 N       1  --  R14
Q11 : T -15.21c W -13.74c S  -1.47c ( -2.8 L  -2.1) LCB -365.21c P  0.03% WF   1.0 PSV       0 N       1  --  Q11
R13 : T -14.01c W -12.68c S  -1.33c ( -2.6 L  -1.9) LCB -364.01c P  0.03% WF   1.0 PSV       0 N       1  --  R13
Q12 : T -15.72c W -14.18c S  -1.54c ( -2.9 L  -2.1) LCB -365.72c P  0.03% WF   1.0 PSV       0 N       1  --  Q12

2025-11-16 16:43:04-0500: = R16
2025-11-16 16:43:04-0500: Controller: play w Q16
2025-11-16 16:43:04-0500: = 
2025-11-16 16:43:04-0500: Controller: genmove b
2025-11-16 16:43:05-0500: MoveNum: 2 HASH: 83BA34DBF1F56CE42437A8635009619E
   A B C D E F G H J K L M N O P Q R S T
19 . . . . . . . . . . . . . . . . . . .
18 . . . . . . . . . . . . . . . . . . .
17 . . . . . . . . . . . . . . . @ . . .
16 . . . . . . . . . . . . . . . O2X1. .
15 . . . . . . . . . . . . . . . . . . .
14 . . . . . . . . . . . . . . . . . . .
13 . . . . . . . . . . . . . . . . . . .
12 . . . . . . . . . . . . . . . . . . .
11 . . . . . . . . . . . . . . . . . . .
10 . . . . . . . . . . . . . . . . . . .
 9 . . . . . . . . . . . . . . . . . . .
 8 . . . . . . . . . . . . . . . . . . .
 7 . . . . . . . . . . . . . . . . . . .
 6 . . . . . . . . . . . . . . . . . . .
 5 . . . . . . . . . . . . . . . . . . .
 4 . . . . . . . . . . . . . . . . . . .
 3 . . . . . . . . . . . . . . . . . . .
 2 . . . . . . . . . . . . . . . . . . .
 1 . . . . . . . . . . . . . . . . . . .

koPOSITIONALscoreAREAtaxNONEsui1komi7.5
Time taken: 0.546889
Root visits: 805
New playouts: 805
NN rows: 663
NN batches: 223
NN avg batch size: 2.97309
PV: Q17 D4 D16 Q4 Q14 R17 R15 C17 D17
Tree:
: T  -2.37c W  -2.35c S  -0.10c ( -0.3 L  -0.3) N     805  --  Q17 D4 D16 Q4 Q14 R17 R15
---Black(^)---
Q17 : T  -1.68c W  -1.79c S  -0.03c ( -0.2 L  -0.2) LCB   -2.37c P 56.95% WF 715.8 PSV     713 N     712  --  Q17 D4 D16 Q4 Q14 R17 R15 C17
R17 : T  -4.60c W  -4.56c S  -0.37c ( -0.7 L  -0.5) LCB   -6.91c P 15.39% WF  56.9 PSV      42 N      58  --  R17 Q15 P18 D4 Q4 D16 C3
R15 : T -12.09c W -10.32c S  -1.06c ( -1.5 L  -1.1) LCB  -16.26c P  9.82% WF  14.3 PSV       9 N      15  --  R15 Q17 R17 D16 D4 Q4
Q15 : T -16.96c W -12.23c S  -1.44c ( -2.0 L  -1.6) LCB  -31.44c P  9.94% WF   7.5 PSV       6 N       8  --  Q15 R17 R15 Q17 O15 N16
D16 : T -14.33c W -12.40c S  -1.44c ( -2.0 L  -1.6) LCB  -30.02c P  0.81% WF   6.6 PSV       0 N       7  --  D16 R17 R15 Q17 R12
D4  : T -14.81c W -10.48c S  -1.29c ( -1.8 L  -1.4) LCB  -88.75c P  0.83% WF   2.9 PSV       0 N       3  --  D4 R17 R15

2025-11-16 16:43:05-0500: = Q17
2025-11-16 16:43:05-0500: Controller: play w Q16
2025-11-16 16:43:05-0500: ? illegal move
2025-11-16 16:43:05-0500: Controller: genmove b
2025-11-16 16:43:05-0500: MoveNum: 0 HASH: F7526F13A89029FE54FE7EDC8F0293AB
   A B C D E F G H J K L M N O P Q R S T
19 . . . . . . . . . . . . . . . . . . .
18 . . . . . . . . . . . . . . . . . . .
17 . . . . . . . . . . . . . . . X . . .
16 . . . . . . . . . . . . . . . O X . .
15 . . . . . . . . . . . . . . . . . . .
14 . . . . . . . . . . . . . . . . . . .
13 . . . . . . . . . . . . . . . . . . .
12 . . . . . . . . . . . . . . . . . . .
11 . . . . . . . . . . . . . . . . . . .
10 . . . . . . . . . . . . . . . . . . .
 9 . . . . . . . . . . . . . . . . . . .
 8 . . . . . . . . . . . . . . . . . . .
 7 . . . . . . . . . . . . . . . . . . .
 6 . . . . . . . . . . . . . . . . . . .
 5 . . . . . . . . . . . . . . . . . . .
 4 . . . . . . . . . . . . . . . . @ . .
 3 . . . . . . . . . . . . . . . . . . .
 2 . . . . . . . . . . . . . . . . . . .
 1 . . . . . . . . . . . . . . . . . . .

koPOSITIONALscoreAREAtaxNONEsui1komi7.5
Time taken: 0.586708
Root visits: 805
New playouts: 805
NN rows: 703
NN batches: 236
NN avg batch size: 2.97881
PV: Q4 P17 Q15 P16 R17 D16 D4 C3
Tree:
: T  93.92c W  89.34c S   4.35c (+16.6 L +13.4) N     805  --  Q4 P17 Q15 P16 R17 D16 D4
---Black(^)---
Q4  : T  94.34c W  89.66c S   4.52c (+16.8 L +13.5) LCB   93.73c P  9.80% WF 138.4 PSV     260 N     138  --  Q4 P17 Q15 P16 R17 D16 D4 C3
D4  : T  94.10c W  89.51c S   4.39c (+16.7 L +13.4) LCB   93.54c P  7.31% WF 164.2 PSV     164 N     164  --  D4 P17 Q15 P16 R17 D16 Q4 C3
Q14 : T  93.42c W  88.86c S   4.09c (+16.3 L +13.2) LCB   92.23c P  7.72% WF 128.5 PSV      67 N     129  --  Q14 P16 P17 R15 O16 R17 S16 O15
R4  : T  93.94c W  89.31c S   4.43c (+16.7 L +13.4) LCB   93.23c P  3.61% WF 115.0 PSV      59 N     115  --  R4 D16 D4 P17 Q15 P16
Q3  : T  93.92c W  89.37c S   4.35c (+16.6 L +13.4) LCB   93.25c P  3.40% WF 136.0 PSV      53 N     136  --  Q3 D4 D16 R15 P16 Q15 R17 Q5
D3  : T  93.87c W  89.41c S   4.32c (+16.6 L +13.3) LCB   93.12c P  3.41% WF 115.9 PSV      49 N     116  --  D3 R15 P16 Q15 R17 Q4 D17 C5
Q15 : T  90.49c W  87.10c S   3.83c (+16.0 L +12.9) LCB   71.02c P  1.89% WF   5.9 PSV       4 N       6  --  Q15 P16 P17 O16 O17 N16

2025-11-16 16:43:05-0500: = R4
2025-11-16 16:43:05-0500: Controller: play w Q16
2025-11-16 16:43:05-0500: ? illegal move
2025-11-16 16:43:05-0500: Controller: clear_board
2025-11-16 16:43:05-0500: = 
2025-11-16 16:43:05-0500: Controller: kata-genmove_analyze b
2025-11-16 16:43:05-0500: =
2025-11-16 16:43:05-0500: MoveNum: 0 HASH: CDCBC1F514D7E680FACD226074256633
   A B C D E F G H J K L M N O P Q R S T
19 . . . . . . . . . . . . . . . . . . .
18 . . . . . . . . . . . . . . . . . . .
17 . . . . . . . . . . . . . . . . . . .
16 . . . . . . . . . . . . . . . . @ . .
15 . . . . . . . . . . . . . . . . . . .
14 . . . . . . . . . . . . . . . . . . .
13 . . . . . . . . . . . . . . . . . . .
12 . . . . . . . . . . . . . . . . . . .
11 . . . . . . . . . . . . . . . . . . .
10 . . . . . . . . . . . . . . . . . . .
 9 . . . . . . . . . . . . . . . . . . .
 8 . . . . . . . . . . . . . . . . . . .
 7 . . . . . . . . . . . . . . . . . . .
 6 . . . . . . . . . . . . . . . . . . .
 5 . . . . . . . . . . . . . . . . . . .
 4 . . . . . . . . . . . . . . . . . . .
 3 . . . . . . . . . . . . . . . . . . .
 2 . . . . . . . . . . . . . . . . . . .
 1 . . . . . . . . . . . . . . . . . . .

koPOSITIONALscoreAREAtaxNONEsui1komi7.5
Time taken: 0.0559775
Root visits: 805
New playouts: 805
NN rows: 66
NN batches: 23
NN avg batch size: 2.86957
PV: R16 Q4 C16 C4 F17 P16 P17
Tree:
: T  -7.76c W  -7.54c S  -0.11c ( -1.1 L  -0.8) N     805  --  R16 Q4 C16 C4 F17 P16 P17
---Black(^)---
R16 : T  -7.22c W  -6.91c S  -0.03c ( -1.0 L  -0.7) LCB   -8.07c P  4.19% WF 275.2 PSV     316 N     274  --  R16 Q4 C16 C4 F17 P16 P17
Q16 : T  -7.92c W  -7.70c S  -0.12c ( -1.1 L  -0.8) LCB   -8.76c P 12.01% WF 230.5 PSV     129 N     231  --  Q16 D16 Q4 D4 C17 C16 D17
Q15 : T  -7.61c W  -7.61c S  -0.13c ( -1.1 L  -0.9) LCB   -8.67c P  0.40% WF 170.1 PSV       6 N     170  --  Q15 Q4 Q17 D16 D4 C3 D3 C4
R17 : T  -9.18c W  -9.00c S  -0.31c ( -1.3 L  -1.0) LCB  -12.76c P  0.51% WF  24.8 PSV       2 N      25  --  R17 Q4 D16 D4 R3
R15 : T  -8.61c W  -8.27c S  -0.20c ( -1.2 L  -0.9) LCB  -10.13c P  0.31% WF  95.5 PSV       1 N     101  --  R15 D16 Q17 C4 R4 F3
Q14 : T -15.99c W -14.60c S  -1.39c ( -2.7 L  -2.1) LCB -165.49c P  0.04% WF   2.0 PSV       0 N       2  --  Q14 Q16
R14 : T -14.24c W -12.94c S  -1.30c ( -2.6 L  -1.9) LCB -364.24c P  0.08% WF   1.0 PSV       0 N       1  --  R14

2025-11-16 16:43:05-0500: play R16
2025-11-16 16:43:05-0500: Controller: play w Q16
2025-11-16 16:43:05-0500: = 
2025-11-16 16:43:05-0500: Controller: kata-genmove_analyze b
2025-11-16 16:43:05-0500: =
2025-11-16 16:43:06-0500: MoveNum: 2 HASH: 83BA34DBF1F56CE42437A8635009619E
   A B C D E F G H J K L M N O P Q R S T
19 . . . . . . . . . . . . . . . . . . .
18 . . . . . . . . . . . . . . . . . . .
17 . . . . . . . . . . . . . . . @ . . .
16 . . . . . . . . . . . . . . . O2X1. .
15 . . . . . . . . . . . . . . . . . . .
14 . . . . . . . . . . . . . . . . . . .
13 . . . . . . . . . . . . . . . . . . .
12 . . . . . . . . . . . . . . . . . . .
11 . . . . . . . . . . . . . . . . . . .
10 . . . . . . . . . . . . . . . . . . .
 9 . . . . . . . . . . . . . . . . . . .
 8 . . . . . . . . . . . . . . . . . . .
 7 . . . . . . . . . . . . . . . . . . .
 6 . . . . . . . . . . . . . . . . . . .
 5 . . . . . . . . . . . . . . . . . . .
 4 . . . . . . . . . . . . . . . . . . .
 3 . . . . . . . . . . . . . . . . . . .
 2 . . . . . . . . . . . . . . . . . . .
 1 . . . . . . . . . . . . . . . . . . .

koPOSITIONALscoreAREAtaxNONEsui1komi7.5
Time taken: 0.069143
Root visits: 805
New playouts: 805
NN rows: 83
NN batches: 30
NN avg batch size: 2.76667
PV: Q17 D4 D16 R4 O16 R17 P17 C17 D17
Tree:
: T  -2.02c W  -2.24c S  -0.08c ( -0.3 L  -0.3) N     805  --  Q17 D4 D16 R4 O16 R17 P17
---Black(^)---
Q17 : T  -1.53c W  -1.80c S  -0.03c ( -0.2 L  -0.2) LCB   -2.24c P 56.95% WF 707.8 PSV     706 N     706  --  Q17 D4 D16 R4 O16 R17 P17 C17
R17 : T  -3.60c W  -4.11c S  -0.31c ( -0.6 L  -0.5) LCB   -5.76c P 15.39% WF  74.0 PSV      54 N      75  --  R17 Q4 D16 C4 Q15
R15 : T -11.71c W -10.11c S  -1.03c ( -1.5 L  -1.1) LCB  -16.88c P  9.82% WF  12.4 PSV       9 N      13  --  R15 Q17 R17 D16 D4 Q4
Q15 : T -14.40c W -11.38c S  -1.30c ( -1.9 L  -1.4) LCB  -33.41c P  9.94% WF   6.6 PSV       7 N       7  --  Q15 R17 R15 Q17 O15
D4  : T -13.74c W -11.12c S  -1.38c ( -2.0 L  -1.5) LCB -162.75c P  0.83% WF   1.9 PSV       0 N       2  --  D4 R17

2025-11-16 16:43:06-0500: play Q17
2025-11-16 16:43:06-0500: Controller: play w Q16
2025-11-16 16:43:06-0500: ? illegal move
2025-11-16 16:43:06-0500: Controller: kata-genmove_analyze b
2025-11-16 16:43:06-0500: =
2025-11-16 16:43:06-0500: MoveNum: 0 HASH: F7526F13A89029FE54FE7EDC8F0293AB
   A B C D E F G H J K L M N O P Q R S T
19 . . . . . . . . . . . . . . . . . . .
18 . . . . . . . . . . . . . . . . . . .
17 . . . . . . . . . . . . . . . X . . .
16 . . . . . . . . . . . . . . . O X . .
15 . . . . . . . . . . . . . . . . . . .
14 . . . . . . . . . . . . . . . . . . .
13 . . . . . . . . . . . . . . . . . . .
12 . . . . . . . . . . . . . . . . . . .
11 . . . . . . . . . . . . . . . . . . .
10 . . . . . . . . . . . . . . . . . . .
 9 . . . . . . . . . . . . . . . . . . .
 8 . . . . . . . . . . . . . . . . . . .
 7 . . . . . . . . . . . . . . . . . . .
 6 . . . . . . . . . . . . . . . . . . .
 5 . . . . . . . . . . . . . . . . . . .
 4 . . . . . . . . . . . . . . . @ . . .
 3 . . . . . . . . . . . . . . . . . . .
 2 . . . . . . . . . . . . . . . . . . .
 1 . . . . . . . . . . . . . . . . . . .

koPOSITIONALscoreAREAtaxNONEsui1komi7.5
Time taken: 0.0309013
Root visits: 805
New playouts: 805
NN rows: 28
NN batches: 11
NN avg batch size: 2.54545
PV: Q4 P17 Q15 P16 R17 D16 D4 C3
Tree:
: T  93.94c W  89.37c S   4.34c (+16.6 L +13.4) N     805  --  Q4 P17 Q15 P16 R17 D16 D4
---Black(^)---
Q4  : T  94.38c W  89.71c S   4.53c (+16.9 L +13.5) LCB   93.79c P  9.80% WF 131.4 PSV     271 N     131  --  Q4 P17 Q15 P16 R17 D16 D4 C3
D4  : T  94.14c W  89.52c S   4.42c (+16.7 L +13.4) LCB   93.60c P  7.31% WF 168.2 PSV     168 N     168  --  D4 P17 Q15 P16 R17 D16 Q4 C3
Q14 : T  93.40c W  88.90c S   4.07c (+16.2 L +13.2) LCB   92.27c P  7.72% WF 131.3 PSV      64 N     132  --  Q14 P16 P17 R15 O16 R17 S16 O15
R4  : T  93.97c W  89.31c S   4.41c (+16.7 L +13.4) LCB   93.28c P  3.61% WF 116.0 PSV      59 N     116  --  R4 D16 D4 P17 Q15 P16
Q3  : T  94.00c W  89.44c S   4.35c (+16.6 L +13.4) LCB   93.34c P  3.40% WF 141.0 PSV      58 N     141  --  Q3 D4 D16 R15 P16 Q15 R17 Q5
D3  : T  93.86c W  89.40c S   4.29c (+16.5 L +13.3) LCB   93.13c P  3.41% WF 109.9 PSV      47 N     110  --  D3 R15 P16 Q15 R17 Q4 D17 C5
Q15 : T  91.29c W  87.73c S   3.96c (+16.1 L +13.1) LCB   71.92c P  1.89% WF   5.9 PSV       5 N       6  --  Q15 P16 P17 O16 O17

2025-11-16 16:43:06-0500: play Q4
2025-11-16 16:43:06-0500: Controller: play w Q16
2025-11-16 16:43:06-0500: ? illegal move
2025-11-16 16:43:06-0500: Controller: quit
2025-11-16 16:43:06-0500: Quit requested by controller
2025-11-16 16:43:06-0500: = 
2025-11-16 16:43:07-0500: GPU 7 finishing, processed 2180 rows 737 batches
2025-11-16 16:43:07-0500: All cleaned up, quitting
