2025-11-16 16:20:10-0500: Running with following config:
conservativePass = true
lagBuffer = 1.0
logAllGTPCommunication = true
logDir = gtp_logs
logSearchInfo = true
logToStderr = false
maxVisits = 800
nnCacheSizePowerOfTwo = 20
nnMutexPoolSizePowerOfTwo = 16
numSearchThreads = 6
openclGpuToUse = 7
ponderingEnabled = false
preventCleanupPhase = true
rootSymmetryPruning = true
rules = tromp-taylor
searchFactorAfterOnePass = 0.50
searchFactorAfterTwoPass = 0.25
searchFactorWhenWinning = 0.40
searchFactorWhenWinningThreshold = 0.95

2025-11-16 16:20:10-0500: GTP Engine starting...
2025-11-16 16:20:10-0500: KataGo v1.16.4
2025-11-16 16:20:10-0500: Using TrompTaylor rules initially, unless GTP/GUI overrides this
2025-11-16 16:20:10-0500: Using 6 CPU thread(s) for search
2025-11-16 16:20:10-0500: nnRandSeed0 = 1719112731918648836
2025-11-16 16:20:10-0500: After dedups: nnModelFile0 = /scratch2/f004ndc/AlphaGo Project/KataGo/models/g170e-b10c128-s1141046784-d204142634.bin.gz useFP16 auto useNHWC auto
2025-11-16 16:20:10-0500: Initializing neural net buffer to be size 19 * 19 exactly
2025-11-16 16:20:11-0500: Found OpenCL Platform 0: NVIDIA CUDA (NVIDIA Corporation) (OpenCL 3.0 CUDA 12.8.98)
2025-11-16 16:20:11-0500: Found 8 device(s) on platform 0 with type CPU or GPU or Accelerator
2025-11-16 16:20:11-0500: Found OpenCL Device 0: NVIDIA RTX 6000 Ada Generation (NVIDIA Corporation) (score 11000300)
2025-11-16 16:20:11-0500: Found OpenCL Device 1: NVIDIA RTX 6000 Ada Generation (NVIDIA Corporation) (score 11000300)
2025-11-16 16:20:11-0500: Found OpenCL Device 2: NVIDIA RTX 6000 Ada Generation (NVIDIA Corporation) (score 11000300)
2025-11-16 16:20:11-0500: Found OpenCL Device 3: NVIDIA RTX 6000 Ada Generation (NVIDIA Corporation) (score 11000300)
2025-11-16 16:20:11-0500: Found OpenCL Device 4: NVIDIA RTX 6000 Ada Generation (NVIDIA Corporation) (score 11000300)
2025-11-16 16:20:11-0500: Found OpenCL Device 5: NVIDIA RTX 6000 Ada Generation (NVIDIA Corporation) (score 11000300)
2025-11-16 16:20:11-0500: Found OpenCL Device 6: NVIDIA RTX 6000 Ada Generation (NVIDIA Corporation) (score 11000300)
2025-11-16 16:20:11-0500: Found OpenCL Device 7: NVIDIA RTX 6000 Ada Generation (NVIDIA Corporation) (score 11000300)
2025-11-16 16:20:11-0500: Creating context for OpenCL Platform: NVIDIA CUDA (NVIDIA Corporation) (OpenCL 3.0 CUDA 12.8.98)
2025-11-16 16:20:12-0500: Using OpenCL Device 7: NVIDIA RTX 6000 Ada Generation (NVIDIA Corporation) OpenCL 3.0 CUDA (Extensions: cl_khr_global_int32_base_atomics cl_khr_global_int32_extended_atomics cl_khr_local_int32_base_atomics cl_khr_local_int32_extended_atomics cl_khr_fp64 cl_khr_3d_image_writes cl_khr_byte_addressable_store cl_khr_icd cl_khr_gl_sharing cl_nv_compiler_options cl_nv_device_attribute_query cl_nv_pragma_unroll cl_nv_copy_opts cl_khr_gl_event cl_nv_create_buffer cl_khr_int64_base_atomics cl_khr_int64_extended_atomics cl_nv_kernel_attribute cl_khr_device_uuid cl_khr_pci_bus_info cl_khr_external_semaphore cl_khr_external_memory cl_khr_external_semaphore_opaque_fd cl_khr_external_memory_opaque_fd cl_khr_semaphore)
2025-11-16 16:20:12-0500: Loaded tuning parameters from: /thayerfs/home/f004ndc/.katago/opencltuning/tune11_gpuNVIDIARTX6000AdaGeneration_x19_y19_c128_mv8.txt
2025-11-16 16:20:12-0500: OpenCL backend thread 0: Device 7 Model version 8
2025-11-16 16:20:12-0500: OpenCL backend thread 0: Device 7 Model name: g170-b10c128-s1141046784-d204142634
2025-11-16 16:20:12-0500: OpenCL backend thread 0: Device 7 FP16Storage true FP16Compute false FP16TensorCores true FP16TensorCoresFor1x1 false
2025-11-16 16:20:12-0500: Loaded neural net with nnXLen 19 nnYLen 19
2025-11-16 16:20:12-0500: Initializing board with boardXSize 19 boardYSize 19
2025-11-16 16:20:12-0500: Loaded config /scratch2/f004ndc/AlphaGo Project/KataGo/configs/gtp_800visits.cfg
2025-11-16 16:20:12-0500: Loaded model /scratch2/f004ndc/AlphaGo Project/KataGo/models/g170e-b10c128-s1141046784-d204142634.bin.gz
2025-11-16 16:20:12-0500: Model name: g170-b10c128-s1141046784-d204142634
2025-11-16 16:20:12-0500: GTP ready, beginning main protocol loop
2025-11-16 16:20:12-0500: Controller: boardsize 19
2025-11-16 16:20:12-0500: = 
2025-11-16 16:20:12-0500: Controller: clear_board
2025-11-16 16:20:12-0500: = 
2025-11-16 16:20:12-0500: Controller: play b D4
2025-11-16 16:20:12-0500: = 
2025-11-16 16:20:12-0500: Controller: kata-genmove_analyze w
2025-11-16 16:20:12-0500: =
2025-11-16 16:20:12-0500: MoveNum: 1 HASH: 20D027FF3D8F63642B79C3F658C233F1
   A B C D E F G H J K L M N O P Q R S T
19 . . . . . . . . . . . . . . . . . . .
18 . . . . . . . . . . . . . . . . . . .
17 . . . . . . . . . . . . . . . @ . . .
16 . . . . . . . . . . . . . . . . . . .
15 . . . . . . . . . . . . . . . . . . .
14 . . . . . . . . . . . . . . . . . . .
13 . . . . . . . . . . . . . . . . . . .
12 . . . . . . . . . . . . . . . . . . .
11 . . . . . . . . . . . . . . . . . . .
10 . . . . . . . . . . . . . . . . . . .
 9 . . . . . . . . . . . . . . . . . . .
 8 . . . . . . . . . . . . . . . . . . .
 7 . . . . . . . . . . . . . . . . . . .
 6 . . . . . . . . . . . . . . . . . . .
 5 . . . . . . . . . . . . . . . . . . .
 4 . . . X1. . . . . . . . . . . . . . .
 3 . . . . . . . . . . . . . . . . . . .
 2 . . . . . . . . . . . . . . . . . . .
 1 . . . . . . . . . . . . . . . . . . .

koPOSITIONALscoreAREAtaxNONEsui1komi7.5
Time taken: 0.145661
Root visits: 804
New playouts: 804
NN rows: 678
NN batches: 228
NN avg batch size: 2.97368
PV: Q17 Q3 C16 R15 O16 E16 E17
Tree:
: T   8.78c W   7.59c S   0.87c ( +1.1 L  +0.8) N     804  --  Q17 Q3 C16 R15 O16 E16 E17
---White(^)---
Q17 : T   9.18c W   7.70c S   0.89c ( +1.1 L  +0.8) LCB    8.12c P  4.73% WF 142.4 PSV     247 N     142  --  Q17 Q3 C16 R15 O16 E16 E17
Q16 : T   8.77c W   7.79c S   0.89c ( +1.1 L  +0.8) LCB    8.01c P 21.96% WF 196.9 PSV     197 N     197  --  Q16 R4 C16 R17 Q17 R16 R14
D16 : T   8.75c W   7.55c S   0.86c ( +1.0 L  +0.8) LCB    7.95c P 20.15% WF 185.9 PSV     178 N     186  --  D16 Q3 Q16 R6 C3 C4 D3 F3
C16 : T   8.89c W   7.65c S   0.87c ( +1.1 L  +0.8) LCB    7.86c P  4.30% WF 144.1 PSV      44 N     144  --  C16 Q16 Q4 E17 D14 R3 R4 Q3
D17 : T   8.72c W   7.57c S   0.86c ( +1.1 L  +0.8) LCB    7.60c P  3.92% WF 127.6 PSV      33 N     128  --  D17 Q17 Q4 C15 F16 R14 C3
C3  : T   0.49c W   0.14c S   0.03c ( +0.0 L  +0.1) LCB  -18.98c P  0.79% WF   5.8 PSV       0 N       6  --  C3 C4 D3 F3

2025-11-16 16:20:12-0500: play Q17
2025-11-16 16:20:12-0500: Controller: quit
2025-11-16 16:20:12-0500: Quit requested by controller
2025-11-16 16:20:12-0500: = 
2025-11-16 16:20:14-0500: GPU 7 finishing, processed 678 rows 228 batches
2025-11-16 16:20:14-0500: All cleaned up, quitting
