2025-11-16 16:18:56-0500: Running with following config:
conservativePass = true
lagBuffer = 1.0
logAllGTPCommunication = true
logDir = gtp_logs
logSearchInfo = true
logToStderr = false
maxVisits = 800
nnCacheSizePowerOfTwo = 20
nnMutexPoolSizePowerOfTwo = 16
numSearchThreads = 6
openclGpuToUse = 7
ponderingEnabled = false
preventCleanupPhase = true
rootSymmetryPruning = true
rules = tromp-taylor
searchFactorAfterOnePass = 0.50
searchFactorAfterTwoPass = 0.25
searchFactorWhenWinning = 0.40
searchFactorWhenWinningThreshold = 0.95

2025-11-16 16:18:56-0500: GTP Engine starting...
2025-11-16 16:18:56-0500: KataGo v1.16.4
2025-11-16 16:18:56-0500: Using TrompTaylor rules initially, unless GTP/GUI overrides this
2025-11-16 16:18:56-0500: Using 6 CPU thread(s) for search
2025-11-16 16:18:56-0500: nnRandSeed0 = 6096986972134723893
2025-11-16 16:18:56-0500: After dedups: nnModelFile0 = /scratch2/f004ndc/AlphaGo Project/KataGo/models/g170e-b10c128-s1141046784-d204142634.bin.gz useFP16 auto useNHWC auto
2025-11-16 16:18:56-0500: Initializing neural net buffer to be size 19 * 19 exactly
2025-11-16 16:18:56-0500: Found OpenCL Platform 0: NVIDIA CUDA (NVIDIA Corporation) (OpenCL 3.0 CUDA 12.8.98)
2025-11-16 16:18:56-0500: Found 8 device(s) on platform 0 with type CPU or GPU or Accelerator
2025-11-16 16:18:56-0500: Found OpenCL Device 0: NVIDIA RTX 6000 Ada Generation (NVIDIA Corporation) (score 11000300)
2025-11-16 16:18:56-0500: Found OpenCL Device 1: NVIDIA RTX 6000 Ada Generation (NVIDIA Corporation) (score 11000300)
2025-11-16 16:18:56-0500: Found OpenCL Device 2: NVIDIA RTX 6000 Ada Generation (NVIDIA Corporation) (score 11000300)
2025-11-16 16:18:56-0500: Found OpenCL Device 3: NVIDIA RTX 6000 Ada Generation (NVIDIA Corporation) (score 11000300)
2025-11-16 16:18:56-0500: Found OpenCL Device 4: NVIDIA RTX 6000 Ada Generation (NVIDIA Corporation) (score 11000300)
2025-11-16 16:18:56-0500: Found OpenCL Device 5: NVIDIA RTX 6000 Ada Generation (NVIDIA Corporation) (score 11000300)
2025-11-16 16:18:56-0500: Found OpenCL Device 6: NVIDIA RTX 6000 Ada Generation (NVIDIA Corporation) (score 11000300)
2025-11-16 16:18:56-0500: Found OpenCL Device 7: NVIDIA RTX 6000 Ada Generation (NVIDIA Corporation) (score 11000300)
2025-11-16 16:18:56-0500: Creating context for OpenCL Platform: NVIDIA CUDA (NVIDIA Corporation) (OpenCL 3.0 CUDA 12.8.98)
2025-11-16 16:18:57-0500: Using OpenCL Device 7: NVIDIA RTX 6000 Ada Generation (NVIDIA Corporation) OpenCL 3.0 CUDA (Extensions: cl_khr_global_int32_base_atomics cl_khr_global_int32_extended_atomics cl_khr_local_int32_base_atomics cl_khr_local_int32_extended_atomics cl_khr_fp64 cl_khr_3d_image_writes cl_khr_byte_addressable_store cl_khr_icd cl_khr_gl_sharing cl_nv_compiler_options cl_nv_device_attribute_query cl_nv_pragma_unroll cl_nv_copy_opts cl_khr_gl_event cl_nv_create_buffer cl_khr_int64_base_atomics cl_khr_int64_extended_atomics cl_nv_kernel_attribute cl_khr_device_uuid cl_khr_pci_bus_info cl_khr_external_semaphore cl_khr_external_memory cl_khr_external_semaphore_opaque_fd cl_khr_external_memory_opaque_fd cl_khr_semaphore)
2025-11-16 16:18:57-0500: Loaded tuning parameters from: /thayerfs/home/f004ndc/.katago/opencltuning/tune11_gpuNVIDIARTX6000AdaGeneration_x19_y19_c128_mv8.txt
2025-11-16 16:18:57-0500: OpenCL backend thread 0: Device 7 Model version 8
2025-11-16 16:18:57-0500: OpenCL backend thread 0: Device 7 Model name: g170-b10c128-s1141046784-d204142634
2025-11-16 16:18:58-0500: OpenCL backend thread 0: Device 7 FP16Storage true FP16Compute false FP16TensorCores true FP16TensorCoresFor1x1 false
2025-11-16 16:18:58-0500: Loaded neural net with nnXLen 19 nnYLen 19
2025-11-16 16:18:58-0500: Initializing board with boardXSize 19 boardYSize 19
2025-11-16 16:18:58-0500: Loaded config /scratch2/f004ndc/AlphaGo Project/KataGo/configs/gtp_800visits.cfg
2025-11-16 16:18:58-0500: Loaded model /scratch2/f004ndc/AlphaGo Project/KataGo/models/g170e-b10c128-s1141046784-d204142634.bin.gz
2025-11-16 16:18:58-0500: Model name: g170-b10c128-s1141046784-d204142634
2025-11-16 16:18:58-0500: GTP ready, beginning main protocol loop
2025-11-16 16:18:58-0500: Controller: boardsize 19
2025-11-16 16:18:58-0500: = 
2025-11-16 16:18:58-0500: Controller: clear_board
2025-11-16 16:18:58-0500: = 
2025-11-16 16:18:58-0500: Controller: play b D4
2025-11-16 16:18:58-0500: = 
2025-11-16 16:18:58-0500: Controller: play w Q16
2025-11-16 16:18:58-0500: = 
2025-11-16 16:18:58-0500: Controller: kata-genmove_analyze b
2025-11-16 16:18:58-0500: =
2025-11-16 16:19:00-0500: MoveNum: 2 HASH: EB5B48764F3CF87F19236A45508C4ACB
   A B C D E F G H J K L M N O P Q R S T
19 . . . . . . . . . . . . . . . . . . .
18 . . . . . . . . . . . . . . . . . . .
17 . . . . . . . . . . . . . . . . . . .
16 . . . . . . . . . . . . . . . O2. . .
15 . . . . . . . . . . . . . . . . . . .
14 . . . . . . . . . . . . . . . . . . .
13 . . . . . . . . . . . . . . . . . . .
12 . . . . . . . . . . . . . . . . . . .
11 . . . . . . . . . . . . . . . . . . .
10 . . . . . . . . . . . . . . . . . . .
 9 . . . . . . . . . . . . . . . . . . .
 8 . . . . . . . . . . . . . . . . . . .
 7 . . . . . . . . . . . . . . . . . . .
 6 . . . . . . . . . . . . . . . . . . .
 5 . . . . . . . . . . . . . . . . . . .
 4 . . . X1. . . . . . . . . . . @ . . .
 3 . . . . . . . . . . . . . . . . . . .
 2 . . . . . . . . . . . . . . . . . . .
 1 . . . . . . . . . . . . . . . . . . .

koPOSITIONALscoreAREAtaxNONEsui1komi7.5
Time taken: 1.8798
Root visits: 805
New playouts: 805
NN rows: 790
NN batches: 265
NN avg batch size: 2.98113
PV: R4 D16 O3 C3 D3 C4 C6 C5 D5 B6 R17 Q17
Tree:
: T  -8.47c W  -8.12c S  -0.42c ( -1.1 L  -0.8) N     805  --  R4 D16 O3 C3 D3 C4 C6
---Black(^)---
R4  : T  -7.95c W  -7.67c S  -0.36c ( -1.1 L  -0.8) LCB   -8.95c P 11.51% WF 187.1 PSV     507 N     187  --  R4 D16 O3 C3 D3 C4 C6 C5
Q4  : T  -8.81c W  -8.44c S  -0.45c ( -1.2 L  -0.9) LCB   -9.83c P 19.21% WF 200.3 PSV     201 N     201  --  Q4 C16 E17 D14 R17 Q17 R16 R14
Q3  : T  -8.27c W  -7.82c S  -0.38c ( -1.1 L  -0.8) LCB   -9.24c P  9.95% WF 175.0 PSV     175 N     175  --  Q3 D16 R6 C3 D3 C4 C6 C5
Q5  : T  -8.10c W  -7.99c S  -0.40c ( -1.1 L  -0.8) LCB   -9.56c P  0.83% WF 134.3 PSV      49 N     134  --  Q5 D17 Q3 C14 R17 R16 Q17 O17
R17 : T  -9.58c W  -9.38c S  -0.65c ( -1.4 L  -1.0) LCB  -11.57c P  3.68% WF  37.7 PSV      20 N      38  --  R17 Q17 R16 R14 R15 Q15 S14 Q4
R5  : T  -9.07c W  -8.36c S  -0.46c ( -1.2 L  -0.9) LCB  -10.92c P  0.87% WF  50.7 PSV       7 N      52  --  R5 D17 Q3 C14 R17 Q17 R16 R14
R3  : T -10.89c W  -9.94c S  -0.67c ( -1.4 L  -1.1) LCB  -18.48c P  1.03% WF  10.9 PSV       3 N      11  --  R3 C16 R17 R16
P3  : T -11.36c W -10.53c S  -0.76c ( -1.6 L  -1.2) LCB  -55.25c P  0.62% WF   4.0 PSV       1 N       4  --  P3 D16 R4
P4  : T -12.75c W -11.19c S  -0.83c ( -1.7 L  -1.3) LCB -161.71c P  0.78% WF   2.0 PSV       1 N       2  --  P4 R3

2025-11-16 16:19:00-0500: play Q4
2025-11-16 16:19:00-0500: Controller: quit
2025-11-16 16:19:00-0500: Quit requested by controller
2025-11-16 16:19:00-0500: = 
2025-11-16 16:19:00-0500: GPU 7 finishing, processed 790 rows 265 batches
2025-11-16 16:19:00-0500: All cleaned up, quitting
