2025-11-16 16:18:23-0500: Running with following config:
conservativePass = true
lagBuffer = 1.0
logAllGTPCommunication = true
logDir = gtp_logs
logSearchInfo = true
logToStderr = false
maxVisits = 800
nnCacheSizePowerOfTwo = 20
nnMutexPoolSizePowerOfTwo = 16
numSearchThreads = 6
openclGpuToUse = 7
ponderingEnabled = false
preventCleanupPhase = true
rootSymmetryPruning = true
rules = tromp-taylor
searchFactorAfterOnePass = 0.50
searchFactorAfterTwoPass = 0.25
searchFactorWhenWinning = 0.40
searchFactorWhenWinningThreshold = 0.95

2025-11-16 16:18:23-0500: GTP Engine starting...
2025-11-16 16:18:23-0500: KataGo v1.16.4
2025-11-16 16:18:23-0500: Using TrompTaylor rules initially, unless GTP/GUI overrides this
2025-11-16 16:18:23-0500: Using 6 CPU thread(s) for search
2025-11-16 16:18:24-0500: nnRandSeed0 = 9218227977665411634
2025-11-16 16:18:24-0500: After dedups: nnModelFile0 = /scratch2/f004ndc/AlphaGo Project/KataGo/models/g170e-b10c128-s1141046784-d204142634.bin.gz useFP16 auto useNHWC auto
2025-11-16 16:18:24-0500: Initializing neural net buffer to be size 19 * 19 exactly
2025-11-16 16:18:25-0500: Found OpenCL Platform 0: NVIDIA CUDA (NVIDIA Corporation) (OpenCL 3.0 CUDA 12.8.98)
2025-11-16 16:18:25-0500: Found 8 device(s) on platform 0 with type CPU or GPU or Accelerator
2025-11-16 16:18:25-0500: Found OpenCL Device 0: NVIDIA RTX 6000 Ada Generation (NVIDIA Corporation) (score 11000300)
2025-11-16 16:18:25-0500: Found OpenCL Device 1: NVIDIA RTX 6000 Ada Generation (NVIDIA Corporation) (score 11000300)
2025-11-16 16:18:25-0500: Found OpenCL Device 2: NVIDIA RTX 6000 Ada Generation (NVIDIA Corporation) (score 11000300)
2025-11-16 16:18:25-0500: Found OpenCL Device 3: NVIDIA RTX 6000 Ada Generation (NVIDIA Corporation) (score 11000300)
2025-11-16 16:18:25-0500: Found OpenCL Device 4: NVIDIA RTX 6000 Ada Generation (NVIDIA Corporation) (score 11000300)
2025-11-16 16:18:25-0500: Found OpenCL Device 5: NVIDIA RTX 6000 Ada Generation (NVIDIA Corporation) (score 11000300)
2025-11-16 16:18:25-0500: Found OpenCL Device 6: NVIDIA RTX 6000 Ada Generation (NVIDIA Corporation) (score 11000300)
2025-11-16 16:18:25-0500: Found OpenCL Device 7: NVIDIA RTX 6000 Ada Generation (NVIDIA Corporation) (score 11000300)
2025-11-16 16:18:25-0500: Creating context for OpenCL Platform: NVIDIA CUDA (NVIDIA Corporation) (OpenCL 3.0 CUDA 12.8.98)
2025-11-16 16:18:25-0500: Using OpenCL Device 7: NVIDIA RTX 6000 Ada Generation (NVIDIA Corporation) OpenCL 3.0 CUDA (Extensions: cl_khr_global_int32_base_atomics cl_khr_global_int32_extended_atomics cl_khr_local_int32_base_atomics cl_khr_local_int32_extended_atomics cl_khr_fp64 cl_khr_3d_image_writes cl_khr_byte_addressable_store cl_khr_icd cl_khr_gl_sharing cl_nv_compiler_options cl_nv_device_attribute_query cl_nv_pragma_unroll cl_nv_copy_opts cl_khr_gl_event cl_nv_create_buffer cl_khr_int64_base_atomics cl_khr_int64_extended_atomics cl_nv_kernel_attribute cl_khr_device_uuid cl_khr_pci_bus_info cl_khr_external_semaphore cl_khr_external_memory cl_khr_external_semaphore_opaque_fd cl_khr_external_memory_opaque_fd cl_khr_semaphore)
2025-11-16 16:18:25-0500: Loaded tuning parameters from: /thayerfs/home/f004ndc/.katago/opencltuning/tune11_gpuNVIDIARTX6000AdaGeneration_x19_y19_c128_mv8.txt
2025-11-16 16:18:25-0500: OpenCL backend thread 0: Device 7 Model version 8
2025-11-16 16:18:25-0500: OpenCL backend thread 0: Device 7 Model name: g170-b10c128-s1141046784-d204142634
2025-11-16 16:18:26-0500: OpenCL backend thread 0: Device 7 FP16Storage true FP16Compute false FP16TensorCores true FP16TensorCoresFor1x1 false
2025-11-16 16:18:26-0500: Loaded neural net with nnXLen 19 nnYLen 19
2025-11-16 16:18:26-0500: Initializing board with boardXSize 19 boardYSize 19
2025-11-16 16:18:26-0500: Loaded config /scratch2/f004ndc/AlphaGo Project/KataGo/configs/gtp_800visits.cfg
2025-11-16 16:18:26-0500: Loaded model /scratch2/f004ndc/AlphaGo Project/KataGo/models/g170e-b10c128-s1141046784-d204142634.bin.gz
2025-11-16 16:18:26-0500: Model name: g170-b10c128-s1141046784-d204142634
2025-11-16 16:18:26-0500: GTP ready, beginning main protocol loop
2025-11-16 16:18:26-0500: Controller: boardsize 19
2025-11-16 16:18:26-0500: = 
2025-11-16 16:18:26-0500: Controller: clear_board
2025-11-16 16:18:26-0500: = 
2025-11-16 16:18:26-0500: Controller: play b D4
2025-11-16 16:18:26-0500: = 
2025-11-16 16:18:26-0500: Controller: play w Q16
2025-11-16 16:18:26-0500: = 
2025-11-16 16:18:26-0500: Controller: kata-genmove_analyze b
2025-11-16 16:18:26-0500: =
2025-11-16 16:18:28-0500: MoveNum: 2 HASH: EB5B48764F3CF87F19236A45508C4ACB
   A B C D E F G H J K L M N O P Q R S T
19 . . . . . . . . . . . . . . . . . . .
18 . . . . . . . . . . . . . . . . . . .
17 . . . . . . . . . . . . . . . . . . .
16 . . . . . . . . . . . . . . . O2. . .
15 . . . . . . . . . . . . . . . . . . .
14 . . . . . . . . . . . . . . . . . . .
13 . . . . . . . . . . . . . . . . . . .
12 . . . . . . . . . . . . . . . . . . .
11 . . . . . . . . . . . . . . . . . . .
10 . . . . . . . . . . . . . . . . . . .
 9 . . . . . . . . . . . . . . . . . . .
 8 . . . . . . . . . . . . . . . . . . .
 7 . . . . . . . . . . . . . . . . . . .
 6 . . . . . . . . . . . . . . . . . . .
 5 . . . . . . . . . . . . . . . . . . .
 4 . . . X1. . . . . . . . . . . . @ . .
 3 . . . . . . . . . . . . . . . . . . .
 2 . . . . . . . . . . . . . . . . . . .
 1 . . . . . . . . . . . . . . . . . . .

koPOSITIONALscoreAREAtaxNONEsui1komi7.5
Time taken: 2.42886
Root visits: 805
New playouts: 805
NN rows: 786
NN batches: 263
NN avg batch size: 2.98859
PV: R4 D16 O3 C3 D3 C4 C6 C5 D5 B6 R17 Q17 R16 R14
Tree:
: T  -8.53c W  -8.06c S  -0.37c ( -1.1 L  -0.8) N     805  --  R4 D16 O3 C3 D3 C4 C6
---Black(^)---
R4  : T  -8.23c W  -7.71c S  -0.33c ( -1.1 L  -0.8) LCB   -9.07c P 13.26% WF 245.4 PSV     323 N     245  --  R4 D16 O3 C3 D3 C4 C6 C5
Q3  : T  -8.39c W  -7.79c S  -0.34c ( -1.1 L  -0.8) LCB   -9.42c P 13.57% WF 193.1 PSV     188 N     193  --  Q3 C16 E17 D14 R6 C3 C4 D3
Q4  : T  -8.56c W  -8.23c S  -0.39c ( -1.1 L  -0.8) LCB   -9.55c P 19.14% WF 175.9 PSV     176 N     176  --  Q4 D16 C17 C16 D17 F17 E17 E16
P4  : T  -8.26c W  -8.05c S  -0.37c ( -1.1 L  -0.9) LCB   -9.75c P  0.81% WF 128.2 PSV      14 N     128  --  P4 C16 R4 F17 R17 R16 Q17 P17
R17 : T -10.37c W  -9.94c S  -0.70c ( -1.5 L  -1.1) LCB  -12.46c P  3.00% WF  32.3 PSV      10 N      33  --  R17 R16 Q17 O17 P17 P16 O18 D16
P3  : T  -9.18c W  -8.26c S  -0.41c ( -1.2 L  -0.9) LCB  -15.76c P  0.73% WF  12.0 PSV       4 N      12  --  P3 C16 R4 C3 D3
R3  : T -11.62c W -10.66c S  -0.74c ( -1.6 L  -1.1) LCB  -18.64c P  1.44% WF  11.8 PSV       3 N      12  --  R3 D16 C17 D17
Q5  : T -13.47c W -11.40c S  -0.87c ( -1.7 L  -1.3) LCB  -41.48c P  0.96% WF   4.9 PSV       1 N       5  --  Q5 R3 P3 Q4

2025-11-16 16:18:28-0500: play R4
2025-11-16 16:18:28-0500: Controller: quit
2025-11-16 16:18:28-0500: Quit requested by controller
2025-11-16 16:18:28-0500: = 
2025-11-16 16:18:28-0500: GPU 7 finishing, processed 786 rows 263 batches
2025-11-16 16:18:28-0500: All cleaned up, quitting
