2025-11-16 16:21:49-0500: Running with following config:
conservativePass = true
lagBuffer = 1.0
logAllGTPCommunication = true
logDir = gtp_logs
logSearchInfo = true
logToStderr = false
maxVisits = 800
nnCacheSizePowerOfTwo = 20
nnMutexPoolSizePowerOfTwo = 16
numSearchThreads = 6
openclGpuToUse = 7
ponderingEnabled = false
preventCleanupPhase = true
rootSymmetryPruning = true
rules = tromp-taylor
searchFactorAfterOnePass = 0.50
searchFactorAfterTwoPass = 0.25
searchFactorWhenWinning = 0.40
searchFactorWhenWinningThreshold = 0.95

2025-11-16 16:21:49-0500: GTP Engine starting...
2025-11-16 16:21:49-0500: KataGo v1.16.4
2025-11-16 16:21:49-0500: Using TrompTaylor rules initially, unless GTP/GUI overrides this
2025-11-16 16:21:49-0500: Using 6 CPU thread(s) for search
2025-11-16 16:21:49-0500: nnRandSeed0 = 11383438935313608792
2025-11-16 16:21:49-0500: After dedups: nnModelFile0 = /scratch2/f004ndc/AlphaGo Project/KataGo/models/g170e-b10c128-s1141046784-d204142634.bin.gz useFP16 auto useNHWC auto
2025-11-16 16:21:49-0500: Initializing neural net buffer to be size 19 * 19 exactly
2025-11-16 16:21:50-0500: Found OpenCL Platform 0: NVIDIA CUDA (NVIDIA Corporation) (OpenCL 3.0 CUDA 12.8.98)
2025-11-16 16:21:50-0500: Found 8 device(s) on platform 0 with type CPU or GPU or Accelerator
2025-11-16 16:21:50-0500: Found OpenCL Device 0: NVIDIA RTX 6000 Ada Generation (NVIDIA Corporation) (score 11000300)
2025-11-16 16:21:50-0500: Found OpenCL Device 1: NVIDIA RTX 6000 Ada Generation (NVIDIA Corporation) (score 11000300)
2025-11-16 16:21:50-0500: Found OpenCL Device 2: NVIDIA RTX 6000 Ada Generation (NVIDIA Corporation) (score 11000300)
2025-11-16 16:21:50-0500: Found OpenCL Device 3: NVIDIA RTX 6000 Ada Generation (NVIDIA Corporation) (score 11000300)
2025-11-16 16:21:50-0500: Found OpenCL Device 4: NVIDIA RTX 6000 Ada Generation (NVIDIA Corporation) (score 11000300)
2025-11-16 16:21:50-0500: Found OpenCL Device 5: NVIDIA RTX 6000 Ada Generation (NVIDIA Corporation) (score 11000300)
2025-11-16 16:21:50-0500: Found OpenCL Device 6: NVIDIA RTX 6000 Ada Generation (NVIDIA Corporation) (score 11000300)
2025-11-16 16:21:50-0500: Found OpenCL Device 7: NVIDIA RTX 6000 Ada Generation (NVIDIA Corporation) (score 11000300)
2025-11-16 16:21:50-0500: Creating context for OpenCL Platform: NVIDIA CUDA (NVIDIA Corporation) (OpenCL 3.0 CUDA 12.8.98)
2025-11-16 16:21:50-0500: Using OpenCL Device 7: NVIDIA RTX 6000 Ada Generation (NVIDIA Corporation) OpenCL 3.0 CUDA (Extensions: cl_khr_global_int32_base_atomics cl_khr_global_int32_extended_atomics cl_khr_local_int32_base_atomics cl_khr_local_int32_extended_atomics cl_khr_fp64 cl_khr_3d_image_writes cl_khr_byte_addressable_store cl_khr_icd cl_khr_gl_sharing cl_nv_compiler_options cl_nv_device_attribute_query cl_nv_pragma_unroll cl_nv_copy_opts cl_khr_gl_event cl_nv_create_buffer cl_khr_int64_base_atomics cl_khr_int64_extended_atomics cl_nv_kernel_attribute cl_khr_device_uuid cl_khr_pci_bus_info cl_khr_external_semaphore cl_khr_external_memory cl_khr_external_semaphore_opaque_fd cl_khr_external_memory_opaque_fd cl_khr_semaphore)
2025-11-16 16:21:50-0500: Loaded tuning parameters from: /thayerfs/home/f004ndc/.katago/opencltuning/tune11_gpuNVIDIARTX6000AdaGeneration_x19_y19_c128_mv8.txt
2025-11-16 16:21:50-0500: OpenCL backend thread 0: Device 7 Model version 8
2025-11-16 16:21:50-0500: OpenCL backend thread 0: Device 7 Model name: g170-b10c128-s1141046784-d204142634
2025-11-16 16:21:51-0500: OpenCL backend thread 0: Device 7 FP16Storage true FP16Compute false FP16TensorCores true FP16TensorCoresFor1x1 false
2025-11-16 16:21:51-0500: Loaded neural net with nnXLen 19 nnYLen 19
2025-11-16 16:21:51-0500: Initializing board with boardXSize 19 boardYSize 19
2025-11-16 16:21:51-0500: Loaded config /scratch2/f004ndc/AlphaGo Project/KataGo/configs/gtp_800visits.cfg
2025-11-16 16:21:51-0500: Loaded model /scratch2/f004ndc/AlphaGo Project/KataGo/models/g170e-b10c128-s1141046784-d204142634.bin.gz
2025-11-16 16:21:51-0500: Model name: g170-b10c128-s1141046784-d204142634
2025-11-16 16:21:51-0500: GTP ready, beginning main protocol loop
2025-11-16 16:21:51-0500: Controller: boardsize 19
2025-11-16 16:21:51-0500: = 
2025-11-16 16:21:51-0500: Controller: clear_board
2025-11-16 16:21:51-0500: = 
2025-11-16 16:21:51-0500: Controller: komi 7.5
2025-11-16 16:21:51-0500: = 
2025-11-16 16:21:51-0500: Controller: kata-set-param maxVisits 800
2025-11-16 16:21:51-0500: = 
2025-11-16 16:21:51-0500: Controller: kata-genmove_analyze b
2025-11-16 16:21:51-0500: =
2025-11-16 16:21:51-0500: MoveNum: 0 HASH: CDCBC1F514D7E680FACD226074256633
   A B C D E F G H J K L M N O P Q R S T
19 . . . . . . . . . . . . . . . . . . .
18 . . . . . . . . . . . . . . . . . . .
17 . . . . . . . . . . . . . . . . . . .
16 . . . . . . . . . . . . . . . @ . . .
15 . . . . . . . . . . . . . . . . . . .
14 . . . . . . . . . . . . . . . . . . .
13 . . . . . . . . . . . . . . . . . . .
12 . . . . . . . . . . . . . . . . . . .
11 . . . . . . . . . . . . . . . . . . .
10 . . . . . . . . . . . . . . . . . . .
 9 . . . . . . . . . . . . . . . . . . .
 8 . . . . . . . . . . . . . . . . . . .
 7 . . . . . . . . . . . . . . . . . . .
 6 . . . . . . . . . . . . . . . . . . .
 5 . . . . . . . . . . . . . . . . . . .
 4 . . . . . . . . . . . . . . . . . . .
 3 . . . . . . . . . . . . . . . . . . .
 2 . . . . . . . . . . . . . . . . . . .
 1 . . . . . . . . . . . . . . . . . . .

koPOSITIONALscoreAREAtaxNONEsui1komi7.5
Time taken: 0.190931
Root visits: 805
New playouts: 805
NN rows: 651
NN batches: 219
NN avg batch size: 2.9726
PV: R16 Q4 D4 D16 O17 C3 C4 D3
Tree:
: T  -7.80c W  -7.65c S  -0.12c ( -1.1 L  -0.8) N     805  --  R16 Q4 D4 D16 O17 C3 C4
---Black(^)---
R16 : T  -7.03c W  -6.82c S  -0.02c ( -1.0 L  -0.7) LCB   -8.00c P  4.09% WF 218.3 PSV     529 N     217  --  R16 Q4 D4 D16 O17 C3 C4 D3
Q16 : T  -7.76c W  -7.55c S  -0.09c ( -1.1 L  -0.8) LCB   -8.54c P 13.90% WF 240.9 PSV     241 N     241  --  Q16 Q4 D17 C4 C14 F3
R15 : T  -8.07c W  -7.95c S  -0.16c ( -1.1 L  -0.9) LCB   -9.40c P  0.48% WF 145.5 PSV       5 N     150  --  R15 D16 Q4 D4 Q17 R3 Q3 R4
Q15 : T  -8.08c W  -8.05c S  -0.17c ( -1.1 L  -0.9) LCB   -9.38c P  0.31% WF 154.5 PSV       3 N     159  --  Q15 Q4 Q17 D17 D4 C14 R3 Q3
R17 : T  -9.76c W  -9.67c S  -0.40c ( -1.4 L  -1.1) LCB  -13.00c P  0.65% WF  30.7 PSV       2 N      31  --  R17 D16 Q4 D3 C17
R14 : T -13.40c W -12.36c S  -1.04c ( -2.3 L  -1.7) LCB -162.78c P  0.10% WF   2.0 PSV       0 N       2  --  R14 Q16
Q14 : T -15.12c W -13.82c S  -1.30c ( -2.6 L  -1.9) LCB -365.12c P  0.07% WF   1.0 PSV       0 N       1  --  Q14
Q13 : T -14.61c W -13.34c S  -1.27c ( -2.6 L  -1.9) LCB -364.61c P  0.03% WF   1.0 PSV       0 N       1  --  Q13
R13 : T -16.18c W -14.63c S  -1.55c ( -2.9 L  -2.1) LCB -366.18c P  0.03% WF   1.0 PSV       0 N       1  --  R13
Q10 : T -14.94c W -13.51c S  -1.42c ( -2.8 L  -2.0) LCB -364.94c P  0.03% WF   1.0 PSV       0 N       1  --  Q10

2025-11-16 16:21:51-0500: play Q16
2025-11-16 16:21:51-0500: Controller: genmove w
2025-11-16 16:21:51-0500: MoveNum: 1 HASH: D787FAD66281F76731DCD9C1B3387463
   A B C D E F G H J K L M N O P Q R S T
19 . . . . . . . . . . . . . . . . . . .
18 . . . . . . . . . . . . . . . . . . .
17 . . . . . . . . . . . . . . . . . . .
16 . . . . . . . . . . . . . . . X1. . .
15 . . . . . . . . . . . . . . . . . . .
14 . . . . . . . . . . . . . . . . . . .
13 . . . . . . . . . . . . . . . . . . .
12 . . . . . . . . . . . . . . . . . . .
11 . . . . . . . . . . . . . . . . . . .
10 . . . . . . . . . . . . . . . . . . .
 9 . . . . . . . . . . . . . . . . . . .
 8 . . . . . . . . . . . . . . . . . . .
 7 . . . . . . . . . . . . . . . . . . .
 6 . . . . . . . . . . . . . . . . . . .
 5 . . . . . . . . . . . . . . . . . . .
 4 . . . @ . . . . . . . . . . . . . . .
 3 . . . . . . . . . . . . . . . . . . .
 2 . . . . . . . . . . . . . . . . . . .
 1 . . . . . . . . . . . . . . . . . . .

koPOSITIONALscoreAREAtaxNONEsui1komi7.5
Time taken: 0.106399
Root visits: 805
New playouts: 648
NN rows: 492
NN batches: 164
NN avg batch size: 3
PV: D4 D17 Q4 C14 R17 R16 Q17 O17 P17
Tree:
: T   8.40c W   7.86c S   0.32c ( +1.1 L  +0.8) N     805  --  D4 D17 Q4 C14 R17 R16 Q17
---White(^)---
D4  : T   8.49c W   7.99c S   0.33c ( +1.1 L  +0.8) LCB    7.78c P 22.98% WF 266.2 PSV     279 N     266  --  D4 D17 Q4 C14 R17 R16 Q17 O17
D16 : T   8.38c W   7.83c S   0.30c ( +1.1 L  +0.8) LCB    7.63c P 20.52% WF 210.9 PSV     207 N     211  --  D16 D4 Q4 R3 Q3 R4 R6 R5
C16 : T   8.69c W   7.91c S   0.32c ( +1.1 L  +0.9) LCB    7.67c P  4.78% WF 125.2 PSV      75 N     125  --  C16 Q3 D4 E16 E17 F17 D17
C4  : T   8.32c W   7.83c S   0.32c ( +1.1 L  +0.8) LCB    7.28c P  4.00% WF 120.6 PSV      37 N     121  --  C4 Q4 D16 E3 D6 C17 C16
D17 : T   7.98c W   7.66c S   0.29c ( +1.1 L  +0.8) LCB    6.77c P  3.23% WF  80.8 PSV      22 N      81  --  D17 D4 Q4 R3 R4 Q3

2025-11-16 16:21:51-0500: = D4
2025-11-16 16:21:51-0500: Controller: kata-set-param maxVisits 800
2025-11-16 16:21:51-0500: = 
2025-11-16 16:21:51-0500: Controller: kata-genmove_analyze b
2025-11-16 16:21:51-0500: =
2025-11-16 16:21:51-0500: MoveNum: 2 HASH: B248EA89FABF13234D0CA990126373BE
   A B C D E F G H J K L M N O P Q R S T
19 . . . . . . . . . . . . . . . . . . .
18 . . . . . . . . . . . . . . . . . . .
17 . . . . . . . . . . . . . . . . . . .
16 . . . . . . . . . . . . . . . X1. . .
15 . . . . . . . . . . . . . . . . . . .
14 . . . . . . . . . . . . . . . . . . .
13 . . . . . . . . . . . . . . . . . . .
12 . . . . . . . . . . . . . . . . . . .
11 . . . . . . . . . . . . . . . . . . .
10 . . . . . . . . . . . . . . . . . . .
 9 . . . . . . . . . . . . . . . . . . .
 8 . . . . . . . . . . . . . . . . . . .
 7 . . . . . . . . . . . . . . . . . . .
 6 . . . . . . . . . . . . . . . . . . .
 5 . . . . . . . . . . . . . . . . . . .
 4 . . . O2. . . . . . . . . . . . @ . .
 3 . . . . . . . . . . . . . . . . . . .
 2 . . . . . . . . . . . . . . . . . . .
 1 . . . . . . . . . . . . . . . . . . .

koPOSITIONALscoreAREAtaxNONEsui1komi7.5
Time taken: 0.118136
Root visits: 805
New playouts: 681
NN rows: 659
NN batches: 221
NN avg batch size: 2.9819
PV: R4 D16 O3 R17 R16 Q17 O17 P17 P16 O18 C3 C4 D3 F3 E3
Tree:
: T  -8.24c W  -8.08c S  -0.29c ( -1.1 L  -0.8) N     805  --  R4 D16 O3 R17 R16 Q17 O17
---Black(^)---
R4  : T  -7.92c W  -7.71c S  -0.25c ( -1.1 L  -0.8) LCB   -8.73c P 11.20% WF 269.7 PSV     416 N     269  --  R4 D16 O3 R17 R16 Q17 O17 P17
Q4  : T  -8.38c W  -8.35c S  -0.31c ( -1.1 L  -0.8) LCB   -9.35c P 18.10% WF 232.3 PSV     197 N     233  --  Q4 D16 C3 D3 C4 C6 C5 D5
Q3  : T  -7.98c W  -7.90c S  -0.28c ( -1.1 L  -0.8) LCB   -9.03c P 10.81% WF 174.3 PSV     174 N     174  --  Q3 D16 R6 R17 R16 Q17 O17 P17
C3  : T  -8.77c W  -8.43c S  -0.38c ( -1.2 L  -0.9) LCB  -10.32c P  3.58% WF  97.6 PSV      26 N      98  --  C3 D3 C4 C6 C5 D5 B6 D16
P3  : T  -8.75c W  -8.61c S  -0.38c ( -1.2 L  -0.9) LCB  -12.64c P  0.73% WF  21.9 PSV       5 N      22  --  P3 C16 R4 F17 C3 C4 D3
R3  : T -13.23c W -10.69c S  -0.68c ( -1.6 L  -1.1) LCB -162.34c P  1.49% WF   2.0 PSV       2 N       2  --  R3 D16
Q5  : T -12.15c W -11.27c S  -0.70c ( -1.6 L  -1.2) LCB -161.09c P  1.09% WF   2.0 PSV       2 N       2  --  Q5 D17
R5  : T -10.99c W  -9.97c S  -0.53c ( -1.4 L  -1.1) LCB -159.93c P  0.70% WF   2.0 PSV       1 N       2  --  R5 D16
P4  : T -14.58c W -12.63c S  -0.86c ( -1.8 L  -1.4) LCB -163.57c P  0.75% WF   2.0 PSV       0 N       2  --  P4 D16

2025-11-16 16:21:51-0500: play R4
2025-11-16 16:21:51-0500: Controller: genmove w
2025-11-16 16:21:51-0500: MoveNum: 3 HASH: 8E1B7CCE4CD8FB9F1507F53ED6378A47
   A B C D E F G H J K L M N O P Q R S T
19 . . . . . . . . . . . . . . . . . . .
18 . . . . . . . . . . . . . . . . . . .
17 . . . . . . . . . . . . . . . . . . .
16 . . . @ . . . . . . . . . . . X1. . .
15 . . . . . . . . . . . . . . . . . . .
14 . . . . . . . . . . . . . . . . . . .
13 . . . . . . . . . . . . . . . . . . .
12 . . . . . . . . . . . . . . . . . . .
11 . . . . . . . . . . . . . . . . . . .
10 . . . . . . . . . . . . . . . . . . .
 9 . . . . . . . . . . . . . . . . . . .
 8 . . . . . . . . . . . . . . . . . . .
 7 . . . . . . . . . . . . . . . . . . .
 6 . . . . . . . . . . . . . . . . . . .
 5 . . . . . . . . . . . . . . . . . . .
 4 . . . O2. . . . . . . . . . . . X3. .
 3 . . . . . . . . . . . . . . . . . . .
 2 . . . . . . . . . . . . . . . . . . .
 1 . . . . . . . . . . . . . . . . . . .

koPOSITIONALscoreAREAtaxNONEsui1komi7.5
Time taken: 0.102782
Root visits: 805
New playouts: 536
NN rows: 524
NN batches: 177
NN avg batch size: 2.96045
PV: D16 O3 R17 Q17 R16 R14 R15 Q15 S14 R18 S18 S15 Q18 S17 R19 S16 R18 S13 Q14
Tree:
: T   8.52c W   8.00c S   0.30c ( +1.1 L  +0.8) N     805  --  D16 O3 R17 Q17 R16 R14 R15
---White(^)---
D16 : T   8.89c W   8.33c S   0.33c ( +1.1 L  +0.9) LCB    8.16c P 39.51% WF 342.1 PSV     372 N     341  --  D16 O3 R17 Q17 R16 R14 R15 Q15
D17 : T   8.64c W   8.01c S   0.30c ( +1.1 L  +0.8) LCB    7.74c P 27.26% WF 273.9 PSV     190 N     274  --  D17 C15 F16 O3 R17 R16 Q17 O17
C16 : T   7.75c W   7.43c S   0.24c ( +1.0 L  +0.8) LCB    6.63c P 26.12% WF 184.7 PSV     108 N     186  --  C16 E17 P4 P3 O3 Q3 O4 R6
C17 : T   3.98c W   5.72c S   0.12c ( +0.9 L  +0.6) LCB -145.13c P  1.43% WF   2.0 PSV       2 N       2  --  C17 O3

2025-11-16 16:21:51-0500: = D16
2025-11-16 16:21:51-0500: Controller: kata-set-param maxVisits 800
2025-11-16 16:21:51-0500: = 
2025-11-16 16:21:51-0500: Controller: kata-genmove_analyze b
2025-11-16 16:21:51-0500: =
2025-11-16 16:21:51-0500: MoveNum: 4 HASH: 3221D705996F3522AA7AA838C45FF5BE
   A B C D E F G H J K L M N O P Q R S T
19 . . . . . . . . . . . . . . . . . . .
18 . . . . . . . . . . . . . . . . . . .
17 . . . . . . . . . . . . . . . . . . .
16 . . . O3. . . . . . . . . . . X . . .
15 . . . . . . . . . . . . . . . . . . .
14 . . . . . . . . . . . . . . . . . . .
13 . . . . . . . . . . . . . . . . . . .
12 . . . . . . . . . . . . . . . . . . .
11 . . . . . . . . . . . . . . . . . . .
10 . . . . . . . . . . . . . . . . . . .
 9 . . . . . . . . . . . . . . . . . . .
 8 . . . . . . . . . . . . . . . . . . .
 7 . . . . . . . . . . . . . . . . . . .
 6 . . . . . . . . . . . . . . . . . . .
 5 . . . . . . . . . . . . . . . . . . .
 4 . . . O1. . . . . . . . . . . . X2. .
 3 . . . . . . . . . . . . . @ . . . . .
 2 . . . . . . . . . . . . . . . . . . .
 1 . . . . . . . . . . . . . . . . . . .

koPOSITIONALscoreAREAtaxNONEsui1komi7.5
Time taken: 0.0813811
Root visits: 805
New playouts: 464
NN rows: 453
NN batches: 155
NN avg batch size: 2.92258
PV: O3 R17 Q17 R16 R14 R15 Q15 S14 R18 S18 S15 Q18 S17 R19 S16 R18 S13 Q14 R13 O17 O14 F3 C17 C16 D17
Tree:
: T  -8.72c W  -8.33c S  -0.29c ( -1.1 L  -0.8) N     805  --  O3 R17 Q17 R16 R14 R15 Q15
---Black(^)---
O3  : T  -7.86c W  -7.68c S  -0.21c ( -1.0 L  -0.8) LCB   -8.94c P 31.44% WF 341.1 PSV     339 N     340  --  O3 R17 Q17 R16 R14 R15 Q15 S14
C17 : T  -9.79c W  -9.06c S  -0.39c ( -1.2 L  -0.8) LCB  -11.13c P 20.78% WF 120.2 PSV      70 N     122  --  C17 C16 D17 F17 E17 E16 F18 P4
C3  : T  -9.94c W  -9.18c S  -0.41c ( -1.3 L  -0.8) LCB  -11.55c P 19.22% WF 101.0 PSV      62 N     102  --  C3 D3 C4 C6 C5 D5 B6 P4
P4  : T  -8.96c W  -8.66c S  -0.34c ( -1.2 L  -0.9) LCB  -10.60c P 10.33% WF 119.7 PSV      50 N     121  --  P4 R17 Q17 R16 R14 R15 Q15 S14
O4  : T  -9.24c W  -8.81c S  -0.34c ( -1.2 L  -0.9) LCB  -10.64c P  9.01% WF  77.7 PSV      38 N      78  --  O4 R17 Q17 R16 R14 R15 Q15 S14
P3  : T  -8.15c W  -7.58c S  -0.22c ( -1.0 L  -0.8) LCB  -10.23c P  1.19% WF  40.9 PSV       9 N      41  --  P3 R17 Q17 R16 R14 R15 Q15 S14

2025-11-16 16:21:51-0500: play O3
2025-11-16 16:21:51-0500: Controller: genmove w
2025-11-16 16:21:52-0500: MoveNum: 5 HASH: 4C7B9F79D2A5F9B9C58B9BB73A00333D
   A B C D E F G H J K L M N O P Q R S T
19 . . . . . . . . . . . . . . . . . . .
18 . . . . . . . . . . . . . . . . . . .
17 . . . . . . . . . . . . . . . . @ . .
16 . . . O2. . . . . . . . . . . X . . .
15 . . . . . . . . . . . . . . . . . . .
14 . . . . . . . . . . . . . . . . . . .
13 . . . . . . . . . . . . . . . . . . .
12 . . . . . . . . . . . . . . . . . . .
11 . . . . . . . . . . . . . . . . . . .
10 . . . . . . . . . . . . . . . . . . .
 9 . . . . . . . . . . . . . . . . . . .
 8 . . . . . . . . . . . . . . . . . . .
 7 . . . . . . . . . . . . . . . . . . .
 6 . . . . . . . . . . . . . . . . . . .
 5 . . . . . . . . . . . . . . . . . . .
 4 . . . O . . . . . . . . . . . . X1. .
 3 . . . . . . . . . . . . . X3. . . . .
 2 . . . . . . . . . . . . . . . . . . .
 1 . . . . . . . . . . . . . . . . . . .

koPOSITIONALscoreAREAtaxNONEsui1komi7.5
Time taken: 0.085381
Root visits: 805
New playouts: 465
NN rows: 463
NN batches: 162
NN avg batch size: 2.85802
PV: R17 Q17 R16 R14 R15 Q15 S14 R18 S18 S15 Q18 S17 R19 S16 R18 S13 Q14 R13 O17 O14 F3 C17 C16 D17 E17
Tree:
: T   7.92c W   7.78c S   0.27c ( +1.0 L  +0.8) N     805  --  R17 Q17 R16 R14 R15 Q15 S14
---White(^)---
R17 : T   8.15c W   7.99c S   0.29c ( +1.0 L  +0.8) LCB    7.40c P 73.43% WF 712.2 PSV     711 N     712  --  R17 Q17 R16 R14 R15 Q15 S14 R18
F3  : T   6.26c W   6.15c S   0.12c ( +0.8 L  +0.6) LCB    4.13c P  6.49% WF  35.6 PSV      22 N      36  --  F3 C17 D17 C16 C14 C15 D15 B14
F17 : T   5.87c W   6.25c S   0.13c ( +0.8 L  +0.6) LCB    1.49c P  3.56% WF  16.8 PSV      10 N      17  --  F17 C3 D3 C4 C6 C5 D5
O17 : T   6.47c W   6.37c S   0.15c ( +0.9 L  +0.6) LCB    2.84c P  2.47% WF  15.9 PSV       9 N      16  --  O17 C3 C4 D3 F3 E3 E4
C14 : T   6.13c W   6.21c S   0.13c ( +0.8 L  +0.6) LCB   -1.28c P  2.02% WF   9.9 PSV       6 N      10  --  C14 C3 D3 C4 C6
C6  : T   5.49c W   5.62c S   0.07c ( +0.8 L  +0.6) LCB   -0.87c P  2.23% WF  11.9 PSV       5 N      12  --  C6 C17 C16 D17 F17 E17

2025-11-16 16:21:52-0500: = R17
2025-11-16 16:21:52-0500: Controller: kata-set-param maxVisits 800
2025-11-16 16:21:52-0500: = 
2025-11-16 16:21:52-0500: Controller: kata-genmove_analyze b
2025-11-16 16:21:52-0500: =
2025-11-16 16:21:52-0500: MoveNum: 6 HASH: D7AF4A97A30E7E07EDA36E6536321B48
   A B C D E F G H J K L M N O P Q R S T
19 . . . . . . . . . . . . . . . . . . .
18 . . . . . . . . . . . . . . . . . . .
17 . . . . . . . . . . . . . . . @ O3. .
16 . . . O1. . . . . . . . . . . X . . .
15 . . . . . . . . . . . . . . . . . . .
14 . . . . . . . . . . . . . . . . . . .
13 . . . . . . . . . . . . . . . . . . .
12 . . . . . . . . . . . . . . . . . . .
11 . . . . . . . . . . . . . . . . . . .
10 . . . . . . . . . . . . . . . . . . .
 9 . . . . . . . . . . . . . . . . . . .
 8 . . . . . . . . . . . . . . . . . . .
 7 . . . . . . . . . . . . . . . . . . .
 6 . . . . . . . . . . . . . . . . . . .
 5 . . . . . . . . . . . . . . . . . . .
 4 . . . O . . . . . . . . . . . . X . .
 3 . . . . . . . . . . . . . X2. . . . .
 2 . . . . . . . . . . . . . . . . . . .
 1 . . . . . . . . . . . . . . . . . . .

koPOSITIONALscoreAREAtaxNONEsui1komi7.5
Time taken: 0.01825
Root visits: 804
New playouts: 92
NN rows: 88
NN batches: 32
NN avg batch size: 2.75
PV: Q17 R16 R14 R15 Q15 S14 R18 S18 S15 Q18 S17 R19 S16 R18 S13 Q14 R13 O17 O14 F3 C17 C16 D17 E17 E18
Tree:
: T  -8.19c W  -8.04c S  -0.28c ( -1.0 L  -0.8) N     804  --  Q17 R16 R14 R15 Q15 S14 R18
---Black(^)---
Q17 : T  -7.94c W  -7.82c S  -0.25c ( -1.0 L  -0.8) LCB   -8.96c P 47.72% WF 468.8 PSV     594 N     469  --  Q17 R16 R14 R15 Q15 S14 R18 S18
R16 : T  -8.55c W  -8.36c S  -0.32c ( -1.1 L  -0.9) LCB   -9.54c P 47.72% WF 331.6 PSV     294 N     334  --  R16 Q17 O17 P17 P16 O18 C3 C4

2025-11-16 16:21:52-0500: play Q17
2025-11-16 16:21:52-0500: Controller: genmove w
2025-11-16 16:21:52-0500: MoveNum: 7 HASH: A347115FFA6B3B1D9D6AB8DAE939E97D
   A B C D E F G H J K L M N O P Q R S T
19 . . . . . . . . . . . . . . . . . . .
18 . . . . . . . . . . . . . . . . . . .
17 . . . . . . . . . . . . . . . X3O2. .
16 . . . O . . . . . . . . . . . X @ . .
15 . . . . . . . . . . . . . . . . . . .
14 . . . . . . . . . . . . . . . . . . .
13 . . . . . . . . . . . . . . . . . . .
12 . . . . . . . . . . . . . . . . . . .
11 . . . . . . . . . . . . . . . . . . .
10 . . . . . . . . . . . . . . . . . . .
 9 . . . . . . . . . . . . . . . . . . .
 8 . . . . . . . . . . . . . . . . . . .
 7 . . . . . . . . . . . . . . . . . . .
 6 . . . . . . . . . . . . . . . . . . .
 5 . . . . . . . . . . . . . . . . . . .
 4 . . . O . . . . . . . . . . . . X . .
 3 . . . . . . . . . . . . . X1. . . . .
 2 . . . . . . . . . . . . . . . . . . .
 1 . . . . . . . . . . . . . . . . . . .

koPOSITIONALscoreAREAtaxNONEsui1komi7.5
Time taken: 0.0947023
Root visits: 805
New playouts: 336
NN rows: 320
NN batches: 108
NN avg batch size: 2.96296
PV: R16 R14 R15 Q15 S14 C3 D3 C4 C5 B5 B6 C6 D5 B7 B4 A6 B3 R18 S18 C2 B2 S15 Q18 S17 R19
Tree:
: T   8.09c W   8.03c S   0.29c ( +1.0 L  +0.8) N     805  --  R16 R14 R15 Q15 S14 C3 D3
---White(^)---
R16 : T   8.10c W   8.03c S   0.29c ( +1.0 L  +0.8) LCB    7.31c P 97.22% WF 802.0 PSV     802 N     804  --  R16 R14 R15 Q15 S14 C3 D3 C4

2025-11-16 16:21:52-0500: = R16
2025-11-16 16:21:52-0500: Controller: kata-set-param maxVisits 800
2025-11-16 16:21:52-0500: = 
2025-11-16 16:21:52-0500: Controller: kata-genmove_analyze b
2025-11-16 16:21:52-0500: =
2025-11-16 16:21:52-0500: MoveNum: 8 HASH: 00C537411AABA244F8DEAB57E2827FD8
   A B C D E F G H J K L M N O P Q R S T
19 . . . . . . . . . . . . . . . . . . .
18 . . . . . . . . . . . . . . . . . . .
17 . . . . . . . . . . . . . . . X2O1. .
16 . . . O . . . . . . . . . . . X O3. .
15 . . . . . . . . . . . . . . . . . . .
14 . . . . . . . . . . . . . . . . @ . .
13 . . . . . . . . . . . . . . . . . . .
12 . . . . . . . . . . . . . . . . . . .
11 . . . . . . . . . . . . . . . . . . .
10 . . . . . . . . . . . . . . . . . . .
 9 . . . . . . . . . . . . . . . . . . .
 8 . . . . . . . . . . . . . . . . . . .
 7 . . . . . . . . . . . . . . . . . . .
 6 . . . . . . . . . . . . . . . . . . .
 5 . . . . . . . . . . . . . . . . . . .
 4 . . . O . . . . . . . . . . . . X . .
 3 . . . . . . . . . . . . . X . . . . .
 2 . . . . . . . . . . . . . . . . . . .
 1 . . . . . . . . . . . . . . . . . . .

koPOSITIONALscoreAREAtaxNONEsui1komi7.5
Time taken: 0.00217662
Root visits: 804
New playouts: 0
NN rows: 1
NN batches: 1
NN avg batch size: 1
PV: R14 R15 Q15 S14 C3 D3 C4 C5 B5 B6 C6 D5 B7 B4 A6 B3 R18 S18 C2 B2 S15 Q18 S17 R19 S16
Tree:
: T  -8.14c W  -8.02c S  -0.28c ( -1.0 L  -0.8) N     804  --  R14 R15 Q15 S14 C3 D3 C4
---Black(^)---
R14 : T  -7.92c W  -7.81c S  -0.25c ( -1.0 L  -0.8) LCB   -8.80c P 78.18% WF 674.2 PSV     673 N     673  --  R14 R15 Q15 S14 C3 D3 C4 C5
Q15 : T  -9.65c W  -9.81c S  -0.48c ( -1.3 L  -1.0) LCB  -11.92c P 12.96% WF  67.3 PSV      45 N      68  --  Q15 S14 C17 D17 C16 C15 B15 B14
R15 : T  -8.92c W  -8.42c S  -0.36c ( -1.1 L  -0.8) LCB  -11.61c P  7.47% WF  59.7 PSV      35 N      61  --  R15 S15 S14 R14 Q15 S13 S16 T14

2025-11-16 16:21:52-0500: play R14
2025-11-16 16:21:52-0500: Controller: genmove w
2025-11-16 16:21:52-0500: MoveNum: 9 HASH: B6EE6CA5A524C2780CA6F621DEA41D5B
   A B C D E F G H J K L M N O P Q R S T
19 . . . . . . . . . . . . . . . . . . .
18 . . . . . . . . . . . . . . . . . . .
17 . . . . . . . . . . . . . . . X1O . .
16 . . . O . . . . . . . . . . . X O2. .
15 . . . . . . . . . . . . . . . . @ . .
14 . . . . . . . . . . . . . . . . X3. .
13 . . . . . . . . . . . . . . . . . . .
12 . . . . . . . . . . . . . . . . . . .
11 . . . . . . . . . . . . . . . . . . .
10 . . . . . . . . . . . . . . . . . . .
 9 . . . . . . . . . . . . . . . . . . .
 8 . . . . . . . . . . . . . . . . . . .
 7 . . . . . . . . . . . . . . . . . . .
 6 . . . . . . . . . . . . . . . . . . .
 5 . . . . . . . . . . . . . . . . . . .
 4 . . . O . . . . . . . . . . . . X . .
 3 . . . . . . . . . . . . . X . . . . .
 2 . . . . . . . . . . . . . . . . . . .
 1 . . . . . . . . . . . . . . . . . . .

koPOSITIONALscoreAREAtaxNONEsui1komi7.5
Time taken: 0.0322869
Root visits: 805
New playouts: 132
NN rows: 119
NN batches: 40
NN avg batch size: 2.975
PV: R15 Q15 S14 C3 D3 C4 C5 B5 B6 C6 D5 B7 B4 A6 B3 C2 B2 R18 S18 S15 Q18 S17 R19 S16 R18
Tree:
: T   8.07c W   7.82c S   0.27c ( +1.0 L  +0.8) N     805  --  R15 Q15 S14 C3 D3 C4 C5
---White(^)---
R15 : T   8.09c W   7.83c S   0.27c ( +1.0 L  +0.8) LCB    7.28c P 95.20% WF 801.8 PSV     802 N     802  --  R15 Q15 S14 C3 D3 C4 C5 B5
S14 : T  -0.81c W  -0.22c S  -0.59c ( -0.1 L  +0.1) LCB -350.81c P  1.37% WF   1.0 PSV       1 N       1  --  S14

2025-11-16 16:21:52-0500: = R15
2025-11-16 16:21:52-0500: Controller: kata-set-param maxVisits 800
2025-11-16 16:21:52-0500: = 
2025-11-16 16:21:52-0500: Controller: kata-genmove_analyze b
2025-11-16 16:21:52-0500: =
2025-11-16 16:21:52-0500: MoveNum: 10 HASH: EE472269C1F31F9A856DE3BCBA5D7EF8
   A B C D E F G H J K L M N O P Q R S T
19 . . . . . . . . . . . . . . . . . . .
18 . . . . . . . . . . . . . . . . . . .
17 . . . . . . . . . . . . . . . X O . .
16 . . . O . . . . . . . . . . . X O1. .
15 . . . . . . . . . . . . . . . @ O3. .
14 . . . . . . . . . . . . . . . . X2. .
13 . . . . . . . . . . . . . . . . . . .
12 . . . . . . . . . . . . . . . . . . .
11 . . . . . . . . . . . . . . . . . . .
10 . . . . . . . . . . . . . . . . . . .
 9 . . . . . . . . . . . . . . . . . . .
 8 . . . . . . . . . . . . . . . . . . .
 7 . . . . . . . . . . . . . . . . . . .
 6 . . . . . . . . . . . . . . . . . . .
 5 . . . . . . . . . . . . . . . . . . .
 4 . . . O . . . . . . . . . . . . X . .
 3 . . . . . . . . . . . . . X . . . . .
 2 . . . . . . . . . . . . . . . . . . .
 1 . . . . . . . . . . . . . . . . . . .

koPOSITIONALscoreAREAtaxNONEsui1komi7.5
Time taken: 0.0024285
Root visits: 802
New playouts: 0
NN rows: 1
NN batches: 1
NN avg batch size: 1
PV: Q15 S14 C3 D3 C4 C5 B5 B6 C6 D5 B7 B4 A6 B3 C2 B2 R18 S18 S15 Q18 S17 R19 S16 R18 S13
Tree:
: T  -8.04c W  -7.83c S  -0.27c ( -1.0 L  -0.8) N     802  --  Q15 S14 C3 D3 C4 C5 B5
---Black(^)---
Q15 : T  -8.04c W  -7.83c S  -0.27c ( -1.0 L  -0.8) LCB   -8.85c P 98.60% WF 799.8 PSV     800 N     801  --  Q15 S14 C3 D3 C4 C5 B5 B6

2025-11-16 16:21:52-0500: play Q15
2025-11-16 16:21:52-0500: Controller: genmove w
2025-11-16 16:21:52-0500: MoveNum: 11 HASH: E7F433BD8B728249F3CBF6BA5F3BF8D2
   A B C D E F G H J K L M N O P Q R S T
19 . . . . . . . . . . . . . . . . . . .
18 . . . . . . . . . . . . . . . . . . .
17 . . . . . . . . . . . . . . . X O . .
16 . . . O . . . . . . . . . . . X O . .
15 . . . . . . . . . . . . . . . X3O2. .
14 . . . . . . . . . . . . . . . . X1@ .
13 . . . . . . . . . . . . . . . . . . .
12 . . . . . . . . . . . . . . . . . . .
11 . . . . . . . . . . . . . . . . . . .
10 . . . . . . . . . . . . . . . . . . .
 9 . . . . . . . . . . . . . . . . . . .
 8 . . . . . . . . . . . . . . . . . . .
 7 . . . . . . . . . . . . . . . . . . .
 6 . . . . . . . . . . . . . . . . . . .
 5 . . . . . . . . . . . . . . . . . . .
 4 . . . O . . . . . . . . . . . . X . .
 3 . . . . . . . . . . . . . X . . . . .
 2 . . . . . . . . . . . . . . . . . . .
 1 . . . . . . . . . . . . . . . . . . .

koPOSITIONALscoreAREAtaxNONEsui1komi7.5
Time taken: 0.00256587
Root visits: 801
New playouts: 0
NN rows: 1
NN batches: 1
NN avg batch size: 1
PV: S14 C3 D3 C4 C5 B5 B6 C6 D5 B7 B4 A6 B3 C2 B2 R18 S18 S15 Q18 S17 R19 S16 R18 S13
Tree:
: T   8.04c W   7.83c S   0.27c ( +1.0 L  +0.8) N     801  --  S14 C3 D3 C4 C5 B5 B6
---White(^)---
S14 : T   8.04c W   7.83c S   0.27c ( +1.0 L  +0.8) LCB    7.23c P 96.00% WF 798.8 PSV     799 N     799  --  S14 C3 D3 C4 C5 B5 B6 C6

2025-11-16 16:21:52-0500: = S14
2025-11-16 16:21:52-0500: Controller: kata-set-param maxVisits 800
2025-11-16 16:21:52-0500: = 
2025-11-16 16:21:52-0500: Controller: kata-genmove_analyze b
2025-11-16 16:21:52-0500: =
2025-11-16 16:21:52-0500: MoveNum: 12 HASH: CA73511CE70C9D58247EC40DE3D15563
   A B C D E F G H J K L M N O P Q R S T
19 . . . . . . . . . . . . . . . . . . .
18 . . . . . . . . . . . . . . . . @ . .
17 . . . . . . . . . . . . . . . X O . .
16 . . . O . . . . . . . . . . . X O . .
15 . . . . . . . . . . . . . . . X2O1. .
14 . . . . . . . . . . . . . . . . X O3.
13 . . . . . . . . . . . . . . . . . . .
12 . . . . . . . . . . . . . . . . . . .
11 . . . . . . . . . . . . . . . . . . .
10 . . . . . . . . . . . . . . . . . . .
 9 . . . . . . . . . . . . . . . . . . .
 8 . . . . . . . . . . . . . . . . . . .
 7 . . . . . . . . . . . . . . . . . . .
 6 . . . . . . . . . . . . . . . . . . .
 5 . . . . . . . . . . . . . . . . . . .
 4 . . . O . . . . . . . . . . . . X . .
 3 . . . . . . . . . . . . . X . . . . .
 2 . . . . . . . . . . . . . . . . . . .
 1 . . . . . . . . . . . . . . . . . . .

koPOSITIONALscoreAREAtaxNONEsui1komi7.5
Time taken: 0.00373985
Root visits: 800
New playouts: 1
NN rows: 2
NN batches: 2
NN avg batch size: 1
PV: C3 D3 C4 C5 B5 B6 C6 D5 B7 B4 A6 B3 C2 B2 R18 S18 S15 Q18 S17 R19 S16 R18 S13
Tree:
: T  -8.03c W  -7.82c S  -0.27c ( -1.0 L  -0.8) N     800  --  C3 D3 C4 C5 B5 B6 C6
---Black(^)---
C3  : T  -7.61c W  -7.55c S  -0.22c ( -0.9 L  -0.8) LCB   -8.80c P 29.68% WF 241.9 PSV     518 N     241  --  C3 D3 C4 C5 B5 B6 C6 D5
R18 : T  -8.00c W  -7.69c S  -0.26c ( -1.0 L  -0.8) LCB   -9.84c P 28.65% WF 261.7 PSV     262 N     262  --  R18 S18 S15 Q18 S17 R19 S16 R18
C17 : T  -8.48c W  -8.28c S  -0.32c ( -1.1 L  -0.8) LCB   -9.77c P 29.10% WF 221.3 PSV     187 N     223  --  C17 D17 C16 C14 C15 D15 B14 C18
F3  : T  -8.08c W  -7.77c S  -0.26c ( -1.0 L  -0.8) LCB  -10.55c P  2.50% WF  49.9 PSV      21 N      50  --  F3 C6 R18 S18 S15 Q18 S17 R19
F17 : T  -8.65c W  -8.24c S  -0.35c ( -1.1 L  -0.9) LCB  -12.61c P  2.88% WF  21.9 PSV      16 N      22  --  F17 H17 R18 S18 S15 S16 S13 Q14
R13 : T  -5.35c W  -5.35c S   0.01c ( -0.7 L  -0.7) LCB -355.35c P  1.42% WF   1.0 PSV       1 N       1  --  R13

2025-11-16 16:21:52-0500: play R18
2025-11-16 16:21:52-0500: Controller: genmove w
2025-11-16 16:21:52-0500: MoveNum: 13 HASH: BDF59A75CF7BAA4B17EC16797044CE22
   A B C D E F G H J K L M N O P Q R S T
19 . . . . . . . . . . . . . . . . . . .
18 . . . . . . . . . . . . . . . . X3@ .
17 . . . . . . . . . . . . . . . X O . .
16 . . . O . . . . . . . . . . . X O . .
15 . . . . . . . . . . . . . . . X1O . .
14 . . . . . . . . . . . . . . . . X O2.
13 . . . . . . . . . . . . . . . . . . .
12 . . . . . . . . . . . . . . . . . . .
11 . . . . . . . . . . . . . . . . . . .
10 . . . . . . . . . . . . . . . . . . .
 9 . . . . . . . . . . . . . . . . . . .
 8 . . . . . . . . . . . . . . . . . . .
 7 . . . . . . . . . . . . . . . . . . .
 6 . . . . . . . . . . . . . . . . . . .
 5 . . . . . . . . . . . . . . . . . . .
 4 . . . O . . . . . . . . . . . . X . .
 3 . . . . . . . . . . . . . X . . . . .
 2 . . . . . . . . . . . . . . . . . . .
 1 . . . . . . . . . . . . . . . . . . .

koPOSITIONALscoreAREAtaxNONEsui1komi7.5
Time taken: 0.158924
Root visits: 805
New playouts: 543
NN rows: 500
NN batches: 171
NN avg batch size: 2.92398
PV: S18 S15 Q18 S17 R19 S16 R18 S13 Q14 R13 O17 O14 F3 G4 G3 J4 R6 Q8 P7 P8 O7
Tree:
: T   8.11c W   7.99c S   0.29c ( +1.0 L  +0.8) N     805  --  S18 S15 Q18 S17 R19 S16 R18
---White(^)---
S18 : T   8.41c W   8.25c S   0.31c ( +1.1 L  +0.9) LCB    6.99c P 69.52% WF 770.1 PSV     769 N     769  --  S18 S15 Q18 S17 R19 S16 R18 S13
R13 : T   0.11c W   1.21c S  -0.46c ( +0.1 L  +0.2) LCB   -4.39c P 11.30% WF  16.3 PSV      15 N      17  --  R13 Q14 S12 S17 S16 T16 S15 C3
Q4  : T   2.71c W   3.32c S  -0.17c ( +0.5 L  +0.4) LCB   -9.40c P  3.73% WF   7.8 PSV       7 N       8  --  Q4 Q5 R3 Q3 P4 P3
F17 : T   4.69c W   4.60c S  -0.04c ( +0.6 L  +0.5) LCB  -10.49c P  2.13% WF   6.9 PSV       5 N       7  --  F17 Q14 S18
P4  : T  -1.79c W  -0.46c S  -0.55c ( -0.0 L  +0.0) LCB -150.75c P  1.47% WF   1.9 PSV       1 N       2  --  P4 P3
F3  : T   1.34c W   1.65c S  -0.31c ( +0.3 L  +0.2) LCB -348.66c P  0.98% WF   1.0 PSV       1 N       1  --  F3

2025-11-16 16:21:52-0500: = S18
2025-11-16 16:21:52-0500: Controller: kata-set-param maxVisits 800
2025-11-16 16:21:52-0500: = 
2025-11-16 16:21:52-0500: Controller: kata-genmove_analyze b
2025-11-16 16:21:52-0500: =
2025-11-16 16:21:52-0500: MoveNum: 14 HASH: 8FB3A744146E1BFA52EDA61967CA6937
   A B C D E F G H J K L M N O P Q R S T
19 . . . . . . . . . . . . . . . . . . .
18 . . . . . . . . . . . . . . . . X2O3.
17 . . . . . . . . . . . . . . . X O . .
16 . . . O . . . . . . . . . . . X O . .
15 . . . . . . . . . . . . . . . X O @ .
14 . . . . . . . . . . . . . . . . X O1.
13 . . . . . . . . . . . . . . . . . . .
12 . . . . . . . . . . . . . . . . . . .
11 . . . . . . . . . . . . . . . . . . .
10 . . . . . . . . . . . . . . . . . . .
 9 . . . . . . . . . . . . . . . . . . .
 8 . . . . . . . . . . . . . . . . . . .
 7 . . . . . . . . . . . . . . . . . . .
 6 . . . . . . . . . . . . . . . . . . .
 5 . . . . . . . . . . . . . . . . . . .
 4 . . . O . . . . . . . . . . . . X . .
 3 . . . . . . . . . . . . . X . . . . .
 2 . . . . . . . . . . . . . . . . . . .
 1 . . . . . . . . . . . . . . . . . . .

koPOSITIONALscoreAREAtaxNONEsui1komi7.5
Time taken: 0.0151987
Root visits: 802
New playouts: 33
NN rows: 32
NN batches: 23
NN avg batch size: 1.3913
PV: S15 Q18 S17 R19 S16 R18 S13 Q14 R13 O17 O14 F3 G4 G3 J4 R6 Q8 P7 P8 O7
Tree:
: T  -8.62c W  -8.36c S  -0.29c ( -1.1 L  -0.9) N     802  --  S15 Q18 S17 R19 S16 R18 S13
---Black(^)---
S15 : T  -8.23c W  -7.97c S  -0.26c ( -1.0 L  -0.8) LCB   -9.92c P 60.95% WF 627.8 PSV     626 N     626  --  S15 Q18 S17 R19 S16 R18 S13 Q14
C3  : T  -9.70c W  -9.69c S  -0.42c ( -1.2 L  -0.9) LCB  -11.77c P 12.83% WF  70.4 PSV      61 N      71  --  C3 D3 C4 C6 C5 D5 B6 R13
C17 : T  -9.95c W  -9.77c S  -0.42c ( -1.2 L  -0.9) LCB  -12.03c P 11.19% WF  68.3 PSV      48 N      69  --  C17 D17 C16 C14 C15 D15 B14 C18
S13 : T -11.19c W  -9.95c S  -0.47c ( -1.3 L  -1.1) LCB  -15.29c P  6.18% WF  20.7 PSV      19 N      21  --  S13 Q14 R13 Q18 S15 R19 S16 S17
F3  : T  -9.99c W  -9.65c S  -0.43c ( -1.2 L  -1.0) LCB  -17.38c P  1.84% WF  11.9 PSV       7 N      12  --  F3 R13 Q14 Q18 P18 R19 C6
F17 : T -16.45c W -13.50c S  -0.87c ( -1.8 L  -1.4) LCB -165.61c P  2.09% WF   2.0 PSV       2 N       2  --  F17 R13

2025-11-16 16:21:52-0500: play S15
2025-11-16 16:21:52-0500: Controller: genmove w
2025-11-16 16:21:52-0500: MoveNum: 15 HASH: 16315E647AC2047F308EFE0AE1E33403
   A B C D E F G H J K L M N O P Q R S T
19 . . . . . . . . . . . . . . . . . . .
18 . . . . . . . . . . . . . . . @ X1O2.
17 . . . . . . . . . . . . . . . X O . .
16 . . . O . . . . . . . . . . . X O . .
15 . . . . . . . . . . . . . . . X O X3.
14 . . . . . . . . . . . . . . . . X O .
13 . . . . . . . . . . . . . . . . . . .
12 . . . . . . . . . . . . . . . . . . .
11 . . . . . . . . . . . . . . . . . . .
10 . . . . . . . . . . . . . . . . . . .
 9 . . . . . . . . . . . . . . . . . . .
 8 . . . . . . . . . . . . . . . . . . .
 7 . . . . . . . . . . . . . . . . . . .
 6 . . . . . . . . . . . . . . . . . . .
 5 . . . . . . . . . . . . . . . . . . .
 4 . . . O . . . . . . . . . . . . X . .
 3 . . . . . . . . . . . . . X . . . . .
 2 . . . . . . . . . . . . . . . . . . .
 1 . . . . . . . . . . . . . . . . . . .

koPOSITIONALscoreAREAtaxNONEsui1komi7.5
Time taken: 0.045082
Root visits: 805
New playouts: 179
NN rows: 169
NN batches: 61
NN avg batch size: 2.77049
PV: Q18 S17 R19 S16 R18 S13 Q14 R13 O17 O14 F3 G4 G3 C17 C16 D17 E17 E18 F18 F17
Tree:
: T   7.87c W   7.63c S   0.23c ( +1.0 L  +0.8) N     805  --  Q18 S17 R19 S16 R18 S13 Q14
---White(^)---
Q18 : T   8.81c W   8.33c S   0.31c ( +1.1 L  +0.9) LCB    6.95c P 44.76% WF 607.6 PSV     603 N     603  --  Q18 S17 R19 S16 R18 S13 Q14 R13
S16 : T   5.37c W   5.75c S   0.01c ( +0.7 L  +0.6) LCB    3.73c P 35.41% WF 137.8 PSV     109 N     141  --  S16 S13 Q14 R13 Q18 P18 R19 O16
Q14 : T   4.65c W   5.54c S   0.02c ( +0.7 L  +0.7) LCB   -1.39c P 13.76% WF  50.8 PSV      36 N      52  --  Q14 R13 S16 S13 Q18 P18 R19 O16
T15 : T  -0.15c W   0.63c S  -0.56c ( -0.0 L  +0.2) LCB  -12.91c P  4.83% WF   7.7 PSV       6 N       8  --  T15 S13 S16 R13 P14 M16 Q14

2025-11-16 16:21:52-0500: = Q18
2025-11-16 16:21:52-0500: Controller: kata-set-param maxVisits 800
2025-11-16 16:21:52-0500: = 
2025-11-16 16:21:52-0500: Controller: kata-genmove_analyze b
2025-11-16 16:21:52-0500: =
2025-11-16 16:21:53-0500: MoveNum: 16 HASH: F98AF51A16FB9FE2C1C37C0F15841CDB
   A B C D E F G H J K L M N O P Q R S T
19 . . . . . . . . . . . . . . . . . . .
18 . . . . . . . . . . . . . . . O3X O1.
17 . . . . . . . . . . . . . . . X O @ .
16 . . . O . . . . . . . . . . . X O . .
15 . . . . . . . . . . . . . . . X O X2.
14 . . . . . . . . . . . . . . . . X O .
13 . . . . . . . . . . . . . . . . . . .
12 . . . . . . . . . . . . . . . . . . .
11 . . . . . . . . . . . . . . . . . . .
10 . . . . . . . . . . . . . . . . . . .
 9 . . . . . . . . . . . . . . . . . . .
 8 . . . . . . . . . . . . . . . . . . .
 7 . . . . . . . . . . . . . . . . . . .
 6 . . . . . . . . . . . . . . . . . . .
 5 . . . . . . . . . . . . . . . . . . .
 4 . . . O . . . . . . . . . . . . X . .
 3 . . . . . . . . . . . . . X . . . . .
 2 . . . . . . . . . . . . . . . . . . .
 1 . . . . . . . . . . . . . . . . . . .

koPOSITIONALscoreAREAtaxNONEsui1komi7.5
Time taken: 0.0593143
Root visits: 805
New playouts: 202
NN rows: 188
NN batches: 64
NN avg batch size: 2.9375
PV: S17 R19 S16 R18 S13 Q14 R13 O17 O14 F3 G4 G3 C17 C16 D17 E17 E18 F18 F17 E16
Tree:
: T  -8.43c W  -8.20c S  -0.27c ( -1.1 L  -0.8) N     805  --  S17 R19 S16 R18 S13 Q14 R13
---Black(^)---
S17 : T  -8.42c W  -8.19c S  -0.26c ( -1.0 L  -0.8) LCB  -10.04c P 98.50% WF 803.0 PSV     803 N     802  --  S17 R19 S16 R18 S13 Q14 R13 O17
S13 : T -22.50c W -20.48c S  -2.02c ( -3.3 L  -2.6) LCB -372.50c P  0.95% WF   1.0 PSV       0 N       1  --  S13

2025-11-16 16:21:53-0500: play S17
2025-11-16 16:21:53-0500: Controller: genmove w
2025-11-16 16:21:53-0500: MoveNum: 17 HASH: 0F78F0589A908C94761A5B70B56257FF
   A B C D E F G H J K L M N O P Q R S T
19 . . . . . . . . . . . . . . . . @ . .
18 . . . . . . . . . . . . . . . O2X O .
17 . . . . . . . . . . . . . . . X O X3.
16 . . . O . . . . . . . . . . . X O . .
15 . . . . . . . . . . . . . . . X O X1.
14 . . . . . . . . . . . . . . . . X O .
13 . . . . . . . . . . . . . . . . . . .
12 . . . . . . . . . . . . . . . . . . .
11 . . . . . . . . . . . . . . . . . . .
10 . . . . . . . . . . . . . . . . . . .
 9 . . . . . . . . . . . . . . . . . . .
 8 . . . . . . . . . . . . . . . . . . .
 7 . . . . . . . . . . . . . . . . . . .
 6 . . . . . . . . . . . . . . . . . . .
 5 . . . . . . . . . . . . . . . . . . .
 4 . . . O . . . . . . . . . . . . X . .
 3 . . . . . . . . . . . . . X . . . . .
 2 . . . . . . . . . . . . . . . . . . .
 1 . . . . . . . . . . . . . . . . . . .

koPOSITIONALscoreAREAtaxNONEsui1komi7.5
Time taken: 0.00261888
Root visits: 802
New playouts: 0
NN rows: 1
NN batches: 1
NN avg batch size: 1
PV: R19 S16 R18 S13 Q14 R13 O17 O14 F3 G4 G3 J4 R6 Q8 P7 P8 O7 O8
Tree:
: T   8.39c W   8.19c S   0.28c ( +1.0 L  +0.8) N     802  --  R19 S16 R18 S13 Q14 R13 O17
---White(^)---
R19 : T   8.39c W   8.19c S   0.28c ( +1.0 L  +0.8) LCB    6.77c P 99.74% WF 800.9 PSV     801 N     801  --  R19 S16 R18 S13 Q14 R13 O17 O14

2025-11-16 16:21:53-0500: = R19
2025-11-16 16:21:53-0500: Controller: kata-set-param maxVisits 800
2025-11-16 16:21:53-0500: = 
2025-11-16 16:21:53-0500: Controller: kata-genmove_analyze b
2025-11-16 16:21:53-0500: =
2025-11-16 16:21:53-0500: MoveNum: 18 HASH: 154BAB29BAC708212A7C19722B75FF46
   A B C D E F G H J K L M N O P Q R S T
19 . . . . . . . . . . . . . . . . O3. .
18 . . . . . . . . . . . . . . . O1. O .
17 . . . . . . . . . . . . . . . X O X2.
16 . . . O . . . . . . . . . . . X O @ .
15 . . . . . . . . . . . . . . . X O X .
14 . . . . . . . . . . . . . . . . X O .
13 . . . . . . . . . . . . . . . . . . .
12 . . . . . . . . . . . . . . . . . . .
11 . . . . . . . . . . . . . . . . . . .
10 . . . . . . . . . . . . . . . . . . .
 9 . . . . . . . . . . . . . . . . . . .
 8 . . . . . . . . . . . . . . . . . . .
 7 . . . . . . . . . . . . . . . . . . .
 6 . . . . . . . . . . . . . . . . . . .
 5 . . . . . . . . . . . . . . . . . . .
 4 . . . O . . . . . . . . . . . . X . .
 3 . . . . . . . . . . . . . X . . . . .
 2 . . . . . . . . . . . . . . . . . . .
 1 . . . . . . . . . . . . . . . . . . .

koPOSITIONALscoreAREAtaxNONEsui1komi7.5
Time taken: 0.00247529
Root visits: 801
New playouts: 0
NN rows: 1
NN batches: 1
NN avg batch size: 1
PV: S16 R18 S13 Q14 R13 O17 O14 F3 G4 G3 J4 R6 Q8 P7 P8 O7 O8
Tree:
: T  -8.39c W  -8.19c S  -0.28c ( -1.0 L  -0.8) N     801  --  S16 R18 S13 Q14 R13 O17 O14
---Black(^)---
S16 : T  -8.39c W  -8.19c S  -0.28c ( -1.0 L  -0.8) LCB  -10.02c P 99.76% WF 799.9 PSV     800 N     800  --  S16 R18 S13 Q14 R13 O17 O14 F3

2025-11-16 16:21:53-0500: play S16
2025-11-16 16:21:53-0500: Controller: genmove w
2025-11-16 16:21:53-0500: MoveNum: 19 HASH: FB1801DB7E9B1F5C9F498E12094818B0
   A B C D E F G H J K L M N O P Q R S T
19 . . . . . . . . . . . . . . . . O2. .
18 . . . . . . . . . . . . . . . O @ O .
17 . . . . . . . . . . . . . . . X O X1.
16 . . . O . . . . . . . . . . . X O X3.
15 . . . . . . . . . . . . . . . X O X .
14 . . . . . . . . . . . . . . . . X O .
13 . . . . . . . . . . . . . . . . . . .
12 . . . . . . . . . . . . . . . . . . .
11 . . . . . . . . . . . . . . . . . . .
10 . . . . . . . . . . . . . . . . . . .
 9 . . . . . . . . . . . . . . . . . . .
 8 . . . . . . . . . . . . . . . . . . .
 7 . . . . . . . . . . . . . . . . . . .
 6 . . . . . . . . . . . . . . . . . . .
 5 . . . . . . . . . . . . . . . . . . .
 4 . . . O . . . . . . . . . . . . X . .
 3 . . . . . . . . . . . . . X . . . . .
 2 . . . . . . . . . . . . . . . . . . .
 1 . . . . . . . . . . . . . . . . . . .

koPOSITIONALscoreAREAtaxNONEsui1komi7.5
Time taken: 0.00272353
Root visits: 800
New playouts: 0
NN rows: 1
NN batches: 1
NN avg batch size: 1
PV: R18 S13 Q14 R13 O17 O14 F3 G4 G3 J4 R6 Q8 P7 P8 O7 O8
Tree:
: T   8.39c W   8.19c S   0.28c ( +1.0 L  +0.8) N     800  --  R18 S13 Q14 R13 O17 O14 F3
---White(^)---
R18 : T   8.40c W   8.20c S   0.28c ( +1.0 L  +0.8) LCB    6.77c P 98.77% WF 798.9 PSV     799 N     799  --  R18 S13 Q14 R13 O17 O14 F3 G4

2025-11-16 16:21:53-0500: = R18
2025-11-16 16:21:53-0500: Controller: kata-set-param maxVisits 800
2025-11-16 16:21:53-0500: = 
2025-11-16 16:21:53-0500: Controller: kata-genmove_analyze b
2025-11-16 16:21:53-0500: =
2025-11-16 16:21:53-0500: MoveNum: 20 HASH: 3394D2C62A8E536C98114362F25629D1
   A B C D E F G H J K L M N O P Q R S T
19 . . . . . . . . . . . . . . . . O1. .
18 . . . . . . . . . . . . . . . O O3O .
17 . . . . . . . . . . . . . . . X O X .
16 . . . O . . . . . . . . . . . X O X2.
15 . . . . . . . . . . . . . . . X O X .
14 . . . . . . . . . . . . . . . . X O .
13 . . . . . . . . . . . . . . . . . @ .
12 . . . . . . . . . . . . . . . . . . .
11 . . . . . . . . . . . . . . . . . . .
10 . . . . . . . . . . . . . . . . . . .
 9 . . . . . . . . . . . . . . . . . . .
 8 . . . . . . . . . . . . . . . . . . .
 7 . . . . . . . . . . . . . . . . . . .
 6 . . . . . . . . . . . . . . . . . . .
 5 . . . . . . . . . . . . . . . . . . .
 4 . . . O . . . . . . . . . . . . X . .
 3 . . . . . . . . . . . . . X . . . . .
 2 . . . . . . . . . . . . . . . . . . .
 1 . . . . . . . . . . . . . . . . . . .

koPOSITIONALscoreAREAtaxNONEsui1komi7.5
Time taken: 0.00401891
Root visits: 800
New playouts: 1
NN rows: 2
NN batches: 2
NN avg batch size: 1
PV: S13 Q14 R13 O17 O14 F3 G4 G3 J4 R6 Q8 P7 P8 O7 O8
Tree:
: T  -8.39c W  -8.19c S  -0.28c ( -1.0 L  -0.8) N     800  --  S13 Q14 R13 O17 O14 F3 G4
---Black(^)---
S13 : T  -8.32c W  -8.14c S  -0.27c ( -1.0 L  -0.8) LCB   -9.97c P 94.79% WF 789.2 PSV     789 N     789  --  S13 Q14 R13 O17 O14 F3 G4 G3
R13 : T -13.81c W -12.38c S  -0.71c ( -1.6 L  -1.2) LCB  -22.00c P  4.87% WF   9.8 PSV       9 N      10  --  R13 O17 O14 F3 N17

2025-11-16 16:21:53-0500: play S13
2025-11-16 16:21:53-0500: Controller: genmove w
2025-11-16 16:21:53-0500: MoveNum: 21 HASH: 839C37B31B101932531289F804217FCA
   A B C D E F G H J K L M N O P Q R S T
19 . . . . . . . . . . . . . . . . O . .
18 . . . . . . . . . . . . . . . O O2O .
17 . . . . . . . . . . . . . . . X O X .
16 . . . O . . . . . . . . . . . X O X1.
15 . . . . . . . . . . . . . . . X O X .
14 . . . . . . . . . . . . . . . @ X O .
13 . . . . . . . . . . . . . . . . . X3.
12 . . . . . . . . . . . . . . . . . . .
11 . . . . . . . . . . . . . . . . . . .
10 . . . . . . . . . . . . . . . . . . .
 9 . . . . . . . . . . . . . . . . . . .
 8 . . . . . . . . . . . . . . . . . . .
 7 . . . . . . . . . . . . . . . . . . .
 6 . . . . . . . . . . . . . . . . . . .
 5 . . . . . . . . . . . . . . . . . . .
 4 . . . O . . . . . . . . . . . . X . .
 3 . . . . . . . . . . . . . X . . . . .
 2 . . . . . . . . . . . . . . . . . . .
 1 . . . . . . . . . . . . . . . . . . .

koPOSITIONALscoreAREAtaxNONEsui1komi7.5
Time taken: 0.0153419
Root visits: 800
New playouts: 11
NN rows: 12
NN batches: 12
NN avg batch size: 1
PV: Q14 R13 O17 O14 F3 G4 G3 J4 R6 Q8 P7 P8 O7 O8
Tree:
: T   8.34c W   8.14c S   0.28c ( +1.0 L  +0.8) N     800  --  Q14 R13 O17 O14 F3 G4 G3
---White(^)---
Q14 : T   8.35c W   8.15c S   0.28c ( +1.0 L  +0.8) LCB    6.73c P 97.71% WF 798.0 PSV     798 N     798  --  Q14 R13 O17 O14 F3 G4 G3 J4
O17 : T  -4.08c W  -3.12c S  -0.95c ( -0.5 L  -0.2) LCB -354.08c P  0.98% WF   1.0 PSV       0 N       1  --  O17

2025-11-16 16:21:53-0500: = Q14
2025-11-16 16:21:53-0500: Controller: kata-set-param maxVisits 800
2025-11-16 16:21:53-0500: = 
2025-11-16 16:21:53-0500: Controller: kata-genmove_analyze b
2025-11-16 16:21:53-0500: =
2025-11-16 16:21:53-0500: MoveNum: 22 HASH: C8141F174F38E11FF8A1D32CCD4CF82D
   A B C D E F G H J K L M N O P Q R S T
19 . . . . . . . . . . . . . . . . O . .
18 . . . . . . . . . . . . . . . O O1O .
17 . . . . . . . . . . . . . . . X O X .
16 . . . O . . . . . . . . . . . X O X .
15 . . . . . . . . . . . . . . . X O X .
14 . . . . . . . . . . . . . . . O3X O .
13 . . . . . . . . . . . . . . . . @ X2.
12 . . . . . . . . . . . . . . . . . . .
11 . . . . . . . . . . . . . . . . . . .
10 . . . . . . . . . . . . . . . . . . .
 9 . . . . . . . . . . . . . . . . . . .
 8 . . . . . . . . . . . . . . . . . . .
 7 . . . . . . . . . . . . . . . . . . .
 6 . . . . . . . . . . . . . . . . . . .
 5 . . . . . . . . . . . . . . . . . . .
 4 . . . O . . . . . . . . . . . . X . .
 3 . . . . . . . . . . . . . X . . . . .
 2 . . . . . . . . . . . . . . . . . . .
 1 . . . . . . . . . . . . . . . . . . .

koPOSITIONALscoreAREAtaxNONEsui1komi7.5
Time taken: 0.00514548
Root visits: 800
New playouts: 2
NN rows: 3
NN batches: 3
NN avg batch size: 1
PV: R13 O17 O14 F3 G4 G3 J4 R6 Q8 P7 P8 O7 O8
Tree:
: T  -8.34c W  -8.14c S  -0.28c ( -1.0 L  -0.8) N     800  --  R13 O17 O14 F3 G4 G3 J4
---Black(^)---
R13 : T  -8.34c W  -8.14c S  -0.28c ( -1.0 L  -0.8) LCB   -9.97c P 99.88% WF 798.9 PSV     799 N     799  --  R13 O17 O14 F3 G4 G3 J4 R6

2025-11-16 16:21:53-0500: play R13
2025-11-16 16:21:53-0500: Controller: genmove w
2025-11-16 16:21:53-0500: MoveNum: 23 HASH: 2A8687459E0CC05FCB4E223AA475D5DB
   A B C D E F G H J K L M N O P Q R S T
19 . . . . . . . . . . . . . . . . O . .
18 . . . . . . . . . . . . . . . O O O .
17 . . . . . . . . . . . . . @ . X O X .
16 . . . O . . . . . . . . . . . X O X .
15 . . . . . . . . . . . . . . . X O X .
14 . . . . . . . . . . . . . . . O2X O .
13 . . . . . . . . . . . . . . . . X3X1.
12 . . . . . . . . . . . . . . . . . . .
11 . . . . . . . . . . . . . . . . . . .
10 . . . . . . . . . . . . . . . . . . .
 9 . . . . . . . . . . . . . . . . . . .
 8 . . . . . . . . . . . . . . . . . . .
 7 . . . . . . . . . . . . . . . . . . .
 6 . . . . . . . . . . . . . . . . . . .
 5 . . . . . . . . . . . . . . . . . . .
 4 . . . O . . . . . . . . . . . . X . .
 3 . . . . . . . . . . . . . X . . . . .
 2 . . . . . . . . . . . . . . . . . . .
 1 . . . . . . . . . . . . . . . . . . .

koPOSITIONALscoreAREAtaxNONEsui1komi7.5
Time taken: 0.00380331
Root visits: 800
New playouts: 1
NN rows: 2
NN batches: 2
NN avg batch size: 1
PV: O17 O14 F3 G4 G3 J4 R6 Q8 P7 P8 O7 O8
Tree:
: T   8.37c W   8.15c S   0.28c ( +1.0 L  +0.8) N     800  --  O17 O14 F3 G4 G3 J4 R6
---White(^)---
O17 : T   9.66c W   9.31c S   0.39c ( +1.2 L  +0.9) LCB    8.54c P 43.17% WF 448.4 PSV     619 N     443  --  O17 O14 F3 G4 G3 J4 R6 Q8
N17 : T   6.96c W   6.84c S   0.16c ( +0.9 L  +0.8) LCB    3.59c P 48.92% WF 341.8 PSV     170 N     347  --  N17 O17 O18 N16 O16 P17 P18 M17
P15 : T  -0.17c W   0.25c S  -0.55c ( -0.0 L  +0.1) LCB  -27.99c P  2.62% WF   4.8 PSV       3 N       5  --  P15 P14 Q13 O16
P17 : T  -5.01c W  -0.17c S  -0.65c ( -0.1 L  +0.1) LCB  -49.41c P  3.32% WF   3.8 PSV       2 N       4  --  P17 O16 O17 N16

2025-11-16 16:21:53-0500: = O17
2025-11-16 16:21:53-0500: Controller: kata-set-param maxVisits 800
2025-11-16 16:21:53-0500: = 
2025-11-16 16:21:53-0500: Controller: kata-genmove_analyze b
2025-11-16 16:21:53-0500: =
2025-11-16 16:21:53-0500: MoveNum: 24 HASH: 98C38DBF41142745CD19CEB70E06E763
   A B C D E F G H J K L M N O P Q R S T
19 . . . . . . . . . . . . . . . . O . .
18 . . . . . . . . . . . . . . . O O O .
17 . . . . . . . . . . . . . O3. X O X .
16 . . . O . . . . . . . . . . . X O X .
15 . . . . . . . . . . . . . . . X O X .
14 . . . . . . . . . . . . . @ . O1X O .
13 . . . . . . . . . . . . . . . . X2X .
12 . . . . . . . . . . . . . . . . . . .
11 . . . . . . . . . . . . . . . . . . .
10 . . . . . . . . . . . . . . . . . . .
 9 . . . . . . . . . . . . . . . . . . .
 8 . . . . . . . . . . . . . . . . . . .
 7 . . . . . . . . . . . . . . . . . . .
 6 . . . . . . . . . . . . . . . . . . .
 5 . . . . . . . . . . . . . . . . . . .
 4 . . . O . . . . . . . . . . . . X . .
 3 . . . . . . . . . . . . . X . . . . .
 2 . . . . . . . . . . . . . . . . . . .
 1 . . . . . . . . . . . . . . . . . . .

koPOSITIONALscoreAREAtaxNONEsui1komi7.5
Time taken: 0.128216
Root visits: 805
New playouts: 362
NN rows: 351
NN batches: 118
NN avg batch size: 2.97458
PV: O14 F3 G4 G3 C6 C5 D6 H4 C14 D10 H5
Tree:
: T  -8.93c W  -8.89c S  -0.27c ( -1.1 L  -0.9) N     805  --  O14 F3 G4 G3 C6 C5 D6
---Black(^)---
O14 : T  -8.59c W  -8.66c S  -0.25c ( -1.1 L  -0.9) LCB   -9.51c P 74.20% WF 735.9 PSV     735 N     734  --  O14 F3 G4 G3 C6 C5 D6 H4
O15 : T -11.85c W -10.97c S  -0.52c ( -1.4 L  -1.1) LCB  -15.12c P 13.25% WF  44.1 PSV      32 N      45  --  O15 M16 C3 C4 D3 F3 E3 E4
C3  : T -12.18c W -11.46c S  -0.59c ( -1.5 L  -1.1) LCB  -19.91c P  2.24% WF  10.8 PSV       5 N      11  --  C3 D3 C4 C6 C5 D5
O16 : T -15.65c W -13.27c S  -0.75c ( -1.7 L  -1.2) LCB  -44.38c P  2.62% WF   4.9 PSV       3 N       5  --  O16 N16 O15 N15
C17 : T -12.49c W -11.69c S  -0.58c ( -1.5 L  -1.1) LCB  -55.49c P  1.26% WF   3.9 PSV       2 N       4  --  C17 D17 C16
N16 : T -15.13c W -12.88c S  -0.71c ( -1.7 L  -1.3) LCB -164.18c P  1.67% WF   2.0 PSV       2 N       2  --  N16 P15
P14 : T -21.75c W -16.34c S  -1.33c ( -2.5 L  -2.0) LCB -171.52c P  1.06% WF   1.9 PSV       0 N       2  --  P14 Q13

2025-11-16 16:21:53-0500: play O14
2025-11-16 16:21:53-0500: Controller: genmove w
2025-11-16 16:21:53-0500: MoveNum: 25 HASH: 80B6987563FA2A3E96DFD508433EF6D4
   A B C D E F G H J K L M N O P Q R S T
19 . . . . . . . . . . . . . . . . O . .
18 . . . . . . . . . . . . . . . O O O .
17 . . . . . . . . . . . . . O2. X O X .
16 . . . O . . . . . . . . . . . X O X .
15 . . . . . . . . . . . . . . . X O X .
14 . . . . . . . . . . . . . X3. O X O .
13 . . . . . . . . . . . . . . . . X1X .
12 . . . . . . . . . . . . . . . . . . .
11 . . . . . . . . . . . . . . . . . . .
10 . . . . . . . . . . . . . . . . . . .
 9 . . . . . . . . . . . . . . . . . . .
 8 . . . . . . . . . . . . . . . . . . .
 7 . . . . . . . . . . . . . . . . . . .
 6 . . . . . . . . . . . . . . . . . . .
 5 . . . . . . . . . . . . . . . . . . .
 4 . . . O . . . . . . . . . . . . X . .
 3 . . . . . @ . . . . . . . X . . . . .
 2 . . . . . . . . . . . . . . . . . . .
 1 . . . . . . . . . . . . . . . . . . .

koPOSITIONALscoreAREAtaxNONEsui1komi7.5
Time taken: 0.0264452
Root visits: 805
New playouts: 71
NN rows: 71
NN batches: 24
NN avg batch size: 2.95833
PV: F3 F17 C13 M17 R6 C17 D17 C16 D15 D18
Tree:
: T   8.50c W   8.56c S   0.28c ( +1.1 L  +0.9) N     805  --  F3 F17 C13 M17 R6 C17 D17
---White(^)---
F3  : T   9.16c W   9.15c S   0.33c ( +1.1 L  +0.9) LCB    7.91c P 21.32% WF 421.0 PSV     419 N     419  --  F3 F17 C13 M17 R6 C17 D17 C16
R6  : T   8.51c W   8.57c S   0.30c ( +1.1 L  +0.8) LCB    6.16c P 14.82% WF  95.8 PSV      96 N      96  --  R6 F3 C6 C17 C16 D17 E17 E18
G3  : T   9.70c W   9.68c S   0.39c ( +1.2 L  +0.9) LCB    7.37c P  3.76% WF  87.1 PSV      87 N      87  --  G3 C17 C16 D17 E17 E18 F18 F17
C6  : T   7.84c W   7.69c S   0.21c ( +1.0 L  +0.8) LCB    5.34c P 10.23% WF  73.5 PSV      59 N      74  --  C6 M17 F17 F3 H3 D3 C3 C2
C14 : T   6.83c W   6.36c S   0.08c ( +0.8 L  +0.7) LCB    1.99c P  9.31% WF  33.6 PSV      34 N      34  --  C14 F3 C6 M17 M16 L16
F17 : T   6.77c W   7.06c S   0.15c ( +0.9 L  +0.8) LCB    3.15c P  8.99% WF  44.5 PSV      33 N      45  --  F17 F3 C6 M16 N15 N16 O16 O15
M16 : T   5.21c W   5.25c S  -0.04c ( +0.7 L  +0.5) LCB    2.10c P  8.96% WF  25.5 PSV      21 N      26  --  M16 F3 C6 D3 C3 C2
P4  : T   6.33c W   7.77c S   0.22c ( +1.0 L  +0.8) LCB   -5.75c P  2.22% WF   9.9 PSV       7 N      10  --  P4 P3 Q4 Q3 R5 S4 F3 C17
P15 : T  -0.23c W   5.54c S   0.03c ( +0.8 L  +0.7) LCB  -19.85c P  3.92% WF   6.8 PSV       4 N       7  --  P15 P14 Q13 Q12 P13 O12
P14 : T   0.25c W   2.01c S  -0.34c ( +0.3 L  +0.3) LCB -148.78c P  2.23% WF   2.0 PSV       2 N       2  --  P14 P15

2025-11-16 16:21:53-0500: = F3
2025-11-16 16:21:53-0500: Controller: kata-set-param maxVisits 800
2025-11-16 16:21:53-0500: = 
2025-11-16 16:21:53-0500: Controller: kata-genmove_analyze b
2025-11-16 16:21:53-0500: =
2025-11-16 16:21:53-0500: MoveNum: 26 HASH: 19256BEB88F447098B8AB17CE34829B8
   A B C D E F G H J K L M N O P Q R S T
19 . . . . . . . . . . . . . . . . O . .
18 . . . . . . . . . . . . . . . O O O .
17 . . . . . @ . . . . . . . O1. X O X .
16 . . . O . . . . . . . . . . . X O X .
15 . . . . . . . . . . . . . . . X O X .
14 . . . . . . . . . . . . . X2. O X O .
13 . . . . . . . . . . . . . . . . X X .
12 . . . . . . . . . . . . . . . . . . .
11 . . . . . . . . . . . . . . . . . . .
10 . . . . . . . . . . . . . . . . . . .
 9 . . . . . . . . . . . . . . . . . . .
 8 . . . . . . . . . . . . . . . . . . .
 7 . . . . . . . . . . . . . . . . . . .
 6 . . . . . . . . . . . . . . . . . . .
 5 . . . . . . . . . . . . . . . . . . .
 4 . . . O . . . . . . . . . . . . X . .
 3 . . . . . O3. . . . . . . X . . . . .
 2 . . . . . . . . . . . . . . . . . . .
 1 . . . . . . . . . . . . . . . . . . .

koPOSITIONALscoreAREAtaxNONEsui1komi7.5
Time taken: 0.0941605
Root visits: 805
New playouts: 386
NN rows: 369
NN batches: 123
NN avg batch size: 3
PV: F17 C13 M17 R6 C17 D17 C16 D15 D18 E18 C18 E17 B14
Tree:
: T  -8.96c W  -8.98c S  -0.30c ( -1.1 L  -0.9) N     805  --  F17 C13 M17 R6 C17 D17 C16
---Black(^)---
F17 : T  -7.37c W  -7.57c S  -0.16c ( -1.0 L  -0.8) LCB   -9.27c P  4.47% WF 220.7 PSV     590 N     218  --  F17 C13 M17 R6 C17 D17 C16 D15
G4  : T  -8.62c W  -8.49c S  -0.24c ( -1.1 L  -0.9) LCB  -10.16c P  8.85% WF 239.4 PSV     239 N     239  --  G4 G3 C6 R6 C14 F17 Q8 P7
C17 : T -10.86c W -10.80c S  -0.44c ( -1.3 L  -1.0) LCB  -12.87c P 33.78% WF 137.7 PSV     140 N     140  --  C17 C16 D17 E17 E18 F18 F17 E16
M16 : T  -7.68c W  -8.76c S  -0.30c ( -1.1 L  -0.9) LCB  -11.31c P  9.72% WF 101.8 PSV     101 N     101  --  M16 N15 N16 O16 O15 M18 C17 C16
M17 : T -11.06c W  -9.84c S  -0.42c ( -1.3 L  -1.0) LCB  -15.34c P 12.72% WF  54.2 PSV      50 N      55  --  M17 N16 F17 H17 F15 D14
C14 : T -11.72c W -11.46c S  -0.56c ( -1.5 L  -1.1) LCB  -16.42c P  7.28% WF  22.7 PSV      23 N      23  --  C14 C12 C17 C16 D17 E16 B16
C6  : T -11.70c W -11.22c S  -0.51c ( -1.4 L  -1.1) LCB  -16.99c P  4.24% WF  14.8 PSV      13 N      15  --  C6 C5 D6 D10 F5 H4
O8  : T -18.78c W -16.09c S  -1.08c ( -2.1 L  -1.6) LCB  -61.78c P  3.13% WF   3.9 PSV       3 N       4  --  O8 R6 R8 R3
P7  : T -12.91c W -12.23c S  -0.70c ( -1.6 L  -1.2) LCB  -56.47c P  1.29% WF   3.9 PSV       3 N       4  --  P7 F17 G4
Q7  : T -14.89c W -13.77c S  -0.89c ( -1.9 L  -1.3) LCB -163.83c P  1.71% WF   2.0 PSV       2 N       2  --  Q7 F17

2025-11-16 16:21:53-0500: play F17
2025-11-16 16:21:53-0500: Controller: genmove w
2025-11-16 16:21:54-0500: MoveNum: 27 HASH: 3C96DCBD9FD22DC44677BB65B975CE99
   A B C D E F G H J K L M N O P Q R S T
19 . . . . . . . . . . . . . . . . O . .
18 . . . . . . . . . . . . . . . O O O .
17 . . . . . X3. @ . . . . . O . X O X .
16 . . . O . . . . . . . . . . . X O X .
15 . . . . . . . . . . . . . . . X O X .
14 . . . . . . . . . . . . . X1. O X O .
13 . . . . . . . . . . . . . . . . X X .
12 . . . . . . . . . . . . . . . . . . .
11 . . . . . . . . . . . . . . . . . . .
10 . . . . . . . . . . . . . . . . . . .
 9 . . . . . . . . . . . . . . . . . . .
 8 . . . . . . . . . . . . . . . . . . .
 7 . . . . . . . . . . . . . . . . . . .
 6 . . . . . . . . . . . . . . . . . . .
 5 . . . . . . . . . . . . . . . . . . .
 4 . . . O . . . . . . . . . . . . X . .
 3 . . . . . O2. . . . . . . X . . . . .
 2 . . . . . . . . . . . . . . . . . . .
 1 . . . . . . . . . . . . . . . . . . .

koPOSITIONALscoreAREAtaxNONEsui1komi7.5
Time taken: 0.139321
Root visits: 805
New playouts: 587
NN rows: 557
NN batches: 187
NN avg batch size: 2.97861
PV: H17 C14 F16 C17 E17 C16 R6 C6 C5 D6 R9 E4 E3
Tree:
: T   8.13c W   7.99c S   0.29c ( +1.0 L  +0.8) N     805  --  H17 C14 F16 C17 E17 C16 R6
---White(^)---
H17 : T  11.05c W   9.83c S   0.49c ( +1.3 L  +1.0) LCB    8.83c P  4.09% WF 213.6 PSV     274 N     209  --  H17 C14 F16 C17 E17 C16 R6 C6
E17 : T   5.00c W   6.15c S   0.10c ( +0.8 L  +0.7) LCB    1.44c P 30.83% WF  97.5 PSV      58 N     100  --  E17 F16 D14 M17 R6 C12 C10 E12
C14 : T   6.87c W   6.79c S   0.16c ( +0.8 L  +0.8) LCB    4.35c P 19.83% WF 146.4 PSV      53 N     148  --  C14 G4 G3 J4 E17 F16 L17 L16
C13 : T   8.07c W   7.74c S   0.27c ( +1.0 L  +0.8) LCB    5.56c P  8.94% WF 123.8 PSV      33 N     124  --  C13 G4 F4 C17 D17 C16 D15 D18
R6  : T   8.93c W   8.51c S   0.35c ( +1.1 L  +0.9) LCB    5.95c P  4.49% WF  80.4 PSV      22 N      80  --  R6 C14 F16 G16 F15 D17 C17 E17
E18 : T   3.68c W   3.92c S  -0.15c ( +0.5 L  +0.5) LCB   -1.54c P  7.35% WF  17.6 PSV      11 N      18  --  E18 C14 E15 C11 D13 B15
F16 : T   8.01c W   8.93c S   0.39c ( +1.1 L  +0.9) LCB    4.46c P  2.65% WF  87.3 PSV       9 N      88  --  F16 G16 F15 D17 C17 E18 C18 M17
L17 : T   5.11c W   5.16c S  -0.03c ( +0.6 L  +0.5) LCB   -0.72c P  4.77% WF  14.8 PSV       9 N      15  --  L17 C14 F16 G16 F15 D17
P4  : T   6.70c W   8.89c S   0.42c ( +1.2 L  +0.9) LCB   -1.48c P  1.53% WF  10.7 PSV       3 N      11  --  P4 P3 Q4 Q3 R5 S4 Q8 C14
M16 : T   5.62c W   6.58c S   0.15c ( +0.8 L  +0.7) LCB  -14.15c P  1.56% WF   5.9 PSV       3 N       6  --  M16 C14 D14 D13

2025-11-16 16:21:54-0500: = H17
2025-11-16 16:21:54-0500: Controller: kata-set-param maxVisits 800
2025-11-16 16:21:54-0500: = 
2025-11-16 16:21:54-0500: Controller: kata-genmove_analyze b
2025-11-16 16:21:54-0500: =
2025-11-16 16:21:54-0500: MoveNum: 28 HASH: 06F8AB727B1EC1B2CF4FF313C8339A94
   A B C D E F G H J K L M N O P Q R S T
19 . . . . . . . . . . . . . . . . O . .
18 . . . . . . . . . . . . . . . O O O .
17 . . . . . X2. O3. . . . . O . X O X .
16 . . . O . . . . . . . . . . . X O X .
15 . . . . . . . . . . . . . . . X O X .
14 . . . . . . . . . . . . . X . O X O .
13 . . . . . . . . . . . . . . . . X X .
12 . . . . . . . . . . . . . . . . . . .
11 . . . . . . . . . . . . . . . . . . .
10 . . . . . . . . . . . . . . . . . . .
 9 . . . . . . . . . . . . . . . . . . .
 8 . . . . . . . . . . . . . . . . . . .
 7 . . . . . . . . . . . . . . . . . . .
 6 . . . . . . . . . . . . . . . . . . .
 5 . . . . . . . . . . . . . . . . . . .
 4 . . . O . . @ . . . . . . . . . X . .
 3 . . . . . O1. . . . . . . X . . . . .
 2 . . . . . . . . . . . . . . . . . . .
 1 . . . . . . . . . . . . . . . . . . .

koPOSITIONALscoreAREAtaxNONEsui1komi7.5
Time taken: 0.0949741
Root visits: 805
New playouts: 596
NN rows: 568
NN batches: 190
NN avg batch size: 2.98947
PV: G4 G3 J4 R6 C14 F16 C17 C16 D17 E16
Tree:
: T  -8.50c W  -7.94c S  -0.12c ( -1.0 L  -0.8) N     805  --  G4 G3 J4 R6 C14 F16 C17
---Black(^)---
G4  : T  -6.16c W  -6.10c S   0.08c ( -0.7 L  -0.7) LCB   -7.96c P  3.48% WF 447.7 PSV     440 N     439  --  G4 G3 J4 R6 C14 F16 C17 C16
C17 : T -12.15c W -11.45c S  -0.50c ( -1.5 L  -1.1) LCB  -15.56c P 27.02% WF  70.8 PSV      56 N      73  --  C17 D17 C16 D15 B14 R6 Q8 P7
C14 : T -11.11c W  -9.69c S  -0.30c ( -1.2 L  -0.9) LCB  -14.82c P 20.72% WF  94.7 PSV      52 N      97  --  C14 F16 C17 C16 D17 E16 E17 C10
F15 : T  -9.43c W  -8.73c S  -0.24c ( -1.1 L  -0.9) LCB  -11.99c P  7.19% WF 111.7 PSV      27 N     113  --  F15 D14 M17 H15 M15 E17 E18 D18
M16 : T -15.50c W -14.20c S  -0.83c ( -1.9 L  -1.4) LCB  -25.85c P  9.19% WF  15.4 PSV      12 N      16  --  M16 F16 C17 E17 C16 C14
D14 : T -13.32c W -10.01c S  -0.35c ( -1.3 L  -1.0) LCB  -23.33c P  5.26% WF  15.6 PSV       9 N      16  --  D14 F16 G16 G17 E16 F15 E17 E15
N16 : T -12.91c W -12.19c S  -0.54c ( -1.5 L  -1.2) LCB  -20.62c P  5.00% WF  10.7 PSV       9 N      11  --  N16 N17 C14 F16 C17 C16
H16 : T -13.69c W -11.23c S  -0.47c ( -1.4 L  -1.1) LCB  -21.75c P  4.04% WF  10.7 PSV       6 N      11  --  H16 J16 G16 E18 J15 K16
C6  : T -11.86c W -10.86c S  -0.38c ( -1.3 L  -1.0) LCB  -21.18c P  2.18% WF   8.8 PSV       4 N       9  --  C6 C5 D6 C10
M17 : T -14.34c W -13.11c S  -0.72c ( -1.8 L  -1.3) LCB  -26.09c P  2.59% WF   7.8 PSV       4 N       8  --  M17 F16 E16 E15 E17

2025-11-16 16:21:54-0500: play G4
2025-11-16 16:21:54-0500: Controller: genmove w
2025-11-16 16:21:54-0500: MoveNum: 29 HASH: 6CE816EEF4DC869007244C8207C40BF6
   A B C D E F G H J K L M N O P Q R S T
19 . . . . . . . . . . . . . . . . O . .
18 . . . . . . . . . . . . . . . O O O .
17 . . . . . X1. O2. . . . . O . X O X .
16 . . . O . . . . . . . . . . . X O X .
15 . . . . . . . . . . . . . . . X O X .
14 . . . . . . . . . . . . . X . O X O .
13 . . . . . . . . . . . . . . . . X X .
12 . . . . . . . . . . . . . . . . . . .
11 . . . . . . . . . . . . . . . . . . .
10 . . . . . . . . . . . . . . . . . . .
 9 . . . . . . . . . . . . . . . . . . .
 8 . . . . . . . . . . . . . . . . . . .
 7 . . . . . . . . . . . . . . . . . . .
 6 . . . . . . . . . . . . . . . . . . .
 5 . . . . . . . . . . . . . . . . . . .
 4 . . . O . . X3. . . . . . . . . X . .
 3 . . . . . O @ . . . . . . X . . . . .
 2 . . . . . . . . . . . . . . . . . . .
 1 . . . . . . . . . . . . . . . . . . .

koPOSITIONALscoreAREAtaxNONEsui1komi7.5
Time taken: 0.0806972
Root visits: 805
New playouts: 366
NN rows: 363
NN batches: 123
NN avg batch size: 2.95122
PV: G3 J4 R6 C14 D14 D13 E14 C17 C15 D17 C13 Q8 P7 P8
Tree:
: T   7.88c W   7.25c S   0.32c ( +0.9 L  +0.8) N     805  --  G3 J4 R6 C14 D14 D13 E14
---White(^)---
G3  : T   9.90c W   8.85c S   0.48c ( +1.1 L  +0.9) LCB    8.21c P 11.81% WF 490.5 PSV     483 N     483  --  G3 J4 R6 C14 D14 D13 E14 C17
F4  : T   8.85c W   7.78c S   0.37c ( +1.0 L  +0.8) LCB    5.73c P  3.14% WF 133.2 PSV      30 N     133  --  F4 F15 E17 F18 D14 M17 H15
F16 : T   1.78c W   2.20c S  -0.20c ( +0.2 L  +0.4) LCB   -2.74c P 16.65% WF  52.5 PSV      25 N      55  --  F16 G3 F4 G5 E17 C6 C5 D6
E17 : T   0.97c W   1.74c S  -0.27c ( +0.2 L  +0.3) LCB   -3.30c P 16.39% WF  39.1 PSV      23 N      41  --  E17 G3 F4 G5 F16 C6 C5 D6
C14 : T  -1.12c W  -0.25c S  -0.45c ( -0.1 L  +0.2) LCB   -6.51c P 16.07% WF  20.9 PSV      18 N      22  --  C14 G3 F4 G5 R6 P6 Q8 P8
P14 : T   3.66c W   4.26c S   0.07c ( +0.6 L  +0.6) LCB   -6.62c P  4.38% WF  22.4 PSV       8 N      23  --  P14 O16 N16 P15 N15
P4  : T   4.55c W   6.08c S   0.24c ( +0.8 L  +0.7) LCB   -2.70c P  3.45% WF  19.5 PSV       8 N      20  --  P4 P3 Q4 Q3 R5 S4 Q8 G3
R6  : T  -0.19c W   1.93c S  -0.23c ( +0.2 L  +0.3) LCB  -22.22c P  3.44% WF   5.8 PSV       4 N       6  --  R6 G3 F4 G5 O5 Q6
H2  : T   3.38c W   1.35c S  -0.32c ( +0.1 L  +0.3) LCB  -28.02c P  2.12% WF   4.9 PSV       4 N       5  --  H2 C6 C14
C13 : T   0.21c W   1.64c S  -0.26c ( +0.2 L  +0.3) LCB  -43.26c P  3.28% WF   3.9 PSV       4 N       4  --  C13 G3 F4 G5

2025-11-16 16:21:54-0500: = G3
2025-11-16 16:21:54-0500: Controller: kata-set-param maxVisits 800
2025-11-16 16:21:54-0500: = 
2025-11-16 16:21:54-0500: Controller: kata-genmove_analyze b
2025-11-16 16:21:54-0500: =
2025-11-16 16:21:54-0500: MoveNum: 30 HASH: 8E7A8038D6B4920757176EA62C3ABD46
   A B C D E F G H J K L M N O P Q R S T
19 . . . . . . . . . . . . . . . . O . .
18 . . . . . . . . . . . . . . . O O O .
17 . . . . . X . O1. . . . . O . X O X .
16 . . . O . . . . . . . . . . . X O X .
15 . . . . . . . . . . . . . . . X O X .
14 . . . . . . . . . . . . . X . O X O .
13 . . . . . . . . . . . . . . . . X X .
12 . . . . . . . . . . . . . . . . . . .
11 . . . . . . . . . . . . . . . . . . .
10 . . . . . . . . . . . . . . . . . . .
 9 . . . . . . . . . . . . . . . . . . .
 8 . . . . . . . . . . . . . . . . . . .
 7 . . . . . . . . . . . . . . . . . . .
 6 . . @ . . . . . . . . . . . . . . . .
 5 . . . . . . . . . . . . . . . . . . .
 4 . . . O . . X2. . . . . . . . . X . .
 3 . . . . . O O3. . . . . . X . . . . .
 2 . . . . . . . . . . . . . . . . . . .
 1 . . . . . . . . . . . . . . . . . . .

koPOSITIONALscoreAREAtaxNONEsui1komi7.5
Time taken: 0.0776443
Root visits: 805
New playouts: 322
NN rows: 301
NN batches: 101
NN avg batch size: 2.9802
PV: C6 F16 C17 E17 C16 D14 C14 C13 B14 C5
Tree:
: T  -9.02c W  -8.32c S  -0.24c ( -1.0 L  -0.9) N     805  --  C6 F16 C17 E17 C16 D14 C14
---Black(^)---
C6  : T  -6.63c W  -7.05c S  -0.10c ( -0.8 L  -0.8) LCB   -9.38c P  7.77% WF 183.2 PSV     547 N     180  --  C6 F16 C17 E17 C16 D14 C14 C13
J4  : T  -8.89c W  -8.14c S  -0.22c ( -1.0 L  -0.9) LCB  -11.05c P 24.89% WF 232.0 PSV     232 N     232  --  J4 R6 C14 D14 D13 E14 C17 C15
F15 : T  -8.08c W  -6.74c S  -0.10c ( -0.8 L  -0.8) LCB  -10.38c P  4.88% WF 107.6 PSV     107 N     107  --  F15 E17 F18 D14 M17 H15 F13 D12
C14 : T -10.98c W  -9.57c S  -0.37c ( -1.2 L  -1.0) LCB  -15.62c P 22.49% WF 104.3 PSV      82 N     106  --  C14 F16 E16 E15 E17 D17 G16 F15
C17 : T -13.41c W -11.84c S  -0.59c ( -1.5 L  -1.1) LCB  -17.93c P 12.86% WF  28.3 PSV      27 N      29  --  C17 D17 C16 D15 D18 E18 C18 F18
M17 : T -10.23c W  -9.78c S  -0.42c ( -1.3 L  -1.0) LCB  -15.65c P  3.91% WF  26.8 PSV      18 N      27  --  M17 F16 E16 E15 E17 D17 G16 F15
M16 : T -10.63c W -10.83c S  -0.53c ( -1.4 L  -1.1) LCB  -16.82c P  4.02% WF  21.8 PSV      16 N      22  --  M16 F16 C17 E17 C16 C14 C15 D14
D14 : T -12.05c W  -9.09c S  -0.31c ( -1.1 L  -1.0) LCB  -23.07c P  4.08% WF  18.7 PSV      11 N      19  --  D14 F16 G16 G17 E16 F15 E15 E17
H16 : T  -9.62c W  -9.29c S  -0.36c ( -1.2 L  -1.0) LCB  -13.74c P  1.16% WF  53.0 PSV       7 N      55  --  H16 J16 H15 G17 F16 C14 M16 J15
H4  : T -11.95c W -10.08c S  -0.38c ( -1.2 L  -1.0) LCB  -17.76c P  2.53% WF  18.7 PSV       7 N      19  --  H4 J3 C6 C14 D17 C17 C18 E17

2025-11-16 16:21:54-0500: play C6
2025-11-16 16:21:54-0500: Controller: genmove w
2025-11-16 16:21:54-0500: MoveNum: 31 HASH: FC446680BB3E3312D284E57C22302152
   A B C D E F G H J K L M N O P Q R S T
19 . . . . . . . . . . . . . . . . O . .
18 . . . . . . . . . . . . . . . O O O .
17 . . . . . X . O . . . . . O . X O X .
16 . . . O . . . . . . . . . . . X O X .
15 . . . . . . . . . . . . . . . X O X .
14 . . . . . . . . . . . . . X . O X O .
13 . . . . . . . . . . . . . . . . X X .
12 . . . . . . . . . . . . . . . . . . .
11 . . . . . . . . . . . . . . . . . . .
10 . . . . . . . . . . . . . . . . . . .
 9 . . . . . . . . . . . . . . . . . . .
 8 . . . . . . . . . . . . . . . . . . .
 7 . . . . . . . . . . . . . . . . . . .
 6 . . X3. . . . . . . . . . . . . @ . .
 5 . . . . . . . . . . . . . . . . . . .
 4 . . . O . . X1. . . . . . . . . X . .
 3 . . . . . O O2. . . . . . X . . . . .
 2 . . . . . . . . . . . . . . . . . . .
 1 . . . . . . . . . . . . . . . . . . .

koPOSITIONALscoreAREAtaxNONEsui1komi7.5
Time taken: 0.0992874
Root visits: 805
New playouts: 625
NN rows: 597
NN batches: 200
NN avg batch size: 2.985
PV: R6 F15 E17 F18 D14 M17 H15 K17
Tree:
: T   6.27c W   6.39c S   0.15c ( +0.8 L  +0.7) N     805  --  R6 F15 E17 F18 D14 M17 H15
---White(^)---
R6  : T   8.48c W   7.97c S   0.33c ( +1.0 L  +0.8) LCB    6.06c P  1.68% WF 201.3 PSV     492 N     197  --  R6 F15 E17 F18 D14 M17 H15 K17
F16 : T   6.54c W   6.98c S   0.20c ( +0.8 L  +0.7) LCB    3.62c P 14.48% WF 199.2 PSV     199 N     199  --  F16 C17 E17 C16 D14 C14 C13 B14
C5  : T   3.46c W   3.75c S  -0.14c ( +0.4 L  +0.5) LCB    0.01c P 24.44% WF  75.4 PSV      77 N      77  --  C5 D6 C10 H4 F4 F5 J3 C14
C14 : T   3.38c W   4.37c S  -0.04c ( +0.5 L  +0.5) LCB   -1.89c P 21.49% WF  70.5 PSV      67 N      72  --  C14 M16 C5 N17 O18 O16
E17 : T   7.99c W   7.38c S   0.23c ( +0.9 L  +0.8) LCB    4.59c P  3.74% WF  56.5 PSV      56 N      56  --  E17 J4 C5 D6 F4 C14 F16 D10
C17 : T   6.44c W   6.46c S   0.15c ( +0.8 L  +0.7) LCB    3.02c P  4.16% WF  71.0 PSV      51 N      71  --  C17 J4 R6 Q8 P7 P5 P6 O5
D14 : T   6.37c W   6.19c S   0.14c ( +0.7 L  +0.7) LCB    2.12c P  2.80% WF  61.9 PSV      32 N      62  --  D14 J4 R6 Q8 P7 P8 O7 O8
C13 : T   5.26c W   6.41c S   0.16c ( +0.8 L  +0.7) LCB    0.14c P  3.75% WF  30.8 PSV      21 N      31  --  C13 M16 C5 D6 D10
P4  : T   3.42c W   4.99c S   0.05c ( +0.6 L  +0.6) LCB   -9.65c P  3.20% WF   9.9 PSV      10 N      10  --  P4 P3 Q4 Q3 R5 S4 C14 P8
C8  : T   3.98c W   1.38c S  -0.35c ( +0.1 L  +0.3) LCB   -5.13c P  2.57% WF   9.9 PSV       9 N      10  --  C8 C14 F16 G16 G17 E16

2025-11-16 16:21:54-0500: = R6
2025-11-16 16:21:54-0500: Controller: kata-set-param maxVisits 800
2025-11-16 16:21:54-0500: = 
2025-11-16 16:21:54-0500: Controller: kata-genmove_analyze b
2025-11-16 16:21:54-0500: =
2025-11-16 16:21:54-0500: MoveNum: 32 HASH: F979318FF6EDEAE9443EF20ACC7FBD5C
   A B C D E F G H J K L M N O P Q R S T
19 . . . . . . . . . . . . . . . . O . .
18 . . . . . . . . . . . . . . . O O O .
17 . . . . . X . O . . . . . O . X O X .
16 . . . O . . . . . . . . . . . X O X .
15 . . . . . . . . . . . . . . . X O X .
14 . . @ . . . . . . . . . . X . O X O .
13 . . . . . . . . . . . . . . . . X X .
12 . . . . . . . . . . . . . . . . . . .
11 . . . . . . . . . . . . . . . . . . .
10 . . . . . . . . . . . . . . . . . . .
 9 . . . . . . . . . . . . . . . . . . .
 8 . . . . . . . . . . . . . . . . . . .
 7 . . . . . . . . . . . . . . . . . . .
 6 . . X2. . . . . . . . . . . . . O3. .
 5 . . . . . . . . . . . . . . . . . . .
 4 . . . O . . X . . . . . . . . . X . .
 3 . . . . . O O1. . . . . . X . . . . .
 2 . . . . . . . . . . . . . . . . . . .
 1 . . . . . . . . . . . . . . . . . . .

koPOSITIONALscoreAREAtaxNONEsui1komi7.5
Time taken: 0.102317
Root visits: 805
New playouts: 608
NN rows: 569
NN batches: 191
NN avg batch size: 2.97906
PV: C17 D17 C16 D15 B14 C5 D6 H4 H16 J16 G16 J15 J17 K17
Tree:
: T  -9.32c W  -8.64c S  -0.33c ( -1.1 L  -0.9) N     805  --  C17 D17 C16 D15 B14 C5 D6
---Black(^)---
C17 : T  -7.36c W  -7.94c S  -0.22c ( -0.9 L  -0.8) LCB  -10.44c P 10.46% WF  97.2 PSV     223 N      96  --  C17 D17 C16 D15 B14 C5 D6 H4
C4  : T  -8.25c W  -7.95c S  -0.25c ( -1.0 L  -0.8) LCB  -10.79c P  9.71% WF 180.0 PSV     179 N     179  --  C4 C3 B3 C5 B4 D5 B5 C2
C14 : T -11.48c W  -9.62c S  -0.43c ( -1.2 L  -1.0) LCB  -15.72c P 21.71% WF  89.5 PSV      69 N      91  --  C14 F16 C17 C16 D17 E16 E17 C10
Q8  : T -11.06c W -10.22c S  -0.50c ( -1.3 L  -1.1) LCB  -15.77c P  9.86% WF  42.5 PSV      35 N      43  --  Q8 P7 P5 P6 O5 S4 S3 S5
F15 : T  -8.41c W  -7.68c S  -0.25c ( -1.0 L  -0.9) LCB  -10.66c P  2.25% WF 169.6 PSV      33 N     169  --  F15 E17 F18 C14 M17 H15 K17 J17
J4  : T -10.64c W  -9.50c S  -0.41c ( -1.2 L  -1.0) LCB  -16.03c P  6.73% WF  40.6 PSV      27 N      41  --  J4 C14 D17 C17 C18 E17 D18 E16
H16 : T  -8.48c W  -8.39c S  -0.31c ( -1.0 L  -0.9) LCB  -12.97c P  1.72% WF  82.4 PSV      23 N      82  --  H16 J16 H15 C14 J17 E17 K17 G17
D14 : T -16.71c W -12.53c S  -0.79c ( -1.6 L  -1.3) LCB  -25.53c P 14.07% WF  20.2 PSV      19 N      21  --  D14 F16 C17 E17 C16 C12
H4  : T  -9.14c W  -8.12c S  -0.24c ( -1.0 L  -0.9) LCB  -14.78c P  2.03% WF  28.0 PSV      16 N      28  --  H4 J3 C14 F16 C17 C16 D17 E16
M16 : T -10.23c W -10.36c S  -0.51c ( -1.3 L  -1.0) LCB  -17.26c P  3.28% WF  20.9 PSV      15 N      21  --  M16 F16 C17 E17 C16 C14 C15

2025-11-16 16:21:54-0500: play C14
2025-11-16 16:21:54-0500: Controller: genmove w
2025-11-16 16:21:54-0500: MoveNum: 33 HASH: CE9920D44584B94BF07C71909C2FA3DF
   A B C D E F G H J K L M N O P Q R S T
19 . . . . . . . . . . . . . . . . O . .
18 . . . . . . . . . . . . . . . O O O .
17 . . . . . X . O . . . . . O . X O X .
16 . . . O . @ . . . . . . . . . X O X .
15 . . . . . . . . . . . . . . . X O X .
14 . . X3. . . . . . . . . . X . O X O .
13 . . . . . . . . . . . . . . . . X X .
12 . . . . . . . . . . . . . . . . . . .
11 . . . . . . . . . . . . . . . . . . .
10 . . . . . . . . . . . . . . . . . . .
 9 . . . . . . . . . . . . . . . . . . .
 8 . . . . . . . . . . . . . . . . . . .
 7 . . . . . . . . . . . . . . . . . . .
 6 . . X1. . . . . . . . . . . . . O2. .
 5 . . . . . . . . . . . . . . . . . . .
 4 . . . O . . X . . . . . . . . . X . .
 3 . . . . . O O . . . . . . X . . . . .
 2 . . . . . . . . . . . . . . . . . . .
 1 . . . . . . . . . . . . . . . . . . .

koPOSITIONALscoreAREAtaxNONEsui1komi7.5
Time taken: 0.118577
Root visits: 805
New playouts: 714
NN rows: 696
NN batches: 240
NN avg batch size: 2.9
PV: F16 H4 H3 C17 C16 D17 E16 G17 G16
Tree:
: T   9.94c W   9.41c S   0.30c ( +1.2 L  +1.0) N     805  --  F16 H4 H3 C17 C16 D17 E16
---White(^)---
F16 : T  10.43c W   9.80c S   0.34c ( +1.2 L  +1.0) LCB    8.79c P 58.18% WF 748.4 PSV     746 N     747  --  F16 H4 H3 C17 C16 D17 E16 G17
D14 : T   3.96c W   4.47c S  -0.22c ( +0.5 L  +0.5) LCB   -1.25c P 26.53% WF  45.1 PSV      47 N      47  --  D14 D13 E14 C17 C15 C13 D17 B15
C15 : T   0.92c W   6.19c S  -0.11c ( +0.7 L  +0.7) LCB -149.37c P  1.54% WF   1.9 PSV       2 N       2  --  C15 D14
E17 : T   5.34c W   6.00c S  -0.05c ( +0.7 L  +0.6) LCB -143.61c P  1.14% WF   2.0 PSV       2 N       2  --  E17 F16
E15 : T  -5.40c W  -2.76c S  -0.97c ( -0.4 L  -0.1) LCB -154.47c P  1.92% WF   1.9 PSV       1 N       2  --  E15 C17
Q4  : T  -1.01c W   2.46c S  -0.41c ( +0.3 L  +0.4) LCB -150.41c P  1.43% WF   1.9 PSV       1 N       2  --  Q4 Q3
C5  : T   1.59c W   1.99c S  -0.40c ( +0.3 L  +0.4) LCB -348.41c P  1.13% WF   1.0 PSV       1 N       1  --  C5
R3  : T  -2.53c W  -1.74c S  -0.79c ( -0.2 L  +0.1) LCB -352.53c P  1.13% WF   1.0 PSV       1 N       1  --  R3

2025-11-16 16:21:54-0500: = F16
2025-11-16 16:21:54-0500: Controller: kata-set-param maxVisits 800
2025-11-16 16:21:54-0500: = 
2025-11-16 16:21:54-0500: Controller: kata-genmove_analyze b
2025-11-16 16:21:54-0500: =
2025-11-16 16:21:54-0500: MoveNum: 34 HASH: 0FED5E28E0049CBC512D70F960936B6A
   A B C D E F G H J K L M N O P Q R S T
19 . . . . . . . . . . . . . . . . O . .
18 . . . . . . . . . . . . . . . O O O .
17 . . . . . X . O . . . . . O . X O X .
16 . . . O . O3. . . . . . . . . X O X .
15 . . . . . . . . . . . . . . . X O X .
14 . . X2. . . . . . . . . . X . O X O .
13 . . . . . . . . . . . . . . . . X X .
12 . . . . . . . . . . . . . . . . . . .
11 . . . . . . . . . . . . . . . . . . .
10 . . . . . . . . . . . . . . . . . . .
 9 . . . . . . . . . . . . . . . . . . .
 8 . . . . . . . . . . . . . . . . . . .
 7 . . . . . . . . . . . . . . . . . . .
 6 . . X . . . . . . . . . . . . . O1. .
 5 . . . . . . . . . . . . . . . . . . .
 4 . . . O . . X @ . . . . . . . . X . .
 3 . . . . . O O . . . . . . X . . . . .
 2 . . . . . . . . . . . . . . . . . . .
 1 . . . . . . . . . . . . . . . . . . .

koPOSITIONALscoreAREAtaxNONEsui1komi7.5
Time taken: 0.0119539
Root visits: 804
New playouts: 57
NN rows: 57
NN batches: 20
NN avg batch size: 2.85
PV: H4 H3 K4 J4 J5 J3 C17 C16 D17
Tree:
: T -10.36c W  -9.84c S  -0.33c ( -1.2 L  -1.0) N     804  --  H4 H3 K4 J4 J5 J3 C17
---Black(^)---
H4  : T  -7.60c W  -7.84c S  -0.08c ( -0.9 L  -0.9) LCB  -11.05c P  0.69% WF  99.7 PSV     885 N      98  --  H4 H3 K4 J4 J5 J3 C17 C16
C17 : T  -9.91c W  -9.43c S  -0.30c ( -1.2 L  -0.9) LCB  -11.85c P 54.47% WF 520.0 PSV     518 N     519  --  C17 C16 D17 E16 E17 D10 D12 H15
G16 : T -17.53c W -15.39c S  -0.84c ( -1.9 L  -1.6) LCB  -26.72c P 22.01% WF  32.6 PSV      33 N      34  --  G16 G17 C16 E17 F15 F18 Q8 C17
E16 : T -13.37c W -12.07c S  -0.59c ( -1.6 L  -1.3) LCB  -20.02c P 11.46% WF  59.7 PSV      32 N      61  --  E16 E15 E17 D17 G16 F15 G17 C15
J4  : T  -8.68c W  -8.90c S  -0.20c ( -1.1 L  -0.9) LCB  -12.33c P  1.19% WF  24.2 PSV      24 N      24  --  J4 C15 C17 D14 E18
C4  : T -13.41c W -12.94c S  -0.66c ( -1.6 L  -1.3) LCB  -22.23c P  2.42% WF  20.7 PSV       6 N      21  --  C4 C3 B3 C5 B4 D5 B5 C2
Q8  : T -11.79c W -10.96c S  -0.40c ( -1.3 L  -1.1) LCB  -15.94c P  0.96% WF  43.3 PSV       3 N      46  --  Q8 E17 G16 G17 F15 F18 J4 C12

2025-11-16 16:21:54-0500: play H4
2025-11-16 16:21:55-0500: Controller: genmove w
2025-11-16 16:21:55-0500: MoveNum: 35 HASH: 1235ACE7342496EC1B6BBA69CB1B33D3
   A B C D E F G H J K L M N O P Q R S T
19 . . . . . . . . . . . . . . . . O . .
18 . . . . . . . . . . . . . . . O O O .
17 . . . . . X . O . . . . . O . X O X .
16 . . . O . O2. . . . . . . . . X O X .
15 . . . . . . . . . . . . . . . X O X .
14 . . X1. . . . . . . . . . X . O X O .
13 . . . . . . . . . . . . . . . . X X .
12 . . . . . . . . . . . . . . . . . . .
11 . . . . . . . . . . . . . . . . . . .
10 . . . . . . . . . . . . . . . . . . .
 9 . . . . . . . . . . . . . . . . . . .
 8 . . . . . . . . . . . . . . . . . . .
 7 . . . . . . . . . . . . . . . . . . .
 6 . . X . . . . . . . . . . . . . O . .
 5 . . . . . . . . . . . . . . . . . . .
 4 . . . O . . X X3. . . . . . . . X . .
 3 . . . . . O O . @ . . . . X . . . . .
 2 . . . . . . . . . . . . . . . . . . .
 1 . . . . . . . . . . . . . . . . . . .

koPOSITIONALscoreAREAtaxNONEsui1komi7.5
Time taken: 0.151743
Root visits: 805
New playouts: 707
NN rows: 681
NN batches: 228
NN avg batch size: 2.98684
PV: J3 Q8 P7 P8 O7 O8 N7 P5
Tree:
: T  12.17c W  10.82c S   0.58c ( +1.3 L  +1.2) N     805  --  J3 Q8 P7 P8 O7 O8 N7
---White(^)---
J3  : T  14.43c W  12.58c S   0.77c ( +1.6 L  +1.3) LCB   11.93c P 15.47% WF 383.1 PSV     377 N     377  --  J3 Q8 P7 P8 O7 O8 N7 P5
C15 : T   6.15c W   5.65c S   0.05c ( +0.7 L  +0.7) LCB    0.24c P 29.48% WF  51.7 PSV      47 N      54  --  C15 H3 D14 C3 C4 D3 F4 B4
H3  : T  12.53c W  10.60c S   0.52c ( +1.3 L  +1.1) LCB    9.47c P  7.39% WF 165.7 PSV      42 N     166  --  H3 E16 E15 E17 C15 G16 F15 D14
J2  : T  11.37c W   9.75c S   0.45c ( +1.2 L  +1.0) LCB    7.12c P  6.01% WF  71.3 PSV      23 N      72  --  J2 E16 E15 E17 D17 G16 F15 G17
D6  : T   7.54c W   8.49c S   0.32c ( +1.0 L  +0.9) LCB   -1.53c P  6.71% WF  20.4 PSV      12 N      21  --  D6 D7 E6 C4 C3 C5 B3 E7
E17 : T   3.29c W   5.43c S   0.04c ( +0.7 L  +0.7) LCB   -5.79c P  7.69% WF  10.5 PSV       9 N      11  --  E17 H3 B4 P6 Q8
C5  : T   8.50c W   8.15c S   0.27c ( +0.9 L  +0.9) LCB    1.67c P  3.60% WF  28.3 PSV       7 N      29  --  C5 D6 F4 F5 H3 C17 C16 D17
Q4  : T   9.66c W   9.87c S   0.53c ( +1.3 L  +1.2) LCB    1.13c P  2.30% WF  30.4 PSV       6 N      31  --  Q4 Q3 Q5 R3 Q9 C17 E17 C16
S4  : T   8.31c W   8.46c S   0.28c ( +1.0 L  +0.9) LCB   -1.78c P  1.99% WF  10.8 PSV       4 N      11  --  S4 S3 S5 Q3 R9 H3 C5
P14 : T   9.52c W  10.53c S   0.62c ( +1.4 L  +1.2) LCB   -4.12c P  1.19% WF   9.8 PSV       3 N      10  --  P14 P15 Q12 N15 M16 P12 Q10

2025-11-16 16:21:55-0500: = J3
2025-11-16 16:21:55-0500: Controller: kata-set-param maxVisits 800
2025-11-16 16:21:55-0500: = 
2025-11-16 16:21:55-0500: Controller: kata-genmove_analyze b
2025-11-16 16:21:55-0500: =
2025-11-16 16:21:55-0500: MoveNum: 36 HASH: 8EC1BF88C67C16289659F85981BD7058
   A B C D E F G H J K L M N O P Q R S T
19 . . . . . . . . . . . . . . . . O . .
18 . . . . . . . . . . . . . . . O O O .
17 . . @ . . X . O . . . . . O . X O X .
16 . . . O . O1. . . . . . . . . X O X .
15 . . . . . . . . . . . . . . . X O X .
14 . . X . . . . . . . . . . X . O X O .
13 . . . . . . . . . . . . . . . . X X .
12 . . . . . . . . . . . . . . . . . . .
11 . . . . . . . . . . . . . . . . . . .
10 . . . . . . . . . . . . . . . . . . .
 9 . . . . . . . . . . . . . . . . . . .
 8 . . . . . . . . . . . . . . . . . . .
 7 . . . . . . . . . . . . . . . . . . .
 6 . . X . . . . . . . . . . . . . O . .
 5 . . . . . . . . . . . . . . . . . . .
 4 . . . O . . X X2. . . . . . . . X . .
 3 . . . . . O O . O3. . . . X . . . . .
 2 . . . . . . . . . . . . . . . . . . .
 1 . . . . . . . . . . . . . . . . . . .

koPOSITIONALscoreAREAtaxNONEsui1komi7.5
Time taken: 0.0719747
Root visits: 805
New playouts: 428
NN rows: 424
NN batches: 142
NN avg batch size: 2.98592
PV: C17 C16 D17 E16 E17 C12 C10 E12 Q8 B17 B18 B16
Tree:
: T -11.91c W -11.35c S  -0.28c ( -1.4 L  -1.2) N     805  --  C17 C16 D17 E16 E17 C12 C10
---Black(^)---
C17 : T  -9.89c W  -9.88c S  -0.11c ( -1.2 L  -1.0) LCB  -12.06c P 43.31% WF 509.3 PSV     502 N     502  --  C17 C16 D17 E16 E17 C12 C10 E12
Q8  : T -14.01c W -13.14c S  -0.45c ( -1.6 L  -1.4) LCB  -18.47c P  8.14% WF  89.2 PSV      22 N      91  --  Q8 P7 P8 Q4 Q3 R3 S3 R2
E16 : T -14.38c W -12.83c S  -0.49c ( -1.7 L  -1.4) LCB  -18.68c P  5.77% WF 131.6 PSV      14 N     142  --  E16 E15 E17 C15 D14 D15 G16 F15
H3  : T -16.00c W -14.77c S  -0.63c ( -1.8 L  -1.5) LCB  -22.29c P  4.65% WF  17.0 PSV       9 N      18  --  H3 H2 C17 C16 D17 E17 E18
G16 : T -24.19c W -19.83c S  -1.11c ( -2.4 L  -2.1) LCB  -38.63c P  9.85% WF  14.0 PSV       9 N      15  --  G16 G17 E16 F15 E15 E17 F18 E18
F4  : T -21.35c W -17.95c S  -1.02c ( -2.3 L  -1.9) LCB  -50.05c P  4.42% WF   4.8 PSV       5 N       5  --  F4 E4 H3 H2
C4  : T -19.78c W -18.98c S  -1.08c ( -2.4 L  -1.8) LCB  -40.85c P  3.05% WF   5.8 PSV       4 N       6  --  C4 C3 B3 C5 B4 D6
E4  : T -17.35c W -14.82c S  -0.66c ( -1.9 L  -1.6) LCB  -39.28c P  2.39% WF   5.8 PSV       4 N       6  --  E4 F4 E5 E3
E5  : T -18.80c W -18.82c S  -1.06c ( -2.4 L  -1.9) LCB  -47.50c P  3.01% WF   4.9 PSV       4 N       5  --  E5 C4 C17 C16
N16 : T -18.91c W -14.73c S  -0.60c ( -1.8 L  -1.5) LCB  -63.02c P  0.92% WF   3.9 PSV       1 N       4  --  N16 N17 C17 C16

2025-11-16 16:21:55-0500: play C17
2025-11-16 16:21:55-0500: Controller: genmove w
2025-11-16 16:21:55-0500: MoveNum: 37 HASH: A0E30DA0D1788EA99C78B3FB3508B661
   A B C D E F G H J K L M N O P Q R S T
19 . . . . . . . . . . . . . . . . O . .
18 . . . . . . . . . . . . . . . O O O .
17 . . X3. . X . O . . . . . O . X O X .
16 . . @ O . O . . . . . . . . . X O X .
15 . . . . . . . . . . . . . . . X O X .
14 . . X . . . . . . . . . . X . O X O .
13 . . . . . . . . . . . . . . . . X X .
12 . . . . . . . . . . . . . . . . . . .
11 . . . . . . . . . . . . . . . . . . .
10 . . . . . . . . . . . . . . . . . . .
 9 . . . . . . . . . . . . . . . . . . .
 8 . . . . . . . . . . . . . . . . . . .
 7 . . . . . . . . . . . . . . . . . . .
 6 . . X . . . . . . . . . . . . . O . .
 5 . . . . . . . . . . . . . . . . . . .
 4 . . . O . . X X1. . . . . . . . X . .
 3 . . . . . O O . O2. . . . X . . . . .
 2 . . . . . . . . . . . . . . . . . . .
 1 . . . . . . . . . . . . . . . . . . .

koPOSITIONALscoreAREAtaxNONEsui1komi7.5
Time taken: 0.0518178
Root visits: 804
New playouts: 302
NN rows: 300
NN batches: 103
NN avg batch size: 2.91262
PV: C16 D17 E16 E17 C12 C10 E12 Q8 R3 Q4 S4 S5 S3
Tree:
: T  10.75c W  10.39c S   0.38c ( +1.3 L  +1.0) N     804  --  C16 D17 E16 E17 C12 C10 E12
---White(^)---
C16 : T  11.92c W  11.16c S   0.46c ( +1.4 L  +1.1) LCB    9.92c P 53.67% WF 610.1 PSV     605 N     605  --  C16 D17 E16 E17 C12 C10 E12 Q8
E17 : T   8.48c W   8.85c S   0.18c ( +1.0 L  +0.8) LCB    4.87c P 24.48% WF 122.3 PSV      75 N     125  --  E17 C16 R9 C4 C3 B3 D3 B5
D17 : T   5.75c W   7.11c S   0.01c ( +0.8 L  +0.8) LCB   -0.72c P  5.27% WF  48.1 PSV      10 N      50  --  D17 C16 D15 G16 C15 B15 B16 B17
P14 : T   7.17c W   9.06c S   0.28c ( +1.1 L  +1.0) LCB  -16.98c P  1.87% WF   5.9 PSV       4 N       6  --  P14 P15 Q12 N15 M16
Q4  : T   1.33c W   2.74c S  -0.41c ( +0.3 L  +0.4) LCB  -41.76c P  3.39% WF   3.9 PSV       4 N       4  --  Q4 Q3 R3 Q5
R3  : T  -0.31c W   2.09c S  -0.50c ( +0.2 L  +0.3) LCB  -32.64c P  1.87% WF   4.8 PSV       2 N       5  --  R3 Q4 S4 S5
P4  : T  -0.21c W   4.62c S  -0.23c ( +0.5 L  +0.6) LCB  -45.18c P  1.25% WF   3.8 PSV       1 N       4  --  P4 P3 Q4 Q3
S4  : T   0.08c W   3.49c S  -0.35c ( +0.4 L  +0.4) LCB -149.05c P  1.77% WF   1.9 PSV       1 N       2  --  S4 S3
C5  : T   0.46c W   3.15c S  -0.38c ( +0.3 L  +0.5) LCB -148.78c P  1.29% WF   1.9 PSV       1 N       2  --  C5 D6

2025-11-16 16:21:55-0500: = C16
2025-11-16 16:21:55-0500: Controller: kata-set-param maxVisits 800
2025-11-16 16:21:55-0500: = 
2025-11-16 16:21:55-0500: Controller: kata-genmove_analyze b
2025-11-16 16:21:55-0500: =
2025-11-16 16:21:55-0500: MoveNum: 38 HASH: 37DABB676CB5DA63C3F7394B96F2C269
   A B C D E F G H J K L M N O P Q R S T
19 . . . . . . . . . . . . . . . . O . .
18 . . . . . . . . . . . . . . . O O O .
17 . . X2@ . X . O . . . . . O . X O X .
16 . . O3O . O . . . . . . . . . X O X .
15 . . . . . . . . . . . . . . . X O X .
14 . . X . . . . . . . . . . X . O X O .
13 . . . . . . . . . . . . . . . . X X .
12 . . . . . . . . . . . . . . . . . . .
11 . . . . . . . . . . . . . . . . . . .
10 . . . . . . . . . . . . . . . . . . .
 9 . . . . . . . . . . . . . . . . . . .
 8 . . . . . . . . . . . . . . . . . . .
 7 . . . . . . . . . . . . . . . . . . .
 6 . . X . . . . . . . . . . . . . O . .
 5 . . . . . . . . . . . . . . . . . . .
 4 . . . O . . X X . . . . . . . . X . .
 3 . . . . . O O . O1. . . . X . . . . .
 2 . . . . . . . . . . . . . . . . . . .
 1 . . . . . . . . . . . . . . . . . . .

koPOSITIONALscoreAREAtaxNONEsui1komi7.5
Time taken: 0.0356823
Root visits: 805
New playouts: 200
NN rows: 198
NN batches: 67
NN avg batch size: 2.95522
PV: D17 E16 E17 C12 C10 E12 Q8 C8 E6 E8 E10 G8
Tree:
: T -11.64c W -11.13c S  -0.36c ( -1.4 L  -1.1) N     805  --  D17 E16 E17 C12 C10 E12 Q8
---Black(^)---
D17 : T -11.18c W -10.79c S  -0.33c ( -1.3 L  -1.1) LCB  -12.91c P 72.23% WF 774.4 PSV     773 N     773  --  D17 E16 E17 C12 C10 E12 Q8 C8
G16 : T -22.16c W -18.26c S  -1.22c ( -2.5 L  -2.0) LCB  -31.58c P 11.34% WF  16.1 PSV      13 N      17  --  G16 G17 E16 F15 D17 E15 E17 B16
B16 : T -29.18c W -24.29c S  -1.66c ( -3.0 L  -2.3) LCB  -50.47c P  7.95% WF   5.6 PSV       6 N       6  --  B16 D17 B18 C18 B17
H3  : T -18.38c W -16.53c S  -0.97c ( -2.1 L  -1.6) LCB  -92.23c P  1.75% WF   2.9 PSV       2 N       3  --  H3 H2 D17
G17 : T -22.28c W -18.95c S  -1.22c ( -2.4 L  -2.1) LCB -171.44c P  0.86% WF   1.9 PSV       1 N       2  --  G17 D17
B17 : T -27.22c W -25.29c S  -1.93c ( -3.3 L  -2.6) LCB -377.22c P  0.89% WF   1.0 PSV       0 N       1  --  B17
B18 : T -32.48c W -30.11c S  -2.37c ( -3.9 L  -3.0) LCB -382.48c P  0.77% WF   0.9 PSV       0 N       1  --  B18
E16 : T -23.36c W -21.91c S  -1.45c ( -2.7 L  -2.4) LCB -373.36c P  0.76% WF   1.0 PSV       0 N       1  --  E16

2025-11-16 16:21:55-0500: play D17
2025-11-16 16:21:55-0500: Controller: genmove w
2025-11-16 16:21:55-0500: MoveNum: 39 HASH: F243AABF72910AAC541AF574782251AC
   A B C D E F G H J K L M N O P Q R S T
19 . . . . . . . . . . . . . . . . O . .
18 . . . . . . . . . . . . . . . O O O .
17 . . X1X3. X . O . . . . . O . X O X .
16 . . O2O @ O . . . . . . . . . X O X .
15 . . . . . . . . . . . . . . . X O X .
14 . . X . . . . . . . . . . X . O X O .
13 . . . . . . . . . . . . . . . . X X .
12 . . . . . . . . . . . . . . . . . . .
11 . . . . . . . . . . . . . . . . . . .
10 . . . . . . . . . . . . . . . . . . .
 9 . . . . . . . . . . . . . . . . . . .
 8 . . . . . . . . . . . . . . . . . . .
 7 . . . . . . . . . . . . . . . . . . .
 6 . . X . . . . . . . . . . . . . O . .
 5 . . . . . . . . . . . . . . . . . . .
 4 . . . O . . X X . . . . . . . . X . .
 3 . . . . . O O . O . . . . X . . . . .
 2 . . . . . . . . . . . . . . . . . . .
 1 . . . . . . . . . . . . . . . . . . .

koPOSITIONALscoreAREAtaxNONEsui1komi7.5
Time taken: 0.0105231
Root visits: 802
New playouts: 29
NN rows: 30
NN batches: 20
NN avg batch size: 1.5
PV: E16 E17 C12 C10 E12 Q8 R3 Q4 S4 S5 S3 R5 P2 O2
Tree:
: T  10.93c W  10.63c S   0.33c ( +1.3 L  +1.1) N     802  --  E16 E17 C12 C10 E12 Q8 R3
---White(^)---
E16 : T  12.06c W  11.58c S   0.44c ( +1.4 L  +1.2) LCB   10.26c P 23.82% WF 683.5 PSV     678 N     678  --  E16 E17 C12 C10 E12 Q8 R3 Q4
E17 : T   5.45c W   6.00c S  -0.15c ( +0.7 L  +0.6) LCB    1.30c P 60.36% WF  93.6 PSV      98 N      98  --  E17 E18 E16 F18 B16 B17 D11 E14
G17 : T -23.32c W -13.52c S  -2.19c ( -1.9 L  -1.1) LCB  -71.15c P 10.13% WF   3.5 PSV       4 N       4  --  G17 E16 E15 E17
B17 : T   4.95c W   4.63c S  -0.29c ( +0.5 L  +0.6) LCB   -6.18c P  1.97% WF  18.4 PSV       3 N      19  --  B17 B18 E17 E18 E16 F18
Q4  : T  -0.43c W   1.30c S  -0.64c ( +0.1 L  +0.2) LCB -149.50c P  1.16% WF   1.9 PSV       1 N       2  --  Q4 Q3

2025-11-16 16:21:55-0500: = E16
2025-11-16 16:21:55-0500: Controller: final_score
2025-11-16 16:21:55-0500: = W+1.5
2025-11-16 16:21:55-0500: Controller: quit
2025-11-16 16:21:55-0500: Quit requested by controller
2025-11-16 16:21:55-0500: = 
2025-11-16 16:21:55-0500: GPU 7 finishing, processed 11079 rows 3797 batches
2025-11-16 16:21:55-0500: All cleaned up, quitting
