2025-11-16 14:02:17-0500: Running with following config:
conservativePass = true
lagBuffer = 1.0
logAllGTPCommunication = true
logDir = gtp_logs
logSearchInfo = true
logToStderr = false
maxVisits = 800
nnCacheSizePowerOfTwo = 20
nnMutexPoolSizePowerOfTwo = 16
numSearchThreads = 6
openclGpuToUse = 7
ponderingEnabled = false
preventCleanupPhase = true
rootSymmetryPruning = true
rules = tromp-taylor
searchFactorAfterOnePass = 0.50
searchFactorAfterTwoPass = 0.25
searchFactorWhenWinning = 0.40
searchFactorWhenWinningThreshold = 0.95

2025-11-16 14:02:17-0500: GTP Engine starting...
2025-11-16 14:02:17-0500: KataGo v1.16.4
2025-11-16 14:02:17-0500: Using TrompTaylor rules initially, unless GTP/GUI overrides this
2025-11-16 14:02:17-0500: Using 6 CPU thread(s) for search
2025-11-16 14:02:17-0500: nnRandSeed0 = 17564307732400116286
2025-11-16 14:02:17-0500: After dedups: nnModelFile0 = /scratch2/f004ndc/AlphaGo Project/KataGo/models/g170e-b10c128-s1141046784-d204142634.bin.gz useFP16 auto useNHWC auto
2025-11-16 14:02:17-0500: Initializing neural net buffer to be size 19 * 19 exactly
2025-11-16 14:02:18-0500: Found OpenCL Platform 0: NVIDIA CUDA (NVIDIA Corporation) (OpenCL 3.0 CUDA 12.8.98)
2025-11-16 14:02:18-0500: Found 8 device(s) on platform 0 with type CPU or GPU or Accelerator
2025-11-16 14:02:18-0500: Found OpenCL Device 0: NVIDIA RTX 6000 Ada Generation (NVIDIA Corporation) (score 11000300)
2025-11-16 14:02:18-0500: Found OpenCL Device 1: NVIDIA RTX 6000 Ada Generation (NVIDIA Corporation) (score 11000300)
2025-11-16 14:02:18-0500: Found OpenCL Device 2: NVIDIA RTX 6000 Ada Generation (NVIDIA Corporation) (score 11000300)
2025-11-16 14:02:18-0500: Found OpenCL Device 3: NVIDIA RTX 6000 Ada Generation (NVIDIA Corporation) (score 11000300)
2025-11-16 14:02:18-0500: Found OpenCL Device 4: NVIDIA RTX 6000 Ada Generation (NVIDIA Corporation) (score 11000300)
2025-11-16 14:02:18-0500: Found OpenCL Device 5: NVIDIA RTX 6000 Ada Generation (NVIDIA Corporation) (score 11000300)
2025-11-16 14:02:18-0500: Found OpenCL Device 6: NVIDIA RTX 6000 Ada Generation (NVIDIA Corporation) (score 11000300)
2025-11-16 14:02:18-0500: Found OpenCL Device 7: NVIDIA RTX 6000 Ada Generation (NVIDIA Corporation) (score 11000300)
2025-11-16 14:02:18-0500: Creating context for OpenCL Platform: NVIDIA CUDA (NVIDIA Corporation) (OpenCL 3.0 CUDA 12.8.98)
2025-11-16 14:02:19-0500: Using OpenCL Device 7: NVIDIA RTX 6000 Ada Generation (NVIDIA Corporation) OpenCL 3.0 CUDA (Extensions: cl_khr_global_int32_base_atomics cl_khr_global_int32_extended_atomics cl_khr_local_int32_base_atomics cl_khr_local_int32_extended_atomics cl_khr_fp64 cl_khr_3d_image_writes cl_khr_byte_addressable_store cl_khr_icd cl_khr_gl_sharing cl_nv_compiler_options cl_nv_device_attribute_query cl_nv_pragma_unroll cl_nv_copy_opts cl_khr_gl_event cl_nv_create_buffer cl_khr_int64_base_atomics cl_khr_int64_extended_atomics cl_nv_kernel_attribute cl_khr_device_uuid cl_khr_pci_bus_info cl_khr_external_semaphore cl_khr_external_memory cl_khr_external_semaphore_opaque_fd cl_khr_external_memory_opaque_fd cl_khr_semaphore)
2025-11-16 14:02:19-0500: Loaded tuning parameters from: /thayerfs/home/f004ndc/.katago/opencltuning/tune11_gpuNVIDIARTX6000AdaGeneration_x19_y19_c128_mv8.txt
2025-11-16 14:02:19-0500: OpenCL backend thread 0: Device 7 Model version 8
2025-11-16 14:02:19-0500: OpenCL backend thread 0: Device 7 Model name: g170-b10c128-s1141046784-d204142634
2025-11-16 14:02:20-0500: OpenCL backend thread 0: Device 7 FP16Storage true FP16Compute false FP16TensorCores true FP16TensorCoresFor1x1 false
2025-11-16 14:02:20-0500: Loaded neural net with nnXLen 19 nnYLen 19
2025-11-16 14:02:20-0500: Initializing board with boardXSize 19 boardYSize 19
2025-11-16 14:02:20-0500: Loaded config /scratch2/f004ndc/AlphaGo Project/KataGo/configs/gtp_800visits.cfg
2025-11-16 14:02:20-0500: Loaded model /scratch2/f004ndc/AlphaGo Project/KataGo/models/g170e-b10c128-s1141046784-d204142634.bin.gz
2025-11-16 14:02:20-0500: Model name: g170-b10c128-s1141046784-d204142634
2025-11-16 14:02:20-0500: GTP ready, beginning main protocol loop
2025-11-16 14:02:20-0500: Controller: boardsize 19
2025-11-16 14:02:20-0500: = 
2025-11-16 14:02:20-0500: Controller: clear_board
2025-11-16 14:02:20-0500: = 
2025-11-16 14:02:20-0500: Controller: komi 7.5
2025-11-16 14:02:20-0500: = 
2025-11-16 14:02:20-0500: Controller: genmove black
2025-11-16 14:02:21-0500: MoveNum: 0 HASH: CDCBC1F514D7E680FACD226074256633
   A B C D E F G H J K L M N O P Q R S T
19 . . . . . . . . . . . . . . . . . . .
18 . . . . . . . . . . . . . . . . . . .
17 . . . . . . . . . . . . . . . . . . .
16 . . . . . . . . . . . . . . . . @ . .
15 . . . . . . . . . . . . . . . . . . .
14 . . . . . . . . . . . . . . . . . . .
13 . . . . . . . . . . . . . . . . . . .
12 . . . . . . . . . . . . . . . . . . .
11 . . . . . . . . . . . . . . . . . . .
10 . . . . . . . . . . . . . . . . . . .
 9 . . . . . . . . . . . . . . . . . . .
 8 . . . . . . . . . . . . . . . . . . .
 7 . . . . . . . . . . . . . . . . . . .
 6 . . . . . . . . . . . . . . . . . . .
 5 . . . . . . . . . . . . . . . . . . .
 4 . . . . . . . . . . . . . . . . . . .
 3 . . . . . . . . . . . . . . . . . . .
 2 . . . . . . . . . . . . . . . . . . .
 1 . . . . . . . . . . . . . . . . . . .

koPOSITIONALscoreAREAtaxNONEsui1komi7.5
Time taken: 1.03234
Root visits: 805
New playouts: 805
NN rows: 640
NN batches: 215
NN avg batch size: 2.97674
PV: R16 D16 R4 D4 O17 P4 P3
Tree:
: T  -7.97c W  -7.66c S  -0.13c ( -1.1 L  -0.8) N     805  --  R16 D16 R4 D4 O17 P4 P3
---Black(^)---
R16 : T  -7.19c W  -6.95c S  -0.04c ( -1.0 L  -0.8) LCB   -8.07c P  4.77% WF 257.6 PSV     331 N     256  --  R16 D16 R4 D4 O17 P4 P3
Q16 : T  -8.23c W  -7.68c S  -0.11c ( -1.1 L  -0.8) LCB   -9.07c P 13.90% WF 212.4 PSV     106 N     213  --  Q16 D4 R4 D16 O3 R17 Q17 R16
R15 : T  -8.01c W  -7.76c S  -0.13c ( -1.1 L  -0.9) LCB   -9.17c P  0.42% WF 162.4 PSV       3 N     164  --  R15 Q4 Q17 D17 D3 D5 C5
Q15 : T  -8.17c W  -8.12c S  -0.18c ( -1.2 L  -0.9) LCB   -9.53c P  0.44% WF 126.9 PSV       3 N     130  --  Q15 Q4 D16 D4 Q17 C17 D17 C16
R17 : T  -9.53c W  -9.20c S  -0.33c ( -1.4 L  -1.0) LCB  -12.58c P  0.65% WF  30.7 PSV       2 N      31  --  R17 D4 Q4 D16 C17 C16
Q14 : T -13.82c W -12.71c S  -1.11c ( -2.3 L  -1.8) LCB -163.01c P  0.07% WF   2.0 PSV       0 N       2  --  Q14 Q16
R14 : T -13.75c W -12.47c S  -1.28c ( -2.6 L  -1.9) LCB -363.75c P  0.07% WF   1.0 PSV       0 N       1  --  R14
R13 : T -14.21c W -12.87c S  -1.34c ( -2.6 L  -1.9) LCB -364.21c P  0.04% WF   1.0 PSV       0 N       1  --  R13
Q11 : T -14.08c W -12.78c S  -1.30c ( -2.6 L  -1.9) LCB -364.08c P  0.03% WF   1.0 PSV       0 N       1  --  Q11
Q10 : T -12.87c W -11.76c S  -1.11c ( -2.4 L  -1.7) LCB -362.87c P  0.03% WF   1.0 PSV       0 N       1  --  Q10

2025-11-16 14:02:21-0500: = R16
2025-11-16 14:02:21-0500: Controller: quit
2025-11-16 14:02:21-0500: Quit requested by controller
2025-11-16 14:02:21-0500: = 
2025-11-16 14:02:21-0500: GPU 7 finishing, processed 640 rows 215 batches
2025-11-16 14:02:21-0500: All cleaned up, quitting
