2025-11-16 15:26:24-0500: Running with following config:
conservativePass = true
lagBuffer = 1.0
logAllGTPCommunication = true
logDir = gtp_logs
logSearchInfo = true
logToStderr = false
maxVisits = 800
nnCacheSizePowerOfTwo = 20
nnMutexPoolSizePowerOfTwo = 16
numSearchThreads = 6
openclGpuToUse = 7
ponderingEnabled = false
preventCleanupPhase = true
rootSymmetryPruning = true
rules = tromp-taylor
searchFactorAfterOnePass = 0.50
searchFactorAfterTwoPass = 0.25
searchFactorWhenWinning = 0.40
searchFactorWhenWinningThreshold = 0.95

2025-11-16 15:26:24-0500: GTP Engine starting...
2025-11-16 15:26:24-0500: KataGo v1.16.4
2025-11-16 15:26:24-0500: Using TrompTaylor rules initially, unless GTP/GUI overrides this
2025-11-16 15:26:24-0500: Using 6 CPU thread(s) for search
2025-11-16 15:26:24-0500: nnRandSeed0 = 15620916260839760683
2025-11-16 15:26:24-0500: After dedups: nnModelFile0 = /scratch2/f004ndc/AlphaGo Project/KataGo/models/g170e-b10c128-s1141046784-d204142634.bin.gz useFP16 auto useNHWC auto
2025-11-16 15:26:24-0500: Initializing neural net buffer to be size 19 * 19 exactly
2025-11-16 15:26:25-0500: Found OpenCL Platform 0: NVIDIA CUDA (NVIDIA Corporation) (OpenCL 3.0 CUDA 12.8.98)
2025-11-16 15:26:25-0500: Found 8 device(s) on platform 0 with type CPU or GPU or Accelerator
2025-11-16 15:26:25-0500: Found OpenCL Device 0: NVIDIA RTX 6000 Ada Generation (NVIDIA Corporation) (score 11000300)
2025-11-16 15:26:25-0500: Found OpenCL Device 1: NVIDIA RTX 6000 Ada Generation (NVIDIA Corporation) (score 11000300)
2025-11-16 15:26:25-0500: Found OpenCL Device 2: NVIDIA RTX 6000 Ada Generation (NVIDIA Corporation) (score 11000300)
2025-11-16 15:26:25-0500: Found OpenCL Device 3: NVIDIA RTX 6000 Ada Generation (NVIDIA Corporation) (score 11000300)
2025-11-16 15:26:25-0500: Found OpenCL Device 4: NVIDIA RTX 6000 Ada Generation (NVIDIA Corporation) (score 11000300)
2025-11-16 15:26:25-0500: Found OpenCL Device 5: NVIDIA RTX 6000 Ada Generation (NVIDIA Corporation) (score 11000300)
2025-11-16 15:26:25-0500: Found OpenCL Device 6: NVIDIA RTX 6000 Ada Generation (NVIDIA Corporation) (score 11000300)
2025-11-16 15:26:25-0500: Found OpenCL Device 7: NVIDIA RTX 6000 Ada Generation (NVIDIA Corporation) (score 11000300)
2025-11-16 15:26:25-0500: Creating context for OpenCL Platform: NVIDIA CUDA (NVIDIA Corporation) (OpenCL 3.0 CUDA 12.8.98)
2025-11-16 15:26:25-0500: Using OpenCL Device 7: NVIDIA RTX 6000 Ada Generation (NVIDIA Corporation) OpenCL 3.0 CUDA (Extensions: cl_khr_global_int32_base_atomics cl_khr_global_int32_extended_atomics cl_khr_local_int32_base_atomics cl_khr_local_int32_extended_atomics cl_khr_fp64 cl_khr_3d_image_writes cl_khr_byte_addressable_store cl_khr_icd cl_khr_gl_sharing cl_nv_compiler_options cl_nv_device_attribute_query cl_nv_pragma_unroll cl_nv_copy_opts cl_khr_gl_event cl_nv_create_buffer cl_khr_int64_base_atomics cl_khr_int64_extended_atomics cl_nv_kernel_attribute cl_khr_device_uuid cl_khr_pci_bus_info cl_khr_external_semaphore cl_khr_external_memory cl_khr_external_semaphore_opaque_fd cl_khr_external_memory_opaque_fd cl_khr_semaphore)
2025-11-16 15:26:25-0500: Loaded tuning parameters from: /thayerfs/home/f004ndc/.katago/opencltuning/tune11_gpuNVIDIARTX6000AdaGeneration_x19_y19_c128_mv8.txt
2025-11-16 15:26:26-0500: OpenCL backend thread 0: Device 7 Model version 8
2025-11-16 15:26:26-0500: OpenCL backend thread 0: Device 7 Model name: g170-b10c128-s1141046784-d204142634
2025-11-16 15:26:26-0500: OpenCL backend thread 0: Device 7 FP16Storage true FP16Compute false FP16TensorCores true FP16TensorCoresFor1x1 false
2025-11-16 15:26:26-0500: Loaded neural net with nnXLen 19 nnYLen 19
2025-11-16 15:26:26-0500: Initializing board with boardXSize 19 boardYSize 19
2025-11-16 15:26:26-0500: Loaded config /scratch2/f004ndc/AlphaGo Project/KataGo/configs/gtp_800visits.cfg
2025-11-16 15:26:26-0500: Loaded model /scratch2/f004ndc/AlphaGo Project/KataGo/models/g170e-b10c128-s1141046784-d204142634.bin.gz
2025-11-16 15:26:26-0500: Model name: g170-b10c128-s1141046784-d204142634
2025-11-16 15:26:26-0500: GTP ready, beginning main protocol loop
2025-11-16 15:26:26-0500: Controller: boardsize 19
2025-11-16 15:26:26-0500: = 
2025-11-16 15:26:26-0500: Controller: clear_board
2025-11-16 15:26:26-0500: = 
2025-11-16 15:26:26-0500: Controller: komi 7.5
2025-11-16 15:26:26-0500: = 
2025-11-16 15:26:26-0500: Controller: genmove b
2025-11-16 15:26:28-0500: MoveNum: 0 HASH: CDCBC1F514D7E680FACD226074256633
   A B C D E F G H J K L M N O P Q R S T
19 . . . . . . . . . . . . . . . . . . .
18 . . . . . . . . . . . . . . . . . . .
17 . . . . . . . . . . . . . . . . . . .
16 . . . . . . . . . . . . . . . . @ . .
15 . . . . . . . . . . . . . . . . . . .
14 . . . . . . . . . . . . . . . . . . .
13 . . . . . . . . . . . . . . . . . . .
12 . . . . . . . . . . . . . . . . . . .
11 . . . . . . . . . . . . . . . . . . .
10 . . . . . . . . . . . . . . . . . . .
 9 . . . . . . . . . . . . . . . . . . .
 8 . . . . . . . . . . . . . . . . . . .
 7 . . . . . . . . . . . . . . . . . . .
 6 . . . . . . . . . . . . . . . . . . .
 5 . . . . . . . . . . . . . . . . . . .
 4 . . . . . . . . . . . . . . . . . . .
 3 . . . . . . . . . . . . . . . . . . .
 2 . . . . . . . . . . . . . . . . . . .
 1 . . . . . . . . . . . . . . . . . . .

koPOSITIONALscoreAREAtaxNONEsui1komi7.5
Time taken: 2.47887
Root visits: 805
New playouts: 805
NN rows: 632
NN batches: 212
NN avg batch size: 2.98113
PV: R16 Q4 D17 D3 C14 C6 O17
Tree:
: T  -7.67c W  -7.53c S  -0.11c ( -1.1 L  -0.8) N     805  --  R16 Q4 D17 D3 C14 C6 O17
---Black(^)---
R16 : T  -7.14c W  -7.02c S  -0.05c ( -1.0 L  -0.8) LCB   -7.94c P  4.19% WF 304.3 PSV     425 N     303  --  R16 Q4 D17 D3 C14 C6 O17
Q16 : T  -7.55c W  -7.36c S  -0.08c ( -1.0 L  -0.8) LCB   -8.53c P 12.01% WF 235.1 PSV     208 N     235  --  Q16 D16 D4 Q4 C17 D17 C16
Q15 : T  -7.77c W  -7.83c S  -0.14c ( -1.1 L  -0.9) LCB   -9.18c P  0.40% WF 137.4 PSV       4 N     140  --  Q15 D16 Q17 Q4 D4 C3 C4 D3
R15 : T  -8.73c W  -8.43c S  -0.22c ( -1.2 L  -0.9) LCB  -10.55c P  0.31% WF  74.2 PSV       1 N      79  --  R15 D16 Q17 Q4 D4 C3 D3 C4
R17 : T  -9.83c W  -9.30c S  -0.36c ( -1.4 L  -1.0) LCB  -13.07c P  0.51% WF  28.6 PSV       1 N      29  --  R17 D4 Q4 D16 C17
R14 : T  -9.75c W  -9.86c S  -0.59c ( -1.7 L  -1.3) LCB  -17.40c P  0.08% WF  16.4 PSV       0 N      18  --  R14 R16 P17 Q15 Q4

2025-11-16 15:26:28-0500: = R16
2025-11-16 15:26:29-0500: Controller: genmove w
2025-11-16 15:26:29-0500: MoveNum: 1 HASH: 48315B528346F7FF166D01D0584718A4
   A B C D E F G H J K L M N O P Q R S T
19 . . . . . . . . . . . . . . . . . . .
18 . . . . . . . . . . . . . . . . . . .
17 . . . . . . . . . . . . . . . . . . .
16 . . . . . . . . . . . . . . . . X1. .
15 . . . . . . . . . . . . . . . . . . .
14 . . . . . . . . . . . . . . . . . . .
13 . . . . . . . . . . . . . . . . . . .
12 . . . . . . . . . . . . . . . . . . .
11 . . . . . . . . . . . . . . . . . . .
10 . . . . . . . . . . . . . . . . . . .
 9 . . . . . . . . . . . . . . . . . . .
 8 . . . . . . . . . . . . . . . . . . .
 7 . . . . . . . . . . . . . . . . . . .
 6 . . . . . . . . . . . . . . . . . . .
 5 . . . . . . . . . . . . . . . . . . .
 4 . . . . . . . . . . . . . . . . . . .
 3 . . . @ . . . . . . . . . . . . . . .
 2 . . . . . . . . . . . . . . . . . . .
 1 . . . . . . . . . . . . . . . . . . .

koPOSITIONALscoreAREAtaxNONEsui1komi7.5
Time taken: 0.255483
Root visits: 805
New playouts: 502
NN rows: 308
NN batches: 104
NN avg batch size: 2.96154
PV: C16 D4 Q4 E17 D14 R3 Q3
Tree:
: T   7.35c W   7.01c S   0.25c ( +1.0 L  +0.8) N     805  --  C16 D4 Q4 E17 D14 R3 Q3
---White(^)---
C16 : T   8.31c W   7.69c S   0.34c ( +1.1 L  +0.8) LCB    6.78c P  5.13% WF  79.5 PSV     259 N      79  --  C16 D4 Q4 E17 D14 R3 Q3
D16 : T   7.47c W   6.98c S   0.25c ( +1.0 L  +0.7) LCB    6.27c P 21.83% WF 140.1 PSV     140 N     140  --  D16 Q3 C4 O17 F3 R6 F17
D4  : T   6.85c W   6.68c S   0.22c ( +0.9 L  +0.7) LCB    5.68c P 21.74% WF 137.5 PSV      97 N     138  --  D4 C16 R4 O17 E16 E17
Q4  : T   6.81c W   6.51c S   0.19c ( +0.9 L  +0.7) LCB    5.68c P 18.67% WF 127.5 PSV      82 N     128  --  Q4 C16 C4 F17 P17 Q14 F3
D17 : T   8.02c W   7.49c S   0.31c ( +1.1 L  +0.8) LCB    6.61c P  5.01% WF 104.5 PSV      53 N     104  --  D17 D4 Q4 C15 F16 O17 C3
D3  : T   7.31c W   7.08c S   0.27c ( +1.0 L  +0.8) LCB    5.53c P  5.41% WF  64.0 PSV      31 N      64  --  D3 C16 Q4 F17 C6 O17 R6
R4  : T   7.45c W   7.26c S   0.28c ( +1.0 L  +0.8) LCB    5.73c P  4.12% WF  61.0 PSV      26 N      61  --  R4 C16 D4 O17 E16 E17
C4  : T   7.21c W   7.13c S   0.27c ( +1.0 L  +0.8) LCB    5.47c P  4.12% WF  54.0 PSV      22 N      54  --  C4 C16 Q4 F17 P17 Q14 F3
Q3  : T   7.01c W   6.76c S   0.22c ( +0.9 L  +0.7) LCB    4.79c P  3.58% WF  35.9 PSV      17 N      36  --  Q3 D16 D4 Q5 R5 R6

2025-11-16 15:26:29-0500: = D3
2025-11-16 15:26:29-0500: Controller: genmove b
2025-11-16 15:26:29-0500: MoveNum: 2 HASH: 3B607B5C6E43ADE0FF1B6D9901CBD479
   A B C D E F G H J K L M N O P Q R S T
19 . . . . . . . . . . . . . . . . . . .
18 . . . . . . . . . . . . . . . . . . .
17 . . . @ . . . . . . . . . . . . . . .
16 . . . . . . . . . . . . . . . . X1. .
15 . . . . . . . . . . . . . . . . . . .
14 . . . . . . . . . . . . . . . . . . .
13 . . . . . . . . . . . . . . . . . . .
12 . . . . . . . . . . . . . . . . . . .
11 . . . . . . . . . . . . . . . . . . .
10 . . . . . . . . . . . . . . . . . . .
 9 . . . . . . . . . . . . . . . . . . .
 8 . . . . . . . . . . . . . . . . . . .
 7 . . . . . . . . . . . . . . . . . . .
 6 . . . . . . . . . . . . . . . . . . .
 5 . . . . . . . . . . . . . . . . . . .
 4 . . . . . . . . . . . . . . . . . . .
 3 . . . O2. . . . . . . . . . . . . . .
 2 . . . . . . . . . . . . . . . . . . .
 1 . . . . . . . . . . . . . . . . . . .

koPOSITIONALscoreAREAtaxNONEsui1komi7.5
Time taken: 0.542137
Root visits: 805
New playouts: 741
NN rows: 661
NN batches: 221
NN avg batch size: 2.99095
PV: D17 Q4 C14 C6 O17 R6 Q7 Q6 O7
Tree:
: T  -7.29c W  -7.12c S  -0.25c ( -1.0 L  -0.8) N     805  --  D17 Q4 C14 C6 O17 R6 Q7
---Black(^)---
D17 : T  -6.19c W  -6.42c S  -0.16c ( -0.9 L  -0.7) LCB   -7.43c P  8.20% WF 153.2 PSV     234 N     152  --  D17 Q4 C14 C6 O17 R6 Q7 Q6
D16 : T  -7.11c W  -7.18c S  -0.25c ( -1.0 L  -0.8) LCB   -8.39c P 15.53% WF 131.1 PSV     101 N     131  --  D16 Q4 D5 C5 C6 C4 D6 F3
Q3  : T  -6.72c W  -6.68c S  -0.19c ( -0.9 L  -0.7) LCB   -7.88c P  9.17% WF 144.5 PSV      83 N     144  --  Q3 D16 O17 Q5 R5 R6 R4 Q6
C16 : T  -7.23c W  -6.94c S  -0.22c ( -1.0 L  -0.7) LCB   -8.52c P  9.89% WF 149.0 PSV      59 N     149  --  C16 R4 C5 F4 O17 O3 F17 C8
Q4  : T  -8.42c W  -8.01c S  -0.34c ( -1.1 L  -0.9) LCB   -9.91c P 15.12% WF  73.4 PSV      51 N      74  --  Q4 D17 C5 F4 D15 C15
R4  : T  -8.31c W  -8.14c S  -0.37c ( -1.1 L  -0.9) LCB  -10.25c P  8.66% WF  56.6 PSV      30 N      57  --  R4 C16 O3 P17 Q14 F17 D5
O17 : T  -8.24c W  -7.59c S  -0.30c ( -1.0 L  -0.8) LCB  -10.08c P  5.50% WF  37.8 PSV      19 N      38  --  O17 D16 Q3 Q5 R5 R6 R4 Q6
D4  : T  -8.40c W  -7.27c S  -0.35c ( -1.1 L  -0.9) LCB  -12.35c P  2.95% WF  19.9 PSV      10 N      20  --  D4 C4 E3 D5 E4 C3 E5 D6
C5  : T  -8.51c W  -8.00c S  -0.41c ( -1.2 L  -0.9) LCB  -14.54c P  1.90% WF  10.9 PSV       6 N      11  --  C5 Q4 D16 F4 O17 C17 C16 D17
O16 : T  -9.70c W  -8.48c S  -0.41c ( -1.2 L  -0.9) LCB  -21.77c P  2.64% WF   7.9 PSV       6 N       8  --  O16 D16 Q4 C6

2025-11-16 15:26:29-0500: = D17
2025-11-16 15:26:29-0500: Controller: genmove w
2025-11-16 15:26:30-0500: MoveNum: 3 HASH: FEF96A8470677D2F68F6A1A6EF1B47BC
   A B C D E F G H J K L M N O P Q R S T
19 . . . . . . . . . . . . . . . . . . .
18 . . . . . . . . . . . . . . . . . . .
17 . . . X3. . . . . . . . . . . . . . .
16 . . . . . . . . . . . . . . . . X1. .
15 . . . . . . . . . . . . . . . . . . .
14 . . . . . . . . . . . . . . . . . . .
13 . . . . . . . . . . . . . . . . . . .
12 . . . . . . . . . . . . . . . . . . .
11 . . . . . . . . . . . . . . . . . . .
10 . . . . . . . . . . . . . . . . . . .
 9 . . . . . . . . . . . . . . . . . . .
 8 . . . . . . . . . . . . . . . . . . .
 7 . . . . . . . . . . . . . . . . . . .
 6 . . . . . . . . . . . . . . . . . . .
 5 . . . . . . . . . . . . . . . . . . .
 4 . . . . . . . . . . . . . . . @ . . .
 3 . . . O2. . . . . . . . . . . . . . .
 2 . . . . . . . . . . . . . . . . . . .
 1 . . . . . . . . . . . . . . . . . . .

koPOSITIONALscoreAREAtaxNONEsui1komi7.5
Time taken: 0.515179
Root visits: 805
New playouts: 653
NN rows: 620
NN batches: 208
NN avg batch size: 2.98077
PV: Q4 C5 D15 C15 C14 C16 D14 F16 C9 E4 E3 F4
Tree:
: T   7.18c W   6.78c S   0.25c ( +0.9 L  +0.7) N     805  --  Q4 C5 D15 C15 C14 C16 D14
---White(^)---
Q4  : T   7.55c W   6.95c S   0.28c ( +0.9 L  +0.7) LCB    6.62c P 38.41% WF 331.1 PSV     343 N     330  --  Q4 C5 D15 C15 C14 C16 D14 F16
R4  : T   7.06c W   6.72c S   0.24c ( +0.9 L  +0.7) LCB    6.04c P 29.22% WF 276.6 PSV     173 N     277  --  R4 D5 C5 C6 C4 D6 F4 C14
Q3  : T   6.76c W   6.60c S   0.23c ( +0.9 L  +0.7) LCB    5.69c P 23.30% WF 196.3 PSV     116 N     197  --  Q3 Q5 R5 R6 R4 Q6 O4 Q10

2025-11-16 15:26:30-0500: = Q4
2025-11-16 15:26:30-0500: Controller: genmove b
2025-11-16 15:26:30-0500: MoveNum: 4 HASH: 0055DC192589A0DE7569986D479153C9
   A B C D E F G H J K L M N O P Q R S T
19 . . . . . . . . . . . . . . . . . . .
18 . . . . . . . . . . . . . . . . . . .
17 . . . X2. . . . . . . . . . . . . . .
16 . . . . . . . . . . . . . . . . X . .
15 . . . . . . . . . . . . . . . . . . .
14 . . . . . . . . . . . . . . . . . . .
13 . . . . . . . . . . . . . . . . . . .
12 . . . . . . . . . . . . . . . . . . .
11 . . . . . . . . . . . . . . . . . . .
10 . . . . . . . . . . . . . . . . . . .
 9 . . . . . . . . . . . . . . . . . . .
 8 . . . . . . . . . . . . . . . . . . .
 7 . . . . . . . . . . . . . . . . . . .
 6 . . . . . . . . . . . . . . . . . . .
 5 . . @ . . . . . . . . . . . . . . . .
 4 . . . . . . . . . . . . . . . O3. . .
 3 . . . O1. . . . . . . . . . . . . . .
 2 . . . . . . . . . . . . . . . . . . .
 1 . . . . . . . . . . . . . . . . . . .

koPOSITIONALscoreAREAtaxNONEsui1komi7.5
Time taken: 0.365138
Root visits: 805
New playouts: 475
NN rows: 448
NN batches: 150
NN avg batch size: 2.98667
PV: C5 P17 E4 E3 F4 G3 Q14 D15 C15 C14
Tree:
: T  -7.77c W  -7.16c S  -0.27c ( -1.0 L  -0.7) N     805  --  C5 P17 E4 E3 F4 G3 Q14
---Black(^)---
C5  : T  -6.77c W  -6.43c S  -0.20c ( -0.9 L  -0.7) LCB   -7.98c P 12.28% WF 221.7 PSV     426 N     220  --  C5 P17 E4 E3 F4 G3 Q14 D15
C14 : T  -7.47c W  -7.03c S  -0.25c ( -0.9 L  -0.7) LCB   -8.49c P 23.22% WF 229.4 PSV     229 N     229  --  C14 C6 O17 R6 Q7 Q10 R7 Q6
D5  : T  -7.99c W  -6.85c S  -0.22c ( -0.9 L  -0.7) LCB   -9.50c P 17.25% WF 167.5 PSV     111 N     168  --  D5 C5 C6 C4 D6 F4 D10 P16
O17 : T  -9.65c W  -8.89c S  -0.45c ( -1.2 L  -0.9) LCB  -11.79c P 11.49% WF  43.5 PSV      34 N      44  --  O17 C15 F16 C6 R3 Q3 R4 R6
R3  : T -10.12c W  -9.37c S  -0.55c ( -1.3 L  -0.9) LCB  -12.65c P 12.04% WF  36.5 PSV      31 N      37  --  R3 Q3 R4 R6 R5 Q5 S6 D15
D14 : T  -8.57c W  -8.08c S  -0.37c ( -1.1 L  -0.8) LCB  -10.38c P  5.71% WF  38.8 PSV      26 N      39  --  D14 C6 O17 R6 Q7 R7 Q9 C12
D15 : T  -8.30c W  -7.97c S  -0.37c ( -1.1 L  -0.8) LCB  -10.90c P  4.12% WF  33.9 PSV      21 N      34  --  D15 P16 P17 O17 Q17 O16 R14 K16
C15 : T  -7.44c W  -7.00c S  -0.26c ( -1.0 L  -0.7) LCB  -15.20c P  1.26% WF  11.0 PSV      11 N      11  --  C15 C6 O17 R6 Q7 R7
P16 : T  -9.22c W  -8.02c S  -0.37c ( -1.1 L  -0.8) LCB  -14.85c P  2.84% WF  12.9 PSV       9 N      13  --  P16 C15 F16 C6 R3
O16 : T -10.51c W  -9.02c S  -0.49c ( -1.2 L  -0.9) LCB  -19.68c P  3.14% WF   8.9 PSV       7 N       9  --  O16 D15 C15 C14 C16

2025-11-16 15:26:30-0500: = C5
2025-11-16 15:26:30-0500: Controller: genmove w
2025-11-16 15:26:31-0500: MoveNum: 5 HASH: 7609B7BB9372E98AE3B6D1DC578793D3
   A B C D E F G H J K L M N O P Q R S T
19 . . . . . . . . . . . . . . . . . . .
18 . . . . . . . . . . . . . . . . . . .
17 . . . X1. . . . . . . . . . @ . . . .
16 . . . . . . . . . . . . . . . . X . .
15 . . . . . . . . . . . . . . . . . . .
14 . . . . . . . . . . . . . . . . . . .
13 . . . . . . . . . . . . . . . . . . .
12 . . . . . . . . . . . . . . . . . . .
11 . . . . . . . . . . . . . . . . . . .
10 . . . . . . . . . . . . . . . . . . .
 9 . . . . . . . . . . . . . . . . . . .
 8 . . . . . . . . . . . . . . . . . . .
 7 . . . . . . . . . . . . . . . . . . .
 6 . . . . . . . . . . . . . . . . . . .
 5 . . X3. . . . . . . . . . . . . . . .
 4 . . . . . . . . . . . . . . . O2. . .
 3 . . . O . . . . . . . . . . . . . . .
 2 . . . . . . . . . . . . . . . . . . .
 1 . . . . . . . . . . . . . . . . . . .

koPOSITIONALscoreAREAtaxNONEsui1komi7.5
Time taken: 0.447316
Root visits: 805
New playouts: 585
NN rows: 537
NN batches: 180
NN avg batch size: 2.98333
PV: P17 E4 E3 F4 G3 Q15 D15 C15 C14 C16 D14 F16 C10
Tree:
: T   7.12c W   6.76c S   0.26c ( +0.9 L  +0.7) N     805  --  P17 E4 E3 F4 G3 Q15 D15
---White(^)---
P17 : T   8.30c W   7.46c S   0.33c ( +1.0 L  +0.8) LCB    6.83c P  5.36% WF 148.3 PSV     475 N     147  --  P17 E4 E3 F4 G3 Q15 D15 C15
F4  : T   6.76c W   6.53c S   0.23c ( +0.9 L  +0.6) LCB    5.44c P 28.85% WF 164.8 PSV     165 N     166  --  F4 C14 P17 Q14 M17 R3 Q3 R4
D15 : T   7.79c W   7.62c S   0.35c ( +1.0 L  +0.8) LCB    6.08c P 12.75% WF 156.8 PSV     156 N     156  --  D15 E4 E3 F4 G3 C12 C17 C18
P16 : T   6.45c W   6.18c S   0.20c ( +0.8 L  +0.6) LCB    4.73c P 13.95% WF 115.4 PSV      68 N     116  --  P16 P17 O17 Q17 O16 Q14 K16 C14
C15 : T   7.13c W   6.83c S   0.27c ( +0.9 L  +0.7) LCB    5.59c P  8.60% WF 117.7 PSV      63 N     118  --  C15 E4 E3 F4 G3 F16 P17 Q14
E4  : T   6.21c W   5.71c S   0.14c ( +0.8 L  +0.6) LCB    4.17c P 13.90% WF  83.4 PSV      60 N      84  --  E4 C14 P16 P17 O17 Q17 O16 R14
C4  : T   3.32c W   3.42c S  -0.12c ( +0.4 L  +0.4) LCB   -3.22c P  5.54% WF  11.8 PSV      10 N      12  --  C4 D5 F3 C14 P17 Q14
C7  : T   2.81c W   3.48c S  -0.10c ( +0.5 L  +0.4) LCB  -26.79c P  2.83% WF   4.9 PSV       4 N       5  --  C7 E4 E3 F4

2025-11-16 15:26:31-0500: = P17
2025-11-16 15:26:31-0500: Controller: genmove b
2025-11-16 15:26:31-0500: MoveNum: 6 HASH: 49F2D8E2C22127B1940E16D6C4B70466
   A B C D E F G H J K L M N O P Q R S T
19 . . . . . . . . . . . . . . . . . . .
18 . . . . . . . . . . . . . . . . . . .
17 . . . X . . . . . . . . . . O3. . . .
16 . . . . . . . . . . . . . . . . X . .
15 . . . . . . . . . . . . . . . . . . .
14 . . . . . . . . . . . . . . . . . . .
13 . . . . . . . . . . . . . . . . . . .
12 . . . . . . . . . . . . . . . . . . .
11 . . . . . . . . . . . . . . . . . . .
10 . . . . . . . . . . . . . . . . . . .
 9 . . . . . . . . . . . . . . . . . . .
 8 . . . . . . . . . . . . . . . . . . .
 7 . . . . . . . . . . . . . . . . . . .
 6 . . . . . . . . . . . . . . . . . . .
 5 . . X2. . . . . . . . . . . . . . . .
 4 . . . . @ . . . . . . . . . . O1. . .
 3 . . . O . . . . . . . . . . . . . . .
 2 . . . . . . . . . . . . . . . . . . .
 1 . . . . . . . . . . . . . . . . . . .

koPOSITIONALscoreAREAtaxNONEsui1komi7.5
Time taken: 0.431568
Root visits: 805
New playouts: 658
NN rows: 526
NN batches: 176
NN avg batch size: 2.98864
PV: E4 E3 F4 G3 Q15 D15 C12 C17 C18 C16 E18 D13 D12 F17 E16
Tree:
: T  -7.86c W  -7.36c S  -0.26c ( -1.0 L  -0.8) N     805  --  E4 E3 F4 G3 Q15 D15 C12
---Black(^)---
E4  : T  -7.50c W  -6.93c S  -0.20c ( -0.9 L  -0.7) LCB   -8.75c P 32.94% WF 303.8 PSV     303 N     303  --  E4 E3 F4 G3 Q15 D15 C12 C17
Q14 : T  -7.88c W  -7.49c S  -0.26c ( -1.0 L  -0.8) LCB   -9.40c P 18.77% WF 174.9 PSV     127 N     175  --  Q14 C15 E16 M17 C12 F4 D14
Q15 : T  -7.86c W  -7.53c S  -0.28c ( -1.0 L  -0.8) LCB   -9.33c P 17.56% WF 149.9 PSV     121 N     150  --  Q15 E4 M17 D15 C15 C14 C16 D14
Q17 : T  -8.47c W  -7.66c S  -0.33c ( -1.1 L  -0.8) LCB  -11.45c P  5.69% WF  48.8 PSV      27 N      49  --  Q17 P16 R14 L16 E4 E3 F4 G3
C14 : T  -8.17c W  -7.57c S  -0.27c ( -1.0 L  -0.7) LCB  -10.53c P  4.61% WF  47.9 PSV      26 N      48  --  C14 Q15 R15 Q14 R13 F4 R3 Q3
D15 : T  -7.69c W  -7.33c S  -0.25c ( -1.0 L  -0.7) LCB  -10.24c P  1.88% WF  51.0 PSV      14 N      51  --  D15 Q15 R15 Q14 R13 E4 C8 D6
N17 : T -10.49c W  -9.57c S  -0.54c ( -1.4 L  -1.1) LCB  -18.79c P  3.65% WF  10.9 PSV       8 N      11  --  N17 Q15 R15 Q14 R13 L17
D14 : T  -9.88c W  -8.81c S  -0.42c ( -1.2 L  -0.8) LCB  -19.49c P  2.58% WF   8.9 PSV       7 N       9  --  D14 Q15 R15 Q14 R13 F4 R3 Q3
R3  : T -10.18c W -10.07c S  -0.63c ( -1.5 L  -1.0) LCB  -21.72c P  2.54% WF   7.9 PSV       6 N       8  --  R3 R4 Q3 O3 P3

2025-11-16 15:26:31-0500: = E4
2025-11-16 15:26:31-0500: Controller: genmove w
2025-11-16 15:26:32-0500: MoveNum: 7 HASH: 666DBAB67E7E7908CD046551BF46E047
   A B C D E F G H J K L M N O P Q R S T
19 . . . . . . . . . . . . . . . . . . .
18 . . . . . . . . . . . . . . . . . . .
17 . . . X . . . . . . . . . . O2. . . .
16 . . . . . . . . . . . . . . . . X . .
15 . . . . . . . . . . . . . . . . . . .
14 . . . . . . . . . . . . . . . . . . .
13 . . . . . . . . . . . . . . . . . . .
12 . . . . . . . . . . . . . . . . . . .
11 . . . . . . . . . . . . . . . . . . .
10 . . . . . . . . . . . . . . . . . . .
 9 . . . . . . . . . . . . . . . . . . .
 8 . . . . . . . . . . . . . . . . . . .
 7 . . . . . . . . . . . . . . . . . . .
 6 . . . . . . . . . . . . . . . . . . .
 5 . . X1. . . . . . . . . . . . . . . .
 4 . . . . X3. . . . . . . . . . O . . .
 3 . . . O @ . . . . . . . . . . . . . .
 2 . . . . . . . . . . . . . . . . . . .
 1 . . . . . . . . . . . . . . . . . . .

koPOSITIONALscoreAREAtaxNONEsui1komi7.5
Time taken: 0.373986
Root visits: 805
New playouts: 502
NN rows: 465
NN batches: 156
NN avg batch size: 2.98077
PV: E3 F4 G3 C14 Q15 R15 Q14 R13 G4 Q13 L17 R6 Q6 Q7 P6 R4 R3
Tree:
: T   6.92c W   6.58c S   0.20c ( +0.9 L  +0.7) N     805  --  E3 F4 G3 C14 Q15 R15 Q14
---White(^)---
E3  : T   7.21c W   6.81c S   0.23c ( +0.9 L  +0.7) LCB    6.34c P 74.59% WF 749.1 PSV     748 N     748  --  E3 F4 G3 C14 Q15 R15 Q14 R13
Q15 : T   4.79c W   4.67c S  -0.00c ( +0.6 L  +0.5) LCB    1.30c P  7.10% WF  33.5 PSV      21 N      34  --  Q15 R15 Q14 R13 E3 F4 G3 C14
C4  : T   1.21c W   2.85c S  -0.20c ( +0.4 L  +0.4) LCB   -8.69c P  8.30% WF  13.6 PSV      12 N      14  --  C4 B4 D5 D4 C3 C6 E3 F4
F3  : T  -1.40c W  -1.46c S  -0.66c ( -0.2 L  -0.0) LCB  -29.51c P  4.57% WF   4.8 PSV       5 N       5  --  F3 E3 E2
D4  : T  -0.55c W   2.26c S  -0.29c ( +0.2 L  +0.2) LCB -149.81c P  2.16% WF   2.0 PSV       2 N       2  --  D4 D5
F2  : T   0.81c W   1.19c S  -0.38c ( +0.1 L  +0.2) LCB -349.19c P  1.02% WF   1.0 PSV       1 N       1  --  F2

2025-11-16 15:26:32-0500: = E3
2025-11-16 15:26:32-0500: Controller: genmove b
2025-11-16 15:26:32-0500: MoveNum: 8 HASH: C2F0C7AE41FF0ADAB8814250A0539087
   A B C D E F G H J K L M N O P Q R S T
19 . . . . . . . . . . . . . . . . . . .
18 . . . . . . . . . . . . . . . . . . .
17 . . . X . . . . . . . . . . O1. . . .
16 . . . . . . . . . . . . . . . . X . .
15 . . . . . . . . . . . . . . . . . . .
14 . . . . . . . . . . . . . . . . . . .
13 . . . . . . . . . . . . . . . . . . .
12 . . . . . . . . . . . . . . . . . . .
11 . . . . . . . . . . . . . . . . . . .
10 . . . . . . . . . . . . . . . . . . .
 9 . . . . . . . . . . . . . . . . . . .
 8 . . . . . . . . . . . . . . . . . . .
 7 . . . . . . . . . . . . . . . . . . .
 6 . . . . . . . . . . . . . . . . . . .
 5 . . X . . . . . . . . . . . . . . . .
 4 . . . . X2@ . . . . . . . . . O . . .
 3 . . . O O3. . . . . . . . . . . . . .
 2 . . . . . . . . . . . . . . . . . . .
 1 . . . . . . . . . . . . . . . . . . .

koPOSITIONALscoreAREAtaxNONEsui1komi7.5
Time taken: 0.0499889
Root visits: 805
New playouts: 57
NN rows: 57
NN batches: 20
NN avg batch size: 2.85
PV: F4 G3 C14 Q15 R15 Q14 R13 G4 Q13 L17 R6 Q6 Q7 P6 R4 R3
Tree:
: T  -7.36c W  -6.94c S  -0.25c ( -0.9 L  -0.7) N     805  --  F4 G3 C14 Q15 R15 Q14 R13
---Black(^)---
F4  : T  -7.27c W  -6.87c S  -0.24c ( -0.9 L  -0.7) LCB   -8.10c P 90.43% WF 795.3 PSV     795 N     795  --  F4 G3 C14 Q15 R15 Q14 R13 G4
G4  : T -16.96c W -14.29c S  -1.20c ( -2.1 L  -1.6) LCB  -39.11c P  3.58% WF   5.8 PSV       3 N       6  --  G4 D4 D5 F4
Q17 : T -11.49c W -11.92c S  -0.81c ( -1.6 L  -1.2) LCB  -85.50c P  1.26% WF   3.0 PSV       2 N       3  --  Q17 P16 F4

2025-11-16 15:26:32-0500: = F4
2025-11-16 15:26:32-0500: Controller: genmove w
2025-11-16 15:26:32-0500: MoveNum: 9 HASH: D9B013E1DECFD4C4E612A7970330662C
   A B C D E F G H J K L M N O P Q R S T
19 . . . . . . . . . . . . . . . . . . .
18 . . . . . . . . . . . . . . . . . . .
17 . . . X . . . . . . . . . . O . . . .
16 . . . . . . . . . . . . . . . . X . .
15 . . . . . . . . . . . . . . . . . . .
14 . . . . . . . . . . . . . . . . . . .
13 . . . . . . . . . . . . . . . . . . .
12 . . . . . . . . . . . . . . . . . . .
11 . . . . . . . . . . . . . . . . . . .
10 . . . . . . . . . . . . . . . . . . .
 9 . . . . . . . . . . . . . . . . . . .
 8 . . . . . . . . . . . . . . . . . . .
 7 . . . . . . . . . . . . . . . . . . .
 6 . . . . . . . . . . . . . . . . . . .
 5 . . X . . . . . . . . . . . . . . . .
 4 . . . . X1X3. . . . . . . . . O . . .
 3 . . . O O2. @ . . . . . . . . . . . .
 2 . . . . . . . . . . . . . . . . . . .
 1 . . . . . . . . . . . . . . . . . . .

koPOSITIONALscoreAREAtaxNONEsui1komi7.5
Time taken: 0.0166509
Root visits: 800
New playouts: 5
NN rows: 6
NN batches: 6
NN avg batch size: 1
PV: G3 C14 Q15 R15 Q14 R13 G4 Q13 L17 R6 Q6 Q7 P6 R4 R3
Tree:
: T   7.30c W   6.89c S   0.24c ( +0.9 L  +0.7) N     800  --  G3 C14 Q15 R15 Q14 R13 G4
---White(^)---
G3  : T   7.77c W   7.31c S   0.29c ( +1.0 L  +0.8) LCB    6.92c P 76.00% WF 716.1 PSV     714 N     714  --  G3 C14 Q15 R15 Q14 R13 G4 Q13
F3  : T   3.49c W   3.47c S  -0.14c ( +0.4 L  +0.4) LCB    0.69c P 10.33% WF  56.4 PSV      20 N      58  --  F3 G4 H3 C14 Q15 R15 Q14 R13
G2  : T   1.30c W   2.01c S  -0.30c ( +0.2 L  +0.3) LCB   -8.78c P  6.31% WF   8.8 PSV       8 N       9  --  G2 C14 Q15 R15 Q14
Q15 : T   4.17c W   3.42c S  -0.13c ( +0.4 L  +0.4) LCB   -1.05c P  2.57% WF  15.7 PSV       5 N      16  --  Q15 R15 Q14 R13 G3 C14 G4 Q13
C4  : T  -1.55c W   0.26c S  -0.47c ( +0.0 L  +0.1) LCB -150.58c P  2.26% WF   1.9 PSV       2 N       2  --  C4 D4

2025-11-16 15:26:32-0500: = G3
2025-11-16 15:26:32-0500: Controller: genmove b
2025-11-16 15:26:32-0500: MoveNum: 10 HASH: 3B228537FCA7C053B62185B328CED09C
   A B C D E F G H J K L M N O P Q R S T
19 . . . . . . . . . . . . . . . . . . .
18 . . . . . . . . . . . . . . . . . . .
17 . . . X . . . . . . . . . . O . . . .
16 . . . . . . . . . . . . . . . . X . .
15 . . . . . . . . . . . . . . . . . . .
14 . . @ . . . . . . . . . . . . . . . .
13 . . . . . . . . . . . . . . . . . . .
12 . . . . . . . . . . . . . . . . . . .
11 . . . . . . . . . . . . . . . . . . .
10 . . . . . . . . . . . . . . . . . . .
 9 . . . . . . . . . . . . . . . . . . .
 8 . . . . . . . . . . . . . . . . . . .
 7 . . . . . . . . . . . . . . . . . . .
 6 . . . . . . . . . . . . . . . . . . .
 5 . . X . . . . . . . . . . . . . . . .
 4 . . . . X X2. . . . . . . . . O . . .
 3 . . . O O1. O3. . . . . . . . . . . .
 2 . . . . . . . . . . . . . . . . . . .
 1 . . . . . . . . . . . . . . . . . . .

koPOSITIONALscoreAREAtaxNONEsui1komi7.5
Time taken: 0.0764853
Root visits: 805
New playouts: 91
NN rows: 87
NN batches: 30
NN avg batch size: 2.9
PV: C14 Q15 R15 Q14 R13 G4 Q13 L17 R6 Q6 Q7 P6 R4 R3
Tree:
: T  -7.88c W  -7.37c S  -0.26c ( -1.0 L  -0.8) N     805  --  C14 Q15 R15 Q14 R13 G4 Q13
---Black(^)---
C14 : T  -6.71c W  -6.19c S  -0.11c ( -0.8 L  -0.6) LCB   -8.22c P 14.12% WF 229.0 PSV     283 N     227  --  C14 Q15 R15 Q14 R13 G4 Q13 L17
Q14 : T  -8.27c W  -7.96c S  -0.32c ( -1.1 L  -0.9) LCB   -9.98c P 21.28% WF 169.3 PSV     100 N     170  --  Q14 C15 F16 C12 M17 R17 S17 Q16
Q15 : T  -7.78c W  -7.27c S  -0.25c ( -1.0 L  -0.8) LCB   -9.41c P 13.80% WF 187.0 PSV      83 N     187  --  Q15 D15 C12 C17 C18 C16 E18 D13
Q17 : T  -7.61c W  -7.50c S  -0.30c ( -1.0 L  -0.8) LCB   -9.89c P  4.95% WF  82.1 PSV      33 N      82  --  Q17 P16 Q14 L16 C14 R12 R13 Q12
R3  : T -10.27c W  -9.67c S  -0.51c ( -1.3 L  -1.0) LCB  -13.74c P  9.41% WF  28.6 PSV      23 N      29  --  R3 R4 Q3 P3 P2 O2 O3 P4
N17 : T  -9.88c W  -8.52c S  -0.43c ( -1.2 L  -1.0) LCB  -14.66c P  7.86% WF  28.7 PSV      21 N      29  --  N17 Q15 Q16 P16 P15 R15 S15 S14
D14 : T  -7.95c W  -7.56c S  -0.27c ( -1.0 L  -0.7) LCB  -12.48c P  3.04% WF  28.0 PSV      16 N      28  --  D14 Q15 R15 Q14 R13 K16 R3 Q3
D15 : T  -8.24c W  -7.48c S  -0.27c ( -1.0 L  -0.7) LCB  -13.22c P  2.45% WF  17.0 PSV      11 N      17  --  D15 Q15 R15 Q14 R13 K16 R3 Q3
M17 : T -11.28c W  -9.29c S  -0.50c ( -1.3 L  -1.1) LCB  -15.77c P  5.46% WF  15.7 PSV      10 N      16  --  M17 Q15 R15 Q14 R13 D15 C15
G4  : T -10.90c W  -9.87c S  -0.56c ( -1.4 L  -1.1) LCB  -16.74c P  5.06% WF  12.8 PSV      10 N      13  --  G4 H3 H4 Q15 R15 Q14 R13

2025-11-16 15:26:32-0500: = C14
2025-11-16 15:26:32-0500: Controller: genmove w
2025-11-16 15:26:33-0500: MoveNum: 11 HASH: 0CC2946C4FCE93F102630629789ECE1F
   A B C D E F G H J K L M N O P Q R S T
19 . . . . . . . . . . . . . . . . . . .
18 . . . . . . . . . . . . . . . . . . .
17 . . . X . . . . . . . . . . O . . . .
16 . . . . . . . . . . . . . . . . X . .
15 . . . . . . . . . . . . . . . @ . . .
14 . . X3. . . . . . . . . . . . . . . .
13 . . . . . . . . . . . . . . . . . . .
12 . . . . . . . . . . . . . . . . . . .
11 . . . . . . . . . . . . . . . . . . .
10 . . . . . . . . . . . . . . . . . . .
 9 . . . . . . . . . . . . . . . . . . .
 8 . . . . . . . . . . . . . . . . . . .
 7 . . . . . . . . . . . . . . . . . . .
 6 . . . . . . . . . . . . . . . . . . .
 5 . . X . . . . . . . . . . . . . . . .
 4 . . . . X X1. . . . . . . . . O . . .
 3 . . . O O . O2. . . . . . . . . . . .
 2 . . . . . . . . . . . . . . . . . . .
 1 . . . . . . . . . . . . . . . . . . .

koPOSITIONALscoreAREAtaxNONEsui1komi7.5
Time taken: 0.483129
Root visits: 805
New playouts: 578
NN rows: 565
NN batches: 189
NN avg batch size: 2.98942
PV: Q15 R15 Q14 R13 G4 K16 M17 O3 P3 O4 Q6 K3 M3 M4
Tree:
: T   6.52c W   6.32c S   0.23c ( +0.8 L  +0.6) N     805  --  Q15 R15 Q14 R13 G4 K16 M17
---White(^)---
Q15 : T   7.08c W   6.86c S   0.29c ( +0.9 L  +0.7) LCB    6.03c P 50.06% WF 565.9 PSV     564 N     564  --  Q15 R15 Q14 R13 G4 K16 M17 O3
G4  : T   6.03c W   5.73c S   0.15c ( +0.7 L  +0.6) LCB    4.41c P 16.64% WF 197.7 PSV      89 N     199  --  G4 Q14 L17 O3 P3 O4 Q6 R8
Q14 : T  -1.56c W  -1.49c S  -0.63c ( -0.3 L  -0.0) LCB  -18.01c P  6.05% WF   6.8 PSV       6 N       7  --  Q14 P16 Q16 Q15
C7  : T   4.44c W   4.64c S   0.06c ( +0.6 L  +0.5) LCB   -2.00c P  1.52% WF  10.9 PSV       4 N      11  --  C7 Q14 E7 C9
R14 : T   0.37c W   0.95c S  -0.34c ( +0.1 L  +0.2) LCB  -14.83c P  3.16% WF   6.8 PSV       4 N       7  --  R14 Q14 Q13 Q15
R6  : T   2.18c W   2.50c S  -0.17c ( +0.3 L  +0.4) LCB  -25.60c P  2.04% WF   4.9 PSV       3 N       5  --  R6 Q14 L17 N17
R13 : T   1.64c W   2.62c S  -0.17c ( +0.3 L  +0.3) LCB  -41.18c P  1.85% WF   3.9 PSV       3 N       4  --  R13 Q14 Q13 O14
C4  : T  -6.06c W  -2.18c S  -0.67c ( -0.3 L  -0.0) LCB  -50.15c P  2.78% WF   3.8 PSV       2 N       4  --  C4 B4 D5 D4
O3  : T   2.03c W   3.54c S  -0.04c ( +0.5 L  +0.4) LCB -147.02c P  1.22% WF   2.0 PSV       2 N       2  --  O3 Q14

2025-11-16 15:26:33-0500: = Q15
2025-11-16 15:26:33-0500: Controller: genmove b
2025-11-16 15:26:33-0500: MoveNum: 12 HASH: 14E30D30ABD8B00CB49C4EC7842882B8
   A B C D E F G H J K L M N O P Q R S T
19 . . . . . . . . . . . . . . . . . . .
18 . . . . . . . . . . . . . . . . . . .
17 . . . X . . . . . . . . . . O . . . .
16 . . . . . . . . . . . . . . . . X . .
15 . . . . . . . . . . . . . . . O3@ . .
14 . . X2. . . . . . . . . . . . . . . .
13 . . . . . . . . . . . . . . . . . . .
12 . . . . . . . . . . . . . . . . . . .
11 . . . . . . . . . . . . . . . . . . .
10 . . . . . . . . . . . . . . . . . . .
 9 . . . . . . . . . . . . . . . . . . .
 8 . . . . . . . . . . . . . . . . . . .
 7 . . . . . . . . . . . . . . . . . . .
 6 . . . . . . . . . . . . . . . . . . .
 5 . . X . . . . . . . . . . . . . . . .
 4 . . . . X X . . . . . . . . . O . . .
 3 . . . O O . O1. . . . . . . . . . . .
 2 . . . . . . . . . . . . . . . . . . .
 1 . . . . . . . . . . . . . . . . . . .

koPOSITIONALscoreAREAtaxNONEsui1komi7.5
Time taken: 0.198098
Root visits: 804
New playouts: 240
NN rows: 236
NN batches: 80
NN avg batch size: 2.95
PV: R15 Q14 R13 K16 Q13 R6 M17 M15 K17 J17
Tree:
: T  -7.35c W  -6.96c S  -0.25c ( -0.9 L  -0.7) N     804  --  R15 Q14 R13 K16 Q13 R6 M17
---Black(^)---
R15 : T  -7.10c W  -6.75c S  -0.22c ( -0.9 L  -0.7) LCB   -8.00c P 80.70% WF 767.5 PSV     767 N     767  --  R15 Q14 R13 K16 Q13 R6 M17 M15
Q17 : T -12.33c W -12.72c S  -1.00c ( -1.9 L  -1.4) LCB  -21.96c P  6.10% WF  10.7 PSV      10 N      11  --  Q17 Q18 P16 Q16
G4  : T -12.93c W -11.34c S  -0.71c ( -1.5 L  -1.1) LCB  -27.79c P  3.27% WF   6.8 PSV       5 N       7  --  G4 H3 R15 Q14 R13 H4
Q16 : T -14.88c W -12.16c S  -0.86c ( -1.7 L  -1.3) LCB  -59.81c P  2.58% WF   3.9 PSV       3 N       4  --  Q16 P16 R15 Q14
R14 : T -14.43c W -13.55c S  -1.00c ( -1.9 L  -1.4) LCB  -57.90c P  2.35% WF   3.9 PSV       3 N       4  --  R14 G4 Q17
F3  : T -11.19c W  -8.21c S  -0.41c ( -1.1 L  -0.9) LCB  -40.39c P  1.28% WF   4.9 PSV       2 N       5  --  F3 F2 R15 Q14
S14 : T -12.47c W -11.70c S  -0.78c ( -1.6 L  -1.1) LCB  -55.51c P  1.78% WF   3.9 PSV       2 N       4  --  S14 G4 Q17

2025-11-16 15:26:33-0500: = R15
2025-11-16 15:26:33-0500: Controller: genmove w
2025-11-16 15:26:33-0500: MoveNum: 13 HASH: BCE8EAD7949086C34CFB008EB3864B8C
   A B C D E F G H J K L M N O P Q R S T
19 . . . . . . . . . . . . . . . . . . .
18 . . . . . . . . . . . . . . . . . . .
17 . . . X . . . . . . . . . . O . . . .
16 . . . . . . . . . . . . . . . . X . .
15 . . . . . . . . . . . . . . . O2X3. .
14 . . X1. . . . . . . . . . . . @ . . .
13 . . . . . . . . . . . . . . . . . . .
12 . . . . . . . . . . . . . . . . . . .
11 . . . . . . . . . . . . . . . . . . .
10 . . . . . . . . . . . . . . . . . . .
 9 . . . . . . . . . . . . . . . . . . .
 8 . . . . . . . . . . . . . . . . . . .
 7 . . . . . . . . . . . . . . . . . . .
 6 . . . . . . . . . . . . . . . . . . .
 5 . . X . . . . . . . . . . . . . . . .
 4 . . . . X X . . . . . . . . . O . . .
 3 . . . O O . O . . . . . . . . . . . .
 2 . . . . . . . . . . . . . . . . . . .
 1 . . . . . . . . . . . . . . . . . . .

koPOSITIONALscoreAREAtaxNONEsui1komi7.5
Time taken: 0.0499273
Root visits: 803
New playouts: 36
NN rows: 36
NN batches: 18
NN avg batch size: 2
PV: Q14 R13 K16 Q13 G4 R6 Q6 Q7 P6 R4 R3 S5 S3
Tree:
: T   7.04c W   6.78c S   0.23c ( +0.9 L  +0.7) N     803  --  Q14 R13 K16 Q13 G4 R6 Q6
---White(^)---
Q14 : T   7.09c W   6.83c S   0.24c ( +0.9 L  +0.7) LCB    6.19c P 90.70% WF 793.9 PSV     794 N     795  --  Q14 R13 K16 Q13 G4 R6 Q6 Q7
Q13 : T   1.44c W   2.30c S  -0.26c ( +0.3 L  +0.3) LCB  -18.61c P  3.73% WF   5.9 PSV       5 N       6  --  Q13 Q16 P16 Q14
G4  : T  -0.74c W  -0.23c S  -0.51c ( -0.1 L  +0.0) LCB -350.74c P  1.12% WF   1.0 PSV       1 N       1  --  G4

2025-11-16 15:26:33-0500: = Q14
2025-11-16 15:26:33-0500: Controller: genmove b
2025-11-16 15:26:33-0500: MoveNum: 14 HASH: F760C273C0B87EEEE7485A5A7AEBCC6B
   A B C D E F G H J K L M N O P Q R S T
19 . . . . . . . . . . . . . . . . . . .
18 . . . . . . . . . . . . . . . . . . .
17 . . . X . . . . . . . . . . O . . . .
16 . . . . . . . . . . . . . . . . X . .
15 . . . . . . . . . . . . . . . O1X2. .
14 . . X . . . . . . . . . . . . O3. . .
13 . . . . . . . . . . . . . . . . @ . .
12 . . . . . . . . . . . . . . . . . . .
11 . . . . . . . . . . . . . . . . . . .
10 . . . . . . . . . . . . . . . . . . .
 9 . . . . . . . . . . . . . . . . . . .
 8 . . . . . . . . . . . . . . . . . . .
 7 . . . . . . . . . . . . . . . . . . .
 6 . . . . . . . . . . . . . . . . . . .
 5 . . X . . . . . . . . . . . . . . . .
 4 . . . . X X . . . . . . . . . O . . .
 3 . . . O O . O . . . . . . . . . . . .
 2 . . . . . . . . . . . . . . . . . . .
 1 . . . . . . . . . . . . . . . . . . .

koPOSITIONALscoreAREAtaxNONEsui1komi7.5
Time taken: 0.0142043
Root visits: 800
New playouts: 5
NN rows: 6
NN batches: 6
NN avg batch size: 1
PV: R13 K16 Q13 G4 R6 Q6 Q7 P6 R4 R3 S5 S3
Tree:
: T  -7.11c W  -6.83c S  -0.23c ( -0.9 L  -0.7) N     800  --  R13 K16 Q13 G4 R6 Q6 Q7
---Black(^)---
R13 : T  -6.63c W  -6.38c S  -0.18c ( -0.8 L  -0.6) LCB   -7.61c P 61.37% WF 656.1 PSV     654 N     655  --  R13 K16 Q13 G4 R6 Q6 Q7 P6
R14 : T  -8.96c W  -8.61c S  -0.43c ( -1.1 L  -0.8) LCB  -11.25c P 22.31% WF 100.4 PSV      71 N     102  --  R14 Q13 R12 J16 L17 L15 N17 N15
S13 : T  -9.49c W  -8.90c S  -0.44c ( -1.1 L  -0.8) LCB  -13.73c P  7.96% WF  35.4 PSV      22 N      36  --  S13 K16 R3 Q3 R4 R5 S5 S6
G4  : T -15.03c W -14.40c S  -1.06c ( -1.9 L  -1.4) LCB  -49.23c P  2.65% WF   2.9 PSV       3 N       3  --  G4 H3 R13 H4
Q17 : T -14.23c W -12.69c S  -0.92c ( -1.8 L  -1.3) LCB  -88.12c P  2.37% WF   2.9 PSV       2 N       3  --  Q17 Q16 Q18

2025-11-16 15:26:33-0500: = R13
2025-11-16 15:26:33-0500: Controller: genmove w
2025-11-16 15:26:33-0500: MoveNum: 15 HASH: 15F25A21118C5FAED4A7AB4C13D2E19D
   A B C D E F G H J K L M N O P Q R S T
19 . . . . . . . . . . . . . . . . . . .
18 . . . . . . . . . . . . . . . . . . .
17 . . . X . . . . . . . . . . O . . . .
16 . . . . . . . . . . . . . . . . X . .
15 . . . . . . . . . . . . . . . O X1. .
14 . . X . . . . . . . . . . . . O2. . .
13 . . . . . . . . . . . . . . . . X3. .
12 . . . . . . . . . . . . . . . . . . .
11 . . . . . . . . . . . . . . . . . . .
10 . . . . . . . . . . . . . . . . . . .
 9 . . . . . . . . . . . . . . . . . . .
 8 . . . . . . . . . . . . . . . . . . .
 7 . . . . . . . . . . . . . . . . . . .
 6 . . . . . . . . . . . . . . . . . . .
 5 . . X . . . . . . . . . . . . . . . .
 4 . . . . X X @ . . . . . . . . O . . .
 3 . . . O O . O . . . . . . . . . . . .
 2 . . . . . . . . . . . . . . . . . . .
 1 . . . . . . . . . . . . . . . . . . .

koPOSITIONALscoreAREAtaxNONEsui1komi7.5
Time taken: 0.124326
Root visits: 805
New playouts: 150
NN rows: 149
NN batches: 50
NN avg batch size: 2.98
PV: G4 L17 C7 F6 D9 G5 C12 N17 M16 N16 N15 M15
Tree:
: T   6.33c W   6.20c S   0.20c ( +0.8 L  +0.6) N     805  --  G4 L17 C7 F6 D9 G5 C12
---White(^)---
G4  : T   6.69c W   6.55c S   0.23c ( +0.8 L  +0.7) LCB    5.41c P 33.20% WF 321.5 PSV     321 N     321  --  G4 L17 C7 F6 D9 G5 C12 N17
K16 : T   7.01c W   6.59c S   0.24c ( +0.9 L  +0.6) LCB    4.92c P  8.35% WF 201.4 PSV     112 N     201  --  K16 G4 H3 H4 J4 F3 F2 E2
J16 : T   7.59c W   7.12c S   0.30c ( +0.9 L  +0.7) LCB    4.95c P  3.61% WF  93.6 PSV      93 N      93  --  J16 L17 L15 J17 H17 H16 G17 K16
K17 : T   8.39c W   7.33c S   0.32c ( +1.0 L  +0.7) LCB    3.76c P  1.77% WF  25.2 PSV      25 N      25  --  K17 R3 Q3 R4 R5 S5 S6 R6
C7  : T   5.96c W   6.15c S   0.22c ( +0.8 L  +0.6) LCB    2.37c P  3.33% WF  40.8 PSV      19 N      41  --  C7 C9 E7 E9 F6 G4 H3 H4
Q13 : T   3.74c W   3.92c S  -0.05c ( +0.5 L  +0.4) LCB   -0.38c P  6.58% WF  25.6 PSV      17 N      26  --  Q13 R12 Q12 R11 J16 G17 G4 L16
D9  : T   4.78c W   4.44c S   0.01c ( +0.6 L  +0.4) LCB    0.07c P  3.32% WF  15.9 PSV      11 N      16  --  D9 Q13 G4 G5
R14 : T   3.00c W   5.16c S   0.08c ( +0.7 L  +0.6) LCB   -9.26c P  4.18% WF  11.0 PSV       9 N      12  --  R14 S14 S15 S12 T14 S13
R6  : T   3.70c W   4.18c S  -0.01c ( +0.5 L  +0.5) LCB   -2.20c P  3.26% WF  16.8 PSV       8 N      17  --  R6 L17 J17 N17 F17 O15
J17 : T   5.71c W   5.55c S   0.13c ( +0.7 L  +0.5) LCB   -3.70c P  1.67% WF  10.0 PSV       8 N      10  --  J17 R3 Q3 R4 Q5 R5

2025-11-16 15:26:33-0500: = G4
2025-11-16 15:26:33-0500: Controller: genmove b
2025-11-16 15:26:34-0500: MoveNum: 16 HASH: 20280DC650BF1B31F3476EFA8A5E7817
   A B C D E F G H J K L M N O P Q R S T
19 . . . . . . . . . . . . . . . . . . .
18 . . . . . . . . . . . . . . . . . . .
17 . . . X . . . . . . . . . . O . . . .
16 . . . . . . . . . @ . . . . . . X . .
15 . . . . . . . . . . . . . . . O X . .
14 . . X . . . . . . . . . . . . O1. . .
13 . . . . . . . . . . . . . . . . X2. .
12 . . . . . . . . . . . . . . . . . . .
11 . . . . . . . . . . . . . . . . . . .
10 . . . . . . . . . . . . . . . . . . .
 9 . . . . . . . . . . . . . . . . . . .
 8 . . . . . . . . . . . . . . . . . . .
 7 . . . . . . . . . . . . . . . . . . .
 6 . . . . . . . . . . . . . . . . . . .
 5 . . X . . . . . . . . . . . . . . . .
 4 . . . . X X O3. . . . . . . . O . . .
 3 . . . O O . O . . . . . . . . . . . .
 2 . . . . . . . . . . . . . . . . . . .
 1 . . . . . . . . . . . . . . . . . . .

koPOSITIONALscoreAREAtaxNONEsui1komi7.5
Time taken: 0.39542
Root visits: 804
New playouts: 483
NN rows: 472
NN batches: 158
NN avg batch size: 2.98734
PV: L17 C7 F6 D9 G5 C12 J5 J17 N17 F17 O15 Q16
Tree:
: T  -7.27c W  -6.99c S  -0.27c ( -0.9 L  -0.7) N     804  --  L17 C7 F6 D9 G5 C12 J5
---Black(^)---
L17 : T  -6.01c W  -6.12c S  -0.19c ( -0.8 L  -0.6) LCB   -8.38c P  3.59% WF 149.3 PSV     149 N     148  --  L17 C7 F6 D9 G5 C12 J5 J17
K16 : T  -6.56c W  -6.39c S  -0.19c ( -0.8 L  -0.6) LCB   -8.78c P  6.63% WF 135.6 PSV      88 N     135  --  K16 M17 O3 P3 O4 Q6 K3 M3
Q13 : T  -7.00c W  -6.75c S  -0.23c ( -0.8 L  -0.7) LCB   -8.99c P 10.16% WF 121.1 PSV      87 N     121  --  Q13 G6 D8 O3 M17 P13 P12
L16 : T  -7.33c W  -6.89c S  -0.26c ( -0.9 L  -0.7) LCB   -9.56c P 11.38% WF 123.8 PSV      78 N     124  --  L16 J17 G17 D16 E16 C17 C16 D15
G5  : T  -9.31c W  -8.27c S  -0.42c ( -1.1 L  -0.8) LCB  -13.11c P 15.14% WF  52.3 PSV      45 N      53  --  G5 H5 G6 H6 G7 H7 G8 O3
N17 : T  -6.72c W  -6.44c S  -0.18c ( -0.8 L  -0.7) LCB  -10.44c P  7.66% WF  43.9 PSV      44 N      44  --  N17 L17 N15 L15 N13 N18 Q13 R6
F6  : T  -8.86c W  -7.82c S  -0.38c ( -1.0 L  -0.8) LCB  -13.07c P  8.25% WF  33.7 PSV      28 N      34  --  F6 G6 G7 H6 F8 O3 H7 C12
K17 : T  -6.73c W  -7.12c S  -0.28c ( -0.9 L  -0.7) LCB   -9.17c P  2.41% WF  52.1 PSV      26 N      52  --  K17 C8 G5 H5 G6 H6 G7 H7
O3  : T  -8.00c W  -8.30c S  -0.38c ( -1.0 L  -0.8) LCB  -11.30c P  5.23% WF  33.8 PSV      25 N      34  --  O3 P2 L16 G6 D8 J17 G17
Q3  : T  -9.02c W  -8.44c S  -0.41c ( -1.1 L  -0.8) LCB  -12.56c P  5.26% WF  19.8 PSV      17 N      20  --  Q3 R3 P3 R4 M3 O4 O3 N4

2025-11-16 15:26:34-0500: = K16
2025-11-16 15:26:34-0500: Controller: genmove w
2025-11-16 15:26:34-0500: MoveNum: 17 HASH: 8FBD9790AEEA63DB53E4DBB0B1AADD20
   A B C D E F G H J K L M N O P Q R S T
19 . . . . . . . . . . . . . . . . . . .
18 . . . . . . . . . . . . . . . . . . .
17 . . . X . . . . . . . @ . . O . . . .
16 . . . . . . . . . X3. . . . . . X . .
15 . . . . . . . . . . . . . . . O X . .
14 . . X . . . . . . . . . . . . O . . .
13 . . . . . . . . . . . . . . . . X1. .
12 . . . . . . . . . . . . . . . . . . .
11 . . . . . . . . . . . . . . . . . . .
10 . . . . . . . . . . . . . . . . . . .
 9 . . . . . . . . . . . . . . . . . . .
 8 . . . . . . . . . . . . . . . . . . .
 7 . . . . . . . . . . . . . . . . . . .
 6 . . . . . . . . . . . . . . . . . . .
 5 . . X . . . . . . . . . . . . . . . .
 4 . . . . X X O2. . . . . . . . O . . .
 3 . . . O O . O . . . . . . . . . . . .
 2 . . . . . . . . . . . . . . . . . . .
 1 . . . . . . . . . . . . . . . . . . .

koPOSITIONALscoreAREAtaxNONEsui1komi7.5
Time taken: 0.522316
Root visits: 805
New playouts: 670
NN rows: 648
NN batches: 216
NN avg batch size: 3
PV: M17 F6 O3 R6 R5 Q6 P12 G5 C12 C10 D10 D9
Tree:
: T   7.55c W   7.33c S   0.30c ( +0.9 L  +0.7) N     805  --  M17 F6 O3 R6 R5 Q6 P12
---White(^)---
M17 : T   8.91c W   8.25c S   0.40c ( +1.0 L  +0.8) LCB    7.40c P 17.37% WF 406.2 PSV     402 N     402  --  M17 F6 O3 R6 R5 Q6 P12 G5
C7  : T   6.28c W   6.21c S   0.22c ( +0.8 L  +0.6) LCB    3.68c P 21.96% WF 112.6 PSV      80 N     114  --  C7 F6 D9 G5 C12 N17 N15 J5
G6  : T   7.23c W   7.53c S   0.31c ( +0.9 L  +0.8) LCB    4.39c P  9.74% WF 106.2 PSV      51 N     109  --  G6 F7 M17 O3 P3 O4 Q6 K3
C8  : T   6.00c W   5.93c S   0.17c ( +0.7 L  +0.6) LCB    3.20c P 11.62% WF  52.3 PSV      39 N      53  --  C8 N17 G6 F7 C11 N15 P12 G7
O3  : T   4.57c W   4.67c S   0.01c ( +0.5 L  +0.5) LCB   -1.72c P  9.05% WF  30.4 PSV      21 N      31  --  O3 N17 G6 N15 C7 F7
M16 : T   7.03c W   6.84c S   0.24c ( +0.8 L  +0.7) LCB    3.89c P  1.93% WF  32.8 PSV       9 N      33  --  M16 D9 O3 R6 R5 Q6 G6 Q13
D8  : T   3.29c W   3.42c S  -0.10c ( +0.4 L  +0.4) LCB  -11.47c P  3.59% WF   6.9 PSV       6 N       7  --  D8 N17 G6 F7
D7  : T   6.81c W   7.25c S   0.34c ( +1.0 L  +0.7) LCB   -1.40c P  1.36% WF   9.9 PSV       5 N      10  --  D7 E6 G6 E7 D9 D11
Q13 : T   3.60c W   5.56c S   0.12c ( +0.7 L  +0.5) LCB  -25.15c P  2.52% WF   4.9 PSV       4 N       5  --  Q13 R12 Q12 R11
R14 : T   2.72c W   6.02c S   0.16c ( +0.7 L  +0.7) LCB  -11.34c P  2.12% WF  10.1 PSV       3 N      11  --  R14 S14 S15 S13 R17 S16

2025-11-16 15:26:34-0500: = M17
2025-11-16 15:26:34-0500: Controller: genmove b
2025-11-16 15:26:35-0500: MoveNum: 18 HASH: 3FDE00A0936D7657E51BED1CF80174B1
   A B C D E F G H J K L M N O P Q R S T
19 . . . . . . . . . . . . . . . . . . .
18 . . . . . . . . . . . . . . . . . . .
17 . . . X . . . . . . . O3. . O . . . .
16 . . . . . . . . . X2. . . . . . X . .
15 . . . . . . . . . . . . . . . O X . .
14 . . X . . . . . . . . . . . . O . . .
13 . . . . . . . . . . . . . . . . X . .
12 . . . . . . . . . . . . . . . . . . .
11 . . . . . . . . . . . . . . . . . . .
10 . . . . . . . . . . . . . . . . . . .
 9 . . . . . . . . . . . . . . . . . . .
 8 . . . . . . . . . . . . . . . . . . .
 7 . . . . . . . . . . . . . . . . . . .
 6 . . . . . @ . . . . . . . . . . . . .
 5 . . X . . . . . . . . . . . . . . . .
 4 . . . . X X O1. . . . . . . . O . . .
 3 . . . O O . O . . . . . . . . . . . .
 2 . . . . . . . . . . . . . . . . . . .
 1 . . . . . . . . . . . . . . . . . . .

koPOSITIONALscoreAREAtaxNONEsui1komi7.5
Time taken: 0.316417
Root visits: 805
New playouts: 403
NN rows: 386
NN batches: 130
NN avg batch size: 2.96923
PV: M16 L17 L16 J18 H17 G6 D8 O3 R6 R5
Tree:
: T  -8.37c W  -8.00c S  -0.25c ( -1.0 L  -0.8) N     805  --  M16 L17 L16 J18 H17 G6 D8
---Black(^)---
M16 : T  -3.01c W  -4.63c S   0.09c ( -0.6 L  -0.5) LCB   -8.09c P  6.48% WF 128.6 PSV     495 N     124  --  M16 L17 L16 J18 H17 G6 D8 O3
F6  : T  -7.71c W  -6.99c S  -0.15c ( -0.9 L  -0.7) LCB   -9.83c P  4.75% WF 202.9 PSV     202 N     202  --  F6 R6 P2 Q2 Q3 P3 R3 R2
O3  : T  -8.92c W  -8.87c S  -0.32c ( -1.1 L  -0.9) LCB  -11.10c P 14.96% WF 174.1 PSV     127 N     175  --  O3 P2 G5 H5 G6 H6 G7 H7
G5  : T -11.19c W  -8.83c S  -0.37c ( -1.2 L  -0.9) LCB  -15.77c P 18.47% WF  70.4 PSV      62 N      72  --  G5 H5 H6 G6 F5 J5 G7 J6
Q17 : T -10.46c W -10.53c S  -0.53c ( -1.4 L  -1.0) LCB  -15.35c P  9.22% WF  43.4 PSV      38 N      44  --  Q17 Q18 P16 Q16 R17 O16 P18 O17
R3  : T -11.51c W -10.68c S  -0.50c ( -1.3 L  -1.0) LCB  -15.37c P 11.79% WF  41.0 PSV      37 N      42  --  R3 Q3 R4 R5 S5 S6 R6 Q5
D9  : T  -9.91c W  -9.43c S  -0.38c ( -1.2 L  -0.9) LCB  -13.48c P  5.44% WF  33.7 PSV      28 N      34  --  D9 O3 R6 R5 Q6 P12 M16 L16
Q13 : T  -9.45c W  -8.86c S  -0.33c ( -1.1 L  -0.9) LCB  -13.09c P  4.40% WF  41.7 PSV      27 N      42  --  Q13 R6 Q17 Q18 P16 Q16 R17
Q3  : T -12.47c W  -9.95c S  -0.45c ( -1.3 L  -1.0) LCB  -20.27c P  9.22% WF  23.5 PSV      23 N      24  --  Q3 R3 P3 R2 N3 L3 L4 K4
L17 : T -11.48c W -10.50c S  -0.52c ( -1.3 L  -1.0) LCB  -16.67c P  4.45% WF  19.7 PSV      14 N      20  --  L17 M16 O3 P3 O4 Q6 K3 C7

2025-11-16 15:26:35-0500: = F6
2025-11-16 15:26:35-0500: Controller: genmove w
2025-11-16 15:26:35-0500: MoveNum: 19 HASH: FCD29FD969CE837FCFC5AE79CADB10DF
   A B C D E F G H J K L M N O P Q R S T
19 . . . . . . . . . . . . . . . . . . .
18 . . . . . . . . . . . . . . . . . . .
17 . . . X . . . . . . . O2. . O . . . .
16 . . . . . . . . . X1. . . . . . X . .
15 . . . . . . . . . . . . . . . O X . .
14 . . X . . . . . . . . . . . . O . . .
13 . . . . . . . . . . . . . . . . X . .
12 . . . . . . . . . . . . . . . . . . .
11 . . . . . . . . . . . . . . . . . . .
10 . . . . . . . . . . . . . . . . . . .
 9 . . . . . . . . . . . . . . . . . . .
 8 . . . . . . . . . . . . . . . . . . .
 7 . . . . . . . . . . . . . . . . . . .
 6 . . . . . X3@ . . . . . . . . . . . .
 5 . . X . . . . . . . . . . . . . . . .
 4 . . . . X X O . . . . . . . . O . . .
 3 . . . O O . O . . . . . . . . . . . .
 2 . . . . . . . . . . . . . . . . . . .
 1 . . . . . . . . . . . . . . . . . . .

koPOSITIONALscoreAREAtaxNONEsui1komi7.5
Time taken: 0.457939
Root visits: 805
New playouts: 603
NN rows: 566
NN batches: 189
NN avg batch size: 2.99471
PV: G6 G7 H6 F8 O3 M16 N16 L17 M15 L16 M18
Tree:
: T   8.52c W   7.77c S   0.32c ( +1.0 L  +0.8) N     805  --  G6 G7 H6 F8 O3 M16 N16
---White(^)---
G6  : T   9.58c W   8.27c S   0.39c ( +1.1 L  +0.8) LCB    7.55c P 15.37% WF 214.4 PSV     395 N     213  --  G6 G7 H6 F8 O3 M16 N16 L17
O3  : T   9.05c W   8.50c S   0.39c ( +1.1 L  +0.9) LCB    7.48c P 31.54% WF 369.0 PSV     368 N     368  --  O3 R6 G6 G7 H6 F8 H7 Q13
R6  : T   8.29c W   7.33c S   0.28c ( +0.9 L  +0.7) LCB    5.89c P  6.04% WF 131.5 PSV      40 N     132  --  R6 P2 Q2 P3 Q3 L3 D10 C12
C4  : T   0.90c W   1.29c S  -0.38c ( +0.1 L  +0.2) LCB   -5.57c P 11.69% WF  15.4 PSV      14 N      16  --  C4 B4 B3 D4 C3 G5 R6 D11
O4  : T   6.55c W   6.34c S   0.19c ( +0.8 L  +0.7) LCB   -0.15c P  3.66% WF  15.8 PSV      12 N      16  --  O4 G5 C12 C10 D10 D9 E10 C11
G5  : T   3.66c W   3.86c S  -0.13c ( +0.4 L  +0.4) LCB   -4.76c P  4.53% WF  12.7 PSV       8 N      13  --  G5 O3 P2 O2 P3 O4 Q6 K3
D10 : T   4.71c W   4.00c S  -0.03c ( +0.5 L  +0.4) LCB   -3.47c P  3.33% WF  13.7 PSV       7 N      14  --  D10 C12 O3 G5 F10 E11
H16 : T   6.03c W   5.67c S   0.13c ( +0.7 L  +0.6) LCB   -5.25c P  2.38% WF   7.9 PSV       6 N       8  --  H16 M16 N16 M15 L17
G7  : T   4.69c W   3.49c S  -0.13c ( +0.4 L  +0.4) LCB  -15.34c P  2.59% WF   5.9 PSV       5 N       6  --  G7 F7 G6
C12 : T   7.22c W   7.63c S   0.32c ( +1.0 L  +0.8) LCB   -7.74c P  1.00% WF   6.9 PSV       4 N       7  --  C12 C10 C16 D16 C15

2025-11-16 15:26:35-0500: = G6
2025-11-16 15:26:35-0500: Controller: genmove b
2025-11-16 15:26:36-0500: MoveNum: 20 HASH: 0BE048E5A1A8CE34DD60FB1DD2ADE23F
   A B C D E F G H J K L M N O P Q R S T
19 . . . . . . . . . . . . . . . . . . .
18 . . . . . . . . . . . . . . . . . . .
17 . . . X . . . . . . . O1. . O . . . .
16 . . . . . . . . . X . . . . . . X . .
15 . . . . . . . . . . . . . . . O X . .
14 . . X . . . . . . . . . . . . O . . .
13 . . . . . . . . . . . . . . . . X . .
12 . . . . . . . . . . . . . . . . . . .
11 . . . . . . . . . . . . . . . . . . .
10 . . . . . . . . . . . . . . . . . . .
 9 . . . . . . . . . . . . . . . . . . .
 8 . . . . . . . . . . . . . . . . . . .
 7 . . . . . . @ . . . . . . . . . . . .
 6 . . . . . X2O3. . . . . . . . . . . .
 5 . . X . . . . . . . . . . . . . . . .
 4 . . . . X X O . . . . . . . . O . . .
 3 . . . O O . O . . . . . . . . . . . .
 2 . . . . . . . . . . . . . . . . . . .
 1 . . . . . . . . . . . . . . . . . . .

koPOSITIONALscoreAREAtaxNONEsui1komi7.5
Time taken: 0.400764
Root visits: 805
New playouts: 592
NN rows: 494
NN batches: 166
NN avg batch size: 2.9759
PV: G7 H6 F8 C12 C10 D10 D9 D11 C9 C16 D16 C15 D14
Tree:
: T  -8.93c W  -8.08c S  -0.27c ( -1.1 L  -0.8) N     805  --  G7 H6 F8 C12 C10 D10 D9
---Black(^)---
G7  : T  -8.50c W  -7.82c S  -0.24c ( -1.0 L  -0.8) LCB   -9.99c P 75.42% WF 665.8 PSV     664 N     664  --  G7 H6 F8 C12 C10 D10 D9 D11
F3  : T -11.48c W  -9.29c S  -0.39c ( -1.2 L  -0.9) LCB  -16.81c P  6.34% WF  27.6 PSV      18 N      28  --  F3 F2 E2 D2 G2 E1 G7 G5
F7  : T -12.16c W -10.90c S  -0.56c ( -1.4 L  -1.1) LCB  -17.59c P  7.53% WF  26.5 PSV      18 N      27  --  F7 O3 R6 C12 C10 D10 D9
L17 : T -10.04c W  -8.04c S  -0.27c ( -1.1 L  -0.8) LCB  -14.24c P  1.76% WF  40.5 PSV       7 N      42  --  L17 M16 G7 H6 F7 O3 H7 J7
Q3  : T  -9.93c W  -9.19c S  -0.34c ( -1.2 L  -0.8) LCB  -14.27c P  1.27% WF  19.9 PSV       5 N      20  --  Q3 P3 R3 P2 R4 Q5 S6 F7
O3  : T -11.11c W  -9.33c S  -0.37c ( -1.2 L  -0.9) LCB  -18.10c P  1.67% WF  17.8 PSV       5 N      18  --  O3 F7 E7 F8 E8 E9 F9 E6
M16 : T -14.54c W -14.12c S  -0.90c ( -1.9 L  -1.5) LCB  -88.62c P  1.12% WF   2.9 PSV       1 N       3  --  M16 L16 L17
Q17 : T -16.41c W -13.50c S  -0.86c ( -1.8 L  -1.4) LCB -165.55c P  1.02% WF   2.0 PSV       1 N       2  --  Q17 Q18

2025-11-16 15:26:36-0500: = G7
2025-11-16 15:26:36-0500: Controller: genmove w
2025-11-16 15:26:36-0500: MoveNum: 21 HASH: 13B029A93B8B32E3229DCA11FC543D7E
   A B C D E F G H J K L M N O P Q R S T
19 . . . . . . . . . . . . . . . . . . .
18 . . . . . . . . . . . . . . . . . . .
17 . . . X . . . . . . . O . . O . . . .
16 . . . . . . . . . X . . . . . . X . .
15 . . . . . . . . . . . . . . . O X . .
14 . . X . . . . . . . . . . . . O . . .
13 . . . . . . . . . . . . . . . . X . .
12 . . . . . . . . . . . . . . . . . . .
11 . . . . . . . . . . . . . . . . . . .
10 . . . . . . . . . . . . . . . . . . .
 9 . . . . . . . . . . . . . . . . . . .
 8 . . . . . . . . . . . . . . . . . . .
 7 . . . . . . X3. . . . . . . . . . . .
 6 . . . . . X1O2@ . . . . . . . . . . .
 5 . . X . . . . . . . . . . . . . . . .
 4 . . . . X X O . . . . . . . . O . . .
 3 . . . O O . O . . . . . . . . . . . .
 2 . . . . . . . . . . . . . . . . . . .
 1 . . . . . . . . . . . . . . . . . . .

koPOSITIONALscoreAREAtaxNONEsui1komi7.5
Time taken: 0.120626
Root visits: 805
New playouts: 141
NN rows: 136
NN batches: 46
NN avg batch size: 2.95652
PV: H6 F8 C12 M16 L17 L16 J18 N17
Tree:
: T   8.18c W   7.69c S   0.26c ( +1.0 L  +0.8) N     805  --  H6 F8 C12 M16 L17 L16 J18
---White(^)---
H6  : T   8.39c W   7.87c S   0.28c ( +1.0 L  +0.8) LCB    6.99c P 84.48% WF 783.6 PSV     783 N     783  --  H6 F8 C12 M16 L17 L16 J18 N17
G5  : T   2.75c W   2.23c S  -0.33c ( +0.3 L  +0.3) LCB   -3.96c P  8.23% WF  16.5 PSV      15 N      17  --  G5 F7 O3 D11 H16 F17
F7  : T -14.05c W  -7.23c S  -1.25c ( -0.9 L  -0.4) LCB -164.56c P  2.67% WF   1.9 PSV       1 N       2  --  F7 G5
F5  : T  -3.17c W  -1.30c S  -0.69c ( -0.2 L  -0.0) LCB -152.17c P  0.82% WF   1.9 PSV       0 N       2  --  F5 E5

2025-11-16 15:26:36-0500: = H6
2025-11-16 15:26:36-0500: Controller: genmove b
2025-11-16 15:26:36-0500: MoveNum: 22 HASH: CDFCD85095CB267525C7C8530392A2F7
   A B C D E F G H J K L M N O P Q R S T
19 . . . . . . . . . . . . . . . . . . .
18 . . . . . . . . . . . . . . . . . . .
17 . . . X . . . . . . . O . . O . . . .
16 . . . . . . . . . X . . . . . . X . .
15 . . . . . . . . . . . . . . . O X . .
14 . . X . . . . . . . . . . . . O . . .
13 . . . . . . . . . . . . . . . . X . .
12 . . . . . . . . . . . . . . . . . . .
11 . . . . . . . . . . . . . . . . . . .
10 . . . . . . . . . . . . . . . . . . .
 9 . . . . . . . . . . . . . . . . . . .
 8 . . . . . @ . . . . . . . . . . . . .
 7 . . . . . . X2. . . . . . . . . . . .
 6 . . . . . X O1O3. . . . . . . . . . .
 5 . . X . . . . . . . . . . . . . . . .
 4 . . . . X X O . . . . . . . . O . . .
 3 . . . O O . O . . . . . . . . . . . .
 2 . . . . . . . . . . . . . . . . . . .
 1 . . . . . . . . . . . . . . . . . . .

koPOSITIONALscoreAREAtaxNONEsui1komi7.5
Time taken: 0.0404751
Root visits: 801
New playouts: 18
NN rows: 19
NN batches: 19
NN avg batch size: 1
PV: F8 C12 M16 L17 L16 J18 N17
Tree:
: T  -8.33c W  -7.86c S  -0.27c ( -1.0 L  -0.8) N     801  --  F8 C12 M16 L17 L16 J18 N17
---Black(^)---
F8  : T  -7.32c W  -7.23c S  -0.21c ( -1.0 L  -0.7) LCB   -8.97c P 49.36% WF 575.2 PSV     571 N     570  --  F8 C12 M16 L17 L16 J18 N17
F7  : T  -9.75c W  -8.51c S  -0.33c ( -1.1 L  -0.9) LCB  -12.57c P 16.21% WF 122.2 PSV      59 N     124  --  F7 C12 O3 P3 O4 Q6 C10 D10
F3  : T -11.27c W  -8.91c S  -0.34c ( -1.1 L  -0.9) LCB  -17.66c P  7.37% WF  35.3 PSV      18 N      36  --  F3 F2 F7 C4 B4 D5 C6
F9  : T -12.67c W -11.54c S  -0.63c ( -1.5 L  -1.1) LCB  -18.82c P  7.37% WF  22.4 PSV      14 N      23  --  F9 O3 R6 C12 C10 D10 D9
M16 : T  -5.97c W  -8.36c S  -0.28c ( -1.0 L  -0.9) LCB  -13.83c P  1.02% WF  12.1 PSV      12 N      12  --  M16 L16 L17 L15 N17 M18
O3  : T -16.00c W -11.62c S  -0.63c ( -1.5 L  -1.2) LCB  -31.90c P  5.85% WF   9.6 PSV       7 N      10  --  O3 F7 D8 E6 F8 F5
H7  : T -17.21c W -14.56c S  -1.04c ( -2.0 L  -1.6) LCB  -27.60c P  1.94% WF  12.4 PSV       2 N      13  --  H7 F7 E6 J7 F8 O3
Q3  : T -17.66c W -14.29c S  -0.98c ( -1.9 L  -1.4) LCB -166.88c P  1.93% WF   1.9 PSV       2 N       2  --  Q3 P3
L17 : T -11.90c W -10.77c S  -0.57c ( -1.4 L  -1.1) LCB  -43.43c P  0.81% WF   4.9 PSV       1 N       5  --  L17 F7 E6
E8  : T -14.86c W -12.13c S  -0.68c ( -1.5 L  -1.2) LCB  -88.93c P  0.98% WF   2.9 PSV       1 N       3  --  E8 O3 R6

2025-11-16 15:26:36-0500: = F8
2025-11-16 15:26:36-0500: Controller: genmove w
2025-11-16 15:26:36-0500: MoveNum: 23 HASH: 77FD5D4E44AD0983CAF3B18C6865DB12
   A B C D E F G H J K L M N O P Q R S T
19 . . . . . . . . . . . . . . . . . . .
18 . . . . . . . . . . . . . . . . . . .
17 . . . X . . . . . . . O . . O . . . .
16 . . . . . . . . . X . . . . . . X . .
15 . . . . . . . . . . . . . . . O X . .
14 . . X . . . . . . . . . . . . O . . .
13 . . . . . . . . . . . . . . . . X . .
12 . . . . . . . . . . . . . . . . . . .
11 . . . . . . . . . . . . . . . . . . .
10 . . . . . . . . . . . . . . . . . . .
 9 . . . . . . . . . . . . . . . . . . .
 8 . . . . . X3. . . . . . . . . . . . .
 7 . . . . . . X1. . . . . . . . . . . .
 6 . . . . . X O O2. . . . . . . . . . .
 5 . . X . . . . . . . . . . . . . . . .
 4 . . . . X X O . . . . . . . . O . . .
 3 . . . O O . O . . . . . . @ . . . . .
 2 . . . . . . . . . . . . . . . . . . .
 1 . . . . . . . . . . . . . . . . . . .

koPOSITIONALscoreAREAtaxNONEsui1komi7.5
Time taken: 0.200496
Root visits: 805
New playouts: 235
NN rows: 233
NN batches: 78
NN avg batch size: 2.98718
PV: O3 M16 L17 L16 J18 N17 N18 K18 K17 J17 L18 H18 J16 H17 J15 G15 J13 G12 C13
Tree:
: T   7.27c W   6.86c S   0.21c ( +0.9 L  +0.7) N     805  --  O3 M16 L17 L16 J18 N17 N18
---White(^)---
O3  : T   8.03c W   7.37c S   0.26c ( +1.0 L  +0.8) LCB    6.03c P 45.67% WF 467.7 PSV     465 N     465  --  O3 M16 L17 L16 J18 N17 N18 K18
C12 : T   7.14c W   7.56c S   0.30c ( +1.0 L  +0.8) LCB    4.49c P  9.53% WF 188.8 PSV      57 N     190  --  C12 M16 N16 L17 M15 L16 E7 F7
E7  : T   5.46c W   4.74c S   0.01c ( +0.6 L  +0.5) LCB    1.73c P 15.06% WF  81.8 PSV      51 N      83  --  E7 F7 O3 D12 E11 D11 E10 F13
O4  : T   6.33c W   4.99c S  -0.03c ( +0.6 L  +0.5) LCB    2.25c P  7.54% WF  49.6 PSV      33 N      50  --  O4 P2 P3 R3 Q2 R4 R6 Q5
C4  : T  -4.38c W  -2.88c S  -0.81c ( -0.4 L  -0.1) LCB  -20.09c P  7.09% WF   6.7 PSV       6 N       7  --  C4 B4 D5 D4 C3 C6
H7  : T  -1.20c W  -0.03c S  -0.58c ( -0.1 L  +0.0) LCB  -24.23c P  3.65% WF   5.8 PSV       4 N       6  --  H7 O3 P3 O4
D13 : T   3.10c W   5.26c S   0.07c ( +0.7 L  +0.5) LCB -145.93c P  0.85% WF   2.0 PSV       1 N       2  --  D13 D14
R14 : T   9.86c W   9.34c S   0.52c ( +1.3 L  +0.9) LCB -340.14c P  0.82% WF   1.0 PSV       1 N       1  --  R14

2025-11-16 15:26:36-0500: = O3
2025-11-16 15:26:36-0500: Controller: genmove b
2025-11-16 15:26:36-0500: MoveNum: 24 HASH: 845779B1F5991BC3FF03874BE7BB89E2
   A B C D E F G H J K L M N O P Q R S T
19 . . . . . . . . . . . . . . . . . . .
18 . . . . . . . . . . . . . . . . . . .
17 . . . X . . . . . . . O . . O . . . .
16 . . . . . . . . . X . @ . . . . X . .
15 . . . . . . . . . . . . . . . O X . .
14 . . X . . . . . . . . . . . . O . . .
13 . . . . . . . . . . . . . . . . X . .
12 . . . . . . . . . . . . . . . . . . .
11 . . . . . . . . . . . . . . . . . . .
10 . . . . . . . . . . . . . . . . . . .
 9 . . . . . . . . . . . . . . . . . . .
 8 . . . . . X2. . . . . . . . . . . . .
 7 . . . . . . X . . . . . . . . . . . .
 6 . . . . . X O O1. . . . . . . . . . .
 5 . . X . . . . . . . . . . . . . . . .
 4 . . . . X X O . . . . . . . . O . . .
 3 . . . O O . O . . . . . . O3. . . . .
 2 . . . . . . . . . . . . . . . . . . .
 1 . . . . . . . . . . . . . . . . . . .

koPOSITIONALscoreAREAtaxNONEsui1komi7.5
Time taken: 0.264868
Root visits: 805
New playouts: 340
NN rows: 319
NN batches: 107
NN avg batch size: 2.98131
PV: M16 L17 L16 J18 J17 H17 N17 N18 K18 N16 H18 C12 C10 C16 D16
Tree:
: T  -7.67c W  -7.11c S  -0.24c ( -0.9 L  -0.8) N     805  --  M16 L17 L16 J18 J17 H17 N17
---Black(^)---
M16 : T  -5.40c W  -5.30c S  -0.05c ( -0.7 L  -0.6) LCB   -7.63c P  4.65% WF 493.1 PSV     485 N     485  --  M16 L17 L16 J18 J17 H17 N17 N18
H7  : T -11.89c W -11.01c S  -0.63c ( -1.5 L  -1.1) LCB  -14.75c P 32.06% WF  88.6 PSV      68 N      92  --  H7 C12 C10 D10 C9 D9 D11
R6  : T  -9.39c W  -8.74c S  -0.38c ( -1.1 L  -0.9) LCB  -12.94c P 12.51% WF  85.4 PSV      42 N      87  --  R6 H7 Q13 Q6 Q7 P7 Q8 P8
F3  : T -10.77c W  -7.88c S  -0.30c ( -1.0 L  -0.8) LCB  -17.48c P  4.77% WF  18.6 PSV      12 N      19  --  F3 F2 E2 D2 G2 E1 H7 K6
J8  : T -17.70c W -16.33c S  -1.18c ( -2.1 L  -1.6) LCB  -26.76c P 10.91% WF  13.3 PSV      12 N      14  --  J8 C12 C10 D10 C9 D9
L17 : T -10.23c W  -9.02c S  -0.44c ( -1.2 L  -0.9) LCB  -16.56c P  3.06% WF  13.8 PSV       8 N      14  --  L17 M16 K14 D13 D14
E13 : T -11.61c W  -9.47c S  -0.49c ( -1.3 L  -0.9) LCB  -20.37c P  3.87% WF  12.7 PSV       8 N      13  --  E13 H7 H8 J8 H9 C15
D12 : T -14.33c W -11.38c S  -0.67c ( -1.5 L  -1.0) LCB  -24.43c P  4.64% WF   8.7 PSV       7 N       9  --  D12 H7 H8 J8 H9 J9
E14 : T  -7.51c W  -7.07c S  -0.28c ( -1.0 L  -0.7) LCB  -11.18c P  0.93% WF  34.8 PSV       5 N      35  --  E14 H7 H8 J8 H9 J9 H10 E7
Q13 : T -11.96c W -10.73c S  -0.58c ( -1.4 L  -1.1) LCB  -21.83c P  2.73% WF   8.8 PSV       5 N       9  --  Q13 C12 C10 D10 D9

2025-11-16 15:26:36-0500: = M16
2025-11-16 15:26:36-0500: Controller: genmove w
2025-11-16 15:26:37-0500: MoveNum: 25 HASH: 66D14554ABE6B6165184C26BBF760236
   A B C D E F G H J K L M N O P Q R S T
19 . . . . . . . . . . . . . . . . . . .
18 . . . . . . . . . . . . . . . . . . .
17 . . . X . . . . . . @ O . . O . . . .
16 . . . . . . . . . X . X3. . . . X . .
15 . . . . . . . . . . . . . . . O X . .
14 . . X . . . . . . . . . . . . O . . .
13 . . . . . . . . . . . . . . . . X . .
12 . . . . . . . . . . . . . . . . . . .
11 . . . . . . . . . . . . . . . . . . .
10 . . . . . . . . . . . . . . . . . . .
 9 . . . . . . . . . . . . . . . . . . .
 8 . . . . . X1. . . . . . . . . . . . .
 7 . . . . . . X . . . . . . . . . . . .
 6 . . . . . X O O . . . . . . . . . . .
 5 . . X . . . . . . . . . . . . . . . .
 4 . . . . X X O . . . . . . . . O . . .
 3 . . . O O . O . . . . . . O2. . . . .
 2 . . . . . . . . . . . . . . . . . . .
 1 . . . . . . . . . . . . . . . . . . .

koPOSITIONALscoreAREAtaxNONEsui1komi7.5
Time taken: 0.210882
Root visits: 805
New playouts: 320
NN rows: 246
NN batches: 82
NN avg batch size: 3
PV: N16 L17 M15 L16 C12 N17 N15 E13 C16 D16 C15 D14 B14 B13
Tree:
: T   3.61c W   3.89c S   0.05c ( +0.5 L  +0.5) N     805  --  N16 L17 M15 L16 C12 N17 N15
---White(^)---
N16 : T   4.01c W   4.46c S   0.13c ( +0.6 L  +0.5) LCB    1.77c P 34.50% WF 273.4 PSV     417 N     273  --  N16 L17 M15 L16 C12 N17 N15 E13
L17 : T   4.39c W   4.00c S   0.05c ( +0.5 L  +0.5) LCB    1.52c P 17.42% WF 365.8 PSV     364 N     364  --  L17 L16 J18 J17 C12 K18 C16 D16
E7  : T   5.05c W   5.61c S   0.25c ( +0.8 L  +0.6) LCB    0.91c P  3.09% WF  90.5 PSV      90 N      90  --  E7 F7 N16 L17 M15 L16 C12 N17
L16 : T  -3.59c W   0.11c S  -0.38c ( -0.0 L  +0.2) LCB  -13.14c P 24.85% WF  43.9 PSV      42 N      46  --  L16 L17 L15 N17 M18 N18 L18 K17
L18 : T  -5.74c W  -4.17c S  -0.85c ( -0.6 L  -0.2) LCB  -14.71c P  9.07% WF  12.4 PSV      12 N      13  --  L18 L17 M18 K18 J18
H7  : T  -1.85c W  -0.80c S  -0.50c ( -0.2 L  +0.0) LCB  -16.60c P  2.89% WF   6.8 PSV       6 N       7  --  H7 L17 M18 N16
C4  : T  -1.01c W  -0.73c S  -0.48c ( -0.1 L  +0.1) LCB  -45.09c P  1.92% WF   3.9 PSV       4 N       4  --  C4 B4 L16
C12 : T  -1.51c W  -0.09c S  -0.38c ( -0.0 L  +0.2) LCB  -30.31c P  1.24% WF   4.9 PSV       2 N       5  --  C12 L17 M18
N17 : T  -5.81c W  -5.39c S  -0.99c ( -0.8 L  -0.3) LCB -154.76c P  0.50% WF   1.9 PSV       0 N       2  --  N17 L17

2025-11-16 15:26:37-0500: = L17
2025-11-16 15:26:37-0500: Controller: genmove b
2025-11-16 15:26:37-0500: MoveNum: 26 HASH: 5F37E7295C1D744D56AC561009BCE951
   A B C D E F G H J K L M N O P Q R S T
19 . . . . . . . . . . . . . . . . . . .
18 . . . . . . . . . . . . . . . . . . .
17 . . . X . . . . . . O3O . . O . . . .
16 . . . . . . . . . X @ X2. . . . X . .
15 . . . . . . . . . . . . . . . O X . .
14 . . X . . . . . . . . . . . . O . . .
13 . . . . . . . . . . . . . . . . X . .
12 . . . . . . . . . . . . . . . . . . .
11 . . . . . . . . . . . . . . . . . . .
10 . . . . . . . . . . . . . . . . . . .
 9 . . . . . . . . . . . . . . . . . . .
 8 . . . . . X . . . . . . . . . . . . .
 7 . . . . . . X . . . . . . . . . . . .
 6 . . . . . X O O . . . . . . . . . . .
 5 . . X . . . . . . . . . . . . . . . .
 4 . . . . X X O . . . . . . . . O . . .
 3 . . . O O . O . . . . . . O1. . . . .
 2 . . . . . . . . . . . . . . . . . . .
 1 . . . . . . . . . . . . . . . . . . .

koPOSITIONALscoreAREAtaxNONEsui1komi7.5
Time taken: 0.325528
Root visits: 805
New playouts: 441
NN rows: 405
NN batches: 136
NN avg batch size: 2.97794
PV: L16 J18 J17 H17 N17 N16 K18 N18 H18 C12 N15 O17 E13 C9 D11 C11 D10 B8
Tree:
: T  -2.02c W  -1.88c S   0.08c ( -0.3 L  -0.3) N     805  --  L16 J18 J17 H17 N17 N16 K18
---Black(^)---
L16 : T  -1.25c W  -1.25c S   0.14c ( -0.2 L  -0.3) LCB   -3.13c P 53.03% WF 778.8 PSV     775 N     776  --  L16 J18 J17 H17 N17 N16 K18 N18
K17 : T -28.74c W -23.48c S  -2.21c ( -3.2 L  -2.4) LCB  -34.87c P 36.31% WF  17.9 PSV      20 N      21  --  K17 L16 L15 K15 L14 J15 H16 N16
F3  : T -11.89c W  -9.91c S  -0.76c ( -1.3 L  -1.0) LCB  -85.95c P  1.64% WF   2.9 PSV       2 N       3  --  F3 F2 E2
N16 : T -25.15c W -20.02c S  -1.75c ( -2.6 L  -2.0) LCB -174.66c P  1.76% WF   1.9 PSV       1 N       2  --  N16 L16
H7  : T -22.80c W -20.90c S  -1.90c ( -2.8 L  -2.2) LCB -372.80c P  2.42% WF   0.9 PSV       1 N       1  --  H7
N17 : T -26.19c W -23.94c S  -2.25c ( -3.2 L  -2.5) LCB -376.19c P  1.44% WF   0.9 PSV       0 N       1  --  N17

2025-11-16 15:26:37-0500: = L16
2025-11-16 15:26:37-0500: Controller: genmove w
2025-11-16 15:26:37-0500: MoveNum: 27 HASH: AC5E1796673F6528403B9AA647086C36
   A B C D E F G H J K L M N O P Q R S T
19 . . . . . . . . . . . . . . . . . . .
18 . . . . . . . . @ . . . . . . . . . .
17 . . . X . . . . . . O2O . . O . . . .
16 . . . . . . . . . X X3X1. . . . X . .
15 . . . . . . . . . . . . . . . O X . .
14 . . X . . . . . . . . . . . . O . . .
13 . . . . . . . . . . . . . . . . X . .
12 . . . . . . . . . . . . . . . . . . .
11 . . . . . . . . . . . . . . . . . . .
10 . . . . . . . . . . . . . . . . . . .
 9 . . . . . . . . . . . . . . . . . . .
 8 . . . . . X . . . . . . . . . . . . .
 7 . . . . . . X . . . . . . . . . . . .
 6 . . . . . X O O . . . . . . . . . . .
 5 . . X . . . . . . . . . . . . . . . .
 4 . . . . X X O . . . . . . . . O . . .
 3 . . . O O . O . . . . . . O . . . . .
 2 . . . . . . . . . . . . . . . . . . .
 1 . . . . . . . . . . . . . . . . . . .

koPOSITIONALscoreAREAtaxNONEsui1komi7.5
Time taken: 0.04175
Root visits: 802
New playouts: 26
NN rows: 22
NN batches: 15
NN avg batch size: 1.46667
PV: J18 J17 H17 N17 N16 K18 N18 H18 C12 N15 O17 E13 C9 D11 C11 D10 B8
Tree:
: T   1.13c W   1.13c S   0.03c ( +0.2 L  +0.3) N     802  --  J18 J17 H17 N17 N16 K18 N18
---White(^)---
J18 : T   2.06c W   1.92c S   0.11c ( +0.3 L  +0.3) LCB   -0.52c P 26.65% WF 497.0 PSV     493 N     494  --  J18 J17 H17 N17 N16 K18 N18 H18
H7  : T   1.32c W   1.29c S   0.04c ( +0.2 L  +0.2) LCB   -3.42c P  8.55% WF  74.9 PSV      75 N      75  --  H7 K17 C12 Q17 Q18 R18 Q16 R17
K17 : T  -3.22c W  -2.62c S  -0.36c ( -0.3 L  -0.1) LCB   -7.97c P 25.73% WF  77.4 PSV      64 N      80  --  K17 J17 J16 H17 H16 G16 G15 F16
C12 : T   1.91c W   1.34c S   0.06c ( +0.2 L  +0.3) LCB   -2.29c P  4.21% WF  61.1 PSV      61 N      61  --  C12 K17 C9 E13 E7 F7 C7 D11
E7  : T  -0.62c W  -0.03c S  -0.06c ( +0.0 L  +0.2) LCB   -6.74c P  9.32% WF  18.8 PSV      19 N      19  --  E7 F7 C12 K17 C9 D10 C10 D12
D13 : T   1.11c W   1.46c S   0.10c ( +0.2 L  +0.3) LCB   -3.08c P  1.46% WF  45.7 PSV      12 N      46  --  D13 D14 J18 E13 E12 F13 F12 G12
C4  : T  -3.38c W  -3.18c S  -0.45c ( -0.5 L  -0.1) LCB  -14.14c P  4.14% WF   8.8 PSV       9 N       9  --  C4 B4 D5 D4 C3
N16 : T  -4.67c W  -6.37c S  -0.73c ( -0.8 L  -0.4) LCB  -33.94c P  5.09% WF   4.9 PSV       5 N       5  --  N16 K17 N15 F13 H7
Q13 : T  -0.72c W   0.62c S   0.02c ( +0.1 L  +0.2) LCB  -44.06c P  1.16% WF   4.0 PSV       4 N       4  --  Q13 R12 J18
N17 : T -13.86c W -12.72c S  -1.41c ( -1.7 L  -0.9) LCB  -87.72c P  5.08% WF   2.9 PSV       3 N       3  --  N17 K17 H7

2025-11-16 15:26:37-0500: = J18
2025-11-16 15:26:37-0500: Controller: genmove b
2025-11-16 15:26:37-0500: MoveNum: 28 HASH: 4475268DDE623ADB0514EEFF9B39C985
   A B C D E F G H J K L M N O P Q R S T
19 . . . . . . . . . . . . . . . . . . .
18 . . . . . . . . O3. . . . . . . . . .
17 . . . X . . . . @ . O1O . . O . . . .
16 . . . . . . . . . X X2X . . . . X . .
15 . . . . . . . . . . . . . . . O X . .
14 . . X . . . . . . . . . . . . O . . .
13 . . . . . . . . . . . . . . . . X . .
12 . . . . . . . . . . . . . . . . . . .
11 . . . . . . . . . . . . . . . . . . .
10 . . . . . . . . . . . . . . . . . . .
 9 . . . . . . . . . . . . . . . . . . .
 8 . . . . . X . . . . . . . . . . . . .
 7 . . . . . . X . . . . . . . . . . . .
 6 . . . . . X O O . . . . . . . . . . .
 5 . . X . . . . . . . . . . . . . . . .
 4 . . . . X X O . . . . . . . . O . . .
 3 . . . O O . O . . . . . . O . . . . .
 2 . . . . . . . . . . . . . . . . . . .
 1 . . . . . . . . . . . . . . . . . . .

koPOSITIONALscoreAREAtaxNONEsui1komi7.5
Time taken: 0.235024
Root visits: 805
New playouts: 311
NN rows: 274
NN batches: 92
NN avg batch size: 2.97826
PV: J17 H17 N17 N16 K18 N18 H18 C12 N15 O17 E13 C16 D16 C15 D14
Tree:
: T  -0.79c W  -0.97c S   0.02c ( -0.2 L  -0.2) N     805  --  J17 H17 N17 N16 K18 N18 H18
---Black(^)---
J17 : T   1.53c W   0.87c S   0.20c ( +0.1 L  -0.1) LCB   -0.67c P 10.88% WF 652.3 PSV     642 N     642  --  J17 H17 N17 N16 K18 N18 H18 C12
H17 : T -11.71c W -10.00c S  -0.93c ( -1.3 L  -1.0) LCB  -17.82c P 29.00% WF  36.1 PSV      35 N      39  --  H17 C12 C10 D10 C9 D9 D11
N17 : T  -8.74c W  -7.18c S  -0.60c ( -0.9 L  -0.8) LCB  -14.94c P 18.87% WF  70.1 PSV      29 N      75  --  N17 N18 K18 K17 J17 L18 H18 J16
H7  : T -16.20c W -13.76c S  -1.27c ( -1.8 L  -1.4) LCB  -25.29c P 10.71% WF   9.2 PSV       9 N      10  --  H7 C12 C10 D10 D9 D11
K18 : T -13.55c W -11.89c S  -1.08c ( -1.5 L  -1.2) LCB  -27.56c P  6.97% WF   9.2 PSV       7 N      10  --  K18 K17 J17 H18 N17 L18 M18 K19
R6  : T  -9.56c W  -8.27c S  -0.67c ( -1.0 L  -0.8) LCB  -19.35c P  4.79% WF  10.5 PSV       6 N      11  --  R6 H17 H7 C12 C10
F3  : T  -9.97c W  -5.63c S  -0.42c ( -0.7 L  -0.6) LCB  -32.01c P  3.01% WF   5.7 PSV       4 N       6  --  F3 F2 E2 D2
D12 : T -17.22c W -11.89c S  -1.05c ( -1.5 L  -1.1) LCB  -48.09c P  4.68% WF   4.7 PSV       4 N       5  --  D12 H17 R6 H7
J8  : T -17.40c W -14.99c S  -1.35c ( -1.9 L  -1.5) LCB -166.39c P  2.43% WF   1.9 PSV       2 N       2  --  J8 C12
D11 : T -16.41c W -15.03c S  -1.38c ( -1.9 L  -1.4) LCB -366.41c P  1.97% WF   1.0 PSV       1 N       1  --  D11

2025-11-16 15:26:37-0500: = J17
2025-11-16 15:26:37-0500: Controller: genmove w
2025-11-16 15:26:38-0500: MoveNum: 29 HASH: C889165E287035BD0BC10A1BC8684840
   A B C D E F G H J K L M N O P Q R S T
19 . . . . . . . . . . . . . . . . . . .
18 . . . . . . . . O2. . . . . . . . . .
17 . . . X . . . @ X3. O O . . O . . . .
16 . . . . . . . . . X X1X . . . . X . .
15 . . . . . . . . . . . . . . . O X . .
14 . . X . . . . . . . . . . . . O . . .
13 . . . . . . . . . . . . . . . . X . .
12 . . . . . . . . . . . . . . . . . . .
11 . . . . . . . . . . . . . . . . . . .
10 . . . . . . . . . . . . . . . . . . .
 9 . . . . . . . . . . . . . . . . . . .
 8 . . . . . X . . . . . . . . . . . . .
 7 . . . . . . X . . . . . . . . . . . .
 6 . . . . . X O O . . . . . . . . . . .
 5 . . X . . . . . . . . . . . . . . . .
 4 . . . . X X O . . . . . . . . O . . .
 3 . . . O O . O . . . . . . O . . . . .
 2 . . . . . . . . . . . . . . . . . . .
 1 . . . . . . . . . . . . . . . . . . .

koPOSITIONALscoreAREAtaxNONEsui1komi7.5
Time taken: 0.117811
Root visits: 805
New playouts: 163
NN rows: 144
NN batches: 49
NN avg batch size: 2.93878
PV: H17 N17 N16 K18 N18 H18 C12 N15 O17 E13 C16 D16 C15 D14
Tree:
: T  -1.53c W  -0.99c S  -0.03c ( -0.1 L  +0.1) N     805  --  H17 N17 N16 K18 N18 H18 C12
---White(^)---
H17 : T  -1.52c W  -0.79c S  -0.02c ( -0.1 L  +0.1) LCB   -4.50c P 31.13% WF 393.6 PSV     394 N     394  --  H17 N17 N16 K18 N18 H18 C12 N15
H18 : T  -2.02c W  -2.16c S  -0.15c ( -0.2 L  -0.1) LCB   -6.68c P 43.05% WF 177.3 PSV     178 N     178  --  H18 N17 N18 K18 N16 K17 F16 E15
D16 : T   0.14c W   0.86c S   0.19c ( +0.2 L  +0.2) LCB   -3.63c P  1.94% WF  58.6 PSV      58 N      58  --  D16 E16 D15 C17 C12 D13 D12 E13
D13 : T   1.41c W   1.78c S   0.27c ( +0.3 L  +0.3) LCB   -2.94c P  0.94% WF  59.0 PSV      58 N      58  --  D13 C13 H17 K18 K17 J16 H18 N17
C12 : T  -1.61c W  -1.23c S  -0.05c ( -0.1 L  +0.0) LCB   -6.97c P  2.04% WF  53.0 PSV      24 N      53  --  C12 K18 N17 H18 C9 Q17 Q18 R18
K17 : T  -6.14c W  -4.79c S  -0.44c ( -0.6 L  -0.3) LCB  -16.46c P  7.31% WF  19.5 PSV      19 N      20  --  K17 N17 N16 H18 N18 J16 C12
H7  : T  -1.51c W  -0.55c S  -0.03c ( -0.1 L  +0.1) LCB   -9.31c P  1.36% WF  18.0 PSV      17 N      18  --  H7 K18 K17 H18 J16 H17 L18
C13 : T   1.07c W   0.37c S   0.13c ( +0.1 L  +0.2) LCB  -11.20c P  1.04% WF   7.1 PSV       7 N       7  --  C13 D13 C12 B14 D12
E7  : T  -5.73c W  -2.49c S  -0.16c ( -0.3 L  -0.0) LCB  -20.24c P  2.28% WF   7.9 PSV       6 N       8  --  E7 F7 C11 K18 C8 N17
C4  : T  -6.90c W  -5.89c S  -0.55c ( -0.8 L  -0.3) LCB  -26.43c P  0.94% WF   5.9 PSV       2 N       6  --  C4 B4 H18 N17

2025-11-16 15:26:38-0500: = H17
2025-11-16 15:26:38-0500: Controller: genmove b
2025-11-16 15:26:38-0500: MoveNum: 30 HASH: F2E76191CCBCD9CB82F9426DB92E1C4D
   A B C D E F G H J K L M N O P Q R S T
19 . . . . . . . . . . . . . . . . . . .
18 . . . . . . . . O1. . . . . . . . . .
17 . . . X . . . O3X2. O O @ . O . . . .
16 . . . . . . . . . X X X . . . . X . .
15 . . . . . . . . . . . . . . . O X . .
14 . . X . . . . . . . . . . . . O . . .
13 . . . . . . . . . . . . . . . . X . .
12 . . . . . . . . . . . . . . . . . . .
11 . . . . . . . . . . . . . . . . . . .
10 . . . . . . . . . . . . . . . . . . .
 9 . . . . . . . . . . . . . . . . . . .
 8 . . . . . X . . . . . . . . . . . . .
 7 . . . . . . X . . . . . . . . . . . .
 6 . . . . . X O O . . . . . . . . . . .
 5 . . X . . . . . . . . . . . . . . . .
 4 . . . . X X O . . . . . . . . O . . .
 3 . . . O O . O . . . . . . O . . . . .
 2 . . . . . . . . . . . . . . . . . . .
 1 . . . . . . . . . . . . . . . . . . .

koPOSITIONALscoreAREAtaxNONEsui1komi7.5
Time taken: 0.282213
Root visits: 805
New playouts: 411
NN rows: 332
NN batches: 112
NN avg batch size: 2.96429
PV: N17 G18 N18 K17 O15 O14 J16 N15 N16 E18 N14 N13
Tree:
: T   1.27c W   0.87c S   0.03c ( +0.1 L  -0.1) N     805  --  N17 G18 N18 K17 O15 O14 J16
---Black(^)---
N17 : T   3.03c W   2.43c S   0.18c ( +0.3 L  +0.0) LCB    0.46c P 17.53% WF 649.3 PSV     640 N     641  --  N17 G18 N18 K17 O15 O14 J16 N15
H16 : T  -3.10c W  -2.71c S  -0.34c ( -0.4 L  -0.4) LCB   -7.84c P 27.79% WF  78.0 PSV      75 N      81  --  H16 G17 K18 K17 J16 L18 H18 K19
K18 : T  -8.31c W  -8.03c S  -0.83c ( -1.0 L  -0.8) LCB  -17.03c P 48.59% WF  72.2 PSV      73 N      78  --  K18 K17 J16 H18 N17 L18 M18 K19
F3  : T -21.31c W -19.24c S  -2.07c ( -2.6 L  -2.0) LCB -371.31c P  1.51% WF   0.9 PSV       1 N       1  --  F3
H18 : T -28.00c W -21.47c S  -2.34c ( -2.9 L  -2.3) LCB -177.82c P  0.84% WF   1.8 PSV       0 N       2  --  H18 G18
H7  : T -25.43c W -23.01c S  -2.42c ( -3.0 L  -2.3) LCB -375.43c P  0.66% WF   0.9 PSV       0 N       1  --  H7

2025-11-16 15:26:38-0500: = N17
2025-11-16 15:26:38-0500: Controller: genmove w
2025-11-16 15:26:38-0500: MoveNum: 31 HASH: 24E9B6E0553FCA01508C9BBFAE904B4D
   A B C D E F G H J K L M N O P Q R S T
19 . . . . . . . . . . . . . . . . . . .
18 . . . . . . @ . O . . . . . . . . . .
17 . . . X . . . O2X1. O O X3. O . . . .
16 . . . . . . . . . X X X . . . . X . .
15 . . . . . . . . . . . . . . . O X . .
14 . . X . . . . . . . . . . . . O . . .
13 . . . . . . . . . . . . . . . . X . .
12 . . . . . . . . . . . . . . . . . . .
11 . . . . . . . . . . . . . . . . . . .
10 . . . . . . . . . . . . . . . . . . .
 9 . . . . . . . . . . . . . . . . . . .
 8 . . . . . X . . . . . . . . . . . . .
 7 . . . . . . X . . . . . . . . . . . .
 6 . . . . . X O O . . . . . . . . . . .
 5 . . X . . . . . . . . . . . . . . . .
 4 . . . . X X O . . . . . . . . O . . .
 3 . . . O O . O . . . . . . O . . . . .
 2 . . . . . . . . . . . . . . . . . . .
 1 . . . . . . . . . . . . . . . . . . .

koPOSITIONALscoreAREAtaxNONEsui1komi7.5
Time taken: 0.133684
Root visits: 805
New playouts: 164
NN rows: 162
NN batches: 55
NN avg batch size: 2.94545
PV: G18 N18 Q13 R12 Q12 R11 Q11 Q10 P10 P9 O10
Tree:
: T  -2.75c W  -2.55c S  -0.09c ( -0.3 L  -0.0) N     805  --  G18 N18 Q13 R12 Q12 R11 Q11
---White(^)---
G18 : T  -0.06c W  -0.52c S   0.10c ( -0.1 L  +0.2) LCB   -4.77c P  6.50% WF 283.7 PSV     647 N     278  --  G18 N18 Q13 R12 Q12 R11 Q11 Q10
N18 : T  -4.09c W  -3.58c S  -0.19c ( -0.4 L  -0.2) LCB   -6.93c P 56.61% WF 273.0 PSV     277 N     277  --  N18 K18 D16 C16 E16 D15 C17 C18
D16 : T   1.04c W   0.62c S   0.27c ( +0.2 L  +0.2) LCB   -3.57c P  2.23% WF  33.6 PSV      33 N      33  --  D16 C16 E17 D15 E16 D18 C17 C18
N16 : T  -3.62c W  -3.25c S  -0.16c ( -0.4 L  -0.1) LCB   -8.20c P  3.18% WF 134.9 PSV      18 N     136  --  N16 K18 N18 H18 C12 N15 O17 E13
K17 : T -13.74c W -11.93c S  -1.12c ( -1.6 L  -0.9) LCB  -21.25c P 13.93% WF  17.0 PSV      18 N      18  --  K17 J16 G18 M18 L18 L19 K18 O15
E7  : T  -2.47c W  -2.88c S  -0.10c ( -0.3 L  -0.1) LCB  -11.70c P  1.17% WF  24.0 PSV      10 N      24  --  E7 F7 N18 K18 N16 H18 C12 C10
R14 : T  -4.71c W  -2.18c S  -0.06c ( -0.3 L  -0.0) LCB  -13.94c P  2.19% WF  18.8 PSV       9 N      19  --  R14 S14 N18 K18 N16 H18 G18 J19
Q13 : T  -4.28c W  -3.97c S  -0.26c ( -0.5 L  -0.2) LCB  -25.32c P  1.20% WF   6.0 PSV       5 N       6  --  Q13 R12 N18 K18
K18 : T -16.40c W -15.08c S  -1.42c ( -2.0 L  -1.1) LCB  -45.88c P  4.37% WF   4.7 PSV       4 N       5  --  K18 N16 F17 H16
R17 : T -18.76c W -12.99c S  -1.13c ( -1.6 L  -0.9) LCB -168.78c P  2.02% WF   1.9 PSV       1 N       2  --  R17 Q16

2025-11-16 15:26:38-0500: = G18
2025-11-16 15:26:38-0500: Controller: genmove b
2025-11-16 15:26:39-0500: MoveNum: 32 HASH: E65FD2559B17D29C4D0FCFA0FAD474C3
   A B C D E F G H J K L M N O P Q R S T
19 . . . . . . . . . . . . . . . . . . .
18 . . . . . . O3. O . . . @ . . . . . .
17 . . . X . . . O1X . O O X2. O . . . .
16 . . . . . . . . . X X X . . . . X . .
15 . . . . . . . . . . . . . . . O X . .
14 . . X . . . . . . . . . . . . O . . .
13 . . . . . . . . . . . . . . . . X . .
12 . . . . . . . . . . . . . . . . . . .
11 . . . . . . . . . . . . . . . . . . .
10 . . . . . . . . . . . . . . . . . . .
 9 . . . . . . . . . . . . . . . . . . .
 8 . . . . . X . . . . . . . . . . . . .
 7 . . . . . . X . . . . . . . . . . . .
 6 . . . . . X O O . . . . . . . . . . .
 5 . . X . . . . . . . . . . . . . . . .
 4 . . . . X X O . . . . . . . . O . . .
 3 . . . O O . O . . . . . . O . . . . .
 2 . . . . . . . . . . . . . . . . . . .
 1 . . . . . . . . . . . . . . . . . . .

koPOSITIONALscoreAREAtaxNONEsui1komi7.5
Time taken: 0.363604
Root visits: 805
New playouts: 527
NN rows: 434
NN batches: 146
NN avg batch size: 2.9726
PV: N18 K17 O15 O14 J16 N15 O16 Q16 R17 M14 N16 G15 F17
Tree:
: T   4.33c W   3.61c S   0.33c ( +0.5 L  +0.1) N     805  --  N18 K17 O15 O14 J16 N15 O16
---Black(^)---
N18 : T   7.43c W   5.92c S   0.57c ( +0.8 L  +0.4) LCB    4.05c P 14.23% WF 493.0 PSV     481 N     482  --  N18 K17 O15 O14 J16 N15 O16 Q16
M18 : T  -1.66c W  -0.85c S  -0.13c ( -0.1 L  -0.3) LCB   -8.06c P 28.87% WF 111.7 PSV      59 N     118  --  M18 L18 N18 N16 K18 K19 K17 L19
K17 : T   3.47c W   3.37c S   0.28c ( +0.4 L  +0.1) LCB   -2.43c P 10.09% WF 146.5 PSV      43 N     149  --  K17 N18 K18 N16 F17 E16 E17 H15
H16 : T   0.17c W   0.03c S  -0.03c ( -0.0 L  -0.2) LCB   -9.32c P  4.53% WF  22.4 PSV      11 N      23  --  H16 G16 F17 G17 K18 N18 M18 N16
K18 : T -30.75c W -23.46c S  -2.60c ( -3.3 L  -2.7) LCB  -69.28c P 19.53% WF   8.4 PSV       9 N      10  --  K18 K17 J16 L18 M18 K19 O15
O18 : T -10.04c W -10.58c S  -1.14c ( -1.4 L  -1.1) LCB  -55.37c P  4.03% WF   3.8 PSV       4 N       4  --  O18 Q13
O17 : T  -8.94c W  -7.23c S  -0.76c ( -0.9 L  -0.9) LCB  -53.00c P  3.52% WF   3.8 PSV       4 N       4  --  O17 P18 R18
N16 : T  -9.11c W  -6.26c S  -0.66c ( -0.8 L  -0.7) LCB  -83.29c P  3.08% WF   2.9 PSV       3 N       3  --  N16 P12 S12
F3  : T  -8.75c W  -6.65c S  -0.69c ( -0.9 L  -0.7) LCB  -52.52c P  2.15% WF   3.8 PSV       2 N       4  --  F3 F2 G2
F17 : T -14.57c W -11.89c S  -1.28c ( -1.6 L  -1.2) LCB -163.61c P  1.89% WF   1.9 PSV       1 N       2  --  F17 N18

2025-11-16 15:26:39-0500: = N18
2025-11-16 15:26:39-0500: Controller: genmove w
2025-11-16 15:26:39-0500: MoveNum: 33 HASH: C29683D668A60DF81BC39D21BA36121B
   A B C D E F G H J K L M N O P Q R S T
19 . . . . . . . . . . . . . . . . . . .
18 . . . . . . O2. O . . . X3. . . . . .
17 . . . X . . . O X . O O X1. O . . . .
16 . . . . . . . . . X X X . . . . X . .
15 . . . . . . . . . . . . . . . O X . .
14 . . X . . . . . . . . . . . . O . . .
13 . . . . . . . . . . . . . . . @ X . .
12 . . . . . . . . . . . . . . . . . . .
11 . . . . . . . . . . . . . . . . . . .
10 . . . . . . . . . . . . . . . . . . .
 9 . . . . . . . . . . . . . . . . . . .
 8 . . . . . X . . . . . . . . . . . . .
 7 . . . . . . X . . . . . . . . . . . .
 6 . . . . . X O O . . . . . . . . . . .
 5 . . X . . . . . . . . . . . . . . . .
 4 . . . . X X O . . . . . . . . O . . .
 3 . . . O O . O . . . . . . O . . . . .
 2 . . . . . . . . . . . . . . . . . . .
 1 . . . . . . . . . . . . . . . . . . .

koPOSITIONALscoreAREAtaxNONEsui1komi7.5
Time taken: 0.19617
Root visits: 805
New playouts: 323
NN rows: 240
NN batches: 81
NN avg batch size: 2.96296
PV: Q13 R12 K17 O15 R14 S14 Q12 J16 S15 S13 R17 S16 Q16 S17 N14 O14 O13
Tree:
: T  -9.41c W  -7.57c S  -0.38c ( -1.0 L  -0.5) N     805  --  Q13 R12 K17 O15 R14 S14 Q12
---White(^)---
Q13 : T  -7.55c W  -6.69c S  -0.29c ( -0.9 L  -0.5) LCB  -12.32c P  4.55% WF 271.9 PSV     465 N     269  --  Q13 R12 K17 O15 R14 S14 Q12 J16
K17 : T  -8.82c W  -6.69c S  -0.28c ( -0.9 L  -0.5) LCB  -12.42c P 56.93% WF 445.4 PSV     445 N     445  --  K17 O15 Q13 R12 R14 S14 Q12 J16
R14 : T -13.71c W  -9.43c S  -0.58c ( -1.3 L  -0.7) LCB  -24.51c P  7.35% WF  24.3 PSV      19 N      25  --  R14 S14 Q13 R12 S13 S12 S15 T13
P12 : T -23.67c W -18.95c S  -1.60c ( -2.6 L  -1.6) LCB  -42.53c P  9.08% WF  13.0 PSV      10 N      14  --  P12 F17 K17 J16 H16 O15 Q16
D16 : T -10.79c W  -9.75c S  -0.59c ( -1.3 L  -0.7) LCB  -20.45c P  1.81% WF   9.9 PSV       7 N      10  --  D16 E16 D15 C17 B16
R17 : T -23.28c W -19.42c S  -1.61c ( -2.6 L  -1.5) LCB  -66.61c P  3.70% WF   3.8 PSV       4 N       4  --  R17 Q16 P16 Q17
N15 : T -12.26c W -10.41c S  -0.68c ( -1.4 L  -0.8) LCB  -30.62c P  1.09% WF   6.9 PSV       3 N       7  --  N15 K17 E18 Q13 P13 P12
E7  : T -16.84c W -16.39c S  -1.30c ( -2.2 L  -1.3) LCB  -90.99c P  1.74% WF   2.9 PSV       3 N       3  --  E7 F7 K17
E15 : T -17.36c W -12.54c S  -0.85c ( -1.6 L  -0.9) LCB  -53.49c P  1.56% WF   4.8 PSV       2 N       5  --  E15 F17 C15 H16
N16 : T -39.52c W -32.65c S  -3.09c ( -4.5 L  -3.1) LCB -114.76c P  3.45% WF   2.7 PSV       2 N       3  --  N16 K17 E18

2025-11-16 15:26:39-0500: = Q13
2025-11-16 15:26:39-0500: Controller: genmove b
2025-11-16 15:26:39-0500: MoveNum: 34 HASH: 1990A19044CFB15F67BE96B9795FD962
   A B C D E F G H J K L M N O P Q R S T
19 . . . . . . . . . . . . . . . . . . .
18 . . . . . . O1. O . . . X2. . . . . .
17 . . . X . . . O X . O O X . O . . . .
16 . . . . . . . . . X X X . . . . X . .
15 . . . . . . . . . . . . . . . O X . .
14 . . X . . . . . . . . . . . . O . . .
13 . . . . . . . . . . . . . . . O3X . .
12 . . . . . . . . . . . . . . . . @ . .
11 . . . . . . . . . . . . . . . . . . .
10 . . . . . . . . . . . . . . . . . . .
 9 . . . . . . . . . . . . . . . . . . .
 8 . . . . . X . . . . . . . . . . . . .
 7 . . . . . . X . . . . . . . . . . . .
 6 . . . . . X O O . . . . . . . . . . .
 5 . . X . . . . . . . . . . . . . . . .
 4 . . . . X X O . . . . . . . . O . . .
 3 . . . O O . O . . . . . . O . . . . .
 2 . . . . . . . . . . . . . . . . . . .
 1 . . . . . . . . . . . . . . . . . . .

koPOSITIONALscoreAREAtaxNONEsui1komi7.5
Time taken: 0.373724
Root visits: 805
New playouts: 536
NN rows: 445
NN batches: 149
NN avg batch size: 2.98658
PV: R12 K17 O15 R14 S14 Q12 J16 S15 S13 R17 S16 Q16 S17 H16 O13 Q10 O11 R11
Tree:
: T  10.54c W   9.25c S   0.49c ( +1.2 L  +0.7) N     805  --  R12 K17 O15 R14 S14 Q12 J16
---Black(^)---
R12 : T  10.86c W   9.51c S   0.52c ( +1.2 L  +0.7) LCB    7.99c P 81.43% WF 789.7 PSV     789 N     790  --  R12 K17 O15 R14 S14 Q12 J16 S15
R14 : T  -9.91c W  -5.99c S  -1.11c ( -0.8 L  -0.7) LCB  -24.36c P  9.43% WF   8.2 PSV       8 N       9  --  R14 Q12 R11 K17 J16 N16 O16
S12 : T  -7.26c W  -7.84c S  -1.27c ( -1.0 L  -0.8) LCB -156.37c P  2.80% WF   1.9 PSV       2 N       2  --  S12 K17
F3  : T -21.62c W -19.14c S  -2.48c ( -2.7 L  -2.1) LCB -371.62c P  2.91% WF   0.9 PSV       1 N       1  --  F3
F17 : T  -4.97c W  -4.07c S  -0.90c ( -0.6 L  -0.7) LCB -354.97c P  1.53% WF   1.0 PSV       1 N       1  --  F17
Q16 : T   7.17c W   6.99c S   0.17c ( +0.8 L  +0.3) LCB -342.83c P  0.57% WF   1.0 PSV       1 N       1  --  Q16

2025-11-16 15:26:39-0500: = R12
2025-11-16 15:26:39-0500: Controller: genmove w
2025-11-16 15:26:39-0500: MoveNum: 35 HASH: 7B512841572208739E4BDC6C6100166A
   A B C D E F G H J K L M N O P Q R S T
19 . . . . . . . . . . . . . . . . . . .
18 . . . . . . O . O . . . X1. . . . . .
17 . . . X . . . O X @ O O X . O . . . .
16 . . . . . . . . . X X X . . . . X . .
15 . . . . . . . . . . . . . . . O X . .
14 . . X . . . . . . . . . . . . O . . .
13 . . . . . . . . . . . . . . . O2X . .
12 . . . . . . . . . . . . . . . . X3. .
11 . . . . . . . . . . . . . . . . . . .
10 . . . . . . . . . . . . . . . . . . .
 9 . . . . . . . . . . . . . . . . . . .
 8 . . . . . X . . . . . . . . . . . . .
 7 . . . . . . X . . . . . . . . . . . .
 6 . . . . . X O O . . . . . . . . . . .
 5 . . X . . . . . . . . . . . . . . . .
 4 . . . . X X O . . . . . . . . O . . .
 3 . . . O O . O . . . . . . O . . . . .
 2 . . . . . . . . . . . . . . . . . . .
 1 . . . . . . . . . . . . . . . . . . .

koPOSITIONALscoreAREAtaxNONEsui1komi7.5
Time taken: 0.025386
Root visits: 800
New playouts: 10
NN rows: 9
NN batches: 9
NN avg batch size: 1
PV: K17 O15 R14 S14 Q12 J16 S15 S13 R17 S16 Q16 S17 H16 O13 Q10 O11 R11
Tree:
: T -10.54c W  -9.63c S  -0.34c ( -1.3 L  -0.8) N     800  --  K17 O15 R14 S14 Q12 J16 S15
---White(^)---
K17 : T  -8.66c W  -8.09c S  -0.17c ( -1.0 L  -0.6) LCB  -12.23c P 15.36% WF 543.4 PSV     643 N     536  --  K17 O15 R14 S14 Q12 J16 S15 S13
Q12 : T -14.25c W -12.84c S  -0.69c ( -1.7 L  -1.1) LCB  -19.18c P 56.20% WF 178.4 PSV     182 N     185  --  Q12 F17 H15 K18 R14 S14 S15 S16
R14 : T -13.43c W -11.60c S  -0.56c ( -1.5 L  -0.9) LCB  -21.36c P 15.48% WF  62.6 PSV      58 N      64  --  R14 S14 S13 S12 S15 T13 R17 S16
P11 : T -26.71c W -22.78c S  -1.72c ( -3.1 L  -2.1) LCB  -71.59c P  3.66% WF   3.8 PSV       3 N       4  --  P11 F17 K17 J16
N15 : T -17.32c W -12.69c S  -0.73c ( -1.8 L  -1.0) LCB  -92.21c P  0.79% WF   2.9 PSV       1 N       3  --  N15 K17 K18
N16 : T -33.04c W -26.25c S  -2.16c ( -3.6 L  -2.5) LCB -183.08c P  2.30% WF   1.9 PSV       1 N       2  --  N16 K17
E7  : T -24.11c W -22.30c S  -1.80c ( -3.2 L  -2.0) LCB -374.11c P  0.86% WF   1.0 PSV       1 N       1  --  E7
R17 : T -21.75c W -19.73c S  -1.43c ( -2.6 L  -1.5) LCB -170.70c P  0.68% WF   1.9 PSV       0 N       2  --  R17 Q16
Q16 : T -28.19c W -25.99c S  -2.20c ( -3.6 L  -2.3) LCB -378.19c P  0.83% WF   1.0 PSV       0 N       1  --  Q16
K18 : T -33.85c W -31.01c S  -2.84c ( -4.5 L  -2.9) LCB -383.85c P  0.52% WF   0.9 PSV       0 N       1  --  K18

2025-11-16 15:26:39-0500: = K17
2025-11-16 15:26:39-0500: Controller: genmove b
2025-11-16 15:26:40-0500: MoveNum: 36 HASH: EDFA2F0B08538DB3FA7362499D9C471D
   A B C D E F G H J K L M N O P Q R S T
19 . . . . . . . . . . . . . . . . . . .
18 . . . . . . O . O . . . X . . . . . .
17 . . . X . . . O X O3O O X . O . . . .
16 . . . . . . . . . X X X . . . . X . .
15 . . . . . . . . . . . . . @ . O X . .
14 . . X . . . . . . . . . . . . O . . .
13 . . . . . . . . . . . . . . . O1X . .
12 . . . . . . . . . . . . . . . . X2. .
11 . . . . . . . . . . . . . . . . . . .
10 . . . . . . . . . . . . . . . . . . .
 9 . . . . . . . . . . . . . . . . . . .
 8 . . . . . X . . . . . . . . . . . . .
 7 . . . . . . X . . . . . . . . . . . .
 6 . . . . . X O O . . . . . . . . . . .
 5 . . X . . . . . . . . . . . . . . . .
 4 . . . . X X O . . . . . . . . O . . .
 3 . . . O O . O . . . . . . O . . . . .
 2 . . . . . . . . . . . . . . . . . . .
 1 . . . . . . . . . . . . . . . . . . .

koPOSITIONALscoreAREAtaxNONEsui1komi7.5
Time taken: 0.195686
Root visits: 805
New playouts: 269
NN rows: 239
NN batches: 81
NN avg batch size: 2.95062
PV: O15 Q12 J16 R14 S14 S15 S13 R17 S16 Q16 S17 H16 O13 Q10 F17 H14 F14 K13
Tree:
: T   7.83c W   7.45c S   0.20c ( +0.9 L  +0.5) N     805  --  O15 Q12 J16 R14 S14 S15 S13
---Black(^)---
O15 : T   9.62c W   8.94c S   0.35c ( +1.1 L  +0.7) LCB    6.75c P 22.28% WF 718.9 PSV     708 N     710  --  O15 Q12 J16 R14 S14 S15 S13 R17
J16 : T  -8.17c W  -5.73c S  -1.18c ( -0.8 L  -0.8) LCB  -18.04c P 65.75% WF  68.3 PSV      73 N      78  --  J16 N16 Q17 P18 O16 N15 O15 N14
F3  : T  -1.11c W  -0.23c S  -0.56c ( -0.0 L  -0.2) LCB  -33.20c P  3.17% WF   6.7 PSV       5 N       7  --  F3 F2 J16 N16
Q16 : T  -1.37c W   0.32c S  -0.54c ( +0.0 L  -0.1) LCB  -75.26c P  1.81% WF   2.9 PSV       3 N       3  --  Q16 P16 O15
N14 : T -15.70c W -13.77c S  -1.93c ( -1.8 L  -1.4) LCB -365.70c P  1.48% WF   0.9 PSV       1 N       1  --  N14
N15 : T  -8.77c W  -7.44c S  -1.33c ( -1.0 L  -0.8) LCB -358.77c P  0.93% WF   1.0 PSV       1 N       1  --  N15
O14 : T  -2.58c W  -1.77c S  -0.82c ( -0.3 L  -0.2) LCB -352.58c P  0.80% WF   1.0 PSV       1 N       1  --  O14
Q17 : T -26.76c W -23.69c S  -3.07c ( -3.2 L  -2.3) LCB -376.76c P  1.56% WF   0.9 PSV       0 N       1  --  Q17
O16 : T -20.76c W -18.28c S  -2.48c ( -2.5 L  -1.9) LCB -370.76c P  0.71% WF   0.9 PSV       0 N       1  --  O16

2025-11-16 15:26:40-0500: = O15
2025-11-16 15:26:40-0500: Controller: genmove w
2025-11-16 15:26:40-0500: MoveNum: 37 HASH: 0817443D68C14FC4AC203CE3F3464C5E
   A B C D E F G H J K L M N O P Q R S T
19 . . . . . . . . . . . . . . . . . . .
18 . . . . . . O . O . . . X . . . . . .
17 . . . X . . . O X O2O O X . O . . . .
16 . . . . . . . . . X X X . . . . X . .
15 . . . . . . . . . . . . . X3. O X . .
14 . . X . . . . . . . . . . . . O @ . .
13 . . . . . . . . . . . . . . . O X . .
12 . . . . . . . . . . . . . . . . X1. .
11 . . . . . . . . . . . . . . . . . . .
10 . . . . . . . . . . . . . . . . . . .
 9 . . . . . . . . . . . . . . . . . . .
 8 . . . . . X . . . . . . . . . . . . .
 7 . . . . . . X . . . . . . . . . . . .
 6 . . . . . X O O . . . . . . . . . . .
 5 . . X . . . . . . . . . . . . . . . .
 4 . . . . X X O . . . . . . . . O . . .
 3 . . . O O . O . . . . . . O . . . . .
 2 . . . . . . . . . . . . . . . . . . .
 1 . . . . . . . . . . . . . . . . . . .

koPOSITIONALscoreAREAtaxNONEsui1komi7.5
Time taken: 0.0466131
Root visits: 805
New playouts: 95
NN rows: 49
NN batches: 17
NN avg batch size: 2.88235
PV: Q12 J16 R14 S14 S15 S13 R17 S16 Q16 S17 H16 O13 Q10 F17 H14 F14 N14
Tree:
: T -10.02c W  -9.30c S  -0.34c ( -1.2 L  -0.7) N     805  --  Q12 J16 R14 S14 S15 S13 R17
---White(^)---
Q12 : T  -8.06c W  -7.65c S  -0.18c ( -1.0 L  -0.6) LCB  -12.69c P  9.45% WF 285.8 PSV     331 N     283  --  Q12 J16 R14 S14 S15 S13 R17 S16
R14 : T  -8.97c W  -7.88c S  -0.20c ( -1.0 L  -0.6) LCB  -13.49c P 23.39% WF 256.9 PSV     256 N     256  --  R14 S14 Q12 J16 S15 S13 R17 S16
Q16 : T -19.88c W -17.22c S  -1.24c ( -2.4 L  -1.5) LCB  -28.02c P 40.42% WF  53.1 PSV      57 N      57  --  Q16 R17 J16 O13 Q12 Q11 O12 P11
J16 : T -10.31c W -10.39c S  -0.41c ( -1.3 L  -0.8) LCB  -15.93c P  6.03% WF 166.9 PSV      40 N     168  --  J16 Q16 R14 S14 S15 S16 S13 T15
O14 : T -15.96c W -15.16c S  -0.98c ( -2.0 L  -1.2) LCB  -24.85c P 10.26% WF  24.2 PSV      23 N      25  --  O14 J16 N15 N16 E18 F17 E17 E16
O16 : T -20.60c W -16.70c S  -1.18c ( -2.3 L  -1.3) LCB  -41.94c P  4.45% WF   5.7 PSV       6 N       6  --  O16 N16 O14 J16 H16
N15 : T -14.10c W -12.80c S  -0.75c ( -1.7 L  -1.0) LCB  -33.74c P  1.78% WF   5.9 PSV       5 N       6  --  N15 N14 O14 J16
N14 : T -20.77c W -19.26c S  -1.51c ( -2.7 L  -1.8) LCB -370.77c P  0.94% WF   1.0 PSV       1 N       1  --  N14
R17 : T -33.11c W -30.17c S  -2.94c ( -4.6 L  -3.4) LCB -383.11c P  0.71% WF   0.9 PSV       0 N       1  --  R17
N13 : T -28.57c W -26.28c S  -2.29c ( -3.7 L  -2.8) LCB -378.57c P  0.45% WF   1.0 PSV       0 N       1  --  N13

2025-11-16 15:26:40-0500: = R14
2025-11-16 15:26:40-0500: Controller: genmove b
2025-11-16 15:26:40-0500: MoveNum: 38 HASH: 5DEE8E9CBDA0CABC58D9A7529B26C099
   A B C D E F G H J K L M N O P Q R S T
19 . . . . . . . . . . . . . . . . . . .
18 . . . . . . O . O . . . X . . . . . .
17 . . . X . . . O X O1O O X . O . . . .
16 . . . . . . . . . X X X . . . . X . .
15 . . . . . . . . . . . . . X2. O X . .
14 . . X . . . . . . . . . . . . O O3@ .
13 . . . . . . . . . . . . . . . O X . .
12 . . . . . . . . . . . . . . . . X . .
11 . . . . . . . . . . . . . . . . . . .
10 . . . . . . . . . . . . . . . . . . .
 9 . . . . . . . . . . . . . . . . . . .
 8 . . . . . X . . . . . . . . . . . . .
 7 . . . . . . X . . . . . . . . . . . .
 6 . . . . . X O O . . . . . . . . . . .
 5 . . X . . . . . . . . . . . . . . . .
 4 . . . . X X O . . . . . . . . O . . .
 3 . . . O O . O . . . . . . O . . . . .
 2 . . . . . . . . . . . . . . . . . . .
 1 . . . . . . . . . . . . . . . . . . .

koPOSITIONALscoreAREAtaxNONEsui1komi7.5
Time taken: 0.282714
Root visits: 805
New playouts: 549
NN rows: 338
NN batches: 114
NN avg batch size: 2.96491
PV: S14 Q12 J16 S15 S13 R17 S16 Q16 S17 H16 O13 P11 N11 H14 J13 H13 J12
Tree:
: T  10.94c W   9.39c S   0.43c ( +1.2 L  +0.7) N     805  --  S14 Q12 J16 S15 S13 R17 S16
---Black(^)---
S14 : T  11.13c W   9.56c S   0.45c ( +1.3 L  +0.8) LCB    8.31c P 92.85% WF 799.2 PSV     799 N     800  --  S14 Q12 J16 S15 S13 R17 S16 Q16
Q16 : T -14.05c W -13.57c S  -1.97c ( -1.8 L  -1.3) LCB -163.10c P  3.61% WF   1.9 PSV       2 N       2  --  Q16 S14
F3  : T -29.63c W -26.19c S  -3.44c ( -3.8 L  -3.2) LCB -379.63c P  2.04% WF   0.9 PSV       0 N       1  --  F3
J16 : T -44.33c W -39.25c S  -5.08c ( -6.0 L  -5.3) LCB -394.33c P  1.14% WF   0.9 PSV       0 N       1  --  J16

2025-11-16 15:26:40-0500: = S14
2025-11-16 15:26:40-0500: Controller: genmove w
2025-11-16 15:26:40-0500: MoveNum: 39 HASH: 1DDC77B492FB90DCB8D40C4DEB5DD603
   A B C D E F G H J K L M N O P Q R S T
19 . . . . . . . . . . . . . . . . . . .
18 . . . . . . O . O . . . X . . . . . .
17 . . . X . . . O X O O O X . O . . . .
16 . . . . . . . . . X X X . . . . X . .
15 . . . . . . . . . . . . . X1. O X . .
14 . . X . . . . . . . . . . . . O O2X3.
13 . . . . . . . . . . . . . . . O X . .
12 . . . . . . . . . . . . . . . @ X . .
11 . . . . . . . . . . . . . . . . . . .
10 . . . . . . . . . . . . . . . . . . .
 9 . . . . . . . . . . . . . . . . . . .
 8 . . . . . X . . . . . . . . . . . . .
 7 . . . . . . X . . . . . . . . . . . .
 6 . . . . . X O O . . . . . . . . . . .
 5 . . X . . . . . . . . . . . . . . . .
 4 . . . . X X O . . . . . . . . O . . .
 3 . . . O O . O . . . . . . O . . . . .
 2 . . . . . . . . . . . . . . . . . . .
 1 . . . . . . . . . . . . . . . . . . .

koPOSITIONALscoreAREAtaxNONEsui1komi7.5
Time taken: 0.00365758
Root visits: 800
New playouts: 0
NN rows: 1
NN batches: 1
NN avg batch size: 1
PV: Q12 J16 S15 S13 R17 S16 Q16 S17 H16 O13 P11 N11 H14 J13 H13 J12
Tree:
: T -10.71c W  -9.56c S  -0.33c ( -1.3 L  -0.8) N     800  --  Q12 J16 S15 S13 R17 S16 Q16
---White(^)---
Q12 : T  -9.22c W  -8.50c S  -0.21c ( -1.1 L  -0.6) LCB  -12.57c P  8.97% WF 498.2 PSV     492 N     493  --  Q12 J16 S15 S13 R17 S16 Q16 S17
J16 : T  -7.01c W  -6.86c S   0.00c ( -0.8 L  -0.5) LCB  -12.92c P  1.16% WF 122.5 PSV     120 N     120  --  J16 Q16 S15 S16 S13 T15 Q11 S12
S13 : T -14.40c W -11.38c S  -0.53c ( -1.5 L  -1.0) LCB  -23.01c P 51.59% WF 113.3 PSV     117 N     117  --  S13 S12 S15 T13 R17 Q16 S16 P16
S15 : T -16.43c W -15.26c S  -0.94c ( -2.0 L  -1.3) LCB  -29.69c P 10.12% WF  21.1 PSV      22 N      22  --  S15 S16 S13 T15 Q11 J16 S12 F17
Q16 : T -29.44c W -25.23c S  -2.14c ( -3.6 L  -2.5) LCB  -41.02c P 16.82% WF  30.1 PSV      16 N      34  --  Q16 R17 S15 S13 R18 J16 Q17
O14 : T -21.23c W -17.96c S  -1.24c ( -2.4 L  -1.5) LCB  -35.26c P  5.68% WF   7.6 PSV       8 N       8  --  O14 Q16 S13 S12
O16 : T -17.50c W -13.49c S  -0.78c ( -1.8 L  -1.1) LCB  -46.23c P  1.63% WF   4.9 PSV       3 N       5  --  O16 N16 O14 J16

2025-11-16 15:26:40-0500: = Q12
2025-11-16 15:26:40-0500: Controller: quit
2025-11-16 15:26:40-0500: Quit requested by controller
2025-11-16 15:26:40-0500: = 
2025-11-16 15:26:40-0500: GPU 7 finishing, processed 11952 rows 4054 batches
2025-11-16 15:26:40-0500: All cleaned up, quitting
