2025-11-16 14:03:10-0500: Running with following config:
conservativePass = true
lagBuffer = 1.0
logAllGTPCommunication = true
logDir = gtp_logs
logSearchInfo = true
logToStderr = false
maxVisits = 800
nnCacheSizePowerOfTwo = 20
nnMutexPoolSizePowerOfTwo = 16
numSearchThreads = 6
openclGpuToUse = 7
ponderingEnabled = false
preventCleanupPhase = true
rootSymmetryPruning = true
rules = tromp-taylor
searchFactorAfterOnePass = 0.50
searchFactorAfterTwoPass = 0.25
searchFactorWhenWinning = 0.40
searchFactorWhenWinningThreshold = 0.95

2025-11-16 14:03:10-0500: GTP Engine starting...
2025-11-16 14:03:10-0500: KataGo v1.16.4
2025-11-16 14:03:10-0500: Using TrompTaylor rules initially, unless GTP/GUI overrides this
2025-11-16 14:03:10-0500: Using 6 CPU thread(s) for search
2025-11-16 14:03:10-0500: nnRandSeed0 = 9890797369221484736
2025-11-16 14:03:10-0500: After dedups: nnModelFile0 = /scratch2/f004ndc/AlphaGo Project/KataGo/models/g170e-b10c128-s1141046784-d204142634.bin.gz useFP16 auto useNHWC auto
2025-11-16 14:03:10-0500: Initializing neural net buffer to be size 19 * 19 exactly
2025-11-16 14:03:10-0500: Found OpenCL Platform 0: NVIDIA CUDA (NVIDIA Corporation) (OpenCL 3.0 CUDA 12.8.98)
2025-11-16 14:03:10-0500: Found 8 device(s) on platform 0 with type CPU or GPU or Accelerator
2025-11-16 14:03:10-0500: Found OpenCL Device 0: NVIDIA RTX 6000 Ada Generation (NVIDIA Corporation) (score 11000300)
2025-11-16 14:03:10-0500: Found OpenCL Device 1: NVIDIA RTX 6000 Ada Generation (NVIDIA Corporation) (score 11000300)
2025-11-16 14:03:10-0500: Found OpenCL Device 2: NVIDIA RTX 6000 Ada Generation (NVIDIA Corporation) (score 11000300)
2025-11-16 14:03:10-0500: Found OpenCL Device 3: NVIDIA RTX 6000 Ada Generation (NVIDIA Corporation) (score 11000300)
2025-11-16 14:03:10-0500: Found OpenCL Device 4: NVIDIA RTX 6000 Ada Generation (NVIDIA Corporation) (score 11000300)
2025-11-16 14:03:10-0500: Found OpenCL Device 5: NVIDIA RTX 6000 Ada Generation (NVIDIA Corporation) (score 11000300)
2025-11-16 14:03:10-0500: Found OpenCL Device 6: NVIDIA RTX 6000 Ada Generation (NVIDIA Corporation) (score 11000300)
2025-11-16 14:03:10-0500: Found OpenCL Device 7: NVIDIA RTX 6000 Ada Generation (NVIDIA Corporation) (score 11000300)
2025-11-16 14:03:10-0500: Creating context for OpenCL Platform: NVIDIA CUDA (NVIDIA Corporation) (OpenCL 3.0 CUDA 12.8.98)
2025-11-16 14:03:12-0500: Using OpenCL Device 7: NVIDIA RTX 6000 Ada Generation (NVIDIA Corporation) OpenCL 3.0 CUDA (Extensions: cl_khr_global_int32_base_atomics cl_khr_global_int32_extended_atomics cl_khr_local_int32_base_atomics cl_khr_local_int32_extended_atomics cl_khr_fp64 cl_khr_3d_image_writes cl_khr_byte_addressable_store cl_khr_icd cl_khr_gl_sharing cl_nv_compiler_options cl_nv_device_attribute_query cl_nv_pragma_unroll cl_nv_copy_opts cl_khr_gl_event cl_nv_create_buffer cl_khr_int64_base_atomics cl_khr_int64_extended_atomics cl_nv_kernel_attribute cl_khr_device_uuid cl_khr_pci_bus_info cl_khr_external_semaphore cl_khr_external_memory cl_khr_external_semaphore_opaque_fd cl_khr_external_memory_opaque_fd cl_khr_semaphore)
2025-11-16 14:03:12-0500: Loaded tuning parameters from: /thayerfs/home/f004ndc/.katago/opencltuning/tune11_gpuNVIDIARTX6000AdaGeneration_x19_y19_c128_mv8.txt
2025-11-16 14:03:13-0500: OpenCL backend thread 0: Device 7 Model version 8
2025-11-16 14:03:13-0500: OpenCL backend thread 0: Device 7 Model name: g170-b10c128-s1141046784-d204142634
2025-11-16 14:03:13-0500: OpenCL backend thread 0: Device 7 FP16Storage true FP16Compute false FP16TensorCores true FP16TensorCoresFor1x1 false
2025-11-16 14:03:13-0500: Loaded neural net with nnXLen 19 nnYLen 19
2025-11-16 14:03:13-0500: Initializing board with boardXSize 19 boardYSize 19
2025-11-16 14:03:13-0500: Loaded config /scratch2/f004ndc/AlphaGo Project/KataGo/configs/gtp_800visits.cfg
2025-11-16 14:03:13-0500: Loaded model /scratch2/f004ndc/AlphaGo Project/KataGo/models/g170e-b10c128-s1141046784-d204142634.bin.gz
2025-11-16 14:03:13-0500: Model name: g170-b10c128-s1141046784-d204142634
2025-11-16 14:03:13-0500: GTP ready, beginning main protocol loop
2025-11-16 14:03:13-0500: Controller: boardsize 19
2025-11-16 14:03:13-0500: = 
2025-11-16 14:03:13-0500: Controller: clear_board
2025-11-16 14:03:13-0500: = 
2025-11-16 14:03:13-0500: Controller: komi 7.5
2025-11-16 14:03:13-0500: = 
2025-11-16 14:03:13-0500: Controller: genmove black
2025-11-16 14:03:13-0500: MoveNum: 0 HASH: CDCBC1F514D7E680FACD226074256633
   A B C D E F G H J K L M N O P Q R S T
19 . . . . . . . . . . . . . . . . . . .
18 . . . . . . . . . . . . . . . . . . .
17 . . . . . . . . . . . . . . . . . . .
16 . . . . . . . . . . . . . . . . @ . .
15 . . . . . . . . . . . . . . . . . . .
14 . . . . . . . . . . . . . . . . . . .
13 . . . . . . . . . . . . . . . . . . .
12 . . . . . . . . . . . . . . . . . . .
11 . . . . . . . . . . . . . . . . . . .
10 . . . . . . . . . . . . . . . . . . .
 9 . . . . . . . . . . . . . . . . . . .
 8 . . . . . . . . . . . . . . . . . . .
 7 . . . . . . . . . . . . . . . . . . .
 6 . . . . . . . . . . . . . . . . . . .
 5 . . . . . . . . . . . . . . . . . . .
 4 . . . . . . . . . . . . . . . . . . .
 3 . . . . . . . . . . . . . . . . . . .
 2 . . . . . . . . . . . . . . . . . . .
 1 . . . . . . . . . . . . . . . . . . .

koPOSITIONALscoreAREAtaxNONEsui1komi7.5
Time taken: 0.146462
Root visits: 805
New playouts: 805
NN rows: 645
NN batches: 217
NN avg batch size: 2.97235
PV: R16 C4 R4 D16 O17 P4 P3
Tree:
: T  -7.90c W  -7.72c S  -0.15c ( -1.1 L  -0.9) N     805  --  R16 C4 R4 D16 O17 P4 P3
---Black(^)---
R16 : T  -7.25c W  -7.11c S  -0.06c ( -1.0 L  -0.8) LCB   -8.02c P  4.09% WF 344.6 PSV     449 N     342  --  R16 C4 R4 D16 O17 P4 P3
Q16 : T  -7.79c W  -7.61c S  -0.10c ( -1.1 L  -0.8) LCB   -8.57c P 13.90% WF 264.9 PSV     201 N     265  --  Q16 Q4 D16 D4 R3 Q3 R4 R6
R15 : T  -8.36c W  -8.15c S  -0.20c ( -1.2 L  -0.9) LCB   -9.98c P  0.48% WF 112.6 PSV       3 N     117  --  R15 Q16 R16 Q17 R17 D16 Q4 D4
R17 : T  -9.68c W  -9.42c S  -0.38c ( -1.4 L  -1.1) LCB  -12.50c P  0.65% WF  44.3 PSV       2 N      45  --  R17 D4 D16 Q4 R3 R4
R14 : T -10.09c W -10.29c S  -0.63c ( -1.7 L  -1.4) LCB  -14.85c P  0.10% WF  19.7 PSV       0 N      22  --  R14 Q16 O17 Q14 Q13 P14
Q15 : T -12.96c W -11.99c S  -0.97c ( -2.2 L  -1.6) LCB -162.17c P  0.31% WF   2.0 PSV       0 N       2  --  Q15 Q4
Q14 : T -13.97c W -12.80c S  -1.17c ( -2.4 L  -1.9) LCB -163.28c P  0.07% WF   2.0 PSV       0 N       2  --  Q14 Q16
R13 : T -15.60c W -14.27c S  -1.33c ( -2.6 L  -2.0) LCB -164.89c P  0.03% WF   2.0 PSV       0 N       2  --  R13 Q16
Q13 : T -14.10c W -12.78c S  -1.31c ( -2.6 L  -1.9) LCB -364.10c P  0.03% WF   1.0 PSV       0 N       1  --  Q13
Q10 : T -12.87c W -11.76c S  -1.11c ( -2.4 L  -1.7) LCB -362.87c P  0.03% WF   1.0 PSV       0 N       1  --  Q10

2025-11-16 14:03:13-0500: = R16
2025-11-16 14:03:13-0500: Controller: play white D17
2025-11-16 14:03:13-0500: = 
2025-11-16 14:03:13-0500: Controller: genmove black
2025-11-16 14:03:13-0500: MoveNum: 2 HASH: 68D3F0F998062C7AB9B55D318478613B
   A B C D E F G H J K L M N O P Q R S T
19 . . . . . . . . . . . . . . . . . . .
18 . . . . . . . . . . . . . . . . . . .
17 . . . O2. . . . . . . . . . . . . . .
16 . . . . . . . . . . . . . . . . X1. .
15 . . . . . . . . . . . . . . . . . . .
14 . . . . . . . . . . . . . . . . . . .
13 . . . . . . . . . . . . . . . . . . .
12 . . . . . . . . . . . . . . . . . . .
11 . . . . . . . . . . . . . . . . . . .
10 . . . . . . . . . . . . . . . . . . .
 9 . . . . . . . . . . . . . . . . . . .
 8 . . . . . . . . . . . . . . . . . . .
 7 . . . . . . . . . . . . . . . . . . .
 6 . . . . . . . . . . . . . . . . . . .
 5 . . . . . . . . . . . . . . . . . . .
 4 . . . . . . . . . . . . . . . . . . .
 3 . . . @ . . . . . . . . . . . . . . .
 2 . . . . . . . . . . . . . . . . . . .
 1 . . . . . . . . . . . . . . . . . . .

koPOSITIONALscoreAREAtaxNONEsui1komi7.5
Time taken: 0.182468
Root visits: 805
New playouts: 796
NN rows: 716
NN batches: 240
NN avg batch size: 2.98333
PV: D3 Q4 D15 C15 C14 C16 D14 F17 C6 P16 P17 O17 Q17 O16 R14
Tree:
: T  -7.92c W  -7.45c S  -0.36c ( -1.0 L  -0.8) N     805  --  D3 Q4 D15 C15 C14 C16 D14
---Black(^)---
D3  : T  -7.18c W  -7.01c S  -0.30c ( -0.9 L  -0.7) LCB   -8.51c P  9.67% WF 155.8 PSV     230 N     155  --  D3 Q4 D15 C15 C14 C16 D14 F17
D4  : T  -8.03c W  -7.47c S  -0.36c ( -1.0 L  -0.8) LCB   -9.26c P 16.11% WF 130.8 PSV     105 N     131  --  D4 Q4 C15 F16 O17 C3 D3 C4
C4  : T  -7.49c W  -7.13c S  -0.31c ( -1.0 L  -0.7) LCB   -8.64c P  8.74% WF 127.4 PSV      92 N     127  --  C4 Q4 D15 C15 C14 C16 D14 F17
Q3  : T  -7.80c W  -7.34c S  -0.36c ( -1.0 L  -0.8) LCB   -9.42c P 10.62% WF 115.1 PSV      82 N     115  --  Q3 D3 C15 E16 O17 C6 R6 C12
Q4  : T  -8.56c W  -7.92c S  -0.41c ( -1.1 L  -0.8) LCB  -10.00c P 17.21% WF 104.5 PSV      81 N     105  --  Q4 D3 C5 E4 D15 C15
R4  : T  -8.52c W  -7.80c S  -0.40c ( -1.1 L  -0.8) LCB  -10.11c P 10.98% WF  72.7 PSV      53 N      73  --  R4 C4 O3 F3 O17 C14 Q10
O17 : T  -8.16c W  -7.80c S  -0.40c ( -1.1 L  -0.8) LCB   -9.71c P  5.78% WF  51.9 PSV      34 N      52  --  O17 Q4 D4 C14 R3 R4 Q3 O3
P16 : T  -8.08c W  -7.77c S  -0.40c ( -1.1 L  -0.8) LCB  -11.83c P  1.93% WF  17.0 PSV      12 N      17  --  P16 Q4 D4 C14 R3
D15 : T  -8.62c W  -7.77c S  -0.46c ( -1.2 L  -0.9) LCB  -13.34c P  1.59% WF  13.0 PSV       7 N      13  --  D15 Q4 D4 C15 C14 C16 D14 F17
D16 : T  -9.10c W  -6.99c S  -0.47c ( -1.2 L  -0.9) LCB  -25.28c P  1.59% WF   7.0 PSV       5 N       7  --  D16 C16 E17 D15 E16

2025-11-16 14:03:13-0500: = D3
2025-11-16 14:03:14-0500: Controller: play white Q3
2025-11-16 14:03:14-0500: = 
2025-11-16 14:03:14-0500: Controller: genmove black
2025-11-16 14:03:14-0500: MoveNum: 4 HASH: 62FDE14F39C6169D23AE2509776DAD73
   A B C D E F G H J K L M N O P Q R S T
19 . . . . . . . . . . . . . . . . . . .
18 . . . . . . . . . . . . . . . . . . .
17 . . . O1. . . . . . . . . . . . . . .
16 . . . . . . . . . . . . . . . . X . .
15 . . . . . . . . . . . . . . . . . . .
14 . . . . . . . . . . . . . . . . . . .
13 . . . . . . . . . . . . . . . . . . .
12 . . . . . . . . . . . . . . . . . . .
11 . . . . . . . . . . . . . . . . . . .
10 . . . . . . . . . . . . . . . . . . .
 9 . . . . . . . . . . . . . . . . . . .
 8 . . . . . . . . . . . . . . . . . . .
 7 . . . . . . . . . . . . . . . . . . .
 6 . . . . . . . . . . . . . . . . . . .
 5 . . . . . . . . . . . . . . . @ . . .
 4 . . . . . . . . . . . . . . . . . . .
 3 . . . X2. . . . . . . . . . . O3. . .
 2 . . . . . . . . . . . . . . . . . . .
 1 . . . . . . . . . . . . . . . . . . .

koPOSITIONALscoreAREAtaxNONEsui1komi7.5
Time taken: 0.116076
Root visits: 805
New playouts: 756
NN rows: 658
NN batches: 221
NN avg batch size: 2.97738
PV: Q5 R5 R6 R4 Q6 O3 C15 F16 O17 D5 C5 C6 C4
Tree:
: T  -7.26c W  -6.81c S  -0.22c ( -0.9 L  -0.7) N     805  --  Q5 R5 R6 R4 Q6 O3 C15
---Black(^)---
Q5  : T  -6.61c W  -6.38c S  -0.16c ( -0.8 L  -0.7) LCB   -7.92c P 18.21% WF 187.8 PSV     187 N     187  --  Q5 R5 R6 R4 Q6 O3 C15 F16
C15 : T  -6.65c W  -6.40c S  -0.18c ( -0.8 L  -0.7) LCB   -7.94c P 10.22% WF 156.6 PSV     100 N     156  --  C15 R6 E16 E17 F16 G17 C6 P17
R5  : T  -6.83c W  -6.37c S  -0.17c ( -0.8 L  -0.7) LCB   -8.09c P 11.94% WF 187.5 PSV      99 N     187  --  R5 D5 P4 P3 O4 N3 C5 C6
D15 : T  -7.40c W  -6.74c S  -0.18c ( -0.8 L  -0.7) LCB   -8.95c P 11.71% WF 119.8 PSV      65 N     120  --  D15 C15 C14 C16 D14 F17 R5 O4
C6  : T  -8.43c W  -7.91c S  -0.36c ( -1.1 L  -0.8) LCB  -10.33c P 12.76% WF  66.4 PSV      44 N      67  --  C6 P17 Q14 R6 D15 C15 C14
O17 : T  -9.26c W  -8.71c S  -0.45c ( -1.2 L  -0.9) LCB  -11.77c P 12.04% WF  43.4 PSV      32 N      44  --  O17 C5 F4 R6 C15 F16 C8
P16 : T  -9.35c W  -8.58c S  -0.44c ( -1.2 L  -0.9) LCB  -13.68c P  4.41% WF  15.8 PSV      11 N      16  --  P16 D5 C5 C6 C4 D6 F3
O16 : T -10.32c W  -9.02c S  -0.48c ( -1.2 L  -0.9) LCB  -18.13c P  3.95% WF   9.9 PSV       8 N      10  --  O16 D5 C5 C6 C4
D6  : T  -9.68c W  -8.35c S  -0.39c ( -1.1 L  -0.8) LCB  -17.46c P  2.79% WF   9.9 PSV       6 N      10  --  D6 C14 Q5 R5 R6
D5  : T -10.16c W  -8.98c S  -0.46c ( -1.2 L  -0.9) LCB  -24.74c P  2.95% WF   6.9 PSV       6 N       7  --  D5 P16 P17 O17 Q17

2025-11-16 14:03:14-0500: = Q5
2025-11-16 14:03:14-0500: Controller: play white R5
2025-11-16 14:03:14-0500: = 
2025-11-16 14:03:14-0500: Controller: genmove black
2025-11-16 14:03:14-0500: MoveNum: 6 HASH: D0FBBDEABA2FFD2E3B4E49FDFAA19254
   A B C D E F G H J K L M N O P Q R S T
19 . . . . . . . . . . . . . . . . . . .
18 . . . . . . . . . . . . . . . . . . .
17 . . . O . . . . . . . . . . . . . . .
16 . . . . . . . . . . . . . . . . X . .
15 . . . . . . . . . . . . . . . . . . .
14 . . . . . . . . . . . . . . . . . . .
13 . . . . . . . . . . . . . . . . . . .
12 . . . . . . . . . . . . . . . . . . .
11 . . . . . . . . . . . . . . . . . . .
10 . . . . . . . . . . . . . . . . . . .
 9 . . . . . . . . . . . . . . . . . . .
 8 . . . . . . . . . . . . . . . . . . .
 7 . . . . . . . . . . . . . . . . . . .
 6 . . . . . . . . . . . . . . . . @ . .
 5 . . . . . . . . . . . . . . . X2O3. .
 4 . . . . . . . . . . . . . . . . . . .
 3 . . . X . . . . . . . . . . . O1. . .
 2 . . . . . . . . . . . . . . . . . . .
 1 . . . . . . . . . . . . . . . . . . .

koPOSITIONALscoreAREAtaxNONEsui1komi7.5
Time taken: 0.118591
Root visits: 805
New playouts: 679
NN rows: 661
NN batches: 221
NN avg batch size: 2.99095
PV: R6 R4 Q6 O3 D15 C15 C14 C16 D14 F17 C6 P16 P17 Q16 Q17 R15 S16 O16 O17 N16 N17 Q10 R14 Q14
Tree:
: T  -7.37c W  -7.10c S  -0.27c ( -0.9 L  -0.7) N     805  --  R6 R4 Q6 O3 D15 C15 C14
---Black(^)---
R6  : T  -7.24c W  -7.01c S  -0.26c ( -0.9 L  -0.7) LCB   -8.02c P 84.74% WF 774.4 PSV     774 N     773  --  R6 R4 Q6 O3 D15 C15 C14 C16
Q4  : T -10.75c W  -9.44c S  -0.61c ( -1.3 L  -1.1) LCB  -16.64c P  9.36% WF  26.5 PSV      20 N      28  --  Q4 R4 P3 R6 Q2 R3 D15 C15
D16 : T -13.79c W -11.62c S  -0.87c ( -1.6 L  -1.2) LCB -162.80c P  1.19% WF   2.0 PSV       1 N       2  --  D16 C16

2025-11-16 14:03:14-0500: = R6
2025-11-16 14:03:14-0500: Controller: play white R4
2025-11-16 14:03:14-0500: = 
2025-11-16 14:03:14-0500: Controller: genmove black
2025-11-16 14:03:14-0500: MoveNum: 8 HASH: E7DB0BE6992A3545B9FC1BE5155BEFFE
   A B C D E F G H J K L M N O P Q R S T
19 . . . . . . . . . . . . . . . . . . .
18 . . . . . . . . . . . . . . . . . . .
17 . . . O . . . . . . . . . . . . . . .
16 . . . . . . . . . . . . . . . . X . .
15 . . . . . . . . . . . . . . . . . . .
14 . . . . . . . . . . . . . . . . . . .
13 . . . . . . . . . . . . . . . . . . .
12 . . . . . . . . . . . . . . . . . . .
11 . . . . . . . . . . . . . . . . . . .
10 . . . . . . . . . . . . . . . . . . .
 9 . . . . . . . . . . . . . . . . . . .
 8 . . . . . . . . . . . . . . . . . . .
 7 . . . . . . . . . . . . . . . . . . .
 6 . . . . . . . . . . . . . . . @ X2. .
 5 . . . . . . . . . . . . . . . X O1. .
 4 . . . . . . . . . . . . . . . . O3. .
 3 . . . X . . . . . . . . . . . O . . .
 2 . . . . . . . . . . . . . . . . . . .
 1 . . . . . . . . . . . . . . . . . . .

koPOSITIONALscoreAREAtaxNONEsui1komi7.5
Time taken: 0.0110545
Root visits: 802
New playouts: 33
NN rows: 30
NN batches: 21
NN avg batch size: 1.42857
PV: Q6 O3 D15 C15 C14 C16 D14 F17 C6 P17 Q14 Q10 Q12 O10 N6 D10 G14 C8
Tree:
: T  -7.09c W  -6.99c S  -0.22c ( -0.9 L  -0.7) N     802  --  Q6 O3 D15 C15 C14 C16 D14
---Black(^)---
Q6  : T  -6.95c W  -6.89c S  -0.21c ( -0.8 L  -0.7) LCB   -7.77c P 82.92% WF 776.3 PSV     776 N     775  --  Q6 O3 D15 C15 C14 C16 D14 F17
Q7  : T  -9.28c W  -8.92c S  -0.49c ( -1.2 L  -0.9) LCB  -16.13c P  4.12% WF  15.8 PSV      12 N      16  --  Q7 D5 C5 C6 C4 D6 F4 D10
D15 : T -13.15c W -10.85c S  -0.76c ( -1.5 L  -1.2) LCB  -29.67c P  2.33% WF   6.8 PSV       3 N       7  --  D15 Q6 E17 E18
C15 : T -16.70c W -13.08c S  -1.06c ( -1.9 L  -1.5) LCB -165.97c P  2.16% WF   1.9 PSV       2 N       2  --  C15 Q6

2025-11-16 14:03:14-0500: = Q6
2025-11-16 14:03:14-0500: Controller: play white O3
2025-11-16 14:03:14-0500: = 
2025-11-16 14:03:14-0500: Controller: genmove black
2025-11-16 14:03:14-0500: MoveNum: 10 HASH: 04938DEAEB4D2C0331FA1183824C116D
   A B C D E F G H J K L M N O P Q R S T
19 . . . . . . . . . . . . . . . . . . .
18 . . . . . . . . . . . . . . . . . . .
17 . . . O . . . . . . . . . . . . . . .
16 . . . . . . . . . . . . . . . . X . .
15 . . . @ . . . . . . . . . . . . . . .
14 . . . . . . . . . . . . . . . . . . .
13 . . . . . . . . . . . . . . . . . . .
12 . . . . . . . . . . . . . . . . . . .
11 . . . . . . . . . . . . . . . . . . .
10 . . . . . . . . . . . . . . . . . . .
 9 . . . . . . . . . . . . . . . . . . .
 8 . . . . . . . . . . . . . . . . . . .
 7 . . . . . . . . . . . . . . . . . . .
 6 . . . . . . . . . . . . . . . X2X . .
 5 . . . . . . . . . . . . . . . X O . .
 4 . . . . . . . . . . . . . . . . O1. .
 3 . . . X . . . . . . . . . O3. O . . .
 2 . . . . . . . . . . . . . . . . . . .
 1 . . . . . . . . . . . . . . . . . . .

koPOSITIONALscoreAREAtaxNONEsui1komi7.5
Time taken: 0.0378154
Root visits: 805
New playouts: 176
NN rows: 166
NN batches: 56
NN avg batch size: 2.96429
PV: D15 C15 C14 C16 D14 F17 C6 P17 Q14 Q10 Q12 O10 N6 R17 S17 S16
Tree:
: T  -7.71c W  -7.45c S  -0.25c ( -0.9 L  -0.7) N     805  --  D15 C15 C14 C16 D14 F17 C6
---Black(^)---
D15 : T  -6.69c W  -6.70c S  -0.17c ( -0.8 L  -0.7) LCB   -7.93c P 23.49% WF 371.9 PSV     369 N     369  --  D15 C15 C14 C16 D14 F17 C6 P17
C15 : T  -7.98c W  -7.49c S  -0.27c ( -0.9 L  -0.7) LCB   -9.23c P 21.47% WF 185.2 PSV     111 N     186  --  C15 E16 C6 P16 P17 O17 Q17 O16
C6  : T  -8.69c W  -8.25c S  -0.35c ( -1.0 L  -0.8) LCB  -10.35c P 11.20% WF  75.4 PSV      42 N      76  --  C6 P17 Q15 Q10 D15 C15 C14
O17 : T  -8.50c W  -7.95c S  -0.31c ( -1.0 L  -0.8) LCB  -10.59c P  7.30% WF  55.6 PSV      30 N      56  --  O17 C14 C6 Q10 Q12 O10 N6
Q4  : T  -8.54c W  -7.84c S  -0.29c ( -1.0 L  -0.8) LCB  -10.91c P  4.31% WF  29.8 PSV      17 N      30  --  Q4 R3 C15 F16 O17 D5 C5
P16 : T  -8.80c W  -8.57c S  -0.38c ( -1.1 L  -0.8) LCB  -12.31c P  4.49% WF  25.8 PSV      16 N      26  --  P16 Q10 C15 F16 Q12 D5 C5
Q10 : T -11.01c W -10.44c S  -0.59c ( -1.3 L  -1.0) LCB  -14.52c P  8.21% WF  21.6 PSV      16 N      22  --  Q10 P16 P17 O17 Q17 O16 Q14 K16
O16 : T -10.00c W  -9.48c S  -0.47c ( -1.2 L  -0.9) LCB  -13.70c P  5.16% WF  18.8 PSV      13 N      19  --  O16 C14 C6 Q10 Q12
D6  : T -10.27c W  -9.53c S  -0.48c ( -1.2 L  -0.9) LCB  -19.37c P  2.81% WF   8.9 PSV       6 N       9  --  D6 P16 P17 O17 Q17
D5  : T  -9.30c W  -9.07c S  -0.45c ( -1.2 L  -0.9) LCB  -16.29c P  1.87% WF  10.9 PSV       5 N      11  --  D5 P16 P17 O17 Q17 O16

2025-11-16 14:03:14-0500: = D15
2025-11-16 14:03:14-0500: Controller: play white C15
2025-11-16 14:03:14-0500: = 
2025-11-16 14:03:14-0500: Controller: genmove black
2025-11-16 14:03:14-0500: MoveNum: 12 HASH: D078BB6AD2B96663F5BD0BE47F88167A
   A B C D E F G H J K L M N O P Q R S T
19 . . . . . . . . . . . . . . . . . . .
18 . . . . . . . . . . . . . . . . . . .
17 . . . O . . . . . . . . . . . . . . .
16 . . . . . . . . . . . . . . . . X . .
15 . . O3X2. . . . . . . . . . . . . . .
14 . . @ . . . . . . . . . . . . . . . .
13 . . . . . . . . . . . . . . . . . . .
12 . . . . . . . . . . . . . . . . . . .
11 . . . . . . . . . . . . . . . . . . .
10 . . . . . . . . . . . . . . . . . . .
 9 . . . . . . . . . . . . . . . . . . .
 8 . . . . . . . . . . . . . . . . . . .
 7 . . . . . . . . . . . . . . . . . . .
 6 . . . . . . . . . . . . . . . X X . .
 5 . . . . . . . . . . . . . . . X O . .
 4 . . . . . . . . . . . . . . . . O . .
 3 . . . X . . . . . . . . . O1. O . . .
 2 . . . . . . . . . . . . . . . . . . .
 1 . . . . . . . . . . . . . . . . . . .

koPOSITIONALscoreAREAtaxNONEsui1komi7.5
Time taken: 0.077278
Root visits: 805
New playouts: 506
NN rows: 459
NN batches: 154
NN avg batch size: 2.98052
PV: C14 C16 D14 F17 C6 Q16 Q17 R15 R17 Q15 O16 R11 R9 D10 R13
Tree:
: T  -7.79c W  -7.37c S  -0.26c ( -0.9 L  -0.8) N     805  --  C14 C16 D14 F17 C6 Q16 Q17
---Black(^)---
C14 : T  -7.54c W  -7.17c S  -0.24c ( -0.9 L  -0.7) LCB   -8.43c P 74.93% WF 692.2 PSV     691 N     691  --  C14 C16 D14 F17 C6 Q16 Q17 R15
D16 : T  -9.25c W  -8.45c S  -0.37c ( -1.0 L  -0.9) LCB  -11.83c P 13.70% WF  72.2 PSV      50 N      73  --  D16 C16 E17 C14 D18 C17 O17 D5
Q4  : T  -9.24c W  -8.80c S  -0.42c ( -1.1 L  -0.9) LCB  -12.35c P  6.73% WF  37.6 PSV      24 N      38  --  Q4 R3 C14 C16 D14 F17 C6 P16
P4  : T -16.22c W -13.18c S  -1.01c ( -1.8 L  -1.4) LCB -165.37c P  1.15% WF   2.0 PSV       1 N       2  --  P4 N2

2025-11-16 14:03:14-0500: = C14
2025-11-16 14:03:14-0500: Controller: play white C16
2025-11-16 14:03:14-0500: = 
2025-11-16 14:03:14-0500: Controller: genmove black
2025-11-16 14:03:14-0500: MoveNum: 14 HASH: 70A11CF6DC1D610B1E7002CE8C227CF1
   A B C D E F G H J K L M N O P Q R S T
19 . . . . . . . . . . . . . . . . . . .
18 . . . . . . . . . . . . . . . . . . .
17 . . . O . . . . . . . . . . . . . . .
16 . . O3. . . . . . . . . . . . . X . .
15 . . O1X . . . . . . . . . . . . . . .
14 . . X2@ . . . . . . . . . . . . . . .
13 . . . . . . . . . . . . . . . . . . .
12 . . . . . . . . . . . . . . . . . . .
11 . . . . . . . . . . . . . . . . . . .
10 . . . . . . . . . . . . . . . . . . .
 9 . . . . . . . . . . . . . . . . . . .
 8 . . . . . . . . . . . . . . . . . . .
 7 . . . . . . . . . . . . . . . . . . .
 6 . . . . . . . . . . . . . . . X X . .
 5 . . . . . . . . . . . . . . . X O . .
 4 . . . . . . . . . . . . . . . . O . .
 3 . . . X . . . . . . . . . O . O . . .
 2 . . . . . . . . . . . . . . . . . . .
 1 . . . . . . . . . . . . . . . . . . .

koPOSITIONALscoreAREAtaxNONEsui1komi7.5
Time taken: 0.0196409
Root visits: 805
New playouts: 116
NN rows: 108
NN batches: 36
NN avg batch size: 3
PV: D14 F17 C6 Q16 Q17 R15 R17 Q15 O16 R11 R9 D10 R13
Tree:
: T  -7.47c W  -7.16c S  -0.22c ( -0.8 L  -0.7) N     805  --  D14 F17 C6 Q16 Q17 R15 R17
---Black(^)---
D14 : T  -7.25c W  -6.98c S  -0.20c ( -0.8 L  -0.7) LCB   -8.14c P 76.91% WF 732.8 PSV     732 N     732  --  D14 F17 C6 Q16 Q17 R15 R17 Q15
Q4  : T  -8.32c W  -8.09c S  -0.30c ( -1.0 L  -0.8) LCB  -11.36c P  6.59% WF  44.7 PSV      32 N      45  --  Q4 R3 D14 F17 C6 P16 P17 O17
D13 : T -10.65c W  -9.82c S  -0.53c ( -1.2 L  -1.0) LCB  -15.29c P  7.07% WF  22.6 PSV      16 N      23  --  D13 E14 D14 F16 C6 P16 H17
P4  : T -16.17c W -12.97c S  -0.98c ( -1.8 L  -1.5) LCB -165.35c P  1.48% WF   1.9 PSV       1 N       2  --  P4 N2
C6  : T -18.24c W -15.01c S  -1.03c ( -1.8 L  -1.5) LCB -167.42c P  0.87% WF   1.9 PSV       0 N       2  --  C6 D14

2025-11-16 14:03:14-0500: = D14
2025-11-16 14:03:14-0500: Controller: play white F17
2025-11-16 14:03:14-0500: = 
2025-11-16 14:03:14-0500: Controller: genmove black
2025-11-16 14:03:14-0500: MoveNum: 16 HASH: D3B4BB4E1D7567C88DFBC1DCE86C5C5B
   A B C D E F G H J K L M N O P Q R S T
19 . . . . . . . . . . . . . . . . . . .
18 . . . . . . . . . . . . . . . . . . .
17 . . . O . O3. . . . . . . . . . . . .
16 . . O1. . . . . . . . . . . . . X . .
15 . . O X . . . . . . . . . . . . . . .
14 . . X X2. . . . . . . . . . . . . . .
13 . . . . . . . . . . . . . . . . . . .
12 . . . . . . . . . . . . . . . . . . .
11 . . . . . . . . . . . . . . . . . . .
10 . . . . . . . . . . . . . . . . . . .
 9 . . . . . . . . . . . . . . . . . . .
 8 . . . . . . . . . . . . . . . . . . .
 7 . . . . . . . . . . . . . . . . . . .
 6 . . @ . . . . . . . . . . . . X X . .
 5 . . . . . . . . . . . . . . . X O . .
 4 . . . . . . . . . . . . . . . . O . .
 3 . . . X . . . . . . . . . O . O . . .
 2 . . . . . . . . . . . . . . . . . . .
 1 . . . . . . . . . . . . . . . . . . .

koPOSITIONALscoreAREAtaxNONEsui1komi7.5
Time taken: 0.0531616
Root visits: 805
New playouts: 319
NN rows: 311
NN batches: 104
NN avg batch size: 2.99038
PV: C6 Q16 Q17 R15 R17 Q15 O16 R11 R9 P11 R13 Q13
Tree:
: T  -8.22c W  -7.73c S  -0.26c ( -0.9 L  -0.8) N     805  --  C6 Q16 Q17 R15 R17 Q15 O16
---Black(^)---
C6  : T  -7.62c W  -7.18c S  -0.21c ( -0.8 L  -0.7) LCB   -8.76c P 47.38% WF 531.2 PSV     529 N     529  --  C6 Q16 Q17 R15 R17 Q15 O16 R11
D16 : T  -8.63c W  -8.15c S  -0.29c ( -0.9 L  -0.8) LCB  -11.01c P  5.23% WF  53.7 PSV      28 N      54  --  D16 C18 C6 P16 P17 O17 Q17 O16
C7  : T  -8.80c W  -8.53c S  -0.34c ( -1.0 L  -0.9) LCB  -11.87c P  5.36% WF  47.7 PSV      26 N      48  --  C7 P16 P17 O17 Q17 O16 Q14 R12
D6  : T -10.02c W  -9.41c S  -0.44c ( -1.1 L  -0.9) LCB  -13.41c P  8.28% WF  35.6 PSV      26 N      36  --  D6 P16 P17 O17 Q17 O16 Q14 R12
Q4  : T  -8.46c W  -8.26c S  -0.29c ( -0.9 L  -0.8) LCB  -11.61c P  3.15% WF  46.8 PSV      18 N      47  --  Q4 R2 C6 P16 P17 O17 Q17 O16
O16 : T  -9.19c W  -8.59c S  -0.33c ( -1.0 L  -0.8) LCB  -12.89c P  3.44% WF  20.9 PSV      14 N      21  --  O16 Q10 C6 R13 N6 D10
P16 : T -10.53c W  -8.94c S  -0.37c ( -1.0 L  -0.9) LCB  -14.97c P  4.40% WF  18.7 PSV      12 N      19  --  P16 Q10 C6 R15 Q15 R14 S16 Q14
O17 : T -10.08c W  -9.00c S  -0.38c ( -1.1 L  -1.0) LCB  -17.11c P  3.02% WF  13.9 PSV       9 N      14  --  O17 C5 C7 E4 D4 D5
D5  : T  -9.36c W  -9.09c S  -0.39c ( -1.1 L  -0.9) LCB  -15.68c P  2.22% WF  12.8 PSV       8 N      13  --  D5 P16 P17 O17 Q17 O16 Q14 R12
Q10 : T -13.19c W -11.93c S  -0.68c ( -1.4 L  -1.2) LCB  -25.42c P  3.18% WF   7.8 PSV       5 N       8  --  Q10 P16 P17 O17 Q17 O16

2025-11-16 14:03:14-0500: = C6
2025-11-16 14:03:15-0500: Controller: play white P17
2025-11-16 14:03:15-0500: = 
2025-11-16 14:03:15-0500: Controller: genmove black
2025-11-16 14:03:15-0500: MoveNum: 18 HASH: 9E7132AF21AC08E67FD08D0C755657FA
   A B C D E F G H J K L M N O P Q R S T
19 . . . . . . . . . . . . . . . . . . .
18 . . . . . . . . . . . . . . . . . . .
17 . . . O . O1. . . . . . . . O3. . . .
16 . . O . . . . . . . . . . . . . X . .
15 . . O X . . . . . . . . . . . . . . .
14 . . X X . . . . . . . . . . . @ . . .
13 . . . . . . . . . . . . . . . . . . .
12 . . . . . . . . . . . . . . . . . . .
11 . . . . . . . . . . . . . . . . . . .
10 . . . . . . . . . . . . . . . . . . .
 9 . . . . . . . . . . . . . . . . . . .
 8 . . . . . . . . . . . . . . . . . . .
 7 . . . . . . . . . . . . . . . . . . .
 6 . . X2. . . . . . . . . . . . X X . .
 5 . . . . . . . . . . . . . . . X O . .
 4 . . . . . . . . . . . . . . . . O . .
 3 . . . X . . . . . . . . . O . O . . .
 2 . . . . . . . . . . . . . . . . . . .
 1 . . . . . . . . . . . . . . . . . . .

koPOSITIONALscoreAREAtaxNONEsui1komi7.5
Time taken: 0.10259
Root visits: 805
New playouts: 689
NN rows: 633
NN batches: 212
NN avg batch size: 2.98585
PV: Q15 Q10 Q12 O10 N6 M16 N4 N3 L4 D10 D8 F10 G14 G8
Tree:
: T  -8.05c W  -7.68c S  -0.28c ( -0.9 L  -0.8) N     805  --  Q15 Q10 Q12 O10 N6 M16 N4
---Black(^)---
Q15 : T  -7.44c W  -7.34c S  -0.25c ( -0.9 L  -0.7) LCB   -8.81c P 33.02% WF 288.4 PSV     693 N     287  --  Q15 Q10 Q12 O10 N6 M16 N4 N3
Q14 : T  -8.42c W  -7.83c S  -0.31c ( -1.0 L  -0.8) LCB   -9.70c P 37.86% WF 311.7 PSV     313 N     313  --  Q14 D10 D8 F10 G14 F15 F14 E13
Q17 : T  -6.99c W  -7.09c S  -0.21c ( -0.8 L  -0.7) LCB   -9.81c P  2.99% WF  96.6 PSV      96 N      96  --  Q17 P16 Q14 L16 O15 N16 Q10 D10
Q13 : T  -8.53c W  -8.01c S  -0.31c ( -1.0 L  -0.8) LCB  -11.24c P  5.03% WF  55.8 PSV      38 N      56  --  Q13 D10 G14 C8 N17 R11 P11 R14
D16 : T  -9.03c W  -8.38c S  -0.34c ( -1.0 L  -0.8) LCB  -12.63c P  2.95% WF  21.9 PSV      16 N      22  --  D16 C17 Q14 D10 G14 C8 N17 Q10
Q4  : T  -9.77c W  -8.90c S  -0.38c ( -1.0 L  -0.9) LCB  -15.58c P  2.93% WF  12.9 PSV      11 N      13  --  Q4 R3 Q14 Q10 Q12 O10 N6 O5
N17 : T -12.98c W -11.04c S  -0.62c ( -1.3 L  -1.1) LCB  -22.77c P  2.18% WF   9.8 PSV       3 N      10  --  N17 Q15 Q16 P16 P15
E16 : T -13.54c W  -8.72c S  -0.35c ( -1.0 L  -0.9) LCB -163.49c P  1.53% WF   2.0 PSV       2 N       2  --  E16 G18
R13 : T -11.69c W  -9.97c S  -0.49c ( -1.2 L  -0.9) LCB -160.70c P  1.14% WF   2.0 PSV       2 N       2  --  R13 D10
Q10 : T -15.53c W -11.98c S  -0.73c ( -1.5 L  -1.3) LCB  -89.65c P  1.30% WF   2.9 PSV       1 N       3  --  Q10 Q15 Q16

2025-11-16 14:03:15-0500: = Q14
2025-11-16 14:03:15-0500: Controller: play white D10
2025-11-16 14:03:15-0500: = 
2025-11-16 14:03:15-0500: Controller: genmove black
2025-11-16 14:03:15-0500: MoveNum: 20 HASH: F14D4CEE39A8490983E2F12B35A2FEC2
   A B C D E F G H J K L M N O P Q R S T
19 . . . . . . . . . . . . . . . . . . .
18 . . . . . . . . . . . . . . . . . . .
17 . . . O . O . . . . . . @ . O1. . . .
16 . . O . . . . . . . . . . . . . X . .
15 . . O X . . . . . . . . . . . . . . .
14 . . X X . . . . . . . . . . . X2. . .
13 . . . . . . . . . . . . . . . . . . .
12 . . . . . . . . . . . . . . . . . . .
11 . . . . . . . . . . . . . . . . . . .
10 . . . O3. . . . . . . . . . . . . . .
 9 . . . . . . . . . . . . . . . . . . .
 8 . . . . . . . . . . . . . . . . . . .
 7 . . . . . . . . . . . . . . . . . . .
 6 . . X . . . . . . . . . . . . X X . .
 5 . . . . . . . . . . . . . . . X O . .
 4 . . . . . . . . . . . . . . . . O . .
 3 . . . X . . . . . . . . . O . O . . .
 2 . . . . . . . . . . . . . . . . . . .
 1 . . . . . . . . . . . . . . . . . . .

koPOSITIONALscoreAREAtaxNONEsui1komi7.5
Time taken: 0.101836
Root visits: 805
New playouts: 649
NN rows: 530
NN batches: 178
NN avg batch size: 2.97753
PV: N17 C8 G15 Q10 Q12 O10 N6 R17 S17 Q16
Tree:
: T  -8.91c W  -8.56c S  -0.29c ( -1.1 L  -0.9) N     805  --  N17 C8 G15 Q10 Q12 O10 N6
---Black(^)---
N17 : T  -7.78c W  -7.90c S  -0.23c ( -1.0 L  -0.8) LCB   -9.55c P  9.89% WF 211.8 PSV     282 N     210  --  N17 C8 G15 Q10 Q12 O10 N6 R17
G14 : T  -8.94c W  -8.61c S  -0.29c ( -1.1 L  -0.9) LCB  -10.58c P 21.19% WF 166.8 PSV     135 N     167  --  G14 C8 N17 Q10 R12 O10 N6 R17
D8  : T  -9.35c W  -8.56c S  -0.30c ( -1.1 L  -0.8) LCB  -12.02c P  8.30% WF  69.7 PSV      42 N      70  --  D8 Q10 G14 R12 F9 N5 R8 S9
G15 : T  -9.28c W  -8.69c S  -0.30c ( -1.1 L  -0.8) LCB  -11.66c P  6.49% WF  58.8 PSV      34 N      59  --  G15 Q10 D8 F10 Q12 O10 N6 N8
M17 : T  -8.25c W  -8.34c S  -0.27c ( -1.0 L  -0.8) LCB  -10.71c P  2.86% WF  95.3 PSV      31 N      95  --  M17 C8 G14 Q10 Q12 O10 N6 R17
F10 : T -10.60c W  -9.87c S  -0.45c ( -1.3 L  -1.0) LCB  -13.50c P  9.55% WF  38.6 PSV      30 N      39  --  F10 C8 G14 Q10 E7 C12 G16 G17
Q10 : T  -9.04c W  -8.24c S  -0.24c ( -1.0 L  -0.8) LCB  -11.69c P  3.63% WF  37.9 PSV      21 N      38  --  Q10 C8 N17 C4 D4 C5 D6 D5
F11 : T -11.82c W -11.13c S  -0.59c ( -1.5 L  -1.1) LCB  -17.08c P  6.75% WF  17.7 PSV      15 N      18  --  F11 C8 N17 Q10 Q12 O10 N6
C8  : T -10.82c W -10.29c S  -0.46c ( -1.3 L  -1.0) LCB  -16.71c P  4.26% WF  16.8 PSV      12 N      17  --  C8 F11 G14 F15 F14 H11
D16 : T  -8.87c W  -8.19c S  -0.23c ( -1.0 L  -0.8) LCB  -14.40c P  1.59% WF  17.0 PSV      10 N      17  --  D16 C17 G14 C8 N17 Q10 Q12 O10

2025-11-16 14:03:15-0500: = N17
2025-11-16 14:03:15-0500: Controller: play white Q10
2025-11-16 14:03:15-0500: = 
2025-11-16 14:03:15-0500: Controller: genmove black
2025-11-16 14:03:15-0500: MoveNum: 22 HASH: 5FEDB869141BCB1C1F71A534C46E7CCD
   A B C D E F G H J K L M N O P Q R S T
19 . . . . . . . . . . . . . . . . . . .
18 . . . . . . . . . . . . . . . . . . .
17 . . . O . O . . . . . . X2. O . . . .
16 . . O . . . . . . . . . . . . . X . .
15 . . O X . . . . . . . . . . . . . . .
14 . . X X . . . . . . . . . . . X . . .
13 . . . . . . . . . . . . . . . . . . .
12 . . . . . . . . . . . . . . . @ . . .
11 . . . . . . . . . . . . . . . . . . .
10 . . . O1. . . . . . . . . . . O3. . .
 9 . . . . . . . . . . . . . . . . . . .
 8 . . . . . . . . . . . . . . . . . . .
 7 . . . . . . . . . . . . . . . . . . .
 6 . . X . . . . . . . . . . . . X X . .
 5 . . . . . . . . . . . . . . . X O . .
 4 . . . . . . . . . . . . . . . . O . .
 3 . . . X . . . . . . . . . O . O . . .
 2 . . . . . . . . . . . . . . . . . . .
 1 . . . . . . . . . . . . . . . . . . .

koPOSITIONALscoreAREAtaxNONEsui1komi7.5
Time taken: 0.109111
Root visits: 805
New playouts: 732
NN rows: 658
NN batches: 221
NN avg batch size: 2.97738
PV: Q12 O10 N6 C8 M10 R8 N4 N3 L4 R17 S17
Tree:
: T  -7.53c W  -7.60c S  -0.27c ( -1.0 L  -0.8) N     805  --  Q12 O10 N6 C8 M10 R8 N4
---Black(^)---
Q12 : T  -6.45c W  -6.91c S  -0.20c ( -0.9 L  -0.7) LCB   -7.79c P 26.05% WF 610.9 PSV     607 N     606  --  Q12 O10 N6 C8 M10 R8 N4 N3
N6  : T -10.61c W  -9.52c S  -0.48c ( -1.2 L  -1.0) LCB  -15.17c P 16.75% WF  69.1 PSV      43 N      71  --  N6 R12 Q12 Q11 P12 R13 R14 R8
N5  : T  -9.79c W  -8.76c S  -0.37c ( -1.1 L  -0.9) LCB  -14.67c P  8.32% WF  34.4 PSV      26 N      35  --  N5 C8 Q12 O10 P9 P10 N8
D8  : T -10.55c W  -9.56c S  -0.46c ( -1.2 L  -0.9) LCB  -14.73c P  5.23% WF  20.6 PSV      13 N      21  --  D8 F10 G14 R12 G16 N16 M16
R12 : T -11.97c W -11.29c S  -0.66c ( -1.5 L  -1.1) LCB  -19.69c P  5.65% WF  12.7 PSV      11 N      13  --  R12 R17 S17 Q16 R15 O9
G14 : T -12.41c W -10.89c S  -0.60c ( -1.4 L  -1.1) LCB  -20.16c P  5.37% WF  11.7 PSV      10 N      12  --  G14 R12 D8 F10 G16 N16 M16
F10 : T -10.54c W  -9.99c S  -0.53c ( -1.3 L  -1.0) LCB  -18.86c P  3.07% WF   9.8 PSV       8 N      10  --  F10 C8 Q12 O10 N6 R17 S17
Q4  : T -10.64c W  -9.10c S  -0.43c ( -1.2 L  -0.9) LCB  -30.87c P  2.12% WF   5.9 PSV       5 N       6  --  Q4 R3 Q12 O10
D16 : T  -9.24c W  -8.05c S  -0.36c ( -1.1 L  -0.8) LCB  -37.44c P  1.09% WF   4.9 PSV       4 N       5  --  D16 C17 Q12 O10
F11 : T -11.72c W -11.33c S  -0.66c ( -1.5 L  -1.1) LCB  -54.59c P  1.91% WF   3.9 PSV       4 N       4  --  F11 C8 Q12

2025-11-16 14:03:15-0500: = Q12
2025-11-16 14:03:15-0500: Controller: play white C8
2025-11-16 14:03:15-0500: = 
2025-11-16 14:03:15-0500: Controller: genmove black
2025-11-16 14:03:15-0500: MoveNum: 24 HASH: 7AF37A8149ADE01958405711CB7409DF
   A B C D E F G H J K L M N O P Q R S T
19 . . . . . . . . . . . . . . . . . . .
18 . . . . . . . . . . . . . . . . . . .
17 . . . O . O . . . . . . X . O . . . .
16 . . O . . . . . . . . . . . . . X . .
15 . . O X . . . . . . . . . . . . . . .
14 . . X X . . . . . . . . . . . X . . .
13 . . . . . . . . . . . . . . . . . . .
12 . . . . . . . . . . . . . . . X2. . .
11 . . . . . . . . . . . . . . . . . . .
10 . . . O . . . . . . . . . @ . O1. . .
 9 . . . . . . . . . . . . . . . . . . .
 8 . . O3. . . . . . . . . . . . . . . .
 7 . . . . . . . . . . . . . . . . . . .
 6 . . X . . . . . . . . . . . . X X . .
 5 . . . . . . . . . . . . . . . X O . .
 4 . . . . . . . . . . . . . . . . O . .
 3 . . . X . . . . . . . . . O . O . . .
 2 . . . . . . . . . . . . . . . . . . .
 1 . . . . . . . . . . . . . . . . . . .

koPOSITIONALscoreAREAtaxNONEsui1komi7.5
Time taken: 0.116876
Root visits: 805
New playouts: 787
NN rows: 682
NN batches: 229
NN avg batch size: 2.97817
PV: O10 O9 P9 P10 P8 O11 N10 P12 P13
Tree:
: T  -6.34c W  -6.09c S  -0.18c ( -0.8 L  -0.6) N     805  --  O10 O9 P9 P10 P8 O11 N10
---Black(^)---
O10 : T  -4.96c W  -4.83c S  -0.06c ( -0.7 L  -0.5) LCB   -6.59c P 42.74% WF 508.7 PSV     504 N     503  --  O10 O9 P9 P10 P8 O11 N10 P12
P9  : T  -9.57c W  -9.00c S  -0.48c ( -1.2 L  -0.9) LCB  -14.19c P 10.39% WF  41.0 PSV      22 N      42  --  P9 R17 S17 S16 S15 Q16 T16 R15
N6  : T  -8.14c W  -8.11c S  -0.36c ( -1.0 L  -0.8) LCB  -10.65c P  6.84% WF  77.7 PSV      19 N      79  --  N6 O10 M10 R8 N4 N3 L4 R17
P4  : T  -7.89c W  -7.12c S  -0.27c ( -0.9 L  -0.7) LCB  -11.00c P  4.63% WF  62.1 PSV      14 N      63  --  P4 N2 O4 N4 N5 M4 O10 R17
O9  : T  -9.20c W  -8.66c S  -0.45c ( -1.2 L  -0.9) LCB  -14.91c P  5.21% WF  26.5 PSV      12 N      27  --  O9 R17 S17 S16 S15 Q16 T16 R15
Q4  : T  -7.82c W  -7.87c S  -0.35c ( -1.0 L  -0.8) LCB  -11.17c P  2.27% WF  43.3 PSV       7 N      44  --  Q4 R3 O10 R17 S17 S16 S15 Q16
D16 : T  -8.98c W  -7.80c S  -0.33c ( -1.0 L  -0.8) LCB  -18.83c P  2.13% WF   9.9 PSV       5 N      10  --  D16 C17 G14 O10 N6 R17
G14 : T -11.13c W -10.46c S  -0.61c ( -1.4 L  -1.1) LCB  -18.56c P  3.05% WF   8.8 PSV       5 N       9  --  G14 O10 N6 R17 S17 S16 S15 Q16
N5  : T -10.13c W  -8.88c S  -0.41c ( -1.1 L  -0.8) LCB  -19.10c P  2.31% WF   8.8 PSV       4 N       9  --  N5 O10 G14 R17 S17
G15 : T -10.16c W  -9.69c S  -0.53c ( -1.3 L  -1.0) LCB  -20.19c P  1.68% WF   7.8 PSV       3 N       8  --  G15 O10 N6 R17 S17 Q16 R18

2025-11-16 14:03:15-0500: = O10
2025-11-16 14:03:16-0500: Controller: play white R17
2025-11-16 14:03:16-0500: = 
2025-11-16 14:03:16-0500: Controller: genmove black
2025-11-16 14:03:16-0500: MoveNum: 26 HASH: 8A37360DC41FC31AEC78C1E60966C537
   A B C D E F G H J K L M N O P Q R S T
19 . . . . . . . . . . . . . . . . . . .
18 . . . . . . . . . . . . . . . . . . .
17 . . . O . O . . . . . . X . O . O3@ .
16 . . O . . . . . . . . . . . . . X . .
15 . . O X . . . . . . . . . . . . . . .
14 . . X X . . . . . . . . . . . X . . .
13 . . . . . . . . . . . . . . . . . . .
12 . . . . . . . . . . . . . . . X . . .
11 . . . . . . . . . . . . . . . . . . .
10 . . . O . . . . . . . . . X2. O . . .
 9 . . . . . . . . . . . . . . . . . . .
 8 . . O1. . . . . . . . . . . . . . . .
 7 . . . . . . . . . . . . . . . . . . .
 6 . . X . . . . . . . . . . . . X X . .
 5 . . . . . . . . . . . . . . . X O . .
 4 . . . . . . . . . . . . . . . . O . .
 3 . . . X . . . . . . . . . O . O . . .
 2 . . . . . . . . . . . . . . . . . . .
 1 . . . . . . . . . . . . . . . . . . .

koPOSITIONALscoreAREAtaxNONEsui1komi7.5
Time taken: 0.106077
Root visits: 805
New playouts: 661
NN rows: 584
NN batches: 197
NN avg batch size: 2.96447
PV: S17 Q16 R18 Q18 Q17 Q8 O8 P7 P4 P3 N6 O5
Tree:
: T  -5.51c W  -5.36c S  -0.16c ( -0.7 L  -0.6) N     805  --  S17 Q16 R18 Q18 Q17 Q8 O8
---Black(^)---
S17 : T  -5.27c W  -5.18c S  -0.14c ( -0.7 L  -0.6) LCB   -6.81c P 82.91% WF 780.6 PSV     780 N     779  --  S17 Q16 R18 Q18 Q17 Q8 O8 P7
Q16 : T -21.47c W -16.53c S  -1.34c ( -2.2 L  -1.7) LCB  -35.10c P  9.90% WF   7.5 PSV       7 N       8  --  Q16 Q17 S16 S17 O18 P18
Q4  : T  -8.35c W  -7.93c S  -0.40c ( -1.0 L  -0.8) LCB  -19.96c P  1.95% WF   7.9 PSV       5 N       8  --  Q4 R3 S17 S16 S15
P4  : T  -9.06c W  -9.36c S  -0.57c ( -1.2 L  -0.9) LCB  -37.68c P  1.84% WF   4.9 PSV       4 N       5  --  P4 N2 S17 S16
D16 : T -13.61c W  -9.99c S  -0.63c ( -1.3 L  -1.1) LCB -163.01c P  1.19% WF   2.0 PSV       1 N       2  --  D16 C17
Q17 : T -12.93c W -12.07c S  -0.87c ( -1.6 L  -1.2) LCB -362.93c P  0.87% WF   1.0 PSV       1 N       1  --  Q17

2025-11-16 14:03:16-0500: = S17
2025-11-16 14:03:16-0500: Controller: play white P11
2025-11-16 14:03:16-0500: = 
2025-11-16 14:03:16-0500: Controller: genmove black
2025-11-16 14:03:16-0500: MoveNum: 28 HASH: 7197155D5BF9DF2D8281F17BCA2F8107
   A B C D E F G H J K L M N O P Q R S T
19 . . . . . . . . . . . . . . . . . . .
18 . . . . . . . . . . . . . . . . . . .
17 . . . O . O . . . . . . X . O . O1X2.
16 . . O . . . . . . . . . . . . . X . .
15 . . O X . . . . . . . . . . . . . . .
14 . . X X . . . . . . . . . . . X . . .
13 . . . . . . . . . . . . . . . . . . .
12 . . . . . . . . . . . . @ . . X . . .
11 . . . . . . . . . . . . . . O3. . . .
10 . . . O . . . . . . . . . X . O . . .
 9 . . . . . . . . . . . . . . . . . . .
 8 . . O . . . . . . . . . . . . . . . .
 7 . . . . . . . . . . . . . . . . . . .
 6 . . X . . . . . . . . . . . . X X . .
 5 . . . . . . . . . . . . . . . X O . .
 4 . . . . . . . . . . . . . . . . O . .
 3 . . . X . . . . . . . . . O . O . . .
 2 . . . . . . . . . . . . . . . . . . .
 1 . . . . . . . . . . . . . . . . . . .

koPOSITIONALscoreAREAtaxNONEsui1komi7.5
Time taken: 0.0892295
Root visits: 805
New playouts: 646
NN rows: 533
NN batches: 180
NN avg batch size: 2.96111
PV: N12 Q16 R18 P13 P12 O11 O12 N11 M11 N10 M10 N9 N6 M9 N4 M12 K10 M13
Tree:
: T  -3.58c W  -4.08c S  -0.06c ( -0.6 L  -0.4) N     805  --  N12 Q16 R18 P13 P12 O11 O12
---Black(^)---
N12 : T  -2.92c W  -3.70c S  -0.03c ( -0.5 L  -0.4) LCB   -5.43c P 55.80% WF 406.4 PSV     405 N     405  --  N12 Q16 R18 P13 P12 O11 O12 N11
O8  : T  -8.55c W  -7.98c S  -0.43c ( -1.0 L  -0.8) LCB  -14.16c P  6.98% WF  16.5 PSV      12 N      17  --  O8 O11 M10 M11 L11 M12
N11 : T  -6.17c W  -5.84c S  -0.25c ( -0.8 L  -0.7) LCB  -11.89c P  4.27% WF  49.0 PSV      11 N      50  --  N11 P13 Q13 O11 N10 N13 O15
N15 : T  -2.29c W  -3.19c S   0.05c ( -0.4 L  -0.4) LCB   -4.58c P  0.87% WF 246.9 PSV       9 N     245  --  N15 Q16 R15 O11 N10 O13 M12 M13
O13 : T  -8.73c W  -7.63c S  -0.41c ( -1.0 L  -0.7) LCB  -13.00c P  5.44% WF  25.2 PSV       9 N      26  --  O13 P13 P14 P12 N11 Q13
P4  : T  -7.79c W  -6.63c S  -0.33c ( -0.9 L  -0.7) LCB  -16.56c P  4.74% WF  11.7 PSV       9 N      12  --  P4 N2 N12 P13 P12 O11 O12 N11
N6  : T  -4.17c W  -4.47c S  -0.05c ( -0.5 L  -0.5) LCB  -11.07c P  0.92% WF  13.9 PSV       4 N      14  --  N6 O11 N10 N11 M10 M11
Q4  : T  -7.99c W  -6.62c S  -0.33c ( -0.9 L  -0.7) LCB  -16.63c P  2.50% WF  11.7 PSV       4 N      12  --  Q4 R3 N12 P13 P12 O11
N14 : T  -8.89c W  -6.41c S  -0.33c ( -0.9 L  -0.6) LCB  -52.84c P  1.99% WF   3.9 PSV       3 N       4  --  N14 P13 Q13 O11
D16 : T -11.05c W  -8.75c S  -0.55c ( -1.2 L  -0.9) LCB  -28.20c P  1.75% WF   7.7 PSV       2 N       8  --  D16 C17 N12 P13 Q13 O11

2025-11-16 14:03:16-0500: = N12
2025-11-16 14:03:16-0500: Controller: play white P8
2025-11-16 14:03:16-0500: = 
2025-11-16 14:03:16-0500: Controller: genmove black
2025-11-16 14:03:16-0500: MoveNum: 30 HASH: 6EBA7D87559A48E4CCCA38B97FE1C320
   A B C D E F G H J K L M N O P Q R S T
19 . . . . . . . . . . . . . . . . . . .
18 . . . . . . . . . . . . . . . . . . .
17 . . . O . O . . . . . . X . O . O X .
16 . . O . . . . . . . . . . . . . X . .
15 . . O X . . . . . . . . . . . . . . .
14 . . X X . . . . . . . . . . . X . . .
13 . . . . . . . . . . . . . . . . . . .
12 . . . . . . . . . . . . X2. . X . . .
11 . . . . . . . . . . . . . . O1. . . .
10 . . . O . . . . . . . . . X . O . . .
 9 . . . . . . . . . . . . . . . . . . .
 8 . . O . . . . . . . . . . . O3. . . .
 7 . . . . . . . . . . . . . . . . . . .
 6 . . X . . . . . . . . . . . . X X . .
 5 . . . . . . . . . . . . . . . X O . .
 4 . . . . . . . . . . . . . . . @ O . .
 3 . . . X . . . . . . . . . O . O . . .
 2 . . . . . . . . . . . . . . . . . . .
 1 . . . . . . . . . . . . . . . . . . .

koPOSITIONALscoreAREAtaxNONEsui1komi7.5
Time taken: 0.133889
Root visits: 805
New playouts: 768
NN rows: 743
NN batches: 249
NN avg batch size: 2.98394
PV: Q4 R3 N4 O4 O5 N5 N6 M5 O7 O11 N11 P13 P12
Tree:
: T  -3.24c W  -2.94c S  -0.10c ( -0.4 L  -0.4) N     805  --  Q4 R3 N4 O4 O5 N5 N6
---Black(^)---
Q4  : T  -1.17c W  -0.97c S   0.10c ( -0.2 L  -0.2) LCB   -4.00c P  3.86% WF 173.6 PSV     533 N     171  --  Q4 R3 N4 O4 O5 N5 N6 M5
R8  : T  -3.52c W  -3.74c S  -0.21c ( -0.6 L  -0.4) LCB   -7.03c P 32.74% WF 210.0 PSV     211 N     211  --  R8 O11 N11 N10 O9 P13 M10 Q13
P4  : T  -4.09c W  -4.16c S  -0.22c ( -0.6 L  -0.5) LCB   -6.84c P 20.25% WF 144.8 PSV     103 N     146  --  P4 N2 O4 N8 N3 P3 M3 M2
N6  : T  -3.62c W  -3.13c S  -0.10c ( -0.4 L  -0.4) LCB   -8.04c P  9.98% WF  71.7 PSV      61 N      72  --  N6 N8 N4 N3 R8 O11 N11 N10
N4  : T  -2.58c W  -1.86c S   0.04c ( -0.2 L  -0.3) LCB   -6.04c P  4.40% WF 154.6 PSV      51 N     154  --  N4 O11 N11 P13 Q4 R3 N9 Q13
O4  : T  -5.88c W  -3.56c S  -0.17c ( -0.5 L  -0.4) LCB  -15.34c P  6.42% WF  22.7 PSV      19 N      23  --  O4 N3 Q4 R3 R8 O11 N11 P13
Q9  : T -13.55c W -11.87c S  -1.01c ( -1.6 L  -1.0) LCB  -29.97c P  6.32% WF   6.7 PSV       7 N       7  --  Q9 P9 R9 O11 R10
N5  : T  -5.08c W  -3.55c S  -0.15c ( -0.5 L  -0.4) LCB  -26.05c P  1.27% WF   6.0 PSV       4 N       6  --  N5 R8 N8 O7
O7  : T -11.36c W  -7.43c S  -0.58c ( -1.0 L  -0.8) LCB  -55.32c P  3.00% WF   3.9 PSV       4 N       4  --  O7 N9 N10 R8
D16 : T  -7.07c W  -3.85c S  -0.20c ( -0.5 L  -0.4) LCB  -81.89c P  1.00% WF   3.0 PSV       2 N       3  --  D16 C17 R8

2025-11-16 14:03:16-0500: = Q4
2025-11-16 14:03:16-0500: Controller: play white R3
2025-11-16 14:03:16-0500: = 
2025-11-16 14:03:16-0500: Controller: genmove black
2025-11-16 14:03:16-0500: MoveNum: 32 HASH: F68F00DF8ACC24C1AC0B1E9DFB883BCA
   A B C D E F G H J K L M N O P Q R S T
19 . . . . . . . . . . . . . . . . . . .
18 . . . . . . . . . . . . . . . . . . .
17 . . . O . O . . . . . . X . O . O X .
16 . . O . . . . . . . . . . . . . X . .
15 . . O X . . . . . . . . . . . . . . .
14 . . X X . . . . . . . . . . . X . . .
13 . . . . . . . . . . . . . . . . . . .
12 . . . . . . . . . . . . X . . X . . .
11 . . . . . . . . . . . . . . O . . . .
10 . . . O . . . . . . . . . X . O . . .
 9 . . . . . . . . . . . . . . . . . . .
 8 . . O . . . . . . . . . . . O1. @ . .
 7 . . . . . . . . . . . . . . . . . . .
 6 . . X . . . . . . . . . . . . X X . .
 5 . . . . . . . . . . . . . . . X O . .
 4 . . . . . . . . . . . . . . . X2O . .
 3 . . . X . . . . . . . . . O . O O3. .
 2 . . . . . . . . . . . . . . . . . . .
 1 . . . . . . . . . . . . . . . . . . .

koPOSITIONALscoreAREAtaxNONEsui1komi7.5
Time taken: 0.107762
Root visits: 805
New playouts: 684
NN rows: 553
NN batches: 187
NN avg batch size: 2.95722
PV: R8 O11 N11 N10 O9 P13 M10 Q13 R13 R12 R11 S12 S13 S11
Tree:
: T  -0.50c W  -1.20c S   0.01c ( -0.2 L  -0.2) N     805  --  R8 O11 N11 N10 O9 P13 M10
---Black(^)---
R8  : T   0.78c W  -0.43c S   0.08c ( -0.1 L  -0.1) LCB   -1.49c P 51.37% WF 518.7 PSV     514 N     513  --  R8 O11 N11 N10 O9 P13 M10 Q13
O4  : T  -1.81c W  -2.08c S  -0.09c ( -0.3 L  -0.3) LCB   -4.91c P 17.34% WF 145.0 PSV      62 N     147  --  O4 N3 R8 O11 N11 P13 O13 P14
N4  : T  -2.74c W  -1.88c S  -0.05c ( -0.3 L  -0.3) LCB   -6.68c P  8.52% WF  94.1 PSV      25 N      96  --  N4 O11 N11 P13 N3 O4 O5 N5
N6  : T  -3.20c W  -3.74c S  -0.21c ( -0.5 L  -0.4) LCB   -6.90c P  3.93% WF  24.6 PSV      10 N      25  --  N6 N8 N4 N3 R8 O11 N11
O7  : T  -8.22c W  -8.16c S  -0.66c ( -1.1 L  -0.7) LCB  -36.18c P  3.35% WF   4.8 PSV       4 N       5  --  O7 N9 N10
Q9  : T -12.78c W  -9.39c S  -0.85c ( -1.3 L  -1.0) LCB  -56.66c P  2.84% WF   3.8 PSV       2 N       4  --  Q9 P9 R9 R10
O8  : T  -6.42c W  -5.63c S  -0.46c ( -0.8 L  -0.7) LCB  -84.85c P  1.18% WF   2.9 PSV       1 N       3  --  O8 O7
E16 : T  -8.70c W  -4.83c S  -0.35c ( -0.7 L  -0.5) LCB  -83.37c P  1.15% WF   2.9 PSV       1 N       3  --  E16 G18 R8
D16 : T  -7.89c W  -6.41c S  -0.55c ( -0.9 L  -0.7) LCB -156.87c P  1.38% WF   2.0 PSV       1 N       2  --  D16 C17
Q8  : T  -9.47c W  -7.42c S  -0.63c ( -1.0 L  -0.7) LCB -158.50c P  0.93% WF   1.9 PSV       1 N       2  --  Q8 Q9

2025-11-16 14:03:16-0500: = R8
2025-11-16 14:03:16-0500: Controller: play white O11
2025-11-16 14:03:16-0500: = 
2025-11-16 14:03:16-0500: Controller: genmove black
2025-11-16 14:03:17-0500: MoveNum: 34 HASH: F3772D340229A1494D5B7D59095BD13D
   A B C D E F G H J K L M N O P Q R S T
19 . . . . . . . . . . . . . . . . . . .
18 . . . . . . . . . . . . . . . . . . .
17 . . . O . O . . . . . . X . O . O X .
16 . . O . . . . . . . . . . . . . X . .
15 . . O X . . . . . . . . . . . . . . .
14 . . X X . . . . . . . . . . . X . . .
13 . . . . . . . . . . . . . . . . . . .
12 . . . . . . . . . . . . X . . X . . .
11 . . . . . . . . . . . . @ O3O . . . .
10 . . . O . . . . . . . . . X . O . . .
 9 . . . . . . . . . . . . . . . . . . .
 8 . . O . . . . . . . . . . . O . X2. .
 7 . . . . . . . . . . . . . . . . . . .
 6 . . X . . . . . . . . . . . . X X . .
 5 . . . . . . . . . . . . . . . X O . .
 4 . . . . . . . . . . . . . . . X O . .
 3 . . . X . . . . . . . . . O . O O1. .
 2 . . . . . . . . . . . . . . . . . . .
 1 . . . . . . . . . . . . . . . . . . .

koPOSITIONALscoreAREAtaxNONEsui1komi7.5
Time taken: 0.07786
Root visits: 805
New playouts: 509
NN rows: 414
NN batches: 142
NN avg batch size: 2.91549
PV: N11 N10 O9 P13 P12 Q16 R18 O12 O13 N13 O14 M10 M13 O8 N9 P9
Tree:
: T  -0.86c W  -1.87c S  -0.08c ( -0.3 L  -0.2) N     805  --  N11 N10 O9 P13 P12 Q16 R18
---Black(^)---
N11 : T  -0.49c W  -1.55c S  -0.04c ( -0.3 L  -0.2) LCB   -2.73c P 79.40% WF 786.7 PSV     786 N     787  --  N11 N10 O9 P13 P12 Q16 R18 O12
O4  : T -14.86c W -16.04c S  -1.54c ( -2.2 L  -1.5) LCB  -44.96c P  4.05% WF   4.7 PSV       4 N       5  --  O4 N4 N5
D16 : T -14.52c W -12.54c S  -1.17c ( -1.7 L  -1.1) LCB  -88.69c P  3.33% WF   2.9 PSV       3 N       3  --  D16 C17 N11
E16 : T -21.45c W -18.62c S  -1.84c ( -2.6 L  -1.8) LCB -170.43c P  3.19% WF   1.9 PSV       2 N       2  --  E16 G18
R10 : T -24.05c W -21.68c S  -2.10c ( -2.8 L  -1.9) LCB -172.98c P  1.77% WF   1.9 PSV       1 N       2  --  R10 N11
M10 : T -20.09c W -18.36c S  -1.73c ( -2.4 L  -1.6) LCB -370.09c P  2.33% WF   1.0 PSV       1 N       1  --  M10
Q9  : T -29.34c W -26.75c S  -2.58c ( -3.4 L  -2.3) LCB -379.34c P  1.46% WF   0.9 PSV       0 N       1  --  Q9
N4  : T -20.48c W -18.70c S  -1.78c ( -2.4 L  -1.6) LCB -370.48c P  0.74% WF   1.0 PSV       0 N       1  --  N4
N10 : T -27.85c W -25.30c S  -2.55c ( -3.5 L  -2.5) LCB -377.85c P  0.59% WF   0.9 PSV       0 N       1  --  N10

2025-11-16 14:03:17-0500: = N11
2025-11-16 14:03:17-0500: Controller: play white N10
2025-11-16 14:03:17-0500: = 
2025-11-16 14:03:17-0500: Controller: genmove black
2025-11-16 14:03:17-0500: MoveNum: 36 HASH: E75AAB0E18D2335399A42694641F0F82
   A B C D E F G H J K L M N O P Q R S T
19 . . . . . . . . . . . . . . . . . . .
18 . . . . . . . . . . . . . . . . . . .
17 . . . O . O . . . . . . X . O . O X .
16 . . O . . . . . . . . . . . . . X . .
15 . . O X . . . . . . . . . . . . . . .
14 . . X X . . . . . . . . . . . X . . .
13 . . . . . . . . . . . . . . . . . . .
12 . . . . . . . . . . . . X . . X . . .
11 . . . . . . . . . . . . X2O1O . . . .
10 . . . O . . . . . . . . O3X . O . . .
 9 . . . . . . . . . . . . . @ . . . . .
 8 . . O . . . . . . . . . . . O . X . .
 7 . . . . . . . . . . . . . . . . . . .
 6 . . X . . . . . . . . . . . . X X . .
 5 . . . . . . . . . . . . . . . X O . .
 4 . . . . . . . . . . . . . . . X O . .
 3 . . . X . . . . . . . . . O . O O . .
 2 . . . . . . . . . . . . . . . . . . .
 1 . . . . . . . . . . . . . . . . . . .

koPOSITIONALscoreAREAtaxNONEsui1komi7.5
Time taken: 0.0499664
Root visits: 805
New playouts: 348
NN rows: 293
NN batches: 100
NN avg batch size: 2.93
PV: O9 P13 P12 S16 S15 O12 O13 Q16 R15 S18 N13
Tree:
: T  -2.41c W  -2.86c S  -0.16c ( -0.5 L  -0.3) N     805  --  O9 P13 P12 S16 S15 O12 O13
---Black(^)---
O9  : T  -1.51c W  -2.16c S  -0.09c ( -0.4 L  -0.2) LCB   -3.99c P 55.08% WF 757.6 PSV     754 N     760  --  O9 P13 P12 S16 S15 O12 O13 Q16
N9  : T -15.28c W -12.02c S  -1.10c ( -1.7 L  -1.2) LCB  -23.06c P 19.41% WF  23.1 PSV      23 N      25  --  N9 M10 P9 P13 Q9 N13
D16 : T -14.66c W -13.44c S  -1.31c ( -1.9 L  -1.4) LCB  -58.91c P  3.56% WF   3.8 PSV       4 N       4  --  D16 C17 N9
O4  : T -29.68c W -24.80c S  -2.35c ( -3.2 L  -2.3) LCB  -73.01c P  5.67% WF   3.6 PSV       3 N       4  --  O4 N9 N3 O2
M10 : T -28.84c W -25.54c S  -2.45c ( -3.3 L  -2.4) LCB -103.14c P  5.97% WF   2.7 PSV       3 N       3  --  M10 N9 R10
O8  : T -23.77c W -21.33c S  -2.08c ( -2.9 L  -2.1) LCB -172.71c P  2.70% WF   1.9 PSV       2 N       2  --  O8 O9
E16 : T -17.28c W -13.45c S  -1.27c ( -1.9 L  -1.4) LCB -166.55c P  1.19% WF   1.9 PSV       1 N       2  --  E16 G18
R10 : T -22.84c W -20.88c S  -1.95c ( -2.7 L  -1.7) LCB -372.84c P  2.02% WF   0.9 PSV       1 N       1  --  R10
P9  : T -45.48c W -41.19c S  -4.29c ( -5.6 L  -4.4) LCB -395.48c P  1.03% WF   0.9 PSV       0 N       1  --  P9
N8  : T -17.26c W -15.78c S  -1.48c ( -2.1 L  -1.2) LCB -367.26c P  0.73% WF   1.0 PSV       0 N       1  --  N8

2025-11-16 14:03:17-0500: = O9
2025-11-16 14:03:17-0500: Controller: play white P13
2025-11-16 14:03:17-0500: = 
2025-11-16 14:03:17-0500: Controller: genmove black
2025-11-16 14:03:17-0500: MoveNum: 38 HASH: 2D0D6E7B96408EB91B7BED4014B415F5
   A B C D E F G H J K L M N O P Q R S T
19 . . . . . . . . . . . . . . . . . . .
18 . . . . . . . . . . . . . . . . . . .
17 . . . O . O . . . . . . X . O . O X .
16 . . O . . . . . . . . . . . . . X . .
15 . . O X . . . . . . . . . . . . . . .
14 . . X X . . . . . . . . . . . X . . .
13 . . . . . . . . . . . . . . O3. . . .
12 . . . . . . . . . . . . X . @ X . . .
11 . . . . . . . . . . . . X O O . . . .
10 . . . O . . . . . . . . O1X . O . . .
 9 . . . . . . . . . . . . . X2. . . . .
 8 . . O . . . . . . . . . . . O . X . .
 7 . . . . . . . . . . . . . . . . . . .
 6 . . X . . . . . . . . . . . . X X . .
 5 . . . . . . . . . . . . . . . X O . .
 4 . . . . . . . . . . . . . . . X O . .
 3 . . . X . . . . . . . . . O . O O . .
 2 . . . . . . . . . . . . . . . . . . .
 1 . . . . . . . . . . . . . . . . . . .

koPOSITIONALscoreAREAtaxNONEsui1komi7.5
Time taken: 0.0348975
Root visits: 805
New playouts: 172
NN rows: 127
NN batches: 43
NN avg batch size: 2.95349
PV: P12 O12 O13 P14 Q13 N13 O14 M10 L11 O8 N9 L10
Tree:
: T  -2.91c W  -3.47c S  -0.14c ( -0.5 L  -0.3) N     805  --  P12 O12 O13 P14 Q13 N13 O14
---Black(^)---
P12 : T  -0.32c W  -1.72c S   0.03c ( -0.3 L  -0.1) LCB   -3.08c P  6.66% WF 592.0 PSV     580 N     588  --  P12 O12 O13 P14 Q13 N13 O14 M10
M10 : T  -7.54c W  -6.48c S  -0.40c ( -0.8 L  -0.7) LCB  -12.25c P 42.25% WF 119.6 PSV     104 N     125  --  M10 Q13 R13 P14 Q15 P15 Q17 R12
O13 : T -12.97c W  -9.84c S  -0.85c ( -1.4 L  -1.1) LCB  -22.73c P 25.13% WF  60.0 PSV      35 N      65  --  O13 P14 P12 Q13 O12 Q16 R18 Q17
Q13 : T -14.43c W -13.90c S  -1.26c ( -2.0 L  -1.3) LCB  -88.68c P  2.49% WF   2.9 PSV       3 N       3  --  Q13 M10
N14 : T -14.39c W -14.29c S  -1.24c ( -2.0 L  -1.5) LCB  -89.48c P  2.41% WF   2.9 PSV       3 N       3  --  N14 Q13
O4  : T -14.20c W -11.34c S  -0.91c ( -1.5 L  -1.0) LCB  -88.40c P  2.34% WF   2.9 PSV       3 N       3  --  O4 M10 N3
D16 : T -10.01c W  -7.50c S  -0.57c ( -1.1 L  -0.7) LCB  -84.16c P  1.64% WF   2.9 PSV       3 N       3  --  D16 C17 M10
O15 : T -23.16c W -17.50c S  -1.65c ( -2.5 L  -1.7) LCB  -98.06c P  3.07% WF   2.8 PSV       2 N       3  --  O15 M10 O8
Q16 : T -23.57c W -18.68c S  -1.79c ( -2.7 L  -1.9) LCB -172.99c P  2.97% WF   1.9 PSV       2 N       2  --  Q16 M10
O8  : T -16.06c W -14.66c S  -1.31c ( -2.0 L  -1.3) LCB -164.99c P  1.87% WF   1.9 PSV       2 N       2  --  O8 Q13

2025-11-16 14:03:17-0500: = P12
2025-11-16 14:03:17-0500: Controller: play white O12
2025-11-16 14:03:17-0500: = 
2025-11-16 14:03:17-0500: Controller: genmove black
2025-11-16 14:03:17-0500: MoveNum: 40 HASH: D478D4F0058F752EF8565D3142C9607C
   A B C D E F G H J K L M N O P Q R S T
19 . . . . . . . . . . . . . . . . . . .
18 . . . . . . . . . . . . . . . . . . .
17 . . . O . O . . . . . . X . O . O X .
16 . . O . . . . . . . . . . . . . X . .
15 . . O X . . . . . . . . . . . . . . .
14 . . X X . . . . . . . . . . . X . . .
13 . . . . . . . . . . . . . @ O1. . . .
12 . . . . . . . . . . . . X O3X2X . . .
11 . . . . . . . . . . . . X O O . . . .
10 . . . O . . . . . . . . O X . O . . .
 9 . . . . . . . . . . . . . X . . . . .
 8 . . O . . . . . . . . . . . O . X . .
 7 . . . . . . . . . . . . . . . . . . .
 6 . . X . . . . . . . . . . . . X X . .
 5 . . . . . . . . . . . . . . . X O . .
 4 . . . . . . . . . . . . . . . X O . .
 3 . . . X . . . . . . . . . O . O O . .
 2 . . . . . . . . . . . . . . . . . . .
 1 . . . . . . . . . . . . . . . . . . .

koPOSITIONALscoreAREAtaxNONEsui1komi7.5
Time taken: 0.108656
Root visits: 805
New playouts: 497
NN rows: 463
NN batches: 157
NN avg batch size: 2.94904
PV: O13 P14 O14 Q13 R13 P15 R12 O15 M10 M16 M14 L14 M13 M15 Q17 G14 P18 D12
Tree:
: T  -2.87c W  -3.48c S  -0.33c ( -0.6 L  -0.4) N     805  --  O13 P14 O14 Q13 R13 P15 R12
---Black(^)---
O13 : T  -2.68c W  -3.31c S  -0.31c ( -0.6 L  -0.3) LCB   -5.90c P 93.75% WF 794.5 PSV     794 N     800  --  O13 P14 O14 Q13 R13 P15 R12 O15
N13 : T -40.70c W -36.80c S  -3.90c ( -5.1 L  -4.2) LCB -390.70c P  2.50% WF   0.9 PSV       1 N       1  --  N13
Q11 : T -51.85c W -46.88c S  -4.98c ( -6.4 L  -5.2) LCB -401.85c P  2.07% WF   0.9 PSV       0 N       1  --  Q11
M10 : T -65.68c W -58.63c S  -7.05c ( -9.2 L  -7.4) LCB -415.68c P  0.63% WF   0.8 PSV       0 N       1  --  M10

2025-11-16 14:03:17-0500: = O13
2025-11-16 14:03:17-0500: Controller: play white P14
2025-11-16 14:03:17-0500: = 
2025-11-16 14:03:17-0500: Controller: genmove black
2025-11-16 14:03:17-0500: MoveNum: 42 HASH: 72B33DA9C371620A9AF143344B359C48
   A B C D E F G H J K L M N O P Q R S T
19 . . . . . . . . . . . . . . . . . . .
18 . . . . . . . . . . . . . . . . . . .
17 . . . O . O . . . . . . X . O . O X .
16 . . O . . . . . . . . . . . . . X . .
15 . . O X . . . . . . . . . . . . . . .
14 . . X X . . . . . . . . . @ O3X . . .
13 . . . . . . . . . . . . . X2O . . . .
12 . . . . . . . . . . . . X O1X X . . .
11 . . . . . . . . . . . . X O O . . . .
10 . . . O . . . . . . . . O X . O . . .
 9 . . . . . . . . . . . . . X . . . . .
 8 . . O . . . . . . . . . . . O . X . .
 7 . . . . . . . . . . . . . . . . . . .
 6 . . X . . . . . . . . . . . . X X . .
 5 . . . . . . . . . . . . . . . X O . .
 4 . . . . . . . . . . . . . . . X O . .
 3 . . . X . . . . . . . . . O . O O . .
 2 . . . . . . . . . . . . . . . . . . .
 1 . . . . . . . . . . . . . . . . . . .

koPOSITIONALscoreAREAtaxNONEsui1komi7.5
Time taken: 0.0746567
Root visits: 805
New playouts: 276
NN rows: 261
NN batches: 88
NN avg batch size: 2.96591
PV: O14 Q13 R13 P15 R12 O15 M10 M16 M14 G15 Q17 L14 M13 M15 P18 Q18 R18 O18 O17
Tree:
: T  -2.33c W  -2.80c S   0.06c ( -0.5 L  -0.3) N     805  --  O14 Q13 R13 P15 R12 O15 M10
---Black(^)---
O14 : T   0.21c W  -0.94c S   0.27c ( -0.3 L  -0.1) LCB   -3.19c P 23.58% WF 701.6 PSV     690 N     692  --  O14 Q13 R13 P15 R12 O15 M10 M16
Q13 : T -12.97c W  -9.76c S  -0.79c ( -1.6 L  -1.1) LCB  -38.22c P 11.95% WF  25.6 PSV      19 N      30  --  Q13 N13 O14 M10 L11 P15 N14 M13
N13 : T -21.18c W -17.93c S  -1.57c ( -2.6 L  -2.0) LCB  -34.85c P 18.01% WF  28.9 PSV      18 N      33  --  N13 Q13 R12 R13 S12 Q16 R18 Q17
P15 : T -26.73c W -17.22c S  -1.41c ( -2.4 L  -1.7) LCB  -49.00c P 13.97% WF  10.5 PSV      11 N      12  --  P15 O14 N13 Q13 R12 R13 S13 S14
N14 : T -30.15c W -22.47c S  -2.00c ( -3.2 L  -2.4) LCB  -47.18c P 10.88% WF   9.5 PSV       7 N      11  --  N14 Q13 R12 R13 S13 S14
R10 : T -20.19c W -17.64c S  -1.42c ( -2.4 L  -1.8) LCB  -51.20c P  5.06% WF   4.6 PSV       5 N       5  --  R10 N13 O14
Q11 : T -27.08c W -19.86c S  -1.82c ( -3.0 L  -2.3) LCB  -47.92c P  3.49% WF   6.2 PSV       2 N       7  --  Q11 P10 R10 N13
R11 : T -10.50c W -12.22c S  -0.91c ( -1.8 L  -1.1) LCB  -63.22c P  1.45% WF   3.8 PSV       2 N       4  --  R11 N13 O14
M10 : T -30.79c W -21.12c S  -1.80c ( -2.9 L  -2.3) LCB -107.88c P  3.91% WF   2.7 PSV       2 N       3  --  M10 Q13 R12
Q9  : T -25.38c W -21.68c S  -1.99c ( -3.1 L  -2.3) LCB  -99.96c P  3.45% WF   2.7 PSV       2 N       3  --  Q9 Q13 Q11

2025-11-16 14:03:17-0500: = O14
2025-11-16 14:03:17-0500: Controller: play white P15
2025-11-16 14:03:17-0500: = 
2025-11-16 14:03:17-0500: Controller: genmove black
2025-11-16 14:03:17-0500: MoveNum: 44 HASH: 243B971942AE2E88EE4EAB7E8CFF78CF
   A B C D E F G H J K L M N O P Q R S T
19 . . . . . . . . . . . . . . . . . . .
18 . . . . . . . . . . . . . . . . . . .
17 . . . O . O . . . . . . X . O . O X .
16 . . O . . . . . . . . . . . . . X . .
15 . . O X . . . . . . . . . . O3. . . .
14 . . X X . . . . . . . . . X2O1X . . .
13 . . . . . . . . . . . . . X O @ . . .
12 . . . . . . . . . . . . X O X X . . .
11 . . . . . . . . . . . . X O O . . . .
10 . . . O . . . . . . . . O X . O . . .
 9 . . . . . . . . . . . . . X . . . . .
 8 . . O . . . . . . . . . . . O . X . .
 7 . . . . . . . . . . . . . . . . . . .
 6 . . X . . . . . . . . . . . . X X . .
 5 . . . . . . . . . . . . . . . X O . .
 4 . . . . . . . . . . . . . . . X O . .
 3 . . . X . . . . . . . . . O . O O . .
 2 . . . . . . . . . . . . . . . . . . .
 1 . . . . . . . . . . . . . . . . . . .

koPOSITIONALscoreAREAtaxNONEsui1komi7.5
Time taken: 0.13354
Root visits: 805
New playouts: 633
NN rows: 622
NN batches: 208
NN avg batch size: 2.99038
PV: Q13 N16 M13 M17 Q17 M10 Q9 P9 P10
Tree:
: T   6.92c W   4.75c S   0.27c ( +0.5 L  +0.5) N     805  --  Q13 N16 M13 M17 Q17 M10 Q9
---Black(^)---
Q13 : T   8.46c W   6.03c S   0.41c ( +0.7 L  +0.6) LCB    5.62c P 30.08% WF 760.6 PSV     755 N     755  --  Q13 N16 M13 M17 Q17 M10 Q9 P9
R12 : T  -8.43c W  -9.40c S  -1.21c ( -1.4 L  -0.8) LCB  -18.08c P 18.18% WF  20.0 PSV      21 N      22  --  R12 N16 M13 M17 Q17
Q11 : T -48.84c W -38.48c S  -4.53c ( -5.8 L  -4.7) LCB  -70.56c P 20.20% WF   5.3 PSV       7 N       7  --  Q11 P10 R10 P9 M10 R9
O15 : T -34.42c W -28.32c S  -3.41c ( -4.3 L  -3.4) LCB  -79.02c P  8.82% WF   3.4 PSV       4 N       4  --  O15 Q13 R12 R13
Q16 : T -30.56c W -23.13c S  -2.73c ( -3.4 L  -2.5) LCB -106.19c P  5.09% WF   2.6 PSV       2 N       3  --  Q16 Q13 R12
M10 : T -24.61c W -24.05c S  -2.76c ( -3.4 L  -2.6) LCB -173.79c P  3.90% WF   1.8 PSV       2 N       2  --  M10 Q13
R10 : T -12.94c W -10.73c S  -1.28c ( -1.5 L  -1.2) LCB  -55.90c P  1.74% WF   5.5 PSV       1 N       6  --  R10 Q9 Q11
R11 : T -16.28c W -14.56c S  -1.72c ( -2.0 L  -1.2) LCB -366.28c P  2.33% WF   0.9 PSV       1 N       1  --  R11
N15 : T -19.27c W -17.25c S  -2.02c ( -2.4 L  -1.4) LCB -369.27c P  2.26% WF   0.9 PSV       1 N       1  --  N15
Q9  : T -27.95c W -25.27c S  -2.68c ( -3.2 L  -2.1) LCB -377.95c P  2.02% WF   0.9 PSV       1 N       1  --  Q9

2025-11-16 14:03:17-0500: = Q13
2025-11-16 14:03:17-0500: Controller: play white Q16
2025-11-16 14:03:17-0500: = 
2025-11-16 14:03:17-0500: Controller: genmove black
2025-11-16 14:03:17-0500: MoveNum: 46 HASH: 67F1659307072A097CA96434FA8841EB
   A B C D E F G H J K L M N O P Q R S T
19 . . . . . . . . . . . . . . . . . . .
18 . . . . . . . . . . . . . . . . . . .
17 . . . O . O . . . . . . X . O . O X .
16 . . O . . . . . . . . . . . . O3X . .
15 . . O X . . . . . . . . . . O1. @ . .
14 . . X X . . . . . . . . . X O X . . .
13 . . . . . . . . . . . . . X O X2. . .
12 . . . . . . . . . . . . X O X X . . .
11 . . . . . . . . . . . . X O O . . . .
10 . . . O . . . . . . . . O X . O . . .
 9 . . . . . . . . . . . . . X . . . . .
 8 . . O . . . . . . . . . . . O . X . .
 7 . . . . . . . . . . . . . . . . . . .
 6 . . X . . . . . . . . . . . . X X . .
 5 . . . . . . . . . . . . . . . X O . .
 4 . . . . . . . . . . . . . . . X O . .
 3 . . . X . . . . . . . . . O . O O . .
 2 . . . . . . . . . . . . . . . . . . .
 1 . . . . . . . . . . . . . . . . . . .

koPOSITIONALscoreAREAtaxNONEsui1komi7.5
Time taken: 0.10945
Root visits: 805
New playouts: 711
NN rows: 614
NN batches: 207
NN avg batch size: 2.96618
PV: R15 O15 M10 M16 M14 L14 M13 M15 G15 O7 P9 O5 N6 O6 H16 Q9 Q8
Tree:
: T   9.91c W   8.06c S   0.37c ( +0.9 L  +0.8) N     805  --  R15 O15 M10 M16 M14 L14 M13
---Black(^)---
R15 : T  10.63c W   8.84c S   0.45c ( +1.0 L  +0.8) LCB    7.87c P 49.34% WF 732.7 PSV     731 N     731  --  R15 O15 M10 M16 M14 L14 M13 M15
R18 : T  11.10c W   6.34c S   0.24c ( +0.8 L  +0.6) LCB   -0.27c P 12.97% WF  55.1 PSV      55 N      55  --  R18 O15 Q17 N13 N14 M13
S16 : T -19.33c W -13.22c S  -1.83c ( -1.9 L  -1.4) LCB  -68.49c P  7.57% WF   3.6 PSV       4 N       4  --  S16 N16 M14
O15 : T -17.34c W -15.24c S  -2.09c ( -2.2 L  -1.5) LCB  -60.38c P  6.89% WF   3.6 PSV       4 N       4  --  O15 S16 R15
S15 : T -39.37c W -29.38c S  -3.60c ( -4.2 L  -3.0) LCB -116.01c P  8.25% WF   2.5 PSV       3 N       3  --  S15 R15 S16
Q15 : T -33.11c W -28.54c S  -3.54c ( -4.1 L  -3.0) LCB -107.13c P  6.89% WF   2.6 PSV       3 N       3  --  Q15 S16 R15
Q11 : T -29.00c W -25.83c S  -3.17c ( -3.5 L  -2.8) LCB -379.00c P  2.40% WF   0.9 PSV       1 N       1  --  Q11
R10 : T -32.75c W -29.35c S  -3.40c ( -3.7 L  -2.8) LCB -382.75c P  1.77% WF   0.9 PSV       0 N       1  --  R10
Q9  : T -33.59c W -30.13c S  -3.47c ( -3.8 L  -2.8) LCB -383.59c P  1.44% WF   0.9 PSV       0 N       1  --  Q9
M10 : T -29.81c W -26.46c S  -3.35c ( -3.8 L  -3.1) LCB -379.81c P  0.68% WF   0.9 PSV       0 N       1  --  M10

2025-11-16 14:03:17-0500: = R15
2025-11-16 14:03:18-0500: Controller: play white N16
2025-11-16 14:03:18-0500: = 
2025-11-16 14:03:18-0500: Controller: genmove black
2025-11-16 14:03:18-0500: MoveNum: 48 HASH: ACDB0C6EF08DB5048749FAB43484D82E
   A B C D E F G H J K L M N O P Q R S T
19 . . . . . . . . . . . . . . . . . . .
18 . . . . . . . . . . . . . . . . . . .
17 . . . O . O . . . . . . X . O . O X .
16 . . O . . . . . . . . . O3. . O1X . .
15 . . O X . . . . . . . . . . O . X2. .
14 . . X X . . . . . . . . . X O X . . .
13 . . . . . . . . . . . . . X O X . . .
12 . . . . . . . . . . . . X O X X . . .
11 . . . . . . . . . . . . X O O . . . .
10 . . . O . . . . . . . @ O X . O . . .
 9 . . . . . . . . . . . . . X . . . . .
 8 . . O . . . . . . . . . . . O . X . .
 7 . . . . . . . . . . . . . . . . . . .
 6 . . X . . . . . . . . . . . . X X . .
 5 . . . . . . . . . . . . . . . X O . .
 4 . . . . . . . . . . . . . . . X O . .
 3 . . . X . . . . . . . . . O . O O . .
 2 . . . . . . . . . . . . . . . . . . .
 1 . . . . . . . . . . . . . . . . . . .

koPOSITIONALscoreAREAtaxNONEsui1komi7.5
Time taken: 0.106452
Root visits: 805
New playouts: 682
NN rows: 633
NN batches: 213
NN avg batch size: 2.97183
PV: M10 D4 E4 C3 C4 D5 C5 E3 D2 F4 E5 D6 F3 E6 E2 C7 B3 N13 N14 M13 M14
Tree:
: T  12.84c W  10.88c S   0.28c ( +1.2 L  +1.0) N     805  --  M10 D4 E4 C3 C4 D5 C5
---Black(^)---
M10 : T  14.52c W  12.27c S   0.42c ( +1.4 L  +1.1) LCB   11.95c P 25.02% WF 663.3 PSV     656 N     656  --  M10 D4 E4 C3 C4 D5 C5 E3
M14 : T   7.85c W   6.89c S  -0.14c ( +0.7 L  +0.6) LCB    1.00c P 21.91% WF  66.5 PSV      53 N      71  --  M14 M10 Q9 L16 G14 F15 F14
M13 : T   5.32c W   4.77c S  -0.38c ( +0.4 L  +0.4) LCB   -1.04c P 27.26% WF  52.9 PSV      49 N      56  --  M13 M16 M10 N7 O8 O7 P7 G15
M16 : T  -0.73c W  -1.10c S  -0.83c ( -0.2 L  +0.0) LCB  -15.46c P 11.45% WF  12.1 PSV      12 N      13  --  M16 N15 M13 M14 M10 O7
N13 : T -10.76c W  -5.85c S  -1.40c ( -0.8 L  -0.5) LCB -160.33c P  4.08% WF   1.8 PSV       2 N       2  --  N13 M16
P10 : T  -6.92c W  -5.56c S  -1.36c ( -0.8 L  -0.4) LCB -356.92c P  1.31% WF   0.9 PSV       1 N       1  --  P10
O8  : T -28.75c W -25.32c S  -3.43c ( -3.4 L  -2.2) LCB -378.75c P  1.91% WF   0.9 PSV       0 N       1  --  O8
Q9  : T -14.29c W -12.19c S  -2.10c ( -1.7 L  -0.8) LCB -364.29c P  1.39% WF   0.9 PSV       0 N       1  --  Q9
Q11 : T -18.50c W -16.01c S  -2.48c ( -2.2 L  -1.5) LCB -368.50c P  0.88% WF   0.9 PSV       0 N       1  --  Q11
O16 : T -21.34c W -18.59c S  -2.75c ( -2.6 L  -1.8) LCB -371.34c P  0.53% WF   0.9 PSV       0 N       1  --  O16

2025-11-16 14:03:18-0500: = M10
2025-11-16 14:03:18-0500: Controller: play white D4
2025-11-16 14:03:18-0500: = 
2025-11-16 14:03:18-0500: Controller: quit
2025-11-16 14:03:18-0500: Quit requested by controller
2025-11-16 14:03:18-0500: = 
2025-11-16 14:03:18-0500: GPU 7 finishing, processed 12097 rows 4081 batches
2025-11-16 14:03:18-0500: All cleaned up, quitting
