2025-11-15 16:57:25-0500: Running with following config:
logDir = analysis_logs
maxVisits = 500
nnCacheSizePowerOfTwo = 23
nnMaxBatchSize = 64
nnMutexPoolSizePowerOfTwo = 17
nnRandomize = true
numAnalysisThreads = 2
numSearchThreads = 16
reportAnalysisWinratesAs = BLACK

2025-11-15 16:57:25-0500: Analysis Engine starting...
2025-11-15 16:57:25-0500: KataGo v1.16.4
2025-11-15 16:57:25-0500: nnRandSeed0 = 6054569601511555006
2025-11-15 16:57:25-0500: After dedups: nnModelFile0 = ../../katago_repo/run/kata1-b28c512nbt-s11653980416-d5514111622.bin.gz useFP16 auto useNHWC auto
2025-11-15 16:57:25-0500: Initializing neural net buffer to be size 19 * 19 allowing smaller boards
2025-11-15 16:57:28-0500: Found OpenCL Platform 0: NVIDIA CUDA (NVIDIA Corporation) (OpenCL 3.0 CUDA 12.8.98)
2025-11-15 16:57:28-0500: Found 1 device(s) on platform 0 with type CPU or GPU or Accelerator
2025-11-15 16:57:28-0500: Found OpenCL Device 0: NVIDIA RTX 6000 Ada Generation (NVIDIA Corporation) (score 11000300)
2025-11-15 16:57:28-0500: Creating context for OpenCL Platform: NVIDIA CUDA (NVIDIA Corporation) (OpenCL 3.0 CUDA 12.8.98)
2025-11-15 16:57:28-0500: Using OpenCL Device 0: NVIDIA RTX 6000 Ada Generation (NVIDIA Corporation) OpenCL 3.0 CUDA (Extensions: cl_khr_global_int32_base_atomics cl_khr_global_int32_extended_atomics cl_khr_local_int32_base_atomics cl_khr_local_int32_extended_atomics cl_khr_fp64 cl_khr_3d_image_writes cl_khr_byte_addressable_store cl_khr_icd cl_khr_gl_sharing cl_nv_compiler_options cl_nv_device_attribute_query cl_nv_pragma_unroll cl_nv_copy_opts cl_khr_gl_event cl_nv_create_buffer cl_khr_int64_base_atomics cl_khr_int64_extended_atomics cl_nv_kernel_attribute cl_khr_device_uuid cl_khr_pci_bus_info cl_khr_external_semaphore cl_khr_external_memory cl_khr_external_semaphore_opaque_fd cl_khr_external_memory_opaque_fd cl_khr_semaphore)
2025-11-15 16:57:28-0500: Loaded tuning parameters from: /thayerfs/home/f004h1v/.katago/opencltuning/tune11_gpuNVIDIARTX6000AdaGeneration_x19_y19_c512_mv15.txt
2025-11-15 16:57:29-0500: OpenCL backend thread 0: Model version 15
2025-11-15 16:57:29-0500: OpenCL backend thread 0: Model name: kata1-b28c512nbt-s11653980416-d5514111622
2025-11-15 16:57:32-0500: OpenCL backend thread 0: FP16Storage true FP16Compute false FP16TensorCores true FP16TensorCoresFor1x1 false
2025-11-15 16:57:32-0500: Loaded config ../../katago_repo/run/analysis.cfg
2025-11-15 16:57:32-0500: Loaded model ../../katago_repo/run/kata1-b28c512nbt-s11653980416-d5514111622.bin.gz
2025-11-15 16:57:32-0500: Analyzing up to 2 positions at a time in parallel
2025-11-15 16:57:32-0500: Started, ready to begin handling requests
2025-11-15 16:59:05-0500: Error: {"error":"Illegal move 43: J9","field":"moves","id":"query_9"}
2025-11-15 16:59:05-0500: Error: {"error":"Illegal move 43: J9","field":"moves","id":"query_10"}
2025-11-15 16:59:05-0500: Error: {"error":"Illegal move 43: J9","field":"moves","id":"query_11"}
2025-11-15 16:59:05-0500: Error: {"error":"Illegal move 43: J9","field":"moves","id":"query_12"}
2025-11-15 16:59:05-0500: Error: {"error":"Illegal move 43: J9","field":"moves","id":"query_13"}
2025-11-15 16:59:05-0500: Error: {"error":"Illegal move 43: J9","field":"moves","id":"query_14"}
2025-11-15 16:59:05-0500: Error: {"error":"Illegal move 43: J9","field":"moves","id":"query_15"}
2025-11-15 16:59:05-0500: Error: {"error":"Illegal move 43: J9","field":"moves","id":"query_16"}
2025-11-15 16:59:05-0500: Error: {"error":"Illegal move 43: J9","field":"moves","id":"query_17"}
2025-11-15 16:59:05-0500: Error: {"error":"Illegal move 43: J9","field":"moves","id":"query_18"}
2025-11-15 16:59:05-0500: Error: {"error":"Illegal move 43: J9","field":"moves","id":"query_19"}
2025-11-15 16:59:05-0500: Error: {"error":"Illegal move 43: J9","field":"moves","id":"query_20"}
2025-11-15 16:59:05-0500: Error: {"error":"Illegal move 43: J9","field":"moves","id":"query_21"}
2025-11-15 16:59:05-0500: Error: {"error":"Illegal move 43: J9","field":"moves","id":"query_22"}
2025-11-15 16:59:05-0500: Error: {"error":"Illegal move 43: J9","field":"moves","id":"query_23"}
2025-11-15 16:59:05-0500: Error: {"error":"Illegal move 43: J9","field":"moves","id":"query_24"}
2025-11-15 16:59:05-0500: Error: {"error":"Illegal move 43: J9","field":"moves","id":"query_25"}
2025-11-15 16:59:05-0500: Error: {"error":"Illegal move 43: J9","field":"moves","id":"query_26"}
2025-11-15 16:59:05-0500: Error: {"error":"Illegal move 43: J9","field":"moves","id":"query_27"}
2025-11-15 16:59:05-0500: Error: {"error":"Illegal move 43: J9","field":"moves","id":"query_28"}
2025-11-15 16:59:05-0500: Error: {"error":"Illegal move 43: J9","field":"moves","id":"query_29"}
2025-11-15 16:59:05-0500: Error: {"error":"Illegal move 43: J9","field":"moves","id":"query_30"}
2025-11-15 16:59:05-0500: Error: {"error":"Illegal move 43: J9","field":"moves","id":"query_31"}
2025-11-15 16:59:05-0500: Error: {"error":"Illegal move 43: J9","field":"moves","id":"query_32"}
2025-11-15 16:59:05-0500: Error: {"error":"Illegal move 43: J9","field":"moves","id":"query_33"}
2025-11-15 16:59:05-0500: Error: {"error":"Illegal move 43: J9","field":"moves","id":"query_34"}
2025-11-15 16:59:05-0500: Error: {"error":"Illegal move 43: J9","field":"moves","id":"query_35"}
2025-11-15 16:59:05-0500: Error: {"error":"Illegal move 43: J9","field":"moves","id":"query_36"}
2025-11-15 16:59:05-0500: Error: {"error":"Illegal move 43: J9","field":"moves","id":"query_37"}
2025-11-15 16:59:05-0500: Error: {"error":"Illegal move 43: J9","field":"moves","id":"query_38"}
2025-11-15 16:59:05-0500: Error: {"error":"Illegal move 43: J9","field":"moves","id":"query_39"}
2025-11-15 16:59:05-0500: Error: {"error":"Illegal move 43: J9","field":"moves","id":"query_40"}
2025-11-15 16:59:05-0500: Error: {"error":"Illegal move 43: J9","field":"moves","id":"query_41"}
2025-11-15 16:59:05-0500: Error: {"error":"Illegal move 43: J9","field":"moves","id":"query_42"}
2025-11-15 16:59:05-0500: Error: {"error":"Illegal move 43: J9","field":"moves","id":"query_43"}
2025-11-15 16:59:05-0500: Error: {"error":"Illegal move 43: J9","field":"moves","id":"query_44"}
2025-11-15 16:59:05-0500: Error: {"error":"Illegal move 43: J9","field":"moves","id":"query_45"}
2025-11-15 16:59:05-0500: Error: {"error":"Illegal move 43: J9","field":"moves","id":"query_46"}
2025-11-15 16:59:05-0500: Error: {"error":"Illegal move 43: J9","field":"moves","id":"query_47"}
2025-11-15 16:59:05-0500: Error: {"error":"Illegal move 43: J9","field":"moves","id":"query_48"}
2025-11-15 16:59:05-0500: Error: {"error":"Illegal move 43: J9","field":"moves","id":"query_49"}
2025-11-15 16:59:05-0500: Error: {"error":"Illegal move 43: J9","field":"moves","id":"query_50"}
2025-11-15 16:59:05-0500: Error: {"error":"Illegal move 43: J9","field":"moves","id":"query_51"}
2025-11-15 16:59:05-0500: Error: {"error":"Illegal move 43: J9","field":"moves","id":"query_52"}
2025-11-15 16:59:05-0500: Error: {"error":"Illegal move 43: J9","field":"moves","id":"query_53"}
2025-11-15 16:59:05-0500: Error: {"error":"Illegal move 43: J9","field":"moves","id":"query_54"}
2025-11-15 16:59:05-0500: Error: {"error":"Illegal move 43: J9","field":"moves","id":"query_55"}
2025-11-15 16:59:05-0500: Error: {"error":"Illegal move 43: J9","field":"moves","id":"query_56"}
2025-11-15 16:59:05-0500: Error: {"error":"Illegal move 43: J9","field":"moves","id":"query_57"}
2025-11-15 16:59:05-0500: Error: {"error":"Illegal move 43: J9","field":"moves","id":"query_58"}
2025-11-15 16:59:05-0500: Error: {"error":"Illegal move 43: J9","field":"moves","id":"query_59"}
2025-11-15 16:59:05-0500: Error: {"error":"Illegal move 43: J9","field":"moves","id":"query_60"}
2025-11-15 16:59:05-0500: Error: {"error":"Illegal move 43: J9","field":"moves","id":"query_61"}
2025-11-15 16:59:05-0500: Error: {"error":"Illegal move 43: J9","field":"moves","id":"query_62"}
2025-11-15 16:59:05-0500: Error: {"error":"Illegal move 43: J9","field":"moves","id":"query_63"}
2025-11-15 16:59:05-0500: Error: {"error":"Illegal move 43: J9","field":"moves","id":"query_64"}
2025-11-15 16:59:06-0500: Error: {"error":"Illegal move 43: J9","field":"moves","id":"query_65"}
2025-11-15 16:59:06-0500: Error: {"error":"Illegal move 43: J9","field":"moves","id":"query_66"}
2025-11-15 16:59:06-0500: Error: {"error":"Illegal move 43: J9","field":"moves","id":"query_67"}
2025-11-15 16:59:06-0500: Error: {"error":"Illegal move 43: J9","field":"moves","id":"query_68"}
2025-11-15 16:59:06-0500: Error: {"error":"Illegal move 43: J9","field":"moves","id":"query_69"}
2025-11-15 16:59:06-0500: Error: {"error":"Illegal move 43: J9","field":"moves","id":"query_70"}
2025-11-15 16:59:06-0500: Error: {"error":"Illegal move 43: J9","field":"moves","id":"query_71"}
2025-11-15 16:59:06-0500: Error: {"error":"Illegal move 43: J9","field":"moves","id":"query_72"}
2025-11-15 16:59:06-0500: Error: {"error":"Illegal move 43: J9","field":"moves","id":"query_73"}
2025-11-15 16:59:06-0500: Error: {"error":"Illegal move 43: J9","field":"moves","id":"query_74"}
2025-11-15 16:59:06-0500: Error: {"error":"Illegal move 43: J9","field":"moves","id":"query_75"}
2025-11-15 16:59:06-0500: Error: {"error":"Illegal move 43: J9","field":"moves","id":"query_76"}
2025-11-15 16:59:06-0500: Error: {"error":"Illegal move 43: J9","field":"moves","id":"query_77"}
2025-11-15 16:59:06-0500: Error: {"error":"Illegal move 43: J9","field":"moves","id":"query_78"}
2025-11-15 16:59:06-0500: Error: {"error":"Illegal move 43: J9","field":"moves","id":"query_79"}
2025-11-15 16:59:06-0500: Error: {"error":"Illegal move 43: J9","field":"moves","id":"query_80"}
2025-11-15 16:59:06-0500: Error: {"error":"Illegal move 43: J9","field":"moves","id":"query_81"}
2025-11-15 16:59:06-0500: Error: {"error":"Illegal move 43: J9","field":"moves","id":"query_82"}
2025-11-15 16:59:06-0500: Error: {"error":"Illegal move 43: J9","field":"moves","id":"query_83"}
2025-11-15 16:59:06-0500: Error: {"error":"Illegal move 43: J9","field":"moves","id":"query_84"}
2025-11-15 16:59:06-0500: Error: {"error":"Illegal move 43: J9","field":"moves","id":"query_85"}
2025-11-15 16:59:06-0500: Error: {"error":"Illegal move 43: J9","field":"moves","id":"query_86"}
2025-11-15 16:59:06-0500: Error: {"error":"Illegal move 43: J9","field":"moves","id":"query_87"}
2025-11-15 16:59:06-0500: Error: {"error":"Illegal move 43: J9","field":"moves","id":"query_88"}
2025-11-15 16:59:06-0500: Error: {"error":"Illegal move 43: J9","field":"moves","id":"query_89"}
2025-11-15 16:59:06-0500: Error: {"error":"Illegal move 43: J9","field":"moves","id":"query_90"}
2025-11-15 16:59:06-0500: Error: {"error":"Illegal move 43: J9","field":"moves","id":"query_91"}
2025-11-15 16:59:06-0500: Error: {"error":"Illegal move 43: J9","field":"moves","id":"query_92"}
2025-11-15 16:59:06-0500: Error: {"error":"Illegal move 43: J9","field":"moves","id":"query_93"}
2025-11-15 16:59:06-0500: Error: {"error":"Illegal move 43: J9","field":"moves","id":"query_94"}
2025-11-15 16:59:06-0500: Error: {"error":"Illegal move 43: J9","field":"moves","id":"query_95"}
2025-11-15 16:59:06-0500: Error: {"error":"Illegal move 43: J9","field":"moves","id":"query_96"}
2025-11-15 16:59:06-0500: Error: {"error":"Illegal move 43: J9","field":"moves","id":"query_97"}
2025-11-15 16:59:06-0500: Error: {"error":"Illegal move 43: J9","field":"moves","id":"query_98"}
2025-11-15 16:59:06-0500: Error: {"error":"Illegal move 43: J9","field":"moves","id":"query_99"}
2025-11-15 16:59:06-0500: Error: {"error":"Illegal move 43: J9","field":"moves","id":"query_100"}
2025-11-15 16:59:06-0500: Error: {"error":"Illegal move 43: J9","field":"moves","id":"query_101"}
2025-11-15 16:59:06-0500: Error: {"error":"Illegal move 43: J9","field":"moves","id":"query_102"}
2025-11-15 16:59:06-0500: Error: {"error":"Illegal move 43: J9","field":"moves","id":"query_103"}
2025-11-15 16:59:06-0500: Error: {"error":"Illegal move 43: J9","field":"moves","id":"query_104"}
2025-11-15 16:59:06-0500: Error: {"error":"Illegal move 43: J9","field":"moves","id":"query_105"}
2025-11-15 16:59:06-0500: Error: {"error":"Illegal move 43: J9","field":"moves","id":"query_106"}
2025-11-15 16:59:06-0500: Error: {"error":"Illegal move 43: J9","field":"moves","id":"query_107"}
2025-11-15 16:59:06-0500: Error: {"error":"Illegal move 43: J9","field":"moves","id":"query_108"}
2025-11-15 16:59:06-0500: Error: {"error":"Illegal move 43: J9","field":"moves","id":"query_109"}
2025-11-15 16:59:06-0500: Error: {"error":"Illegal move 43: J9","field":"moves","id":"query_110"}
2025-11-15 16:59:06-0500: Error: {"error":"Illegal move 43: J9","field":"moves","id":"query_111"}
2025-11-15 17:18:38-0500: Error: {"error":"Illegal move 235: H2","field":"moves","id":"query_260"}
2025-11-15 17:18:38-0500: Error: {"error":"Illegal move 235: H2","field":"moves","id":"query_261"}
2025-11-15 17:18:38-0500: Error: {"error":"Illegal move 235: H2","field":"moves","id":"query_262"}
2025-11-15 17:18:38-0500: Error: {"error":"Illegal move 235: H2","field":"moves","id":"query_263"}
2025-11-15 17:18:38-0500: Error: {"error":"Illegal move 235: H2","field":"moves","id":"query_264"}
2025-11-15 17:18:38-0500: Error: {"error":"Illegal move 235: H2","field":"moves","id":"query_265"}
2025-11-15 17:18:38-0500: Error: {"error":"Illegal move 235: H2","field":"moves","id":"query_266"}
2025-11-15 17:18:38-0500: Error: {"error":"Illegal move 235: H2","field":"moves","id":"query_267"}
2025-11-15 17:18:38-0500: Error: {"error":"Illegal move 235: H2","field":"moves","id":"query_268"}
2025-11-15 17:18:38-0500: Error: {"error":"Illegal move 235: H2","field":"moves","id":"query_269"}
2025-11-15 17:18:38-0500: Error: {"error":"Illegal move 235: H2","field":"moves","id":"query_270"}
2025-11-15 17:18:38-0500: Error: {"error":"Illegal move 235: H2","field":"moves","id":"query_271"}
2025-11-15 17:18:38-0500: Error: {"error":"Illegal move 235: H2","field":"moves","id":"query_272"}
2025-11-15 17:18:38-0500: Error: {"error":"Illegal move 235: H2","field":"moves","id":"query_273"}
2025-11-15 17:18:38-0500: Error: {"error":"Illegal move 235: H2","field":"moves","id":"query_274"}
2025-11-15 17:18:38-0500: Error: {"error":"Illegal move 235: H2","field":"moves","id":"query_275"}
2025-11-15 17:18:38-0500: Error: {"error":"Illegal move 235: H2","field":"moves","id":"query_276"}
2025-11-15 17:18:38-0500: Error: {"error":"Illegal move 235: H2","field":"moves","id":"query_277"}
2025-11-15 17:18:38-0500: Error: {"error":"Illegal move 235: H2","field":"moves","id":"query_278"}
2025-11-15 17:18:38-0500: Error: {"error":"Illegal move 235: H2","field":"moves","id":"query_279"}
2025-11-15 17:18:38-0500: Error: {"error":"Illegal move 235: H2","field":"moves","id":"query_280"}
2025-11-15 17:18:38-0500: Error: {"error":"Illegal move 235: H2","field":"moves","id":"query_281"}
2025-11-15 17:18:38-0500: Error: {"error":"Illegal move 235: H2","field":"moves","id":"query_282"}
2025-11-15 17:18:38-0500: Error: {"error":"Illegal move 235: H2","field":"moves","id":"query_283"}
2025-11-15 17:18:38-0500: Error: {"error":"Illegal move 235: H2","field":"moves","id":"query_284"}
2025-11-15 17:18:38-0500: Error: {"error":"Illegal move 235: H2","field":"moves","id":"query_285"}
2025-11-15 17:18:38-0500: Error: {"error":"Illegal move 235: H2","field":"moves","id":"query_286"}
2025-11-15 17:18:38-0500: Error: {"error":"Illegal move 235: H2","field":"moves","id":"query_287"}
2025-11-15 17:18:38-0500: Error: {"error":"Illegal move 235: H2","field":"moves","id":"query_288"}
2025-11-15 17:18:38-0500: Error: {"error":"Illegal move 235: H2","field":"moves","id":"query_289"}
2025-11-15 17:18:38-0500: Error: {"error":"Illegal move 235: H2","field":"moves","id":"query_290"}
2025-11-15 17:18:38-0500: Error: {"error":"Illegal move 235: H2","field":"moves","id":"query_291"}
2025-11-15 17:18:38-0500: Error: {"error":"Illegal move 235: H2","field":"moves","id":"query_292"}
2025-11-15 17:18:38-0500: Error: {"error":"Illegal move 235: H2","field":"moves","id":"query_293"}
2025-11-15 17:18:38-0500: Error: {"error":"Illegal move 235: H2","field":"moves","id":"query_294"}
2025-11-15 17:18:38-0500: Error: {"error":"Illegal move 235: H2","field":"moves","id":"query_295"}
2025-11-15 17:18:38-0500: Error: {"error":"Illegal move 235: H2","field":"moves","id":"query_296"}
2025-11-15 17:18:38-0500: Error: {"error":"Illegal move 235: H2","field":"moves","id":"query_297"}
2025-11-15 17:18:38-0500: Error: {"error":"Illegal move 235: H2","field":"moves","id":"query_298"}
2025-11-15 17:18:38-0500: Error: {"error":"Illegal move 235: H2","field":"moves","id":"query_299"}
2025-11-15 17:18:38-0500: Error: {"error":"Illegal move 235: H2","field":"moves","id":"query_300"}
2025-11-15 17:18:38-0500: Error: {"error":"Illegal move 235: H2","field":"moves","id":"query_301"}
2025-11-15 17:18:38-0500: Error: {"error":"Illegal move 235: H2","field":"moves","id":"query_302"}
2025-11-15 17:18:38-0500: Error: {"error":"Illegal move 235: H2","field":"moves","id":"query_303"}
2025-11-15 17:18:38-0500: Error: {"error":"Illegal move 235: H2","field":"moves","id":"query_304"}
2025-11-15 17:18:38-0500: Error: {"error":"Illegal move 235: H2","field":"moves","id":"query_305"}
2025-11-15 17:18:38-0500: Error: {"error":"Illegal move 235: H2","field":"moves","id":"query_306"}
2025-11-15 17:18:38-0500: Error: {"error":"Illegal move 235: H2","field":"moves","id":"query_307"}
2025-11-15 17:18:38-0500: Error: {"error":"Illegal move 235: H2","field":"moves","id":"query_308"}
2025-11-15 17:18:38-0500: Error: {"error":"Illegal move 235: H2","field":"moves","id":"query_309"}
2025-11-15 17:18:38-0500: Error: {"error":"Illegal move 235: H2","field":"moves","id":"query_310"}
2025-11-15 17:18:38-0500: Error: {"error":"Illegal move 235: H2","field":"moves","id":"query_311"}
2025-11-15 17:18:38-0500: Error: {"error":"Illegal move 235: H2","field":"moves","id":"query_312"}
2025-11-15 17:18:38-0500: Error: {"error":"Illegal move 235: H2","field":"moves","id":"query_313"}
2025-11-15 17:18:38-0500: Error: {"error":"Illegal move 235: H2","field":"moves","id":"query_314"}
2025-11-15 17:18:38-0500: Error: {"error":"Illegal move 235: H2","field":"moves","id":"query_315"}
2025-11-15 17:18:38-0500: Error: {"error":"Illegal move 235: H2","field":"moves","id":"query_316"}
2025-11-15 17:18:38-0500: Error: {"error":"Illegal move 235: H2","field":"moves","id":"query_317"}
2025-11-15 17:18:38-0500: Error: {"error":"Illegal move 235: H2","field":"moves","id":"query_318"}
2025-11-15 17:18:38-0500: Error: {"error":"Illegal move 235: H2","field":"moves","id":"query_319"}
2025-11-15 17:18:38-0500: Error: {"error":"Illegal move 235: H2","field":"moves","id":"query_320"}
2025-11-15 17:18:38-0500: Error: {"error":"Illegal move 235: H2","field":"moves","id":"query_321"}
2025-11-15 17:18:38-0500: Error: {"error":"Illegal move 235: H2","field":"moves","id":"query_322"}
2025-11-15 17:18:38-0500: Error: {"error":"Illegal move 235: H2","field":"moves","id":"query_323"}
2025-11-15 17:18:38-0500: Error: {"error":"Illegal move 235: H2","field":"moves","id":"query_324"}
2025-11-15 17:18:38-0500: Error: {"error":"Illegal move 235: H2","field":"moves","id":"query_325"}
2025-11-15 17:18:38-0500: Error: {"error":"Illegal move 235: H2","field":"moves","id":"query_326"}
2025-11-15 17:28:44-0500: Error: {"error":"Illegal move 327: M13","field":"moves","id":"query_393"}
2025-11-15 17:28:44-0500: Error: {"error":"Illegal move 327: M13","field":"moves","id":"query_394"}
2025-11-15 17:28:44-0500: Error: {"error":"Illegal move 327: M13","field":"moves","id":"query_395"}
2025-11-15 17:28:44-0500: Error: {"error":"Illegal move 327: M13","field":"moves","id":"query_396"}
2025-11-15 17:28:44-0500: Error: {"error":"Illegal move 327: M13","field":"moves","id":"query_397"}
2025-11-15 17:28:44-0500: Error: {"error":"Illegal move 327: M13","field":"moves","id":"query_398"}
2025-11-15 17:28:44-0500: Error: {"error":"Illegal move 327: M13","field":"moves","id":"query_399"}
2025-11-15 17:28:44-0500: Error: {"error":"Illegal move 327: M13","field":"moves","id":"query_400"}
2025-11-15 17:28:44-0500: Error: {"error":"Illegal move 327: M13","field":"moves","id":"query_401"}
2025-11-15 17:28:44-0500: Error: {"error":"Illegal move 327: M13","field":"moves","id":"query_402"}
2025-11-15 17:28:44-0500: Error: {"error":"Illegal move 327: M13","field":"moves","id":"query_403"}
2025-11-15 17:28:44-0500: Error: {"error":"Illegal move 327: M13","field":"moves","id":"query_404"}
2025-11-15 17:28:44-0500: Error: {"error":"Illegal move 327: M13","field":"moves","id":"query_405"}
2025-11-15 17:28:44-0500: Error: {"error":"Illegal move 327: M13","field":"moves","id":"query_406"}
2025-11-15 17:28:44-0500: Error: {"error":"Illegal move 327: M13","field":"moves","id":"query_407"}
2025-11-15 17:28:44-0500: Error: {"error":"Illegal move 327: M13","field":"moves","id":"query_408"}
2025-11-15 17:28:44-0500: Error: {"error":"Illegal move 327: M13","field":"moves","id":"query_409"}
2025-11-15 17:28:44-0500: Error: {"error":"Illegal move 327: M13","field":"moves","id":"query_410"}
2025-11-15 17:28:44-0500: Error: {"error":"Illegal move 327: M13","field":"moves","id":"query_411"}
2025-11-15 17:28:44-0500: Error: {"error":"Illegal move 327: M13","field":"moves","id":"query_412"}
2025-11-15 17:28:44-0500: Error: {"error":"Illegal move 327: M13","field":"moves","id":"query_413"}
2025-11-15 17:28:44-0500: Error: {"error":"Illegal move 327: M13","field":"moves","id":"query_414"}
2025-11-15 17:28:44-0500: Error: {"error":"Illegal move 327: M13","field":"moves","id":"query_415"}
2025-11-15 17:28:44-0500: Error: {"error":"Illegal move 327: M13","field":"moves","id":"query_416"}
2025-11-15 17:28:44-0500: Error: {"error":"Illegal move 327: M13","field":"moves","id":"query_417"}
2025-11-15 17:28:44-0500: Error: {"error":"Illegal move 327: M13","field":"moves","id":"query_418"}
2025-11-15 17:28:44-0500: Error: {"error":"Illegal move 327: M13","field":"moves","id":"query_419"}
2025-11-15 17:28:44-0500: Error: {"error":"Illegal move 327: M13","field":"moves","id":"query_420"}
2025-11-15 17:33:25-0500: Error: {"error":"Illegal move 152: D9","field":"moves","id":"query_452"}
2025-11-15 17:33:25-0500: Error: {"error":"Illegal move 152: D9","field":"moves","id":"query_453"}
2025-11-15 17:33:25-0500: Error: {"error":"Illegal move 152: D9","field":"moves","id":"query_454"}
2025-11-15 17:33:25-0500: Error: {"error":"Illegal move 152: D9","field":"moves","id":"query_455"}
2025-11-15 17:33:25-0500: Error: {"error":"Illegal move 152: D9","field":"moves","id":"query_456"}
2025-11-15 17:33:25-0500: Error: {"error":"Illegal move 152: D9","field":"moves","id":"query_457"}
2025-11-15 17:33:25-0500: Error: {"error":"Illegal move 152: D9","field":"moves","id":"query_458"}
2025-11-15 17:33:25-0500: Error: {"error":"Illegal move 152: D9","field":"moves","id":"query_459"}
2025-11-15 17:33:25-0500: Error: {"error":"Illegal move 152: D9","field":"moves","id":"query_460"}
2025-11-15 17:33:25-0500: Error: {"error":"Illegal move 152: D9","field":"moves","id":"query_461"}
2025-11-15 17:33:25-0500: Error: {"error":"Illegal move 152: D9","field":"moves","id":"query_462"}
2025-11-15 17:33:25-0500: Error: {"error":"Illegal move 152: D9","field":"moves","id":"query_463"}
2025-11-15 17:33:25-0500: Error: {"error":"Illegal move 152: D9","field":"moves","id":"query_464"}
2025-11-15 17:33:25-0500: Error: {"error":"Illegal move 152: D9","field":"moves","id":"query_465"}
2025-11-15 17:33:25-0500: Error: {"error":"Illegal move 152: D9","field":"moves","id":"query_466"}
2025-11-15 17:33:25-0500: Error: {"error":"Illegal move 152: D9","field":"moves","id":"query_467"}
2025-11-15 17:33:25-0500: Error: {"error":"Illegal move 152: D9","field":"moves","id":"query_468"}
2025-11-15 17:33:25-0500: Error: {"error":"Illegal move 152: D9","field":"moves","id":"query_469"}
2025-11-15 17:33:25-0500: Error: {"error":"Illegal move 152: D9","field":"moves","id":"query_470"}
2025-11-15 17:33:25-0500: Error: {"error":"Illegal move 152: D9","field":"moves","id":"query_471"}
2025-11-15 17:33:25-0500: Error: {"error":"Illegal move 152: D9","field":"moves","id":"query_472"}
2025-11-15 17:33:25-0500: Error: {"error":"Illegal move 152: D9","field":"moves","id":"query_473"}
2025-11-15 17:33:25-0500: Error: {"error":"Illegal move 152: D9","field":"moves","id":"query_474"}
2025-11-15 17:33:25-0500: Error: {"error":"Illegal move 152: D9","field":"moves","id":"query_475"}
2025-11-15 17:33:25-0500: Error: {"error":"Illegal move 152: D9","field":"moves","id":"query_476"}
2025-11-15 17:33:25-0500: Error: {"error":"Illegal move 152: D9","field":"moves","id":"query_477"}
2025-11-15 17:33:25-0500: Error: {"error":"Illegal move 152: D9","field":"moves","id":"query_478"}
2025-11-15 17:33:25-0500: Error: {"error":"Illegal move 152: D9","field":"moves","id":"query_479"}
2025-11-15 17:33:25-0500: Error: {"error":"Illegal move 152: D9","field":"moves","id":"query_480"}
2025-11-15 17:33:25-0500: Error: {"error":"Illegal move 152: D9","field":"moves","id":"query_481"}
2025-11-15 17:33:25-0500: Error: {"error":"Illegal move 152: D9","field":"moves","id":"query_482"}
2025-11-15 17:33:25-0500: Error: {"error":"Illegal move 152: D9","field":"moves","id":"query_483"}
2025-11-15 17:33:25-0500: Error: {"error":"Illegal move 152: D9","field":"moves","id":"query_484"}
2025-11-15 17:33:25-0500: Error: {"error":"Illegal move 152: D9","field":"moves","id":"query_485"}
2025-11-15 17:33:25-0500: Error: {"error":"Illegal move 152: D9","field":"moves","id":"query_486"}
2025-11-15 17:33:25-0500: Error: {"error":"Illegal move 152: D9","field":"moves","id":"query_487"}
2025-11-15 17:33:25-0500: Error: {"error":"Illegal move 152: D9","field":"moves","id":"query_488"}
2025-11-15 17:33:25-0500: Error: {"error":"Illegal move 152: D9","field":"moves","id":"query_489"}
2025-11-15 17:33:25-0500: Error: {"error":"Illegal move 152: D9","field":"moves","id":"query_490"}
2025-11-15 17:33:25-0500: Error: {"error":"Illegal move 152: D9","field":"moves","id":"query_491"}
2025-11-15 17:33:25-0500: Error: {"error":"Illegal move 152: D9","field":"moves","id":"query_492"}
2025-11-15 17:33:25-0500: Error: {"error":"Illegal move 152: D9","field":"moves","id":"query_493"}
2025-11-15 17:33:25-0500: Error: {"error":"Illegal move 152: D9","field":"moves","id":"query_494"}
2025-11-15 17:33:25-0500: Error: {"error":"Illegal move 152: D9","field":"moves","id":"query_495"}
2025-11-15 17:33:25-0500: Error: {"error":"Illegal move 152: D9","field":"moves","id":"query_496"}
2025-11-15 17:33:25-0500: Error: {"error":"Illegal move 152: D9","field":"moves","id":"query_497"}
2025-11-15 17:33:25-0500: Error: {"error":"Illegal move 152: D9","field":"moves","id":"query_498"}
2025-11-15 17:33:25-0500: Error: {"error":"Illegal move 152: D9","field":"moves","id":"query_499"}
2025-11-15 17:33:25-0500: Error: {"error":"Illegal move 152: D9","field":"moves","id":"query_500"}
2025-11-15 17:33:25-0500: Error: {"error":"Illegal move 152: D9","field":"moves","id":"query_501"}
2025-11-15 17:33:25-0500: Error: {"error":"Illegal move 152: D9","field":"moves","id":"query_502"}
2025-11-15 17:42:24-0500: Error: {"error":"Could not parse board location: K11","field":"moves","id":"query_572"}
2025-11-15 17:42:24-0500: Error: {"error":"Could not parse board location: K11","field":"moves","id":"query_573"}
2025-11-15 17:42:24-0500: Error: {"error":"Could not parse board location: K11","field":"moves","id":"query_574"}
2025-11-15 17:42:24-0500: Error: {"error":"Could not parse board location: K11","field":"moves","id":"query_575"}
2025-11-15 17:42:24-0500: Error: {"error":"Could not parse board location: K11","field":"moves","id":"query_576"}
2025-11-15 17:42:24-0500: Error: {"error":"Could not parse board location: K11","field":"moves","id":"query_577"}
2025-11-15 17:42:24-0500: Error: {"error":"Could not parse board location: K11","field":"moves","id":"query_578"}
2025-11-15 17:42:24-0500: Error: {"error":"Could not parse board location: K11","field":"moves","id":"query_579"}
2025-11-15 17:42:24-0500: Error: {"error":"Could not parse board location: K11","field":"moves","id":"query_580"}
2025-11-15 17:42:24-0500: Error: {"error":"Could not parse board location: K11","field":"moves","id":"query_581"}
2025-11-15 17:42:24-0500: Error: {"error":"Could not parse board location: K11","field":"moves","id":"query_582"}
2025-11-15 17:42:24-0500: Error: {"error":"Could not parse board location: K11","field":"moves","id":"query_583"}
2025-11-15 17:42:24-0500: Error: {"error":"Could not parse board location: K11","field":"moves","id":"query_584"}
2025-11-15 17:42:24-0500: Error: {"error":"Could not parse board location: K11","field":"moves","id":"query_585"}
2025-11-15 17:42:24-0500: Error: {"error":"Could not parse board location: K11","field":"moves","id":"query_586"}
2025-11-15 17:42:24-0500: Error: {"error":"Could not parse board location: K11","field":"moves","id":"query_587"}
2025-11-15 17:42:24-0500: Error: {"error":"Could not parse board location: K11","field":"moves","id":"query_588"}
2025-11-15 17:42:24-0500: Error: {"error":"Could not parse board location: K11","field":"moves","id":"query_589"}
2025-11-15 17:42:24-0500: Error: {"error":"Could not parse board location: K11","field":"moves","id":"query_590"}
2025-11-15 17:42:24-0500: Error: {"error":"Could not parse board location: K11","field":"moves","id":"query_591"}
2025-11-15 17:42:24-0500: Error: {"error":"Could not parse board location: K11","field":"moves","id":"query_592"}
2025-11-15 17:42:24-0500: Error: {"error":"Could not parse board location: K11","field":"moves","id":"query_593"}
2025-11-15 17:42:24-0500: Error: {"error":"Could not parse board location: K11","field":"moves","id":"query_594"}
2025-11-15 17:42:24-0500: Error: {"error":"Could not parse board location: K11","field":"moves","id":"query_595"}
2025-11-15 17:42:24-0500: Error: {"error":"Could not parse board location: K11","field":"moves","id":"query_596"}
2025-11-15 17:42:24-0500: Error: {"error":"Could not parse board location: K11","field":"moves","id":"query_597"}
2025-11-15 17:42:24-0500: Error: {"error":"Could not parse board location: K11","field":"moves","id":"query_598"}
2025-11-15 17:42:24-0500: Error: {"error":"Could not parse board location: K11","field":"moves","id":"query_599"}
2025-11-15 17:42:24-0500: Error: {"error":"Could not parse board location: K11","field":"moves","id":"query_600"}
2025-11-15 17:42:24-0500: Error: {"error":"Could not parse board location: K11","field":"moves","id":"query_601"}
2025-11-15 17:42:24-0500: Error: {"error":"Could not parse board location: K11","field":"moves","id":"query_602"}
2025-11-15 17:42:24-0500: Error: {"error":"Could not parse board location: K11","field":"moves","id":"query_603"}
2025-11-15 17:42:24-0500: Error: {"error":"Could not parse board location: K11","field":"moves","id":"query_604"}
2025-11-15 17:42:24-0500: Error: {"error":"Could not parse board location: K11","field":"moves","id":"query_605"}
2025-11-15 17:42:24-0500: Error: {"error":"Could not parse board location: K11","field":"moves","id":"query_606"}
2025-11-15 17:42:24-0500: Error: {"error":"Could not parse board location: K11","field":"moves","id":"query_607"}
2025-11-15 17:42:24-0500: Error: {"error":"Could not parse board location: K11","field":"moves","id":"query_608"}
2025-11-15 17:42:24-0500: Error: {"error":"Could not parse board location: K11","field":"moves","id":"query_609"}
2025-11-15 17:42:24-0500: Error: {"error":"Could not parse board location: K11","field":"moves","id":"query_610"}
2025-11-15 17:42:24-0500: Error: {"error":"Could not parse board location: K11","field":"moves","id":"query_611"}
2025-11-15 17:42:24-0500: Error: {"error":"Could not parse board location: K11","field":"moves","id":"query_612"}
2025-11-15 17:42:24-0500: Error: {"error":"Could not parse board location: K11","field":"moves","id":"query_613"}
2025-11-15 17:42:24-0500: Error: {"error":"Could not parse board location: K11","field":"moves","id":"query_614"}
2025-11-15 17:42:24-0500: Error: {"error":"Could not parse board location: K11","field":"moves","id":"query_615"}
2025-11-15 17:42:24-0500: Error: {"error":"Could not parse board location: K11","field":"moves","id":"query_616"}
2025-11-15 17:42:24-0500: Error: {"error":"Could not parse board location: K11","field":"moves","id":"query_617"}
2025-11-15 17:42:24-0500: Error: {"error":"Could not parse board location: K11","field":"moves","id":"query_618"}
2025-11-15 17:42:24-0500: Error: {"error":"Could not parse board location: K11","field":"moves","id":"query_619"}
2025-11-15 17:42:24-0500: Error: {"error":"Could not parse board location: K11","field":"moves","id":"query_620"}
2025-11-15 17:42:24-0500: Error: {"error":"Could not parse board location: K11","field":"moves","id":"query_621"}
2025-11-15 17:42:24-0500: Error: {"error":"Could not parse board location: K11","field":"moves","id":"query_622"}
2025-11-15 17:42:24-0500: Error: {"error":"Could not parse board location: K11","field":"moves","id":"query_623"}
2025-11-15 17:42:24-0500: Error: {"error":"Could not parse board location: K11","field":"moves","id":"query_624"}
2025-11-15 17:42:24-0500: Error: {"error":"Could not parse board location: K11","field":"moves","id":"query_625"}
2025-11-15 17:42:24-0500: Error: {"error":"Could not parse board location: K11","field":"moves","id":"query_626"}
2025-11-15 17:42:24-0500: Error: {"error":"Could not parse board location: K11","field":"moves","id":"query_627"}
2025-11-15 17:42:24-0500: Error: {"error":"Could not parse board location: K11","field":"moves","id":"query_628"}
2025-11-15 17:42:24-0500: Error: {"error":"Could not parse board location: K11","field":"moves","id":"query_629"}
2025-11-15 17:42:24-0500: Error: {"error":"Could not parse board location: K11","field":"moves","id":"query_630"}
2025-11-15 17:42:24-0500: Error: {"error":"Could not parse board location: K11","field":"moves","id":"query_631"}
2025-11-15 17:42:24-0500: Error: {"error":"Could not parse board location: K11","field":"moves","id":"query_632"}
2025-11-15 17:42:24-0500: Error: {"error":"Could not parse board location: K11","field":"moves","id":"query_633"}
2025-11-15 17:42:24-0500: Error: {"error":"Could not parse board location: K11","field":"moves","id":"query_634"}
2025-11-15 17:42:24-0500: Error: {"error":"Could not parse board location: K11","field":"moves","id":"query_635"}
2025-11-15 17:42:24-0500: Error: {"error":"Could not parse board location: K11","field":"moves","id":"query_636"}
2025-11-15 17:42:24-0500: Error: {"error":"Could not parse board location: K11","field":"moves","id":"query_637"}
2025-11-15 17:42:24-0500: Error: {"error":"Could not parse board location: K11","field":"moves","id":"query_638"}
2025-11-15 17:42:24-0500: Error: {"error":"Could not parse board location: K11","field":"moves","id":"query_639"}
2025-11-15 17:42:24-0500: Error: {"error":"Could not parse board location: K11","field":"moves","id":"query_640"}
2025-11-15 17:42:24-0500: Error: {"error":"Could not parse board location: K11","field":"moves","id":"query_641"}
2025-11-15 17:42:24-0500: Error: {"error":"Could not parse board location: K11","field":"moves","id":"query_642"}
2025-11-15 17:42:24-0500: Error: {"error":"Could not parse board location: K11","field":"moves","id":"query_643"}
2025-11-15 17:42:24-0500: Error: {"error":"Could not parse board location: K11","field":"moves","id":"query_644"}
2025-11-15 17:42:24-0500: Error: {"error":"Could not parse board location: K11","field":"moves","id":"query_645"}
2025-11-15 17:42:24-0500: Error: {"error":"Could not parse board location: K11","field":"moves","id":"query_646"}
2025-11-15 17:42:24-0500: Error: {"error":"Could not parse board location: K11","field":"moves","id":"query_647"}
2025-11-15 17:42:24-0500: Error: {"error":"Could not parse board location: K11","field":"moves","id":"query_648"}
2025-11-15 17:42:24-0500: Error: {"error":"Could not parse board location: K11","field":"moves","id":"query_649"}
2025-11-15 17:42:24-0500: Error: {"error":"Could not parse board location: K11","field":"moves","id":"query_650"}
2025-11-15 17:42:24-0500: Error: {"error":"Could not parse board location: K11","field":"moves","id":"query_651"}
2025-11-15 17:42:24-0500: Error: {"error":"Could not parse board location: K11","field":"moves","id":"query_652"}
2025-11-15 17:42:24-0500: Error: {"error":"Could not parse board location: K11","field":"moves","id":"query_653"}
2025-11-15 17:42:24-0500: Error: {"error":"Could not parse board location: K11","field":"moves","id":"query_654"}
2025-11-15 17:42:24-0500: Error: {"error":"Could not parse board location: K11","field":"moves","id":"query_655"}
2025-11-15 17:48:23-0500: Error: {"error":"Illegal move 221: L6","field":"moves","id":"query_701"}
2025-11-15 17:48:23-0500: Error: {"error":"Illegal move 221: L6","field":"moves","id":"query_702"}
2025-11-15 17:48:23-0500: Error: {"error":"Illegal move 221: L6","field":"moves","id":"query_703"}
2025-11-15 17:48:23-0500: Error: {"error":"Illegal move 221: L6","field":"moves","id":"query_704"}
2025-11-15 17:48:23-0500: Error: {"error":"Illegal move 221: L6","field":"moves","id":"query_705"}
2025-11-15 17:48:23-0500: Error: {"error":"Illegal move 221: L6","field":"moves","id":"query_706"}
2025-11-15 17:48:23-0500: Error: {"error":"Illegal move 221: L6","field":"moves","id":"query_707"}
2025-11-15 17:48:23-0500: Error: {"error":"Illegal move 221: L6","field":"moves","id":"query_708"}
2025-11-15 17:48:23-0500: Error: {"error":"Illegal move 221: L6","field":"moves","id":"query_709"}
2025-11-15 17:48:23-0500: Error: {"error":"Illegal move 221: L6","field":"moves","id":"query_710"}
2025-11-15 17:48:23-0500: Error: {"error":"Illegal move 221: L6","field":"moves","id":"query_711"}
2025-11-15 17:48:23-0500: Error: {"error":"Illegal move 221: L6","field":"moves","id":"query_712"}
2025-11-15 17:48:23-0500: Error: {"error":"Illegal move 221: L6","field":"moves","id":"query_713"}
2025-11-15 17:48:23-0500: Error: {"error":"Illegal move 221: L6","field":"moves","id":"query_714"}
2025-11-15 17:48:23-0500: Error: {"error":"Illegal move 221: L6","field":"moves","id":"query_715"}
2025-11-15 17:48:23-0500: Error: {"error":"Illegal move 221: L6","field":"moves","id":"query_716"}
2025-11-15 17:48:23-0500: Error: {"error":"Illegal move 221: L6","field":"moves","id":"query_717"}
2025-11-15 17:48:23-0500: Error: {"error":"Illegal move 221: L6","field":"moves","id":"query_718"}
2025-11-15 17:48:23-0500: Error: {"error":"Illegal move 221: L6","field":"moves","id":"query_719"}
2025-11-15 17:48:23-0500: Error: {"error":"Illegal move 221: L6","field":"moves","id":"query_720"}
2025-11-15 17:48:23-0500: Error: {"error":"Illegal move 221: L6","field":"moves","id":"query_721"}
2025-11-15 17:48:23-0500: Error: {"error":"Illegal move 221: L6","field":"moves","id":"query_722"}
2025-11-15 17:48:23-0500: Error: {"error":"Illegal move 221: L6","field":"moves","id":"query_723"}
2025-11-15 17:48:23-0500: Error: {"error":"Illegal move 221: L6","field":"moves","id":"query_724"}
2025-11-15 17:48:23-0500: Error: {"error":"Illegal move 221: L6","field":"moves","id":"query_725"}
