2025-11-15 18:07:21-0500: Running with following config:
logDir = analysis_logs
maxVisits = 500
nnCacheSizePowerOfTwo = 23
nnMaxBatchSize = 64
nnMutexPoolSizePowerOfTwo = 17
nnRandomize = true
numAnalysisThreads = 2
numSearchThreads = 16
reportAnalysisWinratesAs = BLACK

2025-11-15 18:07:21-0500: Analysis Engine starting...
2025-11-15 18:07:21-0500: KataGo v1.16.4
2025-11-15 18:07:21-0500: nnRandSeed0 = 7178122084827825439
2025-11-15 18:07:21-0500: After dedups: nnModelFile0 = ../../katago_repo/run/kata1-b28c512nbt-s11653980416-d5514111622.bin.gz useFP16 auto useNHWC auto
2025-11-15 18:07:21-0500: Initializing neural net buffer to be size 19 * 19 allowing smaller boards
2025-11-15 18:07:25-0500: Found OpenCL Platform 0: NVIDIA CUDA (NVIDIA Corporation) (OpenCL 3.0 CUDA 12.8.98)
2025-11-15 18:07:25-0500: Found 1 device(s) on platform 0 with type CPU or GPU or Accelerator
2025-11-15 18:07:25-0500: Found OpenCL Device 0: NVIDIA RTX 6000 Ada Generation (NVIDIA Corporation) (score 11000300)
2025-11-15 18:07:25-0500: Creating context for OpenCL Platform: NVIDIA CUDA (NVIDIA Corporation) (OpenCL 3.0 CUDA 12.8.98)
2025-11-15 18:07:25-0500: Using OpenCL Device 0: NVIDIA RTX 6000 Ada Generation (NVIDIA Corporation) OpenCL 3.0 CUDA (Extensions: cl_khr_global_int32_base_atomics cl_khr_global_int32_extended_atomics cl_khr_local_int32_base_atomics cl_khr_local_int32_extended_atomics cl_khr_fp64 cl_khr_3d_image_writes cl_khr_byte_addressable_store cl_khr_icd cl_khr_gl_sharing cl_nv_compiler_options cl_nv_device_attribute_query cl_nv_pragma_unroll cl_nv_copy_opts cl_khr_gl_event cl_nv_create_buffer cl_khr_int64_base_atomics cl_khr_int64_extended_atomics cl_nv_kernel_attribute cl_khr_device_uuid cl_khr_pci_bus_info cl_khr_external_semaphore cl_khr_external_memory cl_khr_external_semaphore_opaque_fd cl_khr_external_memory_opaque_fd cl_khr_semaphore)
2025-11-15 18:07:25-0500: Loaded tuning parameters from: /thayerfs/home/f004h1v/.katago/opencltuning/tune11_gpuNVIDIARTX6000AdaGeneration_x19_y19_c512_mv15.txt
2025-11-15 18:07:25-0500: OpenCL backend thread 0: Model version 15
2025-11-15 18:07:25-0500: OpenCL backend thread 0: Model name: kata1-b28c512nbt-s11653980416-d5514111622
2025-11-15 18:07:28-0500: OpenCL backend thread 0: FP16Storage true FP16Compute false FP16TensorCores true FP16TensorCoresFor1x1 false
2025-11-15 18:07:28-0500: Loaded config ../../katago_repo/run/analysis.cfg
2025-11-15 18:07:28-0500: Loaded model ../../katago_repo/run/kata1-b28c512nbt-s11653980416-d5514111622.bin.gz
2025-11-15 18:07:28-0500: Analyzing up to 2 positions at a time in parallel
2025-11-15 18:07:28-0500: Started, ready to begin handling requests
2025-11-15 18:09:34-0500: Error: {"error":"Illegal move 200: H12","field":"moves","id":"query_40"}
2025-11-15 18:09:34-0500: Error: {"error":"Illegal move 200: H12","field":"moves","id":"query_41"}
2025-11-15 18:09:34-0500: Error: {"error":"Illegal move 200: H12","field":"moves","id":"query_42"}
2025-11-15 18:09:34-0500: Error: {"error":"Illegal move 200: H12","field":"moves","id":"query_43"}
2025-11-15 18:09:34-0500: Error: {"error":"Illegal move 200: H12","field":"moves","id":"query_44"}
2025-11-15 18:09:34-0500: Error: {"error":"Illegal move 200: H12","field":"moves","id":"query_45"}
2025-11-15 18:09:34-0500: Error: {"error":"Illegal move 200: H12","field":"moves","id":"query_46"}
2025-11-15 18:09:34-0500: Error: {"error":"Illegal move 200: H12","field":"moves","id":"query_47"}
2025-11-15 18:09:34-0500: Error: {"error":"Illegal move 200: H12","field":"moves","id":"query_48"}
2025-11-15 18:09:34-0500: Error: {"error":"Illegal move 200: H12","field":"moves","id":"query_49"}
2025-11-15 18:09:34-0500: Error: {"error":"Illegal move 200: H12","field":"moves","id":"query_50"}
2025-11-15 18:09:34-0500: Error: {"error":"Illegal move 200: H12","field":"moves","id":"query_51"}
2025-11-15 18:09:34-0500: Error: {"error":"Illegal move 200: H12","field":"moves","id":"query_52"}
2025-11-15 18:09:34-0500: Error: {"error":"Illegal move 200: H12","field":"moves","id":"query_53"}
2025-11-15 18:09:34-0500: Error: {"error":"Illegal move 200: H12","field":"moves","id":"query_54"}
2025-11-15 18:09:34-0500: Error: {"error":"Illegal move 200: H12","field":"moves","id":"query_55"}
2025-11-15 18:09:34-0500: Error: {"error":"Illegal move 200: H12","field":"moves","id":"query_56"}
2025-11-15 18:09:34-0500: Error: {"error":"Illegal move 200: H12","field":"moves","id":"query_57"}
2025-11-15 18:09:34-0500: Error: {"error":"Illegal move 200: H12","field":"moves","id":"query_58"}
2025-11-15 18:09:34-0500: Error: {"error":"Illegal move 200: H12","field":"moves","id":"query_59"}
2025-11-15 18:09:34-0500: Error: {"error":"Illegal move 200: H12","field":"moves","id":"query_60"}
2025-11-15 18:09:34-0500: Error: {"error":"Illegal move 200: H12","field":"moves","id":"query_61"}
2025-11-15 18:09:34-0500: Error: {"error":"Illegal move 200: H12","field":"moves","id":"query_62"}
2025-11-15 18:09:34-0500: Error: {"error":"Illegal move 200: H12","field":"moves","id":"query_63"}
2025-11-15 18:09:34-0500: Error: {"error":"Illegal move 200: H12","field":"moves","id":"query_64"}
2025-11-15 18:09:34-0500: Error: {"error":"Illegal move 200: H12","field":"moves","id":"query_65"}
2025-11-15 18:09:34-0500: Error: {"error":"Illegal move 200: H12","field":"moves","id":"query_66"}
2025-11-15 18:09:34-0500: Error: {"error":"Illegal move 200: H12","field":"moves","id":"query_67"}
2025-11-15 18:09:34-0500: Error: {"error":"Illegal move 200: H12","field":"moves","id":"query_68"}
2025-11-15 18:09:34-0500: Error: {"error":"Illegal move 200: H12","field":"moves","id":"query_69"}
2025-11-15 18:09:34-0500: Error: {"error":"Illegal move 200: H12","field":"moves","id":"query_70"}
2025-11-15 18:09:34-0500: Error: {"error":"Illegal move 200: H12","field":"moves","id":"query_71"}
2025-11-15 18:09:34-0500: Error: {"error":"Illegal move 200: H12","field":"moves","id":"query_72"}
2025-11-15 18:11:39-0500: Error: {"error":"Illegal move 175: C1","field":"moves","id":"query_110"}
2025-11-15 18:11:39-0500: Error: {"error":"Illegal move 175: C1","field":"moves","id":"query_111"}
2025-11-15 18:11:39-0500: Error: {"error":"Illegal move 175: C1","field":"moves","id":"query_112"}
2025-11-15 18:11:39-0500: Error: {"error":"Illegal move 175: C1","field":"moves","id":"query_113"}
2025-11-15 18:11:39-0500: Error: {"error":"Illegal move 175: C1","field":"moves","id":"query_114"}
2025-11-15 18:11:39-0500: Error: {"error":"Illegal move 175: C1","field":"moves","id":"query_115"}
2025-11-15 18:11:39-0500: Error: {"error":"Illegal move 175: C1","field":"moves","id":"query_116"}
2025-11-15 18:11:39-0500: Error: {"error":"Illegal move 175: C1","field":"moves","id":"query_117"}
2025-11-15 18:11:39-0500: Error: {"error":"Illegal move 175: C1","field":"moves","id":"query_118"}
2025-11-15 18:11:39-0500: Error: {"error":"Illegal move 175: C1","field":"moves","id":"query_119"}
2025-11-15 18:11:39-0500: Error: {"error":"Illegal move 175: C1","field":"moves","id":"query_120"}
2025-11-15 18:11:39-0500: Error: {"error":"Illegal move 175: C1","field":"moves","id":"query_121"}
2025-11-15 18:11:39-0500: Error: {"error":"Illegal move 175: C1","field":"moves","id":"query_122"}
2025-11-15 18:11:39-0500: Error: {"error":"Illegal move 175: C1","field":"moves","id":"query_123"}
2025-11-15 18:11:39-0500: Error: {"error":"Illegal move 175: C1","field":"moves","id":"query_124"}
2025-11-15 18:11:39-0500: Error: {"error":"Illegal move 175: C1","field":"moves","id":"query_125"}
2025-11-15 18:11:39-0500: Error: {"error":"Illegal move 175: C1","field":"moves","id":"query_126"}
2025-11-15 18:11:39-0500: Error: {"error":"Illegal move 175: C1","field":"moves","id":"query_127"}
2025-11-15 18:11:39-0500: Error: {"error":"Illegal move 175: C1","field":"moves","id":"query_128"}
2025-11-15 18:21:15-0500: Error: {"error":"Illegal move 233: C17","field":"moves","id":"query_282"}
2025-11-15 18:21:15-0500: Error: {"error":"Illegal move 233: C17","field":"moves","id":"query_283"}
2025-11-15 18:21:15-0500: Error: {"error":"Illegal move 233: C17","field":"moves","id":"query_284"}
2025-11-15 18:21:15-0500: Error: {"error":"Illegal move 233: C17","field":"moves","id":"query_285"}
2025-11-15 18:21:15-0500: Error: {"error":"Illegal move 233: C17","field":"moves","id":"query_286"}
2025-11-15 18:21:15-0500: Error: {"error":"Illegal move 233: C17","field":"moves","id":"query_287"}
2025-11-15 18:21:15-0500: Error: {"error":"Illegal move 233: C17","field":"moves","id":"query_288"}
2025-11-15 18:21:15-0500: Error: {"error":"Illegal move 233: C17","field":"moves","id":"query_289"}
2025-11-15 18:21:15-0500: Error: {"error":"Illegal move 233: C17","field":"moves","id":"query_290"}
2025-11-15 18:21:15-0500: Error: {"error":"Illegal move 233: C17","field":"moves","id":"query_291"}
2025-11-15 18:21:15-0500: Error: {"error":"Illegal move 233: C17","field":"moves","id":"query_292"}
2025-11-15 18:21:15-0500: Error: {"error":"Illegal move 233: C17","field":"moves","id":"query_293"}
2025-11-15 18:21:15-0500: Error: {"error":"Illegal move 233: C17","field":"moves","id":"query_294"}
2025-11-15 18:21:15-0500: Error: {"error":"Illegal move 233: C17","field":"moves","id":"query_295"}
2025-11-15 18:21:15-0500: Error: {"error":"Illegal move 233: C17","field":"moves","id":"query_296"}
2025-11-15 18:21:15-0500: Error: {"error":"Illegal move 233: C17","field":"moves","id":"query_297"}
2025-11-15 18:21:15-0500: Error: {"error":"Illegal move 233: C17","field":"moves","id":"query_298"}
2025-11-15 18:21:15-0500: Error: {"error":"Illegal move 233: C17","field":"moves","id":"query_299"}
2025-11-15 18:21:15-0500: Error: {"error":"Illegal move 233: C17","field":"moves","id":"query_300"}
2025-11-15 18:21:15-0500: Error: {"error":"Illegal move 233: C17","field":"moves","id":"query_301"}
2025-11-15 18:21:15-0500: Error: {"error":"Illegal move 233: C17","field":"moves","id":"query_302"}
2025-11-15 18:21:15-0500: Error: {"error":"Illegal move 233: C17","field":"moves","id":"query_303"}
2025-11-15 18:21:15-0500: Error: {"error":"Illegal move 233: C17","field":"moves","id":"query_304"}
2025-11-15 18:21:16-0500: Error: {"error":"Illegal move 233: C17","field":"moves","id":"query_305"}
2025-11-15 18:21:16-0500: Error: {"error":"Illegal move 233: C17","field":"moves","id":"query_306"}
2025-11-15 18:21:16-0500: Error: {"error":"Illegal move 233: C17","field":"moves","id":"query_307"}
2025-11-15 18:21:16-0500: Error: {"error":"Illegal move 233: C17","field":"moves","id":"query_308"}
2025-11-15 18:21:16-0500: Error: {"error":"Illegal move 233: C17","field":"moves","id":"query_309"}
2025-11-15 18:21:16-0500: Error: {"error":"Illegal move 233: C17","field":"moves","id":"query_310"}
2025-11-15 18:21:16-0500: Error: {"error":"Illegal move 233: C17","field":"moves","id":"query_311"}
2025-11-15 18:21:16-0500: Error: {"error":"Illegal move 233: C17","field":"moves","id":"query_312"}
2025-11-15 18:21:16-0500: Error: {"error":"Illegal move 233: C17","field":"moves","id":"query_313"}
2025-11-15 18:21:16-0500: Error: {"error":"Illegal move 233: C17","field":"moves","id":"query_314"}
2025-11-15 18:21:16-0500: Error: {"error":"Illegal move 233: C17","field":"moves","id":"query_315"}
2025-11-15 18:21:16-0500: Error: {"error":"Illegal move 233: C17","field":"moves","id":"query_316"}
2025-11-15 18:21:16-0500: Error: {"error":"Illegal move 233: C17","field":"moves","id":"query_317"}
2025-11-15 18:21:16-0500: Error: {"error":"Illegal move 233: C17","field":"moves","id":"query_318"}
2025-11-15 18:21:16-0500: Error: {"error":"Illegal move 233: C17","field":"moves","id":"query_319"}
2025-11-15 18:21:16-0500: Error: {"error":"Illegal move 233: C17","field":"moves","id":"query_320"}
2025-11-15 18:21:16-0500: Error: {"error":"Illegal move 233: C17","field":"moves","id":"query_321"}
2025-11-15 18:21:16-0500: Error: {"error":"Illegal move 233: C17","field":"moves","id":"query_322"}
2025-11-15 18:21:16-0500: Error: {"error":"Illegal move 233: C17","field":"moves","id":"query_323"}
2025-11-15 18:21:16-0500: Error: {"error":"Illegal move 233: C17","field":"moves","id":"query_324"}
2025-11-15 18:21:16-0500: Error: {"error":"Illegal move 233: C17","field":"moves","id":"query_325"}
2025-11-15 18:21:16-0500: Error: {"error":"Illegal move 233: C17","field":"moves","id":"query_326"}
2025-11-15 18:21:16-0500: Error: {"error":"Illegal move 233: C17","field":"moves","id":"query_327"}
2025-11-15 18:21:16-0500: Error: {"error":"Illegal move 233: C17","field":"moves","id":"query_328"}
2025-11-15 18:21:16-0500: Error: {"error":"Illegal move 233: C17","field":"moves","id":"query_329"}
2025-11-15 18:21:16-0500: Error: {"error":"Illegal move 233: C17","field":"moves","id":"query_330"}
2025-11-15 18:21:16-0500: Error: {"error":"Illegal move 233: C17","field":"moves","id":"query_331"}
2025-11-15 18:21:16-0500: Error: {"error":"Illegal move 233: C17","field":"moves","id":"query_332"}
2025-11-15 18:21:16-0500: Error: {"error":"Illegal move 233: C17","field":"moves","id":"query_333"}
2025-11-15 18:21:16-0500: Error: {"error":"Illegal move 233: C17","field":"moves","id":"query_334"}
2025-11-15 18:21:16-0500: Error: {"error":"Illegal move 233: C17","field":"moves","id":"query_335"}
2025-11-15 18:21:16-0500: Error: {"error":"Illegal move 233: C17","field":"moves","id":"query_336"}
2025-11-15 18:21:16-0500: Error: {"error":"Illegal move 233: C17","field":"moves","id":"query_337"}
2025-11-15 18:21:16-0500: Error: {"error":"Illegal move 233: C17","field":"moves","id":"query_338"}
2025-11-15 18:21:16-0500: Error: {"error":"Illegal move 233: C17","field":"moves","id":"query_339"}
2025-11-15 18:21:16-0500: Error: {"error":"Illegal move 233: C17","field":"moves","id":"query_340"}
2025-11-15 18:21:16-0500: Error: {"error":"Illegal move 233: C17","field":"moves","id":"query_341"}
2025-11-15 18:21:16-0500: Error: {"error":"Illegal move 233: C17","field":"moves","id":"query_342"}
2025-11-15 18:21:16-0500: Error: {"error":"Illegal move 233: C17","field":"moves","id":"query_343"}
2025-11-15 18:21:16-0500: Error: {"error":"Illegal move 233: C17","field":"moves","id":"query_344"}
2025-11-15 18:21:16-0500: Error: {"error":"Illegal move 233: C17","field":"moves","id":"query_345"}
2025-11-15 18:28:39-0500: Error: {"error":"Illegal move 347: N10","field":"moves","id":"query_474"}
2025-11-15 18:28:39-0500: Error: {"error":"Illegal move 347: N10","field":"moves","id":"query_475"}
2025-11-15 18:28:39-0500: Error: {"error":"Illegal move 347: N10","field":"moves","id":"query_476"}
2025-11-15 18:28:39-0500: Error: {"error":"Illegal move 347: N10","field":"moves","id":"query_477"}
2025-11-15 18:28:39-0500: Error: {"error":"Illegal move 347: N10","field":"moves","id":"query_478"}
2025-11-15 18:28:39-0500: Error: {"error":"Illegal move 347: N10","field":"moves","id":"query_479"}
2025-11-15 18:28:39-0500: Error: {"error":"Illegal move 347: N10","field":"moves","id":"query_480"}
2025-11-15 18:28:39-0500: Error: {"error":"Illegal move 347: N10","field":"moves","id":"query_481"}
2025-11-15 18:31:22-0500: Error: {"error":"Illegal move 192: B5","field":"moves","id":"query_521"}
2025-11-15 18:31:22-0500: Error: {"error":"Illegal move 192: B5","field":"moves","id":"query_522"}
2025-11-15 18:31:22-0500: Error: {"error":"Illegal move 192: B5","field":"moves","id":"query_523"}
2025-11-15 18:31:22-0500: Error: {"error":"Illegal move 192: B5","field":"moves","id":"query_524"}
2025-11-15 18:31:22-0500: Error: {"error":"Illegal move 192: B5","field":"moves","id":"query_525"}
2025-11-15 18:31:22-0500: Error: {"error":"Illegal move 192: B5","field":"moves","id":"query_526"}
2025-11-15 18:31:22-0500: Error: {"error":"Illegal move 192: B5","field":"moves","id":"query_527"}
2025-11-15 18:31:22-0500: Error: {"error":"Illegal move 192: B5","field":"moves","id":"query_528"}
2025-11-15 18:31:22-0500: Error: {"error":"Illegal move 192: B5","field":"moves","id":"query_529"}
2025-11-15 18:31:22-0500: Error: {"error":"Illegal move 192: B5","field":"moves","id":"query_530"}
2025-11-15 18:31:22-0500: Error: {"error":"Illegal move 192: B5","field":"moves","id":"query_531"}
2025-11-15 18:31:22-0500: Error: {"error":"Illegal move 192: B5","field":"moves","id":"query_532"}
2025-11-15 18:31:22-0500: Error: {"error":"Illegal move 192: B5","field":"moves","id":"query_533"}
2025-11-15 18:31:22-0500: Error: {"error":"Illegal move 192: B5","field":"moves","id":"query_534"}
2025-11-15 18:31:22-0500: Error: {"error":"Illegal move 192: B5","field":"moves","id":"query_535"}
2025-11-15 18:31:22-0500: Error: {"error":"Illegal move 192: B5","field":"moves","id":"query_536"}
2025-11-15 18:31:22-0500: Error: {"error":"Illegal move 192: B5","field":"moves","id":"query_537"}
2025-11-15 18:31:22-0500: Error: {"error":"Illegal move 192: B5","field":"moves","id":"query_538"}
2025-11-15 18:31:22-0500: Error: {"error":"Illegal move 192: B5","field":"moves","id":"query_539"}
2025-11-15 18:31:22-0500: Error: {"error":"Illegal move 192: B5","field":"moves","id":"query_540"}
2025-11-15 18:31:22-0500: Error: {"error":"Illegal move 192: B5","field":"moves","id":"query_541"}
2025-11-15 18:31:22-0500: Error: {"error":"Illegal move 192: B5","field":"moves","id":"query_542"}
2025-11-15 18:31:27-0500: Error: {"error":"Could not parse board location: C15","field":"moves","id":"query_545"}
2025-11-15 18:31:27-0500: Error: {"error":"Could not parse board location: C15","field":"moves","id":"query_546"}
2025-11-15 18:31:27-0500: Error: {"error":"Could not parse board location: C15","field":"moves","id":"query_547"}
2025-11-15 18:31:27-0500: Error: {"error":"Could not parse board location: C15","field":"moves","id":"query_548"}
2025-11-15 18:31:27-0500: Error: {"error":"Could not parse board location: C15","field":"moves","id":"query_549"}
2025-11-15 18:33:57-0500: Error: {"error":"Illegal move 180: E11","field":"moves","id":"query_588"}
2025-11-15 18:33:57-0500: Error: {"error":"Illegal move 180: E11","field":"moves","id":"query_589"}
2025-11-15 18:33:57-0500: Error: {"error":"Illegal move 180: E11","field":"moves","id":"query_590"}
2025-11-15 18:33:57-0500: Error: {"error":"Illegal move 180: E11","field":"moves","id":"query_591"}
2025-11-15 18:33:57-0500: Error: {"error":"Illegal move 180: E11","field":"moves","id":"query_592"}
2025-11-15 18:33:57-0500: Error: {"error":"Illegal move 180: E11","field":"moves","id":"query_593"}
2025-11-15 18:33:57-0500: Error: {"error":"Illegal move 180: E11","field":"moves","id":"query_594"}
2025-11-15 18:33:57-0500: Error: {"error":"Illegal move 180: E11","field":"moves","id":"query_595"}
2025-11-15 18:33:57-0500: Error: {"error":"Illegal move 180: E11","field":"moves","id":"query_596"}
2025-11-15 18:33:57-0500: Error: {"error":"Illegal move 180: E11","field":"moves","id":"query_597"}
2025-11-15 18:33:57-0500: Error: {"error":"Illegal move 180: E11","field":"moves","id":"query_598"}
2025-11-15 18:33:57-0500: Error: {"error":"Illegal move 180: E11","field":"moves","id":"query_599"}
2025-11-15 18:33:57-0500: Error: {"error":"Illegal move 180: E11","field":"moves","id":"query_600"}
2025-11-15 18:33:57-0500: Error: {"error":"Illegal move 180: E11","field":"moves","id":"query_601"}
2025-11-15 18:33:57-0500: Error: {"error":"Illegal move 180: E11","field":"moves","id":"query_602"}
2025-11-15 18:33:57-0500: Error: {"error":"Illegal move 180: E11","field":"moves","id":"query_603"}
2025-11-15 18:33:57-0500: Error: {"error":"Illegal move 180: E11","field":"moves","id":"query_604"}
2025-11-15 18:33:57-0500: Error: {"error":"Illegal move 180: E11","field":"moves","id":"query_605"}
2025-11-15 18:33:57-0500: Error: {"error":"Illegal move 180: E11","field":"moves","id":"query_606"}
2025-11-15 18:33:57-0500: Error: {"error":"Illegal move 180: E11","field":"moves","id":"query_607"}
2025-11-15 18:33:57-0500: Error: {"error":"Illegal move 180: E11","field":"moves","id":"query_608"}
2025-11-15 18:33:57-0500: Error: {"error":"Illegal move 180: E11","field":"moves","id":"query_609"}
2025-11-15 18:33:57-0500: Error: {"error":"Illegal move 180: E11","field":"moves","id":"query_610"}
2025-11-15 18:33:57-0500: Error: {"error":"Illegal move 180: E11","field":"moves","id":"query_611"}
2025-11-15 18:33:57-0500: Error: {"error":"Illegal move 180: E11","field":"moves","id":"query_612"}
2025-11-15 18:33:57-0500: Error: {"error":"Illegal move 180: E11","field":"moves","id":"query_613"}
2025-11-15 18:33:57-0500: Error: {"error":"Illegal move 180: E11","field":"moves","id":"query_614"}
2025-11-15 18:33:57-0500: Error: {"error":"Illegal move 180: E11","field":"moves","id":"query_615"}
2025-11-15 18:36:29-0500: Error: {"error":"Illegal move 175: Q3","field":"moves","id":"query_651"}
2025-11-15 18:36:29-0500: Error: {"error":"Illegal move 175: Q3","field":"moves","id":"query_652"}
2025-11-15 18:36:29-0500: Error: {"error":"Illegal move 175: Q3","field":"moves","id":"query_653"}
2025-11-15 18:36:29-0500: Error: {"error":"Illegal move 175: Q3","field":"moves","id":"query_654"}
2025-11-15 18:36:29-0500: Error: {"error":"Illegal move 175: Q3","field":"moves","id":"query_655"}
2025-11-15 18:36:29-0500: Error: {"error":"Illegal move 175: Q3","field":"moves","id":"query_656"}
2025-11-15 18:36:29-0500: Error: {"error":"Illegal move 175: Q3","field":"moves","id":"query_657"}
2025-11-15 18:36:29-0500: Error: {"error":"Illegal move 175: Q3","field":"moves","id":"query_658"}
2025-11-15 18:36:29-0500: Error: {"error":"Illegal move 175: Q3","field":"moves","id":"query_659"}
2025-11-15 18:36:29-0500: Error: {"error":"Illegal move 175: Q3","field":"moves","id":"query_660"}
2025-11-15 18:36:29-0500: Error: {"error":"Illegal move 175: Q3","field":"moves","id":"query_661"}
2025-11-15 18:36:29-0500: Error: {"error":"Illegal move 175: Q3","field":"moves","id":"query_662"}
2025-11-15 18:36:29-0500: Error: {"error":"Illegal move 175: Q3","field":"moves","id":"query_663"}
2025-11-15 18:36:29-0500: Error: {"error":"Illegal move 175: Q3","field":"moves","id":"query_664"}
2025-11-15 18:36:29-0500: Error: {"error":"Illegal move 175: Q3","field":"moves","id":"query_665"}
2025-11-15 18:36:29-0500: Error: {"error":"Illegal move 175: Q3","field":"moves","id":"query_666"}
2025-11-15 18:36:29-0500: Error: {"error":"Illegal move 175: Q3","field":"moves","id":"query_667"}
2025-11-15 18:36:29-0500: Error: {"error":"Illegal move 175: Q3","field":"moves","id":"query_668"}
2025-11-15 18:36:29-0500: Error: {"error":"Illegal move 175: Q3","field":"moves","id":"query_669"}
2025-11-15 18:36:29-0500: Error: {"error":"Illegal move 175: Q3","field":"moves","id":"query_670"}
2025-11-15 18:36:29-0500: Error: {"error":"Illegal move 175: Q3","field":"moves","id":"query_671"}
2025-11-15 18:36:29-0500: Error: {"error":"Illegal move 175: Q3","field":"moves","id":"query_672"}
2025-11-15 18:36:29-0500: Error: {"error":"Illegal move 175: Q3","field":"moves","id":"query_673"}
2025-11-15 18:36:29-0500: Error: {"error":"Illegal move 175: Q3","field":"moves","id":"query_674"}
2025-11-15 18:36:29-0500: Error: {"error":"Illegal move 175: Q3","field":"moves","id":"query_675"}
2025-11-15 18:36:29-0500: Error: {"error":"Illegal move 175: Q3","field":"moves","id":"query_676"}
2025-11-15 18:36:29-0500: Error: {"error":"Illegal move 175: Q3","field":"moves","id":"query_677"}
2025-11-15 18:36:29-0500: Error: {"error":"Illegal move 175: Q3","field":"moves","id":"query_678"}
2025-11-15 18:36:29-0500: Error: {"error":"Illegal move 175: Q3","field":"moves","id":"query_679"}
2025-11-15 18:36:29-0500: Error: {"error":"Illegal move 175: Q3","field":"moves","id":"query_680"}
2025-11-15 18:36:30-0500: Error: {"error":"Illegal move 175: Q3","field":"moves","id":"query_681"}
2025-11-15 18:36:30-0500: Error: {"error":"Illegal move 175: Q3","field":"moves","id":"query_682"}
2025-11-15 18:36:30-0500: Error: {"error":"Illegal move 175: Q3","field":"moves","id":"query_683"}
2025-11-15 18:36:30-0500: Error: {"error":"Illegal move 175: Q3","field":"moves","id":"query_684"}
2025-11-15 18:36:30-0500: Error: {"error":"Illegal move 175: Q3","field":"moves","id":"query_685"}
2025-11-15 18:36:30-0500: Error: {"error":"Illegal move 175: Q3","field":"moves","id":"query_686"}
2025-11-15 18:36:30-0500: Error: {"error":"Illegal move 175: Q3","field":"moves","id":"query_687"}
2025-11-15 18:36:30-0500: Error: {"error":"Illegal move 175: Q3","field":"moves","id":"query_688"}
2025-11-15 18:36:30-0500: Error: {"error":"Illegal move 175: Q3","field":"moves","id":"query_689"}
2025-11-15 18:36:34-0500: Error: {"error":"Could not parse board location: P16","field":"moves","id":"query_691"}
2025-11-15 18:36:34-0500: Error: {"error":"Could not parse board location: P16","field":"moves","id":"query_692"}
2025-11-15 18:36:34-0500: Error: {"error":"Could not parse board location: P16","field":"moves","id":"query_693"}
2025-11-15 18:36:34-0500: Error: {"error":"Could not parse board location: P16","field":"moves","id":"query_694"}
2025-11-15 18:36:34-0500: Error: {"error":"Could not parse board location: P16","field":"moves","id":"query_695"}
2025-11-15 18:36:34-0500: Error: {"error":"Could not parse board location: P16","field":"moves","id":"query_696"}
2025-11-15 18:36:34-0500: Error: {"error":"Could not parse board location: P16","field":"moves","id":"query_697"}
2025-11-15 18:36:34-0500: Error: {"error":"Could not parse board location: P16","field":"moves","id":"query_698"}
2025-11-15 18:36:34-0500: Error: {"error":"Could not parse board location: P16","field":"moves","id":"query_699"}
2025-11-15 18:36:34-0500: Error: {"error":"Could not parse board location: P16","field":"moves","id":"query_700"}
2025-11-15 18:36:34-0500: Error: {"error":"Could not parse board location: P16","field":"moves","id":"query_701"}
2025-11-15 18:36:34-0500: Error: {"error":"Could not parse board location: P16","field":"moves","id":"query_702"}
2025-11-15 18:36:34-0500: Error: {"error":"Could not parse board location: P16","field":"moves","id":"query_703"}
2025-11-15 18:36:34-0500: Error: {"error":"Could not parse board location: P16","field":"moves","id":"query_704"}
2025-11-15 18:36:34-0500: Error: {"error":"Could not parse board location: P16","field":"moves","id":"query_705"}
2025-11-15 18:36:34-0500: Error: {"error":"Could not parse board location: P16","field":"moves","id":"query_706"}
2025-11-15 18:36:34-0500: Error: {"error":"Could not parse board location: P16","field":"moves","id":"query_707"}
2025-11-15 18:36:34-0500: Error: {"error":"Could not parse board location: P16","field":"moves","id":"query_708"}
2025-11-15 18:36:34-0500: Error: {"error":"Could not parse board location: P16","field":"moves","id":"query_709"}
2025-11-15 18:36:34-0500: Error: {"error":"Could not parse board location: P16","field":"moves","id":"query_710"}
2025-11-15 18:36:34-0500: Error: {"error":"Could not parse board location: P16","field":"moves","id":"query_711"}
2025-11-15 18:36:34-0500: Error: {"error":"Could not parse board location: P16","field":"moves","id":"query_712"}
2025-11-15 18:36:34-0500: Error: {"error":"Could not parse board location: P16","field":"moves","id":"query_713"}
2025-11-15 18:36:34-0500: Error: {"error":"Could not parse board location: P16","field":"moves","id":"query_714"}
2025-11-15 18:36:34-0500: Error: {"error":"Could not parse board location: P16","field":"moves","id":"query_715"}
2025-11-15 18:36:34-0500: Error: {"error":"Could not parse board location: P16","field":"moves","id":"query_716"}
2025-11-15 18:36:34-0500: Error: {"error":"Could not parse board location: P16","field":"moves","id":"query_717"}
2025-11-15 18:36:34-0500: Error: {"error":"Could not parse board location: P16","field":"moves","id":"query_718"}
2025-11-15 18:36:34-0500: Error: {"error":"Could not parse board location: P16","field":"moves","id":"query_719"}
2025-11-15 18:36:34-0500: Error: {"error":"Could not parse board location: P16","field":"moves","id":"query_720"}
2025-11-15 18:36:34-0500: Error: {"error":"Could not parse board location: P16","field":"moves","id":"query_721"}
2025-11-15 18:36:34-0500: Error: {"error":"Could not parse board location: P16","field":"moves","id":"query_722"}
2025-11-15 18:36:34-0500: Error: {"error":"Could not parse board location: P16","field":"moves","id":"query_723"}
2025-11-15 18:36:34-0500: Error: {"error":"Could not parse board location: P16","field":"moves","id":"query_724"}
2025-11-15 18:36:34-0500: Error: {"error":"Could not parse board location: P16","field":"moves","id":"query_725"}
2025-11-15 18:36:34-0500: Error: {"error":"Could not parse board location: P16","field":"moves","id":"query_726"}
2025-11-15 18:36:34-0500: Error: {"error":"Could not parse board location: P16","field":"moves","id":"query_727"}
2025-11-15 18:36:34-0500: Error: {"error":"Could not parse board location: P16","field":"moves","id":"query_728"}
2025-11-15 18:36:34-0500: Error: {"error":"Could not parse board location: P16","field":"moves","id":"query_729"}
2025-11-15 18:36:34-0500: Error: {"error":"Could not parse board location: P16","field":"moves","id":"query_730"}
2025-11-15 18:36:34-0500: Error: {"error":"Could not parse board location: P16","field":"moves","id":"query_731"}
2025-11-15 18:36:34-0500: Error: {"error":"Could not parse board location: P16","field":"moves","id":"query_732"}
2025-11-15 18:36:34-0500: Error: {"error":"Could not parse board location: P16","field":"moves","id":"query_733"}
2025-11-15 18:36:34-0500: Error: {"error":"Could not parse board location: P16","field":"moves","id":"query_734"}
2025-11-15 18:36:34-0500: Error: {"error":"Could not parse board location: P16","field":"moves","id":"query_735"}
2025-11-15 18:36:34-0500: Error: {"error":"Could not parse board location: P16","field":"moves","id":"query_736"}
2025-11-15 18:36:34-0500: Error: {"error":"Could not parse board location: P16","field":"moves","id":"query_737"}
2025-11-15 18:36:34-0500: Error: {"error":"Could not parse board location: P16","field":"moves","id":"query_738"}
2025-11-15 18:36:34-0500: Error: {"error":"Could not parse board location: P16","field":"moves","id":"query_739"}
2025-11-15 18:36:34-0500: Error: {"error":"Could not parse board location: P16","field":"moves","id":"query_740"}
2025-11-15 18:36:34-0500: Error: {"error":"Could not parse board location: P16","field":"moves","id":"query_741"}
2025-11-15 18:36:34-0500: Error: {"error":"Could not parse board location: P16","field":"moves","id":"query_742"}
2025-11-15 18:36:34-0500: Error: {"error":"Could not parse board location: P16","field":"moves","id":"query_743"}
2025-11-15 18:36:34-0500: Error: {"error":"Could not parse board location: P16","field":"moves","id":"query_744"}
2025-11-15 18:36:34-0500: Error: {"error":"Could not parse board location: P16","field":"moves","id":"query_745"}
2025-11-15 18:36:34-0500: Error: {"error":"Could not parse board location: P16","field":"moves","id":"query_746"}
2025-11-15 18:36:34-0500: Error: {"error":"Could not parse board location: P16","field":"moves","id":"query_747"}
2025-11-15 18:36:34-0500: Error: {"error":"Could not parse board location: P16","field":"moves","id":"query_748"}
2025-11-15 18:36:34-0500: Error: {"error":"Could not parse board location: P16","field":"moves","id":"query_749"}
2025-11-15 18:36:34-0500: Error: {"error":"Could not parse board location: P16","field":"moves","id":"query_750"}
2025-11-15 18:36:34-0500: Error: {"error":"Could not parse board location: P16","field":"moves","id":"query_751"}
2025-11-15 18:36:34-0500: Error: {"error":"Could not parse board location: P16","field":"moves","id":"query_752"}
2025-11-15 18:36:34-0500: Error: {"error":"Could not parse board location: P16","field":"moves","id":"query_753"}
2025-11-15 18:36:34-0500: Error: {"error":"Could not parse board location: P16","field":"moves","id":"query_754"}
2025-11-15 18:36:34-0500: Error: {"error":"Could not parse board location: P16","field":"moves","id":"query_755"}
2025-11-15 18:36:34-0500: Error: {"error":"Could not parse board location: P16","field":"moves","id":"query_756"}
2025-11-15 18:36:34-0500: Error: {"error":"Could not parse board location: P16","field":"moves","id":"query_757"}
2025-11-15 18:36:34-0500: Error: {"error":"Could not parse board location: P16","field":"moves","id":"query_758"}
2025-11-15 18:36:34-0500: Error: {"error":"Could not parse board location: P16","field":"moves","id":"query_759"}
2025-11-15 18:36:34-0500: Error: {"error":"Could not parse board location: P16","field":"moves","id":"query_760"}
2025-11-15 18:36:34-0500: Error: {"error":"Could not parse board location: P16","field":"moves","id":"query_761"}
2025-11-15 18:36:34-0500: Error: {"error":"Could not parse board location: P16","field":"moves","id":"query_762"}
2025-11-15 18:36:34-0500: Error: {"error":"Could not parse board location: P16","field":"moves","id":"query_763"}
2025-11-15 18:36:34-0500: Error: {"error":"Could not parse board location: P16","field":"moves","id":"query_764"}
2025-11-15 18:36:34-0500: Error: {"error":"Could not parse board location: P16","field":"moves","id":"query_765"}
2025-11-15 18:36:34-0500: Error: {"error":"Could not parse board location: P16","field":"moves","id":"query_766"}
2025-11-15 18:36:34-0500: Error: {"error":"Could not parse board location: P16","field":"moves","id":"query_767"}
2025-11-15 18:36:34-0500: Error: {"error":"Could not parse board location: P16","field":"moves","id":"query_768"}
2025-11-15 18:36:34-0500: Error: {"error":"Could not parse board location: P16","field":"moves","id":"query_769"}
2025-11-15 18:36:34-0500: Error: {"error":"Could not parse board location: P16","field":"moves","id":"query_770"}
2025-11-15 18:36:34-0500: Error: {"error":"Could not parse board location: P16","field":"moves","id":"query_771"}
2025-11-15 18:37:41-0500: Error: {"error":"Illegal move 67: F1","field":"moves","id":"query_786"}
2025-11-15 18:37:41-0500: Error: {"error":"Illegal move 67: F1","field":"moves","id":"query_787"}
2025-11-15 18:37:41-0500: Error: {"error":"Illegal move 67: F1","field":"moves","id":"query_788"}
2025-11-15 18:37:41-0500: Error: {"error":"Illegal move 67: F1","field":"moves","id":"query_789"}
2025-11-15 18:37:41-0500: Error: {"error":"Illegal move 67: F1","field":"moves","id":"query_790"}
2025-11-15 18:37:41-0500: Error: {"error":"Illegal move 67: F1","field":"moves","id":"query_791"}
2025-11-15 18:37:41-0500: Error: {"error":"Illegal move 67: F1","field":"moves","id":"query_792"}
2025-11-15 18:37:41-0500: Error: {"error":"Illegal move 67: F1","field":"moves","id":"query_793"}
2025-11-15 18:37:41-0500: Error: {"error":"Illegal move 67: F1","field":"moves","id":"query_794"}
2025-11-15 18:37:41-0500: Error: {"error":"Illegal move 67: F1","field":"moves","id":"query_795"}
2025-11-15 18:37:41-0500: Error: {"error":"Illegal move 67: F1","field":"moves","id":"query_796"}
2025-11-15 18:37:41-0500: Error: {"error":"Illegal move 67: F1","field":"moves","id":"query_797"}
2025-11-15 18:37:41-0500: Error: {"error":"Illegal move 67: F1","field":"moves","id":"query_798"}
2025-11-15 18:37:41-0500: Error: {"error":"Illegal move 67: F1","field":"moves","id":"query_799"}
2025-11-15 18:37:41-0500: Error: {"error":"Illegal move 67: F1","field":"moves","id":"query_800"}
2025-11-15 18:37:41-0500: Error: {"error":"Illegal move 67: F1","field":"moves","id":"query_801"}
2025-11-15 18:37:41-0500: Error: {"error":"Illegal move 67: F1","field":"moves","id":"query_802"}
2025-11-15 18:37:41-0500: Error: {"error":"Illegal move 67: F1","field":"moves","id":"query_803"}
2025-11-15 18:37:41-0500: Error: {"error":"Illegal move 67: F1","field":"moves","id":"query_804"}
2025-11-15 18:37:41-0500: Error: {"error":"Illegal move 67: F1","field":"moves","id":"query_805"}
2025-11-15 18:37:41-0500: Error: {"error":"Illegal move 67: F1","field":"moves","id":"query_806"}
2025-11-15 18:37:41-0500: Error: {"error":"Illegal move 67: F1","field":"moves","id":"query_807"}
2025-11-15 18:37:41-0500: Error: {"error":"Illegal move 67: F1","field":"moves","id":"query_808"}
2025-11-15 18:37:41-0500: Error: {"error":"Illegal move 67: F1","field":"moves","id":"query_809"}
2025-11-15 18:37:41-0500: Error: {"error":"Illegal move 67: F1","field":"moves","id":"query_810"}
2025-11-15 18:37:41-0500: Error: {"error":"Illegal move 67: F1","field":"moves","id":"query_811"}
2025-11-15 18:37:41-0500: Error: {"error":"Illegal move 67: F1","field":"moves","id":"query_812"}
2025-11-15 18:37:41-0500: Error: {"error":"Illegal move 67: F1","field":"moves","id":"query_813"}
2025-11-15 18:37:41-0500: Error: {"error":"Illegal move 67: F1","field":"moves","id":"query_814"}
2025-11-15 18:37:41-0500: Error: {"error":"Illegal move 67: F1","field":"moves","id":"query_815"}
2025-11-15 18:37:41-0500: Error: {"error":"Illegal move 67: F1","field":"moves","id":"query_816"}
2025-11-15 18:37:41-0500: Error: {"error":"Illegal move 67: F1","field":"moves","id":"query_817"}
2025-11-15 18:41:28-0500: Error: {"error":"Illegal move 236: H8","field":"moves","id":"query_866"}
2025-11-15 18:41:28-0500: Error: {"error":"Illegal move 236: H8","field":"moves","id":"query_867"}
2025-11-15 18:41:28-0500: Error: {"error":"Illegal move 236: H8","field":"moves","id":"query_868"}
2025-11-15 18:41:28-0500: Error: {"error":"Illegal move 236: H8","field":"moves","id":"query_869"}
2025-11-15 18:41:28-0500: Error: {"error":"Illegal move 236: H8","field":"moves","id":"query_870"}
2025-11-15 18:41:28-0500: Error: {"error":"Illegal move 236: H8","field":"moves","id":"query_871"}
2025-11-15 18:41:34-0500: Error: {"error":"Could not parse board location: C15","field":"moves","id":"query_874"}
2025-11-15 18:41:34-0500: Error: {"error":"Could not parse board location: C15","field":"moves","id":"query_875"}
2025-11-15 18:41:34-0500: Error: {"error":"Could not parse board location: C15","field":"moves","id":"query_876"}
2025-11-15 18:41:34-0500: Error: {"error":"Could not parse board location: C15","field":"moves","id":"query_877"}
2025-11-15 18:41:34-0500: Error: {"error":"Could not parse board location: C15","field":"moves","id":"query_878"}
2025-11-15 18:41:34-0500: Error: {"error":"Could not parse board location: C15","field":"moves","id":"query_879"}
2025-11-15 18:41:34-0500: Error: {"error":"Could not parse board location: C15","field":"moves","id":"query_880"}
2025-11-15 18:41:34-0500: Error: {"error":"Could not parse board location: C15","field":"moves","id":"query_881"}
2025-11-15 18:41:34-0500: Error: {"error":"Could not parse board location: C15","field":"moves","id":"query_882"}
2025-11-15 18:41:34-0500: Error: {"error":"Could not parse board location: C15","field":"moves","id":"query_883"}
2025-11-15 18:41:34-0500: Error: {"error":"Could not parse board location: C15","field":"moves","id":"query_884"}
2025-11-15 18:41:34-0500: Error: {"error":"Could not parse board location: C15","field":"moves","id":"query_885"}
2025-11-15 18:41:34-0500: Error: {"error":"Could not parse board location: C15","field":"moves","id":"query_886"}
2025-11-15 18:41:34-0500: Error: {"error":"Could not parse board location: C15","field":"moves","id":"query_887"}
2025-11-15 18:41:34-0500: Error: {"error":"Could not parse board location: C15","field":"moves","id":"query_888"}
2025-11-15 18:41:34-0500: Error: {"error":"Could not parse board location: C15","field":"moves","id":"query_889"}
2025-11-15 18:41:34-0500: Error: {"error":"Could not parse board location: C15","field":"moves","id":"query_890"}
2025-11-15 18:41:34-0500: Error: {"error":"Could not parse board location: C15","field":"moves","id":"query_891"}
2025-11-15 18:41:34-0500: Error: {"error":"Could not parse board location: C15","field":"moves","id":"query_892"}
2025-11-15 18:41:34-0500: Error: {"error":"Could not parse board location: C15","field":"moves","id":"query_893"}
2025-11-15 18:41:34-0500: Error: {"error":"Could not parse board location: C15","field":"moves","id":"query_894"}
2025-11-15 18:41:34-0500: Error: {"error":"Could not parse board location: C15","field":"moves","id":"query_895"}
2025-11-15 18:41:34-0500: Error: {"error":"Could not parse board location: C15","field":"moves","id":"query_896"}
2025-11-15 18:41:34-0500: Error: {"error":"Could not parse board location: C15","field":"moves","id":"query_897"}
2025-11-15 18:41:34-0500: Error: {"error":"Could not parse board location: C15","field":"moves","id":"query_898"}
2025-11-15 18:41:34-0500: Error: {"error":"Could not parse board location: C15","field":"moves","id":"query_899"}
2025-11-15 18:41:34-0500: Error: {"error":"Could not parse board location: C15","field":"moves","id":"query_900"}
2025-11-15 18:41:34-0500: Error: {"error":"Could not parse board location: C15","field":"moves","id":"query_901"}
2025-11-15 18:41:34-0500: Error: {"error":"Could not parse board location: C15","field":"moves","id":"query_902"}
2025-11-15 18:41:34-0500: Error: {"error":"Could not parse board location: C15","field":"moves","id":"query_903"}
2025-11-15 18:41:34-0500: Error: {"error":"Could not parse board location: C15","field":"moves","id":"query_904"}
2025-11-15 18:41:34-0500: Error: {"error":"Could not parse board location: C15","field":"moves","id":"query_905"}
2025-11-15 18:41:34-0500: Error: {"error":"Could not parse board location: C15","field":"moves","id":"query_906"}
2025-11-15 18:41:34-0500: Error: {"error":"Could not parse board location: C15","field":"moves","id":"query_907"}
2025-11-15 18:41:34-0500: Error: {"error":"Could not parse board location: C15","field":"moves","id":"query_908"}
2025-11-15 18:41:34-0500: Error: {"error":"Could not parse board location: C15","field":"moves","id":"query_909"}
2025-11-15 18:41:34-0500: Error: {"error":"Could not parse board location: C15","field":"moves","id":"query_910"}
2025-11-15 18:41:34-0500: Error: {"error":"Could not parse board location: C15","field":"moves","id":"query_911"}
2025-11-15 18:41:34-0500: Error: {"error":"Could not parse board location: C15","field":"moves","id":"query_912"}
2025-11-15 18:41:34-0500: Error: {"error":"Could not parse board location: C15","field":"moves","id":"query_913"}
2025-11-15 18:41:34-0500: Error: {"error":"Could not parse board location: C15","field":"moves","id":"query_914"}
2025-11-15 18:41:34-0500: Error: {"error":"Could not parse board location: C15","field":"moves","id":"query_915"}
2025-11-15 18:41:34-0500: Error: {"error":"Could not parse board location: C15","field":"moves","id":"query_916"}
2025-11-15 18:41:34-0500: Error: {"error":"Could not parse board location: C15","field":"moves","id":"query_917"}
2025-11-15 18:41:34-0500: Error: {"error":"Could not parse board location: C15","field":"moves","id":"query_918"}
2025-11-15 18:41:34-0500: Error: {"error":"Could not parse board location: C15","field":"moves","id":"query_919"}
2025-11-15 18:41:34-0500: Error: {"error":"Could not parse board location: C15","field":"moves","id":"query_920"}
2025-11-15 18:41:34-0500: Error: {"error":"Could not parse board location: C15","field":"moves","id":"query_921"}
2025-11-15 18:41:34-0500: Error: {"error":"Could not parse board location: C15","field":"moves","id":"query_922"}
2025-11-15 18:41:34-0500: Error: {"error":"Could not parse board location: C15","field":"moves","id":"query_923"}
2025-11-15 18:41:34-0500: Error: {"error":"Could not parse board location: C15","field":"moves","id":"query_924"}
2025-11-15 18:41:34-0500: Error: {"error":"Could not parse board location: C15","field":"moves","id":"query_925"}
2025-11-15 18:41:34-0500: Error: {"error":"Could not parse board location: C15","field":"moves","id":"query_926"}
2025-11-15 18:41:34-0500: Error: {"error":"Could not parse board location: C15","field":"moves","id":"query_927"}
2025-11-15 18:41:34-0500: Error: {"error":"Could not parse board location: C15","field":"moves","id":"query_928"}
2025-11-15 18:41:34-0500: Error: {"error":"Could not parse board location: C15","field":"moves","id":"query_929"}
2025-11-15 18:41:34-0500: Error: {"error":"Could not parse board location: C15","field":"moves","id":"query_930"}
2025-11-15 18:41:34-0500: Error: {"error":"Could not parse board location: C15","field":"moves","id":"query_931"}
2025-11-15 18:41:34-0500: Error: {"error":"Could not parse board location: C15","field":"moves","id":"query_932"}
2025-11-15 18:41:34-0500: Error: {"error":"Could not parse board location: C15","field":"moves","id":"query_933"}
2025-11-15 18:41:34-0500: Error: {"error":"Could not parse board location: C15","field":"moves","id":"query_934"}
2025-11-15 18:41:34-0500: Error: {"error":"Could not parse board location: C15","field":"moves","id":"query_935"}
2025-11-15 18:41:34-0500: Error: {"error":"Could not parse board location: C15","field":"moves","id":"query_936"}
2025-11-15 18:41:34-0500: Error: {"error":"Could not parse board location: C15","field":"moves","id":"query_937"}
2025-11-15 18:41:34-0500: Error: {"error":"Could not parse board location: C15","field":"moves","id":"query_938"}
2025-11-15 18:41:34-0500: Error: {"error":"Could not parse board location: C15","field":"moves","id":"query_939"}
2025-11-15 18:41:34-0500: Error: {"error":"Could not parse board location: C15","field":"moves","id":"query_940"}
2025-11-15 18:41:34-0500: Error: {"error":"Could not parse board location: C15","field":"moves","id":"query_941"}
2025-11-15 18:41:34-0500: Error: {"error":"Could not parse board location: C15","field":"moves","id":"query_942"}
2025-11-15 18:41:34-0500: Error: {"error":"Could not parse board location: C15","field":"moves","id":"query_943"}
2025-11-15 18:41:34-0500: Error: {"error":"Could not parse board location: C15","field":"moves","id":"query_944"}
2025-11-15 18:41:34-0500: Error: {"error":"Could not parse board location: C15","field":"moves","id":"query_945"}
2025-11-15 18:41:34-0500: Error: {"error":"Could not parse board location: C15","field":"moves","id":"query_946"}
2025-11-15 18:41:34-0500: Error: {"error":"Could not parse board location: C15","field":"moves","id":"query_947"}
2025-11-15 18:41:34-0500: Error: {"error":"Could not parse board location: C15","field":"moves","id":"query_948"}
2025-11-15 18:41:34-0500: Error: {"error":"Could not parse board location: C15","field":"moves","id":"query_949"}
2025-11-15 18:41:34-0500: Error: {"error":"Could not parse board location: C15","field":"moves","id":"query_950"}
2025-11-15 18:46:10-0500: Error: {"error":"Illegal move 171: L2","field":"moves","id":"query_1022"}
2025-11-15 18:46:10-0500: Error: {"error":"Illegal move 171: L2","field":"moves","id":"query_1023"}
2025-11-15 18:46:10-0500: Error: {"error":"Illegal move 171: L2","field":"moves","id":"query_1024"}
2025-11-15 18:46:10-0500: Error: {"error":"Illegal move 171: L2","field":"moves","id":"query_1025"}
2025-11-15 18:46:10-0500: Error: {"error":"Illegal move 171: L2","field":"moves","id":"query_1026"}
2025-11-15 18:46:10-0500: Error: {"error":"Illegal move 171: L2","field":"moves","id":"query_1027"}
2025-11-15 18:46:10-0500: Error: {"error":"Illegal move 171: L2","field":"moves","id":"query_1028"}
2025-11-15 18:46:10-0500: Error: {"error":"Illegal move 171: L2","field":"moves","id":"query_1029"}
2025-11-15 18:46:10-0500: Error: {"error":"Illegal move 171: L2","field":"moves","id":"query_1030"}
2025-11-15 18:46:10-0500: Error: {"error":"Illegal move 171: L2","field":"moves","id":"query_1031"}
2025-11-15 18:46:10-0500: Error: {"error":"Illegal move 171: L2","field":"moves","id":"query_1032"}
2025-11-15 18:46:10-0500: Error: {"error":"Illegal move 171: L2","field":"moves","id":"query_1033"}
2025-11-15 18:46:10-0500: Error: {"error":"Illegal move 171: L2","field":"moves","id":"query_1034"}
2025-11-15 18:46:10-0500: Error: {"error":"Illegal move 171: L2","field":"moves","id":"query_1035"}
2025-11-15 18:46:10-0500: Error: {"error":"Illegal move 171: L2","field":"moves","id":"query_1036"}
2025-11-15 18:46:10-0500: Error: {"error":"Illegal move 171: L2","field":"moves","id":"query_1037"}
2025-11-15 18:46:10-0500: Error: {"error":"Illegal move 171: L2","field":"moves","id":"query_1038"}
2025-11-15 18:46:10-0500: Error: {"error":"Illegal move 171: L2","field":"moves","id":"query_1039"}
2025-11-15 18:46:10-0500: Error: {"error":"Illegal move 171: L2","field":"moves","id":"query_1040"}
2025-11-15 18:46:10-0500: Error: {"error":"Illegal move 171: L2","field":"moves","id":"query_1041"}
2025-11-15 18:46:10-0500: Error: {"error":"Illegal move 171: L2","field":"moves","id":"query_1042"}
2025-11-15 18:46:10-0500: Error: {"error":"Illegal move 171: L2","field":"moves","id":"query_1043"}
2025-11-15 18:46:10-0500: Error: {"error":"Illegal move 171: L2","field":"moves","id":"query_1044"}
2025-11-15 18:51:02-0500: Error: {"error":"Illegal move 325: B12","field":"moves","id":"query_1110"}
2025-11-15 18:51:02-0500: Error: {"error":"Illegal move 325: B12","field":"moves","id":"query_1111"}
2025-11-15 18:51:02-0500: Error: {"error":"Illegal move 325: B12","field":"moves","id":"query_1112"}
2025-11-15 18:51:02-0500: Error: {"error":"Illegal move 325: B12","field":"moves","id":"query_1113"}
2025-11-15 18:51:02-0500: Error: {"error":"Illegal move 325: B12","field":"moves","id":"query_1114"}
2025-11-15 18:51:02-0500: Error: {"error":"Illegal move 325: B12","field":"moves","id":"query_1115"}
2025-11-15 18:51:02-0500: Error: {"error":"Illegal move 325: B12","field":"moves","id":"query_1116"}
2025-11-15 18:51:02-0500: Error: {"error":"Illegal move 325: B12","field":"moves","id":"query_1117"}
2025-11-15 18:51:02-0500: Error: {"error":"Illegal move 325: B12","field":"moves","id":"query_1118"}
2025-11-15 18:51:02-0500: Error: {"error":"Illegal move 325: B12","field":"moves","id":"query_1119"}
2025-11-15 18:51:02-0500: Error: {"error":"Illegal move 325: B12","field":"moves","id":"query_1120"}
2025-11-15 18:51:02-0500: Error: {"error":"Illegal move 325: B12","field":"moves","id":"query_1121"}
2025-11-15 18:51:02-0500: Error: {"error":"Illegal move 325: B12","field":"moves","id":"query_1122"}
2025-11-15 18:51:02-0500: Error: {"error":"Illegal move 325: B12","field":"moves","id":"query_1123"}
2025-11-15 18:51:02-0500: Error: {"error":"Illegal move 325: B12","field":"moves","id":"query_1124"}
2025-11-15 18:51:02-0500: Error: {"error":"Illegal move 325: B12","field":"moves","id":"query_1125"}
2025-11-15 18:51:02-0500: Error: {"error":"Illegal move 325: B12","field":"moves","id":"query_1126"}
2025-11-15 18:51:02-0500: Error: {"error":"Illegal move 325: B12","field":"moves","id":"query_1127"}
2025-11-15 18:51:02-0500: Error: {"error":"Illegal move 325: B12","field":"moves","id":"query_1128"}
2025-11-15 18:51:02-0500: Error: {"error":"Illegal move 325: B12","field":"moves","id":"query_1129"}
2025-11-15 18:51:02-0500: Error: {"error":"Illegal move 325: B12","field":"moves","id":"query_1130"}
2025-11-15 18:51:02-0500: Error: {"error":"Illegal move 325: B12","field":"moves","id":"query_1131"}
2025-11-15 18:51:02-0500: Error: {"error":"Illegal move 325: B12","field":"moves","id":"query_1132"}
2025-11-15 18:51:02-0500: Error: {"error":"Illegal move 325: B12","field":"moves","id":"query_1133"}
2025-11-15 18:51:02-0500: Error: {"error":"Illegal move 325: B12","field":"moves","id":"query_1134"}
2025-11-15 18:51:02-0500: Error: {"error":"Illegal move 325: B12","field":"moves","id":"query_1135"}
2025-11-15 18:51:02-0500: Error: {"error":"Illegal move 325: B12","field":"moves","id":"query_1136"}
2025-11-15 18:51:02-0500: Error: {"error":"Illegal move 325: B12","field":"moves","id":"query_1137"}
2025-11-15 18:51:02-0500: Error: {"error":"Illegal move 325: B12","field":"moves","id":"query_1138"}
2025-11-15 18:51:02-0500: Error: {"error":"Illegal move 325: B12","field":"moves","id":"query_1139"}
2025-11-15 18:51:02-0500: Error: {"error":"Illegal move 325: B12","field":"moves","id":"query_1140"}
2025-11-15 18:51:02-0500: Error: {"error":"Illegal move 325: B12","field":"moves","id":"query_1141"}
2025-11-15 18:51:02-0500: Error: {"error":"Illegal move 325: B12","field":"moves","id":"query_1142"}
2025-11-15 18:51:02-0500: Error: {"error":"Illegal move 325: B12","field":"moves","id":"query_1143"}
2025-11-15 18:55:20-0500: Error: {"error":"Illegal move 131: M14","field":"moves","id":"query_1198"}
2025-11-15 18:55:20-0500: Error: {"error":"Illegal move 131: M14","field":"moves","id":"query_1199"}
2025-11-15 18:55:20-0500: Error: {"error":"Illegal move 131: M14","field":"moves","id":"query_1200"}
2025-11-15 18:55:20-0500: Error: {"error":"Illegal move 131: M14","field":"moves","id":"query_1201"}
2025-11-15 18:55:20-0500: Error: {"error":"Illegal move 131: M14","field":"moves","id":"query_1202"}
2025-11-15 18:55:20-0500: Error: {"error":"Illegal move 131: M14","field":"moves","id":"query_1203"}
2025-11-15 18:55:20-0500: Error: {"error":"Illegal move 131: M14","field":"moves","id":"query_1204"}
2025-11-15 18:55:20-0500: Error: {"error":"Illegal move 131: M14","field":"moves","id":"query_1205"}
2025-11-15 18:55:20-0500: Error: {"error":"Illegal move 131: M14","field":"moves","id":"query_1206"}
2025-11-15 18:55:20-0500: Error: {"error":"Illegal move 131: M14","field":"moves","id":"query_1207"}
2025-11-15 18:55:20-0500: Error: {"error":"Illegal move 131: M14","field":"moves","id":"query_1208"}
2025-11-15 18:55:20-0500: Error: {"error":"Illegal move 131: M14","field":"moves","id":"query_1209"}
2025-11-15 18:55:20-0500: Error: {"error":"Illegal move 131: M14","field":"moves","id":"query_1210"}
2025-11-15 18:55:20-0500: Error: {"error":"Illegal move 131: M14","field":"moves","id":"query_1211"}
2025-11-15 18:55:20-0500: Error: {"error":"Illegal move 131: M14","field":"moves","id":"query_1212"}
2025-11-15 18:55:20-0500: Error: {"error":"Illegal move 131: M14","field":"moves","id":"query_1213"}
2025-11-15 18:55:20-0500: Error: {"error":"Illegal move 131: M14","field":"moves","id":"query_1214"}
2025-11-15 18:55:20-0500: Error: {"error":"Illegal move 131: M14","field":"moves","id":"query_1215"}
2025-11-15 18:55:20-0500: Error: {"error":"Illegal move 131: M14","field":"moves","id":"query_1216"}
2025-11-15 18:55:20-0500: Error: {"error":"Illegal move 131: M14","field":"moves","id":"query_1217"}
2025-11-15 18:55:20-0500: Error: {"error":"Illegal move 131: M14","field":"moves","id":"query_1218"}
2025-11-15 18:55:20-0500: Error: {"error":"Illegal move 131: M14","field":"moves","id":"query_1219"}
2025-11-15 18:55:20-0500: Error: {"error":"Illegal move 131: M14","field":"moves","id":"query_1220"}
2025-11-15 18:55:20-0500: Error: {"error":"Illegal move 131: M14","field":"moves","id":"query_1221"}
2025-11-15 18:55:20-0500: Error: {"error":"Illegal move 131: M14","field":"moves","id":"query_1222"}
2025-11-15 18:55:20-0500: Error: {"error":"Illegal move 131: M14","field":"moves","id":"query_1223"}
2025-11-15 18:55:20-0500: Error: {"error":"Illegal move 131: M14","field":"moves","id":"query_1224"}
2025-11-15 18:55:20-0500: Error: {"error":"Illegal move 131: M14","field":"moves","id":"query_1225"}
2025-11-15 18:55:20-0500: Error: {"error":"Illegal move 131: M14","field":"moves","id":"query_1226"}
2025-11-15 18:55:20-0500: Error: {"error":"Illegal move 131: M14","field":"moves","id":"query_1227"}
2025-11-15 18:55:20-0500: Error: {"error":"Illegal move 131: M14","field":"moves","id":"query_1228"}
2025-11-15 18:55:20-0500: Error: {"error":"Illegal move 131: M14","field":"moves","id":"query_1229"}
2025-11-15 18:55:20-0500: Error: {"error":"Illegal move 131: M14","field":"moves","id":"query_1230"}
2025-11-15 18:55:20-0500: Error: {"error":"Illegal move 131: M14","field":"moves","id":"query_1231"}
2025-11-15 18:55:20-0500: Error: {"error":"Illegal move 131: M14","field":"moves","id":"query_1232"}
2025-11-15 18:55:20-0500: Error: {"error":"Illegal move 131: M14","field":"moves","id":"query_1233"}
2025-11-15 18:55:20-0500: Error: {"error":"Illegal move 131: M14","field":"moves","id":"query_1234"}
2025-11-15 18:55:20-0500: Error: {"error":"Illegal move 131: M14","field":"moves","id":"query_1235"}
2025-11-15 18:55:20-0500: Error: {"error":"Illegal move 131: M14","field":"moves","id":"query_1236"}
2025-11-15 18:55:20-0500: Error: {"error":"Illegal move 131: M14","field":"moves","id":"query_1237"}
2025-11-15 18:55:20-0500: Error: {"error":"Illegal move 131: M14","field":"moves","id":"query_1238"}
2025-11-15 18:55:20-0500: Error: {"error":"Illegal move 131: M14","field":"moves","id":"query_1239"}
2025-11-15 18:55:20-0500: Error: {"error":"Illegal move 131: M14","field":"moves","id":"query_1240"}
2025-11-15 18:55:20-0500: Error: {"error":"Illegal move 131: M14","field":"moves","id":"query_1241"}
2025-11-15 18:55:20-0500: Error: {"error":"Illegal move 131: M14","field":"moves","id":"query_1242"}
2025-11-15 18:55:20-0500: Error: {"error":"Illegal move 131: M14","field":"moves","id":"query_1243"}
2025-11-15 18:55:20-0500: Error: {"error":"Illegal move 131: M14","field":"moves","id":"query_1244"}
2025-11-15 18:55:20-0500: Error: {"error":"Illegal move 131: M14","field":"moves","id":"query_1245"}
2025-11-15 18:55:20-0500: Error: {"error":"Illegal move 131: M14","field":"moves","id":"query_1246"}
2025-11-15 18:55:20-0500: Error: {"error":"Illegal move 131: M14","field":"moves","id":"query_1247"}
2025-11-15 18:55:20-0500: Error: {"error":"Illegal move 131: M14","field":"moves","id":"query_1248"}
2025-11-15 18:55:20-0500: Error: {"error":"Illegal move 131: M14","field":"moves","id":"query_1249"}
2025-11-15 18:55:20-0500: Error: {"error":"Illegal move 131: M14","field":"moves","id":"query_1250"}
2025-11-15 18:55:20-0500: Error: {"error":"Illegal move 131: M14","field":"moves","id":"query_1251"}
2025-11-15 18:55:20-0500: Error: {"error":"Illegal move 131: M14","field":"moves","id":"query_1252"}
2025-11-15 18:55:20-0500: Error: {"error":"Illegal move 131: M14","field":"moves","id":"query_1253"}
2025-11-15 18:55:20-0500: Error: {"error":"Illegal move 131: M14","field":"moves","id":"query_1254"}
2025-11-15 18:55:20-0500: Error: {"error":"Illegal move 131: M14","field":"moves","id":"query_1255"}
2025-11-15 18:55:20-0500: Error: {"error":"Illegal move 131: M14","field":"moves","id":"query_1256"}
2025-11-15 18:55:20-0500: Error: {"error":"Illegal move 131: M14","field":"moves","id":"query_1257"}
2025-11-15 18:55:20-0500: Error: {"error":"Illegal move 131: M14","field":"moves","id":"query_1258"}
2025-11-15 18:55:20-0500: Error: {"error":"Illegal move 131: M14","field":"moves","id":"query_1259"}
2025-11-15 18:55:20-0500: Error: {"error":"Illegal move 131: M14","field":"moves","id":"query_1260"}
2025-11-15 18:55:20-0500: Error: {"error":"Illegal move 131: M14","field":"moves","id":"query_1261"}
2025-11-15 18:55:20-0500: Error: {"error":"Illegal move 131: M14","field":"moves","id":"query_1262"}
2025-11-15 18:55:20-0500: Error: {"error":"Illegal move 131: M14","field":"moves","id":"query_1263"}
2025-11-15 18:55:20-0500: Error: {"error":"Illegal move 131: M14","field":"moves","id":"query_1264"}
2025-11-15 18:55:20-0500: Error: {"error":"Illegal move 131: M14","field":"moves","id":"query_1265"}
2025-11-15 18:55:20-0500: Error: {"error":"Illegal move 131: M14","field":"moves","id":"query_1266"}
2025-11-15 18:55:20-0500: Error: {"error":"Illegal move 131: M14","field":"moves","id":"query_1267"}
2025-11-15 18:55:20-0500: Error: {"error":"Illegal move 131: M14","field":"moves","id":"query_1268"}
2025-11-15 18:55:20-0500: Error: {"error":"Illegal move 131: M14","field":"moves","id":"query_1269"}
2025-11-15 18:55:20-0500: Error: {"error":"Illegal move 131: M14","field":"moves","id":"query_1270"}
2025-11-15 18:55:20-0500: Error: {"error":"Illegal move 131: M14","field":"moves","id":"query_1271"}
2025-11-15 18:55:20-0500: Error: {"error":"Illegal move 131: M14","field":"moves","id":"query_1272"}
2025-11-15 18:55:20-0500: Error: {"error":"Illegal move 131: M14","field":"moves","id":"query_1273"}
2025-11-15 18:55:20-0500: Error: {"error":"Illegal move 131: M14","field":"moves","id":"query_1274"}
2025-11-15 18:55:20-0500: Error: {"error":"Illegal move 131: M14","field":"moves","id":"query_1275"}
2025-11-15 18:55:20-0500: Error: {"error":"Illegal move 131: M14","field":"moves","id":"query_1276"}
2025-11-15 18:55:20-0500: Error: {"error":"Illegal move 131: M14","field":"moves","id":"query_1277"}
2025-11-15 18:55:20-0500: Error: {"error":"Illegal move 131: M14","field":"moves","id":"query_1278"}
2025-11-15 18:55:20-0500: Error: {"error":"Illegal move 131: M14","field":"moves","id":"query_1279"}
2025-11-15 18:55:20-0500: Error: {"error":"Illegal move 131: M14","field":"moves","id":"query_1280"}
2025-11-15 18:55:20-0500: Error: {"error":"Illegal move 131: M14","field":"moves","id":"query_1281"}
2025-11-15 18:55:20-0500: Error: {"error":"Illegal move 131: M14","field":"moves","id":"query_1282"}
2025-11-15 18:55:20-0500: Error: {"error":"Illegal move 131: M14","field":"moves","id":"query_1283"}
2025-11-15 18:55:20-0500: Error: {"error":"Illegal move 131: M14","field":"moves","id":"query_1284"}
2025-11-15 18:55:20-0500: Error: {"error":"Illegal move 131: M14","field":"moves","id":"query_1285"}
2025-11-15 18:55:20-0500: Error: {"error":"Illegal move 131: M14","field":"moves","id":"query_1286"}
2025-11-15 18:55:20-0500: Error: {"error":"Illegal move 131: M14","field":"moves","id":"query_1287"}
2025-11-15 18:55:20-0500: Error: {"error":"Illegal move 131: M14","field":"moves","id":"query_1288"}
2025-11-15 18:55:20-0500: Error: {"error":"Illegal move 131: M14","field":"moves","id":"query_1289"}
2025-11-15 18:55:52-0500: Error: {"error":"Could not parse board location: R7","field":"moves","id":"query_1296"}
2025-11-15 18:55:52-0500: Error: {"error":"Could not parse board location: R7","field":"moves","id":"query_1297"}
2025-11-15 18:55:52-0500: Error: {"error":"Could not parse board location: R7","field":"moves","id":"query_1298"}
2025-11-15 18:55:52-0500: Error: {"error":"Could not parse board location: R7","field":"moves","id":"query_1299"}
2025-11-15 18:55:52-0500: Error: {"error":"Could not parse board location: R7","field":"moves","id":"query_1300"}
2025-11-15 18:55:52-0500: Error: {"error":"Could not parse board location: R7","field":"moves","id":"query_1301"}
2025-11-15 18:55:52-0500: Error: {"error":"Could not parse board location: R7","field":"moves","id":"query_1302"}
2025-11-15 18:55:52-0500: Error: {"error":"Could not parse board location: R7","field":"moves","id":"query_1303"}
2025-11-15 18:55:52-0500: Error: {"error":"Could not parse board location: R7","field":"moves","id":"query_1304"}
2025-11-15 18:55:52-0500: Error: {"error":"Could not parse board location: R7","field":"moves","id":"query_1305"}
2025-11-15 18:55:52-0500: Error: {"error":"Could not parse board location: R7","field":"moves","id":"query_1306"}
2025-11-15 18:55:52-0500: Error: {"error":"Could not parse board location: R7","field":"moves","id":"query_1307"}
2025-11-15 18:55:52-0500: Error: {"error":"Could not parse board location: R7","field":"moves","id":"query_1308"}
2025-11-15 18:55:52-0500: Error: {"error":"Could not parse board location: R7","field":"moves","id":"query_1309"}
2025-11-15 18:55:52-0500: Error: {"error":"Could not parse board location: R7","field":"moves","id":"query_1310"}
2025-11-15 18:55:52-0500: Error: {"error":"Could not parse board location: R7","field":"moves","id":"query_1311"}
2025-11-15 18:55:52-0500: Error: {"error":"Could not parse board location: R7","field":"moves","id":"query_1312"}
2025-11-15 18:55:52-0500: Error: {"error":"Could not parse board location: R7","field":"moves","id":"query_1313"}
2025-11-15 18:55:52-0500: Error: {"error":"Could not parse board location: R7","field":"moves","id":"query_1314"}
2025-11-15 18:55:52-0500: Error: {"error":"Could not parse board location: R7","field":"moves","id":"query_1315"}
2025-11-15 18:55:52-0500: Error: {"error":"Could not parse board location: R7","field":"moves","id":"query_1316"}
2025-11-15 18:55:52-0500: Error: {"error":"Could not parse board location: R7","field":"moves","id":"query_1317"}
2025-11-15 18:55:52-0500: Error: {"error":"Could not parse board location: R7","field":"moves","id":"query_1318"}
2025-11-15 18:55:52-0500: Error: {"error":"Could not parse board location: R7","field":"moves","id":"query_1319"}
2025-11-15 18:55:52-0500: Error: {"error":"Could not parse board location: R7","field":"moves","id":"query_1320"}
2025-11-15 18:55:52-0500: Error: {"error":"Could not parse board location: R7","field":"moves","id":"query_1321"}
2025-11-15 18:55:52-0500: Error: {"error":"Could not parse board location: R7","field":"moves","id":"query_1322"}
2025-11-15 18:55:52-0500: Error: {"error":"Could not parse board location: R7","field":"moves","id":"query_1323"}
2025-11-15 18:55:52-0500: Error: {"error":"Could not parse board location: R7","field":"moves","id":"query_1324"}
2025-11-15 18:55:52-0500: Error: {"error":"Could not parse board location: R7","field":"moves","id":"query_1325"}
2025-11-15 18:55:52-0500: Error: {"error":"Could not parse board location: R7","field":"moves","id":"query_1326"}
2025-11-15 18:55:52-0500: Error: {"error":"Could not parse board location: R7","field":"moves","id":"query_1327"}
2025-11-15 18:55:52-0500: Error: {"error":"Could not parse board location: R7","field":"moves","id":"query_1328"}
2025-11-15 18:55:52-0500: Error: {"error":"Could not parse board location: R7","field":"moves","id":"query_1329"}
2025-11-15 18:55:52-0500: Error: {"error":"Could not parse board location: R7","field":"moves","id":"query_1330"}
