2025-11-15 16:57:24-0500: Running with following config:
logDir = analysis_logs
maxVisits = 500
nnCacheSizePowerOfTwo = 23
nnMaxBatchSize = 64
nnMutexPoolSizePowerOfTwo = 17
nnRandomize = true
numAnalysisThreads = 2
numSearchThreads = 16
reportAnalysisWinratesAs = BLACK

2025-11-15 16:57:24-0500: Analysis Engine starting...
2025-11-15 16:57:24-0500: KataGo v1.16.4
2025-11-15 16:57:24-0500: nnRandSeed0 = 2833830362555908029
2025-11-15 16:57:24-0500: After dedups: nnModelFile0 = ../../katago_repo/run/kata1-b28c512nbt-s11653980416-d5514111622.bin.gz useFP16 auto useNHWC auto
2025-11-15 16:57:24-0500: Initializing neural net buffer to be size 19 * 19 allowing smaller boards
2025-11-15 16:57:28-0500: Found OpenCL Platform 0: NVIDIA CUDA (NVIDIA Corporation) (OpenCL 3.0 CUDA 12.8.98)
2025-11-15 16:57:28-0500: Found 1 device(s) on platform 0 with type CPU or GPU or Accelerator
2025-11-15 16:57:28-0500: Found OpenCL Device 0: NVIDIA RTX 6000 Ada Generation (NVIDIA Corporation) (score 11000300)
2025-11-15 16:57:28-0500: Creating context for OpenCL Platform: NVIDIA CUDA (NVIDIA Corporation) (OpenCL 3.0 CUDA 12.8.98)
2025-11-15 16:57:28-0500: Using OpenCL Device 0: NVIDIA RTX 6000 Ada Generation (NVIDIA Corporation) OpenCL 3.0 CUDA (Extensions: cl_khr_global_int32_base_atomics cl_khr_global_int32_extended_atomics cl_khr_local_int32_base_atomics cl_khr_local_int32_extended_atomics cl_khr_fp64 cl_khr_3d_image_writes cl_khr_byte_addressable_store cl_khr_icd cl_khr_gl_sharing cl_nv_compiler_options cl_nv_device_attribute_query cl_nv_pragma_unroll cl_nv_copy_opts cl_khr_gl_event cl_nv_create_buffer cl_khr_int64_base_atomics cl_khr_int64_extended_atomics cl_nv_kernel_attribute cl_khr_device_uuid cl_khr_pci_bus_info cl_khr_external_semaphore cl_khr_external_memory cl_khr_external_semaphore_opaque_fd cl_khr_external_memory_opaque_fd cl_khr_semaphore)
2025-11-15 16:57:28-0500: Loaded tuning parameters from: /thayerfs/home/f004h1v/.katago/opencltuning/tune11_gpuNVIDIARTX6000AdaGeneration_x19_y19_c512_mv15.txt
2025-11-15 16:57:28-0500: OpenCL backend thread 0: Model version 15
2025-11-15 16:57:28-0500: OpenCL backend thread 0: Model name: kata1-b28c512nbt-s11653980416-d5514111622
2025-11-15 16:57:31-0500: OpenCL backend thread 0: FP16Storage true FP16Compute false FP16TensorCores true FP16TensorCoresFor1x1 false
2025-11-15 16:57:31-0500: Loaded config ../../katago_repo/run/analysis.cfg
2025-11-15 16:57:31-0500: Loaded model ../../katago_repo/run/kata1-b28c512nbt-s11653980416-d5514111622.bin.gz
2025-11-15 16:57:31-0500: Analyzing up to 2 positions at a time in parallel
2025-11-15 16:57:31-0500: Started, ready to begin handling requests
2025-11-15 17:02:26-0500: Error: {"error":"Illegal move 157: H11","field":"moves","id":"query_32"}
2025-11-15 17:02:26-0500: Error: {"error":"Illegal move 157: H11","field":"moves","id":"query_33"}
2025-11-15 17:02:26-0500: Error: {"error":"Illegal move 157: H11","field":"moves","id":"query_34"}
2025-11-15 17:02:26-0500: Error: {"error":"Illegal move 157: H11","field":"moves","id":"query_35"}
2025-11-15 17:02:26-0500: Error: {"error":"Illegal move 157: H11","field":"moves","id":"query_36"}
2025-11-15 17:02:26-0500: Error: {"error":"Illegal move 157: H11","field":"moves","id":"query_37"}
2025-11-15 17:02:26-0500: Error: {"error":"Illegal move 157: H11","field":"moves","id":"query_38"}
2025-11-15 17:02:26-0500: Error: {"error":"Illegal move 157: H11","field":"moves","id":"query_39"}
2025-11-15 17:02:26-0500: Error: {"error":"Illegal move 157: H11","field":"moves","id":"query_40"}
2025-11-15 17:02:26-0500: Error: {"error":"Illegal move 157: H11","field":"moves","id":"query_41"}
2025-11-15 17:02:26-0500: Error: {"error":"Illegal move 157: H11","field":"moves","id":"query_42"}
2025-11-15 17:02:26-0500: Error: {"error":"Illegal move 157: H11","field":"moves","id":"query_43"}
2025-11-15 17:02:26-0500: Error: {"error":"Illegal move 157: H11","field":"moves","id":"query_44"}
2025-11-15 17:02:26-0500: Error: {"error":"Illegal move 157: H11","field":"moves","id":"query_45"}
2025-11-15 17:02:26-0500: Error: {"error":"Illegal move 157: H11","field":"moves","id":"query_46"}
2025-11-15 17:02:26-0500: Error: {"error":"Illegal move 157: H11","field":"moves","id":"query_47"}
2025-11-15 17:02:26-0500: Error: {"error":"Illegal move 157: H11","field":"moves","id":"query_48"}
2025-11-15 17:02:26-0500: Error: {"error":"Illegal move 157: H11","field":"moves","id":"query_49"}
2025-11-15 17:02:26-0500: Error: {"error":"Illegal move 157: H11","field":"moves","id":"query_50"}
2025-11-15 17:02:26-0500: Error: {"error":"Illegal move 157: H11","field":"moves","id":"query_51"}
2025-11-15 17:02:26-0500: Error: {"error":"Illegal move 157: H11","field":"moves","id":"query_52"}
2025-11-15 17:02:26-0500: Error: {"error":"Illegal move 157: H11","field":"moves","id":"query_53"}
2025-11-15 17:02:26-0500: Error: {"error":"Illegal move 157: H11","field":"moves","id":"query_54"}
2025-11-15 17:02:26-0500: Error: {"error":"Illegal move 157: H11","field":"moves","id":"query_55"}
2025-11-15 17:02:26-0500: Error: {"error":"Illegal move 157: H11","field":"moves","id":"query_56"}
2025-11-15 17:02:26-0500: Error: {"error":"Illegal move 157: H11","field":"moves","id":"query_57"}
2025-11-15 17:02:26-0500: Error: {"error":"Illegal move 157: H11","field":"moves","id":"query_58"}
2025-11-15 17:02:26-0500: Error: {"error":"Illegal move 157: H11","field":"moves","id":"query_59"}
2025-11-15 17:02:26-0500: Error: {"error":"Illegal move 157: H11","field":"moves","id":"query_60"}
2025-11-15 17:02:26-0500: Error: {"error":"Illegal move 157: H11","field":"moves","id":"query_61"}
2025-11-15 17:02:27-0500: Error: {"error":"Illegal move 157: H11","field":"moves","id":"query_62"}
2025-11-15 17:02:27-0500: Error: {"error":"Illegal move 157: H11","field":"moves","id":"query_63"}
2025-11-15 17:02:27-0500: Error: {"error":"Illegal move 157: H11","field":"moves","id":"query_64"}
2025-11-15 17:02:27-0500: Error: {"error":"Illegal move 157: H11","field":"moves","id":"query_65"}
2025-11-15 17:02:27-0500: Error: {"error":"Illegal move 157: H11","field":"moves","id":"query_66"}
2025-11-15 17:02:27-0500: Error: {"error":"Illegal move 157: H11","field":"moves","id":"query_67"}
2025-11-15 17:08:24-0500: Error: {"error":"Illegal move 187: J1","field":"moves","id":"query_108"}
2025-11-15 17:08:24-0500: Error: {"error":"Illegal move 187: J1","field":"moves","id":"query_109"}
2025-11-15 17:08:24-0500: Error: {"error":"Illegal move 187: J1","field":"moves","id":"query_110"}
2025-11-15 17:08:24-0500: Error: {"error":"Illegal move 187: J1","field":"moves","id":"query_111"}
2025-11-15 17:08:24-0500: Error: {"error":"Illegal move 187: J1","field":"moves","id":"query_112"}
2025-11-15 17:08:24-0500: Error: {"error":"Illegal move 187: J1","field":"moves","id":"query_113"}
2025-11-15 17:08:24-0500: Error: {"error":"Illegal move 187: J1","field":"moves","id":"query_114"}
2025-11-15 17:08:24-0500: Error: {"error":"Illegal move 187: J1","field":"moves","id":"query_115"}
2025-11-15 17:08:24-0500: Error: {"error":"Illegal move 187: J1","field":"moves","id":"query_116"}
2025-11-15 17:08:24-0500: Error: {"error":"Illegal move 187: J1","field":"moves","id":"query_117"}
2025-11-15 17:08:24-0500: Error: {"error":"Illegal move 187: J1","field":"moves","id":"query_118"}
2025-11-15 17:08:24-0500: Error: {"error":"Illegal move 187: J1","field":"moves","id":"query_119"}
2025-11-15 17:08:24-0500: Error: {"error":"Illegal move 187: J1","field":"moves","id":"query_120"}
2025-11-15 17:08:24-0500: Error: {"error":"Illegal move 187: J1","field":"moves","id":"query_121"}
2025-11-15 17:08:24-0500: Error: {"error":"Illegal move 187: J1","field":"moves","id":"query_122"}
2025-11-15 17:08:24-0500: Error: {"error":"Illegal move 187: J1","field":"moves","id":"query_123"}
2025-11-15 17:08:24-0500: Error: {"error":"Illegal move 187: J1","field":"moves","id":"query_124"}
2025-11-15 17:08:24-0500: Error: {"error":"Illegal move 187: J1","field":"moves","id":"query_125"}
2025-11-15 17:08:24-0500: Error: {"error":"Illegal move 187: J1","field":"moves","id":"query_126"}
2025-11-15 17:08:24-0500: Error: {"error":"Illegal move 187: J1","field":"moves","id":"query_127"}
2025-11-15 17:08:24-0500: Error: {"error":"Illegal move 187: J1","field":"moves","id":"query_128"}
2025-11-15 17:08:24-0500: Error: {"error":"Illegal move 187: J1","field":"moves","id":"query_129"}
2025-11-15 17:08:24-0500: Error: {"error":"Illegal move 187: J1","field":"moves","id":"query_130"}
2025-11-15 17:08:24-0500: Error: {"error":"Illegal move 187: J1","field":"moves","id":"query_131"}
2025-11-15 17:08:24-0500: Error: {"error":"Illegal move 187: J1","field":"moves","id":"query_132"}
2025-11-15 17:08:24-0500: Error: {"error":"Illegal move 187: J1","field":"moves","id":"query_133"}
2025-11-15 17:08:24-0500: Error: {"error":"Illegal move 187: J1","field":"moves","id":"query_134"}
2025-11-15 17:08:24-0500: Error: {"error":"Illegal move 187: J1","field":"moves","id":"query_135"}
2025-11-15 17:08:24-0500: Error: {"error":"Illegal move 187: J1","field":"moves","id":"query_136"}
2025-11-15 17:08:24-0500: Error: {"error":"Illegal move 187: J1","field":"moves","id":"query_137"}
2025-11-15 17:08:24-0500: Error: {"error":"Illegal move 187: J1","field":"moves","id":"query_138"}
2025-11-15 17:08:24-0500: Error: {"error":"Illegal move 187: J1","field":"moves","id":"query_139"}
2025-11-15 17:08:24-0500: Error: {"error":"Illegal move 187: J1","field":"moves","id":"query_140"}
2025-11-15 17:08:24-0500: Error: {"error":"Illegal move 187: J1","field":"moves","id":"query_141"}
2025-11-15 17:15:33-0500: Error: {"error":"Illegal move 205: E6","field":"moves","id":"query_184"}
2025-11-15 17:15:33-0500: Error: {"error":"Illegal move 205: E6","field":"moves","id":"query_185"}
2025-11-15 17:15:33-0500: Error: {"error":"Illegal move 205: E6","field":"moves","id":"query_186"}
2025-11-15 17:15:33-0500: Error: {"error":"Illegal move 205: E6","field":"moves","id":"query_187"}
2025-11-15 17:15:33-0500: Error: {"error":"Illegal move 205: E6","field":"moves","id":"query_188"}
2025-11-15 17:15:33-0500: Error: {"error":"Illegal move 205: E6","field":"moves","id":"query_189"}
2025-11-15 17:15:33-0500: Error: {"error":"Illegal move 205: E6","field":"moves","id":"query_190"}
2025-11-15 17:15:33-0500: Error: {"error":"Illegal move 205: E6","field":"moves","id":"query_191"}
2025-11-15 17:15:33-0500: Error: {"error":"Illegal move 205: E6","field":"moves","id":"query_192"}
2025-11-15 17:15:33-0500: Error: {"error":"Illegal move 205: E6","field":"moves","id":"query_193"}
2025-11-15 17:15:33-0500: Error: {"error":"Illegal move 205: E6","field":"moves","id":"query_194"}
2025-11-15 17:15:33-0500: Error: {"error":"Illegal move 205: E6","field":"moves","id":"query_195"}
2025-11-15 17:15:33-0500: Error: {"error":"Illegal move 205: E6","field":"moves","id":"query_196"}
2025-11-15 17:15:33-0500: Error: {"error":"Illegal move 205: E6","field":"moves","id":"query_197"}
2025-11-15 17:15:33-0500: Error: {"error":"Illegal move 205: E6","field":"moves","id":"query_198"}
2025-11-15 17:15:33-0500: Error: {"error":"Illegal move 205: E6","field":"moves","id":"query_199"}
2025-11-15 17:15:33-0500: Error: {"error":"Illegal move 205: E6","field":"moves","id":"query_200"}
2025-11-15 17:15:33-0500: Error: {"error":"Illegal move 205: E6","field":"moves","id":"query_201"}
2025-11-15 17:15:33-0500: Error: {"error":"Illegal move 205: E6","field":"moves","id":"query_202"}
2025-11-15 17:15:33-0500: Error: {"error":"Illegal move 205: E6","field":"moves","id":"query_203"}
2025-11-15 17:15:33-0500: Error: {"error":"Illegal move 205: E6","field":"moves","id":"query_204"}
2025-11-15 17:15:33-0500: Error: {"error":"Illegal move 205: E6","field":"moves","id":"query_205"}
2025-11-15 17:15:33-0500: Error: {"error":"Illegal move 205: E6","field":"moves","id":"query_206"}
2025-11-15 17:15:33-0500: Error: {"error":"Illegal move 205: E6","field":"moves","id":"query_207"}
2025-11-15 17:15:33-0500: Error: {"error":"Illegal move 205: E6","field":"moves","id":"query_208"}
2025-11-15 17:15:33-0500: Error: {"error":"Illegal move 205: E6","field":"moves","id":"query_209"}
2025-11-15 17:15:33-0500: Error: {"error":"Illegal move 205: E6","field":"moves","id":"query_210"}
2025-11-15 17:15:33-0500: Error: {"error":"Illegal move 205: E6","field":"moves","id":"query_211"}
2025-11-15 17:15:33-0500: Error: {"error":"Illegal move 205: E6","field":"moves","id":"query_212"}
2025-11-15 17:15:33-0500: Error: {"error":"Illegal move 205: E6","field":"moves","id":"query_213"}
2025-11-15 17:15:33-0500: Error: {"error":"Illegal move 205: E6","field":"moves","id":"query_214"}
2025-11-15 17:19:50-0500: Error: {"error":"Illegal move 162: M2","field":"moves","id":"query_248"}
2025-11-15 17:19:50-0500: Error: {"error":"Illegal move 162: M2","field":"moves","id":"query_249"}
2025-11-15 17:19:50-0500: Error: {"error":"Illegal move 162: M2","field":"moves","id":"query_250"}
2025-11-15 17:19:50-0500: Error: {"error":"Illegal move 162: M2","field":"moves","id":"query_251"}
2025-11-15 17:19:50-0500: Error: {"error":"Illegal move 162: M2","field":"moves","id":"query_252"}
2025-11-15 17:19:50-0500: Error: {"error":"Illegal move 162: M2","field":"moves","id":"query_253"}
2025-11-15 17:19:50-0500: Error: {"error":"Illegal move 162: M2","field":"moves","id":"query_254"}
2025-11-15 17:19:50-0500: Error: {"error":"Illegal move 162: M2","field":"moves","id":"query_255"}
2025-11-15 17:19:50-0500: Error: {"error":"Illegal move 162: M2","field":"moves","id":"query_256"}
2025-11-15 17:19:50-0500: Error: {"error":"Illegal move 162: M2","field":"moves","id":"query_257"}
2025-11-15 17:19:50-0500: Error: {"error":"Illegal move 162: M2","field":"moves","id":"query_258"}
2025-11-15 17:19:50-0500: Error: {"error":"Illegal move 162: M2","field":"moves","id":"query_259"}
2025-11-15 17:19:50-0500: Error: {"error":"Illegal move 162: M2","field":"moves","id":"query_260"}
2025-11-15 17:19:50-0500: Error: {"error":"Illegal move 162: M2","field":"moves","id":"query_261"}
2025-11-15 17:19:50-0500: Error: {"error":"Illegal move 162: M2","field":"moves","id":"query_262"}
2025-11-15 17:19:50-0500: Error: {"error":"Illegal move 162: M2","field":"moves","id":"query_263"}
2025-11-15 17:19:50-0500: Error: {"error":"Illegal move 162: M2","field":"moves","id":"query_264"}
2025-11-15 17:19:50-0500: Error: {"error":"Illegal move 162: M2","field":"moves","id":"query_265"}
2025-11-15 17:19:50-0500: Error: {"error":"Illegal move 162: M2","field":"moves","id":"query_266"}
2025-11-15 17:19:50-0500: Error: {"error":"Illegal move 162: M2","field":"moves","id":"query_267"}
2025-11-15 17:19:50-0500: Error: {"error":"Illegal move 162: M2","field":"moves","id":"query_268"}
2025-11-15 17:19:50-0500: Error: {"error":"Illegal move 162: M2","field":"moves","id":"query_269"}
2025-11-15 17:19:50-0500: Error: {"error":"Illegal move 162: M2","field":"moves","id":"query_270"}
2025-11-15 17:19:50-0500: Error: {"error":"Illegal move 162: M2","field":"moves","id":"query_271"}
2025-11-15 17:19:50-0500: Error: {"error":"Illegal move 162: M2","field":"moves","id":"query_272"}
2025-11-15 17:19:50-0500: Error: {"error":"Illegal move 162: M2","field":"moves","id":"query_273"}
2025-11-15 17:19:50-0500: Error: {"error":"Illegal move 162: M2","field":"moves","id":"query_274"}
2025-11-15 17:19:50-0500: Error: {"error":"Illegal move 162: M2","field":"moves","id":"query_275"}
2025-11-15 17:19:50-0500: Error: {"error":"Illegal move 162: M2","field":"moves","id":"query_276"}
2025-11-15 17:19:50-0500: Error: {"error":"Illegal move 162: M2","field":"moves","id":"query_277"}
2025-11-15 17:19:50-0500: Error: {"error":"Illegal move 162: M2","field":"moves","id":"query_278"}
2025-11-15 17:19:50-0500: Error: {"error":"Illegal move 162: M2","field":"moves","id":"query_279"}
2025-11-15 17:19:50-0500: Error: {"error":"Illegal move 162: M2","field":"moves","id":"query_280"}
2025-11-15 17:19:50-0500: Error: {"error":"Illegal move 162: M2","field":"moves","id":"query_281"}
2025-11-15 17:19:50-0500: Error: {"error":"Illegal move 162: M2","field":"moves","id":"query_282"}
2025-11-15 17:32:43-0500: Error: {"error":"Illegal move 233: D9","field":"moves","id":"query_373"}
2025-11-15 17:32:43-0500: Error: {"error":"Illegal move 233: D9","field":"moves","id":"query_374"}
2025-11-15 17:32:43-0500: Error: {"error":"Illegal move 233: D9","field":"moves","id":"query_375"}
2025-11-15 17:32:43-0500: Error: {"error":"Illegal move 233: D9","field":"moves","id":"query_376"}
2025-11-15 17:32:43-0500: Error: {"error":"Illegal move 233: D9","field":"moves","id":"query_377"}
2025-11-15 17:32:43-0500: Error: {"error":"Illegal move 233: D9","field":"moves","id":"query_378"}
2025-11-15 17:32:43-0500: Error: {"error":"Illegal move 233: D9","field":"moves","id":"query_379"}
2025-11-15 17:32:43-0500: Error: {"error":"Illegal move 233: D9","field":"moves","id":"query_380"}
2025-11-15 17:32:43-0500: Error: {"error":"Illegal move 233: D9","field":"moves","id":"query_381"}
2025-11-15 17:32:43-0500: Error: {"error":"Illegal move 233: D9","field":"moves","id":"query_382"}
2025-11-15 17:32:43-0500: Error: {"error":"Illegal move 233: D9","field":"moves","id":"query_383"}
2025-11-15 17:32:43-0500: Error: {"error":"Illegal move 233: D9","field":"moves","id":"query_384"}
2025-11-15 17:32:43-0500: Error: {"error":"Illegal move 233: D9","field":"moves","id":"query_385"}
2025-11-15 17:32:43-0500: Error: {"error":"Illegal move 233: D9","field":"moves","id":"query_386"}
2025-11-15 17:32:43-0500: Error: {"error":"Illegal move 233: D9","field":"moves","id":"query_387"}
2025-11-15 17:32:43-0500: Error: {"error":"Illegal move 233: D9","field":"moves","id":"query_388"}
2025-11-15 17:32:43-0500: Error: {"error":"Illegal move 233: D9","field":"moves","id":"query_389"}
2025-11-15 17:32:43-0500: Error: {"error":"Illegal move 233: D9","field":"moves","id":"query_390"}
2025-11-15 17:32:43-0500: Error: {"error":"Illegal move 233: D9","field":"moves","id":"query_391"}
2025-11-15 17:32:43-0500: Error: {"error":"Illegal move 233: D9","field":"moves","id":"query_392"}
2025-11-15 17:32:43-0500: Error: {"error":"Illegal move 233: D9","field":"moves","id":"query_393"}
2025-11-15 17:32:43-0500: Error: {"error":"Illegal move 233: D9","field":"moves","id":"query_394"}
2025-11-15 17:32:43-0500: Error: {"error":"Illegal move 233: D9","field":"moves","id":"query_395"}
2025-11-15 17:32:43-0500: Error: {"error":"Illegal move 233: D9","field":"moves","id":"query_396"}
2025-11-15 17:32:43-0500: Error: {"error":"Illegal move 233: D9","field":"moves","id":"query_397"}
2025-11-15 17:32:43-0500: Error: {"error":"Illegal move 233: D9","field":"moves","id":"query_398"}
2025-11-15 17:32:43-0500: Error: {"error":"Illegal move 233: D9","field":"moves","id":"query_399"}
2025-11-15 17:32:43-0500: Error: {"error":"Illegal move 233: D9","field":"moves","id":"query_400"}
2025-11-15 17:32:43-0500: Error: {"error":"Illegal move 233: D9","field":"moves","id":"query_401"}
2025-11-15 17:32:43-0500: Error: {"error":"Illegal move 233: D9","field":"moves","id":"query_402"}
2025-11-15 17:32:43-0500: Error: {"error":"Illegal move 233: D9","field":"moves","id":"query_403"}
2025-11-15 17:32:43-0500: Error: {"error":"Illegal move 233: D9","field":"moves","id":"query_404"}
2025-11-15 17:32:43-0500: Error: {"error":"Illegal move 233: D9","field":"moves","id":"query_405"}
2025-11-15 17:32:43-0500: Error: {"error":"Illegal move 233: D9","field":"moves","id":"query_406"}
2025-11-15 17:32:43-0500: Error: {"error":"Illegal move 233: D9","field":"moves","id":"query_407"}
2025-11-15 17:32:43-0500: Error: {"error":"Illegal move 233: D9","field":"moves","id":"query_408"}
2025-11-15 17:32:43-0500: Error: {"error":"Illegal move 233: D9","field":"moves","id":"query_409"}
2025-11-15 17:32:43-0500: Error: {"error":"Illegal move 233: D9","field":"moves","id":"query_410"}
2025-11-15 17:32:43-0500: Error: {"error":"Illegal move 233: D9","field":"moves","id":"query_411"}
2025-11-15 17:32:43-0500: Error: {"error":"Illegal move 233: D9","field":"moves","id":"query_412"}
2025-11-15 17:33:05-0500: Error: {"error":"Could not parse board location: O18","field":"moves","id":"query_415"}
2025-11-15 17:33:05-0500: Error: {"error":"Could not parse board location: O18","field":"moves","id":"query_416"}
2025-11-15 17:33:05-0500: Error: {"error":"Could not parse board location: O18","field":"moves","id":"query_417"}
2025-11-15 17:33:05-0500: Error: {"error":"Could not parse board location: O18","field":"moves","id":"query_418"}
2025-11-15 17:33:05-0500: Error: {"error":"Could not parse board location: O18","field":"moves","id":"query_419"}
2025-11-15 17:33:05-0500: Error: {"error":"Could not parse board location: O18","field":"moves","id":"query_420"}
2025-11-15 17:33:05-0500: Error: {"error":"Could not parse board location: O18","field":"moves","id":"query_421"}
2025-11-15 17:33:05-0500: Error: {"error":"Could not parse board location: O18","field":"moves","id":"query_422"}
2025-11-15 17:33:05-0500: Error: {"error":"Could not parse board location: O18","field":"moves","id":"query_423"}
2025-11-15 17:33:05-0500: Error: {"error":"Could not parse board location: O18","field":"moves","id":"query_424"}
2025-11-15 17:33:05-0500: Error: {"error":"Could not parse board location: O18","field":"moves","id":"query_425"}
2025-11-15 17:33:05-0500: Error: {"error":"Could not parse board location: O18","field":"moves","id":"query_426"}
2025-11-15 17:33:05-0500: Error: {"error":"Could not parse board location: O18","field":"moves","id":"query_427"}
2025-11-15 17:33:05-0500: Error: {"error":"Could not parse board location: O18","field":"moves","id":"query_428"}
2025-11-15 17:33:05-0500: Error: {"error":"Could not parse board location: O18","field":"moves","id":"query_429"}
2025-11-15 17:33:05-0500: Error: {"error":"Could not parse board location: O18","field":"moves","id":"query_430"}
2025-11-15 17:33:05-0500: Error: {"error":"Could not parse board location: O18","field":"moves","id":"query_431"}
2025-11-15 17:33:05-0500: Error: {"error":"Could not parse board location: O18","field":"moves","id":"query_432"}
2025-11-15 17:33:05-0500: Error: {"error":"Could not parse board location: O18","field":"moves","id":"query_433"}
2025-11-15 17:33:05-0500: Error: {"error":"Could not parse board location: O18","field":"moves","id":"query_434"}
2025-11-15 17:33:05-0500: Error: {"error":"Could not parse board location: O18","field":"moves","id":"query_435"}
2025-11-15 17:33:05-0500: Error: {"error":"Could not parse board location: O18","field":"moves","id":"query_436"}
2025-11-15 17:33:05-0500: Error: {"error":"Could not parse board location: O18","field":"moves","id":"query_437"}
2025-11-15 17:33:05-0500: Error: {"error":"Could not parse board location: O18","field":"moves","id":"query_438"}
2025-11-15 17:33:05-0500: Error: {"error":"Could not parse board location: O18","field":"moves","id":"query_439"}
2025-11-15 17:36:05-0500: Error: {"error":"Illegal move 84: C2","field":"moves","id":"query_458"}
2025-11-15 17:36:05-0500: Error: {"error":"Illegal move 84: C2","field":"moves","id":"query_459"}
2025-11-15 17:36:05-0500: Error: {"error":"Illegal move 84: C2","field":"moves","id":"query_460"}
2025-11-15 17:36:05-0500: Error: {"error":"Illegal move 84: C2","field":"moves","id":"query_461"}
2025-11-15 17:36:05-0500: Error: {"error":"Illegal move 84: C2","field":"moves","id":"query_462"}
2025-11-15 17:36:05-0500: Error: {"error":"Illegal move 84: C2","field":"moves","id":"query_463"}
2025-11-15 17:36:05-0500: Error: {"error":"Illegal move 84: C2","field":"moves","id":"query_464"}
2025-11-15 17:36:05-0500: Error: {"error":"Illegal move 84: C2","field":"moves","id":"query_465"}
2025-11-15 17:36:05-0500: Error: {"error":"Illegal move 84: C2","field":"moves","id":"query_466"}
2025-11-15 17:36:05-0500: Error: {"error":"Illegal move 84: C2","field":"moves","id":"query_467"}
2025-11-15 17:36:05-0500: Error: {"error":"Illegal move 84: C2","field":"moves","id":"query_468"}
2025-11-15 17:36:05-0500: Error: {"error":"Illegal move 84: C2","field":"moves","id":"query_469"}
2025-11-15 17:36:05-0500: Error: {"error":"Illegal move 84: C2","field":"moves","id":"query_470"}
2025-11-15 17:36:05-0500: Error: {"error":"Illegal move 84: C2","field":"moves","id":"query_471"}
2025-11-15 17:36:05-0500: Error: {"error":"Illegal move 84: C2","field":"moves","id":"query_472"}
2025-11-15 17:36:05-0500: Error: {"error":"Illegal move 84: C2","field":"moves","id":"query_473"}
2025-11-15 17:36:05-0500: Error: {"error":"Illegal move 84: C2","field":"moves","id":"query_474"}
2025-11-15 17:36:05-0500: Error: {"error":"Illegal move 84: C2","field":"moves","id":"query_475"}
2025-11-15 17:36:05-0500: Error: {"error":"Illegal move 84: C2","field":"moves","id":"query_476"}
2025-11-15 17:36:05-0500: Error: {"error":"Illegal move 84: C2","field":"moves","id":"query_477"}
2025-11-15 17:36:05-0500: Error: {"error":"Illegal move 84: C2","field":"moves","id":"query_478"}
2025-11-15 17:41:35-0500: Error: {"error":"Illegal move 211: D6","field":"moves","id":"query_522"}
2025-11-15 17:41:35-0500: Error: {"error":"Illegal move 211: D6","field":"moves","id":"query_523"}
2025-11-15 17:41:35-0500: Error: {"error":"Illegal move 211: D6","field":"moves","id":"query_524"}
2025-11-15 17:41:35-0500: Error: {"error":"Illegal move 211: D6","field":"moves","id":"query_525"}
2025-11-15 17:41:35-0500: Error: {"error":"Illegal move 211: D6","field":"moves","id":"query_526"}
2025-11-15 17:41:35-0500: Error: {"error":"Illegal move 211: D6","field":"moves","id":"query_527"}
2025-11-15 17:41:35-0500: Error: {"error":"Illegal move 211: D6","field":"moves","id":"query_528"}
2025-11-15 17:41:35-0500: Error: {"error":"Illegal move 211: D6","field":"moves","id":"query_529"}
2025-11-15 17:41:35-0500: Error: {"error":"Illegal move 211: D6","field":"moves","id":"query_530"}
2025-11-15 17:41:35-0500: Error: {"error":"Illegal move 211: D6","field":"moves","id":"query_531"}
2025-11-15 17:41:35-0500: Error: {"error":"Illegal move 211: D6","field":"moves","id":"query_532"}
2025-11-15 17:41:35-0500: Error: {"error":"Illegal move 211: D6","field":"moves","id":"query_533"}
2025-11-15 17:41:35-0500: Error: {"error":"Illegal move 211: D6","field":"moves","id":"query_534"}
2025-11-15 17:41:35-0500: Error: {"error":"Illegal move 211: D6","field":"moves","id":"query_535"}
2025-11-15 17:41:35-0500: Error: {"error":"Illegal move 211: D6","field":"moves","id":"query_536"}
2025-11-15 17:41:35-0500: Error: {"error":"Illegal move 211: D6","field":"moves","id":"query_537"}
2025-11-15 17:41:35-0500: Error: {"error":"Illegal move 211: D6","field":"moves","id":"query_538"}
2025-11-15 17:41:35-0500: Error: {"error":"Illegal move 211: D6","field":"moves","id":"query_539"}
2025-11-15 17:41:35-0500: Error: {"error":"Illegal move 211: D6","field":"moves","id":"query_540"}
2025-11-15 17:41:35-0500: Error: {"error":"Illegal move 211: D6","field":"moves","id":"query_541"}
2025-11-15 17:41:35-0500: Error: {"error":"Illegal move 211: D6","field":"moves","id":"query_542"}
2025-11-15 17:41:35-0500: Error: {"error":"Illegal move 211: D6","field":"moves","id":"query_543"}
2025-11-15 17:41:35-0500: Error: {"error":"Illegal move 211: D6","field":"moves","id":"query_544"}
2025-11-15 17:41:35-0500: Error: {"error":"Illegal move 211: D6","field":"moves","id":"query_545"}
2025-11-15 17:41:35-0500: Error: {"error":"Illegal move 211: D6","field":"moves","id":"query_546"}
2025-11-15 17:41:35-0500: Error: {"error":"Illegal move 211: D6","field":"moves","id":"query_547"}
2025-11-15 17:41:35-0500: Error: {"error":"Illegal move 211: D6","field":"moves","id":"query_548"}
2025-11-15 17:41:35-0500: Error: {"error":"Illegal move 211: D6","field":"moves","id":"query_549"}
2025-11-15 17:41:35-0500: Error: {"error":"Illegal move 211: D6","field":"moves","id":"query_550"}
2025-11-15 17:41:35-0500: Error: {"error":"Illegal move 211: D6","field":"moves","id":"query_551"}
2025-11-15 17:41:35-0500: Error: {"error":"Illegal move 211: D6","field":"moves","id":"query_552"}
2025-11-15 17:41:35-0500: Error: {"error":"Illegal move 211: D6","field":"moves","id":"query_553"}
2025-11-15 17:41:35-0500: Error: {"error":"Illegal move 211: D6","field":"moves","id":"query_554"}
2025-11-15 17:41:35-0500: Error: {"error":"Illegal move 211: D6","field":"moves","id":"query_555"}
2025-11-15 17:41:35-0500: Error: {"error":"Illegal move 211: D6","field":"moves","id":"query_556"}
2025-11-15 17:41:35-0500: Error: {"error":"Illegal move 211: D6","field":"moves","id":"query_557"}
2025-11-15 17:41:35-0500: Error: {"error":"Illegal move 211: D6","field":"moves","id":"query_558"}
2025-11-15 17:41:35-0500: Error: {"error":"Illegal move 211: D6","field":"moves","id":"query_559"}
2025-11-15 17:41:35-0500: Error: {"error":"Illegal move 211: D6","field":"moves","id":"query_560"}
2025-11-15 17:41:35-0500: Error: {"error":"Illegal move 211: D6","field":"moves","id":"query_561"}
2025-11-15 17:41:35-0500: Error: {"error":"Illegal move 211: D6","field":"moves","id":"query_562"}
2025-11-15 17:41:35-0500: Error: {"error":"Illegal move 211: D6","field":"moves","id":"query_563"}
2025-11-15 17:41:35-0500: Error: {"error":"Illegal move 211: D6","field":"moves","id":"query_564"}
2025-11-15 17:41:35-0500: Error: {"error":"Illegal move 211: D6","field":"moves","id":"query_565"}
2025-11-15 17:41:35-0500: Error: {"error":"Illegal move 211: D6","field":"moves","id":"query_566"}
2025-11-15 17:41:35-0500: Error: {"error":"Illegal move 211: D6","field":"moves","id":"query_567"}
2025-11-15 17:44:56-0500: Error: {"error":"Illegal move 96: A13","field":"moves","id":"query_589"}
2025-11-15 17:44:56-0500: Error: {"error":"Illegal move 96: A13","field":"moves","id":"query_590"}
2025-11-15 17:44:56-0500: Error: {"error":"Illegal move 96: A13","field":"moves","id":"query_591"}
2025-11-15 17:44:56-0500: Error: {"error":"Illegal move 96: A13","field":"moves","id":"query_592"}
2025-11-15 17:44:56-0500: Error: {"error":"Illegal move 96: A13","field":"moves","id":"query_593"}
2025-11-15 17:44:56-0500: Error: {"error":"Illegal move 96: A13","field":"moves","id":"query_594"}
2025-11-15 17:44:56-0500: Error: {"error":"Illegal move 96: A13","field":"moves","id":"query_595"}
2025-11-15 17:44:56-0500: Error: {"error":"Illegal move 96: A13","field":"moves","id":"query_596"}
2025-11-15 17:44:56-0500: Error: {"error":"Illegal move 96: A13","field":"moves","id":"query_597"}
2025-11-15 17:44:56-0500: Error: {"error":"Illegal move 96: A13","field":"moves","id":"query_598"}
2025-11-15 17:44:56-0500: Error: {"error":"Illegal move 96: A13","field":"moves","id":"query_599"}
2025-11-15 17:44:56-0500: Error: {"error":"Illegal move 96: A13","field":"moves","id":"query_600"}
2025-11-15 17:44:56-0500: Error: {"error":"Illegal move 96: A13","field":"moves","id":"query_601"}
2025-11-15 17:44:56-0500: Error: {"error":"Illegal move 96: A13","field":"moves","id":"query_602"}
2025-11-15 17:44:56-0500: Error: {"error":"Illegal move 96: A13","field":"moves","id":"query_603"}
2025-11-15 17:44:56-0500: Error: {"error":"Illegal move 96: A13","field":"moves","id":"query_604"}
2025-11-15 17:44:56-0500: Error: {"error":"Illegal move 96: A13","field":"moves","id":"query_605"}
2025-11-15 17:44:56-0500: Error: {"error":"Illegal move 96: A13","field":"moves","id":"query_606"}
2025-11-15 17:44:56-0500: Error: {"error":"Illegal move 96: A13","field":"moves","id":"query_607"}
2025-11-15 17:44:56-0500: Error: {"error":"Illegal move 96: A13","field":"moves","id":"query_608"}
2025-11-15 17:44:56-0500: Error: {"error":"Illegal move 96: A13","field":"moves","id":"query_609"}
2025-11-15 17:44:56-0500: Error: {"error":"Illegal move 96: A13","field":"moves","id":"query_610"}
2025-11-15 17:44:56-0500: Error: {"error":"Illegal move 96: A13","field":"moves","id":"query_611"}
2025-11-15 17:44:56-0500: Error: {"error":"Illegal move 96: A13","field":"moves","id":"query_612"}
2025-11-15 17:44:56-0500: Error: {"error":"Illegal move 96: A13","field":"moves","id":"query_613"}
2025-11-15 17:44:56-0500: Error: {"error":"Illegal move 96: A13","field":"moves","id":"query_614"}
2025-11-15 17:44:56-0500: Error: {"error":"Illegal move 96: A13","field":"moves","id":"query_615"}
2025-11-15 17:44:56-0500: Error: {"error":"Illegal move 96: A13","field":"moves","id":"query_616"}
2025-11-15 17:44:56-0500: Error: {"error":"Illegal move 96: A13","field":"moves","id":"query_617"}
2025-11-15 17:44:56-0500: Error: {"error":"Illegal move 96: A13","field":"moves","id":"query_618"}
2025-11-15 17:44:56-0500: Error: {"error":"Illegal move 96: A13","field":"moves","id":"query_619"}
2025-11-15 17:44:56-0500: Error: {"error":"Illegal move 96: A13","field":"moves","id":"query_620"}
2025-11-15 17:44:56-0500: Error: {"error":"Illegal move 96: A13","field":"moves","id":"query_621"}
2025-11-15 17:44:56-0500: Error: {"error":"Illegal move 96: A13","field":"moves","id":"query_622"}
2025-11-15 17:44:56-0500: Error: {"error":"Illegal move 96: A13","field":"moves","id":"query_623"}
2025-11-15 17:44:56-0500: Error: {"error":"Illegal move 96: A13","field":"moves","id":"query_624"}
2025-11-15 17:44:56-0500: Error: {"error":"Illegal move 96: A13","field":"moves","id":"query_625"}
2025-11-15 17:44:56-0500: Error: {"error":"Illegal move 96: A13","field":"moves","id":"query_626"}
2025-11-15 17:44:56-0500: Error: {"error":"Illegal move 96: A13","field":"moves","id":"query_627"}
2025-11-15 17:44:56-0500: Error: {"error":"Illegal move 96: A13","field":"moves","id":"query_628"}
2025-11-15 17:44:56-0500: Error: {"error":"Illegal move 96: A13","field":"moves","id":"query_629"}
2025-11-15 17:44:56-0500: Error: {"error":"Illegal move 96: A13","field":"moves","id":"query_630"}
2025-11-15 17:44:56-0500: Error: {"error":"Illegal move 96: A13","field":"moves","id":"query_631"}
2025-11-15 17:44:56-0500: Error: {"error":"Illegal move 96: A13","field":"moves","id":"query_632"}
2025-11-15 17:44:56-0500: Error: {"error":"Illegal move 96: A13","field":"moves","id":"query_633"}
2025-11-15 17:44:56-0500: Error: {"error":"Illegal move 96: A13","field":"moves","id":"query_634"}
2025-11-15 17:44:56-0500: Error: {"error":"Illegal move 96: A13","field":"moves","id":"query_635"}
2025-11-15 17:44:56-0500: Error: {"error":"Illegal move 96: A13","field":"moves","id":"query_636"}
