2025-11-15 18:07:20-0500: Running with following config:
logDir = analysis_logs
maxVisits = 500
nnCacheSizePowerOfTwo = 23
nnMaxBatchSize = 64
nnMutexPoolSizePowerOfTwo = 17
nnRandomize = true
numAnalysisThreads = 2
numSearchThreads = 16
reportAnalysisWinratesAs = BLACK

2025-11-15 18:07:20-0500: Analysis Engine starting...
2025-11-15 18:07:20-0500: KataGo v1.16.4
2025-11-15 18:07:20-0500: nnRandSeed0 = 10507267153134027751
2025-11-15 18:07:20-0500: After dedups: nnModelFile0 = ../../katago_repo/run/kata1-b28c512nbt-s11653980416-d5514111622.bin.gz useFP16 auto useNHWC auto
2025-11-15 18:07:20-0500: Initializing neural net buffer to be size 19 * 19 allowing smaller boards
2025-11-15 18:07:23-0500: Found OpenCL Platform 0: NVIDIA CUDA (NVIDIA Corporation) (OpenCL 3.0 CUDA 12.8.98)
2025-11-15 18:07:23-0500: Found 1 device(s) on platform 0 with type CPU or GPU or Accelerator
2025-11-15 18:07:23-0500: Found OpenCL Device 0: NVIDIA RTX 6000 Ada Generation (NVIDIA Corporation) (score 11000300)
2025-11-15 18:07:23-0500: Creating context for OpenCL Platform: NVIDIA CUDA (NVIDIA Corporation) (OpenCL 3.0 CUDA 12.8.98)
2025-11-15 18:07:25-0500: Using OpenCL Device 0: NVIDIA RTX 6000 Ada Generation (NVIDIA Corporation) OpenCL 3.0 CUDA (Extensions: cl_khr_global_int32_base_atomics cl_khr_global_int32_extended_atomics cl_khr_local_int32_base_atomics cl_khr_local_int32_extended_atomics cl_khr_fp64 cl_khr_3d_image_writes cl_khr_byte_addressable_store cl_khr_icd cl_khr_gl_sharing cl_nv_compiler_options cl_nv_device_attribute_query cl_nv_pragma_unroll cl_nv_copy_opts cl_khr_gl_event cl_nv_create_buffer cl_khr_int64_base_atomics cl_khr_int64_extended_atomics cl_nv_kernel_attribute cl_khr_device_uuid cl_khr_pci_bus_info cl_khr_external_semaphore cl_khr_external_memory cl_khr_external_semaphore_opaque_fd cl_khr_external_memory_opaque_fd cl_khr_semaphore)
2025-11-15 18:07:25-0500: Loaded tuning parameters from: /thayerfs/home/f004h1v/.katago/opencltuning/tune11_gpuNVIDIARTX6000AdaGeneration_x19_y19_c512_mv15.txt
2025-11-15 18:07:25-0500: OpenCL backend thread 0: Model version 15
2025-11-15 18:07:25-0500: OpenCL backend thread 0: Model name: kata1-b28c512nbt-s11653980416-d5514111622
2025-11-15 18:07:28-0500: OpenCL backend thread 0: FP16Storage true FP16Compute false FP16TensorCores true FP16TensorCoresFor1x1 false
2025-11-15 18:07:28-0500: Loaded config ../../katago_repo/run/analysis.cfg
2025-11-15 18:07:28-0500: Loaded model ../../katago_repo/run/kata1-b28c512nbt-s11653980416-d5514111622.bin.gz
2025-11-15 18:07:28-0500: Analyzing up to 2 positions at a time in parallel
2025-11-15 18:07:28-0500: Started, ready to begin handling requests
2025-11-15 18:10:58-0500: Error: {"error":"Illegal move 281: E7","field":"moves","id":"query_57"}
2025-11-15 18:10:58-0500: Error: {"error":"Illegal move 281: E7","field":"moves","id":"query_58"}
2025-11-15 18:10:58-0500: Error: {"error":"Illegal move 281: E7","field":"moves","id":"query_59"}
2025-11-15 18:10:58-0500: Error: {"error":"Illegal move 281: E7","field":"moves","id":"query_60"}
2025-11-15 18:10:58-0500: Error: {"error":"Illegal move 281: E7","field":"moves","id":"query_61"}
2025-11-15 18:10:58-0500: Error: {"error":"Illegal move 281: E7","field":"moves","id":"query_62"}
2025-11-15 18:10:58-0500: Error: {"error":"Illegal move 281: E7","field":"moves","id":"query_63"}
2025-11-15 18:10:58-0500: Error: {"error":"Illegal move 281: E7","field":"moves","id":"query_64"}
2025-11-15 18:10:58-0500: Error: {"error":"Illegal move 281: E7","field":"moves","id":"query_65"}
2025-11-15 18:10:58-0500: Error: {"error":"Illegal move 281: E7","field":"moves","id":"query_66"}
2025-11-15 18:10:58-0500: Error: {"error":"Illegal move 281: E7","field":"moves","id":"query_67"}
2025-11-15 18:10:58-0500: Error: {"error":"Illegal move 281: E7","field":"moves","id":"query_68"}
2025-11-15 18:10:58-0500: Error: {"error":"Illegal move 281: E7","field":"moves","id":"query_69"}
2025-11-15 18:10:58-0500: Error: {"error":"Illegal move 281: E7","field":"moves","id":"query_70"}
2025-11-15 18:10:58-0500: Error: {"error":"Illegal move 281: E7","field":"moves","id":"query_71"}
2025-11-15 18:10:58-0500: Error: {"error":"Illegal move 281: E7","field":"moves","id":"query_72"}
2025-11-15 18:13:44-0500: Error: {"error":"Illegal move 231: O2","field":"moves","id":"query_120"}
2025-11-15 18:13:44-0500: Error: {"error":"Illegal move 231: O2","field":"moves","id":"query_121"}
2025-11-15 18:13:44-0500: Error: {"error":"Illegal move 231: O2","field":"moves","id":"query_122"}
2025-11-15 18:13:44-0500: Error: {"error":"Illegal move 231: O2","field":"moves","id":"query_123"}
2025-11-15 18:13:44-0500: Error: {"error":"Illegal move 231: O2","field":"moves","id":"query_124"}
2025-11-15 18:13:44-0500: Error: {"error":"Illegal move 231: O2","field":"moves","id":"query_125"}
2025-11-15 18:13:44-0500: Error: {"error":"Illegal move 231: O2","field":"moves","id":"query_126"}
2025-11-15 18:13:44-0500: Error: {"error":"Illegal move 231: O2","field":"moves","id":"query_127"}
2025-11-15 18:13:44-0500: Error: {"error":"Illegal move 231: O2","field":"moves","id":"query_128"}
2025-11-15 18:13:44-0500: Error: {"error":"Illegal move 231: O2","field":"moves","id":"query_129"}
2025-11-15 18:13:44-0500: Error: {"error":"Illegal move 231: O2","field":"moves","id":"query_130"}
2025-11-15 18:13:44-0500: Error: {"error":"Illegal move 231: O2","field":"moves","id":"query_131"}
2025-11-15 18:13:44-0500: Error: {"error":"Illegal move 231: O2","field":"moves","id":"query_132"}
2025-11-15 18:13:44-0500: Error: {"error":"Illegal move 231: O2","field":"moves","id":"query_133"}
2025-11-15 18:13:44-0500: Error: {"error":"Illegal move 231: O2","field":"moves","id":"query_134"}
2025-11-15 18:13:44-0500: Error: {"error":"Illegal move 231: O2","field":"moves","id":"query_135"}
2025-11-15 18:13:44-0500: Error: {"error":"Illegal move 231: O2","field":"moves","id":"query_136"}
2025-11-15 18:13:44-0500: Error: {"error":"Illegal move 231: O2","field":"moves","id":"query_137"}
2025-11-15 18:13:44-0500: Error: {"error":"Illegal move 231: O2","field":"moves","id":"query_138"}
2025-11-15 18:13:44-0500: Error: {"error":"Illegal move 231: O2","field":"moves","id":"query_139"}
2025-11-15 18:13:44-0500: Error: {"error":"Illegal move 231: O2","field":"moves","id":"query_140"}
2025-11-15 18:13:44-0500: Error: {"error":"Illegal move 231: O2","field":"moves","id":"query_141"}
2025-11-15 18:13:44-0500: Error: {"error":"Illegal move 231: O2","field":"moves","id":"query_142"}
2025-11-15 18:13:44-0500: Error: {"error":"Illegal move 231: O2","field":"moves","id":"query_143"}
2025-11-15 18:13:44-0500: Error: {"error":"Illegal move 231: O2","field":"moves","id":"query_144"}
2025-11-15 18:13:44-0500: Error: {"error":"Illegal move 231: O2","field":"moves","id":"query_145"}
2025-11-15 18:13:44-0500: Error: {"error":"Illegal move 231: O2","field":"moves","id":"query_146"}
2025-11-15 18:13:44-0500: Error: {"error":"Illegal move 231: O2","field":"moves","id":"query_147"}
2025-11-15 18:13:44-0500: Error: {"error":"Illegal move 231: O2","field":"moves","id":"query_148"}
2025-11-15 18:13:44-0500: Error: {"error":"Illegal move 231: O2","field":"moves","id":"query_149"}
2025-11-15 18:13:44-0500: Error: {"error":"Illegal move 231: O2","field":"moves","id":"query_150"}
2025-11-15 18:13:44-0500: Error: {"error":"Illegal move 231: O2","field":"moves","id":"query_151"}
2025-11-15 18:13:44-0500: Error: {"error":"Illegal move 231: O2","field":"moves","id":"query_152"}
2025-11-15 18:13:44-0500: Error: {"error":"Illegal move 231: O2","field":"moves","id":"query_153"}
2025-11-15 18:13:44-0500: Error: {"error":"Illegal move 231: O2","field":"moves","id":"query_154"}
2025-11-15 18:13:44-0500: Error: {"error":"Illegal move 231: O2","field":"moves","id":"query_155"}
2025-11-15 18:13:44-0500: Error: {"error":"Illegal move 231: O2","field":"moves","id":"query_156"}
2025-11-15 18:13:44-0500: Error: {"error":"Illegal move 231: O2","field":"moves","id":"query_157"}
2025-11-15 18:13:44-0500: Error: {"error":"Illegal move 231: O2","field":"moves","id":"query_158"}
2025-11-15 18:13:44-0500: Error: {"error":"Illegal move 231: O2","field":"moves","id":"query_159"}
2025-11-15 18:13:44-0500: Error: {"error":"Illegal move 231: O2","field":"moves","id":"query_160"}
2025-11-15 18:13:44-0500: Error: {"error":"Illegal move 231: O2","field":"moves","id":"query_161"}
2025-11-15 18:13:44-0500: Error: {"error":"Illegal move 231: O2","field":"moves","id":"query_162"}
2025-11-15 18:13:44-0500: Error: {"error":"Illegal move 231: O2","field":"moves","id":"query_163"}
2025-11-15 18:13:44-0500: Error: {"error":"Illegal move 231: O2","field":"moves","id":"query_164"}
2025-11-15 18:13:44-0500: Error: {"error":"Illegal move 231: O2","field":"moves","id":"query_165"}
2025-11-15 18:13:44-0500: Error: {"error":"Illegal move 231: O2","field":"moves","id":"query_166"}
2025-11-15 18:13:44-0500: Error: {"error":"Illegal move 231: O2","field":"moves","id":"query_167"}
2025-11-15 18:13:44-0500: Error: {"error":"Illegal move 231: O2","field":"moves","id":"query_168"}
2025-11-15 18:13:44-0500: Error: {"error":"Illegal move 231: O2","field":"moves","id":"query_169"}
2025-11-15 18:13:44-0500: Error: {"error":"Illegal move 231: O2","field":"moves","id":"query_170"}
2025-11-15 18:13:44-0500: Error: {"error":"Illegal move 231: O2","field":"moves","id":"query_171"}
2025-11-15 18:13:44-0500: Error: {"error":"Illegal move 231: O2","field":"moves","id":"query_172"}
2025-11-15 18:13:44-0500: Error: {"error":"Illegal move 231: O2","field":"moves","id":"query_173"}
2025-11-15 18:13:44-0500: Error: {"error":"Illegal move 231: O2","field":"moves","id":"query_174"}
2025-11-15 18:13:44-0500: Error: {"error":"Illegal move 231: O2","field":"moves","id":"query_175"}
2025-11-15 18:13:44-0500: Error: {"error":"Illegal move 231: O2","field":"moves","id":"query_176"}
2025-11-15 18:13:44-0500: Error: {"error":"Illegal move 231: O2","field":"moves","id":"query_177"}
2025-11-15 18:13:44-0500: Error: {"error":"Illegal move 231: O2","field":"moves","id":"query_178"}
2025-11-15 18:13:44-0500: Error: {"error":"Illegal move 231: O2","field":"moves","id":"query_179"}
2025-11-15 18:13:44-0500: Error: {"error":"Illegal move 231: O2","field":"moves","id":"query_180"}
2025-11-15 18:14:40-0500: Error: {"error":"Illegal move 78: D3","field":"moves","id":"query_197"}
2025-11-15 18:14:40-0500: Error: {"error":"Illegal move 78: D3","field":"moves","id":"query_198"}
2025-11-15 18:14:40-0500: Error: {"error":"Illegal move 78: D3","field":"moves","id":"query_199"}
2025-11-15 18:14:40-0500: Error: {"error":"Illegal move 78: D3","field":"moves","id":"query_200"}
2025-11-15 18:14:40-0500: Error: {"error":"Illegal move 78: D3","field":"moves","id":"query_201"}
2025-11-15 18:14:40-0500: Error: {"error":"Illegal move 78: D3","field":"moves","id":"query_202"}
2025-11-15 18:14:40-0500: Error: {"error":"Illegal move 78: D3","field":"moves","id":"query_203"}
2025-11-15 18:14:40-0500: Error: {"error":"Illegal move 78: D3","field":"moves","id":"query_204"}
2025-11-15 18:14:40-0500: Error: {"error":"Illegal move 78: D3","field":"moves","id":"query_205"}
2025-11-15 18:14:40-0500: Error: {"error":"Illegal move 78: D3","field":"moves","id":"query_206"}
2025-11-15 18:14:40-0500: Error: {"error":"Illegal move 78: D3","field":"moves","id":"query_207"}
2025-11-15 18:14:40-0500: Error: {"error":"Illegal move 78: D3","field":"moves","id":"query_208"}
2025-11-15 18:14:40-0500: Error: {"error":"Illegal move 78: D3","field":"moves","id":"query_209"}
2025-11-15 18:14:40-0500: Error: {"error":"Illegal move 78: D3","field":"moves","id":"query_210"}
2025-11-15 18:14:40-0500: Error: {"error":"Illegal move 78: D3","field":"moves","id":"query_211"}
2025-11-15 18:15:30-0500: Error: {"error":"Illegal move 69: H3","field":"moves","id":"query_227"}
2025-11-15 18:15:30-0500: Error: {"error":"Illegal move 69: H3","field":"moves","id":"query_228"}
2025-11-15 18:15:30-0500: Error: {"error":"Illegal move 69: H3","field":"moves","id":"query_229"}
2025-11-15 18:15:30-0500: Error: {"error":"Illegal move 69: H3","field":"moves","id":"query_230"}
2025-11-15 18:15:30-0500: Error: {"error":"Illegal move 69: H3","field":"moves","id":"query_231"}
2025-11-15 18:15:30-0500: Error: {"error":"Illegal move 69: H3","field":"moves","id":"query_232"}
2025-11-15 18:15:30-0500: Error: {"error":"Illegal move 69: H3","field":"moves","id":"query_233"}
2025-11-15 18:15:30-0500: Error: {"error":"Illegal move 69: H3","field":"moves","id":"query_234"}
2025-11-15 18:15:30-0500: Error: {"error":"Illegal move 69: H3","field":"moves","id":"query_235"}
2025-11-15 18:15:30-0500: Error: {"error":"Illegal move 69: H3","field":"moves","id":"query_236"}
2025-11-15 18:19:21-0500: Error: {"error":"Illegal move 281: C2","field":"moves","id":"query_294"}
2025-11-15 18:19:21-0500: Error: {"error":"Illegal move 281: C2","field":"moves","id":"query_295"}
2025-11-15 18:19:21-0500: Error: {"error":"Illegal move 281: C2","field":"moves","id":"query_296"}
2025-11-15 18:19:21-0500: Error: {"error":"Illegal move 281: C2","field":"moves","id":"query_297"}
2025-11-15 18:19:21-0500: Error: {"error":"Illegal move 281: C2","field":"moves","id":"query_298"}
2025-11-15 18:19:21-0500: Error: {"error":"Illegal move 281: C2","field":"moves","id":"query_299"}
2025-11-15 18:19:21-0500: Error: {"error":"Illegal move 281: C2","field":"moves","id":"query_300"}
2025-11-15 18:19:21-0500: Error: {"error":"Illegal move 281: C2","field":"moves","id":"query_301"}
2025-11-15 18:19:21-0500: Error: {"error":"Illegal move 281: C2","field":"moves","id":"query_302"}
2025-11-15 18:19:21-0500: Error: {"error":"Illegal move 281: C2","field":"moves","id":"query_303"}
2025-11-15 18:19:21-0500: Error: {"error":"Illegal move 281: C2","field":"moves","id":"query_304"}
2025-11-15 18:19:21-0500: Error: {"error":"Illegal move 281: C2","field":"moves","id":"query_305"}
2025-11-15 18:19:21-0500: Error: {"error":"Illegal move 281: C2","field":"moves","id":"query_306"}
2025-11-15 18:19:21-0500: Error: {"error":"Illegal move 281: C2","field":"moves","id":"query_307"}
2025-11-15 18:19:21-0500: Error: {"error":"Illegal move 281: C2","field":"moves","id":"query_308"}
2025-11-15 18:19:21-0500: Error: {"error":"Illegal move 281: C2","field":"moves","id":"query_309"}
2025-11-15 18:19:21-0500: Error: {"error":"Illegal move 281: C2","field":"moves","id":"query_310"}
2025-11-15 18:19:21-0500: Error: {"error":"Illegal move 281: C2","field":"moves","id":"query_311"}
2025-11-15 18:19:21-0500: Error: {"error":"Illegal move 281: C2","field":"moves","id":"query_312"}
2025-11-15 18:19:21-0500: Error: {"error":"Illegal move 281: C2","field":"moves","id":"query_313"}
2025-11-15 18:19:21-0500: Error: {"error":"Illegal move 281: C2","field":"moves","id":"query_314"}
2025-11-15 18:19:21-0500: Error: {"error":"Illegal move 281: C2","field":"moves","id":"query_315"}
2025-11-15 18:19:21-0500: Error: {"error":"Illegal move 281: C2","field":"moves","id":"query_316"}
2025-11-15 18:19:21-0500: Error: {"error":"Illegal move 281: C2","field":"moves","id":"query_317"}
2025-11-15 18:19:21-0500: Error: {"error":"Illegal move 281: C2","field":"moves","id":"query_318"}
2025-11-15 18:19:21-0500: Error: {"error":"Illegal move 281: C2","field":"moves","id":"query_319"}
2025-11-15 18:19:21-0500: Error: {"error":"Illegal move 281: C2","field":"moves","id":"query_320"}
2025-11-15 18:19:21-0500: Error: {"error":"Illegal move 281: C2","field":"moves","id":"query_321"}
2025-11-15 18:19:21-0500: Error: {"error":"Illegal move 281: C2","field":"moves","id":"query_322"}
2025-11-15 18:19:21-0500: Error: {"error":"Illegal move 281: C2","field":"moves","id":"query_323"}
2025-11-15 18:19:21-0500: Error: {"error":"Illegal move 281: C2","field":"moves","id":"query_324"}
2025-11-15 18:19:21-0500: Error: {"error":"Illegal move 281: C2","field":"moves","id":"query_325"}
2025-11-15 18:22:54-0500: Error: {"error":"Illegal move 257: C19","field":"moves","id":"query_378"}
2025-11-15 18:22:54-0500: Error: {"error":"Illegal move 257: C19","field":"moves","id":"query_379"}
2025-11-15 18:22:54-0500: Error: {"error":"Illegal move 257: C19","field":"moves","id":"query_380"}
2025-11-15 18:22:54-0500: Error: {"error":"Illegal move 257: C19","field":"moves","id":"query_381"}
2025-11-15 18:22:54-0500: Error: {"error":"Illegal move 257: C19","field":"moves","id":"query_382"}
2025-11-15 18:22:54-0500: Error: {"error":"Illegal move 257: C19","field":"moves","id":"query_383"}
2025-11-15 18:22:54-0500: Error: {"error":"Illegal move 257: C19","field":"moves","id":"query_384"}
2025-11-15 18:22:54-0500: Error: {"error":"Illegal move 257: C19","field":"moves","id":"query_385"}
2025-11-15 18:22:54-0500: Error: {"error":"Illegal move 257: C19","field":"moves","id":"query_386"}
2025-11-15 18:22:54-0500: Error: {"error":"Illegal move 257: C19","field":"moves","id":"query_387"}
2025-11-15 18:22:54-0500: Error: {"error":"Illegal move 257: C19","field":"moves","id":"query_388"}
2025-11-15 18:22:54-0500: Error: {"error":"Illegal move 257: C19","field":"moves","id":"query_389"}
2025-11-15 18:22:54-0500: Error: {"error":"Illegal move 257: C19","field":"moves","id":"query_390"}
2025-11-15 18:22:54-0500: Error: {"error":"Illegal move 257: C19","field":"moves","id":"query_391"}
2025-11-15 18:22:54-0500: Error: {"error":"Illegal move 257: C19","field":"moves","id":"query_392"}
2025-11-15 18:22:54-0500: Error: {"error":"Illegal move 257: C19","field":"moves","id":"query_393"}
2025-11-15 18:22:54-0500: Error: {"error":"Illegal move 257: C19","field":"moves","id":"query_394"}
2025-11-15 18:22:54-0500: Error: {"error":"Illegal move 257: C19","field":"moves","id":"query_395"}
2025-11-15 18:22:54-0500: Error: {"error":"Illegal move 257: C19","field":"moves","id":"query_396"}
2025-11-15 18:22:54-0500: Error: {"error":"Illegal move 257: C19","field":"moves","id":"query_397"}
2025-11-15 18:22:54-0500: Error: {"error":"Illegal move 257: C19","field":"moves","id":"query_398"}
2025-11-15 18:22:54-0500: Error: {"error":"Illegal move 257: C19","field":"moves","id":"query_399"}
2025-11-15 18:22:54-0500: Error: {"error":"Illegal move 257: C19","field":"moves","id":"query_400"}
2025-11-15 18:22:54-0500: Error: {"error":"Illegal move 257: C19","field":"moves","id":"query_401"}
2025-11-15 18:22:54-0500: Error: {"error":"Illegal move 257: C19","field":"moves","id":"query_402"}
2025-11-15 18:22:54-0500: Error: {"error":"Illegal move 257: C19","field":"moves","id":"query_403"}
2025-11-15 18:22:54-0500: Error: {"error":"Illegal move 257: C19","field":"moves","id":"query_404"}
2025-11-15 18:22:54-0500: Error: {"error":"Illegal move 257: C19","field":"moves","id":"query_405"}
2025-11-15 18:22:54-0500: Error: {"error":"Illegal move 257: C19","field":"moves","id":"query_406"}
2025-11-15 18:26:36-0500: Error: {"error":"Illegal move 260: M14","field":"moves","id":"query_460"}
2025-11-15 18:26:36-0500: Error: {"error":"Illegal move 260: M14","field":"moves","id":"query_461"}
2025-11-15 18:26:36-0500: Error: {"error":"Illegal move 260: M14","field":"moves","id":"query_462"}
2025-11-15 18:26:36-0500: Error: {"error":"Illegal move 260: M14","field":"moves","id":"query_463"}
2025-11-15 18:26:36-0500: Error: {"error":"Illegal move 260: M14","field":"moves","id":"query_464"}
2025-11-15 18:26:36-0500: Error: {"error":"Illegal move 260: M14","field":"moves","id":"query_465"}
2025-11-15 18:26:36-0500: Error: {"error":"Illegal move 260: M14","field":"moves","id":"query_466"}
2025-11-15 18:26:36-0500: Error: {"error":"Illegal move 260: M14","field":"moves","id":"query_467"}
2025-11-15 18:26:36-0500: Error: {"error":"Illegal move 260: M14","field":"moves","id":"query_468"}
2025-11-15 18:26:36-0500: Error: {"error":"Illegal move 260: M14","field":"moves","id":"query_469"}
2025-11-15 18:26:36-0500: Error: {"error":"Illegal move 260: M14","field":"moves","id":"query_470"}
2025-11-15 18:26:36-0500: Error: {"error":"Illegal move 260: M14","field":"moves","id":"query_471"}
2025-11-15 18:26:36-0500: Error: {"error":"Illegal move 260: M14","field":"moves","id":"query_472"}
2025-11-15 18:26:36-0500: Error: {"error":"Illegal move 260: M14","field":"moves","id":"query_473"}
2025-11-15 18:26:36-0500: Error: {"error":"Illegal move 260: M14","field":"moves","id":"query_474"}
2025-11-15 18:26:36-0500: Error: {"error":"Illegal move 260: M14","field":"moves","id":"query_475"}
2025-11-15 18:26:36-0500: Error: {"error":"Illegal move 260: M14","field":"moves","id":"query_476"}
2025-11-15 18:26:36-0500: Error: {"error":"Illegal move 260: M14","field":"moves","id":"query_477"}
2025-11-15 18:26:55-0500: Error: {"error":"Could not parse board location: L17","field":"moves","id":"query_484"}
2025-11-15 18:26:55-0500: Error: {"error":"Could not parse board location: L17","field":"moves","id":"query_485"}
2025-11-15 18:26:55-0500: Error: {"error":"Could not parse board location: L17","field":"moves","id":"query_486"}
2025-11-15 18:26:55-0500: Error: {"error":"Could not parse board location: L17","field":"moves","id":"query_487"}
2025-11-15 18:26:55-0500: Error: {"error":"Could not parse board location: L17","field":"moves","id":"query_488"}
2025-11-15 18:26:55-0500: Error: {"error":"Could not parse board location: L17","field":"moves","id":"query_489"}
2025-11-15 18:26:55-0500: Error: {"error":"Could not parse board location: L17","field":"moves","id":"query_490"}
2025-11-15 18:26:55-0500: Error: {"error":"Could not parse board location: L17","field":"moves","id":"query_491"}
2025-11-15 18:26:55-0500: Error: {"error":"Could not parse board location: L17","field":"moves","id":"query_492"}
2025-11-15 18:26:55-0500: Error: {"error":"Could not parse board location: L17","field":"moves","id":"query_493"}
2025-11-15 18:26:55-0500: Error: {"error":"Could not parse board location: L17","field":"moves","id":"query_494"}
2025-11-15 18:26:55-0500: Error: {"error":"Could not parse board location: L17","field":"moves","id":"query_495"}
2025-11-15 18:26:55-0500: Error: {"error":"Could not parse board location: L17","field":"moves","id":"query_496"}
2025-11-15 18:26:55-0500: Error: {"error":"Could not parse board location: L17","field":"moves","id":"query_497"}
2025-11-15 18:26:55-0500: Error: {"error":"Could not parse board location: L17","field":"moves","id":"query_498"}
2025-11-15 18:26:55-0500: Error: {"error":"Could not parse board location: L17","field":"moves","id":"query_499"}
2025-11-15 18:26:55-0500: Error: {"error":"Could not parse board location: L17","field":"moves","id":"query_500"}
2025-11-15 18:26:55-0500: Error: {"error":"Could not parse board location: L17","field":"moves","id":"query_501"}
2025-11-15 18:26:55-0500: Error: {"error":"Could not parse board location: L17","field":"moves","id":"query_502"}
2025-11-15 18:26:55-0500: Error: {"error":"Could not parse board location: L17","field":"moves","id":"query_503"}
2025-11-15 18:26:55-0500: Error: {"error":"Could not parse board location: L17","field":"moves","id":"query_504"}
2025-11-15 18:26:55-0500: Error: {"error":"Could not parse board location: L17","field":"moves","id":"query_505"}
2025-11-15 18:26:55-0500: Error: {"error":"Could not parse board location: L17","field":"moves","id":"query_506"}
2025-11-15 18:26:55-0500: Error: {"error":"Could not parse board location: L17","field":"moves","id":"query_507"}
2025-11-15 18:26:55-0500: Error: {"error":"Could not parse board location: L17","field":"moves","id":"query_508"}
2025-11-15 18:26:55-0500: Error: {"error":"Could not parse board location: L17","field":"moves","id":"query_509"}
2025-11-15 18:26:55-0500: Error: {"error":"Could not parse board location: L17","field":"moves","id":"query_510"}
2025-11-15 18:26:55-0500: Error: {"error":"Could not parse board location: L17","field":"moves","id":"query_511"}
2025-11-15 18:26:55-0500: Error: {"error":"Could not parse board location: L17","field":"moves","id":"query_512"}
2025-11-15 18:26:55-0500: Error: {"error":"Could not parse board location: L17","field":"moves","id":"query_513"}
2025-11-15 18:26:55-0500: Error: {"error":"Could not parse board location: L17","field":"moves","id":"query_514"}
2025-11-15 18:26:55-0500: Error: {"error":"Could not parse board location: L17","field":"moves","id":"query_515"}
2025-11-15 18:26:55-0500: Error: {"error":"Could not parse board location: L17","field":"moves","id":"query_516"}
2025-11-15 18:26:55-0500: Error: {"error":"Could not parse board location: L17","field":"moves","id":"query_517"}
2025-11-15 18:26:55-0500: Error: {"error":"Could not parse board location: L17","field":"moves","id":"query_518"}
2025-11-15 18:26:55-0500: Error: {"error":"Could not parse board location: L17","field":"moves","id":"query_519"}
2025-11-15 18:26:55-0500: Error: {"error":"Could not parse board location: L17","field":"moves","id":"query_520"}
2025-11-15 18:26:55-0500: Error: {"error":"Could not parse board location: L17","field":"moves","id":"query_521"}
2025-11-15 18:26:55-0500: Error: {"error":"Could not parse board location: L17","field":"moves","id":"query_522"}
2025-11-15 18:26:55-0500: Error: {"error":"Could not parse board location: L17","field":"moves","id":"query_523"}
2025-11-15 18:26:55-0500: Error: {"error":"Could not parse board location: L17","field":"moves","id":"query_524"}
2025-11-15 18:26:55-0500: Error: {"error":"Could not parse board location: L17","field":"moves","id":"query_525"}
2025-11-15 18:26:55-0500: Error: {"error":"Could not parse board location: L17","field":"moves","id":"query_526"}
2025-11-15 18:26:55-0500: Error: {"error":"Could not parse board location: L17","field":"moves","id":"query_527"}
2025-11-15 18:26:55-0500: Error: {"error":"Could not parse board location: L17","field":"moves","id":"query_528"}
2025-11-15 18:26:55-0500: Error: {"error":"Could not parse board location: L17","field":"moves","id":"query_529"}
2025-11-15 18:26:55-0500: Error: {"error":"Could not parse board location: L17","field":"moves","id":"query_530"}
2025-11-15 18:26:55-0500: Error: {"error":"Could not parse board location: L17","field":"moves","id":"query_531"}
2025-11-15 18:26:55-0500: Error: {"error":"Could not parse board location: L17","field":"moves","id":"query_532"}
2025-11-15 18:26:55-0500: Error: {"error":"Could not parse board location: L17","field":"moves","id":"query_533"}
2025-11-15 18:26:55-0500: Error: {"error":"Could not parse board location: L17","field":"moves","id":"query_534"}
2025-11-15 18:26:55-0500: Error: {"error":"Could not parse board location: L17","field":"moves","id":"query_535"}
2025-11-15 18:26:55-0500: Error: {"error":"Could not parse board location: L17","field":"moves","id":"query_536"}
2025-11-15 18:26:55-0500: Error: {"error":"Could not parse board location: L17","field":"moves","id":"query_537"}
2025-11-15 18:26:55-0500: Error: {"error":"Could not parse board location: L17","field":"moves","id":"query_538"}
2025-11-15 18:26:55-0500: Error: {"error":"Could not parse board location: L17","field":"moves","id":"query_539"}
2025-11-15 18:26:55-0500: Error: {"error":"Could not parse board location: L17","field":"moves","id":"query_540"}
2025-11-15 18:26:55-0500: Error: {"error":"Could not parse board location: L17","field":"moves","id":"query_541"}
2025-11-15 18:26:55-0500: Error: {"error":"Could not parse board location: L17","field":"moves","id":"query_542"}
2025-11-15 18:26:55-0500: Error: {"error":"Could not parse board location: L17","field":"moves","id":"query_543"}
2025-11-15 18:26:55-0500: Error: {"error":"Could not parse board location: L17","field":"moves","id":"query_544"}
2025-11-15 18:26:55-0500: Error: {"error":"Could not parse board location: L17","field":"moves","id":"query_545"}
2025-11-15 18:26:55-0500: Error: {"error":"Could not parse board location: L17","field":"moves","id":"query_546"}
2025-11-15 18:26:55-0500: Error: {"error":"Could not parse board location: L17","field":"moves","id":"query_547"}
2025-11-15 18:26:55-0500: Error: {"error":"Could not parse board location: L17","field":"moves","id":"query_548"}
2025-11-15 18:26:55-0500: Error: {"error":"Could not parse board location: L17","field":"moves","id":"query_549"}
2025-11-15 18:26:55-0500: Error: {"error":"Could not parse board location: L17","field":"moves","id":"query_550"}
2025-11-15 18:26:55-0500: Error: {"error":"Could not parse board location: L17","field":"moves","id":"query_551"}
2025-11-15 18:26:55-0500: Error: {"error":"Could not parse board location: L17","field":"moves","id":"query_552"}
2025-11-15 18:26:55-0500: Error: {"error":"Could not parse board location: L17","field":"moves","id":"query_553"}
2025-11-15 18:26:55-0500: Error: {"error":"Could not parse board location: L17","field":"moves","id":"query_554"}
2025-11-15 18:26:55-0500: Error: {"error":"Could not parse board location: L17","field":"moves","id":"query_555"}
2025-11-15 18:26:55-0500: Error: {"error":"Could not parse board location: L17","field":"moves","id":"query_556"}
2025-11-15 18:26:55-0500: Error: {"error":"Could not parse board location: L17","field":"moves","id":"query_557"}
2025-11-15 18:26:55-0500: Error: {"error":"Could not parse board location: L17","field":"moves","id":"query_558"}
2025-11-15 18:26:55-0500: Error: {"error":"Could not parse board location: L17","field":"moves","id":"query_559"}
2025-11-15 18:26:55-0500: Error: {"error":"Could not parse board location: L17","field":"moves","id":"query_560"}
2025-11-15 18:26:55-0500: Error: {"error":"Could not parse board location: L17","field":"moves","id":"query_561"}
2025-11-15 18:26:55-0500: Error: {"error":"Could not parse board location: L17","field":"moves","id":"query_562"}
2025-11-15 18:26:55-0500: Error: {"error":"Could not parse board location: L17","field":"moves","id":"query_563"}
2025-11-15 18:26:55-0500: Error: {"error":"Could not parse board location: L17","field":"moves","id":"query_564"}
2025-11-15 18:26:55-0500: Error: {"error":"Could not parse board location: L17","field":"moves","id":"query_565"}
2025-11-15 18:26:55-0500: Error: {"error":"Could not parse board location: L17","field":"moves","id":"query_566"}
2025-11-15 18:26:55-0500: Error: {"error":"Could not parse board location: L17","field":"moves","id":"query_567"}
2025-11-15 18:26:55-0500: Error: {"error":"Could not parse board location: L17","field":"moves","id":"query_568"}
2025-11-15 18:26:55-0500: Error: {"error":"Could not parse board location: L17","field":"moves","id":"query_569"}
2025-11-15 18:26:55-0500: Error: {"error":"Could not parse board location: L17","field":"moves","id":"query_570"}
2025-11-15 18:26:55-0500: Error: {"error":"Could not parse board location: L17","field":"moves","id":"query_571"}
2025-11-15 18:26:55-0500: Error: {"error":"Could not parse board location: L17","field":"moves","id":"query_572"}
2025-11-15 18:26:55-0500: Error: {"error":"Could not parse board location: L17","field":"moves","id":"query_573"}
2025-11-15 18:26:55-0500: Error: {"error":"Could not parse board location: L17","field":"moves","id":"query_574"}
2025-11-15 18:26:55-0500: Error: {"error":"Could not parse board location: L17","field":"moves","id":"query_575"}
2025-11-15 18:26:55-0500: Error: {"error":"Could not parse board location: L17","field":"moves","id":"query_576"}
2025-11-15 18:26:55-0500: Error: {"error":"Could not parse board location: L17","field":"moves","id":"query_577"}
2025-11-15 18:26:55-0500: Error: {"error":"Could not parse board location: L17","field":"moves","id":"query_578"}
2025-11-15 18:26:55-0500: Error: {"error":"Could not parse board location: L17","field":"moves","id":"query_579"}
2025-11-15 18:26:55-0500: Error: {"error":"Could not parse board location: L17","field":"moves","id":"query_580"}
2025-11-15 18:26:55-0500: Error: {"error":"Could not parse board location: L17","field":"moves","id":"query_581"}
2025-11-15 18:26:55-0500: Error: {"error":"Could not parse board location: L17","field":"moves","id":"query_582"}
2025-11-15 18:26:55-0500: Error: {"error":"Could not parse board location: L17","field":"moves","id":"query_583"}
2025-11-15 18:26:55-0500: Error: {"error":"Could not parse board location: L17","field":"moves","id":"query_584"}
2025-11-15 18:26:55-0500: Error: {"error":"Could not parse board location: L17","field":"moves","id":"query_585"}
2025-11-15 18:26:55-0500: Error: {"error":"Could not parse board location: L17","field":"moves","id":"query_586"}
2025-11-15 18:26:55-0500: Error: {"error":"Could not parse board location: L17","field":"moves","id":"query_587"}
2025-11-15 18:26:55-0500: Error: {"error":"Could not parse board location: L17","field":"moves","id":"query_588"}
2025-11-15 18:26:55-0500: Error: {"error":"Could not parse board location: L17","field":"moves","id":"query_589"}
2025-11-15 18:26:55-0500: Error: {"error":"Could not parse board location: L17","field":"moves","id":"query_590"}
2025-11-15 18:26:55-0500: Error: {"error":"Could not parse board location: L17","field":"moves","id":"query_591"}
2025-11-15 18:26:55-0500: Error: {"error":"Could not parse board location: L17","field":"moves","id":"query_592"}
2025-11-15 18:26:55-0500: Error: {"error":"Could not parse board location: L17","field":"moves","id":"query_593"}
2025-11-15 18:30:54-0500: Error: {"error":"Illegal move 139: E1","field":"moves","id":"query_651"}
2025-11-15 18:30:54-0500: Error: {"error":"Illegal move 139: E1","field":"moves","id":"query_652"}
2025-11-15 18:30:54-0500: Error: {"error":"Illegal move 139: E1","field":"moves","id":"query_653"}
2025-11-15 18:30:54-0500: Error: {"error":"Illegal move 139: E1","field":"moves","id":"query_654"}
2025-11-15 18:30:54-0500: Error: {"error":"Illegal move 139: E1","field":"moves","id":"query_655"}
2025-11-15 18:30:54-0500: Error: {"error":"Illegal move 139: E1","field":"moves","id":"query_656"}
2025-11-15 18:30:54-0500: Error: {"error":"Illegal move 139: E1","field":"moves","id":"query_657"}
2025-11-15 18:30:54-0500: Error: {"error":"Illegal move 139: E1","field":"moves","id":"query_658"}
2025-11-15 18:30:54-0500: Error: {"error":"Illegal move 139: E1","field":"moves","id":"query_659"}
2025-11-15 18:30:54-0500: Error: {"error":"Illegal move 139: E1","field":"moves","id":"query_660"}
2025-11-15 18:30:54-0500: Error: {"error":"Illegal move 139: E1","field":"moves","id":"query_661"}
2025-11-15 18:30:54-0500: Error: {"error":"Illegal move 139: E1","field":"moves","id":"query_662"}
2025-11-15 18:30:54-0500: Error: {"error":"Illegal move 139: E1","field":"moves","id":"query_663"}
2025-11-15 18:30:54-0500: Error: {"error":"Illegal move 139: E1","field":"moves","id":"query_664"}
2025-11-15 18:30:54-0500: Error: {"error":"Illegal move 139: E1","field":"moves","id":"query_665"}
2025-11-15 18:30:54-0500: Error: {"error":"Illegal move 139: E1","field":"moves","id":"query_666"}
2025-11-15 18:30:54-0500: Error: {"error":"Illegal move 139: E1","field":"moves","id":"query_667"}
2025-11-15 18:30:54-0500: Error: {"error":"Illegal move 139: E1","field":"moves","id":"query_668"}
2025-11-15 18:30:54-0500: Error: {"error":"Illegal move 139: E1","field":"moves","id":"query_669"}
2025-11-15 18:30:54-0500: Error: {"error":"Illegal move 139: E1","field":"moves","id":"query_670"}
2025-11-15 18:30:54-0500: Error: {"error":"Illegal move 139: E1","field":"moves","id":"query_671"}
2025-11-15 18:30:54-0500: Error: {"error":"Illegal move 139: E1","field":"moves","id":"query_672"}
2025-11-15 18:30:54-0500: Error: {"error":"Illegal move 139: E1","field":"moves","id":"query_673"}
2025-11-15 18:30:54-0500: Error: {"error":"Illegal move 139: E1","field":"moves","id":"query_674"}
2025-11-15 18:30:54-0500: Error: {"error":"Illegal move 139: E1","field":"moves","id":"query_675"}
2025-11-15 18:30:54-0500: Error: {"error":"Illegal move 139: E1","field":"moves","id":"query_676"}
2025-11-15 18:30:54-0500: Error: {"error":"Illegal move 139: E1","field":"moves","id":"query_677"}
2025-11-15 18:30:54-0500: Error: {"error":"Illegal move 139: E1","field":"moves","id":"query_678"}
2025-11-15 18:30:54-0500: Error: {"error":"Illegal move 139: E1","field":"moves","id":"query_679"}
2025-11-15 18:30:54-0500: Error: {"error":"Illegal move 139: E1","field":"moves","id":"query_680"}
2025-11-15 18:30:54-0500: Error: {"error":"Illegal move 139: E1","field":"moves","id":"query_681"}
2025-11-15 18:30:54-0500: Error: {"error":"Illegal move 139: E1","field":"moves","id":"query_682"}
2025-11-15 18:30:54-0500: Error: {"error":"Illegal move 139: E1","field":"moves","id":"query_683"}
2025-11-15 18:30:54-0500: Error: {"error":"Illegal move 139: E1","field":"moves","id":"query_684"}
2025-11-15 18:30:54-0500: Error: {"error":"Illegal move 139: E1","field":"moves","id":"query_685"}
2025-11-15 18:30:54-0500: Error: {"error":"Illegal move 139: E1","field":"moves","id":"query_686"}
2025-11-15 18:30:54-0500: Error: {"error":"Illegal move 139: E1","field":"moves","id":"query_687"}
2025-11-15 18:30:54-0500: Error: {"error":"Illegal move 139: E1","field":"moves","id":"query_688"}
2025-11-15 18:30:54-0500: Error: {"error":"Illegal move 139: E1","field":"moves","id":"query_689"}
2025-11-15 18:30:54-0500: Error: {"error":"Illegal move 139: E1","field":"moves","id":"query_690"}
2025-11-15 18:30:54-0500: Error: {"error":"Illegal move 139: E1","field":"moves","id":"query_691"}
2025-11-15 18:30:54-0500: Error: {"error":"Illegal move 139: E1","field":"moves","id":"query_692"}
2025-11-15 18:30:54-0500: Error: {"error":"Illegal move 139: E1","field":"moves","id":"query_693"}
2025-11-15 18:30:54-0500: Error: {"error":"Illegal move 139: E1","field":"moves","id":"query_694"}
2025-11-15 18:30:54-0500: Error: {"error":"Illegal move 139: E1","field":"moves","id":"query_695"}
2025-11-15 18:30:54-0500: Error: {"error":"Illegal move 139: E1","field":"moves","id":"query_696"}
2025-11-15 18:30:54-0500: Error: {"error":"Illegal move 139: E1","field":"moves","id":"query_697"}
2025-11-15 18:30:54-0500: Error: {"error":"Illegal move 139: E1","field":"moves","id":"query_698"}
2025-11-15 18:30:54-0500: Error: {"error":"Illegal move 139: E1","field":"moves","id":"query_699"}
2025-11-15 18:30:54-0500: Error: {"error":"Illegal move 139: E1","field":"moves","id":"query_700"}
2025-11-15 18:30:54-0500: Error: {"error":"Illegal move 139: E1","field":"moves","id":"query_701"}
2025-11-15 18:30:54-0500: Error: {"error":"Illegal move 139: E1","field":"moves","id":"query_702"}
2025-11-15 18:30:54-0500: Error: {"error":"Illegal move 139: E1","field":"moves","id":"query_703"}
2025-11-15 18:33:30-0500: Error: {"error":"Illegal move 162: N9","field":"moves","id":"query_738"}
2025-11-15 18:33:30-0500: Error: {"error":"Illegal move 162: N9","field":"moves","id":"query_739"}
2025-11-15 18:33:30-0500: Error: {"error":"Illegal move 162: N9","field":"moves","id":"query_740"}
2025-11-15 18:33:30-0500: Error: {"error":"Illegal move 162: N9","field":"moves","id":"query_741"}
2025-11-15 18:33:30-0500: Error: {"error":"Illegal move 162: N9","field":"moves","id":"query_742"}
2025-11-15 18:33:30-0500: Error: {"error":"Illegal move 162: N9","field":"moves","id":"query_743"}
2025-11-15 18:33:30-0500: Error: {"error":"Illegal move 162: N9","field":"moves","id":"query_744"}
2025-11-15 18:33:30-0500: Error: {"error":"Illegal move 162: N9","field":"moves","id":"query_745"}
2025-11-15 18:33:30-0500: Error: {"error":"Illegal move 162: N9","field":"moves","id":"query_746"}
2025-11-15 18:33:30-0500: Error: {"error":"Illegal move 162: N9","field":"moves","id":"query_747"}
2025-11-15 18:33:30-0500: Error: {"error":"Illegal move 162: N9","field":"moves","id":"query_748"}
2025-11-15 18:33:30-0500: Error: {"error":"Illegal move 162: N9","field":"moves","id":"query_749"}
2025-11-15 18:33:30-0500: Error: {"error":"Illegal move 162: N9","field":"moves","id":"query_750"}
2025-11-15 18:33:30-0500: Error: {"error":"Illegal move 162: N9","field":"moves","id":"query_751"}
2025-11-15 18:33:30-0500: Error: {"error":"Illegal move 162: N9","field":"moves","id":"query_752"}
2025-11-15 18:33:30-0500: Error: {"error":"Illegal move 162: N9","field":"moves","id":"query_753"}
2025-11-15 18:33:30-0500: Error: {"error":"Illegal move 162: N9","field":"moves","id":"query_754"}
2025-11-15 18:33:30-0500: Error: {"error":"Illegal move 162: N9","field":"moves","id":"query_755"}
2025-11-15 18:33:30-0500: Error: {"error":"Illegal move 162: N9","field":"moves","id":"query_756"}
2025-11-15 18:33:30-0500: Error: {"error":"Illegal move 162: N9","field":"moves","id":"query_757"}
2025-11-15 18:33:30-0500: Error: {"error":"Illegal move 162: N9","field":"moves","id":"query_758"}
2025-11-15 18:33:30-0500: Error: {"error":"Illegal move 162: N9","field":"moves","id":"query_759"}
2025-11-15 18:33:30-0500: Error: {"error":"Illegal move 162: N9","field":"moves","id":"query_760"}
2025-11-15 18:33:30-0500: Error: {"error":"Illegal move 162: N9","field":"moves","id":"query_761"}
2025-11-15 18:33:30-0500: Error: {"error":"Illegal move 162: N9","field":"moves","id":"query_762"}
2025-11-15 18:33:30-0500: Error: {"error":"Illegal move 162: N9","field":"moves","id":"query_763"}
2025-11-15 18:33:30-0500: Error: {"error":"Illegal move 162: N9","field":"moves","id":"query_764"}
2025-11-15 18:33:30-0500: Error: {"error":"Illegal move 162: N9","field":"moves","id":"query_765"}
2025-11-15 18:33:30-0500: Error: {"error":"Illegal move 162: N9","field":"moves","id":"query_766"}
2025-11-15 18:33:30-0500: Error: {"error":"Illegal move 162: N9","field":"moves","id":"query_767"}
2025-11-15 18:33:30-0500: Error: {"error":"Illegal move 162: N9","field":"moves","id":"query_768"}
2025-11-15 18:33:30-0500: Error: {"error":"Illegal move 162: N9","field":"moves","id":"query_769"}
2025-11-15 18:33:30-0500: Error: {"error":"Illegal move 162: N9","field":"moves","id":"query_770"}
2025-11-15 18:33:30-0500: Error: {"error":"Illegal move 162: N9","field":"moves","id":"query_771"}
2025-11-15 18:33:30-0500: Error: {"error":"Illegal move 162: N9","field":"moves","id":"query_772"}
2025-11-15 18:33:30-0500: Error: {"error":"Illegal move 162: N9","field":"moves","id":"query_773"}
2025-11-15 18:33:30-0500: Error: {"error":"Illegal move 162: N9","field":"moves","id":"query_774"}
2025-11-15 18:33:30-0500: Error: {"error":"Illegal move 162: N9","field":"moves","id":"query_775"}
2025-11-15 18:33:30-0500: Error: {"error":"Illegal move 162: N9","field":"moves","id":"query_776"}
2025-11-15 18:33:30-0500: Error: {"error":"Illegal move 162: N9","field":"moves","id":"query_777"}
2025-11-15 18:33:30-0500: Error: {"error":"Illegal move 162: N9","field":"moves","id":"query_778"}
2025-11-15 18:33:30-0500: Error: {"error":"Illegal move 162: N9","field":"moves","id":"query_779"}
2025-11-15 18:33:30-0500: Error: {"error":"Illegal move 162: N9","field":"moves","id":"query_780"}
2025-11-15 18:33:30-0500: Error: {"error":"Illegal move 162: N9","field":"moves","id":"query_781"}
2025-11-15 18:33:30-0500: Error: {"error":"Illegal move 162: N9","field":"moves","id":"query_782"}
2025-11-15 18:33:30-0500: Error: {"error":"Illegal move 162: N9","field":"moves","id":"query_783"}
2025-11-15 18:33:30-0500: Error: {"error":"Illegal move 162: N9","field":"moves","id":"query_784"}
2025-11-15 18:33:30-0500: Error: {"error":"Illegal move 162: N9","field":"moves","id":"query_785"}
2025-11-15 18:33:30-0500: Error: {"error":"Illegal move 162: N9","field":"moves","id":"query_786"}
2025-11-15 18:33:30-0500: Error: {"error":"Illegal move 162: N9","field":"moves","id":"query_787"}
2025-11-15 18:33:30-0500: Error: {"error":"Illegal move 162: N9","field":"moves","id":"query_788"}
2025-11-15 18:33:30-0500: Error: {"error":"Illegal move 162: N9","field":"moves","id":"query_789"}
2025-11-15 18:33:30-0500: Error: {"error":"Illegal move 162: N9","field":"moves","id":"query_790"}
2025-11-15 18:33:30-0500: Error: {"error":"Illegal move 162: N9","field":"moves","id":"query_791"}
2025-11-15 18:33:30-0500: Error: {"error":"Illegal move 162: N9","field":"moves","id":"query_792"}
2025-11-15 18:33:30-0500: Error: {"error":"Illegal move 162: N9","field":"moves","id":"query_793"}
2025-11-15 18:33:30-0500: Error: {"error":"Illegal move 162: N9","field":"moves","id":"query_794"}
2025-11-15 18:33:30-0500: Error: {"error":"Illegal move 162: N9","field":"moves","id":"query_795"}
2025-11-15 18:33:30-0500: Error: {"error":"Illegal move 162: N9","field":"moves","id":"query_796"}
2025-11-15 18:33:30-0500: Error: {"error":"Illegal move 162: N9","field":"moves","id":"query_797"}
2025-11-15 18:33:30-0500: Error: {"error":"Illegal move 162: N9","field":"moves","id":"query_798"}
2025-11-15 18:33:30-0500: Error: {"error":"Illegal move 162: N9","field":"moves","id":"query_799"}
2025-11-15 18:33:30-0500: Error: {"error":"Illegal move 162: N9","field":"moves","id":"query_800"}
2025-11-15 18:33:30-0500: Error: {"error":"Illegal move 162: N9","field":"moves","id":"query_801"}
2025-11-15 18:33:30-0500: Error: {"error":"Illegal move 162: N9","field":"moves","id":"query_802"}
2025-11-15 18:37:45-0500: Error: {"error":"Illegal move 295: S5","field":"moves","id":"query_863"}
2025-11-15 18:37:45-0500: Error: {"error":"Illegal move 295: S5","field":"moves","id":"query_864"}
2025-11-15 18:37:45-0500: Error: {"error":"Illegal move 295: S5","field":"moves","id":"query_865"}
2025-11-15 18:37:45-0500: Error: {"error":"Illegal move 295: S5","field":"moves","id":"query_866"}
2025-11-15 18:37:45-0500: Error: {"error":"Illegal move 295: S5","field":"moves","id":"query_867"}
2025-11-15 18:37:45-0500: Error: {"error":"Illegal move 295: S5","field":"moves","id":"query_868"}
2025-11-15 18:37:45-0500: Error: {"error":"Illegal move 295: S5","field":"moves","id":"query_869"}
2025-11-15 18:37:45-0500: Error: {"error":"Illegal move 295: S5","field":"moves","id":"query_870"}
2025-11-15 18:37:45-0500: Error: {"error":"Illegal move 295: S5","field":"moves","id":"query_871"}
2025-11-15 18:37:45-0500: Error: {"error":"Illegal move 295: S5","field":"moves","id":"query_872"}
2025-11-15 18:37:45-0500: Error: {"error":"Illegal move 295: S5","field":"moves","id":"query_873"}
2025-11-15 18:37:45-0500: Error: {"error":"Illegal move 295: S5","field":"moves","id":"query_874"}
2025-11-15 18:37:45-0500: Error: {"error":"Illegal move 295: S5","field":"moves","id":"query_875"}
2025-11-15 18:37:45-0500: Error: {"error":"Illegal move 295: S5","field":"moves","id":"query_876"}
2025-11-15 18:37:45-0500: Error: {"error":"Illegal move 295: S5","field":"moves","id":"query_877"}
2025-11-15 18:37:45-0500: Error: {"error":"Illegal move 295: S5","field":"moves","id":"query_878"}
2025-11-15 18:37:45-0500: Error: {"error":"Illegal move 295: S5","field":"moves","id":"query_879"}
2025-11-15 18:37:45-0500: Error: {"error":"Illegal move 295: S5","field":"moves","id":"query_880"}
2025-11-15 18:37:45-0500: Error: {"error":"Illegal move 295: S5","field":"moves","id":"query_881"}
2025-11-15 18:37:45-0500: Error: {"error":"Illegal move 295: S5","field":"moves","id":"query_882"}
2025-11-15 18:37:45-0500: Error: {"error":"Illegal move 295: S5","field":"moves","id":"query_883"}
2025-11-15 18:37:45-0500: Error: {"error":"Illegal move 295: S5","field":"moves","id":"query_884"}
2025-11-15 18:37:45-0500: Error: {"error":"Illegal move 295: S5","field":"moves","id":"query_885"}
2025-11-15 18:37:45-0500: Error: {"error":"Illegal move 295: S5","field":"moves","id":"query_886"}
2025-11-15 18:37:45-0500: Error: {"error":"Illegal move 295: S5","field":"moves","id":"query_887"}
2025-11-15 18:37:45-0500: Error: {"error":"Illegal move 295: S5","field":"moves","id":"query_888"}
2025-11-15 18:37:45-0500: Error: {"error":"Illegal move 295: S5","field":"moves","id":"query_889"}
2025-11-15 18:37:45-0500: Error: {"error":"Illegal move 295: S5","field":"moves","id":"query_890"}
2025-11-15 18:37:45-0500: Error: {"error":"Illegal move 295: S5","field":"moves","id":"query_891"}
2025-11-15 18:37:45-0500: Error: {"error":"Illegal move 295: S5","field":"moves","id":"query_892"}
2025-11-15 18:46:34-0500: Error: {"error":"Illegal move 268: O9","field":"moves","id":"query_1018"}
2025-11-15 18:46:34-0500: Error: {"error":"Illegal move 268: O9","field":"moves","id":"query_1019"}
2025-11-15 18:46:34-0500: Error: {"error":"Illegal move 268: O9","field":"moves","id":"query_1020"}
2025-11-15 18:46:34-0500: Error: {"error":"Illegal move 268: O9","field":"moves","id":"query_1021"}
2025-11-15 18:46:34-0500: Error: {"error":"Illegal move 268: O9","field":"moves","id":"query_1022"}
2025-11-15 18:46:34-0500: Error: {"error":"Illegal move 268: O9","field":"moves","id":"query_1023"}
2025-11-15 18:46:34-0500: Error: {"error":"Illegal move 268: O9","field":"moves","id":"query_1024"}
2025-11-15 18:46:34-0500: Error: {"error":"Illegal move 268: O9","field":"moves","id":"query_1025"}
2025-11-15 18:46:34-0500: Error: {"error":"Illegal move 268: O9","field":"moves","id":"query_1026"}
2025-11-15 18:46:34-0500: Error: {"error":"Illegal move 268: O9","field":"moves","id":"query_1027"}
2025-11-15 18:46:34-0500: Error: {"error":"Illegal move 268: O9","field":"moves","id":"query_1028"}
2025-11-15 18:46:34-0500: Error: {"error":"Illegal move 268: O9","field":"moves","id":"query_1029"}
2025-11-15 18:46:34-0500: Error: {"error":"Illegal move 268: O9","field":"moves","id":"query_1030"}
2025-11-15 18:46:34-0500: Error: {"error":"Illegal move 268: O9","field":"moves","id":"query_1031"}
2025-11-15 18:46:34-0500: Error: {"error":"Illegal move 268: O9","field":"moves","id":"query_1032"}
2025-11-15 18:46:34-0500: Error: {"error":"Illegal move 268: O9","field":"moves","id":"query_1033"}
2025-11-15 18:46:34-0500: Error: {"error":"Illegal move 268: O9","field":"moves","id":"query_1034"}
2025-11-15 18:50:49-0500: Error: {"error":"Illegal move 270: N18","field":"moves","id":"query_1090"}
2025-11-15 18:50:49-0500: Error: {"error":"Illegal move 270: N18","field":"moves","id":"query_1091"}
2025-11-15 18:50:49-0500: Error: {"error":"Illegal move 270: N18","field":"moves","id":"query_1092"}
2025-11-15 18:50:49-0500: Error: {"error":"Illegal move 270: N18","field":"moves","id":"query_1093"}
2025-11-15 18:50:49-0500: Error: {"error":"Illegal move 270: N18","field":"moves","id":"query_1094"}
2025-11-15 18:50:49-0500: Error: {"error":"Illegal move 270: N18","field":"moves","id":"query_1095"}
2025-11-15 18:50:49-0500: Error: {"error":"Illegal move 270: N18","field":"moves","id":"query_1096"}
2025-11-15 18:50:49-0500: Error: {"error":"Illegal move 270: N18","field":"moves","id":"query_1097"}
2025-11-15 18:50:49-0500: Error: {"error":"Illegal move 270: N18","field":"moves","id":"query_1098"}
2025-11-15 18:50:49-0500: Error: {"error":"Illegal move 270: N18","field":"moves","id":"query_1099"}
2025-11-15 18:50:49-0500: Error: {"error":"Illegal move 270: N18","field":"moves","id":"query_1100"}
2025-11-15 18:50:49-0500: Error: {"error":"Illegal move 270: N18","field":"moves","id":"query_1101"}
2025-11-15 18:50:49-0500: Error: {"error":"Illegal move 270: N18","field":"moves","id":"query_1102"}
2025-11-15 18:50:49-0500: Error: {"error":"Illegal move 270: N18","field":"moves","id":"query_1103"}
2025-11-15 18:50:49-0500: Error: {"error":"Illegal move 270: N18","field":"moves","id":"query_1104"}
2025-11-15 18:50:49-0500: Error: {"error":"Illegal move 270: N18","field":"moves","id":"query_1105"}
2025-11-15 18:50:49-0500: Error: {"error":"Illegal move 270: N18","field":"moves","id":"query_1106"}
2025-11-15 18:50:49-0500: Error: {"error":"Illegal move 270: N18","field":"moves","id":"query_1107"}
2025-11-15 18:50:49-0500: Error: {"error":"Illegal move 270: N18","field":"moves","id":"query_1108"}
2025-11-15 18:50:49-0500: Error: {"error":"Illegal move 270: N18","field":"moves","id":"query_1109"}
2025-11-15 18:50:49-0500: Error: {"error":"Illegal move 270: N18","field":"moves","id":"query_1110"}
2025-11-15 18:50:49-0500: Error: {"error":"Illegal move 270: N18","field":"moves","id":"query_1111"}
2025-11-15 18:50:49-0500: Error: {"error":"Illegal move 270: N18","field":"moves","id":"query_1112"}
2025-11-15 18:50:49-0500: Error: {"error":"Illegal move 270: N18","field":"moves","id":"query_1113"}
2025-11-15 18:50:49-0500: Error: {"error":"Illegal move 270: N18","field":"moves","id":"query_1114"}
2025-11-15 18:50:49-0500: Error: {"error":"Illegal move 270: N18","field":"moves","id":"query_1115"}
2025-11-15 18:55:09-0500: Error: {"error":"Illegal move 267: L15","field":"moves","id":"query_1171"}
2025-11-15 18:55:09-0500: Error: {"error":"Illegal move 267: L15","field":"moves","id":"query_1172"}
2025-11-15 18:55:10-0500: Error: {"error":"Illegal move 267: L15","field":"moves","id":"query_1173"}
2025-11-15 18:55:10-0500: Error: {"error":"Illegal move 267: L15","field":"moves","id":"query_1174"}
2025-11-15 18:55:10-0500: Error: {"error":"Illegal move 267: L15","field":"moves","id":"query_1175"}
2025-11-15 18:55:10-0500: Error: {"error":"Illegal move 267: L15","field":"moves","id":"query_1176"}
2025-11-15 18:55:10-0500: Error: {"error":"Illegal move 267: L15","field":"moves","id":"query_1177"}
2025-11-15 18:55:10-0500: Error: {"error":"Illegal move 267: L15","field":"moves","id":"query_1178"}
2025-11-15 18:55:10-0500: Error: {"error":"Illegal move 267: L15","field":"moves","id":"query_1179"}
2025-11-15 18:55:10-0500: Error: {"error":"Illegal move 267: L15","field":"moves","id":"query_1180"}
2025-11-15 18:55:10-0500: Error: {"error":"Illegal move 267: L15","field":"moves","id":"query_1181"}
2025-11-15 18:55:10-0500: Error: {"error":"Illegal move 267: L15","field":"moves","id":"query_1182"}
2025-11-15 18:55:10-0500: Error: {"error":"Illegal move 267: L15","field":"moves","id":"query_1183"}
2025-11-15 18:55:10-0500: Error: {"error":"Illegal move 267: L15","field":"moves","id":"query_1184"}
2025-11-15 18:55:10-0500: Error: {"error":"Illegal move 267: L15","field":"moves","id":"query_1185"}
2025-11-15 18:55:10-0500: Error: {"error":"Illegal move 267: L15","field":"moves","id":"query_1186"}
2025-11-15 18:55:10-0500: Error: {"error":"Illegal move 267: L15","field":"moves","id":"query_1187"}
2025-11-15 18:55:10-0500: Error: {"error":"Illegal move 267: L15","field":"moves","id":"query_1188"}
2025-11-15 18:55:10-0500: Error: {"error":"Illegal move 267: L15","field":"moves","id":"query_1189"}
2025-11-15 18:55:10-0500: Error: {"error":"Illegal move 267: L15","field":"moves","id":"query_1190"}
2025-11-15 18:55:10-0500: Error: {"error":"Illegal move 267: L15","field":"moves","id":"query_1191"}
2025-11-15 18:55:10-0500: Error: {"error":"Illegal move 267: L15","field":"moves","id":"query_1192"}
2025-11-15 18:55:10-0500: Error: {"error":"Illegal move 267: L15","field":"moves","id":"query_1193"}
2025-11-15 18:55:10-0500: Error: {"error":"Illegal move 267: L15","field":"moves","id":"query_1194"}
2025-11-15 18:55:10-0500: Error: {"error":"Illegal move 267: L15","field":"moves","id":"query_1195"}
2025-11-15 18:55:10-0500: Error: {"error":"Illegal move 267: L15","field":"moves","id":"query_1196"}
2025-11-15 18:55:10-0500: Error: {"error":"Illegal move 267: L15","field":"moves","id":"query_1197"}
2025-11-15 18:55:10-0500: Error: {"error":"Illegal move 267: L15","field":"moves","id":"query_1198"}
2025-11-15 18:55:10-0500: Error: {"error":"Could not parse board location: D17","field":"moves","id":"query_1199"}
2025-11-15 18:55:10-0500: Error: {"error":"Could not parse board location: D17","field":"moves","id":"query_1200"}
2025-11-15 18:55:10-0500: Error: {"error":"Could not parse board location: D17","field":"moves","id":"query_1201"}
2025-11-15 18:55:10-0500: Error: {"error":"Could not parse board location: D17","field":"moves","id":"query_1202"}
2025-11-15 18:55:10-0500: Error: {"error":"Could not parse board location: D17","field":"moves","id":"query_1203"}
2025-11-15 18:55:10-0500: Error: {"error":"Could not parse board location: D17","field":"moves","id":"query_1204"}
2025-11-15 18:55:10-0500: Error: {"error":"Could not parse board location: D17","field":"moves","id":"query_1205"}
2025-11-15 18:55:10-0500: Error: {"error":"Could not parse board location: D17","field":"moves","id":"query_1206"}
2025-11-15 18:55:10-0500: Error: {"error":"Could not parse board location: D17","field":"moves","id":"query_1207"}
2025-11-15 18:55:10-0500: Error: {"error":"Could not parse board location: D17","field":"moves","id":"query_1208"}
2025-11-15 18:55:10-0500: Error: {"error":"Could not parse board location: D17","field":"moves","id":"query_1209"}
2025-11-15 18:55:10-0500: Error: {"error":"Could not parse board location: D17","field":"moves","id":"query_1210"}
2025-11-15 18:55:10-0500: Error: {"error":"Could not parse board location: D17","field":"moves","id":"query_1211"}
2025-11-15 18:55:10-0500: Error: {"error":"Could not parse board location: D17","field":"moves","id":"query_1212"}
2025-11-15 18:55:10-0500: Error: {"error":"Could not parse board location: D17","field":"moves","id":"query_1213"}
2025-11-15 18:55:10-0500: Error: {"error":"Could not parse board location: D17","field":"moves","id":"query_1214"}
2025-11-15 18:55:10-0500: Error: {"error":"Could not parse board location: D17","field":"moves","id":"query_1215"}
2025-11-15 18:55:10-0500: Error: {"error":"Could not parse board location: D17","field":"moves","id":"query_1216"}
2025-11-15 18:55:10-0500: Error: {"error":"Could not parse board location: D17","field":"moves","id":"query_1217"}
2025-11-15 18:55:10-0500: Error: {"error":"Could not parse board location: D17","field":"moves","id":"query_1218"}
2025-11-15 18:55:10-0500: Error: {"error":"Could not parse board location: D17","field":"moves","id":"query_1219"}
2025-11-15 18:55:10-0500: Error: {"error":"Could not parse board location: D17","field":"moves","id":"query_1220"}
2025-11-15 18:55:10-0500: Error: {"error":"Could not parse board location: D17","field":"moves","id":"query_1221"}
2025-11-15 18:55:10-0500: Error: {"error":"Could not parse board location: D17","field":"moves","id":"query_1222"}
2025-11-15 18:55:10-0500: Error: {"error":"Could not parse board location: D17","field":"moves","id":"query_1223"}
2025-11-15 18:55:10-0500: Error: {"error":"Could not parse board location: D17","field":"moves","id":"query_1224"}
2025-11-15 18:55:10-0500: Error: {"error":"Could not parse board location: D17","field":"moves","id":"query_1225"}
2025-11-15 18:55:10-0500: Error: {"error":"Could not parse board location: D17","field":"moves","id":"query_1226"}
2025-11-15 18:55:10-0500: Error: {"error":"Could not parse board location: D17","field":"moves","id":"query_1227"}
2025-11-15 18:55:10-0500: Error: {"error":"Could not parse board location: D17","field":"moves","id":"query_1228"}
2025-11-15 18:55:10-0500: Error: {"error":"Could not parse board location: D17","field":"moves","id":"query_1229"}
2025-11-15 18:55:10-0500: Error: {"error":"Could not parse board location: D17","field":"moves","id":"query_1230"}
2025-11-15 18:55:10-0500: Error: {"error":"Could not parse board location: D17","field":"moves","id":"query_1231"}
2025-11-15 18:55:10-0500: Error: {"error":"Could not parse board location: D17","field":"moves","id":"query_1232"}
2025-11-15 18:55:10-0500: Error: {"error":"Could not parse board location: D17","field":"moves","id":"query_1233"}
2025-11-15 18:55:10-0500: Error: {"error":"Could not parse board location: D17","field":"moves","id":"query_1234"}
2025-11-15 18:55:10-0500: Error: {"error":"Could not parse board location: D17","field":"moves","id":"query_1235"}
2025-11-15 18:55:10-0500: Error: {"error":"Could not parse board location: D17","field":"moves","id":"query_1236"}
2025-11-15 18:55:10-0500: Error: {"error":"Could not parse board location: D17","field":"moves","id":"query_1237"}
2025-11-15 18:55:10-0500: Error: {"error":"Could not parse board location: D17","field":"moves","id":"query_1238"}
2025-11-15 18:55:10-0500: Error: {"error":"Could not parse board location: D17","field":"moves","id":"query_1239"}
2025-11-15 18:55:10-0500: Error: {"error":"Could not parse board location: D17","field":"moves","id":"query_1240"}
2025-11-15 18:55:21-0500: Error: {"error":"Could not parse board location: M15","field":"moves","id":"query_1244"}
2025-11-15 18:55:21-0500: Error: {"error":"Could not parse board location: M15","field":"moves","id":"query_1245"}
2025-11-15 18:55:21-0500: Error: {"error":"Could not parse board location: M15","field":"moves","id":"query_1246"}
2025-11-15 18:55:21-0500: Error: {"error":"Could not parse board location: M15","field":"moves","id":"query_1247"}
2025-11-15 18:55:21-0500: Error: {"error":"Could not parse board location: M15","field":"moves","id":"query_1248"}
2025-11-15 18:55:21-0500: Error: {"error":"Could not parse board location: M15","field":"moves","id":"query_1249"}
2025-11-15 18:55:21-0500: Error: {"error":"Could not parse board location: M15","field":"moves","id":"query_1250"}
2025-11-15 18:55:21-0500: Error: {"error":"Could not parse board location: M15","field":"moves","id":"query_1251"}
2025-11-15 18:55:21-0500: Error: {"error":"Could not parse board location: M15","field":"moves","id":"query_1252"}
2025-11-15 18:55:21-0500: Error: {"error":"Could not parse board location: M15","field":"moves","id":"query_1253"}
2025-11-15 18:55:21-0500: Error: {"error":"Could not parse board location: M15","field":"moves","id":"query_1254"}
2025-11-15 18:55:21-0500: Error: {"error":"Could not parse board location: M15","field":"moves","id":"query_1255"}
2025-11-15 18:55:21-0500: Error: {"error":"Could not parse board location: M15","field":"moves","id":"query_1256"}
2025-11-15 18:55:21-0500: Error: {"error":"Could not parse board location: M15","field":"moves","id":"query_1257"}
2025-11-15 18:55:21-0500: Error: {"error":"Could not parse board location: M15","field":"moves","id":"query_1258"}
2025-11-15 18:55:21-0500: Error: {"error":"Could not parse board location: M15","field":"moves","id":"query_1259"}
2025-11-15 18:55:21-0500: Error: {"error":"Could not parse board location: M15","field":"moves","id":"query_1260"}
2025-11-15 18:55:21-0500: Error: {"error":"Could not parse board location: M15","field":"moves","id":"query_1261"}
2025-11-15 18:55:21-0500: Error: {"error":"Could not parse board location: M15","field":"moves","id":"query_1262"}
2025-11-15 18:55:21-0500: Error: {"error":"Could not parse board location: M15","field":"moves","id":"query_1263"}
2025-11-15 18:55:21-0500: Error: {"error":"Could not parse board location: M15","field":"moves","id":"query_1264"}
2025-11-15 18:55:21-0500: Error: {"error":"Could not parse board location: M15","field":"moves","id":"query_1265"}
2025-11-15 18:55:21-0500: Error: {"error":"Could not parse board location: M15","field":"moves","id":"query_1266"}
2025-11-15 18:55:21-0500: Error: {"error":"Could not parse board location: M15","field":"moves","id":"query_1267"}
2025-11-15 18:55:21-0500: Error: {"error":"Could not parse board location: M15","field":"moves","id":"query_1268"}
2025-11-15 18:55:21-0500: Error: {"error":"Could not parse board location: M15","field":"moves","id":"query_1269"}
2025-11-15 18:55:21-0500: Error: {"error":"Could not parse board location: M15","field":"moves","id":"query_1270"}
2025-11-15 18:55:21-0500: Error: {"error":"Could not parse board location: M15","field":"moves","id":"query_1271"}
2025-11-15 18:55:21-0500: Error: {"error":"Could not parse board location: M15","field":"moves","id":"query_1272"}
2025-11-15 18:55:21-0500: Error: {"error":"Could not parse board location: M15","field":"moves","id":"query_1273"}
2025-11-15 18:55:21-0500: Error: {"error":"Could not parse board location: M15","field":"moves","id":"query_1274"}
2025-11-15 18:55:21-0500: Error: {"error":"Could not parse board location: M15","field":"moves","id":"query_1275"}
2025-11-15 18:55:21-0500: Error: {"error":"Could not parse board location: M15","field":"moves","id":"query_1276"}
2025-11-15 18:55:21-0500: Error: {"error":"Could not parse board location: M15","field":"moves","id":"query_1277"}
2025-11-15 18:55:21-0500: Error: {"error":"Could not parse board location: M15","field":"moves","id":"query_1278"}
2025-11-15 18:55:21-0500: Error: {"error":"Could not parse board location: M15","field":"moves","id":"query_1279"}
2025-11-15 18:55:21-0500: Error: {"error":"Could not parse board location: M15","field":"moves","id":"query_1280"}
2025-11-15 18:55:21-0500: Error: {"error":"Could not parse board location: M15","field":"moves","id":"query_1281"}
2025-11-15 18:55:21-0500: Error: {"error":"Could not parse board location: M15","field":"moves","id":"query_1282"}
2025-11-15 18:55:21-0500: Error: {"error":"Could not parse board location: M15","field":"moves","id":"query_1283"}
2025-11-15 18:55:21-0500: Error: {"error":"Could not parse board location: M15","field":"moves","id":"query_1284"}
2025-11-15 18:55:21-0500: Error: {"error":"Could not parse board location: M15","field":"moves","id":"query_1285"}
2025-11-15 18:55:21-0500: Error: {"error":"Could not parse board location: M15","field":"moves","id":"query_1286"}
2025-11-15 18:55:21-0500: Error: {"error":"Could not parse board location: M15","field":"moves","id":"query_1287"}
2025-11-15 18:55:21-0500: Error: {"error":"Could not parse board location: M15","field":"moves","id":"query_1288"}
