2025-11-15 18:07:18-0500: Running with following config:
logDir = analysis_logs
maxVisits = 500
nnCacheSizePowerOfTwo = 23
nnMaxBatchSize = 64
nnMutexPoolSizePowerOfTwo = 17
nnRandomize = true
numAnalysisThreads = 2
numSearchThreads = 16
reportAnalysisWinratesAs = BLACK

2025-11-15 18:07:18-0500: Analysis Engine starting...
2025-11-15 18:07:18-0500: KataGo v1.16.4
2025-11-15 18:07:18-0500: nnRandSeed0 = 1698341199025190601
2025-11-15 18:07:18-0500: After dedups: nnModelFile0 = ../../katago_repo/run/kata1-b28c512nbt-s11653980416-d5514111622.bin.gz useFP16 auto useNHWC auto
2025-11-15 18:07:18-0500: Initializing neural net buffer to be size 19 * 19 allowing smaller boards
2025-11-15 18:07:22-0500: Found OpenCL Platform 0: NVIDIA CUDA (NVIDIA Corporation) (OpenCL 3.0 CUDA 12.8.98)
2025-11-15 18:07:22-0500: Found 1 device(s) on platform 0 with type CPU or GPU or Accelerator
2025-11-15 18:07:22-0500: Found OpenCL Device 0: NVIDIA RTX 6000 Ada Generation (NVIDIA Corporation) (score 11000300)
2025-11-15 18:07:22-0500: Creating context for OpenCL Platform: NVIDIA CUDA (NVIDIA Corporation) (OpenCL 3.0 CUDA 12.8.98)
2025-11-15 18:07:23-0500: Using OpenCL Device 0: NVIDIA RTX 6000 Ada Generation (NVIDIA Corporation) OpenCL 3.0 CUDA (Extensions: cl_khr_global_int32_base_atomics cl_khr_global_int32_extended_atomics cl_khr_local_int32_base_atomics cl_khr_local_int32_extended_atomics cl_khr_fp64 cl_khr_3d_image_writes cl_khr_byte_addressable_store cl_khr_icd cl_khr_gl_sharing cl_nv_compiler_options cl_nv_device_attribute_query cl_nv_pragma_unroll cl_nv_copy_opts cl_khr_gl_event cl_nv_create_buffer cl_khr_int64_base_atomics cl_khr_int64_extended_atomics cl_nv_kernel_attribute cl_khr_device_uuid cl_khr_pci_bus_info cl_khr_external_semaphore cl_khr_external_memory cl_khr_external_semaphore_opaque_fd cl_khr_external_memory_opaque_fd cl_khr_semaphore)
2025-11-15 18:07:23-0500: Loaded tuning parameters from: /thayerfs/home/f004h1v/.katago/opencltuning/tune11_gpuNVIDIARTX6000AdaGeneration_x19_y19_c512_mv15.txt
2025-11-15 18:07:23-0500: OpenCL backend thread 0: Model version 15
2025-11-15 18:07:23-0500: OpenCL backend thread 0: Model name: kata1-b28c512nbt-s11653980416-d5514111622
2025-11-15 18:07:26-0500: OpenCL backend thread 0: FP16Storage true FP16Compute false FP16TensorCores true FP16TensorCoresFor1x1 false
2025-11-15 18:07:26-0500: Loaded config ../../katago_repo/run/analysis.cfg
2025-11-15 18:07:26-0500: Loaded model ../../katago_repo/run/kata1-b28c512nbt-s11653980416-d5514111622.bin.gz
2025-11-15 18:07:26-0500: Analyzing up to 2 positions at a time in parallel
2025-11-15 18:07:26-0500: Started, ready to begin handling requests
2025-11-15 18:09:50-0500: Error: {"error":"Illegal move 187: J1","field":"moves","id":"query_40"}
2025-11-15 18:09:50-0500: Error: {"error":"Illegal move 187: J1","field":"moves","id":"query_41"}
2025-11-15 18:09:50-0500: Error: {"error":"Illegal move 187: J1","field":"moves","id":"query_42"}
2025-11-15 18:09:50-0500: Error: {"error":"Illegal move 187: J1","field":"moves","id":"query_43"}
2025-11-15 18:09:50-0500: Error: {"error":"Illegal move 187: J1","field":"moves","id":"query_44"}
2025-11-15 18:09:50-0500: Error: {"error":"Illegal move 187: J1","field":"moves","id":"query_45"}
2025-11-15 18:09:50-0500: Error: {"error":"Illegal move 187: J1","field":"moves","id":"query_46"}
2025-11-15 18:09:50-0500: Error: {"error":"Illegal move 187: J1","field":"moves","id":"query_47"}
2025-11-15 18:09:50-0500: Error: {"error":"Illegal move 187: J1","field":"moves","id":"query_48"}
2025-11-15 18:09:50-0500: Error: {"error":"Illegal move 187: J1","field":"moves","id":"query_49"}
2025-11-15 18:09:50-0500: Error: {"error":"Illegal move 187: J1","field":"moves","id":"query_50"}
2025-11-15 18:09:50-0500: Error: {"error":"Illegal move 187: J1","field":"moves","id":"query_51"}
2025-11-15 18:09:50-0500: Error: {"error":"Illegal move 187: J1","field":"moves","id":"query_52"}
2025-11-15 18:09:50-0500: Error: {"error":"Illegal move 187: J1","field":"moves","id":"query_53"}
2025-11-15 18:09:50-0500: Error: {"error":"Illegal move 187: J1","field":"moves","id":"query_54"}
2025-11-15 18:09:50-0500: Error: {"error":"Illegal move 187: J1","field":"moves","id":"query_55"}
2025-11-15 18:09:50-0500: Error: {"error":"Illegal move 187: J1","field":"moves","id":"query_56"}
2025-11-15 18:09:50-0500: Error: {"error":"Illegal move 187: J1","field":"moves","id":"query_57"}
2025-11-15 18:09:50-0500: Error: {"error":"Illegal move 187: J1","field":"moves","id":"query_58"}
2025-11-15 18:09:50-0500: Error: {"error":"Illegal move 187: J1","field":"moves","id":"query_59"}
2025-11-15 18:09:50-0500: Error: {"error":"Illegal move 187: J1","field":"moves","id":"query_60"}
2025-11-15 18:09:50-0500: Error: {"error":"Illegal move 187: J1","field":"moves","id":"query_61"}
2025-11-15 18:09:50-0500: Error: {"error":"Illegal move 187: J1","field":"moves","id":"query_62"}
2025-11-15 18:09:50-0500: Error: {"error":"Illegal move 187: J1","field":"moves","id":"query_63"}
2025-11-15 18:09:50-0500: Error: {"error":"Illegal move 187: J1","field":"moves","id":"query_64"}
2025-11-15 18:09:50-0500: Error: {"error":"Illegal move 187: J1","field":"moves","id":"query_65"}
2025-11-15 18:09:50-0500: Error: {"error":"Illegal move 187: J1","field":"moves","id":"query_66"}
2025-11-15 18:09:50-0500: Error: {"error":"Illegal move 187: J1","field":"moves","id":"query_67"}
2025-11-15 18:09:50-0500: Error: {"error":"Illegal move 187: J1","field":"moves","id":"query_68"}
2025-11-15 18:09:50-0500: Error: {"error":"Illegal move 187: J1","field":"moves","id":"query_69"}
2025-11-15 18:09:50-0500: Error: {"error":"Illegal move 187: J1","field":"moves","id":"query_70"}
2025-11-15 18:09:50-0500: Error: {"error":"Illegal move 187: J1","field":"moves","id":"query_71"}
2025-11-15 18:09:50-0500: Error: {"error":"Illegal move 187: J1","field":"moves","id":"query_72"}
2025-11-15 18:09:50-0500: Error: {"error":"Illegal move 187: J1","field":"moves","id":"query_73"}
2025-11-15 18:12:40-0500: Error: {"error":"Illegal move 205: E6","field":"moves","id":"query_116"}
2025-11-15 18:12:40-0500: Error: {"error":"Illegal move 205: E6","field":"moves","id":"query_117"}
2025-11-15 18:12:40-0500: Error: {"error":"Illegal move 205: E6","field":"moves","id":"query_118"}
2025-11-15 18:12:40-0500: Error: {"error":"Illegal move 205: E6","field":"moves","id":"query_119"}
2025-11-15 18:12:40-0500: Error: {"error":"Illegal move 205: E6","field":"moves","id":"query_120"}
2025-11-15 18:12:40-0500: Error: {"error":"Illegal move 205: E6","field":"moves","id":"query_121"}
2025-11-15 18:12:40-0500: Error: {"error":"Illegal move 205: E6","field":"moves","id":"query_122"}
2025-11-15 18:12:40-0500: Error: {"error":"Illegal move 205: E6","field":"moves","id":"query_123"}
2025-11-15 18:12:40-0500: Error: {"error":"Illegal move 205: E6","field":"moves","id":"query_124"}
2025-11-15 18:12:40-0500: Error: {"error":"Illegal move 205: E6","field":"moves","id":"query_125"}
2025-11-15 18:12:40-0500: Error: {"error":"Illegal move 205: E6","field":"moves","id":"query_126"}
2025-11-15 18:12:40-0500: Error: {"error":"Illegal move 205: E6","field":"moves","id":"query_127"}
2025-11-15 18:12:40-0500: Error: {"error":"Illegal move 205: E6","field":"moves","id":"query_128"}
2025-11-15 18:12:40-0500: Error: {"error":"Illegal move 205: E6","field":"moves","id":"query_129"}
2025-11-15 18:12:40-0500: Error: {"error":"Illegal move 205: E6","field":"moves","id":"query_130"}
2025-11-15 18:12:40-0500: Error: {"error":"Illegal move 205: E6","field":"moves","id":"query_131"}
2025-11-15 18:12:40-0500: Error: {"error":"Illegal move 205: E6","field":"moves","id":"query_132"}
2025-11-15 18:12:40-0500: Error: {"error":"Illegal move 205: E6","field":"moves","id":"query_133"}
2025-11-15 18:12:40-0500: Error: {"error":"Illegal move 205: E6","field":"moves","id":"query_134"}
2025-11-15 18:12:40-0500: Error: {"error":"Illegal move 205: E6","field":"moves","id":"query_135"}
2025-11-15 18:12:40-0500: Error: {"error":"Illegal move 205: E6","field":"moves","id":"query_136"}
2025-11-15 18:12:40-0500: Error: {"error":"Illegal move 205: E6","field":"moves","id":"query_137"}
2025-11-15 18:12:40-0500: Error: {"error":"Illegal move 205: E6","field":"moves","id":"query_138"}
2025-11-15 18:12:40-0500: Error: {"error":"Illegal move 205: E6","field":"moves","id":"query_139"}
2025-11-15 18:12:40-0500: Error: {"error":"Illegal move 205: E6","field":"moves","id":"query_140"}
2025-11-15 18:12:40-0500: Error: {"error":"Illegal move 205: E6","field":"moves","id":"query_141"}
2025-11-15 18:12:40-0500: Error: {"error":"Illegal move 205: E6","field":"moves","id":"query_142"}
2025-11-15 18:12:40-0500: Error: {"error":"Illegal move 205: E6","field":"moves","id":"query_143"}
2025-11-15 18:12:40-0500: Error: {"error":"Illegal move 205: E6","field":"moves","id":"query_144"}
2025-11-15 18:12:40-0500: Error: {"error":"Illegal move 205: E6","field":"moves","id":"query_145"}
2025-11-15 18:12:40-0500: Error: {"error":"Illegal move 205: E6","field":"moves","id":"query_146"}
2025-11-15 18:14:26-0500: Error: {"error":"Illegal move 162: M2","field":"moves","id":"query_180"}
2025-11-15 18:14:26-0500: Error: {"error":"Illegal move 162: M2","field":"moves","id":"query_181"}
2025-11-15 18:14:26-0500: Error: {"error":"Illegal move 162: M2","field":"moves","id":"query_182"}
2025-11-15 18:14:26-0500: Error: {"error":"Illegal move 162: M2","field":"moves","id":"query_183"}
2025-11-15 18:14:26-0500: Error: {"error":"Illegal move 162: M2","field":"moves","id":"query_184"}
2025-11-15 18:14:26-0500: Error: {"error":"Illegal move 162: M2","field":"moves","id":"query_185"}
2025-11-15 18:14:26-0500: Error: {"error":"Illegal move 162: M2","field":"moves","id":"query_186"}
2025-11-15 18:14:26-0500: Error: {"error":"Illegal move 162: M2","field":"moves","id":"query_187"}
2025-11-15 18:14:26-0500: Error: {"error":"Illegal move 162: M2","field":"moves","id":"query_188"}
2025-11-15 18:14:26-0500: Error: {"error":"Illegal move 162: M2","field":"moves","id":"query_189"}
2025-11-15 18:14:26-0500: Error: {"error":"Illegal move 162: M2","field":"moves","id":"query_190"}
2025-11-15 18:14:26-0500: Error: {"error":"Illegal move 162: M2","field":"moves","id":"query_191"}
2025-11-15 18:14:26-0500: Error: {"error":"Illegal move 162: M2","field":"moves","id":"query_192"}
2025-11-15 18:14:26-0500: Error: {"error":"Illegal move 162: M2","field":"moves","id":"query_193"}
2025-11-15 18:14:26-0500: Error: {"error":"Illegal move 162: M2","field":"moves","id":"query_194"}
2025-11-15 18:14:26-0500: Error: {"error":"Illegal move 162: M2","field":"moves","id":"query_195"}
2025-11-15 18:14:26-0500: Error: {"error":"Illegal move 162: M2","field":"moves","id":"query_196"}
2025-11-15 18:14:26-0500: Error: {"error":"Illegal move 162: M2","field":"moves","id":"query_197"}
2025-11-15 18:14:26-0500: Error: {"error":"Illegal move 162: M2","field":"moves","id":"query_198"}
2025-11-15 18:14:26-0500: Error: {"error":"Illegal move 162: M2","field":"moves","id":"query_199"}
2025-11-15 18:14:26-0500: Error: {"error":"Illegal move 162: M2","field":"moves","id":"query_200"}
2025-11-15 18:14:26-0500: Error: {"error":"Illegal move 162: M2","field":"moves","id":"query_201"}
2025-11-15 18:14:26-0500: Error: {"error":"Illegal move 162: M2","field":"moves","id":"query_202"}
2025-11-15 18:14:26-0500: Error: {"error":"Illegal move 162: M2","field":"moves","id":"query_203"}
2025-11-15 18:14:26-0500: Error: {"error":"Illegal move 162: M2","field":"moves","id":"query_204"}
2025-11-15 18:14:26-0500: Error: {"error":"Illegal move 162: M2","field":"moves","id":"query_205"}
2025-11-15 18:14:26-0500: Error: {"error":"Illegal move 162: M2","field":"moves","id":"query_206"}
2025-11-15 18:14:26-0500: Error: {"error":"Illegal move 162: M2","field":"moves","id":"query_207"}
2025-11-15 18:14:26-0500: Error: {"error":"Illegal move 162: M2","field":"moves","id":"query_208"}
2025-11-15 18:14:26-0500: Error: {"error":"Illegal move 162: M2","field":"moves","id":"query_209"}
2025-11-15 18:14:26-0500: Error: {"error":"Illegal move 162: M2","field":"moves","id":"query_210"}
2025-11-15 18:14:26-0500: Error: {"error":"Illegal move 162: M2","field":"moves","id":"query_211"}
2025-11-15 18:14:26-0500: Error: {"error":"Illegal move 162: M2","field":"moves","id":"query_212"}
2025-11-15 18:14:26-0500: Error: {"error":"Illegal move 162: M2","field":"moves","id":"query_213"}
2025-11-15 18:14:26-0500: Error: {"error":"Illegal move 162: M2","field":"moves","id":"query_214"}
2025-11-15 18:19:49-0500: Error: {"error":"Illegal move 233: D9","field":"moves","id":"query_305"}
2025-11-15 18:19:49-0500: Error: {"error":"Illegal move 233: D9","field":"moves","id":"query_306"}
2025-11-15 18:19:49-0500: Error: {"error":"Illegal move 233: D9","field":"moves","id":"query_307"}
2025-11-15 18:19:49-0500: Error: {"error":"Illegal move 233: D9","field":"moves","id":"query_308"}
2025-11-15 18:19:49-0500: Error: {"error":"Illegal move 233: D9","field":"moves","id":"query_309"}
2025-11-15 18:19:49-0500: Error: {"error":"Illegal move 233: D9","field":"moves","id":"query_310"}
2025-11-15 18:19:49-0500: Error: {"error":"Illegal move 233: D9","field":"moves","id":"query_311"}
2025-11-15 18:19:49-0500: Error: {"error":"Illegal move 233: D9","field":"moves","id":"query_312"}
2025-11-15 18:19:49-0500: Error: {"error":"Illegal move 233: D9","field":"moves","id":"query_313"}
2025-11-15 18:19:49-0500: Error: {"error":"Illegal move 233: D9","field":"moves","id":"query_314"}
2025-11-15 18:19:49-0500: Error: {"error":"Illegal move 233: D9","field":"moves","id":"query_315"}
2025-11-15 18:19:49-0500: Error: {"error":"Illegal move 233: D9","field":"moves","id":"query_316"}
2025-11-15 18:19:49-0500: Error: {"error":"Illegal move 233: D9","field":"moves","id":"query_317"}
2025-11-15 18:19:49-0500: Error: {"error":"Illegal move 233: D9","field":"moves","id":"query_318"}
2025-11-15 18:19:49-0500: Error: {"error":"Illegal move 233: D9","field":"moves","id":"query_319"}
2025-11-15 18:19:49-0500: Error: {"error":"Illegal move 233: D9","field":"moves","id":"query_320"}
2025-11-15 18:19:49-0500: Error: {"error":"Illegal move 233: D9","field":"moves","id":"query_321"}
2025-11-15 18:19:49-0500: Error: {"error":"Illegal move 233: D9","field":"moves","id":"query_322"}
2025-11-15 18:19:49-0500: Error: {"error":"Illegal move 233: D9","field":"moves","id":"query_323"}
2025-11-15 18:19:49-0500: Error: {"error":"Illegal move 233: D9","field":"moves","id":"query_324"}
2025-11-15 18:19:49-0500: Error: {"error":"Illegal move 233: D9","field":"moves","id":"query_325"}
2025-11-15 18:19:49-0500: Error: {"error":"Illegal move 233: D9","field":"moves","id":"query_326"}
2025-11-15 18:19:49-0500: Error: {"error":"Illegal move 233: D9","field":"moves","id":"query_327"}
2025-11-15 18:19:49-0500: Error: {"error":"Illegal move 233: D9","field":"moves","id":"query_328"}
2025-11-15 18:19:49-0500: Error: {"error":"Illegal move 233: D9","field":"moves","id":"query_329"}
2025-11-15 18:19:49-0500: Error: {"error":"Illegal move 233: D9","field":"moves","id":"query_330"}
2025-11-15 18:19:49-0500: Error: {"error":"Illegal move 233: D9","field":"moves","id":"query_331"}
2025-11-15 18:19:49-0500: Error: {"error":"Illegal move 233: D9","field":"moves","id":"query_332"}
2025-11-15 18:19:49-0500: Error: {"error":"Illegal move 233: D9","field":"moves","id":"query_333"}
2025-11-15 18:19:49-0500: Error: {"error":"Illegal move 233: D9","field":"moves","id":"query_334"}
2025-11-15 18:19:49-0500: Error: {"error":"Illegal move 233: D9","field":"moves","id":"query_335"}
2025-11-15 18:19:49-0500: Error: {"error":"Illegal move 233: D9","field":"moves","id":"query_336"}
2025-11-15 18:19:49-0500: Error: {"error":"Illegal move 233: D9","field":"moves","id":"query_337"}
2025-11-15 18:19:49-0500: Error: {"error":"Illegal move 233: D9","field":"moves","id":"query_338"}
2025-11-15 18:19:49-0500: Error: {"error":"Illegal move 233: D9","field":"moves","id":"query_339"}
2025-11-15 18:19:49-0500: Error: {"error":"Illegal move 233: D9","field":"moves","id":"query_340"}
2025-11-15 18:19:49-0500: Error: {"error":"Illegal move 233: D9","field":"moves","id":"query_341"}
2025-11-15 18:19:49-0500: Error: {"error":"Illegal move 233: D9","field":"moves","id":"query_342"}
2025-11-15 18:19:49-0500: Error: {"error":"Illegal move 233: D9","field":"moves","id":"query_343"}
2025-11-15 18:19:49-0500: Error: {"error":"Illegal move 233: D9","field":"moves","id":"query_344"}
2025-11-15 18:19:58-0500: Error: {"error":"Could not parse board location: O18","field":"moves","id":"query_347"}
2025-11-15 18:19:58-0500: Error: {"error":"Could not parse board location: O18","field":"moves","id":"query_348"}
2025-11-15 18:19:58-0500: Error: {"error":"Could not parse board location: O18","field":"moves","id":"query_349"}
2025-11-15 18:19:58-0500: Error: {"error":"Could not parse board location: O18","field":"moves","id":"query_350"}
2025-11-15 18:19:58-0500: Error: {"error":"Could not parse board location: O18","field":"moves","id":"query_351"}
2025-11-15 18:19:58-0500: Error: {"error":"Could not parse board location: O18","field":"moves","id":"query_352"}
2025-11-15 18:19:58-0500: Error: {"error":"Could not parse board location: O18","field":"moves","id":"query_353"}
2025-11-15 18:19:58-0500: Error: {"error":"Could not parse board location: O18","field":"moves","id":"query_354"}
2025-11-15 18:19:58-0500: Error: {"error":"Could not parse board location: O18","field":"moves","id":"query_355"}
2025-11-15 18:19:58-0500: Error: {"error":"Could not parse board location: O18","field":"moves","id":"query_356"}
2025-11-15 18:19:58-0500: Error: {"error":"Could not parse board location: O18","field":"moves","id":"query_357"}
2025-11-15 18:19:58-0500: Error: {"error":"Could not parse board location: O18","field":"moves","id":"query_358"}
2025-11-15 18:19:58-0500: Error: {"error":"Could not parse board location: O18","field":"moves","id":"query_359"}
2025-11-15 18:19:58-0500: Error: {"error":"Could not parse board location: O18","field":"moves","id":"query_360"}
2025-11-15 18:19:58-0500: Error: {"error":"Could not parse board location: O18","field":"moves","id":"query_361"}
2025-11-15 18:19:58-0500: Error: {"error":"Could not parse board location: O18","field":"moves","id":"query_362"}
2025-11-15 18:19:58-0500: Error: {"error":"Could not parse board location: O18","field":"moves","id":"query_363"}
2025-11-15 18:19:58-0500: Error: {"error":"Could not parse board location: O18","field":"moves","id":"query_364"}
2025-11-15 18:19:58-0500: Error: {"error":"Could not parse board location: O18","field":"moves","id":"query_365"}
2025-11-15 18:19:58-0500: Error: {"error":"Could not parse board location: O18","field":"moves","id":"query_366"}
2025-11-15 18:19:58-0500: Error: {"error":"Could not parse board location: O18","field":"moves","id":"query_367"}
2025-11-15 18:19:58-0500: Error: {"error":"Could not parse board location: O18","field":"moves","id":"query_368"}
2025-11-15 18:19:58-0500: Error: {"error":"Could not parse board location: O18","field":"moves","id":"query_369"}
2025-11-15 18:19:58-0500: Error: {"error":"Could not parse board location: O18","field":"moves","id":"query_370"}
2025-11-15 18:19:58-0500: Error: {"error":"Could not parse board location: O18","field":"moves","id":"query_371"}
2025-11-15 18:21:11-0500: Error: {"error":"Illegal move 84: C2","field":"moves","id":"query_390"}
2025-11-15 18:21:11-0500: Error: {"error":"Illegal move 84: C2","field":"moves","id":"query_391"}
2025-11-15 18:21:11-0500: Error: {"error":"Illegal move 84: C2","field":"moves","id":"query_392"}
2025-11-15 18:21:11-0500: Error: {"error":"Illegal move 84: C2","field":"moves","id":"query_393"}
2025-11-15 18:21:11-0500: Error: {"error":"Illegal move 84: C2","field":"moves","id":"query_394"}
2025-11-15 18:21:11-0500: Error: {"error":"Illegal move 84: C2","field":"moves","id":"query_395"}
2025-11-15 18:21:11-0500: Error: {"error":"Illegal move 84: C2","field":"moves","id":"query_396"}
2025-11-15 18:21:11-0500: Error: {"error":"Illegal move 84: C2","field":"moves","id":"query_397"}
2025-11-15 18:21:11-0500: Error: {"error":"Illegal move 84: C2","field":"moves","id":"query_398"}
2025-11-15 18:21:11-0500: Error: {"error":"Illegal move 84: C2","field":"moves","id":"query_399"}
2025-11-15 18:21:11-0500: Error: {"error":"Illegal move 84: C2","field":"moves","id":"query_400"}
2025-11-15 18:21:11-0500: Error: {"error":"Illegal move 84: C2","field":"moves","id":"query_401"}
2025-11-15 18:21:11-0500: Error: {"error":"Illegal move 84: C2","field":"moves","id":"query_402"}
2025-11-15 18:21:11-0500: Error: {"error":"Illegal move 84: C2","field":"moves","id":"query_403"}
2025-11-15 18:21:11-0500: Error: {"error":"Illegal move 84: C2","field":"moves","id":"query_404"}
2025-11-15 18:21:11-0500: Error: {"error":"Illegal move 84: C2","field":"moves","id":"query_405"}
2025-11-15 18:21:11-0500: Error: {"error":"Illegal move 84: C2","field":"moves","id":"query_406"}
2025-11-15 18:21:11-0500: Error: {"error":"Illegal move 84: C2","field":"moves","id":"query_407"}
2025-11-15 18:21:11-0500: Error: {"error":"Illegal move 84: C2","field":"moves","id":"query_408"}
2025-11-15 18:21:11-0500: Error: {"error":"Illegal move 84: C2","field":"moves","id":"query_409"}
2025-11-15 18:21:11-0500: Error: {"error":"Illegal move 84: C2","field":"moves","id":"query_410"}
2025-11-15 18:23:35-0500: Error: {"error":"Illegal move 211: D6","field":"moves","id":"query_454"}
2025-11-15 18:23:35-0500: Error: {"error":"Illegal move 211: D6","field":"moves","id":"query_455"}
2025-11-15 18:23:35-0500: Error: {"error":"Illegal move 211: D6","field":"moves","id":"query_456"}
2025-11-15 18:23:35-0500: Error: {"error":"Illegal move 211: D6","field":"moves","id":"query_457"}
2025-11-15 18:23:35-0500: Error: {"error":"Illegal move 211: D6","field":"moves","id":"query_458"}
2025-11-15 18:23:35-0500: Error: {"error":"Illegal move 211: D6","field":"moves","id":"query_459"}
2025-11-15 18:23:35-0500: Error: {"error":"Illegal move 211: D6","field":"moves","id":"query_460"}
2025-11-15 18:23:35-0500: Error: {"error":"Illegal move 211: D6","field":"moves","id":"query_461"}
2025-11-15 18:23:35-0500: Error: {"error":"Illegal move 211: D6","field":"moves","id":"query_462"}
2025-11-15 18:23:35-0500: Error: {"error":"Illegal move 211: D6","field":"moves","id":"query_463"}
2025-11-15 18:23:35-0500: Error: {"error":"Illegal move 211: D6","field":"moves","id":"query_464"}
2025-11-15 18:23:35-0500: Error: {"error":"Illegal move 211: D6","field":"moves","id":"query_465"}
2025-11-15 18:23:35-0500: Error: {"error":"Illegal move 211: D6","field":"moves","id":"query_466"}
2025-11-15 18:23:35-0500: Error: {"error":"Illegal move 211: D6","field":"moves","id":"query_467"}
2025-11-15 18:23:35-0500: Error: {"error":"Illegal move 211: D6","field":"moves","id":"query_468"}
2025-11-15 18:23:35-0500: Error: {"error":"Illegal move 211: D6","field":"moves","id":"query_469"}
2025-11-15 18:23:35-0500: Error: {"error":"Illegal move 211: D6","field":"moves","id":"query_470"}
2025-11-15 18:23:35-0500: Error: {"error":"Illegal move 211: D6","field":"moves","id":"query_471"}
2025-11-15 18:23:35-0500: Error: {"error":"Illegal move 211: D6","field":"moves","id":"query_472"}
2025-11-15 18:23:35-0500: Error: {"error":"Illegal move 211: D6","field":"moves","id":"query_473"}
2025-11-15 18:23:35-0500: Error: {"error":"Illegal move 211: D6","field":"moves","id":"query_474"}
2025-11-15 18:23:35-0500: Error: {"error":"Illegal move 211: D6","field":"moves","id":"query_475"}
2025-11-15 18:23:35-0500: Error: {"error":"Illegal move 211: D6","field":"moves","id":"query_476"}
2025-11-15 18:23:35-0500: Error: {"error":"Illegal move 211: D6","field":"moves","id":"query_477"}
2025-11-15 18:23:35-0500: Error: {"error":"Illegal move 211: D6","field":"moves","id":"query_478"}
2025-11-15 18:23:35-0500: Error: {"error":"Illegal move 211: D6","field":"moves","id":"query_479"}
2025-11-15 18:23:35-0500: Error: {"error":"Illegal move 211: D6","field":"moves","id":"query_480"}
2025-11-15 18:23:35-0500: Error: {"error":"Illegal move 211: D6","field":"moves","id":"query_481"}
2025-11-15 18:23:35-0500: Error: {"error":"Illegal move 211: D6","field":"moves","id":"query_482"}
2025-11-15 18:23:35-0500: Error: {"error":"Illegal move 211: D6","field":"moves","id":"query_483"}
2025-11-15 18:23:35-0500: Error: {"error":"Illegal move 211: D6","field":"moves","id":"query_484"}
2025-11-15 18:23:35-0500: Error: {"error":"Illegal move 211: D6","field":"moves","id":"query_485"}
2025-11-15 18:23:35-0500: Error: {"error":"Illegal move 211: D6","field":"moves","id":"query_486"}
2025-11-15 18:23:35-0500: Error: {"error":"Illegal move 211: D6","field":"moves","id":"query_487"}
2025-11-15 18:23:35-0500: Error: {"error":"Illegal move 211: D6","field":"moves","id":"query_488"}
2025-11-15 18:23:35-0500: Error: {"error":"Illegal move 211: D6","field":"moves","id":"query_489"}
2025-11-15 18:23:35-0500: Error: {"error":"Illegal move 211: D6","field":"moves","id":"query_490"}
2025-11-15 18:23:35-0500: Error: {"error":"Illegal move 211: D6","field":"moves","id":"query_491"}
2025-11-15 18:23:35-0500: Error: {"error":"Illegal move 211: D6","field":"moves","id":"query_492"}
2025-11-15 18:23:35-0500: Error: {"error":"Illegal move 211: D6","field":"moves","id":"query_493"}
2025-11-15 18:23:35-0500: Error: {"error":"Illegal move 211: D6","field":"moves","id":"query_494"}
2025-11-15 18:23:35-0500: Error: {"error":"Illegal move 211: D6","field":"moves","id":"query_495"}
2025-11-15 18:23:35-0500: Error: {"error":"Illegal move 211: D6","field":"moves","id":"query_496"}
2025-11-15 18:23:35-0500: Error: {"error":"Illegal move 211: D6","field":"moves","id":"query_497"}
2025-11-15 18:23:35-0500: Error: {"error":"Illegal move 211: D6","field":"moves","id":"query_498"}
2025-11-15 18:23:35-0500: Error: {"error":"Illegal move 211: D6","field":"moves","id":"query_499"}
2025-11-15 18:24:59-0500: Error: {"error":"Illegal move 96: A13","field":"moves","id":"query_521"}
2025-11-15 18:24:59-0500: Error: {"error":"Illegal move 96: A13","field":"moves","id":"query_522"}
2025-11-15 18:24:59-0500: Error: {"error":"Illegal move 96: A13","field":"moves","id":"query_523"}
2025-11-15 18:24:59-0500: Error: {"error":"Illegal move 96: A13","field":"moves","id":"query_524"}
2025-11-15 18:24:59-0500: Error: {"error":"Illegal move 96: A13","field":"moves","id":"query_525"}
2025-11-15 18:24:59-0500: Error: {"error":"Illegal move 96: A13","field":"moves","id":"query_526"}
2025-11-15 18:24:59-0500: Error: {"error":"Illegal move 96: A13","field":"moves","id":"query_527"}
2025-11-15 18:24:59-0500: Error: {"error":"Illegal move 96: A13","field":"moves","id":"query_528"}
2025-11-15 18:24:59-0500: Error: {"error":"Illegal move 96: A13","field":"moves","id":"query_529"}
2025-11-15 18:24:59-0500: Error: {"error":"Illegal move 96: A13","field":"moves","id":"query_530"}
2025-11-15 18:24:59-0500: Error: {"error":"Illegal move 96: A13","field":"moves","id":"query_531"}
2025-11-15 18:24:59-0500: Error: {"error":"Illegal move 96: A13","field":"moves","id":"query_532"}
2025-11-15 18:24:59-0500: Error: {"error":"Illegal move 96: A13","field":"moves","id":"query_533"}
2025-11-15 18:24:59-0500: Error: {"error":"Illegal move 96: A13","field":"moves","id":"query_534"}
2025-11-15 18:24:59-0500: Error: {"error":"Illegal move 96: A13","field":"moves","id":"query_535"}
2025-11-15 18:24:59-0500: Error: {"error":"Illegal move 96: A13","field":"moves","id":"query_536"}
2025-11-15 18:24:59-0500: Error: {"error":"Illegal move 96: A13","field":"moves","id":"query_537"}
2025-11-15 18:24:59-0500: Error: {"error":"Illegal move 96: A13","field":"moves","id":"query_538"}
2025-11-15 18:24:59-0500: Error: {"error":"Illegal move 96: A13","field":"moves","id":"query_539"}
2025-11-15 18:24:59-0500: Error: {"error":"Illegal move 96: A13","field":"moves","id":"query_540"}
2025-11-15 18:24:59-0500: Error: {"error":"Illegal move 96: A13","field":"moves","id":"query_541"}
2025-11-15 18:24:59-0500: Error: {"error":"Illegal move 96: A13","field":"moves","id":"query_542"}
2025-11-15 18:24:59-0500: Error: {"error":"Illegal move 96: A13","field":"moves","id":"query_543"}
2025-11-15 18:24:59-0500: Error: {"error":"Illegal move 96: A13","field":"moves","id":"query_544"}
2025-11-15 18:24:59-0500: Error: {"error":"Illegal move 96: A13","field":"moves","id":"query_545"}
2025-11-15 18:24:59-0500: Error: {"error":"Illegal move 96: A13","field":"moves","id":"query_546"}
2025-11-15 18:24:59-0500: Error: {"error":"Illegal move 96: A13","field":"moves","id":"query_547"}
2025-11-15 18:24:59-0500: Error: {"error":"Illegal move 96: A13","field":"moves","id":"query_548"}
2025-11-15 18:24:59-0500: Error: {"error":"Illegal move 96: A13","field":"moves","id":"query_549"}
2025-11-15 18:24:59-0500: Error: {"error":"Illegal move 96: A13","field":"moves","id":"query_550"}
2025-11-15 18:24:59-0500: Error: {"error":"Illegal move 96: A13","field":"moves","id":"query_551"}
2025-11-15 18:24:59-0500: Error: {"error":"Illegal move 96: A13","field":"moves","id":"query_552"}
2025-11-15 18:24:59-0500: Error: {"error":"Illegal move 96: A13","field":"moves","id":"query_553"}
2025-11-15 18:24:59-0500: Error: {"error":"Illegal move 96: A13","field":"moves","id":"query_554"}
2025-11-15 18:24:59-0500: Error: {"error":"Illegal move 96: A13","field":"moves","id":"query_555"}
2025-11-15 18:24:59-0500: Error: {"error":"Illegal move 96: A13","field":"moves","id":"query_556"}
2025-11-15 18:24:59-0500: Error: {"error":"Illegal move 96: A13","field":"moves","id":"query_557"}
2025-11-15 18:24:59-0500: Error: {"error":"Illegal move 96: A13","field":"moves","id":"query_558"}
2025-11-15 18:24:59-0500: Error: {"error":"Illegal move 96: A13","field":"moves","id":"query_559"}
2025-11-15 18:24:59-0500: Error: {"error":"Illegal move 96: A13","field":"moves","id":"query_560"}
2025-11-15 18:24:59-0500: Error: {"error":"Illegal move 96: A13","field":"moves","id":"query_561"}
2025-11-15 18:24:59-0500: Error: {"error":"Illegal move 96: A13","field":"moves","id":"query_562"}
2025-11-15 18:24:59-0500: Error: {"error":"Illegal move 96: A13","field":"moves","id":"query_563"}
2025-11-15 18:24:59-0500: Error: {"error":"Illegal move 96: A13","field":"moves","id":"query_564"}
2025-11-15 18:24:59-0500: Error: {"error":"Illegal move 96: A13","field":"moves","id":"query_565"}
2025-11-15 18:24:59-0500: Error: {"error":"Illegal move 96: A13","field":"moves","id":"query_566"}
2025-11-15 18:24:59-0500: Error: {"error":"Illegal move 96: A13","field":"moves","id":"query_567"}
2025-11-15 18:24:59-0500: Error: {"error":"Illegal move 96: A13","field":"moves","id":"query_568"}
2025-11-15 18:29:19-0500: Error: {"error":"Illegal move 152: F8","field":"moves","id":"query_630"}
2025-11-15 18:29:19-0500: Error: {"error":"Illegal move 152: F8","field":"moves","id":"query_631"}
2025-11-15 18:29:19-0500: Error: {"error":"Illegal move 152: F8","field":"moves","id":"query_632"}
2025-11-15 18:29:19-0500: Error: {"error":"Illegal move 152: F8","field":"moves","id":"query_633"}
2025-11-15 18:29:19-0500: Error: {"error":"Illegal move 152: F8","field":"moves","id":"query_634"}
2025-11-15 18:29:19-0500: Error: {"error":"Illegal move 152: F8","field":"moves","id":"query_635"}
2025-11-15 18:29:19-0500: Error: {"error":"Illegal move 152: F8","field":"moves","id":"query_636"}
2025-11-15 18:29:19-0500: Error: {"error":"Illegal move 152: F8","field":"moves","id":"query_637"}
2025-11-15 18:29:19-0500: Error: {"error":"Illegal move 152: F8","field":"moves","id":"query_638"}
2025-11-15 18:29:19-0500: Error: {"error":"Illegal move 152: F8","field":"moves","id":"query_639"}
2025-11-15 18:29:19-0500: Error: {"error":"Illegal move 152: F8","field":"moves","id":"query_640"}
2025-11-15 18:29:19-0500: Error: {"error":"Illegal move 152: F8","field":"moves","id":"query_641"}
2025-11-15 18:29:19-0500: Error: {"error":"Illegal move 152: F8","field":"moves","id":"query_642"}
2025-11-15 18:29:19-0500: Error: {"error":"Illegal move 152: F8","field":"moves","id":"query_643"}
2025-11-15 18:29:19-0500: Error: {"error":"Illegal move 152: F8","field":"moves","id":"query_644"}
2025-11-15 18:29:19-0500: Error: {"error":"Illegal move 152: F8","field":"moves","id":"query_645"}
2025-11-15 18:29:19-0500: Error: {"error":"Illegal move 152: F8","field":"moves","id":"query_646"}
2025-11-15 18:29:19-0500: Error: {"error":"Illegal move 152: F8","field":"moves","id":"query_647"}
2025-11-15 18:29:19-0500: Error: {"error":"Illegal move 152: F8","field":"moves","id":"query_648"}
2025-11-15 18:29:19-0500: Error: {"error":"Illegal move 152: F8","field":"moves","id":"query_649"}
2025-11-15 18:29:19-0500: Error: {"error":"Illegal move 152: F8","field":"moves","id":"query_650"}
2025-11-15 18:29:19-0500: Error: {"error":"Illegal move 152: F8","field":"moves","id":"query_651"}
2025-11-15 18:29:19-0500: Error: {"error":"Illegal move 152: F8","field":"moves","id":"query_652"}
2025-11-15 18:29:19-0500: Error: {"error":"Illegal move 152: F8","field":"moves","id":"query_653"}
2025-11-15 18:29:19-0500: Error: {"error":"Illegal move 152: F8","field":"moves","id":"query_654"}
2025-11-15 18:29:19-0500: Error: {"error":"Illegal move 152: F8","field":"moves","id":"query_655"}
2025-11-15 18:29:19-0500: Error: {"error":"Illegal move 152: F8","field":"moves","id":"query_656"}
2025-11-15 18:29:19-0500: Error: {"error":"Illegal move 152: F8","field":"moves","id":"query_657"}
2025-11-15 18:29:19-0500: Error: {"error":"Illegal move 152: F8","field":"moves","id":"query_658"}
2025-11-15 18:29:19-0500: Error: {"error":"Illegal move 152: F8","field":"moves","id":"query_659"}
2025-11-15 18:29:19-0500: Error: {"error":"Illegal move 152: F8","field":"moves","id":"query_660"}
2025-11-15 18:29:19-0500: Error: {"error":"Illegal move 152: F8","field":"moves","id":"query_661"}
2025-11-15 18:29:19-0500: Error: {"error":"Illegal move 152: F8","field":"moves","id":"query_662"}
2025-11-15 18:29:19-0500: Error: {"error":"Illegal move 152: F8","field":"moves","id":"query_663"}
2025-11-15 18:29:19-0500: Error: {"error":"Illegal move 152: F8","field":"moves","id":"query_664"}
2025-11-15 18:29:19-0500: Error: {"error":"Illegal move 152: F8","field":"moves","id":"query_665"}
2025-11-15 18:31:56-0500: Error: {"error":"Illegal move 169: E5","field":"moves","id":"query_700"}
2025-11-15 18:31:56-0500: Error: {"error":"Illegal move 169: E5","field":"moves","id":"query_701"}
2025-11-15 18:31:56-0500: Error: {"error":"Illegal move 169: E5","field":"moves","id":"query_702"}
2025-11-15 18:31:56-0500: Error: {"error":"Illegal move 169: E5","field":"moves","id":"query_703"}
2025-11-15 18:31:56-0500: Error: {"error":"Illegal move 169: E5","field":"moves","id":"query_704"}
2025-11-15 18:31:56-0500: Error: {"error":"Illegal move 169: E5","field":"moves","id":"query_705"}
2025-11-15 18:31:56-0500: Error: {"error":"Illegal move 169: E5","field":"moves","id":"query_706"}
2025-11-15 18:31:56-0500: Error: {"error":"Illegal move 169: E5","field":"moves","id":"query_707"}
2025-11-15 18:31:56-0500: Error: {"error":"Illegal move 169: E5","field":"moves","id":"query_708"}
2025-11-15 18:31:56-0500: Error: {"error":"Illegal move 169: E5","field":"moves","id":"query_709"}
2025-11-15 18:31:56-0500: Error: {"error":"Illegal move 169: E5","field":"moves","id":"query_710"}
2025-11-15 18:31:56-0500: Error: {"error":"Illegal move 169: E5","field":"moves","id":"query_711"}
2025-11-15 18:31:56-0500: Error: {"error":"Illegal move 169: E5","field":"moves","id":"query_712"}
2025-11-15 18:31:56-0500: Error: {"error":"Illegal move 169: E5","field":"moves","id":"query_713"}
2025-11-15 18:31:56-0500: Error: {"error":"Illegal move 169: E5","field":"moves","id":"query_714"}
2025-11-15 18:31:56-0500: Error: {"error":"Illegal move 169: E5","field":"moves","id":"query_715"}
2025-11-15 18:31:56-0500: Error: {"error":"Illegal move 169: E5","field":"moves","id":"query_716"}
2025-11-15 18:31:56-0500: Error: {"error":"Illegal move 169: E5","field":"moves","id":"query_717"}
2025-11-15 18:31:56-0500: Error: {"error":"Illegal move 169: E5","field":"moves","id":"query_718"}
2025-11-15 18:31:56-0500: Error: {"error":"Illegal move 169: E5","field":"moves","id":"query_719"}
2025-11-15 18:31:56-0500: Error: {"error":"Illegal move 169: E5","field":"moves","id":"query_720"}
2025-11-15 18:31:56-0500: Error: {"error":"Illegal move 169: E5","field":"moves","id":"query_721"}
2025-11-15 18:31:56-0500: Error: {"error":"Illegal move 169: E5","field":"moves","id":"query_722"}
2025-11-15 18:31:56-0500: Error: {"error":"Illegal move 169: E5","field":"moves","id":"query_723"}
2025-11-15 18:31:56-0500: Error: {"error":"Illegal move 169: E5","field":"moves","id":"query_724"}
2025-11-15 18:31:56-0500: Error: {"error":"Illegal move 169: E5","field":"moves","id":"query_725"}
2025-11-15 18:31:56-0500: Error: {"error":"Illegal move 169: E5","field":"moves","id":"query_726"}
2025-11-15 18:31:56-0500: Error: {"error":"Illegal move 169: E5","field":"moves","id":"query_727"}
2025-11-15 18:31:56-0500: Error: {"error":"Illegal move 169: E5","field":"moves","id":"query_728"}
2025-11-15 18:31:56-0500: Error: {"error":"Illegal move 169: E5","field":"moves","id":"query_729"}
2025-11-15 18:31:56-0500: Error: {"error":"Illegal move 169: E5","field":"moves","id":"query_730"}
2025-11-15 18:31:56-0500: Error: {"error":"Illegal move 169: E5","field":"moves","id":"query_731"}
2025-11-15 18:31:56-0500: Error: {"error":"Illegal move 169: E5","field":"moves","id":"query_732"}
2025-11-15 18:31:56-0500: Error: {"error":"Illegal move 169: E5","field":"moves","id":"query_733"}
2025-11-15 18:31:56-0500: Error: {"error":"Illegal move 169: E5","field":"moves","id":"query_734"}
2025-11-15 18:31:56-0500: Error: {"error":"Illegal move 169: E5","field":"moves","id":"query_735"}
2025-11-15 18:31:56-0500: Error: {"error":"Illegal move 169: E5","field":"moves","id":"query_736"}
2025-11-15 18:31:56-0500: Error: {"error":"Illegal move 169: E5","field":"moves","id":"query_737"}
2025-11-15 18:31:56-0500: Error: {"error":"Illegal move 169: E5","field":"moves","id":"query_738"}
2025-11-15 18:31:56-0500: Error: {"error":"Illegal move 169: E5","field":"moves","id":"query_739"}
2025-11-15 18:31:56-0500: Error: {"error":"Illegal move 169: E5","field":"moves","id":"query_740"}
2025-11-15 18:31:56-0500: Error: {"error":"Illegal move 169: E5","field":"moves","id":"query_741"}
2025-11-15 18:31:56-0500: Error: {"error":"Illegal move 169: E5","field":"moves","id":"query_742"}
2025-11-15 18:34:19-0500: Error: {"error":"Illegal move 174: F3","field":"moves","id":"query_778"}
2025-11-15 18:34:19-0500: Error: {"error":"Illegal move 174: F3","field":"moves","id":"query_779"}
2025-11-15 18:34:19-0500: Error: {"error":"Illegal move 174: F3","field":"moves","id":"query_780"}
2025-11-15 18:34:19-0500: Error: {"error":"Illegal move 174: F3","field":"moves","id":"query_781"}
2025-11-15 18:34:19-0500: Error: {"error":"Illegal move 174: F3","field":"moves","id":"query_782"}
2025-11-15 18:34:19-0500: Error: {"error":"Illegal move 174: F3","field":"moves","id":"query_783"}
2025-11-15 18:34:19-0500: Error: {"error":"Illegal move 174: F3","field":"moves","id":"query_784"}
2025-11-15 18:34:19-0500: Error: {"error":"Illegal move 174: F3","field":"moves","id":"query_785"}
2025-11-15 18:34:19-0500: Error: {"error":"Illegal move 174: F3","field":"moves","id":"query_786"}
2025-11-15 18:34:19-0500: Error: {"error":"Illegal move 174: F3","field":"moves","id":"query_787"}
2025-11-15 18:34:19-0500: Error: {"error":"Illegal move 174: F3","field":"moves","id":"query_788"}
2025-11-15 18:34:19-0500: Error: {"error":"Illegal move 174: F3","field":"moves","id":"query_789"}
2025-11-15 18:34:19-0500: Error: {"error":"Illegal move 174: F3","field":"moves","id":"query_790"}
2025-11-15 18:34:19-0500: Error: {"error":"Illegal move 174: F3","field":"moves","id":"query_791"}
2025-11-15 18:34:19-0500: Error: {"error":"Illegal move 174: F3","field":"moves","id":"query_792"}
2025-11-15 18:34:19-0500: Error: {"error":"Illegal move 174: F3","field":"moves","id":"query_793"}
2025-11-15 18:34:19-0500: Error: {"error":"Illegal move 174: F3","field":"moves","id":"query_794"}
2025-11-15 18:34:19-0500: Error: {"error":"Illegal move 174: F3","field":"moves","id":"query_795"}
2025-11-15 18:34:19-0500: Error: {"error":"Illegal move 174: F3","field":"moves","id":"query_796"}
2025-11-15 18:34:19-0500: Error: {"error":"Illegal move 174: F3","field":"moves","id":"query_797"}
2025-11-15 18:34:19-0500: Error: {"error":"Illegal move 174: F3","field":"moves","id":"query_798"}
2025-11-15 18:34:19-0500: Error: {"error":"Illegal move 174: F3","field":"moves","id":"query_799"}
2025-11-15 18:34:19-0500: Error: {"error":"Illegal move 174: F3","field":"moves","id":"query_800"}
2025-11-15 18:34:19-0500: Error: {"error":"Illegal move 174: F3","field":"moves","id":"query_801"}
2025-11-15 18:34:19-0500: Error: {"error":"Illegal move 174: F3","field":"moves","id":"query_802"}
2025-11-15 18:34:19-0500: Error: {"error":"Illegal move 174: F3","field":"moves","id":"query_803"}
2025-11-15 18:34:19-0500: Error: {"error":"Illegal move 174: F3","field":"moves","id":"query_804"}
2025-11-15 18:34:19-0500: Error: {"error":"Illegal move 174: F3","field":"moves","id":"query_805"}
2025-11-15 18:34:19-0500: Error: {"error":"Illegal move 174: F3","field":"moves","id":"query_806"}
2025-11-15 18:34:19-0500: Error: {"error":"Illegal move 174: F3","field":"moves","id":"query_807"}
2025-11-15 18:34:19-0500: Error: {"error":"Illegal move 174: F3","field":"moves","id":"query_808"}
2025-11-15 18:34:19-0500: Error: {"error":"Illegal move 174: F3","field":"moves","id":"query_809"}
2025-11-15 18:34:19-0500: Error: {"error":"Illegal move 174: F3","field":"moves","id":"query_810"}
2025-11-15 18:37:00-0500: Error: {"error":"Could not parse board location: A10","field":"moves","id":"query_855"}
2025-11-15 18:37:00-0500: Error: {"error":"Could not parse board location: A10","field":"moves","id":"query_856"}
2025-11-15 18:37:00-0500: Error: {"error":"Could not parse board location: A10","field":"moves","id":"query_857"}
2025-11-15 18:37:00-0500: Error: {"error":"Could not parse board location: A10","field":"moves","id":"query_858"}
2025-11-15 18:37:00-0500: Error: {"error":"Could not parse board location: A10","field":"moves","id":"query_859"}
2025-11-15 18:37:00-0500: Error: {"error":"Could not parse board location: A10","field":"moves","id":"query_860"}
2025-11-15 18:37:00-0500: Error: {"error":"Could not parse board location: A10","field":"moves","id":"query_861"}
2025-11-15 18:37:00-0500: Error: {"error":"Could not parse board location: A10","field":"moves","id":"query_862"}
2025-11-15 18:37:00-0500: Error: {"error":"Could not parse board location: A10","field":"moves","id":"query_863"}
2025-11-15 18:37:00-0500: Error: {"error":"Could not parse board location: A10","field":"moves","id":"query_864"}
2025-11-15 18:37:00-0500: Error: {"error":"Could not parse board location: A10","field":"moves","id":"query_865"}
2025-11-15 18:37:00-0500: Error: {"error":"Could not parse board location: A10","field":"moves","id":"query_866"}
2025-11-15 18:37:00-0500: Error: {"error":"Could not parse board location: A10","field":"moves","id":"query_867"}
2025-11-15 18:37:00-0500: Error: {"error":"Could not parse board location: A10","field":"moves","id":"query_868"}
2025-11-15 18:37:00-0500: Error: {"error":"Could not parse board location: A10","field":"moves","id":"query_869"}
2025-11-15 18:37:00-0500: Error: {"error":"Could not parse board location: A10","field":"moves","id":"query_870"}
2025-11-15 18:37:00-0500: Error: {"error":"Could not parse board location: A10","field":"moves","id":"query_871"}
2025-11-15 18:37:00-0500: Error: {"error":"Could not parse board location: A10","field":"moves","id":"query_872"}
2025-11-15 18:37:00-0500: Error: {"error":"Could not parse board location: A10","field":"moves","id":"query_873"}
2025-11-15 18:37:00-0500: Error: {"error":"Could not parse board location: A10","field":"moves","id":"query_874"}
2025-11-15 18:37:00-0500: Error: {"error":"Could not parse board location: A10","field":"moves","id":"query_875"}
2025-11-15 18:37:00-0500: Error: {"error":"Could not parse board location: A10","field":"moves","id":"query_876"}
2025-11-15 18:37:00-0500: Error: {"error":"Could not parse board location: A10","field":"moves","id":"query_877"}
2025-11-15 18:37:00-0500: Error: {"error":"Could not parse board location: A10","field":"moves","id":"query_878"}
2025-11-15 18:37:00-0500: Error: {"error":"Could not parse board location: A10","field":"moves","id":"query_879"}
2025-11-15 18:37:00-0500: Error: {"error":"Could not parse board location: A10","field":"moves","id":"query_880"}
2025-11-15 18:37:00-0500: Error: {"error":"Could not parse board location: A10","field":"moves","id":"query_881"}
2025-11-15 18:37:00-0500: Error: {"error":"Could not parse board location: A10","field":"moves","id":"query_882"}
2025-11-15 18:37:00-0500: Error: {"error":"Could not parse board location: A10","field":"moves","id":"query_883"}
2025-11-15 18:37:00-0500: Error: {"error":"Could not parse board location: A10","field":"moves","id":"query_884"}
2025-11-15 18:37:00-0500: Error: {"error":"Could not parse board location: A10","field":"moves","id":"query_885"}
2025-11-15 18:37:00-0500: Error: {"error":"Could not parse board location: A10","field":"moves","id":"query_886"}
2025-11-15 18:37:00-0500: Error: {"error":"Could not parse board location: A10","field":"moves","id":"query_887"}
2025-11-15 18:37:09-0500: Error: {"error":"Could not parse board location: J14","field":"moves","id":"query_890"}
2025-11-15 18:37:09-0500: Error: {"error":"Could not parse board location: J14","field":"moves","id":"query_891"}
2025-11-15 18:37:09-0500: Error: {"error":"Could not parse board location: J14","field":"moves","id":"query_892"}
2025-11-15 18:37:09-0500: Error: {"error":"Could not parse board location: J14","field":"moves","id":"query_893"}
2025-11-15 18:37:09-0500: Error: {"error":"Could not parse board location: J14","field":"moves","id":"query_894"}
2025-11-15 18:37:09-0500: Error: {"error":"Could not parse board location: J14","field":"moves","id":"query_895"}
2025-11-15 18:37:09-0500: Error: {"error":"Could not parse board location: J14","field":"moves","id":"query_896"}
2025-11-15 18:37:09-0500: Error: {"error":"Could not parse board location: J14","field":"moves","id":"query_897"}
2025-11-15 18:37:09-0500: Error: {"error":"Could not parse board location: J14","field":"moves","id":"query_898"}
2025-11-15 18:37:09-0500: Error: {"error":"Could not parse board location: J14","field":"moves","id":"query_899"}
2025-11-15 18:37:09-0500: Error: {"error":"Could not parse board location: J14","field":"moves","id":"query_900"}
2025-11-15 18:37:09-0500: Error: {"error":"Could not parse board location: J14","field":"moves","id":"query_901"}
2025-11-15 18:37:09-0500: Error: {"error":"Could not parse board location: J14","field":"moves","id":"query_902"}
2025-11-15 18:37:09-0500: Error: {"error":"Could not parse board location: J14","field":"moves","id":"query_903"}
2025-11-15 18:37:09-0500: Error: {"error":"Could not parse board location: J14","field":"moves","id":"query_904"}
2025-11-15 18:37:09-0500: Error: {"error":"Could not parse board location: J14","field":"moves","id":"query_905"}
2025-11-15 18:37:09-0500: Error: {"error":"Could not parse board location: J14","field":"moves","id":"query_906"}
2025-11-15 18:37:09-0500: Error: {"error":"Could not parse board location: J14","field":"moves","id":"query_907"}
2025-11-15 18:37:09-0500: Error: {"error":"Could not parse board location: J14","field":"moves","id":"query_908"}
2025-11-15 18:37:09-0500: Error: {"error":"Could not parse board location: J14","field":"moves","id":"query_909"}
2025-11-15 18:37:09-0500: Error: {"error":"Could not parse board location: J14","field":"moves","id":"query_910"}
2025-11-15 18:37:09-0500: Error: {"error":"Could not parse board location: J14","field":"moves","id":"query_911"}
2025-11-15 18:37:09-0500: Error: {"error":"Could not parse board location: J14","field":"moves","id":"query_912"}
2025-11-15 18:37:09-0500: Error: {"error":"Could not parse board location: J14","field":"moves","id":"query_913"}
2025-11-15 18:37:09-0500: Error: {"error":"Could not parse board location: J14","field":"moves","id":"query_914"}
2025-11-15 18:37:09-0500: Error: {"error":"Could not parse board location: J14","field":"moves","id":"query_915"}
2025-11-15 18:37:09-0500: Error: {"error":"Could not parse board location: J14","field":"moves","id":"query_916"}
2025-11-15 18:37:09-0500: Error: {"error":"Could not parse board location: J14","field":"moves","id":"query_917"}
2025-11-15 18:37:09-0500: Error: {"error":"Could not parse board location: J14","field":"moves","id":"query_918"}
2025-11-15 18:37:09-0500: Error: {"error":"Could not parse board location: J14","field":"moves","id":"query_919"}
2025-11-15 18:37:09-0500: Error: {"error":"Could not parse board location: J14","field":"moves","id":"query_920"}
2025-11-15 18:37:09-0500: Error: {"error":"Could not parse board location: J14","field":"moves","id":"query_921"}
2025-11-15 18:37:09-0500: Error: {"error":"Could not parse board location: J14","field":"moves","id":"query_922"}
2025-11-15 18:37:09-0500: Error: {"error":"Could not parse board location: J14","field":"moves","id":"query_923"}
2025-11-15 18:37:09-0500: Error: {"error":"Could not parse board location: J14","field":"moves","id":"query_924"}
2025-11-15 18:37:09-0500: Error: {"error":"Could not parse board location: J14","field":"moves","id":"query_925"}
2025-11-15 18:37:09-0500: Error: {"error":"Could not parse board location: J14","field":"moves","id":"query_926"}
2025-11-15 18:37:09-0500: Error: {"error":"Could not parse board location: J14","field":"moves","id":"query_927"}
2025-11-15 18:37:09-0500: Error: {"error":"Could not parse board location: J14","field":"moves","id":"query_928"}
2025-11-15 18:37:09-0500: Error: {"error":"Could not parse board location: J14","field":"moves","id":"query_929"}
2025-11-15 18:37:09-0500: Error: {"error":"Could not parse board location: J14","field":"moves","id":"query_930"}
2025-11-15 18:37:09-0500: Error: {"error":"Could not parse board location: J14","field":"moves","id":"query_931"}
2025-11-15 18:37:09-0500: Error: {"error":"Could not parse board location: J14","field":"moves","id":"query_932"}
2025-11-15 18:37:09-0500: Error: {"error":"Could not parse board location: J14","field":"moves","id":"query_933"}
2025-11-15 18:37:09-0500: Error: {"error":"Could not parse board location: J14","field":"moves","id":"query_934"}
2025-11-15 18:37:09-0500: Error: {"error":"Could not parse board location: J14","field":"moves","id":"query_935"}
2025-11-15 18:37:09-0500: Error: {"error":"Could not parse board location: J14","field":"moves","id":"query_936"}
2025-11-15 18:37:09-0500: Error: {"error":"Could not parse board location: J14","field":"moves","id":"query_937"}
2025-11-15 18:37:09-0500: Error: {"error":"Could not parse board location: J14","field":"moves","id":"query_938"}
2025-11-15 18:37:09-0500: Error: {"error":"Could not parse board location: J14","field":"moves","id":"query_939"}
2025-11-15 18:37:09-0500: Error: {"error":"Could not parse board location: J14","field":"moves","id":"query_940"}
2025-11-15 18:37:09-0500: Error: {"error":"Could not parse board location: J14","field":"moves","id":"query_941"}
2025-11-15 18:37:09-0500: Error: {"error":"Could not parse board location: J14","field":"moves","id":"query_942"}
2025-11-15 18:37:09-0500: Error: {"error":"Could not parse board location: J14","field":"moves","id":"query_943"}
2025-11-15 18:37:09-0500: Error: {"error":"Could not parse board location: J14","field":"moves","id":"query_944"}
2025-11-15 18:37:09-0500: Error: {"error":"Could not parse board location: J14","field":"moves","id":"query_945"}
2025-11-15 18:37:09-0500: Error: {"error":"Could not parse board location: J14","field":"moves","id":"query_946"}
2025-11-15 18:37:09-0500: Error: {"error":"Could not parse board location: J14","field":"moves","id":"query_947"}
2025-11-15 18:37:09-0500: Error: {"error":"Could not parse board location: J14","field":"moves","id":"query_948"}
2025-11-15 18:37:09-0500: Error: {"error":"Could not parse board location: J14","field":"moves","id":"query_949"}
2025-11-15 18:37:09-0500: Error: {"error":"Could not parse board location: J14","field":"moves","id":"query_950"}
2025-11-15 18:37:09-0500: Error: {"error":"Could not parse board location: J14","field":"moves","id":"query_951"}
2025-11-15 18:37:09-0500: Error: {"error":"Could not parse board location: J14","field":"moves","id":"query_952"}
2025-11-15 18:37:09-0500: Error: {"error":"Could not parse board location: J14","field":"moves","id":"query_953"}
2025-11-15 18:37:09-0500: Error: {"error":"Could not parse board location: J14","field":"moves","id":"query_954"}
2025-11-15 18:37:09-0500: Error: {"error":"Could not parse board location: J14","field":"moves","id":"query_955"}
2025-11-15 18:37:09-0500: Error: {"error":"Could not parse board location: J14","field":"moves","id":"query_956"}
2025-11-15 18:41:02-0500: Error: {"error":"Illegal move 264: C16","field":"moves","id":"query_1011"}
2025-11-15 18:41:02-0500: Error: {"error":"Illegal move 264: C16","field":"moves","id":"query_1012"}
2025-11-15 18:41:02-0500: Error: {"error":"Illegal move 264: C16","field":"moves","id":"query_1013"}
2025-11-15 18:41:02-0500: Error: {"error":"Illegal move 264: C16","field":"moves","id":"query_1014"}
2025-11-15 18:41:02-0500: Error: {"error":"Illegal move 264: C16","field":"moves","id":"query_1015"}
2025-11-15 18:41:02-0500: Error: {"error":"Illegal move 264: C16","field":"moves","id":"query_1016"}
2025-11-15 18:41:02-0500: Error: {"error":"Illegal move 264: C16","field":"moves","id":"query_1017"}
2025-11-15 18:41:02-0500: Error: {"error":"Illegal move 264: C16","field":"moves","id":"query_1018"}
2025-11-15 18:41:02-0500: Error: {"error":"Illegal move 264: C16","field":"moves","id":"query_1019"}
2025-11-15 18:41:02-0500: Error: {"error":"Illegal move 264: C16","field":"moves","id":"query_1020"}
2025-11-15 18:41:02-0500: Error: {"error":"Illegal move 264: C16","field":"moves","id":"query_1021"}
2025-11-15 18:41:02-0500: Error: {"error":"Illegal move 264: C16","field":"moves","id":"query_1022"}
2025-11-15 18:41:02-0500: Error: {"error":"Illegal move 264: C16","field":"moves","id":"query_1023"}
2025-11-15 18:41:02-0500: Error: {"error":"Illegal move 264: C16","field":"moves","id":"query_1024"}
2025-11-15 18:41:02-0500: Error: {"error":"Illegal move 264: C16","field":"moves","id":"query_1025"}
2025-11-15 18:41:02-0500: Error: {"error":"Illegal move 264: C16","field":"moves","id":"query_1026"}
2025-11-15 18:41:02-0500: Error: {"error":"Illegal move 264: C16","field":"moves","id":"query_1027"}
2025-11-15 18:41:02-0500: Error: {"error":"Illegal move 264: C16","field":"moves","id":"query_1028"}
2025-11-15 18:41:02-0500: Error: {"error":"Illegal move 264: C16","field":"moves","id":"query_1029"}
2025-11-15 18:41:02-0500: Error: {"error":"Illegal move 264: C16","field":"moves","id":"query_1030"}
2025-11-15 18:43:19-0500: Error: {"error":"Illegal move 155: D3","field":"moves","id":"query_1063"}
2025-11-15 18:43:19-0500: Error: {"error":"Illegal move 155: D3","field":"moves","id":"query_1064"}
2025-11-15 18:43:19-0500: Error: {"error":"Illegal move 155: D3","field":"moves","id":"query_1065"}
2025-11-15 18:43:19-0500: Error: {"error":"Illegal move 155: D3","field":"moves","id":"query_1066"}
2025-11-15 18:43:19-0500: Error: {"error":"Illegal move 155: D3","field":"moves","id":"query_1067"}
2025-11-15 18:43:19-0500: Error: {"error":"Illegal move 155: D3","field":"moves","id":"query_1068"}
2025-11-15 18:43:19-0500: Error: {"error":"Illegal move 155: D3","field":"moves","id":"query_1069"}
2025-11-15 18:43:19-0500: Error: {"error":"Illegal move 155: D3","field":"moves","id":"query_1070"}
2025-11-15 18:43:19-0500: Error: {"error":"Illegal move 155: D3","field":"moves","id":"query_1071"}
2025-11-15 18:43:19-0500: Error: {"error":"Illegal move 155: D3","field":"moves","id":"query_1072"}
2025-11-15 18:43:19-0500: Error: {"error":"Illegal move 155: D3","field":"moves","id":"query_1073"}
2025-11-15 18:43:19-0500: Error: {"error":"Illegal move 155: D3","field":"moves","id":"query_1074"}
2025-11-15 18:44:52-0500: Error: {"error":"Illegal move 108: E1","field":"moves","id":"query_1097"}
2025-11-15 18:44:52-0500: Error: {"error":"Illegal move 108: E1","field":"moves","id":"query_1098"}
2025-11-15 18:44:52-0500: Error: {"error":"Illegal move 108: E1","field":"moves","id":"query_1099"}
2025-11-15 18:44:52-0500: Error: {"error":"Illegal move 108: E1","field":"moves","id":"query_1100"}
2025-11-15 18:44:52-0500: Error: {"error":"Illegal move 108: E1","field":"moves","id":"query_1101"}
2025-11-15 18:44:52-0500: Error: {"error":"Illegal move 108: E1","field":"moves","id":"query_1102"}
2025-11-15 18:44:52-0500: Error: {"error":"Illegal move 108: E1","field":"moves","id":"query_1103"}
2025-11-15 18:44:52-0500: Error: {"error":"Illegal move 108: E1","field":"moves","id":"query_1104"}
2025-11-15 18:44:52-0500: Error: {"error":"Illegal move 108: E1","field":"moves","id":"query_1105"}
2025-11-15 18:44:52-0500: Error: {"error":"Illegal move 108: E1","field":"moves","id":"query_1106"}
2025-11-15 18:44:52-0500: Error: {"error":"Illegal move 108: E1","field":"moves","id":"query_1107"}
2025-11-15 18:47:03-0500: Error: {"error":"Illegal move 142: B1","field":"moves","id":"query_1138"}
2025-11-15 18:47:03-0500: Error: {"error":"Illegal move 142: B1","field":"moves","id":"query_1139"}
2025-11-15 18:47:03-0500: Error: {"error":"Illegal move 142: B1","field":"moves","id":"query_1140"}
2025-11-15 18:47:03-0500: Error: {"error":"Illegal move 142: B1","field":"moves","id":"query_1141"}
2025-11-15 18:47:03-0500: Error: {"error":"Illegal move 142: B1","field":"moves","id":"query_1142"}
2025-11-15 18:47:03-0500: Error: {"error":"Illegal move 142: B1","field":"moves","id":"query_1143"}
2025-11-15 18:47:03-0500: Error: {"error":"Illegal move 142: B1","field":"moves","id":"query_1144"}
2025-11-15 18:47:03-0500: Error: {"error":"Illegal move 142: B1","field":"moves","id":"query_1145"}
2025-11-15 18:47:03-0500: Error: {"error":"Illegal move 142: B1","field":"moves","id":"query_1146"}
2025-11-15 18:47:03-0500: Error: {"error":"Illegal move 142: B1","field":"moves","id":"query_1147"}
2025-11-15 18:47:03-0500: Error: {"error":"Illegal move 142: B1","field":"moves","id":"query_1148"}
2025-11-15 18:47:03-0500: Error: {"error":"Illegal move 142: B1","field":"moves","id":"query_1149"}
2025-11-15 18:47:03-0500: Error: {"error":"Illegal move 142: B1","field":"moves","id":"query_1150"}
2025-11-15 18:47:03-0500: Error: {"error":"Illegal move 142: B1","field":"moves","id":"query_1151"}
2025-11-15 18:47:03-0500: Error: {"error":"Illegal move 142: B1","field":"moves","id":"query_1152"}
2025-11-15 18:47:03-0500: Error: {"error":"Illegal move 142: B1","field":"moves","id":"query_1153"}
2025-11-15 18:47:03-0500: Error: {"error":"Illegal move 142: B1","field":"moves","id":"query_1154"}
2025-11-15 18:47:03-0500: Error: {"error":"Illegal move 142: B1","field":"moves","id":"query_1155"}
2025-11-15 18:49:38-0500: Error: {"error":"Illegal move 168: E5","field":"moves","id":"query_1190"}
2025-11-15 18:49:38-0500: Error: {"error":"Illegal move 168: E5","field":"moves","id":"query_1191"}
2025-11-15 18:49:38-0500: Error: {"error":"Illegal move 168: E5","field":"moves","id":"query_1192"}
2025-11-15 18:49:38-0500: Error: {"error":"Illegal move 168: E5","field":"moves","id":"query_1193"}
2025-11-15 18:49:38-0500: Error: {"error":"Illegal move 168: E5","field":"moves","id":"query_1194"}
2025-11-15 18:49:38-0500: Error: {"error":"Illegal move 168: E5","field":"moves","id":"query_1195"}
2025-11-15 18:49:38-0500: Error: {"error":"Illegal move 168: E5","field":"moves","id":"query_1196"}
2025-11-15 18:49:38-0500: Error: {"error":"Illegal move 168: E5","field":"moves","id":"query_1197"}
2025-11-15 18:49:38-0500: Error: {"error":"Illegal move 168: E5","field":"moves","id":"query_1198"}
2025-11-15 18:49:38-0500: Error: {"error":"Illegal move 168: E5","field":"moves","id":"query_1199"}
2025-11-15 18:49:38-0500: Error: {"error":"Illegal move 168: E5","field":"moves","id":"query_1200"}
2025-11-15 18:49:38-0500: Error: {"error":"Illegal move 168: E5","field":"moves","id":"query_1201"}
2025-11-15 18:49:38-0500: Error: {"error":"Illegal move 168: E5","field":"moves","id":"query_1202"}
2025-11-15 18:49:38-0500: Error: {"error":"Illegal move 168: E5","field":"moves","id":"query_1203"}
2025-11-15 18:49:38-0500: Error: {"error":"Illegal move 168: E5","field":"moves","id":"query_1204"}
2025-11-15 18:49:38-0500: Error: {"error":"Illegal move 168: E5","field":"moves","id":"query_1205"}
2025-11-15 18:49:38-0500: Error: {"error":"Illegal move 168: E5","field":"moves","id":"query_1206"}
2025-11-15 18:49:38-0500: Error: {"error":"Illegal move 168: E5","field":"moves","id":"query_1207"}
2025-11-15 18:49:38-0500: Error: {"error":"Illegal move 168: E5","field":"moves","id":"query_1208"}
2025-11-15 18:49:38-0500: Error: {"error":"Illegal move 168: E5","field":"moves","id":"query_1209"}
2025-11-15 18:49:38-0500: Error: {"error":"Illegal move 168: E5","field":"moves","id":"query_1210"}
2025-11-15 18:49:38-0500: Error: {"error":"Illegal move 168: E5","field":"moves","id":"query_1211"}
2025-11-15 18:49:38-0500: Error: {"error":"Illegal move 168: E5","field":"moves","id":"query_1212"}
2025-11-15 18:49:38-0500: Error: {"error":"Illegal move 168: E5","field":"moves","id":"query_1213"}
2025-11-15 18:49:38-0500: Error: {"error":"Illegal move 168: E5","field":"moves","id":"query_1214"}
2025-11-15 18:49:38-0500: Error: {"error":"Illegal move 168: E5","field":"moves","id":"query_1215"}
2025-11-15 18:49:38-0500: Error: {"error":"Illegal move 168: E5","field":"moves","id":"query_1216"}
2025-11-15 18:49:38-0500: Error: {"error":"Illegal move 168: E5","field":"moves","id":"query_1217"}
2025-11-15 18:49:38-0500: Error: {"error":"Illegal move 168: E5","field":"moves","id":"query_1218"}
2025-11-15 18:49:38-0500: Error: {"error":"Illegal move 168: E5","field":"moves","id":"query_1219"}
2025-11-15 18:49:38-0500: Error: {"error":"Illegal move 168: E5","field":"moves","id":"query_1220"}
2025-11-15 18:49:38-0500: Error: {"error":"Illegal move 168: E5","field":"moves","id":"query_1221"}
2025-11-15 18:49:38-0500: Error: {"error":"Illegal move 168: E5","field":"moves","id":"query_1222"}
2025-11-15 18:55:32-0500: Error: {"error":"Illegal move 400: D11","field":"moves","id":"query_1304"}
2025-11-15 18:55:32-0500: Error: {"error":"Illegal move 400: D11","field":"moves","id":"query_1305"}
2025-11-15 18:55:32-0500: Error: {"error":"Illegal move 400: D11","field":"moves","id":"query_1306"}
2025-11-15 18:55:32-0500: Error: {"error":"Illegal move 400: D11","field":"moves","id":"query_1307"}
2025-11-15 18:55:32-0500: Error: {"error":"Illegal move 400: D11","field":"moves","id":"query_1308"}
2025-11-15 18:55:32-0500: Error: {"error":"Illegal move 400: D11","field":"moves","id":"query_1309"}
2025-11-15 18:55:32-0500: Error: {"error":"Illegal move 400: D11","field":"moves","id":"query_1310"}
2025-11-15 18:55:32-0500: Error: {"error":"Illegal move 400: D11","field":"moves","id":"query_1311"}
2025-11-15 18:55:32-0500: Error: {"error":"Illegal move 400: D11","field":"moves","id":"query_1312"}
2025-11-15 18:55:32-0500: Error: {"error":"Illegal move 400: D11","field":"moves","id":"query_1313"}
2025-11-15 18:55:32-0500: Error: {"error":"Illegal move 400: D11","field":"moves","id":"query_1314"}
2025-11-15 18:55:32-0500: Error: {"error":"Illegal move 400: D11","field":"moves","id":"query_1315"}
2025-11-15 18:55:32-0500: Error: {"error":"Illegal move 400: D11","field":"moves","id":"query_1316"}
2025-11-15 18:55:32-0500: Error: {"error":"Illegal move 400: D11","field":"moves","id":"query_1317"}
2025-11-15 18:55:32-0500: Error: {"error":"Illegal move 400: D11","field":"moves","id":"query_1318"}
2025-11-15 18:55:32-0500: Error: {"error":"Illegal move 400: D11","field":"moves","id":"query_1319"}
2025-11-15 18:55:32-0500: Error: {"error":"Illegal move 400: D11","field":"moves","id":"query_1320"}
2025-11-15 18:55:32-0500: Error: {"error":"Illegal move 400: D11","field":"moves","id":"query_1321"}
2025-11-15 18:55:32-0500: Error: {"error":"Illegal move 400: D11","field":"moves","id":"query_1322"}
2025-11-15 19:00:42-0500: Error: {"error":"Illegal move 337: A9","field":"moves","id":"query_1392"}
2025-11-15 19:00:42-0500: Error: {"error":"Illegal move 337: A9","field":"moves","id":"query_1393"}
2025-11-15 19:00:42-0500: Error: {"error":"Illegal move 337: A9","field":"moves","id":"query_1394"}
2025-11-15 19:00:42-0500: Error: {"error":"Illegal move 337: A9","field":"moves","id":"query_1395"}
